[0.125s] Invoking command in '/home/jezzy/yolobot/build/husky_control': /usr/bin/cmake /home/jezzy/yolobot/src/husky/husky_control -DCATKIN_INSTALL_INTO_PREFIX_ROOT=0 -DCMAKE_INSTALL_PREFIX=/home/jezzy/yolobot/install/husky_control
[2.669s] -- Configuring incomplete, errors occurred!
[2.669s] See also "/home/jezzy/yolobot/build/husky_control/CMakeFiles/CMakeOutput.log".
[2.670s] [31mCMake Error at CMakeLists.txt:4 (find_package):
[2.671s]   By not providing "Findcatkin.cmake" in CMAKE_MODULE_PATH this project has
[2.671s]   asked CMake to find a package configuration file provided by "catkin", but
[2.671s]   CMake did not find one.
[2.672s] 
[2.672s]   Could not find a package configuration file provided by "catkin" with any
[2.672s]   of the following names:
[2.672s] 
[2.673s]     catkinConfig.cmake
[2.673s]     catkin-config.cmake
[2.673s] 
[2.673s]   Add the installation prefix of "catkin" to CMAKE_PREFIX_PATH or set
[2.675s]   "catkin_DIR" to a directory containing one of the above files.  If "catkin"
[2.675s]   provides a separate development package or SDK, be sure it has been
[2.675s]   installed.
[2.675s] 
[2.675s] [0m
[2.683s] Invoked command in '/home/jezzy/yolobot/build/husky_control' returned '1': /usr/bin/cmake /home/jezzy/yolobot/src/husky/husky_control -DCATKIN_INSTALL_INTO_PREFIX_ROOT=0 -DCMAKE_INSTALL_PREFIX=/home/jezzy/yolobot/install/husky_control
