[0.086s] Invoking command in '/home/jezzy/yolobot/build/velodyne_msgs': CMAKE_PREFIX_PATH=${CMAKE_PREFIX_PATH}:/home/jezzy/yolobot/install/yolobot_fusion:/home/jezzy/yolobot/install/yolobot_navigation:/home/jezzy/husky_ws/lintic/install/yolosed:/home/jezzy/husky_ws/lintic/install/visual:/home/jezzy/husky_ws/lintic/install/segnet:/home/jezzy/husky_ws/turtlebot3/install/turtlebot3_teleop:/home/jezzy/husky_ws/turtlebot3/install/turtlebot3_example:/home/jezzy/husky_ws/turtlebot3/install/segtect:/home/jezzy/husky_ws/turtlebot3/install/autonomous_exploration:/opt/ros/humble /usr/bin/cmake --build /home/jezzy/yolobot/build/velodyne_msgs -- -j4 -l4
[0.630s] [ 10%] Built target velodyne_msgs__rosidl_generator_c
[0.644s] [ 12%] Built target velodyne_msgs__cpp
[0.722s] [ 12%] Built target ament_cmake_python_copy_velodyne_msgs
[0.737s] [ 23%] Built target velodyne_msgs__rosidl_typesupport_introspection_c
[0.766s] [ 33%] Built target velodyne_msgs__rosidl_typesupport_fastrtps_c
[0.790s] [ 43%] Built target velodyne_msgs__rosidl_typesupport_c
[0.863s] [ 53%] Built target velodyne_msgs__rosidl_typesupport_introspection_cpp
[0.924s] [ 64%] Built target velodyne_msgs__rosidl_typesupport_cpp
[0.936s] [ 74%] Built target velodyne_msgs__rosidl_typesupport_fastrtps_cpp
[1.039s] [ 74%] Built target velodyne_msgs
[1.143s] [ 76%] Built target velodyne_msgs__py
[1.375s] [ 84%] Built target velodyne_msgs__rosidl_generator_py
[1.633s] [ 89%] Built target velodyne_msgs__rosidl_typesupport_c__pyext
[1.679s] [ 94%] Built target velodyne_msgs__rosidl_typesupport_introspection_c__pyext
[1.682s] [100%] Built target velodyne_msgs__rosidl_typesupport_fastrtps_c__pyext
[2.748s] running egg_info
[2.753s] writing velodyne_msgs.egg-info/PKG-INFO
[2.754s] writing dependency_links to velodyne_msgs.egg-info/dependency_links.txt
[2.756s] writing top-level names to velodyne_msgs.egg-info/top_level.txt
[2.778s] reading manifest file 'velodyne_msgs.egg-info/SOURCES.txt'
[2.780s] writing manifest file 'velodyne_msgs.egg-info/SOURCES.txt'
[2.860s] [100%] Built target ament_cmake_python_build_velodyne_msgs_egg
[2.901s] Invoked command in '/home/jezzy/yolobot/build/velodyne_msgs' returned '0': CMAKE_PREFIX_PATH=${CMAKE_PREFIX_PATH}:/home/jezzy/yolobot/install/yolobot_fusion:/home/jezzy/yolobot/install/yolobot_navigation:/home/jezzy/husky_ws/lintic/install/yolosed:/home/jezzy/husky_ws/lintic/install/visual:/home/jezzy/husky_ws/lintic/install/segnet:/home/jezzy/husky_ws/turtlebot3/install/turtlebot3_teleop:/home/jezzy/husky_ws/turtlebot3/install/turtlebot3_example:/home/jezzy/husky_ws/turtlebot3/install/segtect:/home/jezzy/husky_ws/turtlebot3/install/autonomous_exploration:/opt/ros/humble /usr/bin/cmake --build /home/jezzy/yolobot/build/velodyne_msgs -- -j4 -l4
[2.905s] Invoking command in '/home/jezzy/yolobot/build/velodyne_msgs': CMAKE_PREFIX_PATH=${CMAKE_PREFIX_PATH}:/home/jezzy/yolobot/install/yolobot_fusion:/home/jezzy/yolobot/install/yolobot_navigation:/home/jezzy/husky_ws/lintic/install/yolosed:/home/jezzy/husky_ws/lintic/install/visual:/home/jezzy/husky_ws/lintic/install/segnet:/home/jezzy/husky_ws/turtlebot3/install/turtlebot3_teleop:/home/jezzy/husky_ws/turtlebot3/install/turtlebot3_example:/home/jezzy/husky_ws/turtlebot3/install/segtect:/home/jezzy/husky_ws/turtlebot3/install/autonomous_exploration:/opt/ros/humble /usr/bin/cmake --install /home/jezzy/yolobot/build/velodyne_msgs
[2.928s] -- Install configuration: ""
[2.928s] -- Up-to-date: /home/jezzy/yolobot/install/velodyne_msgs/share/ament_index/resource_index/rosidl_interfaces/velodyne_msgs
[2.928s] -- Up-to-date: /home/jezzy/yolobot/install/velodyne_msgs/include/velodyne_msgs/velodyne_msgs
[2.929s] -- Up-to-date: /home/jezzy/yolobot/install/velodyne_msgs/include/velodyne_msgs/velodyne_msgs/msg
[2.929s] -- Up-to-date: /home/jezzy/yolobot/install/velodyne_msgs/include/velodyne_msgs/velodyne_msgs/msg/velodyne_scan.h
[2.929s] -- Up-to-date: /home/jezzy/yolobot/install/velodyne_msgs/include/velodyne_msgs/velodyne_msgs/msg/rosidl_generator_c__visibility_control.h
[2.929s] -- Up-to-date: /home/jezzy/yolobot/install/velodyne_msgs/include/velodyne_msgs/velodyne_msgs/msg/velodyne_packet.h
[2.930s] -- Up-to-date: /home/jezzy/yolobot/install/velodyne_msgs/include/velodyne_msgs/velodyne_msgs/msg/detail
[2.930s] -- Up-to-date: /home/jezzy/yolobot/install/velodyne_msgs/include/velodyne_msgs/velodyne_msgs/msg/detail/velodyne_packet__struct.h
[2.930s] -- Up-to-date: /home/jezzy/yolobot/install/velodyne_msgs/include/velodyne_msgs/velodyne_msgs/msg/detail/velodyne_scan__type_support.h
[2.930s] -- Up-to-date: /home/jezzy/yolobot/install/velodyne_msgs/include/velodyne_msgs/velodyne_msgs/msg/detail/velodyne_scan__functions.h
[2.931s] -- Up-to-date: /home/jezzy/yolobot/install/velodyne_msgs/include/velodyne_msgs/velodyne_msgs/msg/detail/velodyne_packet__type_support.h
[2.931s] -- Up-to-date: /home/jezzy/yolobot/install/velodyne_msgs/include/velodyne_msgs/velodyne_msgs/msg/detail/velodyne_scan__struct.h
[2.931s] -- Up-to-date: /home/jezzy/yolobot/install/velodyne_msgs/include/velodyne_msgs/velodyne_msgs/msg/detail/velodyne_packet__functions.h
[2.931s] -- Up-to-date: /home/jezzy/yolobot/install/velodyne_msgs/include/velodyne_msgs/velodyne_msgs/msg/detail/velodyne_scan__functions.c
[2.932s] -- Up-to-date: /home/jezzy/yolobot/install/velodyne_msgs/include/velodyne_msgs/velodyne_msgs/msg/detail/velodyne_packet__functions.c
[2.932s] -- Up-to-date: /home/jezzy/yolobot/install/velodyne_msgs/share/velodyne_msgs/environment/library_path.sh
[2.932s] -- Up-to-date: /home/jezzy/yolobot/install/velodyne_msgs/share/velodyne_msgs/environment/library_path.dsv
[2.942s] -- Up-to-date: /home/jezzy/yolobot/install/velodyne_msgs/lib/libvelodyne_msgs__rosidl_generator_c.so
[2.943s] -- Up-to-date: /home/jezzy/yolobot/install/velodyne_msgs/include/velodyne_msgs/velodyne_msgs
[2.944s] -- Up-to-date: /home/jezzy/yolobot/install/velodyne_msgs/include/velodyne_msgs/velodyne_msgs/msg
[2.944s] -- Up-to-date: /home/jezzy/yolobot/install/velodyne_msgs/include/velodyne_msgs/velodyne_msgs/msg/detail
[2.945s] -- Up-to-date: /home/jezzy/yolobot/install/velodyne_msgs/include/velodyne_msgs/velodyne_msgs/msg/detail/velodyne_scan__rosidl_typesupport_fastrtps_c.h
[2.945s] -- Up-to-date: /home/jezzy/yolobot/install/velodyne_msgs/include/velodyne_msgs/velodyne_msgs/msg/detail/velodyne_packet__rosidl_typesupport_fastrtps_c.h
[2.946s] -- Up-to-date: /home/jezzy/yolobot/install/velodyne_msgs/include/velodyne_msgs/velodyne_msgs/msg/rosidl_typesupport_fastrtps_c__visibility_control.h
[2.960s] -- Up-to-date: /home/jezzy/yolobot/install/velodyne_msgs/lib/libvelodyne_msgs__rosidl_typesupport_fastrtps_c.so
[2.962s] -- Up-to-date: /home/jezzy/yolobot/install/velodyne_msgs/include/velodyne_msgs/velodyne_msgs
[2.963s] -- Up-to-date: /home/jezzy/yolobot/install/velodyne_msgs/include/velodyne_msgs/velodyne_msgs/msg
[2.963s] -- Up-to-date: /home/jezzy/yolobot/install/velodyne_msgs/include/velodyne_msgs/velodyne_msgs/msg/detail
[2.964s] -- Up-to-date: /home/jezzy/yolobot/install/velodyne_msgs/include/velodyne_msgs/velodyne_msgs/msg/detail/velodyne_packet__traits.hpp
[2.966s] -- Up-to-date: /home/jezzy/yolobot/install/velodyne_msgs/include/velodyne_msgs/velodyne_msgs/msg/detail/velodyne_packet__struct.hpp
[2.966s] -- Up-to-date: /home/jezzy/yolobot/install/velodyne_msgs/include/velodyne_msgs/velodyne_msgs/msg/detail/velodyne_scan__traits.hpp
[2.967s] -- Up-to-date: /home/jezzy/yolobot/install/velodyne_msgs/include/velodyne_msgs/velodyne_msgs/msg/detail/velodyne_packet__builder.hpp
[2.968s] -- Up-to-date: /home/jezzy/yolobot/install/velodyne_msgs/include/velodyne_msgs/velodyne_msgs/msg/detail/velodyne_scan__builder.hpp
[2.969s] -- Up-to-date: /home/jezzy/yolobot/install/velodyne_msgs/include/velodyne_msgs/velodyne_msgs/msg/detail/velodyne_packet__type_support.hpp
[2.972s] -- Up-to-date: /home/jezzy/yolobot/install/velodyne_msgs/include/velodyne_msgs/velodyne_msgs/msg/detail/velodyne_scan__struct.hpp
[2.973s] -- Up-to-date: /home/jezzy/yolobot/install/velodyne_msgs/include/velodyne_msgs/velodyne_msgs/msg/detail/velodyne_scan__type_support.hpp
[2.973s] -- Up-to-date: /home/jezzy/yolobot/install/velodyne_msgs/include/velodyne_msgs/velodyne_msgs/msg/velodyne_packet.hpp
[2.975s] -- Up-to-date: /home/jezzy/yolobot/install/velodyne_msgs/include/velodyne_msgs/velodyne_msgs/msg/rosidl_generator_cpp__visibility_control.hpp
[2.978s] -- Up-to-date: /home/jezzy/yolobot/install/velodyne_msgs/include/velodyne_msgs/velodyne_msgs/msg/velodyne_scan.hpp
[2.985s] -- Up-to-date: /home/jezzy/yolobot/install/velodyne_msgs/include/velodyne_msgs/velodyne_msgs
[2.986s] -- Up-to-date: /home/jezzy/yolobot/install/velodyne_msgs/include/velodyne_msgs/velodyne_msgs/msg
[2.986s] -- Up-to-date: /home/jezzy/yolobot/install/velodyne_msgs/include/velodyne_msgs/velodyne_msgs/msg/rosidl_typesupport_fastrtps_cpp__visibility_control.h
[2.986s] -- Up-to-date: /home/jezzy/yolobot/install/velodyne_msgs/include/velodyne_msgs/velodyne_msgs/msg/detail
[2.987s] -- Up-to-date: /home/jezzy/yolobot/install/velodyne_msgs/include/velodyne_msgs/velodyne_msgs/msg/detail/velodyne_packet__rosidl_typesupport_fastrtps_cpp.hpp
[2.987s] -- Up-to-date: /home/jezzy/yolobot/install/velodyne_msgs/include/velodyne_msgs/velodyne_msgs/msg/detail/velodyne_scan__rosidl_typesupport_fastrtps_cpp.hpp
[2.987s] -- Up-to-date: /home/jezzy/yolobot/install/velodyne_msgs/include/velodyne_msgs/velodyne_msgs/msg/detail/dds_fastrtps
[2.987s] -- Up-to-date: /home/jezzy/yolobot/install/velodyne_msgs/lib/libvelodyne_msgs__rosidl_typesupport_fastrtps_cpp.so
[2.988s] -- Up-to-date: /home/jezzy/yolobot/install/velodyne_msgs/include/velodyne_msgs/velodyne_msgs
[2.988s] -- Up-to-date: /home/jezzy/yolobot/install/velodyne_msgs/include/velodyne_msgs/velodyne_msgs/msg
[2.988s] -- Up-to-date: /home/jezzy/yolobot/install/velodyne_msgs/include/velodyne_msgs/velodyne_msgs/msg/rosidl_typesupport_introspection_c__visibility_control.h
[2.989s] -- Up-to-date: /home/jezzy/yolobot/install/velodyne_msgs/include/velodyne_msgs/velodyne_msgs/msg/detail
[2.989s] -- Up-to-date: /home/jezzy/yolobot/install/velodyne_msgs/include/velodyne_msgs/velodyne_msgs/msg/detail/velodyne_scan__type_support.c
[2.989s] -- Up-to-date: /home/jezzy/yolobot/install/velodyne_msgs/include/velodyne_msgs/velodyne_msgs/msg/detail/velodyne_scan__rosidl_typesupport_introspection_c.h
[2.989s] -- Up-to-date: /home/jezzy/yolobot/install/velodyne_msgs/include/velodyne_msgs/velodyne_msgs/msg/detail/velodyne_packet__type_support.c
[2.990s] -- Up-to-date: /home/jezzy/yolobot/install/velodyne_msgs/include/velodyne_msgs/velodyne_msgs/msg/detail/velodyne_packet__rosidl_typesupport_introspection_c.h
[3.001s] -- Up-to-date: /home/jezzy/yolobot/install/velodyne_msgs/lib/libvelodyne_msgs__rosidl_typesupport_introspection_c.so
[3.002s] -- Up-to-date: /home/jezzy/yolobot/install/velodyne_msgs/lib/libvelodyne_msgs__rosidl_typesupport_c.so
[3.002s] -- Up-to-date: /home/jezzy/yolobot/install/velodyne_msgs/include/velodyne_msgs/velodyne_msgs
[3.003s] -- Up-to-date: /home/jezzy/yolobot/install/velodyne_msgs/include/velodyne_msgs/velodyne_msgs/msg
[3.003s] -- Up-to-date: /home/jezzy/yolobot/install/velodyne_msgs/include/velodyne_msgs/velodyne_msgs/msg/detail
[3.004s] -- Up-to-date: /home/jezzy/yolobot/install/velodyne_msgs/include/velodyne_msgs/velodyne_msgs/msg/detail/velodyne_packet__rosidl_typesupport_introspection_cpp.hpp
[3.004s] -- Up-to-date: /home/jezzy/yolobot/install/velodyne_msgs/include/velodyne_msgs/velodyne_msgs/msg/detail/velodyne_scan__type_support.cpp
[3.005s] -- Up-to-date: /home/jezzy/yolobot/install/velodyne_msgs/include/velodyne_msgs/velodyne_msgs/msg/detail/velodyne_packet__type_support.cpp
[3.005s] -- Up-to-date: /home/jezzy/yolobot/install/velodyne_msgs/include/velodyne_msgs/velodyne_msgs/msg/detail/velodyne_scan__rosidl_typesupport_introspection_cpp.hpp
[3.005s] -- Up-to-date: /home/jezzy/yolobot/install/velodyne_msgs/lib/libvelodyne_msgs__rosidl_typesupport_introspection_cpp.so
[3.005s] -- Up-to-date: /home/jezzy/yolobot/install/velodyne_msgs/lib/libvelodyne_msgs__rosidl_typesupport_cpp.so
[3.006s] -- Up-to-date: /home/jezzy/yolobot/install/velodyne_msgs/share/velodyne_msgs/environment/pythonpath.sh
[3.006s] -- Up-to-date: /home/jezzy/yolobot/install/velodyne_msgs/share/velodyne_msgs/environment/pythonpath.dsv
[3.006s] -- Up-to-date: /home/jezzy/yolobot/install/velodyne_msgs/local/lib/python3.10/dist-packages/velodyne_msgs-2.5.1-py3.10.egg-info
[3.007s] -- Installing: /home/jezzy/yolobot/install/velodyne_msgs/local/lib/python3.10/dist-packages/velodyne_msgs-2.5.1-py3.10.egg-info/top_level.txt
[3.007s] -- Installing: /home/jezzy/yolobot/install/velodyne_msgs/local/lib/python3.10/dist-packages/velodyne_msgs-2.5.1-py3.10.egg-info/SOURCES.txt
[3.007s] -- Installing: /home/jezzy/yolobot/install/velodyne_msgs/local/lib/python3.10/dist-packages/velodyne_msgs-2.5.1-py3.10.egg-info/dependency_links.txt
[3.007s] -- Installing: /home/jezzy/yolobot/install/velodyne_msgs/local/lib/python3.10/dist-packages/velodyne_msgs-2.5.1-py3.10.egg-info/PKG-INFO
[3.008s] -- Up-to-date: /home/jezzy/yolobot/install/velodyne_msgs/local/lib/python3.10/dist-packages/velodyne_msgs
[3.008s] -- Up-to-date: /home/jezzy/yolobot/install/velodyne_msgs/local/lib/python3.10/dist-packages/velodyne_msgs/_velodyne_msgs_s.ep.rosidl_typesupport_introspection_c.c
[3.008s] -- Up-to-date: /home/jezzy/yolobot/install/velodyne_msgs/local/lib/python3.10/dist-packages/velodyne_msgs/_velodyne_msgs_s.ep.rosidl_typesupport_fastrtps_c.c
[3.009s] -- Up-to-date: /home/jezzy/yolobot/install/velodyne_msgs/local/lib/python3.10/dist-packages/velodyne_msgs/velodyne_msgs_s__rosidl_typesupport_fastrtps_c.cpython-310-x86_64-linux-gnu.so
[3.011s] -- Up-to-date: /home/jezzy/yolobot/install/velodyne_msgs/local/lib/python3.10/dist-packages/velodyne_msgs/msg
[3.013s] -- Up-to-date: /home/jezzy/yolobot/install/velodyne_msgs/local/lib/python3.10/dist-packages/velodyne_msgs/msg/_velodyne_scan.py
[3.015s] -- Up-to-date: /home/jezzy/yolobot/install/velodyne_msgs/local/lib/python3.10/dist-packages/velodyne_msgs/msg/_velodyne_scan_s.c
[3.016s] -- Up-to-date: /home/jezzy/yolobot/install/velodyne_msgs/local/lib/python3.10/dist-packages/velodyne_msgs/msg/_velodyne_packet_s.c
[3.016s] -- Up-to-date: /home/jezzy/yolobot/install/velodyne_msgs/local/lib/python3.10/dist-packages/velodyne_msgs/msg/__init__.py
[3.016s] -- Up-to-date: /home/jezzy/yolobot/install/velodyne_msgs/local/lib/python3.10/dist-packages/velodyne_msgs/msg/_velodyne_packet.py
[3.017s] -- Up-to-date: /home/jezzy/yolobot/install/velodyne_msgs/local/lib/python3.10/dist-packages/velodyne_msgs/velodyne_msgs_s__rosidl_typesupport_c.cpython-310-x86_64-linux-gnu.so
[3.018s] -- Up-to-date: /home/jezzy/yolobot/install/velodyne_msgs/local/lib/python3.10/dist-packages/velodyne_msgs/_velodyne_msgs_s.ep.rosidl_typesupport_c.c
[3.019s] -- Up-to-date: /home/jezzy/yolobot/install/velodyne_msgs/local/lib/python3.10/dist-packages/velodyne_msgs/velodyne_msgs_s__rosidl_typesupport_introspection_c.cpython-310-x86_64-linux-gnu.so
[3.019s] -- Up-to-date: /home/jezzy/yolobot/install/velodyne_msgs/local/lib/python3.10/dist-packages/velodyne_msgs/libvelodyne_msgs__rosidl_generator_py.so
[3.020s] -- Up-to-date: /home/jezzy/yolobot/install/velodyne_msgs/local/lib/python3.10/dist-packages/velodyne_msgs/__init__.py
[3.233s] Listing '/home/jezzy/yolobot/install/velodyne_msgs/local/lib/python3.10/dist-packages/velodyne_msgs'...
[3.233s] Listing '/home/jezzy/yolobot/install/velodyne_msgs/local/lib/python3.10/dist-packages/velodyne_msgs/msg'...
[3.249s] -- Up-to-date: /home/jezzy/yolobot/install/velodyne_msgs/local/lib/python3.10/dist-packages/velodyne_msgs/velodyne_msgs_s__rosidl_typesupport_fastrtps_c.cpython-310-x86_64-linux-gnu.so
[3.268s] -- Up-to-date: /home/jezzy/yolobot/install/velodyne_msgs/local/lib/python3.10/dist-packages/velodyne_msgs/velodyne_msgs_s__rosidl_typesupport_introspection_c.cpython-310-x86_64-linux-gnu.so
[3.271s] -- Up-to-date: /home/jezzy/yolobot/install/velodyne_msgs/local/lib/python3.10/dist-packages/velodyne_msgs/velodyne_msgs_s__rosidl_typesupport_c.cpython-310-x86_64-linux-gnu.so
[3.280s] -- Up-to-date: /home/jezzy/yolobot/install/velodyne_msgs/lib/libvelodyne_msgs__rosidl_generator_py.so
[3.280s] -- Up-to-date: /home/jezzy/yolobot/install/velodyne_msgs/share/velodyne_msgs/msg/VelodynePacket.idl
[3.280s] -- Up-to-date: /home/jezzy/yolobot/install/velodyne_msgs/share/velodyne_msgs/msg/VelodyneScan.idl
[3.281s] -- Up-to-date: /home/jezzy/yolobot/install/velodyne_msgs/share/velodyne_msgs/msg/VelodynePacket.msg
[3.281s] -- Up-to-date: /home/jezzy/yolobot/install/velodyne_msgs/share/velodyne_msgs/msg/VelodyneScan.msg
[3.282s] -- Up-to-date: /home/jezzy/yolobot/install/velodyne_msgs/share/ament_index/resource_index/package_run_dependencies/velodyne_msgs
[3.282s] -- Up-to-date: /home/jezzy/yolobot/install/velodyne_msgs/share/ament_index/resource_index/parent_prefix_path/velodyne_msgs
[3.282s] -- Up-to-date: /home/jezzy/yolobot/install/velodyne_msgs/share/velodyne_msgs/environment/ament_prefix_path.sh
[3.283s] -- Up-to-date: /home/jezzy/yolobot/install/velodyne_msgs/share/velodyne_msgs/environment/ament_prefix_path.dsv
[3.290s] -- Up-to-date: /home/jezzy/yolobot/install/velodyne_msgs/share/velodyne_msgs/environment/path.sh
[3.290s] -- Up-to-date: /home/jezzy/yolobot/install/velodyne_msgs/share/velodyne_msgs/environment/path.dsv
[3.291s] -- Up-to-date: /home/jezzy/yolobot/install/velodyne_msgs/share/velodyne_msgs/local_setup.bash
[3.291s] -- Up-to-date: /home/jezzy/yolobot/install/velodyne_msgs/share/velodyne_msgs/local_setup.sh
[3.291s] -- Up-to-date: /home/jezzy/yolobot/install/velodyne_msgs/share/velodyne_msgs/local_setup.zsh
[3.291s] -- Up-to-date: /home/jezzy/yolobot/install/velodyne_msgs/share/velodyne_msgs/local_setup.dsv
[3.292s] -- Installing: /home/jezzy/yolobot/install/velodyne_msgs/share/velodyne_msgs/package.dsv
[3.292s] -- Up-to-date: /home/jezzy/yolobot/install/velodyne_msgs/share/ament_index/resource_index/packages/velodyne_msgs
[3.292s] -- Up-to-date: /home/jezzy/yolobot/install/velodyne_msgs/share/velodyne_msgs/cmake/export_velodyne_msgs__rosidl_generator_cExport.cmake
[3.293s] -- Up-to-date: /home/jezzy/yolobot/install/velodyne_msgs/share/velodyne_msgs/cmake/export_velodyne_msgs__rosidl_generator_cExport-noconfig.cmake
[3.293s] -- Up-to-date: /home/jezzy/yolobot/install/velodyne_msgs/share/velodyne_msgs/cmake/export_velodyne_msgs__rosidl_typesupport_fastrtps_cExport.cmake
[3.294s] -- Up-to-date: /home/jezzy/yolobot/install/velodyne_msgs/share/velodyne_msgs/cmake/export_velodyne_msgs__rosidl_typesupport_fastrtps_cExport-noconfig.cmake
[3.294s] -- Up-to-date: /home/jezzy/yolobot/install/velodyne_msgs/share/velodyne_msgs/cmake/export_velodyne_msgs__rosidl_generator_cppExport.cmake
[3.294s] -- Up-to-date: /home/jezzy/yolobot/install/velodyne_msgs/share/velodyne_msgs/cmake/export_velodyne_msgs__rosidl_typesupport_fastrtps_cppExport.cmake
[3.295s] -- Up-to-date: /home/jezzy/yolobot/install/velodyne_msgs/share/velodyne_msgs/cmake/export_velodyne_msgs__rosidl_typesupport_fastrtps_cppExport-noconfig.cmake
[3.295s] -- Up-to-date: /home/jezzy/yolobot/install/velodyne_msgs/share/velodyne_msgs/cmake/velodyne_msgs__rosidl_typesupport_introspection_cExport.cmake
[3.295s] -- Up-to-date: /home/jezzy/yolobot/install/velodyne_msgs/share/velodyne_msgs/cmake/velodyne_msgs__rosidl_typesupport_introspection_cExport-noconfig.cmake
[3.302s] -- Up-to-date: /home/jezzy/yolobot/install/velodyne_msgs/share/velodyne_msgs/cmake/velodyne_msgs__rosidl_typesupport_cExport.cmake
[3.302s] -- Up-to-date: /home/jezzy/yolobot/install/velodyne_msgs/share/velodyne_msgs/cmake/velodyne_msgs__rosidl_typesupport_cExport-noconfig.cmake
[3.305s] -- Up-to-date: /home/jezzy/yolobot/install/velodyne_msgs/share/velodyne_msgs/cmake/velodyne_msgs__rosidl_typesupport_introspection_cppExport.cmake
[3.305s] -- Up-to-date: /home/jezzy/yolobot/install/velodyne_msgs/share/velodyne_msgs/cmake/velodyne_msgs__rosidl_typesupport_introspection_cppExport-noconfig.cmake
[3.308s] -- Up-to-date: /home/jezzy/yolobot/install/velodyne_msgs/share/velodyne_msgs/cmake/velodyne_msgs__rosidl_typesupport_cppExport.cmake
[3.308s] -- Up-to-date: /home/jezzy/yolobot/install/velodyne_msgs/share/velodyne_msgs/cmake/velodyne_msgs__rosidl_typesupport_cppExport-noconfig.cmake
[3.315s] -- Up-to-date: /home/jezzy/yolobot/install/velodyne_msgs/share/velodyne_msgs/cmake/export_velodyne_msgs__rosidl_generator_pyExport.cmake
[3.315s] -- Up-to-date: /home/jezzy/yolobot/install/velodyne_msgs/share/velodyne_msgs/cmake/export_velodyne_msgs__rosidl_generator_pyExport-noconfig.cmake
[3.316s] -- Up-to-date: /home/jezzy/yolobot/install/velodyne_msgs/share/velodyne_msgs/cmake/rosidl_cmake-extras.cmake
[3.316s] -- Up-to-date: /home/jezzy/yolobot/install/velodyne_msgs/share/velodyne_msgs/cmake/ament_cmake_export_dependencies-extras.cmake
[3.316s] -- Up-to-date: /home/jezzy/yolobot/install/velodyne_msgs/share/velodyne_msgs/cmake/ament_cmake_export_include_directories-extras.cmake
[3.316s] -- Up-to-date: /home/jezzy/yolobot/install/velodyne_msgs/share/velodyne_msgs/cmake/ament_cmake_export_libraries-extras.cmake
[3.316s] -- Up-to-date: /home/jezzy/yolobot/install/velodyne_msgs/share/velodyne_msgs/cmake/ament_cmake_export_targets-extras.cmake
[3.317s] -- Up-to-date: /home/jezzy/yolobot/install/velodyne_msgs/share/velodyne_msgs/cmake/rosidl_cmake_export_typesupport_targets-extras.cmake
[3.317s] -- Up-to-date: /home/jezzy/yolobot/install/velodyne_msgs/share/velodyne_msgs/cmake/rosidl_cmake_export_typesupport_libraries-extras.cmake
[3.317s] -- Up-to-date: /home/jezzy/yolobot/install/velodyne_msgs/share/velodyne_msgs/cmake/velodyne_msgsConfig.cmake
[3.317s] -- Up-to-date: /home/jezzy/yolobot/install/velodyne_msgs/share/velodyne_msgs/cmake/velodyne_msgsConfig-version.cmake
[3.317s] -- Up-to-date: /home/jezzy/yolobot/install/velodyne_msgs/share/velodyne_msgs/package.xml
[4.310s] Invoked command in '/home/jezzy/yolobot/build/velodyne_msgs' returned '0': CMAKE_PREFIX_PATH=${CMAKE_PREFIX_PATH}:/home/jezzy/yolobot/install/yolobot_fusion:/home/jezzy/yolobot/install/yolobot_navigation:/home/jezzy/husky_ws/lintic/install/yolosed:/home/jezzy/husky_ws/lintic/install/visual:/home/jezzy/husky_ws/lintic/install/segnet:/home/jezzy/husky_ws/turtlebot3/install/turtlebot3_teleop:/home/jezzy/husky_ws/turtlebot3/install/turtlebot3_example:/home/jezzy/husky_ws/turtlebot3/install/segtect:/home/jezzy/husky_ws/turtlebot3/install/autonomous_exploration:/opt/ros/humble /usr/bin/cmake --install /home/jezzy/yolobot/build/velodyne_msgs
