running egg_info
creating ../../build/yolobot_fusion/yolobot_fusion.egg-info
writing ../../build/yolobot_fusion/yolobot_fusion.egg-info/PKG-INFO
writing dependency_links to ../../build/yolobot_fusion/yolobot_fusion.egg-info/dependency_links.txt
writing entry points to ../../build/yolobot_fusion/yolobot_fusion.egg-info/entry_points.txt
writing requirements to ../../build/yolobot_fusion/yolobot_fusion.egg-info/requires.txt
writing top-level names to ../../build/yolobot_fusion/yolobot_fusion.egg-info/top_level.txt
writing manifest file '../../build/yolobot_fusion/yolobot_fusion.egg-info/SOURCES.txt'
reading manifest file '../../build/yolobot_fusion/yolobot_fusion.egg-info/SOURCES.txt'
writing manifest file '../../build/yolobot_fusion/yolobot_fusion.egg-info/SOURCES.txt'
running build
running build_py
creating /home/jezzy/yolobot/build/yolobot_fusion/build
creating /home/jezzy/yolobot/build/yolobot_fusion/build/lib
creating /home/jezzy/yolobot/build/yolobot_fusion/build/lib/yolobot_fusion
copying yolobot_fusion/fusion_utils.py -> /home/jezzy/yolobot/build/yolobot_fusion/build/lib/yolobot_fusion
copying yolobot_fusion/fusion_node.py -> /home/jezzy/yolobot/build/yolobot_fusion/build/lib/yolobot_fusion
copying yolobot_fusion/__init__.py -> /home/jezzy/yolobot/build/yolobot_fusion/build/lib/yolobot_fusion
running install
running install_lib
creating /home/jezzy/yolobot/install/yolobot_fusion/lib/python3.10/site-packages/yolobot_fusion
copying /home/jezzy/yolobot/build/yolobot_fusion/build/lib/yolobot_fusion/fusion_utils.py -> /home/jezzy/yolobot/install/yolobot_fusion/lib/python3.10/site-packages/yolobot_fusion
copying /home/jezzy/yolobot/build/yolobot_fusion/build/lib/yolobot_fusion/fusion_node.py -> /home/jezzy/yolobot/install/yolobot_fusion/lib/python3.10/site-packages/yolobot_fusion
copying /home/jezzy/yolobot/build/yolobot_fusion/build/lib/yolobot_fusion/__init__.py -> /home/jezzy/yolobot/install/yolobot_fusion/lib/python3.10/site-packages/yolobot_fusion
byte-compiling /home/jezzy/yolobot/install/yolobot_fusion/lib/python3.10/site-packages/yolobot_fusion/fusion_utils.py to fusion_utils.cpython-310.pyc
byte-compiling /home/jezzy/yolobot/install/yolobot_fusion/lib/python3.10/site-packages/yolobot_fusion/fusion_node.py to fusion_node.cpython-310.pyc
byte-compiling /home/jezzy/yolobot/install/yolobot_fusion/lib/python3.10/site-packages/yolobot_fusion/__init__.py to __init__.cpython-310.pyc
running install_data
creating /home/jezzy/yolobot/install/yolobot_fusion/share/ament_index
creating /home/jezzy/yolobot/install/yolobot_fusion/share/ament_index/resource_index
creating /home/jezzy/yolobot/install/yolobot_fusion/share/ament_index/resource_index/packages
copying resource/yolobot_fusion -> /home/jezzy/yolobot/install/yolobot_fusion/share/ament_index/resource_index/packages
copying package.xml -> /home/jezzy/yolobot/install/yolobot_fusion/share/yolobot_fusion
creating /home/jezzy/yolobot/install/yolobot_fusion/share/yolobot_fusion/msg
copying msg/Object3D.msg -> /home/jezzy/yolobot/install/yolobot_fusion/share/yolobot_fusion/msg
creating /home/jezzy/yolobot/install/yolobot_fusion/share/yolobot_fusion/launch
copying launch/fusion.launch.py -> /home/jezzy/yolobot/install/yolobot_fusion/share/yolobot_fusion/launch
running install_egg_info
Copying ../../build/yolobot_fusion/yolobot_fusion.egg-info to /home/jezzy/yolobot/install/yolobot_fusion/lib/python3.10/site-packages/yolobot_fusion-0.0.0-py3.10.egg-info
running install_scripts
Installing fusion_node.py script to /home/jezzy/yolobot/install/yolobot_fusion/lib/yolobot_fusion
writing list of installed files to '/home/jezzy/yolobot/build/yolobot_fusion/install.log'
