[7.956s] Invoking command in '/home/jezzy/yolobot/src/yolobot_fusion': CMAKE_PREFIX_PATH=/home/jezzy/yolobot/install/yolov8_msgs:/home/jezzy/yolobot/install/yolobot_mapping:/home/jezzy/yolobot/install/velodyne:/home/jezzy/yolobot/install/velodyne_pointcloud:/home/jezzy/yolobot/install/velodyne_driver:/home/jezzy/yolobot/install/velodyne_msgs:/home/jezzy/yolobot/install/velodyne_laserscan:/home/jezzy/yolobot/install/yolobot_recognition:/home/jezzy/yolobot/install/yolobot_gazebo:/home/jezzy/yolobot/install/yolobot_description:/home/jezzy/yolobot/install/yolobot_control:/home/jezzy/yolobot/install/husky_custom_description:/home/jezzy/husky_ws/turtlebot3/install/turtlebot3:/home/jezzy/husky_ws/turtlebot3/install/turtlebot3_simulations:/home/jezzy/husky_ws/turtlebot3/install/turtlebot3_bringup:/home/jezzy/husky_ws/turtlebot3/install/turtlebot3_node:/home/jezzy/husky_ws/turtlebot3/install/turtlebot3_navigation2:/home/jezzy/husky_ws/turtlebot3/install/turtlebot3_fake_node:/home/jezzy/husky_ws/turtlebot3/install/turtlebot3_msgs:/home/jezzy/husky_ws/turtlebot3/install/turtlebot3_gazebo:/home/jezzy/husky_ws/turtlebot3/install/turtlebot3_description:/home/jezzy/husky_ws/turtlebot3/install/turtlebot3_cartographer:/home/jezzy/husky_ws/turtlebot3/install/dynamixel_sdk_examples:/home/jezzy/husky_ws/turtlebot3/install/dynamixel_sdk_custom_interfaces:/home/jezzy/husky_ws/turtlebot3/install/dynamixel_sdk LD_LIBRARY_PATH=/home/jezzy/yolobot/install/yolov8_msgs/lib:/home/jezzy/yolobot/install/velodyne_pointcloud/lib:/home/jezzy/yolobot/install/velodyne_driver/lib:/home/jezzy/yolobot/install/velodyne_msgs/lib:/home/jezzy/yolobot/install/velodyne_laserscan/lib:/home/jezzy/husky_ws/turtlebot3/install/turtlebot3_msgs/lib:/home/jezzy/husky_ws/turtlebot3/install/dynamixel_sdk_custom_interfaces/lib:/home/jezzy/husky_ws/turtlebot3/install/dynamixel_sdk/lib:/usr/lib/x86_64-linux-gnu/gazebo-11/plugins:/opt/ros/humble/opt/rviz_ogre_vendor/lib:/opt/ros/humble/lib/x86_64-linux-gnu:/opt/ros/humble/lib:/usr/share/gazebo/../../lib/x86_64-linux-gnu/gazebo-11/plugins:/usr/share/gazebo/../../lib/x86_64-linux-gnu/gazebo-11/plugins:/usr/share/gazebo/../../lib/x86_64-linux-gnu/gazebo-11/plugins:/opt/ros/humble/lib:/usr/share/gazebo/../../lib/x86_64-linux-gnu/gazebo-11/plugins:/usr/share/gazebo/../../lib/x86_64-linux-gnu/gazebo-11/plugins:/usr/share/gazebo/../../lib/x86_64-linux-gnu/gazebo-11/plugins:/opt/ros/humble/lib:/opt/ros/humble/lib PYTHONPATH=/home/jezzy/yolobot/build/yolobot_fusion/prefix_override:/usr/lib/python3/dist-packages/colcon_core/task/python/colcon_distutils_commands:/home/jezzy/yolobot/install/yolobot_fusion/lib/python3.10/site-packages:${PYTHONPATH} /usr/bin/python3 -W ignore:setup.py install is deprecated -W ignore:easy_install command is deprecated setup.py egg_info --egg-base ../../build/yolobot_fusion build --build-base /home/jezzy/yolobot/build/yolobot_fusion/build install --record /home/jezzy/yolobot/build/yolobot_fusion/install.log --single-version-externally-managed install_data
[10.696s] running egg_info
[10.717s] creating ../../build/yolobot_fusion/yolobot_fusion.egg-info
[10.717s] writing ../../build/yolobot_fusion/yolobot_fusion.egg-info/PKG-INFO
[10.717s] writing dependency_links to ../../build/yolobot_fusion/yolobot_fusion.egg-info/dependency_links.txt
[10.718s] writing entry points to ../../build/yolobot_fusion/yolobot_fusion.egg-info/entry_points.txt
[10.736s] writing requirements to ../../build/yolobot_fusion/yolobot_fusion.egg-info/requires.txt
[10.737s] writing top-level names to ../../build/yolobot_fusion/yolobot_fusion.egg-info/top_level.txt
[10.738s] writing manifest file '../../build/yolobot_fusion/yolobot_fusion.egg-info/SOURCES.txt'
[10.743s] reading manifest file '../../build/yolobot_fusion/yolobot_fusion.egg-info/SOURCES.txt'
[10.751s] writing manifest file '../../build/yolobot_fusion/yolobot_fusion.egg-info/SOURCES.txt'
[10.751s] running build
[10.751s] running build_py
[10.751s] creating /home/jezzy/yolobot/build/yolobot_fusion/build
[10.752s] creating /home/jezzy/yolobot/build/yolobot_fusion/build/lib
[10.752s] creating /home/jezzy/yolobot/build/yolobot_fusion/build/lib/yolobot_fusion
[10.752s] copying yolobot_fusion/fusion_utils.py -> /home/jezzy/yolobot/build/yolobot_fusion/build/lib/yolobot_fusion
[10.752s] copying yolobot_fusion/fusion_node.py -> /home/jezzy/yolobot/build/yolobot_fusion/build/lib/yolobot_fusion
[10.756s] copying yolobot_fusion/__init__.py -> /home/jezzy/yolobot/build/yolobot_fusion/build/lib/yolobot_fusion
[10.756s] running install
[10.756s] running install_lib
[10.766s] creating /home/jezzy/yolobot/install/yolobot_fusion/lib/python3.10/site-packages/yolobot_fusion
[10.766s] copying /home/jezzy/yolobot/build/yolobot_fusion/build/lib/yolobot_fusion/fusion_utils.py -> /home/jezzy/yolobot/install/yolobot_fusion/lib/python3.10/site-packages/yolobot_fusion
[10.767s] copying /home/jezzy/yolobot/build/yolobot_fusion/build/lib/yolobot_fusion/fusion_node.py -> /home/jezzy/yolobot/install/yolobot_fusion/lib/python3.10/site-packages/yolobot_fusion
[10.767s] copying /home/jezzy/yolobot/build/yolobot_fusion/build/lib/yolobot_fusion/__init__.py -> /home/jezzy/yolobot/install/yolobot_fusion/lib/python3.10/site-packages/yolobot_fusion
[10.767s] byte-compiling /home/jezzy/yolobot/install/yolobot_fusion/lib/python3.10/site-packages/yolobot_fusion/fusion_utils.py to fusion_utils.cpython-310.pyc
[10.774s] byte-compiling /home/jezzy/yolobot/install/yolobot_fusion/lib/python3.10/site-packages/yolobot_fusion/fusion_node.py to fusion_node.cpython-310.pyc
[10.786s] byte-compiling /home/jezzy/yolobot/install/yolobot_fusion/lib/python3.10/site-packages/yolobot_fusion/__init__.py to __init__.cpython-310.pyc
[10.786s] running install_data
[10.786s] creating /home/jezzy/yolobot/install/yolobot_fusion/share/ament_index
[10.787s] creating /home/jezzy/yolobot/install/yolobot_fusion/share/ament_index/resource_index
[10.787s] creating /home/jezzy/yolobot/install/yolobot_fusion/share/ament_index/resource_index/packages
[10.787s] copying resource/yolobot_fusion -> /home/jezzy/yolobot/install/yolobot_fusion/share/ament_index/resource_index/packages
[10.790s] copying package.xml -> /home/jezzy/yolobot/install/yolobot_fusion/share/yolobot_fusion
[10.790s] creating /home/jezzy/yolobot/install/yolobot_fusion/share/yolobot_fusion/msg
[10.791s] copying msg/Object3D.msg -> /home/jezzy/yolobot/install/yolobot_fusion/share/yolobot_fusion/msg
[10.791s] creating /home/jezzy/yolobot/install/yolobot_fusion/share/yolobot_fusion/launch
[10.791s] copying launch/fusion.launch.py -> /home/jezzy/yolobot/install/yolobot_fusion/share/yolobot_fusion/launch
[10.791s] running install_egg_info
[10.802s] Copying ../../build/yolobot_fusion/yolobot_fusion.egg-info to /home/jezzy/yolobot/install/yolobot_fusion/lib/python3.10/site-packages/yolobot_fusion-0.0.0-py3.10.egg-info
[10.807s] running install_scripts
[10.959s] Installing fusion_node.py script to /home/jezzy/yolobot/install/yolobot_fusion/lib/yolobot_fusion
[10.959s] writing list of installed files to '/home/jezzy/yolobot/build/yolobot_fusion/install.log'
[11.069s] Invoked command in '/home/jezzy/yolobot/src/yolobot_fusion' returned '0': CMAKE_PREFIX_PATH=/home/jezzy/yolobot/install/yolov8_msgs:/home/jezzy/yolobot/install/yolobot_mapping:/home/jezzy/yolobot/install/velodyne:/home/jezzy/yolobot/install/velodyne_pointcloud:/home/jezzy/yolobot/install/velodyne_driver:/home/jezzy/yolobot/install/velodyne_msgs:/home/jezzy/yolobot/install/velodyne_laserscan:/home/jezzy/yolobot/install/yolobot_recognition:/home/jezzy/yolobot/install/yolobot_gazebo:/home/jezzy/yolobot/install/yolobot_description:/home/jezzy/yolobot/install/yolobot_control:/home/jezzy/yolobot/install/husky_custom_description:/home/jezzy/husky_ws/turtlebot3/install/turtlebot3:/home/jezzy/husky_ws/turtlebot3/install/turtlebot3_simulations:/home/jezzy/husky_ws/turtlebot3/install/turtlebot3_bringup:/home/jezzy/husky_ws/turtlebot3/install/turtlebot3_node:/home/jezzy/husky_ws/turtlebot3/install/turtlebot3_navigation2:/home/jezzy/husky_ws/turtlebot3/install/turtlebot3_fake_node:/home/jezzy/husky_ws/turtlebot3/install/turtlebot3_msgs:/home/jezzy/husky_ws/turtlebot3/install/turtlebot3_gazebo:/home/jezzy/husky_ws/turtlebot3/install/turtlebot3_description:/home/jezzy/husky_ws/turtlebot3/install/turtlebot3_cartographer:/home/jezzy/husky_ws/turtlebot3/install/dynamixel_sdk_examples:/home/jezzy/husky_ws/turtlebot3/install/dynamixel_sdk_custom_interfaces:/home/jezzy/husky_ws/turtlebot3/install/dynamixel_sdk LD_LIBRARY_PATH=/home/jezzy/yolobot/install/yolov8_msgs/lib:/home/jezzy/yolobot/install/velodyne_pointcloud/lib:/home/jezzy/yolobot/install/velodyne_driver/lib:/home/jezzy/yolobot/install/velodyne_msgs/lib:/home/jezzy/yolobot/install/velodyne_laserscan/lib:/home/jezzy/husky_ws/turtlebot3/install/turtlebot3_msgs/lib:/home/jezzy/husky_ws/turtlebot3/install/dynamixel_sdk_custom_interfaces/lib:/home/jezzy/husky_ws/turtlebot3/install/dynamixel_sdk/lib:/usr/lib/x86_64-linux-gnu/gazebo-11/plugins:/opt/ros/humble/opt/rviz_ogre_vendor/lib:/opt/ros/humble/lib/x86_64-linux-gnu:/opt/ros/humble/lib:/usr/share/gazebo/../../lib/x86_64-linux-gnu/gazebo-11/plugins:/usr/share/gazebo/../../lib/x86_64-linux-gnu/gazebo-11/plugins:/usr/share/gazebo/../../lib/x86_64-linux-gnu/gazebo-11/plugins:/opt/ros/humble/lib:/usr/share/gazebo/../../lib/x86_64-linux-gnu/gazebo-11/plugins:/usr/share/gazebo/../../lib/x86_64-linux-gnu/gazebo-11/plugins:/usr/share/gazebo/../../lib/x86_64-linux-gnu/gazebo-11/plugins:/opt/ros/humble/lib:/opt/ros/humble/lib PYTHONPATH=/home/jezzy/yolobot/build/yolobot_fusion/prefix_override:/usr/lib/python3/dist-packages/colcon_core/task/python/colcon_distutils_commands:/home/jezzy/yolobot/install/yolobot_fusion/lib/python3.10/site-packages:${PYTHONPATH} /usr/bin/python3 -W ignore:setup.py install is deprecated -W ignore:easy_install command is deprecated setup.py egg_info --egg-base ../../build/yolobot_fusion build --build-base /home/jezzy/yolobot/build/yolobot_fusion/build install --record /home/jezzy/yolobot/build/yolobot_fusion/install.log --single-version-externally-managed install_data
