[0.304s] Invoking command in '/home/jezzy/huskybot/build/huskybot_mapping': CMAKE_PREFIX_PATH=${CMAKE_PREFIX_PATH}:/home/jezzy/huskybot/install/huskybot_fusion:/home/jezzy/huskybot/install/huskybot_navigation:/home/jezzy/husky_ws/lintic/install/yolosed:/home/jezzy/husky_ws/lintic/install/visual:/home/jezzy/husky_ws/lintic/install/segnet:/home/jezzy/husky_ws/turtlebot3/install/turtlebot3_teleop:/home/jezzy/husky_ws/turtlebot3/install/turtlebot3_example:/home/jezzy/husky_ws/turtlebot3/install/segtect:/home/jezzy/husky_ws/turtlebot3/install/autonomous_exploration:/opt/ros/humble /usr/bin/cmake /home/jezzy/huskybot/src/huskybot_mapping -DCMAKE_INSTALL_PREFIX=/home/jezzy/huskybot/install/huskybot_mapping
[2.803s] -- The C compiler identification is GNU 11.4.0
[6.256s] -- The CXX compiler identification is GNU 11.4.0
[9.223s] -- Detecting C compiler ABI info
[10.822s] -- Detecting C compiler ABI info - done
[10.945s] -- Check for working C compiler: /usr/bin/cc - skipped
[10.947s] -- Detecting C compile features
[10.949s] -- Detecting C compile features - done
[10.980s] -- Detecting CXX compiler ABI info
[12.607s] -- Detecting CXX compiler ABI info - done
[12.744s] -- Check for working CXX compiler: /usr/bin/c++ - skipped
[12.744s] -- Detecting CXX compile features
[12.757s] -- Detecting CXX compile features - done
[12.821s] -- Found ament_cmake: 1.3.11 (/opt/ros/humble/share/ament_cmake/cmake)
[15.111s] -- Found Python3: /usr/bin/python3 (found version "3.10.12") found components: Interpreter 
[16.893s] -- Found rclcpp: 16.0.12 (/opt/ros/humble/share/rclcpp/cmake)
[18.588s] -- Found rosidl_generator_c: 3.1.6 (/opt/ros/humble/share/rosidl_generator_c/cmake)
[18.682s] -- Found rosidl_adapter: 3.1.6 (/opt/ros/humble/share/rosidl_adapter/cmake)
[18.843s] -- Found rosidl_generator_cpp: 3.1.6 (/opt/ros/humble/share/rosidl_generator_cpp/cmake)
[19.349s] -- Using all available rosidl_typesupport_c: rosidl_typesupport_fastrtps_c;rosidl_typesupport_introspection_c
[19.756s] -- Using all available rosidl_typesupport_cpp: rosidl_typesupport_fastrtps_cpp;rosidl_typesupport_introspection_cpp
[20.804s] -- Found rmw_implementation_cmake: 6.1.2 (/opt/ros/humble/share/rmw_implementation_cmake/cmake)
[20.910s] -- Found rmw_fastrtps_cpp: 6.2.7 (/opt/ros/humble/share/rmw_fastrtps_cpp/cmake)
[30.425s] -- Found OpenSSL: /usr/lib/x86_64-linux-gnu/libcrypto.so (found version "3.0.2")  
[34.125s] -- Found FastRTPS: /opt/ros/humble/include  
[43.284s] -- Using RMW implementation 'rmw_fastrtps_cpp' as default
[43.359s] -- Looking for pthread.h
[43.981s] -- Looking for pthread.h - found
[43.981s] -- Performing Test CMAKE_HAVE_LIBC_PTHREAD
[44.562s] -- Performing Test CMAKE_HAVE_LIBC_PTHREAD - Success
[44.563s] -- Found Threads: TRUE  
[44.850s] -- Found sensor_msgs: 4.8.0 (/opt/ros/humble/share/sensor_msgs/cmake)
[44.997s] -- Found ament_lint_auto: 0.12.12 (/opt/ros/humble/share/ament_lint_auto/cmake)
[45.403s] -- Added test 'flake8' to check Python code syntax and style conventions
[45.408s] -- Added test 'lint_cmake' to check CMake code style
[45.414s] -- Added test 'pep257' to check Python code against some of the docstring style conventions in PEP 257
[45.425s] -- Added test 'xmllint' to check XML markup files
[45.446s] -- Configuring done
[45.480s] -- Generating done
[45.487s] -- Build files have been written to: /home/jezzy/huskybot/build/huskybot_mapping
[45.527s] Invoked command in '/home/jezzy/huskybot/build/huskybot_mapping' returned '0': CMAKE_PREFIX_PATH=${CMAKE_PREFIX_PATH}:/home/jezzy/huskybot/install/huskybot_fusion:/home/jezzy/huskybot/install/huskybot_navigation:/home/jezzy/husky_ws/lintic/install/yolosed:/home/jezzy/husky_ws/lintic/install/visual:/home/jezzy/husky_ws/lintic/install/segnet:/home/jezzy/husky_ws/turtlebot3/install/turtlebot3_teleop:/home/jezzy/husky_ws/turtlebot3/install/turtlebot3_example:/home/jezzy/husky_ws/turtlebot3/install/segtect:/home/jezzy/husky_ws/turtlebot3/install/autonomous_exploration:/opt/ros/humble /usr/bin/cmake /home/jezzy/huskybot/src/huskybot_mapping -DCMAKE_INSTALL_PREFIX=/home/jezzy/huskybot/install/huskybot_mapping
[45.533s] Invoking command in '/home/jezzy/huskybot/build/huskybot_mapping': CMAKE_PREFIX_PATH=${CMAKE_PREFIX_PATH}:/home/jezzy/huskybot/install/huskybot_fusion:/home/jezzy/huskybot/install/huskybot_navigation:/home/jezzy/husky_ws/lintic/install/yolosed:/home/jezzy/husky_ws/lintic/install/visual:/home/jezzy/husky_ws/lintic/install/segnet:/home/jezzy/husky_ws/turtlebot3/install/turtlebot3_teleop:/home/jezzy/husky_ws/turtlebot3/install/turtlebot3_example:/home/jezzy/husky_ws/turtlebot3/install/segtect:/home/jezzy/husky_ws/turtlebot3/install/autonomous_exploration:/opt/ros/humble /usr/bin/cmake --build /home/jezzy/huskybot/build/huskybot_mapping -- -j4 -l4
[45.678s] Invoked command in '/home/jezzy/huskybot/build/huskybot_mapping' returned '0': CMAKE_PREFIX_PATH=${CMAKE_PREFIX_PATH}:/home/jezzy/huskybot/install/huskybot_fusion:/home/jezzy/huskybot/install/huskybot_navigation:/home/jezzy/husky_ws/lintic/install/yolosed:/home/jezzy/husky_ws/lintic/install/visual:/home/jezzy/husky_ws/lintic/install/segnet:/home/jezzy/husky_ws/turtlebot3/install/turtlebot3_teleop:/home/jezzy/husky_ws/turtlebot3/install/turtlebot3_example:/home/jezzy/husky_ws/turtlebot3/install/segtect:/home/jezzy/husky_ws/turtlebot3/install/autonomous_exploration:/opt/ros/humble /usr/bin/cmake --build /home/jezzy/huskybot/build/huskybot_mapping -- -j4 -l4
[45.679s] Invoking command in '/home/jezzy/huskybot/build/huskybot_mapping': CMAKE_PREFIX_PATH=${CMAKE_PREFIX_PATH}:/home/jezzy/huskybot/install/huskybot_fusion:/home/jezzy/huskybot/install/huskybot_navigation:/home/jezzy/husky_ws/lintic/install/yolosed:/home/jezzy/husky_ws/lintic/install/visual:/home/jezzy/husky_ws/lintic/install/segnet:/home/jezzy/husky_ws/turtlebot3/install/turtlebot3_teleop:/home/jezzy/husky_ws/turtlebot3/install/turtlebot3_example:/home/jezzy/husky_ws/turtlebot3/install/segtect:/home/jezzy/husky_ws/turtlebot3/install/autonomous_exploration:/opt/ros/humble /usr/bin/cmake --install /home/jezzy/huskybot/build/huskybot_mapping
[45.706s] -- Install configuration: ""
[45.707s] -- Installing: /home/jezzy/huskybot/install/huskybot_mapping/share/huskybot_mapping/launch
[45.709s] -- Installing: /home/jezzy/huskybot/install/huskybot_mapping/share/huskybot_mapping/launch/lio_sam.launch.py
[45.712s] -- Installing: /home/jezzy/huskybot/install/huskybot_mapping/share/ament_index/resource_index/package_run_dependencies/huskybot_mapping
[45.713s] -- Installing: /home/jezzy/huskybot/install/huskybot_mapping/share/ament_index/resource_index/parent_prefix_path/huskybot_mapping
[45.715s] -- Installing: /home/jezzy/huskybot/install/huskybot_mapping/share/huskybot_mapping/environment/ament_prefix_path.sh
[45.715s] -- Installing: /home/jezzy/huskybot/install/huskybot_mapping/share/huskybot_mapping/environment/ament_prefix_path.dsv
[45.717s] -- Installing: /home/jezzy/huskybot/install/huskybot_mapping/share/huskybot_mapping/environment/path.sh
[45.718s] -- Installing: /home/jezzy/huskybot/install/huskybot_mapping/share/huskybot_mapping/environment/path.dsv
[45.719s] -- Installing: /home/jezzy/huskybot/install/huskybot_mapping/share/huskybot_mapping/local_setup.bash
[45.721s] -- Installing: /home/jezzy/huskybot/install/huskybot_mapping/share/huskybot_mapping/local_setup.sh
[45.722s] -- Installing: /home/jezzy/huskybot/install/huskybot_mapping/share/huskybot_mapping/local_setup.zsh
[45.723s] -- Installing: /home/jezzy/huskybot/install/huskybot_mapping/share/huskybot_mapping/local_setup.dsv
[45.724s] -- Installing: /home/jezzy/huskybot/install/huskybot_mapping/share/huskybot_mapping/package.dsv
[45.725s] -- Installing: /home/jezzy/huskybot/install/huskybot_mapping/share/ament_index/resource_index/packages/huskybot_mapping
[45.727s] -- Installing: /home/jezzy/huskybot/install/huskybot_mapping/share/huskybot_mapping/cmake/huskybot_mappingConfig.cmake
[45.728s] -- Installing: /home/jezzy/huskybot/install/huskybot_mapping/share/huskybot_mapping/cmake/huskybot_mappingConfig-version.cmake
[45.729s] -- Installing: /home/jezzy/huskybot/install/huskybot_mapping/share/huskybot_mapping/package.xml
[45.754s] Invoked command in '/home/jezzy/huskybot/build/huskybot_mapping' returned '0': CMAKE_PREFIX_PATH=${CMAKE_PREFIX_PATH}:/home/jezzy/huskybot/install/huskybot_fusion:/home/jezzy/huskybot/install/huskybot_navigation:/home/jezzy/husky_ws/lintic/install/yolosed:/home/jezzy/husky_ws/lintic/install/visual:/home/jezzy/husky_ws/lintic/install/segnet:/home/jezzy/husky_ws/turtlebot3/install/turtlebot3_teleop:/home/jezzy/husky_ws/turtlebot3/install/turtlebot3_example:/home/jezzy/husky_ws/turtlebot3/install/segtect:/home/jezzy/husky_ws/turtlebot3/install/autonomous_exploration:/opt/ros/humble /usr/bin/cmake --install /home/jezzy/huskybot/build/huskybot_mapping
