[4.499s] Invoking command in '/home/jezzy/huskybot/src/huskybot_fusion': AMENT_PREFIX_PATH=/home/jezzy/huskybot/install/yolov12_msgs:${AMENT_PREFIX_PATH} CMAKE_PREFIX_PATH=/home/jezzy/huskybot/install/yolov12_msgs:${CMAKE_PREFIX_PATH} LD_LIBRARY_PATH=/home/jezzy/huskybot/install/yolov12_msgs/lib:/home/jezzy/husky_ws/turtlebot3/install/turtlebot3_msgs/lib:/home/jezzy/husky_ws/turtlebot3/install/dynamixel_sdk_custom_interfaces/lib:/home/jezzy/husky_ws/turtlebot3/install/dynamixel_sdk/lib:/usr/lib/x86_64-linux-gnu/gazebo-11/plugins:/opt/ros/humble/opt/rviz_ogre_vendor/lib:/opt/ros/humble/lib/x86_64-linux-gnu:/opt/ros/humble/lib:/usr/share/gazebo/../../lib/x86_64-linux-gnu/gazebo-11/plugins PYTHONPATH=/home/jezzy/huskybot/build/huskybot_fusion/prefix_override:/usr/lib/python3/dist-packages/colcon_core/task/python/colcon_distutils_commands:/home/jezzy/huskybot/install/huskybot_fusion/lib/python3.10/site-packages:/home/jezzy/huskybot/install/yolov12_msgs/local/lib/python3.10/dist-packages:${PYTHONPATH} /usr/bin/python3 -W ignore:setup.py install is deprecated -W ignore:easy_install command is deprecated setup.py egg_info --egg-base ../../build/huskybot_fusion build --build-base /home/jezzy/huskybot/build/huskybot_fusion/build install --record /home/jezzy/huskybot/build/huskybot_fusion/install.log --single-version-externally-managed install_data
[5.879s] running egg_info
[5.890s] creating ../../build/huskybot_fusion/huskybot_fusion.egg-info
[5.890s] writing ../../build/huskybot_fusion/huskybot_fusion.egg-info/PKG-INFO
[5.891s] writing dependency_links to ../../build/huskybot_fusion/huskybot_fusion.egg-info/dependency_links.txt
[5.891s] writing entry points to ../../build/huskybot_fusion/huskybot_fusion.egg-info/entry_points.txt
[5.891s] writing requirements to ../../build/huskybot_fusion/huskybot_fusion.egg-info/requires.txt
[5.891s] writing top-level names to ../../build/huskybot_fusion/huskybot_fusion.egg-info/top_level.txt
[5.892s] writing manifest file '../../build/huskybot_fusion/huskybot_fusion.egg-info/SOURCES.txt'
[5.907s] reading manifest file '../../build/huskybot_fusion/huskybot_fusion.egg-info/SOURCES.txt'
[5.911s] writing manifest file '../../build/huskybot_fusion/huskybot_fusion.egg-info/SOURCES.txt'
[5.912s] running build
[5.912s] running build_py
[5.913s] creating /home/jezzy/huskybot/build/huskybot_fusion/build
[5.914s] creating /home/jezzy/huskybot/build/huskybot_fusion/build/lib
[5.915s] creating /home/jezzy/huskybot/build/huskybot_fusion/build/lib/huskybot_fusion
[5.916s] copying huskybot_fusion/fusion_utils.py -> /home/jezzy/huskybot/build/huskybot_fusion/build/lib/huskybot_fusion
[5.917s] copying huskybot_fusion/fusion_node.py -> /home/jezzy/huskybot/build/huskybot_fusion/build/lib/huskybot_fusion
[5.918s] copying huskybot_fusion/__init__.py -> /home/jezzy/huskybot/build/huskybot_fusion/build/lib/huskybot_fusion
[5.919s] running install
[5.921s] running install_lib
[5.923s] creating /home/jezzy/huskybot/install/huskybot_fusion/lib/python3.10/site-packages/huskybot_fusion
[5.924s] copying /home/jezzy/huskybot/build/huskybot_fusion/build/lib/huskybot_fusion/fusion_utils.py -> /home/jezzy/huskybot/install/huskybot_fusion/lib/python3.10/site-packages/huskybot_fusion
[5.926s] copying /home/jezzy/huskybot/build/huskybot_fusion/build/lib/huskybot_fusion/fusion_node.py -> /home/jezzy/huskybot/install/huskybot_fusion/lib/python3.10/site-packages/huskybot_fusion
[5.928s] copying /home/jezzy/huskybot/build/huskybot_fusion/build/lib/huskybot_fusion/__init__.py -> /home/jezzy/huskybot/install/huskybot_fusion/lib/python3.10/site-packages/huskybot_fusion
[5.930s] byte-compiling /home/jezzy/huskybot/install/huskybot_fusion/lib/python3.10/site-packages/huskybot_fusion/fusion_utils.py to fusion_utils.cpython-310.pyc
[5.936s] byte-compiling /home/jezzy/huskybot/install/huskybot_fusion/lib/python3.10/site-packages/huskybot_fusion/fusion_node.py to fusion_node.cpython-310.pyc
[5.945s] byte-compiling /home/jezzy/huskybot/install/huskybot_fusion/lib/python3.10/site-packages/huskybot_fusion/__init__.py to __init__.cpython-310.pyc
[5.948s] running install_data
[5.952s] creating /home/jezzy/huskybot/install/huskybot_fusion/share/ament_index
[5.956s] creating /home/jezzy/huskybot/install/huskybot_fusion/share/ament_index/resource_index
[5.958s] creating /home/jezzy/huskybot/install/huskybot_fusion/share/ament_index/resource_index/packages
[5.962s] copying resource/huskybot_fusion -> /home/jezzy/huskybot/install/huskybot_fusion/share/ament_index/resource_index/packages
[5.963s] copying package.xml -> /home/jezzy/huskybot/install/huskybot_fusion/share/huskybot_fusion
[5.969s] creating /home/jezzy/huskybot/install/huskybot_fusion/share/huskybot_fusion/msg
[5.970s] copying msg/Object3D.msg -> /home/jezzy/huskybot/install/huskybot_fusion/share/huskybot_fusion/msg
[5.972s] creating /home/jezzy/huskybot/install/huskybot_fusion/share/huskybot_fusion/launch
[5.974s] copying launch/fusion.launch.py -> /home/jezzy/huskybot/install/huskybot_fusion/share/huskybot_fusion/launch
[5.974s] running install_egg_info
[5.982s] Copying ../../build/huskybot_fusion/huskybot_fusion.egg-info to /home/jezzy/huskybot/install/huskybot_fusion/lib/python3.10/site-packages/huskybot_fusion-0.0.0-py3.10.egg-info
[5.985s] running install_scripts
[6.113s] Installing fusion_node.py script to /home/jezzy/huskybot/install/huskybot_fusion/lib/huskybot_fusion
[6.115s] writing list of installed files to '/home/jezzy/huskybot/build/huskybot_fusion/install.log'
[6.227s] Invoked command in '/home/jezzy/huskybot/src/huskybot_fusion' returned '0': AMENT_PREFIX_PATH=/home/jezzy/huskybot/install/yolov12_msgs:${AMENT_PREFIX_PATH} CMAKE_PREFIX_PATH=/home/jezzy/huskybot/install/yolov12_msgs:${CMAKE_PREFIX_PATH} LD_LIBRARY_PATH=/home/jezzy/huskybot/install/yolov12_msgs/lib:/home/jezzy/husky_ws/turtlebot3/install/turtlebot3_msgs/lib:/home/jezzy/husky_ws/turtlebot3/install/dynamixel_sdk_custom_interfaces/lib:/home/jezzy/husky_ws/turtlebot3/install/dynamixel_sdk/lib:/usr/lib/x86_64-linux-gnu/gazebo-11/plugins:/opt/ros/humble/opt/rviz_ogre_vendor/lib:/opt/ros/humble/lib/x86_64-linux-gnu:/opt/ros/humble/lib:/usr/share/gazebo/../../lib/x86_64-linux-gnu/gazebo-11/plugins PYTHONPATH=/home/jezzy/huskybot/build/huskybot_fusion/prefix_override:/usr/lib/python3/dist-packages/colcon_core/task/python/colcon_distutils_commands:/home/jezzy/huskybot/install/huskybot_fusion/lib/python3.10/site-packages:/home/jezzy/huskybot/install/yolov12_msgs/local/lib/python3.10/dist-packages:${PYTHONPATH} /usr/bin/python3 -W ignore:setup.py install is deprecated -W ignore:easy_install command is deprecated setup.py egg_info --egg-base ../../build/huskybot_fusion build --build-base /home/jezzy/huskybot/build/huskybot_fusion/build install --record /home/jezzy/huskybot/build/huskybot_fusion/install.log --single-version-externally-managed install_data
