[0.118s] Invoking command in '/home/jezzy/yolobot/build/yolobot_control': CMAKE_PREFIX_PATH=${CMAKE_PREFIX_PATH}:/home/jezzy/husky_ws/lintic/install/yolosed:/home/jezzy/husky_ws/lintic/install/visual:/home/jezzy/husky_ws/lintic/install/segnet:/home/jezzy/husky_ws/turtlebot3/install/turtlebot3_teleop:/home/jezzy/husky_ws/turtlebot3/install/turtlebot3_example:/home/jezzy/husky_ws/turtlebot3/install/segtect:/home/jezzy/husky_ws/turtlebot3/install/autonomous_exploration:/opt/ros/humble /usr/bin/cmake --build /home/jezzy/yolobot/build/yolobot_control -- -j4 -l4
[0.255s] Invoked command in '/home/jezzy/yolobot/build/yolobot_control' returned '0': CMAKE_PREFIX_PATH=${CMAKE_PREFIX_PATH}:/home/jezzy/husky_ws/lintic/install/yolosed:/home/jezzy/husky_ws/lintic/install/visual:/home/jezzy/husky_ws/lintic/install/segnet:/home/jezzy/husky_ws/turtlebot3/install/turtlebot3_teleop:/home/jezzy/husky_ws/turtlebot3/install/turtlebot3_example:/home/jezzy/husky_ws/turtlebot3/install/segtect:/home/jezzy/husky_ws/turtlebot3/install/autonomous_exploration:/opt/ros/humble /usr/bin/cmake --build /home/jezzy/yolobot/build/yolobot_control -- -j4 -l4
[0.288s] Invoking command in '/home/jezzy/yolobot/build/yolobot_control': CMAKE_PREFIX_PATH=${CMAKE_PREFIX_PATH}:/home/jezzy/husky_ws/lintic/install/yolosed:/home/jezzy/husky_ws/lintic/install/visual:/home/jezzy/husky_ws/lintic/install/segnet:/home/jezzy/husky_ws/turtlebot3/install/turtlebot3_teleop:/home/jezzy/husky_ws/turtlebot3/install/turtlebot3_example:/home/jezzy/husky_ws/turtlebot3/install/segtect:/home/jezzy/husky_ws/turtlebot3/install/autonomous_exploration:/opt/ros/humble /usr/bin/cmake --install /home/jezzy/yolobot/build/yolobot_control
[0.314s] -- Install configuration: ""
[0.314s] -- Up-to-date: /home/jezzy/yolobot/install/yolobot_control/share/yolobot_control//scripts
[0.317s] -- Up-to-date: /home/jezzy/yolobot/install/yolobot_control/share/yolobot_control//scripts/robot_control.py
[0.319s] -- Up-to-date: /home/jezzy/yolobot/install/yolobot_control/share/yolobot_control//launch
[0.321s] -- Up-to-date: /home/jezzy/yolobot/install/yolobot_control/share/yolobot_control//launch/yolobot_control.launch.py
[0.322s] -- Up-to-date: /home/jezzy/yolobot/install/yolobot_control/lib/yolobot_control/robot_control.py
[0.324s] -- Up-to-date: /home/jezzy/yolobot/install/yolobot_control/lib/yolobot_control/yolobot_control.launch.py
[0.347s] -- Up-to-date: /home/jezzy/yolobot/install/yolobot_control/share/ament_index/resource_index/package_run_dependencies/yolobot_control
[0.347s] -- Up-to-date: /home/jezzy/yolobot/install/yolobot_control/share/ament_index/resource_index/parent_prefix_path/yolobot_control
[0.347s] -- Up-to-date: /home/jezzy/yolobot/install/yolobot_control/share/yolobot_control/environment/ament_prefix_path.sh
[0.348s] -- Up-to-date: /home/jezzy/yolobot/install/yolobot_control/share/yolobot_control/environment/ament_prefix_path.dsv
[0.348s] -- Up-to-date: /home/jezzy/yolobot/install/yolobot_control/share/yolobot_control/environment/path.sh
[0.348s] -- Up-to-date: /home/jezzy/yolobot/install/yolobot_control/share/yolobot_control/environment/path.dsv
[0.349s] -- Up-to-date: /home/jezzy/yolobot/install/yolobot_control/share/yolobot_control/local_setup.bash
[0.349s] -- Up-to-date: /home/jezzy/yolobot/install/yolobot_control/share/yolobot_control/local_setup.sh
[0.351s] -- Up-to-date: /home/jezzy/yolobot/install/yolobot_control/share/yolobot_control/local_setup.zsh
[0.351s] -- Up-to-date: /home/jezzy/yolobot/install/yolobot_control/share/yolobot_control/local_setup.dsv
[0.352s] -- Installing: /home/jezzy/yolobot/install/yolobot_control/share/yolobot_control/package.dsv
[0.352s] -- Up-to-date: /home/jezzy/yolobot/install/yolobot_control/share/ament_index/resource_index/packages/yolobot_control
[0.352s] -- Up-to-date: /home/jezzy/yolobot/install/yolobot_control/share/yolobot_control/cmake/yolobot_controlConfig.cmake
[0.352s] -- Up-to-date: /home/jezzy/yolobot/install/yolobot_control/share/yolobot_control/cmake/yolobot_controlConfig-version.cmake
[0.352s] -- Up-to-date: /home/jezzy/yolobot/install/yolobot_control/share/yolobot_control/package.xml
[0.368s] Invoked command in '/home/jezzy/yolobot/build/yolobot_control' returned '0': CMAKE_PREFIX_PATH=${CMAKE_PREFIX_PATH}:/home/jezzy/husky_ws/lintic/install/yolosed:/home/jezzy/husky_ws/lintic/install/visual:/home/jezzy/husky_ws/lintic/install/segnet:/home/jezzy/husky_ws/turtlebot3/install/turtlebot3_teleop:/home/jezzy/husky_ws/turtlebot3/install/turtlebot3_example:/home/jezzy/husky_ws/turtlebot3/install/segtect:/home/jezzy/husky_ws/turtlebot3/install/autonomous_exploration:/opt/ros/humble /usr/bin/cmake --install /home/jezzy/yolobot/build/yolobot_control
