[0.315s] Invoking command in '/home/jezzy/huskybot/build/velodyne_driver': AMENT_PREFIX_PATH=/home/jezzy/huskybot/install/velodyne_msgs:${AMENT_PREFIX_PATH} CMAKE_PREFIX_PATH=/home/jezzy/huskybot/install/velodyne_msgs:/home/jezzy/huskybot/install/huskybot_control:/home/jezzy/huskybot/install/husky_custom_description:/home/jezzy/husky_ws/turtlebot3/install/turtlebot3:/home/jezzy/husky_ws/turtlebot3/install/turtlebot3_simulations:/home/jezzy/husky_ws/turtlebot3/install/turtlebot3_bringup:/home/jezzy/husky_ws/turtlebot3/install/turtlebot3_node:/home/jezzy/husky_ws/turtlebot3/install/turtlebot3_navigation2:/home/jezzy/husky_ws/turtlebot3/install/turtlebot3_fake_node:/home/jezzy/husky_ws/turtlebot3/install/turtlebot3_msgs:/home/jezzy/husky_ws/turtlebot3/install/turtlebot3_gazebo:/home/jezzy/husky_ws/turtlebot3/install/turtlebot3_description:/home/jezzy/husky_ws/turtlebot3/install/turtlebot3_cartographer:/home/jezzy/husky_ws/turtlebot3/install/dynamixel_sdk_examples:/home/jezzy/husky_ws/turtlebot3/install/dynamixel_sdk_custom_interfaces:/home/jezzy/husky_ws/turtlebot3/install/dynamixel_sdk:/home/jezzy/husky_ws/lintic/install/yolosed:/home/jezzy/husky_ws/lintic/install/visual:/home/jezzy/husky_ws/lintic/install/segnet:/home/jezzy/husky_ws/turtlebot3/install/turtlebot3_teleop:/home/jezzy/husky_ws/turtlebot3/install/turtlebot3_example:/home/jezzy/husky_ws/turtlebot3/install/segtect:/home/jezzy/husky_ws/turtlebot3/install/autonomous_exploration:/opt/ros/humble LD_LIBRARY_PATH=/home/jezzy/huskybot/install/velodyne_msgs/lib:${LD_LIBRARY_PATH} PYTHONPATH=/home/jezzy/huskybot/install/velodyne_msgs/local/lib/python3.10/dist-packages:${PYTHONPATH} /usr/bin/cmake /home/jezzy/huskybot/src/velodyne/velodyne_driver -DCMAKE_INSTALL_PREFIX=/home/jezzy/huskybot/install/velodyne_driver
[0.750s] -- The C compiler identification is GNU 11.4.0
[2.427s] -- The CXX compiler identification is GNU 11.4.0
[3.615s] -- Detecting C compiler ABI info
[4.265s] -- Detecting C compiler ABI info - done
[4.298s] -- Check for working C compiler: /usr/bin/cc - skipped
[4.299s] -- Detecting C compile features
[4.300s] -- Detecting C compile features - done
[4.313s] -- Detecting CXX compiler ABI info
[4.918s] -- Detecting CXX compiler ABI info - done
[4.956s] -- Check for working CXX compiler: /usr/bin/c++ - skipped
[4.956s] -- Detecting CXX compile features
[4.958s] -- Detecting CXX compile features - done
[4.971s] -- Found ament_cmake_ros: 0.10.0 (/opt/ros/humble/share/ament_cmake_ros/cmake)
[5.692s] -- Found Python3: /usr/bin/python3 (found version "3.10.12") found components: Interpreter 
[6.241s] -- Found diagnostic_updater: 4.0.3 (/opt/ros/humble/share/diagnostic_updater/cmake)
[6.882s] -- Found rosidl_generator_c: 3.1.6 (/opt/ros/humble/share/rosidl_generator_c/cmake)
[6.921s] -- Found rosidl_adapter: 3.1.6 (/opt/ros/humble/share/rosidl_adapter/cmake)
[6.975s] -- Found rosidl_generator_cpp: 3.1.6 (/opt/ros/humble/share/rosidl_generator_cpp/cmake)
[7.061s] -- Using all available rosidl_typesupport_c: rosidl_typesupport_fastrtps_c;rosidl_typesupport_introspection_c
[7.173s] -- Using all available rosidl_typesupport_cpp: rosidl_typesupport_fastrtps_cpp;rosidl_typesupport_introspection_cpp
[7.742s] -- Found rmw_implementation_cmake: 6.1.2 (/opt/ros/humble/share/rmw_implementation_cmake/cmake)
[7.770s] -- Found rmw_fastrtps_cpp: 6.2.7 (/opt/ros/humble/share/rmw_fastrtps_cpp/cmake)
[12.632s] -- Found OpenSSL: /usr/lib/x86_64-linux-gnu/libcrypto.so (found version "3.0.2")  
[17.457s] -- Found FastRTPS: /opt/ros/humble/include  
[26.506s] -- Using RMW implementation 'rmw_fastrtps_cpp' as default
[26.581s] -- Looking for pthread.h
[27.122s] -- Looking for pthread.h - found
[27.123s] -- Performing Test CMAKE_HAVE_LIBC_PTHREAD
[27.648s] -- Performing Test CMAKE_HAVE_LIBC_PTHREAD - Success
[27.654s] -- Found Threads: TRUE  
[27.959s] -- Found rclcpp_components: 16.0.12 (/opt/ros/humble/share/rclcpp_components/cmake)
[28.106s] -- Found tf2_ros: 0.25.12 (/opt/ros/humble/share/tf2_ros/cmake)
[28.746s] -- Found velodyne_msgs: 2.5.1 (/home/jezzy/huskybot/install/velodyne_msgs/share/velodyne_msgs/cmake)
[28.815s] -- Found ament_lint_auto: 0.12.12 (/opt/ros/humble/share/ament_lint_auto/cmake)
[29.191s] -- Found gtest sources under '/opt/ros/humble/src/gtest_vendor': C++ tests using 'Google Test' will be built
[29.222s] -- Added test 'copyright' to check source files copyright and LICENSE
[29.231s] -- Added test 'cppcheck' to perform static code analysis on C / C++ code
[29.233s] -- Configured cppcheck include dirs: $<BUILD_INTERFACE:/home/jezzy/huskybot/src/velodyne/velodyne_driver/include>
[29.234s] -- Configured cppcheck exclude dirs and/or files: 
[29.245s] -- Added test 'cpplint' to check C / C++ code against the Google style
[29.245s] -- Configured cpplint exclude dirs and/or files: 
[29.256s] -- Added test 'flake8' to check Python code syntax and style conventions
[29.262s] -- Added test 'lint_cmake' to check CMake code style
[29.267s] -- Added test 'pep257' to check Python code against some of the docstring style conventions in PEP 257
[29.275s] -- Added test 'uncrustify' to check C / C++ code style
[29.276s] -- Configured uncrustify additional arguments: 
[29.281s] -- Added test 'xmllint' to check XML markup files
[29.313s] -- Configuring done
[29.467s] -- Generating done
[29.504s] -- Build files have been written to: /home/jezzy/huskybot/build/velodyne_driver
[29.545s] Invoked command in '/home/jezzy/huskybot/build/velodyne_driver' returned '0': AMENT_PREFIX_PATH=/home/jezzy/huskybot/install/velodyne_msgs:${AMENT_PREFIX_PATH} CMAKE_PREFIX_PATH=/home/jezzy/huskybot/install/velodyne_msgs:/home/jezzy/huskybot/install/huskybot_control:/home/jezzy/huskybot/install/husky_custom_description:/home/jezzy/husky_ws/turtlebot3/install/turtlebot3:/home/jezzy/husky_ws/turtlebot3/install/turtlebot3_simulations:/home/jezzy/husky_ws/turtlebot3/install/turtlebot3_bringup:/home/jezzy/husky_ws/turtlebot3/install/turtlebot3_node:/home/jezzy/husky_ws/turtlebot3/install/turtlebot3_navigation2:/home/jezzy/husky_ws/turtlebot3/install/turtlebot3_fake_node:/home/jezzy/husky_ws/turtlebot3/install/turtlebot3_msgs:/home/jezzy/husky_ws/turtlebot3/install/turtlebot3_gazebo:/home/jezzy/husky_ws/turtlebot3/install/turtlebot3_description:/home/jezzy/husky_ws/turtlebot3/install/turtlebot3_cartographer:/home/jezzy/husky_ws/turtlebot3/install/dynamixel_sdk_examples:/home/jezzy/husky_ws/turtlebot3/install/dynamixel_sdk_custom_interfaces:/home/jezzy/husky_ws/turtlebot3/install/dynamixel_sdk:/home/jezzy/husky_ws/lintic/install/yolosed:/home/jezzy/husky_ws/lintic/install/visual:/home/jezzy/husky_ws/lintic/install/segnet:/home/jezzy/husky_ws/turtlebot3/install/turtlebot3_teleop:/home/jezzy/husky_ws/turtlebot3/install/turtlebot3_example:/home/jezzy/husky_ws/turtlebot3/install/segtect:/home/jezzy/husky_ws/turtlebot3/install/autonomous_exploration:/opt/ros/humble LD_LIBRARY_PATH=/home/jezzy/huskybot/install/velodyne_msgs/lib:${LD_LIBRARY_PATH} PYTHONPATH=/home/jezzy/huskybot/install/velodyne_msgs/local/lib/python3.10/dist-packages:${PYTHONPATH} /usr/bin/cmake /home/jezzy/huskybot/src/velodyne/velodyne_driver -DCMAKE_INSTALL_PREFIX=/home/jezzy/huskybot/install/velodyne_driver
[29.550s] Invoking command in '/home/jezzy/huskybot/build/velodyne_driver': AMENT_PREFIX_PATH=/home/jezzy/huskybot/install/velodyne_msgs:${AMENT_PREFIX_PATH} CMAKE_PREFIX_PATH=/home/jezzy/huskybot/install/velodyne_msgs:/home/jezzy/huskybot/install/huskybot_control:/home/jezzy/huskybot/install/husky_custom_description:/home/jezzy/husky_ws/turtlebot3/install/turtlebot3:/home/jezzy/husky_ws/turtlebot3/install/turtlebot3_simulations:/home/jezzy/husky_ws/turtlebot3/install/turtlebot3_bringup:/home/jezzy/husky_ws/turtlebot3/install/turtlebot3_node:/home/jezzy/husky_ws/turtlebot3/install/turtlebot3_navigation2:/home/jezzy/husky_ws/turtlebot3/install/turtlebot3_fake_node:/home/jezzy/husky_ws/turtlebot3/install/turtlebot3_msgs:/home/jezzy/husky_ws/turtlebot3/install/turtlebot3_gazebo:/home/jezzy/husky_ws/turtlebot3/install/turtlebot3_description:/home/jezzy/husky_ws/turtlebot3/install/turtlebot3_cartographer:/home/jezzy/husky_ws/turtlebot3/install/dynamixel_sdk_examples:/home/jezzy/husky_ws/turtlebot3/install/dynamixel_sdk_custom_interfaces:/home/jezzy/husky_ws/turtlebot3/install/dynamixel_sdk:/home/jezzy/husky_ws/lintic/install/yolosed:/home/jezzy/husky_ws/lintic/install/visual:/home/jezzy/husky_ws/lintic/install/segnet:/home/jezzy/husky_ws/turtlebot3/install/turtlebot3_teleop:/home/jezzy/husky_ws/turtlebot3/install/turtlebot3_example:/home/jezzy/husky_ws/turtlebot3/install/segtect:/home/jezzy/husky_ws/turtlebot3/install/autonomous_exploration:/opt/ros/humble LD_LIBRARY_PATH=/home/jezzy/huskybot/install/velodyne_msgs/lib:${LD_LIBRARY_PATH} PYTHONPATH=/home/jezzy/huskybot/install/velodyne_msgs/local/lib/python3.10/dist-packages:${PYTHONPATH} /usr/bin/cmake --build /home/jezzy/huskybot/build/velodyne_driver -- -j4 -l4
[29.706s] [  8%] [32mBuilding CXX object CMakeFiles/velodyne_input.dir/src/lib/input.cpp.o[0m
[40.158s] [ 16%] [32m[1mLinking CXX shared library libvelodyne_input.so[0m
[40.773s] [ 16%] Built target velodyne_input
[40.809s] [ 25%] [32mBuilding CXX object gtest/CMakeFiles/gtest.dir/src/gtest-all.cc.o[0m
[47.236s] [ 33%] [32m[1mLinking CXX static library libgtest.a[0m
[47.356s] [ 33%] Built target gtest
[47.387s] [ 41%] [32mBuilding CXX object CMakeFiles/velodyne_driver.dir/src/driver/driver.cpp.o[0m
[71.951s] [ 50%] [32m[1mLinking CXX shared library libvelodyne_driver.so[0m
[74.093s] [ 50%] Built target velodyne_driver
[74.157s] [ 58%] [32mBuilding CXX object gtest/CMakeFiles/gtest_main.dir/src/gtest_main.cc.o[0m
[74.179s] [ 66%] [32mBuilding CXX object CMakeFiles/velodyne_driver_node.dir/src/driver/velodyne_node.cpp.o[0m
[76.410s] [ 75%] [32m[1mLinking CXX static library libgtest_main.a[0m
[76.482s] [ 75%] Built target gtest_main
[76.539s] [ 83%] [32mBuilding CXX object CMakeFiles/time_test.dir/tests/timeconversiontest.cpp.o[0m
[84.607s] [ 91%] [32m[1mLinking CXX executable velodyne_driver_node[0m
[85.366s] [ 91%] Built target velodyne_driver_node
[86.381s] [100%] [32m[1mLinking CXX executable time_test[0m
[86.966s] [100%] Built target time_test
[86.984s] Invoked command in '/home/jezzy/huskybot/build/velodyne_driver' returned '0': AMENT_PREFIX_PATH=/home/jezzy/huskybot/install/velodyne_msgs:${AMENT_PREFIX_PATH} CMAKE_PREFIX_PATH=/home/jezzy/huskybot/install/velodyne_msgs:/home/jezzy/huskybot/install/huskybot_control:/home/jezzy/huskybot/install/husky_custom_description:/home/jezzy/husky_ws/turtlebot3/install/turtlebot3:/home/jezzy/husky_ws/turtlebot3/install/turtlebot3_simulations:/home/jezzy/husky_ws/turtlebot3/install/turtlebot3_bringup:/home/jezzy/husky_ws/turtlebot3/install/turtlebot3_node:/home/jezzy/husky_ws/turtlebot3/install/turtlebot3_navigation2:/home/jezzy/husky_ws/turtlebot3/install/turtlebot3_fake_node:/home/jezzy/husky_ws/turtlebot3/install/turtlebot3_msgs:/home/jezzy/husky_ws/turtlebot3/install/turtlebot3_gazebo:/home/jezzy/husky_ws/turtlebot3/install/turtlebot3_description:/home/jezzy/husky_ws/turtlebot3/install/turtlebot3_cartographer:/home/jezzy/husky_ws/turtlebot3/install/dynamixel_sdk_examples:/home/jezzy/husky_ws/turtlebot3/install/dynamixel_sdk_custom_interfaces:/home/jezzy/husky_ws/turtlebot3/install/dynamixel_sdk:/home/jezzy/husky_ws/lintic/install/yolosed:/home/jezzy/husky_ws/lintic/install/visual:/home/jezzy/husky_ws/lintic/install/segnet:/home/jezzy/husky_ws/turtlebot3/install/turtlebot3_teleop:/home/jezzy/husky_ws/turtlebot3/install/turtlebot3_example:/home/jezzy/husky_ws/turtlebot3/install/segtect:/home/jezzy/husky_ws/turtlebot3/install/autonomous_exploration:/opt/ros/humble LD_LIBRARY_PATH=/home/jezzy/huskybot/install/velodyne_msgs/lib:${LD_LIBRARY_PATH} PYTHONPATH=/home/jezzy/huskybot/install/velodyne_msgs/local/lib/python3.10/dist-packages:${PYTHONPATH} /usr/bin/cmake --build /home/jezzy/huskybot/build/velodyne_driver -- -j4 -l4
[86.987s] Invoking command in '/home/jezzy/huskybot/build/velodyne_driver': AMENT_PREFIX_PATH=/home/jezzy/huskybot/install/velodyne_msgs:${AMENT_PREFIX_PATH} CMAKE_PREFIX_PATH=/home/jezzy/huskybot/install/velodyne_msgs:/home/jezzy/huskybot/install/huskybot_control:/home/jezzy/huskybot/install/husky_custom_description:/home/jezzy/husky_ws/turtlebot3/install/turtlebot3:/home/jezzy/husky_ws/turtlebot3/install/turtlebot3_simulations:/home/jezzy/husky_ws/turtlebot3/install/turtlebot3_bringup:/home/jezzy/husky_ws/turtlebot3/install/turtlebot3_node:/home/jezzy/husky_ws/turtlebot3/install/turtlebot3_navigation2:/home/jezzy/husky_ws/turtlebot3/install/turtlebot3_fake_node:/home/jezzy/husky_ws/turtlebot3/install/turtlebot3_msgs:/home/jezzy/husky_ws/turtlebot3/install/turtlebot3_gazebo:/home/jezzy/husky_ws/turtlebot3/install/turtlebot3_description:/home/jezzy/husky_ws/turtlebot3/install/turtlebot3_cartographer:/home/jezzy/husky_ws/turtlebot3/install/dynamixel_sdk_examples:/home/jezzy/husky_ws/turtlebot3/install/dynamixel_sdk_custom_interfaces:/home/jezzy/husky_ws/turtlebot3/install/dynamixel_sdk:/home/jezzy/husky_ws/lintic/install/yolosed:/home/jezzy/husky_ws/lintic/install/visual:/home/jezzy/husky_ws/lintic/install/segnet:/home/jezzy/husky_ws/turtlebot3/install/turtlebot3_teleop:/home/jezzy/husky_ws/turtlebot3/install/turtlebot3_example:/home/jezzy/husky_ws/turtlebot3/install/segtect:/home/jezzy/husky_ws/turtlebot3/install/autonomous_exploration:/opt/ros/humble LD_LIBRARY_PATH=/home/jezzy/huskybot/install/velodyne_msgs/lib:${LD_LIBRARY_PATH} PYTHONPATH=/home/jezzy/huskybot/install/velodyne_msgs/local/lib/python3.10/dist-packages:${PYTHONPATH} /usr/bin/cmake --install /home/jezzy/huskybot/build/velodyne_driver
[86.997s] -- Install configuration: ""
[86.998s] -- Installing: /home/jezzy/huskybot/install/velodyne_driver/lib/libvelodyne_input.so
[87.000s] -- Set runtime path of "/home/jezzy/huskybot/install/velodyne_driver/lib/libvelodyne_input.so" to ""
[87.000s] -- Installing: /home/jezzy/huskybot/install/velodyne_driver/lib/libvelodyne_driver.so
[87.014s] -- Set runtime path of "/home/jezzy/huskybot/install/velodyne_driver/lib/libvelodyne_driver.so" to ""
[87.015s] -- Installing: /home/jezzy/huskybot/install/velodyne_driver/lib/velodyne_driver/velodyne_driver_node
[87.016s] -- Set runtime path of "/home/jezzy/huskybot/install/velodyne_driver/lib/velodyne_driver/velodyne_driver_node" to ""
[87.016s] -- Installing: /home/jezzy/huskybot/install/velodyne_driver/include/velodyne_driver
[87.017s] -- Installing: /home/jezzy/huskybot/install/velodyne_driver/include/velodyne_driver/time_conversion.hpp
[87.017s] -- Installing: /home/jezzy/huskybot/install/velodyne_driver/include/velodyne_driver/input.hpp
[87.017s] -- Installing: /home/jezzy/huskybot/install/velodyne_driver/include/velodyne_driver/driver.hpp
[87.018s] -- Installing: /home/jezzy/huskybot/install/velodyne_driver/share/velodyne_driver/config
[87.018s] -- Installing: /home/jezzy/huskybot/install/velodyne_driver/share/velodyne_driver/config/VLP16-velodyne_driver_node-params.yaml
[87.019s] -- Installing: /home/jezzy/huskybot/install/velodyne_driver/share/velodyne_driver/config/VLS128-velodyne_driver_node-params.yaml
[87.019s] -- Installing: /home/jezzy/huskybot/install/velodyne_driver/share/velodyne_driver/config/VLP32C-velodyne_driver_node-params.yaml
[87.019s] -- Installing: /home/jezzy/huskybot/install/velodyne_driver/share/velodyne_driver/launch
[87.019s] -- Installing: /home/jezzy/huskybot/install/velodyne_driver/share/velodyne_driver/launch/velodyne_driver_node-VLP16-composed-launch.py
[87.020s] -- Installing: /home/jezzy/huskybot/install/velodyne_driver/share/velodyne_driver/launch/velodyne_driver_node-VLS128-composed-launch.py
[87.020s] -- Installing: /home/jezzy/huskybot/install/velodyne_driver/share/velodyne_driver/launch/velodyne_driver_node-VLP32C-launch.py
[87.020s] -- Installing: /home/jezzy/huskybot/install/velodyne_driver/share/velodyne_driver/launch/velodyne_driver_node-VLP16-launch.py
[87.020s] -- Installing: /home/jezzy/huskybot/install/velodyne_driver/share/velodyne_driver/launch/velodyne_driver_node-VLP32C-composed-launch.py
[87.020s] -- Installing: /home/jezzy/huskybot/install/velodyne_driver/share/velodyne_driver/launch/velodyne_driver_node-VLS128-launch.py
[87.021s] -- Installing: /home/jezzy/huskybot/install/velodyne_driver/lib/velodyne_driver/vdump
[87.022s] -- Installing: /home/jezzy/huskybot/install/velodyne_driver/share/ament_index/resource_index/package_run_dependencies/velodyne_driver
[87.022s] -- Installing: /home/jezzy/huskybot/install/velodyne_driver/share/ament_index/resource_index/parent_prefix_path/velodyne_driver
[87.023s] -- Installing: /home/jezzy/huskybot/install/velodyne_driver/share/velodyne_driver/environment/ament_prefix_path.sh
[87.023s] -- Installing: /home/jezzy/huskybot/install/velodyne_driver/share/velodyne_driver/environment/ament_prefix_path.dsv
[87.024s] -- Installing: /home/jezzy/huskybot/install/velodyne_driver/share/velodyne_driver/environment/path.sh
[87.024s] -- Installing: /home/jezzy/huskybot/install/velodyne_driver/share/velodyne_driver/environment/path.dsv
[87.024s] -- Installing: /home/jezzy/huskybot/install/velodyne_driver/share/velodyne_driver/local_setup.bash
[87.025s] -- Installing: /home/jezzy/huskybot/install/velodyne_driver/share/velodyne_driver/local_setup.sh
[87.025s] -- Installing: /home/jezzy/huskybot/install/velodyne_driver/share/velodyne_driver/local_setup.zsh
[87.025s] -- Installing: /home/jezzy/huskybot/install/velodyne_driver/share/velodyne_driver/local_setup.dsv
[87.025s] -- Installing: /home/jezzy/huskybot/install/velodyne_driver/share/velodyne_driver/package.dsv
[87.026s] -- Installing: /home/jezzy/huskybot/install/velodyne_driver/share/ament_index/resource_index/packages/velodyne_driver
[87.027s] -- Installing: /home/jezzy/huskybot/install/velodyne_driver/share/ament_index/resource_index/rclcpp_components/velodyne_driver
[87.027s] -- Installing: /home/jezzy/huskybot/install/velodyne_driver/share/velodyne_driver/cmake/velodyne_driverExport.cmake
[87.028s] -- Installing: /home/jezzy/huskybot/install/velodyne_driver/share/velodyne_driver/cmake/velodyne_driverExport-noconfig.cmake
[87.028s] -- Installing: /home/jezzy/huskybot/install/velodyne_driver/share/velodyne_driver/cmake/ament_cmake_export_include_directories-extras.cmake
[87.028s] -- Installing: /home/jezzy/huskybot/install/velodyne_driver/share/velodyne_driver/cmake/ament_cmake_export_targets-extras.cmake
[87.028s] -- Installing: /home/jezzy/huskybot/install/velodyne_driver/share/velodyne_driver/cmake/ament_cmake_export_dependencies-extras.cmake
[87.029s] -- Installing: /home/jezzy/huskybot/install/velodyne_driver/share/velodyne_driver/cmake/velodyne_driverConfig.cmake
[87.029s] -- Installing: /home/jezzy/huskybot/install/velodyne_driver/share/velodyne_driver/cmake/velodyne_driverConfig-version.cmake
[87.029s] -- Installing: /home/jezzy/huskybot/install/velodyne_driver/share/velodyne_driver/package.xml
[87.034s] Invoked command in '/home/jezzy/huskybot/build/velodyne_driver' returned '0': AMENT_PREFIX_PATH=/home/jezzy/huskybot/install/velodyne_msgs:${AMENT_PREFIX_PATH} CMAKE_PREFIX_PATH=/home/jezzy/huskybot/install/velodyne_msgs:/home/jezzy/huskybot/install/huskybot_control:/home/jezzy/huskybot/install/husky_custom_description:/home/jezzy/husky_ws/turtlebot3/install/turtlebot3:/home/jezzy/husky_ws/turtlebot3/install/turtlebot3_simulations:/home/jezzy/husky_ws/turtlebot3/install/turtlebot3_bringup:/home/jezzy/husky_ws/turtlebot3/install/turtlebot3_node:/home/jezzy/husky_ws/turtlebot3/install/turtlebot3_navigation2:/home/jezzy/husky_ws/turtlebot3/install/turtlebot3_fake_node:/home/jezzy/husky_ws/turtlebot3/install/turtlebot3_msgs:/home/jezzy/husky_ws/turtlebot3/install/turtlebot3_gazebo:/home/jezzy/husky_ws/turtlebot3/install/turtlebot3_description:/home/jezzy/husky_ws/turtlebot3/install/turtlebot3_cartographer:/home/jezzy/husky_ws/turtlebot3/install/dynamixel_sdk_examples:/home/jezzy/husky_ws/turtlebot3/install/dynamixel_sdk_custom_interfaces:/home/jezzy/husky_ws/turtlebot3/install/dynamixel_sdk:/home/jezzy/husky_ws/lintic/install/yolosed:/home/jezzy/husky_ws/lintic/install/visual:/home/jezzy/husky_ws/lintic/install/segnet:/home/jezzy/husky_ws/turtlebot3/install/turtlebot3_teleop:/home/jezzy/husky_ws/turtlebot3/install/turtlebot3_example:/home/jezzy/husky_ws/turtlebot3/install/segtect:/home/jezzy/husky_ws/turtlebot3/install/autonomous_exploration:/opt/ros/humble LD_LIBRARY_PATH=/home/jezzy/huskybot/install/velodyne_msgs/lib:${LD_LIBRARY_PATH} PYTHONPATH=/home/jezzy/huskybot/install/velodyne_msgs/local/lib/python3.10/dist-packages:${PYTHONPATH} /usr/bin/cmake --install /home/jezzy/huskybot/build/velodyne_driver
