running egg_info
creating ../../build/huskybot_navigation/huskybot_navigation.egg-info
writing ../../build/huskybot_navigation/huskybot_navigation.egg-info/PKG-INFO
writing dependency_links to ../../build/huskybot_navigation/huskybot_navigation.egg-info/dependency_links.txt
writing entry points to ../../build/huskybot_navigation/huskybot_navigation.egg-info/entry_points.txt
writing requirements to ../../build/huskybot_navigation/huskybot_navigation.egg-info/requires.txt
writing top-level names to ../../build/huskybot_navigation/huskybot_navigation.egg-info/top_level.txt
writing manifest file '../../build/huskybot_navigation/huskybot_navigation.egg-info/SOURCES.txt'
reading manifest file '../../build/huskybot_navigation/huskybot_navigation.egg-info/SOURCES.txt'
writing manifest file '../../build/huskybot_navigation/huskybot_navigation.egg-info/SOURCES.txt'
running build
running build_py
creating /home/jezzy/huskybot/build/huskybot_navigation/build
creating /home/jezzy/huskybot/build/huskybot_navigation/build/lib
creating /home/jezzy/huskybot/build/huskybot_navigation/build/lib/huskybot_navigation
copying huskybot_navigation/navigation_node.py -> /home/jezzy/huskybot/build/huskybot_navigation/build/lib/huskybot_navigation
copying huskybot_navigation/__init__.py -> /home/jezzy/huskybot/build/huskybot_navigation/build/lib/huskybot_navigation
running install
running install_lib
creating /home/jezzy/huskybot/install/huskybot_navigation/lib/python3.10/site-packages/huskybot_navigation
copying /home/jezzy/huskybot/build/huskybot_navigation/build/lib/huskybot_navigation/navigation_node.py -> /home/jezzy/huskybot/install/huskybot_navigation/lib/python3.10/site-packages/huskybot_navigation
copying /home/jezzy/huskybot/build/huskybot_navigation/build/lib/huskybot_navigation/__init__.py -> /home/jezzy/huskybot/install/huskybot_navigation/lib/python3.10/site-packages/huskybot_navigation
byte-compiling /home/jezzy/huskybot/install/huskybot_navigation/lib/python3.10/site-packages/huskybot_navigation/navigation_node.py to navigation_node.cpython-310.pyc
byte-compiling /home/jezzy/huskybot/install/huskybot_navigation/lib/python3.10/site-packages/huskybot_navigation/__init__.py to __init__.cpython-310.pyc
running install_data
creating /home/jezzy/huskybot/install/huskybot_navigation/share/ament_index
creating /home/jezzy/huskybot/install/huskybot_navigation/share/ament_index/resource_index
creating /home/jezzy/huskybot/install/huskybot_navigation/share/ament_index/resource_index/packages
copying resource/huskybot_navigation -> /home/jezzy/huskybot/install/huskybot_navigation/share/ament_index/resource_index/packages
copying package.xml -> /home/jezzy/huskybot/install/huskybot_navigation/share/huskybot_navigation
running install_egg_info
Copying ../../build/huskybot_navigation/huskybot_navigation.egg-info to /home/jezzy/huskybot/install/huskybot_navigation/lib/python3.10/site-packages/huskybot_navigation-0.0.0-py3.10.egg-info
running install_scripts
writing list of installed files to '/home/jezzy/huskybot/build/huskybot_navigation/install.log'
