-- Install configuration: ""
-- Up-to-date: /home/jezzy/huskybot/install/husky_custom_description/share/husky_custom_description//urdf
-- Installing: /home/jezzy/huskybot/install/husky_custom_description/share/husky_custom_description//urdf/custom_description.urdf.xacro
-- Up-to-date: /home/jezzy/huskybot/install/husky_custom_description/share/husky_custom_description//urdf/empty.urdf
-- Up-to-date: /home/jezzy/huskybot/install/husky_custom_description/share/husky_custom_description//urdf/wheel.urdf.xacro
-- Up-to-date: /home/jezzy/huskybot/install/husky_custom_description/share/husky_custom_description//urdf/husky.urdf.xacro
-- Up-to-date: /home/jezzy/huskybot/install/husky_custom_description/share/husky_custom_description//urdf/decorations.urdf.xacro
-- Up-to-date: /home/jezzy/huskybot/install/husky_custom_description/share/husky_custom_description//urdf/pacs.urdf.xacro
-- Up-to-date: /home/jezzy/huskybot/install/husky_custom_description/share/husky_custom_description//urdf/accessories
-- Up-to-date: /home/jezzy/huskybot/install/husky_custom_description/share/husky_custom_description//urdf/accessories/hokuyo_ust10.urdf.xacro
-- Installing: /home/jezzy/huskybot/install/husky_custom_description/share/husky_custom_description//urdf/accessories/flir_blackfly_mount.urdf.xacro
-- Up-to-date: /home/jezzy/huskybot/install/husky_custom_description/share/husky_custom_description//urdf/accessories/sick_lms1xx_mount.urdf.xacro
-- Up-to-date: /home/jezzy/huskybot/install/husky_custom_description/share/husky_custom_description//urdf/accessories/intel_realsense.urdf.xacro
-- Up-to-date: /home/jezzy/huskybot/install/husky_custom_description/share/husky_custom_description//urdf/accessories/vlp16_mount.urdf.xacro
-- Up-to-date: /home/jezzy/huskybot/install/husky_custom_description/share/husky_custom_description//urdf/accessories/sensor_arch.urdf.xacro
-- Up-to-date: /home/jezzy/huskybot/install/husky_custom_description/share/ament_index/resource_index/package_run_dependencies/husky_custom_description
-- Up-to-date: /home/jezzy/huskybot/install/husky_custom_description/share/ament_index/resource_index/parent_prefix_path/husky_custom_description
-- Up-to-date: /home/jezzy/huskybot/install/husky_custom_description/share/husky_custom_description/environment/ament_prefix_path.sh
-- Up-to-date: /home/jezzy/huskybot/install/husky_custom_description/share/husky_custom_description/environment/ament_prefix_path.dsv
-- Up-to-date: /home/jezzy/huskybot/install/husky_custom_description/share/husky_custom_description/environment/path.sh
-- Up-to-date: /home/jezzy/huskybot/install/husky_custom_description/share/husky_custom_description/environment/path.dsv
-- Up-to-date: /home/jezzy/huskybot/install/husky_custom_description/share/husky_custom_description/local_setup.bash
-- Up-to-date: /home/jezzy/huskybot/install/husky_custom_description/share/husky_custom_description/local_setup.sh
-- Up-to-date: /home/jezzy/huskybot/install/husky_custom_description/share/husky_custom_description/local_setup.zsh
-- Up-to-date: /home/jezzy/huskybot/install/husky_custom_description/share/husky_custom_description/local_setup.dsv
-- Up-to-date: /home/jezzy/huskybot/install/husky_custom_description/share/husky_custom_description/package.dsv
-- Up-to-date: /home/jezzy/huskybot/install/husky_custom_description/share/ament_index/resource_index/packages/husky_custom_description
-- Up-to-date: /home/jezzy/huskybot/install/husky_custom_description/share/husky_custom_description/cmake/husky_custom_descriptionConfig.cmake
-- Up-to-date: /home/jezzy/huskybot/install/husky_custom_description/share/husky_custom_description/cmake/husky_custom_descriptionConfig-version.cmake
-- Up-to-date: /home/jezzy/huskybot/install/husky_custom_description/share/husky_custom_description/package.xml
