[0.100s] Invoking command in '/home/jezzy/yolobot/build/lio_sam': CMAKE_PREFIX_PATH=${CMAKE_PREFIX_PATH}:/home/jezzy/yolobot/install/yolobot_fusion:/home/jezzy/yolobot/install/yolobot_navigation:/home/jezzy/husky_ws/lintic/install/yolosed:/home/jezzy/husky_ws/lintic/install/visual:/home/jezzy/husky_ws/lintic/install/segnet:/home/jezzy/husky_ws/turtlebot3/install/turtlebot3_teleop:/home/jezzy/husky_ws/turtlebot3/install/turtlebot3_example:/home/jezzy/husky_ws/turtlebot3/install/segtect:/home/jezzy/husky_ws/turtlebot3/install/autonomous_exploration:/opt/ros/humble /usr/bin/cmake --build /home/jezzy/yolobot/build/lio_sam -- -j4 -l4
[0.639s] [  2%] Built target lio_sam__cpp
[0.687s] [ 10%] Built target lio_sam__rosidl_generator_c
[0.688s] [ 10%] Built target ament_cmake_python_copy_lio_sam
[0.825s] [ 19%] Built target lio_sam__rosidl_typesupport_cpp
[0.907s] [ 27%] Built target lio_sam__rosidl_typesupport_introspection_cpp
[0.910s] [ 36%] Built target lio_sam__rosidl_typesupport_fastrtps_cpp
[0.944s] [ 44%] Built target lio_sam__rosidl_typesupport_fastrtps_c
[0.997s] [ 53%] Built target lio_sam__rosidl_typesupport_introspection_c
[1.013s] [ 61%] Built target lio_sam__rosidl_typesupport_c
[1.329s] [ 65%] Built target lio_sam_featureExtraction
[1.379s] [ 70%] Built target lio_sam_imageProjection
[1.411s] [ 74%] Built target lio_sam_imuPreintegration
[1.474s] [ 74%] Built target lio_sam
[1.601s] [ 76%] Built target lio_sam__py
[1.721s] [ 82%] Built target lio_sam__rosidl_generator_py
[1.740s] [ 87%] Built target lio_sam_mapOptimization
[1.925s] [ 93%] Built target lio_sam__rosidl_typesupport_introspection_c__pyext
[1.926s] [ 95%] Built target lio_sam__rosidl_typesupport_fastrtps_c__pyext
[1.955s] [100%] Built target lio_sam__rosidl_typesupport_c__pyext
[2.524s] running egg_info
[2.526s] writing lio_sam.egg-info/PKG-INFO
[2.526s] writing dependency_links to lio_sam.egg-info/dependency_links.txt
[2.527s] writing top-level names to lio_sam.egg-info/top_level.txt
[2.535s] reading manifest file 'lio_sam.egg-info/SOURCES.txt'
[2.538s] writing manifest file 'lio_sam.egg-info/SOURCES.txt'
[2.630s] [100%] Built target ament_cmake_python_build_lio_sam_egg
[3.620s] Invoked command in '/home/jezzy/yolobot/build/lio_sam' returned '0': CMAKE_PREFIX_PATH=${CMAKE_PREFIX_PATH}:/home/jezzy/yolobot/install/yolobot_fusion:/home/jezzy/yolobot/install/yolobot_navigation:/home/jezzy/husky_ws/lintic/install/yolosed:/home/jezzy/husky_ws/lintic/install/visual:/home/jezzy/husky_ws/lintic/install/segnet:/home/jezzy/husky_ws/turtlebot3/install/turtlebot3_teleop:/home/jezzy/husky_ws/turtlebot3/install/turtlebot3_example:/home/jezzy/husky_ws/turtlebot3/install/segtect:/home/jezzy/husky_ws/turtlebot3/install/autonomous_exploration:/opt/ros/humble /usr/bin/cmake --build /home/jezzy/yolobot/build/lio_sam -- -j4 -l4
[3.631s] Invoking command in '/home/jezzy/yolobot/build/lio_sam': CMAKE_PREFIX_PATH=${CMAKE_PREFIX_PATH}:/home/jezzy/yolobot/install/yolobot_fusion:/home/jezzy/yolobot/install/yolobot_navigation:/home/jezzy/husky_ws/lintic/install/yolosed:/home/jezzy/husky_ws/lintic/install/visual:/home/jezzy/husky_ws/lintic/install/segnet:/home/jezzy/husky_ws/turtlebot3/install/turtlebot3_teleop:/home/jezzy/husky_ws/turtlebot3/install/turtlebot3_example:/home/jezzy/husky_ws/turtlebot3/install/segtect:/home/jezzy/husky_ws/turtlebot3/install/autonomous_exploration:/opt/ros/humble /usr/bin/cmake --install /home/jezzy/yolobot/build/lio_sam
[3.658s] -- Install configuration: "Release"
[3.659s] -- Up-to-date: /home/jezzy/yolobot/install/lio_sam/share/ament_index/resource_index/rosidl_interfaces/lio_sam
[3.659s] -- Up-to-date: /home/jezzy/yolobot/install/lio_sam/include/lio_sam/lio_sam
[3.660s] -- Up-to-date: /home/jezzy/yolobot/install/lio_sam/include/lio_sam/lio_sam/msg
[3.660s] -- Up-to-date: /home/jezzy/yolobot/install/lio_sam/include/lio_sam/lio_sam/msg/rosidl_generator_c__visibility_control.h
[3.661s] -- Up-to-date: /home/jezzy/yolobot/install/lio_sam/include/lio_sam/lio_sam/msg/detail
[3.661s] -- Up-to-date: /home/jezzy/yolobot/install/lio_sam/include/lio_sam/lio_sam/msg/detail/cloud_info__type_support.h
[3.661s] -- Up-to-date: /home/jezzy/yolobot/install/lio_sam/include/lio_sam/lio_sam/msg/detail/cloud_info__functions.h
[3.661s] -- Up-to-date: /home/jezzy/yolobot/install/lio_sam/include/lio_sam/lio_sam/msg/detail/cloud_info__functions.c
[3.661s] -- Up-to-date: /home/jezzy/yolobot/install/lio_sam/include/lio_sam/lio_sam/msg/detail/cloud_info__struct.h
[3.662s] -- Up-to-date: /home/jezzy/yolobot/install/lio_sam/include/lio_sam/lio_sam/msg/cloud_info.h
[3.662s] -- Up-to-date: /home/jezzy/yolobot/install/lio_sam/include/lio_sam/lio_sam/srv
[3.662s] -- Up-to-date: /home/jezzy/yolobot/install/lio_sam/include/lio_sam/lio_sam/srv/detail
[3.663s] -- Up-to-date: /home/jezzy/yolobot/install/lio_sam/include/lio_sam/lio_sam/srv/detail/save_map__functions.c
[3.663s] -- Up-to-date: /home/jezzy/yolobot/install/lio_sam/include/lio_sam/lio_sam/srv/detail/save_map__struct.h
[3.663s] -- Up-to-date: /home/jezzy/yolobot/install/lio_sam/include/lio_sam/lio_sam/srv/detail/save_map__type_support.h
[3.664s] -- Up-to-date: /home/jezzy/yolobot/install/lio_sam/include/lio_sam/lio_sam/srv/detail/save_map__functions.h
[3.665s] -- Up-to-date: /home/jezzy/yolobot/install/lio_sam/include/lio_sam/lio_sam/srv/save_map.h
[3.666s] -- Up-to-date: /home/jezzy/yolobot/install/lio_sam/share/lio_sam/environment/library_path.sh
[3.667s] -- Up-to-date: /home/jezzy/yolobot/install/lio_sam/share/lio_sam/environment/library_path.dsv
[3.674s] -- Up-to-date: /home/jezzy/yolobot/install/lio_sam/lib/liblio_sam__rosidl_generator_c.so
[3.675s] -- Up-to-date: /home/jezzy/yolobot/install/lio_sam/include/lio_sam/lio_sam
[3.675s] -- Up-to-date: /home/jezzy/yolobot/install/lio_sam/include/lio_sam/lio_sam/msg
[3.676s] -- Up-to-date: /home/jezzy/yolobot/install/lio_sam/include/lio_sam/lio_sam/msg/detail
[3.676s] -- Up-to-date: /home/jezzy/yolobot/install/lio_sam/include/lio_sam/lio_sam/msg/detail/cloud_info__rosidl_typesupport_fastrtps_c.h
[3.676s] -- Up-to-date: /home/jezzy/yolobot/install/lio_sam/include/lio_sam/lio_sam/msg/rosidl_typesupport_fastrtps_c__visibility_control.h
[3.677s] -- Up-to-date: /home/jezzy/yolobot/install/lio_sam/include/lio_sam/lio_sam/srv
[3.677s] -- Up-to-date: /home/jezzy/yolobot/install/lio_sam/include/lio_sam/lio_sam/srv/detail
[3.678s] -- Up-to-date: /home/jezzy/yolobot/install/lio_sam/include/lio_sam/lio_sam/srv/detail/save_map__rosidl_typesupport_fastrtps_c.h
[3.688s] -- Up-to-date: /home/jezzy/yolobot/install/lio_sam/lib/liblio_sam__rosidl_typesupport_fastrtps_c.so
[3.689s] -- Up-to-date: /home/jezzy/yolobot/install/lio_sam/include/lio_sam/lio_sam
[3.689s] -- Up-to-date: /home/jezzy/yolobot/install/lio_sam/include/lio_sam/lio_sam/msg
[3.689s] -- Up-to-date: /home/jezzy/yolobot/install/lio_sam/include/lio_sam/lio_sam/msg/rosidl_typesupport_introspection_c__visibility_control.h
[3.690s] -- Up-to-date: /home/jezzy/yolobot/install/lio_sam/include/lio_sam/lio_sam/msg/detail
[3.690s] -- Up-to-date: /home/jezzy/yolobot/install/lio_sam/include/lio_sam/lio_sam/msg/detail/cloud_info__rosidl_typesupport_introspection_c.h
[3.690s] -- Up-to-date: /home/jezzy/yolobot/install/lio_sam/include/lio_sam/lio_sam/msg/detail/cloud_info__type_support.c
[3.690s] -- Up-to-date: /home/jezzy/yolobot/install/lio_sam/include/lio_sam/lio_sam/srv
[3.691s] -- Up-to-date: /home/jezzy/yolobot/install/lio_sam/include/lio_sam/lio_sam/srv/detail
[3.691s] -- Up-to-date: /home/jezzy/yolobot/install/lio_sam/include/lio_sam/lio_sam/srv/detail/save_map__rosidl_typesupport_introspection_c.h
[3.691s] -- Up-to-date: /home/jezzy/yolobot/install/lio_sam/include/lio_sam/lio_sam/srv/detail/save_map__type_support.c
[3.693s] -- Up-to-date: /home/jezzy/yolobot/install/lio_sam/lib/liblio_sam__rosidl_typesupport_introspection_c.so
[3.698s] -- Up-to-date: /home/jezzy/yolobot/install/lio_sam/lib/liblio_sam__rosidl_typesupport_c.so
[3.698s] -- Up-to-date: /home/jezzy/yolobot/install/lio_sam/include/lio_sam/lio_sam
[3.699s] -- Up-to-date: /home/jezzy/yolobot/install/lio_sam/include/lio_sam/lio_sam/msg
[3.699s] -- Up-to-date: /home/jezzy/yolobot/install/lio_sam/include/lio_sam/lio_sam/msg/detail
[3.699s] -- Up-to-date: /home/jezzy/yolobot/install/lio_sam/include/lio_sam/lio_sam/msg/detail/cloud_info__traits.hpp
[3.700s] -- Up-to-date: /home/jezzy/yolobot/install/lio_sam/include/lio_sam/lio_sam/msg/detail/cloud_info__type_support.hpp
[3.700s] -- Up-to-date: /home/jezzy/yolobot/install/lio_sam/include/lio_sam/lio_sam/msg/detail/cloud_info__builder.hpp
[3.700s] -- Up-to-date: /home/jezzy/yolobot/install/lio_sam/include/lio_sam/lio_sam/msg/detail/cloud_info__struct.hpp
[3.701s] -- Up-to-date: /home/jezzy/yolobot/install/lio_sam/include/lio_sam/lio_sam/msg/cloud_info.hpp
[3.701s] -- Up-to-date: /home/jezzy/yolobot/install/lio_sam/include/lio_sam/lio_sam/msg/rosidl_generator_cpp__visibility_control.hpp
[3.701s] -- Up-to-date: /home/jezzy/yolobot/install/lio_sam/include/lio_sam/lio_sam/srv
[3.702s] -- Up-to-date: /home/jezzy/yolobot/install/lio_sam/include/lio_sam/lio_sam/srv/detail
[3.702s] -- Up-to-date: /home/jezzy/yolobot/install/lio_sam/include/lio_sam/lio_sam/srv/detail/save_map__builder.hpp
[3.702s] -- Up-to-date: /home/jezzy/yolobot/install/lio_sam/include/lio_sam/lio_sam/srv/detail/save_map__traits.hpp
[3.702s] -- Up-to-date: /home/jezzy/yolobot/install/lio_sam/include/lio_sam/lio_sam/srv/detail/save_map__struct.hpp
[3.702s] -- Up-to-date: /home/jezzy/yolobot/install/lio_sam/include/lio_sam/lio_sam/srv/detail/save_map__type_support.hpp
[3.703s] -- Up-to-date: /home/jezzy/yolobot/install/lio_sam/include/lio_sam/lio_sam/srv/save_map.hpp
[3.703s] -- Up-to-date: /home/jezzy/yolobot/install/lio_sam/include/lio_sam/lio_sam
[3.703s] -- Up-to-date: /home/jezzy/yolobot/install/lio_sam/include/lio_sam/lio_sam/msg
[3.703s] -- Up-to-date: /home/jezzy/yolobot/install/lio_sam/include/lio_sam/lio_sam/msg/rosidl_typesupport_fastrtps_cpp__visibility_control.h
[3.703s] -- Up-to-date: /home/jezzy/yolobot/install/lio_sam/include/lio_sam/lio_sam/msg/detail
[3.703s] -- Up-to-date: /home/jezzy/yolobot/install/lio_sam/include/lio_sam/lio_sam/msg/detail/dds_fastrtps
[3.708s] -- Up-to-date: /home/jezzy/yolobot/install/lio_sam/include/lio_sam/lio_sam/msg/detail/cloud_info__rosidl_typesupport_fastrtps_cpp.hpp
[3.709s] -- Up-to-date: /home/jezzy/yolobot/install/lio_sam/include/lio_sam/lio_sam/srv
[3.710s] -- Up-to-date: /home/jezzy/yolobot/install/lio_sam/include/lio_sam/lio_sam/srv/detail
[3.711s] -- Up-to-date: /home/jezzy/yolobot/install/lio_sam/include/lio_sam/lio_sam/srv/detail/save_map__rosidl_typesupport_fastrtps_cpp.hpp
[3.712s] -- Up-to-date: /home/jezzy/yolobot/install/lio_sam/include/lio_sam/lio_sam/srv/detail/dds_fastrtps
[3.712s] -- Up-to-date: /home/jezzy/yolobot/install/lio_sam/lib/liblio_sam__rosidl_typesupport_fastrtps_cpp.so
[3.713s] -- Up-to-date: /home/jezzy/yolobot/install/lio_sam/include/lio_sam/lio_sam
[3.713s] -- Up-to-date: /home/jezzy/yolobot/install/lio_sam/include/lio_sam/lio_sam/msg
[3.714s] -- Up-to-date: /home/jezzy/yolobot/install/lio_sam/include/lio_sam/lio_sam/msg/detail
[3.714s] -- Up-to-date: /home/jezzy/yolobot/install/lio_sam/include/lio_sam/lio_sam/msg/detail/cloud_info__rosidl_typesupport_introspection_cpp.hpp
[3.715s] -- Up-to-date: /home/jezzy/yolobot/install/lio_sam/include/lio_sam/lio_sam/msg/detail/cloud_info__type_support.cpp
[3.715s] -- Up-to-date: /home/jezzy/yolobot/install/lio_sam/include/lio_sam/lio_sam/srv
[3.716s] -- Up-to-date: /home/jezzy/yolobot/install/lio_sam/include/lio_sam/lio_sam/srv/detail
[3.716s] -- Up-to-date: /home/jezzy/yolobot/install/lio_sam/include/lio_sam/lio_sam/srv/detail/save_map__type_support.cpp
[3.717s] -- Up-to-date: /home/jezzy/yolobot/install/lio_sam/include/lio_sam/lio_sam/srv/detail/save_map__rosidl_typesupport_introspection_cpp.hpp
[3.718s] -- Up-to-date: /home/jezzy/yolobot/install/lio_sam/lib/liblio_sam__rosidl_typesupport_introspection_cpp.so
[3.718s] -- Up-to-date: /home/jezzy/yolobot/install/lio_sam/lib/liblio_sam__rosidl_typesupport_cpp.so
[3.719s] -- Up-to-date: /home/jezzy/yolobot/install/lio_sam/share/lio_sam/environment/pythonpath.sh
[3.719s] -- Up-to-date: /home/jezzy/yolobot/install/lio_sam/share/lio_sam/environment/pythonpath.dsv
[3.720s] -- Up-to-date: /home/jezzy/yolobot/install/lio_sam/local/lib/python3.10/dist-packages/lio_sam-1.0.0-py3.10.egg-info
[3.720s] -- Installing: /home/jezzy/yolobot/install/lio_sam/local/lib/python3.10/dist-packages/lio_sam-1.0.0-py3.10.egg-info/top_level.txt
[3.721s] -- Installing: /home/jezzy/yolobot/install/lio_sam/local/lib/python3.10/dist-packages/lio_sam-1.0.0-py3.10.egg-info/SOURCES.txt
[3.724s] -- Installing: /home/jezzy/yolobot/install/lio_sam/local/lib/python3.10/dist-packages/lio_sam-1.0.0-py3.10.egg-info/dependency_links.txt
[3.727s] -- Installing: /home/jezzy/yolobot/install/lio_sam/local/lib/python3.10/dist-packages/lio_sam-1.0.0-py3.10.egg-info/PKG-INFO
[3.730s] -- Up-to-date: /home/jezzy/yolobot/install/lio_sam/local/lib/python3.10/dist-packages/lio_sam
[3.730s] -- Up-to-date: /home/jezzy/yolobot/install/lio_sam/local/lib/python3.10/dist-packages/lio_sam/lio_sam_s__rosidl_typesupport_c.cpython-310-x86_64-linux-gnu.so
[3.732s] -- Up-to-date: /home/jezzy/yolobot/install/lio_sam/local/lib/python3.10/dist-packages/lio_sam/_lio_sam_s.ep.rosidl_typesupport_introspection_c.c
[3.732s] -- Up-to-date: /home/jezzy/yolobot/install/lio_sam/local/lib/python3.10/dist-packages/lio_sam/msg
[3.733s] -- Up-to-date: /home/jezzy/yolobot/install/lio_sam/local/lib/python3.10/dist-packages/lio_sam/msg/_cloud_info_s.c
[3.733s] -- Up-to-date: /home/jezzy/yolobot/install/lio_sam/local/lib/python3.10/dist-packages/lio_sam/msg/__init__.py
[3.734s] -- Up-to-date: /home/jezzy/yolobot/install/lio_sam/local/lib/python3.10/dist-packages/lio_sam/msg/_cloud_info.py
[3.734s] -- Up-to-date: /home/jezzy/yolobot/install/lio_sam/local/lib/python3.10/dist-packages/lio_sam/liblio_sam__rosidl_generator_py.so
[3.735s] -- Up-to-date: /home/jezzy/yolobot/install/lio_sam/local/lib/python3.10/dist-packages/lio_sam/lio_sam_s__rosidl_typesupport_fastrtps_c.cpython-310-x86_64-linux-gnu.so
[3.735s] -- Up-to-date: /home/jezzy/yolobot/install/lio_sam/local/lib/python3.10/dist-packages/lio_sam/_lio_sam_s.ep.rosidl_typesupport_fastrtps_c.c
[3.736s] -- Up-to-date: /home/jezzy/yolobot/install/lio_sam/local/lib/python3.10/dist-packages/lio_sam/lio_sam_s__rosidl_typesupport_introspection_c.cpython-310-x86_64-linux-gnu.so
[3.736s] -- Up-to-date: /home/jezzy/yolobot/install/lio_sam/local/lib/python3.10/dist-packages/lio_sam/_lio_sam_s.ep.rosidl_typesupport_c.c
[3.736s] -- Up-to-date: /home/jezzy/yolobot/install/lio_sam/local/lib/python3.10/dist-packages/lio_sam/srv
[3.737s] -- Up-to-date: /home/jezzy/yolobot/install/lio_sam/local/lib/python3.10/dist-packages/lio_sam/srv/_save_map_s.c
[3.737s] -- Up-to-date: /home/jezzy/yolobot/install/lio_sam/local/lib/python3.10/dist-packages/lio_sam/srv/__init__.py
[3.738s] -- Up-to-date: /home/jezzy/yolobot/install/lio_sam/local/lib/python3.10/dist-packages/lio_sam/srv/_save_map.py
[3.738s] -- Up-to-date: /home/jezzy/yolobot/install/lio_sam/local/lib/python3.10/dist-packages/lio_sam/__init__.py
[3.900s] Listing '/home/jezzy/yolobot/install/lio_sam/local/lib/python3.10/dist-packages/lio_sam'...
[3.900s] Listing '/home/jezzy/yolobot/install/lio_sam/local/lib/python3.10/dist-packages/lio_sam/msg'...
[3.900s] Listing '/home/jezzy/yolobot/install/lio_sam/local/lib/python3.10/dist-packages/lio_sam/srv'...
[3.920s] -- Up-to-date: /home/jezzy/yolobot/install/lio_sam/local/lib/python3.10/dist-packages/lio_sam/lio_sam_s__rosidl_typesupport_fastrtps_c.cpython-310-x86_64-linux-gnu.so
[3.926s] -- Up-to-date: /home/jezzy/yolobot/install/lio_sam/local/lib/python3.10/dist-packages/lio_sam/lio_sam_s__rosidl_typesupport_introspection_c.cpython-310-x86_64-linux-gnu.so
[3.933s] -- Up-to-date: /home/jezzy/yolobot/install/lio_sam/local/lib/python3.10/dist-packages/lio_sam/lio_sam_s__rosidl_typesupport_c.cpython-310-x86_64-linux-gnu.so
[3.938s] -- Up-to-date: /home/jezzy/yolobot/install/lio_sam/lib/liblio_sam__rosidl_generator_py.so
[3.938s] -- Up-to-date: /home/jezzy/yolobot/install/lio_sam/share/lio_sam/msg/CloudInfo.idl
[3.938s] -- Up-to-date: /home/jezzy/yolobot/install/lio_sam/share/lio_sam/srv/SaveMap.idl
[3.938s] -- Up-to-date: /home/jezzy/yolobot/install/lio_sam/share/lio_sam/msg/CloudInfo.msg
[3.939s] -- Up-to-date: /home/jezzy/yolobot/install/lio_sam/share/lio_sam/srv/SaveMap.srv
[3.939s] -- Up-to-date: /home/jezzy/yolobot/install/lio_sam/share/lio_sam/srv/SaveMap_Request.msg
[3.939s] -- Up-to-date: /home/jezzy/yolobot/install/lio_sam/share/lio_sam/srv/SaveMap_Response.msg
[3.939s] -- Up-to-date: /home/jezzy/yolobot/install/lio_sam/share/lio_sam//launch
[3.940s] -- Up-to-date: /home/jezzy/yolobot/install/lio_sam/share/lio_sam//launch/run.launch.py
[3.940s] -- Up-to-date: /home/jezzy/yolobot/install/lio_sam/share/lio_sam//config
[3.940s] -- Up-to-date: /home/jezzy/yolobot/install/lio_sam/share/lio_sam//config/doc
[3.940s] -- Up-to-date: /home/jezzy/yolobot/install/lio_sam/share/lio_sam//config/doc/device-jackal.png
[3.940s] -- Up-to-date: /home/jezzy/yolobot/install/lio_sam/share/lio_sam//config/doc/ouster-device.jpg
[3.941s] -- Up-to-date: /home/jezzy/yolobot/install/lio_sam/share/lio_sam//config/doc/kitti-map.png
[3.941s] -- Up-to-date: /home/jezzy/yolobot/install/lio_sam/share/lio_sam//config/doc/loop-closure.gif
[3.941s] -- Up-to-date: /home/jezzy/yolobot/install/lio_sam/share/lio_sam//config/doc/imu-transform.png
[3.941s] -- Up-to-date: /home/jezzy/yolobot/install/lio_sam/share/lio_sam//config/doc/system.png
[3.941s] -- Up-to-date: /home/jezzy/yolobot/install/lio_sam/share/lio_sam//config/doc/device-hand-2.png
[3.942s] -- Up-to-date: /home/jezzy/yolobot/install/lio_sam/share/lio_sam//config/doc/ouster-demo.gif
[3.942s] -- Up-to-date: /home/jezzy/yolobot/install/lio_sam/share/lio_sam//config/doc/paper.pdf
[3.942s] -- Up-to-date: /home/jezzy/yolobot/install/lio_sam/share/lio_sam//config/doc/kitti-demo.gif
[3.942s] -- Up-to-date: /home/jezzy/yolobot/install/lio_sam/share/lio_sam//config/doc/gps-demo.gif
[3.942s] -- Up-to-date: /home/jezzy/yolobot/install/lio_sam/share/lio_sam//config/doc/device-hand.png
[3.943s] -- Up-to-date: /home/jezzy/yolobot/install/lio_sam/share/lio_sam//config/doc/device-boat.png
[3.943s] -- Up-to-date: /home/jezzy/yolobot/install/lio_sam/share/lio_sam//config/doc/loop-closure-2.gif
[3.943s] -- Up-to-date: /home/jezzy/yolobot/install/lio_sam/share/lio_sam//config/doc/kitti2bag
[3.943s] -- Up-to-date: /home/jezzy/yolobot/install/lio_sam/share/lio_sam//config/doc/kitti2bag/README.md
[3.943s] -- Up-to-date: /home/jezzy/yolobot/install/lio_sam/share/lio_sam//config/doc/kitti2bag/kitti2bag.py
[3.944s] -- Up-to-date: /home/jezzy/yolobot/install/lio_sam/share/lio_sam//config/doc/demo.gif
[3.944s] -- Up-to-date: /home/jezzy/yolobot/install/lio_sam/share/lio_sam//config/doc/imu-debug.gif
[3.944s] -- Installing: /home/jezzy/yolobot/install/lio_sam/share/lio_sam//config/params.yaml
[3.944s] -- Up-to-date: /home/jezzy/yolobot/install/lio_sam/share/lio_sam//config/rviz2.rviz
[3.944s] -- Up-to-date: /home/jezzy/yolobot/install/lio_sam/share/lio_sam//config/robot.urdf.xacro
[3.952s] -- Up-to-date: /home/jezzy/yolobot/install/lio_sam/lib/lio_sam/lio_sam_imageProjection
[3.964s] -- Up-to-date: /home/jezzy/yolobot/install/lio_sam/lib/lio_sam/lio_sam_imuPreintegration
[3.977s] -- Up-to-date: /home/jezzy/yolobot/install/lio_sam/lib/lio_sam/lio_sam_featureExtraction
[3.983s] -- Up-to-date: /home/jezzy/yolobot/install/lio_sam/lib/lio_sam/lio_sam_mapOptimization
[3.983s] -- Up-to-date: /home/jezzy/yolobot/install/lio_sam/include
[3.984s] -- Up-to-date: /home/jezzy/yolobot/install/lio_sam/include/lio_sam
[3.984s] -- Up-to-date: /home/jezzy/yolobot/install/lio_sam/include/lio_sam/utility.hpp
[3.984s] -- Up-to-date: /home/jezzy/yolobot/install/lio_sam/share/ament_index/resource_index/package_run_dependencies/lio_sam
[3.984s] -- Up-to-date: /home/jezzy/yolobot/install/lio_sam/share/ament_index/resource_index/parent_prefix_path/lio_sam
[3.984s] -- Up-to-date: /home/jezzy/yolobot/install/lio_sam/share/lio_sam/environment/ament_prefix_path.sh
[3.985s] -- Up-to-date: /home/jezzy/yolobot/install/lio_sam/share/lio_sam/environment/ament_prefix_path.dsv
[3.985s] -- Up-to-date: /home/jezzy/yolobot/install/lio_sam/share/lio_sam/environment/path.sh
[3.985s] -- Up-to-date: /home/jezzy/yolobot/install/lio_sam/share/lio_sam/environment/path.dsv
[3.985s] -- Up-to-date: /home/jezzy/yolobot/install/lio_sam/share/lio_sam/local_setup.bash
[3.985s] -- Up-to-date: /home/jezzy/yolobot/install/lio_sam/share/lio_sam/local_setup.sh
[3.986s] -- Up-to-date: /home/jezzy/yolobot/install/lio_sam/share/lio_sam/local_setup.zsh
[3.986s] -- Up-to-date: /home/jezzy/yolobot/install/lio_sam/share/lio_sam/local_setup.dsv
[3.986s] -- Installing: /home/jezzy/yolobot/install/lio_sam/share/lio_sam/package.dsv
[3.987s] -- Up-to-date: /home/jezzy/yolobot/install/lio_sam/share/ament_index/resource_index/packages/lio_sam
[3.994s] -- Up-to-date: /home/jezzy/yolobot/install/lio_sam/share/lio_sam/cmake/export_lio_sam__rosidl_generator_cExport.cmake
[3.994s] -- Up-to-date: /home/jezzy/yolobot/install/lio_sam/share/lio_sam/cmake/export_lio_sam__rosidl_generator_cExport-release.cmake
[3.996s] -- Up-to-date: /home/jezzy/yolobot/install/lio_sam/share/lio_sam/cmake/export_lio_sam__rosidl_typesupport_fastrtps_cExport.cmake
[3.996s] -- Up-to-date: /home/jezzy/yolobot/install/lio_sam/share/lio_sam/cmake/export_lio_sam__rosidl_typesupport_fastrtps_cExport-release.cmake
[3.998s] -- Up-to-date: /home/jezzy/yolobot/install/lio_sam/share/lio_sam/cmake/lio_sam__rosidl_typesupport_introspection_cExport.cmake
[3.998s] -- Up-to-date: /home/jezzy/yolobot/install/lio_sam/share/lio_sam/cmake/lio_sam__rosidl_typesupport_introspection_cExport-release.cmake
[4.002s] -- Up-to-date: /home/jezzy/yolobot/install/lio_sam/share/lio_sam/cmake/lio_sam__rosidl_typesupport_cExport.cmake
[4.002s] -- Up-to-date: /home/jezzy/yolobot/install/lio_sam/share/lio_sam/cmake/lio_sam__rosidl_typesupport_cExport-release.cmake
[4.013s] -- Up-to-date: /home/jezzy/yolobot/install/lio_sam/share/lio_sam/cmake/export_lio_sam__rosidl_generator_cppExport.cmake
[4.029s] -- Up-to-date: /home/jezzy/yolobot/install/lio_sam/share/lio_sam/cmake/export_lio_sam__rosidl_typesupport_fastrtps_cppExport.cmake
[4.033s] -- Up-to-date: /home/jezzy/yolobot/install/lio_sam/share/lio_sam/cmake/export_lio_sam__rosidl_typesupport_fastrtps_cppExport-release.cmake
[4.037s] -- Up-to-date: /home/jezzy/yolobot/install/lio_sam/share/lio_sam/cmake/lio_sam__rosidl_typesupport_introspection_cppExport.cmake
[4.039s] -- Up-to-date: /home/jezzy/yolobot/install/lio_sam/share/lio_sam/cmake/lio_sam__rosidl_typesupport_introspection_cppExport-release.cmake
[4.040s] -- Up-to-date: /home/jezzy/yolobot/install/lio_sam/share/lio_sam/cmake/lio_sam__rosidl_typesupport_cppExport.cmake
[4.040s] -- Up-to-date: /home/jezzy/yolobot/install/lio_sam/share/lio_sam/cmake/lio_sam__rosidl_typesupport_cppExport-release.cmake
[4.044s] -- Up-to-date: /home/jezzy/yolobot/install/lio_sam/share/lio_sam/cmake/export_lio_sam__rosidl_generator_pyExport.cmake
[4.044s] -- Up-to-date: /home/jezzy/yolobot/install/lio_sam/share/lio_sam/cmake/export_lio_sam__rosidl_generator_pyExport-release.cmake
[4.052s] -- Up-to-date: /home/jezzy/yolobot/install/lio_sam/share/lio_sam/cmake/rosidl_cmake-extras.cmake
[4.053s] -- Up-to-date: /home/jezzy/yolobot/install/lio_sam/share/lio_sam/cmake/ament_cmake_export_dependencies-extras.cmake
[4.060s] -- Up-to-date: /home/jezzy/yolobot/install/lio_sam/share/lio_sam/cmake/ament_cmake_export_include_directories-extras.cmake
[4.060s] -- Up-to-date: /home/jezzy/yolobot/install/lio_sam/share/lio_sam/cmake/ament_cmake_export_libraries-extras.cmake
[4.061s] -- Up-to-date: /home/jezzy/yolobot/install/lio_sam/share/lio_sam/cmake/ament_cmake_export_targets-extras.cmake
[4.061s] -- Up-to-date: /home/jezzy/yolobot/install/lio_sam/share/lio_sam/cmake/rosidl_cmake_export_typesupport_targets-extras.cmake
[4.061s] -- Up-to-date: /home/jezzy/yolobot/install/lio_sam/share/lio_sam/cmake/rosidl_cmake_export_typesupport_libraries-extras.cmake
[4.063s] -- Up-to-date: /home/jezzy/yolobot/install/lio_sam/share/lio_sam/cmake/lio_samConfig.cmake
[4.063s] -- Up-to-date: /home/jezzy/yolobot/install/lio_sam/share/lio_sam/cmake/lio_samConfig-version.cmake
[4.063s] -- Up-to-date: /home/jezzy/yolobot/install/lio_sam/share/lio_sam/package.xml
[4.070s] Invoked command in '/home/jezzy/yolobot/build/lio_sam' returned '0': CMAKE_PREFIX_PATH=${CMAKE_PREFIX_PATH}:/home/jezzy/yolobot/install/yolobot_fusion:/home/jezzy/yolobot/install/yolobot_navigation:/home/jezzy/husky_ws/lintic/install/yolosed:/home/jezzy/husky_ws/lintic/install/visual:/home/jezzy/husky_ws/lintic/install/segnet:/home/jezzy/husky_ws/turtlebot3/install/turtlebot3_teleop:/home/jezzy/husky_ws/turtlebot3/install/turtlebot3_example:/home/jezzy/husky_ws/turtlebot3/install/segtect:/home/jezzy/husky_ws/turtlebot3/install/autonomous_exploration:/opt/ros/humble /usr/bin/cmake --install /home/jezzy/yolobot/build/lio_sam
