[0.096s] Invoking command in '/home/jezzy/yolobot/build/husky_viz': /usr/bin/cmake /home/jezzy/yolobot/src/husky/husky_viz -DCATKIN_INSTALL_INTO_PREFIX_ROOT=0 -DCMAKE_INSTALL_PREFIX=/home/jezzy/yolobot/install/husky_viz
[0.938s] -- The C compiler identification is GNU 11.4.0
[3.331s] -- The CXX compiler identification is GNU 11.4.0
[4.437s] -- Detecting C compiler ABI info
[4.949s] -- Detecting C compiler ABI info - done
[4.983s] -- Check for working C compiler: /usr/bin/cc - skipped
[4.985s] -- Detecting C compile features
[4.986s] -- Detecting C compile features - done
[4.993s] -- Detecting CXX compiler ABI info
[5.472s] -- Detecting CXX compiler ABI info - done
[5.517s] -- Check for working CXX compiler: /usr/bin/c++ - skipped
[5.518s] -- Detecting CXX compile features
[5.519s] -- Detecting CXX compile features - done
[7.379s] [31mCMake Error at CMakeLists.txt:4 (find_package):
[7.379s]   By not providing "Findcatkin.cmake" in CMAKE_MODULE_PATH this project has
[7.379s]   asked CMake to find a package configuration file provided by "catkin", but
[7.381s]   CMake did not find one.
[7.381s] 
[7.382s]   Could not find a package configuration file provided by "catkin" with any
[7.382s]   of the following names:
[7.382s] 
[7.382s]     catkinConfig.cmake
[7.383s]     catkin-config.cmake
[7.383s] 
[7.383s]   Add the installation prefix of "catkin" to CMAKE_PREFIX_PATH or set
[7.383s]   "catkin_DIR" to a directory containing one of the above files.  If "catkin"
[7.384s]   provides a separate development package or SDK, be sure it has been
[7.384s]   installed.
[7.385s] 
[7.385s] [0m
[7.385s] -- Configuring incomplete, errors occurred!
[7.385s] See also "/home/jezzy/yolobot/build/husky_viz/CMakeFiles/CMakeOutput.log".
[7.388s] Invoked command in '/home/jezzy/yolobot/build/husky_viz' returned '1': /usr/bin/cmake /home/jezzy/yolobot/src/husky/husky_viz -DCATKIN_INSTALL_INTO_PREFIX_ROOT=0 -DCMAKE_INSTALL_PREFIX=/home/jezzy/yolobot/install/husky_viz
