[0.088s] Invoking command in '/home/jezzy/yolobot/build/yolov8_msgs': CMAKE_PREFIX_PATH=${CMAKE_PREFIX_PATH}:/home/jezzy/husky_ws/lintic/install/yolosed:/home/jezzy/husky_ws/lintic/install/visual:/home/jezzy/husky_ws/lintic/install/segnet:/home/jezzy/husky_ws/turtlebot3/install/turtlebot3_teleop:/home/jezzy/husky_ws/turtlebot3/install/turtlebot3_example:/home/jezzy/husky_ws/turtlebot3/install/segtect:/home/jezzy/husky_ws/turtlebot3/install/autonomous_exploration:/opt/ros/humble /usr/bin/cmake --build /home/jezzy/yolobot/build/yolov8_msgs -- -j4 -l4
[0.357s] [  2%] Built target yolov8_msgs__cpp
[0.386s] [ 12%] Built target yolov8_msgs__rosidl_generator_c
[0.474s] [ 12%] Built target ament_cmake_python_copy_yolov8_msgs
[0.498s] [ 23%] Built target yolov8_msgs__rosidl_typesupport_fastrtps_cpp
[0.520s] [ 33%] Built target yolov8_msgs__rosidl_typesupport_cpp
[0.526s] [ 43%] Built target yolov8_msgs__rosidl_typesupport_introspection_cpp
[0.625s] [ 53%] Built target yolov8_msgs__rosidl_typesupport_introspection_c
[0.637s] [ 64%] Built target yolov8_msgs__rosidl_typesupport_c
[0.653s] [ 74%] Built target yolov8_msgs__rosidl_typesupport_fastrtps_c
[0.719s] [ 74%] Built target yolov8_msgs
[0.794s] [ 76%] Built target yolov8_msgs__py
[0.877s] [ 84%] Built target yolov8_msgs__rosidl_generator_py
[0.946s] [ 94%] Built target yolov8_msgs__rosidl_typesupport_c__pyext
[0.946s] [ 94%] Built target yolov8_msgs__rosidl_typesupport_fastrtps_c__pyext
[0.953s] [100%] Built target yolov8_msgs__rosidl_typesupport_introspection_c__pyext
[1.366s] running egg_info
[1.368s] writing yolov8_msgs.egg-info/PKG-INFO
[1.369s] writing dependency_links to yolov8_msgs.egg-info/dependency_links.txt
[1.369s] writing top-level names to yolov8_msgs.egg-info/top_level.txt
[1.380s] reading manifest file 'yolov8_msgs.egg-info/SOURCES.txt'
[1.383s] writing manifest file 'yolov8_msgs.egg-info/SOURCES.txt'
[1.480s] [100%] Built target ament_cmake_python_build_yolov8_msgs_egg
[1.513s] Invoked command in '/home/jezzy/yolobot/build/yolov8_msgs' returned '0': CMAKE_PREFIX_PATH=${CMAKE_PREFIX_PATH}:/home/jezzy/husky_ws/lintic/install/yolosed:/home/jezzy/husky_ws/lintic/install/visual:/home/jezzy/husky_ws/lintic/install/segnet:/home/jezzy/husky_ws/turtlebot3/install/turtlebot3_teleop:/home/jezzy/husky_ws/turtlebot3/install/turtlebot3_example:/home/jezzy/husky_ws/turtlebot3/install/segtect:/home/jezzy/husky_ws/turtlebot3/install/autonomous_exploration:/opt/ros/humble /usr/bin/cmake --build /home/jezzy/yolobot/build/yolov8_msgs -- -j4 -l4
[1.524s] Invoking command in '/home/jezzy/yolobot/build/yolov8_msgs': CMAKE_PREFIX_PATH=${CMAKE_PREFIX_PATH}:/home/jezzy/husky_ws/lintic/install/yolosed:/home/jezzy/husky_ws/lintic/install/visual:/home/jezzy/husky_ws/lintic/install/segnet:/home/jezzy/husky_ws/turtlebot3/install/turtlebot3_teleop:/home/jezzy/husky_ws/turtlebot3/install/turtlebot3_example:/home/jezzy/husky_ws/turtlebot3/install/segtect:/home/jezzy/husky_ws/turtlebot3/install/autonomous_exploration:/opt/ros/humble /usr/bin/cmake --install /home/jezzy/yolobot/build/yolov8_msgs
[1.551s] -- Install configuration: ""
[1.552s] -- Up-to-date: /home/jezzy/yolobot/install/yolov8_msgs/share/ament_index/resource_index/rosidl_interfaces/yolov8_msgs
[1.552s] -- Up-to-date: /home/jezzy/yolobot/install/yolov8_msgs/include/yolov8_msgs/yolov8_msgs
[1.553s] -- Up-to-date: /home/jezzy/yolobot/install/yolov8_msgs/include/yolov8_msgs/yolov8_msgs/msg
[1.553s] -- Up-to-date: /home/jezzy/yolobot/install/yolov8_msgs/include/yolov8_msgs/yolov8_msgs/msg/yolov8_inference.h
[1.553s] -- Up-to-date: /home/jezzy/yolobot/install/yolov8_msgs/include/yolov8_msgs/yolov8_msgs/msg/rosidl_generator_c__visibility_control.h
[1.553s] -- Up-to-date: /home/jezzy/yolobot/install/yolov8_msgs/include/yolov8_msgs/yolov8_msgs/msg/detail
[1.553s] -- Up-to-date: /home/jezzy/yolobot/install/yolov8_msgs/include/yolov8_msgs/yolov8_msgs/msg/detail/yolov8_inference__functions.h
[1.554s] -- Up-to-date: /home/jezzy/yolobot/install/yolov8_msgs/include/yolov8_msgs/yolov8_msgs/msg/detail/inference_result__type_support.h
[1.554s] -- Up-to-date: /home/jezzy/yolobot/install/yolov8_msgs/include/yolov8_msgs/yolov8_msgs/msg/detail/inference_result__functions.h
[1.554s] -- Up-to-date: /home/jezzy/yolobot/install/yolov8_msgs/include/yolov8_msgs/yolov8_msgs/msg/detail/yolov8_inference__functions.c
[1.554s] -- Up-to-date: /home/jezzy/yolobot/install/yolov8_msgs/include/yolov8_msgs/yolov8_msgs/msg/detail/yolov8_inference__type_support.h
[1.554s] -- Up-to-date: /home/jezzy/yolobot/install/yolov8_msgs/include/yolov8_msgs/yolov8_msgs/msg/detail/inference_result__struct.h
[1.554s] -- Up-to-date: /home/jezzy/yolobot/install/yolov8_msgs/include/yolov8_msgs/yolov8_msgs/msg/detail/inference_result__functions.c
[1.555s] -- Up-to-date: /home/jezzy/yolobot/install/yolov8_msgs/include/yolov8_msgs/yolov8_msgs/msg/detail/yolov8_inference__struct.h
[1.555s] -- Up-to-date: /home/jezzy/yolobot/install/yolov8_msgs/include/yolov8_msgs/yolov8_msgs/msg/inference_result.h
[1.555s] -- Up-to-date: /home/jezzy/yolobot/install/yolov8_msgs/share/yolov8_msgs/environment/library_path.sh
[1.555s] -- Up-to-date: /home/jezzy/yolobot/install/yolov8_msgs/share/yolov8_msgs/environment/library_path.dsv
[1.559s] -- Up-to-date: /home/jezzy/yolobot/install/yolov8_msgs/lib/libyolov8_msgs__rosidl_generator_c.so
[1.560s] -- Up-to-date: /home/jezzy/yolobot/install/yolov8_msgs/include/yolov8_msgs/yolov8_msgs
[1.561s] -- Up-to-date: /home/jezzy/yolobot/install/yolov8_msgs/include/yolov8_msgs/yolov8_msgs/msg
[1.561s] -- Up-to-date: /home/jezzy/yolobot/install/yolov8_msgs/include/yolov8_msgs/yolov8_msgs/msg/detail
[1.561s] -- Up-to-date: /home/jezzy/yolobot/install/yolov8_msgs/include/yolov8_msgs/yolov8_msgs/msg/detail/inference_result__rosidl_typesupport_fastrtps_c.h
[1.562s] -- Up-to-date: /home/jezzy/yolobot/install/yolov8_msgs/include/yolov8_msgs/yolov8_msgs/msg/detail/yolov8_inference__rosidl_typesupport_fastrtps_c.h
[1.562s] -- Up-to-date: /home/jezzy/yolobot/install/yolov8_msgs/include/yolov8_msgs/yolov8_msgs/msg/rosidl_typesupport_fastrtps_c__visibility_control.h
[1.563s] -- Up-to-date: /home/jezzy/yolobot/install/yolov8_msgs/lib/libyolov8_msgs__rosidl_typesupport_fastrtps_c.so
[1.564s] -- Up-to-date: /home/jezzy/yolobot/install/yolov8_msgs/include/yolov8_msgs/yolov8_msgs
[1.564s] -- Up-to-date: /home/jezzy/yolobot/install/yolov8_msgs/include/yolov8_msgs/yolov8_msgs/msg
[1.565s] -- Up-to-date: /home/jezzy/yolobot/install/yolov8_msgs/include/yolov8_msgs/yolov8_msgs/msg/yolov8_inference.hpp
[1.565s] -- Up-to-date: /home/jezzy/yolobot/install/yolov8_msgs/include/yolov8_msgs/yolov8_msgs/msg/detail
[1.566s] -- Up-to-date: /home/jezzy/yolobot/install/yolov8_msgs/include/yolov8_msgs/yolov8_msgs/msg/detail/inference_result__struct.hpp
[1.566s] -- Up-to-date: /home/jezzy/yolobot/install/yolov8_msgs/include/yolov8_msgs/yolov8_msgs/msg/detail/yolov8_inference__traits.hpp
[1.567s] -- Up-to-date: /home/jezzy/yolobot/install/yolov8_msgs/include/yolov8_msgs/yolov8_msgs/msg/detail/yolov8_inference__builder.hpp
[1.567s] -- Up-to-date: /home/jezzy/yolobot/install/yolov8_msgs/include/yolov8_msgs/yolov8_msgs/msg/detail/inference_result__builder.hpp
[1.567s] -- Up-to-date: /home/jezzy/yolobot/install/yolov8_msgs/include/yolov8_msgs/yolov8_msgs/msg/detail/inference_result__traits.hpp
[1.567s] -- Up-to-date: /home/jezzy/yolobot/install/yolov8_msgs/include/yolov8_msgs/yolov8_msgs/msg/detail/yolov8_inference__type_support.hpp
[1.568s] -- Up-to-date: /home/jezzy/yolobot/install/yolov8_msgs/include/yolov8_msgs/yolov8_msgs/msg/detail/yolov8_inference__struct.hpp
[1.568s] -- Up-to-date: /home/jezzy/yolobot/install/yolov8_msgs/include/yolov8_msgs/yolov8_msgs/msg/detail/inference_result__type_support.hpp
[1.568s] -- Up-to-date: /home/jezzy/yolobot/install/yolov8_msgs/include/yolov8_msgs/yolov8_msgs/msg/inference_result.hpp
[1.568s] -- Up-to-date: /home/jezzy/yolobot/install/yolov8_msgs/include/yolov8_msgs/yolov8_msgs/msg/rosidl_generator_cpp__visibility_control.hpp
[1.568s] -- Up-to-date: /home/jezzy/yolobot/install/yolov8_msgs/include/yolov8_msgs/yolov8_msgs
[1.569s] -- Up-to-date: /home/jezzy/yolobot/install/yolov8_msgs/include/yolov8_msgs/yolov8_msgs/msg
[1.569s] -- Up-to-date: /home/jezzy/yolobot/install/yolov8_msgs/include/yolov8_msgs/yolov8_msgs/msg/rosidl_typesupport_fastrtps_cpp__visibility_control.h
[1.570s] -- Up-to-date: /home/jezzy/yolobot/install/yolov8_msgs/include/yolov8_msgs/yolov8_msgs/msg/detail
[1.570s] -- Up-to-date: /home/jezzy/yolobot/install/yolov8_msgs/include/yolov8_msgs/yolov8_msgs/msg/detail/yolov8_inference__rosidl_typesupport_fastrtps_cpp.hpp
[1.571s] -- Up-to-date: /home/jezzy/yolobot/install/yolov8_msgs/include/yolov8_msgs/yolov8_msgs/msg/detail/dds_fastrtps
[1.571s] -- Up-to-date: /home/jezzy/yolobot/install/yolov8_msgs/include/yolov8_msgs/yolov8_msgs/msg/detail/inference_result__rosidl_typesupport_fastrtps_cpp.hpp
[1.572s] -- Up-to-date: /home/jezzy/yolobot/install/yolov8_msgs/lib/libyolov8_msgs__rosidl_typesupport_fastrtps_cpp.so
[1.572s] -- Up-to-date: /home/jezzy/yolobot/install/yolov8_msgs/include/yolov8_msgs/yolov8_msgs
[1.572s] -- Up-to-date: /home/jezzy/yolobot/install/yolov8_msgs/include/yolov8_msgs/yolov8_msgs/msg
[1.575s] -- Up-to-date: /home/jezzy/yolobot/install/yolov8_msgs/include/yolov8_msgs/yolov8_msgs/msg/rosidl_typesupport_introspection_c__visibility_control.h
[1.576s] -- Up-to-date: /home/jezzy/yolobot/install/yolov8_msgs/include/yolov8_msgs/yolov8_msgs/msg/detail
[1.576s] -- Up-to-date: /home/jezzy/yolobot/install/yolov8_msgs/include/yolov8_msgs/yolov8_msgs/msg/detail/yolov8_inference__rosidl_typesupport_introspection_c.h
[1.576s] -- Up-to-date: /home/jezzy/yolobot/install/yolov8_msgs/include/yolov8_msgs/yolov8_msgs/msg/detail/yolov8_inference__type_support.c
[1.576s] -- Up-to-date: /home/jezzy/yolobot/install/yolov8_msgs/include/yolov8_msgs/yolov8_msgs/msg/detail/inference_result__rosidl_typesupport_introspection_c.h
[1.577s] -- Up-to-date: /home/jezzy/yolobot/install/yolov8_msgs/include/yolov8_msgs/yolov8_msgs/msg/detail/inference_result__type_support.c
[1.577s] -- Up-to-date: /home/jezzy/yolobot/install/yolov8_msgs/lib/libyolov8_msgs__rosidl_typesupport_introspection_c.so
[1.577s] -- Up-to-date: /home/jezzy/yolobot/install/yolov8_msgs/lib/libyolov8_msgs__rosidl_typesupport_c.so
[1.578s] -- Up-to-date: /home/jezzy/yolobot/install/yolov8_msgs/include/yolov8_msgs/yolov8_msgs
[1.579s] -- Up-to-date: /home/jezzy/yolobot/install/yolov8_msgs/include/yolov8_msgs/yolov8_msgs/msg
[1.581s] -- Up-to-date: /home/jezzy/yolobot/install/yolov8_msgs/include/yolov8_msgs/yolov8_msgs/msg/detail
[1.582s] -- Up-to-date: /home/jezzy/yolobot/install/yolov8_msgs/include/yolov8_msgs/yolov8_msgs/msg/detail/yolov8_inference__type_support.cpp
[1.582s] -- Up-to-date: /home/jezzy/yolobot/install/yolov8_msgs/include/yolov8_msgs/yolov8_msgs/msg/detail/inference_result__type_support.cpp
[1.582s] -- Up-to-date: /home/jezzy/yolobot/install/yolov8_msgs/include/yolov8_msgs/yolov8_msgs/msg/detail/yolov8_inference__rosidl_typesupport_introspection_cpp.hpp
[1.583s] -- Up-to-date: /home/jezzy/yolobot/install/yolov8_msgs/include/yolov8_msgs/yolov8_msgs/msg/detail/inference_result__rosidl_typesupport_introspection_cpp.hpp
[1.583s] -- Up-to-date: /home/jezzy/yolobot/install/yolov8_msgs/lib/libyolov8_msgs__rosidl_typesupport_introspection_cpp.so
[1.584s] -- Up-to-date: /home/jezzy/yolobot/install/yolov8_msgs/lib/libyolov8_msgs__rosidl_typesupport_cpp.so
[1.585s] -- Up-to-date: /home/jezzy/yolobot/install/yolov8_msgs/share/yolov8_msgs/environment/pythonpath.sh
[1.585s] -- Up-to-date: /home/jezzy/yolobot/install/yolov8_msgs/share/yolov8_msgs/environment/pythonpath.dsv
[1.586s] -- Up-to-date: /home/jezzy/yolobot/install/yolov8_msgs/local/lib/python3.10/dist-packages/yolov8_msgs-0.0.0-py3.10.egg-info
[1.586s] -- Installing: /home/jezzy/yolobot/install/yolov8_msgs/local/lib/python3.10/dist-packages/yolov8_msgs-0.0.0-py3.10.egg-info/top_level.txt
[1.587s] -- Installing: /home/jezzy/yolobot/install/yolov8_msgs/local/lib/python3.10/dist-packages/yolov8_msgs-0.0.0-py3.10.egg-info/SOURCES.txt
[1.588s] -- Installing: /home/jezzy/yolobot/install/yolov8_msgs/local/lib/python3.10/dist-packages/yolov8_msgs-0.0.0-py3.10.egg-info/dependency_links.txt
[1.588s] -- Installing: /home/jezzy/yolobot/install/yolov8_msgs/local/lib/python3.10/dist-packages/yolov8_msgs-0.0.0-py3.10.egg-info/PKG-INFO
[1.588s] -- Up-to-date: /home/jezzy/yolobot/install/yolov8_msgs/local/lib/python3.10/dist-packages/yolov8_msgs
[1.590s] -- Up-to-date: /home/jezzy/yolobot/install/yolov8_msgs/local/lib/python3.10/dist-packages/yolov8_msgs/_yolov8_msgs_s.ep.rosidl_typesupport_introspection_c.c
[1.592s] -- Up-to-date: /home/jezzy/yolobot/install/yolov8_msgs/local/lib/python3.10/dist-packages/yolov8_msgs/yolov8_msgs_s__rosidl_typesupport_c.cpython-310-x86_64-linux-gnu.so
[1.592s] -- Up-to-date: /home/jezzy/yolobot/install/yolov8_msgs/local/lib/python3.10/dist-packages/yolov8_msgs/yolov8_msgs_s__rosidl_typesupport_introspection_c.cpython-310-x86_64-linux-gnu.so
[1.592s] -- Up-to-date: /home/jezzy/yolobot/install/yolov8_msgs/local/lib/python3.10/dist-packages/yolov8_msgs/_yolov8_msgs_s.ep.rosidl_typesupport_c.c
[1.593s] -- Up-to-date: /home/jezzy/yolobot/install/yolov8_msgs/local/lib/python3.10/dist-packages/yolov8_msgs/msg
[1.593s] -- Up-to-date: /home/jezzy/yolobot/install/yolov8_msgs/local/lib/python3.10/dist-packages/yolov8_msgs/msg/_inference_result_s.c
[1.593s] -- Up-to-date: /home/jezzy/yolobot/install/yolov8_msgs/local/lib/python3.10/dist-packages/yolov8_msgs/msg/_inference_result.py
[1.593s] -- Up-to-date: /home/jezzy/yolobot/install/yolov8_msgs/local/lib/python3.10/dist-packages/yolov8_msgs/msg/__init__.py
[1.594s] -- Up-to-date: /home/jezzy/yolobot/install/yolov8_msgs/local/lib/python3.10/dist-packages/yolov8_msgs/msg/_yolov8_inference.py
[1.594s] -- Up-to-date: /home/jezzy/yolobot/install/yolov8_msgs/local/lib/python3.10/dist-packages/yolov8_msgs/msg/_yolov8_inference_s.c
[1.595s] -- Up-to-date: /home/jezzy/yolobot/install/yolov8_msgs/local/lib/python3.10/dist-packages/yolov8_msgs/libyolov8_msgs__rosidl_generator_py.so
[1.595s] -- Up-to-date: /home/jezzy/yolobot/install/yolov8_msgs/local/lib/python3.10/dist-packages/yolov8_msgs/__init__.py
[1.595s] -- Up-to-date: /home/jezzy/yolobot/install/yolov8_msgs/local/lib/python3.10/dist-packages/yolov8_msgs/_yolov8_msgs_s.ep.rosidl_typesupport_fastrtps_c.c
[1.595s] -- Up-to-date: /home/jezzy/yolobot/install/yolov8_msgs/local/lib/python3.10/dist-packages/yolov8_msgs/yolov8_msgs_s__rosidl_typesupport_fastrtps_c.cpython-310-x86_64-linux-gnu.so
[1.751s] Listing '/home/jezzy/yolobot/install/yolov8_msgs/local/lib/python3.10/dist-packages/yolov8_msgs'...
[1.751s] Listing '/home/jezzy/yolobot/install/yolov8_msgs/local/lib/python3.10/dist-packages/yolov8_msgs/msg'...
[1.781s] -- Up-to-date: /home/jezzy/yolobot/install/yolov8_msgs/local/lib/python3.10/dist-packages/yolov8_msgs/yolov8_msgs_s__rosidl_typesupport_fastrtps_c.cpython-310-x86_64-linux-gnu.so
[1.784s] -- Up-to-date: /home/jezzy/yolobot/install/yolov8_msgs/local/lib/python3.10/dist-packages/yolov8_msgs/yolov8_msgs_s__rosidl_typesupport_introspection_c.cpython-310-x86_64-linux-gnu.so
[1.785s] -- Up-to-date: /home/jezzy/yolobot/install/yolov8_msgs/local/lib/python3.10/dist-packages/yolov8_msgs/yolov8_msgs_s__rosidl_typesupport_c.cpython-310-x86_64-linux-gnu.so
[1.786s] -- Up-to-date: /home/jezzy/yolobot/install/yolov8_msgs/lib/libyolov8_msgs__rosidl_generator_py.so
[1.787s] -- Up-to-date: /home/jezzy/yolobot/install/yolov8_msgs/share/yolov8_msgs/msg/InferenceResult.idl
[1.787s] -- Up-to-date: /home/jezzy/yolobot/install/yolov8_msgs/share/yolov8_msgs/msg/Yolov8Inference.idl
[1.787s] -- Up-to-date: /home/jezzy/yolobot/install/yolov8_msgs/share/yolov8_msgs/msg/InferenceResult.msg
[1.788s] -- Up-to-date: /home/jezzy/yolobot/install/yolov8_msgs/share/yolov8_msgs/msg/Yolov8Inference.msg
[1.788s] -- Up-to-date: /home/jezzy/yolobot/install/yolov8_msgs/share/ament_index/resource_index/package_run_dependencies/yolov8_msgs
[1.788s] -- Up-to-date: /home/jezzy/yolobot/install/yolov8_msgs/share/ament_index/resource_index/parent_prefix_path/yolov8_msgs
[1.788s] -- Up-to-date: /home/jezzy/yolobot/install/yolov8_msgs/share/yolov8_msgs/environment/ament_prefix_path.sh
[1.789s] -- Up-to-date: /home/jezzy/yolobot/install/yolov8_msgs/share/yolov8_msgs/environment/ament_prefix_path.dsv
[1.789s] -- Up-to-date: /home/jezzy/yolobot/install/yolov8_msgs/share/yolov8_msgs/environment/path.sh
[1.789s] -- Up-to-date: /home/jezzy/yolobot/install/yolov8_msgs/share/yolov8_msgs/environment/path.dsv
[1.792s] -- Up-to-date: /home/jezzy/yolobot/install/yolov8_msgs/share/yolov8_msgs/local_setup.bash
[1.793s] -- Up-to-date: /home/jezzy/yolobot/install/yolov8_msgs/share/yolov8_msgs/local_setup.sh
[1.795s] -- Up-to-date: /home/jezzy/yolobot/install/yolov8_msgs/share/yolov8_msgs/local_setup.zsh
[1.795s] -- Up-to-date: /home/jezzy/yolobot/install/yolov8_msgs/share/yolov8_msgs/local_setup.dsv
[1.796s] -- Installing: /home/jezzy/yolobot/install/yolov8_msgs/share/yolov8_msgs/package.dsv
[1.797s] -- Up-to-date: /home/jezzy/yolobot/install/yolov8_msgs/share/ament_index/resource_index/packages/yolov8_msgs
[1.806s] -- Up-to-date: /home/jezzy/yolobot/install/yolov8_msgs/share/yolov8_msgs/cmake/export_yolov8_msgs__rosidl_generator_cExport.cmake
[1.806s] -- Up-to-date: /home/jezzy/yolobot/install/yolov8_msgs/share/yolov8_msgs/cmake/export_yolov8_msgs__rosidl_generator_cExport-noconfig.cmake
[1.808s] -- Up-to-date: /home/jezzy/yolobot/install/yolov8_msgs/share/yolov8_msgs/cmake/export_yolov8_msgs__rosidl_typesupport_fastrtps_cExport.cmake
[1.808s] -- Up-to-date: /home/jezzy/yolobot/install/yolov8_msgs/share/yolov8_msgs/cmake/export_yolov8_msgs__rosidl_typesupport_fastrtps_cExport-noconfig.cmake
[1.812s] -- Up-to-date: /home/jezzy/yolobot/install/yolov8_msgs/share/yolov8_msgs/cmake/export_yolov8_msgs__rosidl_generator_cppExport.cmake
[1.822s] -- Up-to-date: /home/jezzy/yolobot/install/yolov8_msgs/share/yolov8_msgs/cmake/export_yolov8_msgs__rosidl_typesupport_fastrtps_cppExport.cmake
[1.823s] -- Up-to-date: /home/jezzy/yolobot/install/yolov8_msgs/share/yolov8_msgs/cmake/export_yolov8_msgs__rosidl_typesupport_fastrtps_cppExport-noconfig.cmake
[1.823s] -- Up-to-date: /home/jezzy/yolobot/install/yolov8_msgs/share/yolov8_msgs/cmake/yolov8_msgs__rosidl_typesupport_introspection_cExport.cmake
[1.823s] -- Up-to-date: /home/jezzy/yolobot/install/yolov8_msgs/share/yolov8_msgs/cmake/yolov8_msgs__rosidl_typesupport_introspection_cExport-noconfig.cmake
[1.827s] -- Up-to-date: /home/jezzy/yolobot/install/yolov8_msgs/share/yolov8_msgs/cmake/yolov8_msgs__rosidl_typesupport_cExport.cmake
[1.829s] -- Up-to-date: /home/jezzy/yolobot/install/yolov8_msgs/share/yolov8_msgs/cmake/yolov8_msgs__rosidl_typesupport_cExport-noconfig.cmake
[1.833s] -- Up-to-date: /home/jezzy/yolobot/install/yolov8_msgs/share/yolov8_msgs/cmake/yolov8_msgs__rosidl_typesupport_introspection_cppExport.cmake
[1.833s] -- Up-to-date: /home/jezzy/yolobot/install/yolov8_msgs/share/yolov8_msgs/cmake/yolov8_msgs__rosidl_typesupport_introspection_cppExport-noconfig.cmake
[1.837s] -- Up-to-date: /home/jezzy/yolobot/install/yolov8_msgs/share/yolov8_msgs/cmake/yolov8_msgs__rosidl_typesupport_cppExport.cmake
[1.837s] -- Up-to-date: /home/jezzy/yolobot/install/yolov8_msgs/share/yolov8_msgs/cmake/yolov8_msgs__rosidl_typesupport_cppExport-noconfig.cmake
[1.841s] -- Up-to-date: /home/jezzy/yolobot/install/yolov8_msgs/share/yolov8_msgs/cmake/export_yolov8_msgs__rosidl_generator_pyExport.cmake
[1.842s] -- Up-to-date: /home/jezzy/yolobot/install/yolov8_msgs/share/yolov8_msgs/cmake/export_yolov8_msgs__rosidl_generator_pyExport-noconfig.cmake
[1.842s] -- Up-to-date: /home/jezzy/yolobot/install/yolov8_msgs/share/yolov8_msgs/cmake/rosidl_cmake-extras.cmake
[1.842s] -- Up-to-date: /home/jezzy/yolobot/install/yolov8_msgs/share/yolov8_msgs/cmake/ament_cmake_export_dependencies-extras.cmake
[1.842s] -- Up-to-date: /home/jezzy/yolobot/install/yolov8_msgs/share/yolov8_msgs/cmake/ament_cmake_export_include_directories-extras.cmake
[1.843s] -- Up-to-date: /home/jezzy/yolobot/install/yolov8_msgs/share/yolov8_msgs/cmake/ament_cmake_export_libraries-extras.cmake
[1.843s] -- Up-to-date: /home/jezzy/yolobot/install/yolov8_msgs/share/yolov8_msgs/cmake/ament_cmake_export_targets-extras.cmake
[1.843s] -- Up-to-date: /home/jezzy/yolobot/install/yolov8_msgs/share/yolov8_msgs/cmake/rosidl_cmake_export_typesupport_targets-extras.cmake
[1.843s] -- Up-to-date: /home/jezzy/yolobot/install/yolov8_msgs/share/yolov8_msgs/cmake/rosidl_cmake_export_typesupport_libraries-extras.cmake
[1.843s] -- Up-to-date: /home/jezzy/yolobot/install/yolov8_msgs/share/yolov8_msgs/cmake/yolov8_msgsConfig.cmake
[1.843s] -- Up-to-date: /home/jezzy/yolobot/install/yolov8_msgs/share/yolov8_msgs/cmake/yolov8_msgsConfig-version.cmake
[1.844s] -- Up-to-date: /home/jezzy/yolobot/install/yolov8_msgs/share/yolov8_msgs/package.xml
[1.849s] Invoked command in '/home/jezzy/yolobot/build/yolov8_msgs' returned '0': CMAKE_PREFIX_PATH=${CMAKE_PREFIX_PATH}:/home/jezzy/husky_ws/lintic/install/yolosed:/home/jezzy/husky_ws/lintic/install/visual:/home/jezzy/husky_ws/lintic/install/segnet:/home/jezzy/husky_ws/turtlebot3/install/turtlebot3_teleop:/home/jezzy/husky_ws/turtlebot3/install/turtlebot3_example:/home/jezzy/husky_ws/turtlebot3/install/segtect:/home/jezzy/husky_ws/turtlebot3/install/autonomous_exploration:/opt/ros/humble /usr/bin/cmake --install /home/jezzy/yolobot/build/yolov8_msgs
