[0.068s] Invoking command in '/home/jezzy/yolobot/build/velodyne_laserscan': CMAKE_PREFIX_PATH=${CMAKE_PREFIX_PATH}:/home/jezzy/yolobot/install/yolobot_fusion:/home/jezzy/yolobot/install/yolobot_navigation:/home/jezzy/husky_ws/lintic/install/yolosed:/home/jezzy/husky_ws/lintic/install/visual:/home/jezzy/husky_ws/lintic/install/segnet:/home/jezzy/husky_ws/turtlebot3/install/turtlebot3_teleop:/home/jezzy/husky_ws/turtlebot3/install/turtlebot3_example:/home/jezzy/husky_ws/turtlebot3/install/segtect:/home/jezzy/husky_ws/turtlebot3/install/autonomous_exploration:/opt/ros/humble /usr/bin/cmake --build /home/jezzy/yolobot/build/velodyne_laserscan -- -j4 -l4
[0.511s] [ 50%] Built target velodyne_laserscan
[0.686s] [100%] Built target velodyne_laserscan_node
[0.720s] Invoked command in '/home/jezzy/yolobot/build/velodyne_laserscan' returned '0': CMAKE_PREFIX_PATH=${CMAKE_PREFIX_PATH}:/home/jezzy/yolobot/install/yolobot_fusion:/home/jezzy/yolobot/install/yolobot_navigation:/home/jezzy/husky_ws/lintic/install/yolosed:/home/jezzy/husky_ws/lintic/install/visual:/home/jezzy/husky_ws/lintic/install/segnet:/home/jezzy/husky_ws/turtlebot3/install/turtlebot3_teleop:/home/jezzy/husky_ws/turtlebot3/install/turtlebot3_example:/home/jezzy/husky_ws/turtlebot3/install/segtect:/home/jezzy/husky_ws/turtlebot3/install/autonomous_exploration:/opt/ros/humble /usr/bin/cmake --build /home/jezzy/yolobot/build/velodyne_laserscan -- -j4 -l4
[0.732s] Invoking command in '/home/jezzy/yolobot/build/velodyne_laserscan': CMAKE_PREFIX_PATH=${CMAKE_PREFIX_PATH}:/home/jezzy/yolobot/install/yolobot_fusion:/home/jezzy/yolobot/install/yolobot_navigation:/home/jezzy/husky_ws/lintic/install/yolosed:/home/jezzy/husky_ws/lintic/install/visual:/home/jezzy/husky_ws/lintic/install/segnet:/home/jezzy/husky_ws/turtlebot3/install/turtlebot3_teleop:/home/jezzy/husky_ws/turtlebot3/install/turtlebot3_example:/home/jezzy/husky_ws/turtlebot3/install/segtect:/home/jezzy/husky_ws/turtlebot3/install/autonomous_exploration:/opt/ros/humble /usr/bin/cmake --install /home/jezzy/yolobot/build/velodyne_laserscan
[0.773s] -- Install configuration: ""
[0.784s] -- Up-to-date: /home/jezzy/yolobot/install/velodyne_laserscan/lib/libvelodyne_laserscan.so
[0.796s] -- Up-to-date: /home/jezzy/yolobot/install/velodyne_laserscan/lib/velodyne_laserscan/velodyne_laserscan_node
[0.802s] -- Up-to-date: /home/jezzy/yolobot/install/velodyne_laserscan/include/velodyne_laserscan
[0.803s] -- Up-to-date: /home/jezzy/yolobot/install/velodyne_laserscan/include/velodyne_laserscan/velodyne_laserscan.hpp
[0.803s] -- Up-to-date: /home/jezzy/yolobot/install/velodyne_laserscan/share/velodyne_laserscan/config
[0.803s] -- Up-to-date: /home/jezzy/yolobot/install/velodyne_laserscan/share/velodyne_laserscan/config/default-velodyne_laserscan_node-params.yaml
[0.803s] -- Up-to-date: /home/jezzy/yolobot/install/velodyne_laserscan/share/velodyne_laserscan/launch
[0.804s] -- Up-to-date: /home/jezzy/yolobot/install/velodyne_laserscan/share/velodyne_laserscan/launch/velodyne_laserscan_node-composed-launch.py
[0.804s] -- Up-to-date: /home/jezzy/yolobot/install/velodyne_laserscan/share/velodyne_laserscan/launch/velodyne_laserscan_node-launch.py
[0.804s] -- Up-to-date: /home/jezzy/yolobot/install/velodyne_laserscan/share/ament_index/resource_index/package_run_dependencies/velodyne_laserscan
[0.804s] -- Up-to-date: /home/jezzy/yolobot/install/velodyne_laserscan/share/ament_index/resource_index/parent_prefix_path/velodyne_laserscan
[0.804s] -- Up-to-date: /home/jezzy/yolobot/install/velodyne_laserscan/share/velodyne_laserscan/environment/ament_prefix_path.sh
[0.805s] -- Up-to-date: /home/jezzy/yolobot/install/velodyne_laserscan/share/velodyne_laserscan/environment/ament_prefix_path.dsv
[0.805s] -- Up-to-date: /home/jezzy/yolobot/install/velodyne_laserscan/share/velodyne_laserscan/environment/path.sh
[0.805s] -- Up-to-date: /home/jezzy/yolobot/install/velodyne_laserscan/share/velodyne_laserscan/environment/path.dsv
[0.805s] -- Up-to-date: /home/jezzy/yolobot/install/velodyne_laserscan/share/velodyne_laserscan/local_setup.bash
[0.805s] -- Up-to-date: /home/jezzy/yolobot/install/velodyne_laserscan/share/velodyne_laserscan/local_setup.sh
[0.806s] -- Up-to-date: /home/jezzy/yolobot/install/velodyne_laserscan/share/velodyne_laserscan/local_setup.zsh
[0.806s] -- Up-to-date: /home/jezzy/yolobot/install/velodyne_laserscan/share/velodyne_laserscan/local_setup.dsv
[0.806s] -- Installing: /home/jezzy/yolobot/install/velodyne_laserscan/share/velodyne_laserscan/package.dsv
[0.806s] -- Up-to-date: /home/jezzy/yolobot/install/velodyne_laserscan/share/ament_index/resource_index/packages/velodyne_laserscan
[0.806s] -- Up-to-date: /home/jezzy/yolobot/install/velodyne_laserscan/share/ament_index/resource_index/rclcpp_components/velodyne_laserscan
[0.812s] -- Up-to-date: /home/jezzy/yolobot/install/velodyne_laserscan/share/velodyne_laserscan/cmake/velodyne_laserscanExport.cmake
[0.812s] -- Up-to-date: /home/jezzy/yolobot/install/velodyne_laserscan/share/velodyne_laserscan/cmake/velodyne_laserscanExport-noconfig.cmake
[0.812s] -- Up-to-date: /home/jezzy/yolobot/install/velodyne_laserscan/share/velodyne_laserscan/cmake/ament_cmake_export_include_directories-extras.cmake
[0.813s] -- Up-to-date: /home/jezzy/yolobot/install/velodyne_laserscan/share/velodyne_laserscan/cmake/ament_cmake_export_targets-extras.cmake
[0.813s] -- Up-to-date: /home/jezzy/yolobot/install/velodyne_laserscan/share/velodyne_laserscan/cmake/ament_cmake_export_dependencies-extras.cmake
[0.813s] -- Up-to-date: /home/jezzy/yolobot/install/velodyne_laserscan/share/velodyne_laserscan/cmake/velodyne_laserscanConfig.cmake
[0.813s] -- Up-to-date: /home/jezzy/yolobot/install/velodyne_laserscan/share/velodyne_laserscan/cmake/velodyne_laserscanConfig-version.cmake
[0.814s] -- Up-to-date: /home/jezzy/yolobot/install/velodyne_laserscan/share/velodyne_laserscan/package.xml
[0.843s] Invoked command in '/home/jezzy/yolobot/build/velodyne_laserscan' returned '0': CMAKE_PREFIX_PATH=${CMAKE_PREFIX_PATH}:/home/jezzy/yolobot/install/yolobot_fusion:/home/jezzy/yolobot/install/yolobot_navigation:/home/jezzy/husky_ws/lintic/install/yolosed:/home/jezzy/husky_ws/lintic/install/visual:/home/jezzy/husky_ws/lintic/install/segnet:/home/jezzy/husky_ws/turtlebot3/install/turtlebot3_teleop:/home/jezzy/husky_ws/turtlebot3/install/turtlebot3_example:/home/jezzy/husky_ws/turtlebot3/install/segtect:/home/jezzy/husky_ws/turtlebot3/install/autonomous_exploration:/opt/ros/humble /usr/bin/cmake --install /home/jezzy/yolobot/build/velodyne_laserscan
