[0.048s] Invoking command in '/home/jezzy/huskybot/build/huskybot_control': CMAKE_PREFIX_PATH=${CMAKE_PREFIX_PATH}:/home/jezzy/huskybot/install/huskybot_fusion:/home/jezzy/huskybot/install/huskybot_navigation:/home/jezzy/husky_ws/lintic/install/yolosed:/home/jezzy/husky_ws/lintic/install/visual:/home/jezzy/husky_ws/lintic/install/segnet:/home/jezzy/husky_ws/turtlebot3/install/turtlebot3_teleop:/home/jezzy/husky_ws/turtlebot3/install/turtlebot3_example:/home/jezzy/husky_ws/turtlebot3/install/segtect:/home/jezzy/husky_ws/turtlebot3/install/autonomous_exploration:/opt/ros/humble /usr/bin/cmake /home/jezzy/huskybot/src/huskybot_control -DCMAKE_INSTALL_PREFIX=/home/jezzy/huskybot/install/huskybot_control
[0.614s] -- The C compiler identification is GNU 11.4.0
[2.543s] -- The CXX compiler identification is GNU 11.4.0
[3.809s] -- Detecting C compiler ABI info
[4.391s] -- Detecting C compiler ABI info - done
[4.408s] -- Check for working C compiler: /usr/bin/cc - skipped
[4.408s] -- Detecting C compile features
[4.410s] -- Detecting C compile features - done
[4.420s] -- Detecting CXX compiler ABI info
[4.997s] -- Detecting CXX compiler ABI info - done
[5.021s] -- Check for working CXX compiler: /usr/bin/c++ - skipped
[5.022s] -- Detecting CXX compile features
[5.024s] -- Detecting CXX compile features - done
[5.036s] -- Found ament_cmake: 1.3.11 (/opt/ros/humble/share/ament_cmake/cmake)
[5.759s] -- Found Python3: /usr/bin/python3 (found version "3.10.12") found components: Interpreter 
[6.493s] -- Found ament_lint_auto: 0.12.12 (/opt/ros/humble/share/ament_lint_auto/cmake)
[7.505s] -- Added test 'copyright' to check source files copyright and LICENSE
[7.543s] -- Added test 'flake8' to check Python code syntax and style conventions
[7.560s] -- Added test 'lint_cmake' to check CMake code style
[7.565s] -- Added test 'pep257' to check Python code against some of the docstring style conventions in PEP 257
[7.571s] -- Added test 'xmllint' to check XML markup files
[7.602s] -- Configuring done
[7.645s] -- Generating done
[7.677s] -- Build files have been written to: /home/jezzy/huskybot/build/huskybot_control
[7.694s] Invoked command in '/home/jezzy/huskybot/build/huskybot_control' returned '0': CMAKE_PREFIX_PATH=${CMAKE_PREFIX_PATH}:/home/jezzy/huskybot/install/huskybot_fusion:/home/jezzy/huskybot/install/huskybot_navigation:/home/jezzy/husky_ws/lintic/install/yolosed:/home/jezzy/husky_ws/lintic/install/visual:/home/jezzy/husky_ws/lintic/install/segnet:/home/jezzy/husky_ws/turtlebot3/install/turtlebot3_teleop:/home/jezzy/husky_ws/turtlebot3/install/turtlebot3_example:/home/jezzy/husky_ws/turtlebot3/install/segtect:/home/jezzy/husky_ws/turtlebot3/install/autonomous_exploration:/opt/ros/humble /usr/bin/cmake /home/jezzy/huskybot/src/huskybot_control -DCMAKE_INSTALL_PREFIX=/home/jezzy/huskybot/install/huskybot_control
[7.695s] Invoking command in '/home/jezzy/huskybot/build/huskybot_control': CMAKE_PREFIX_PATH=${CMAKE_PREFIX_PATH}:/home/jezzy/huskybot/install/huskybot_fusion:/home/jezzy/huskybot/install/huskybot_navigation:/home/jezzy/husky_ws/lintic/install/yolosed:/home/jezzy/husky_ws/lintic/install/visual:/home/jezzy/husky_ws/lintic/install/segnet:/home/jezzy/husky_ws/turtlebot3/install/turtlebot3_teleop:/home/jezzy/husky_ws/turtlebot3/install/turtlebot3_example:/home/jezzy/husky_ws/turtlebot3/install/segtect:/home/jezzy/husky_ws/turtlebot3/install/autonomous_exploration:/opt/ros/humble /usr/bin/cmake --build /home/jezzy/huskybot/build/huskybot_control -- -j4 -l4
[7.937s] Invoked command in '/home/jezzy/huskybot/build/huskybot_control' returned '0': CMAKE_PREFIX_PATH=${CMAKE_PREFIX_PATH}:/home/jezzy/huskybot/install/huskybot_fusion:/home/jezzy/huskybot/install/huskybot_navigation:/home/jezzy/husky_ws/lintic/install/yolosed:/home/jezzy/husky_ws/lintic/install/visual:/home/jezzy/husky_ws/lintic/install/segnet:/home/jezzy/husky_ws/turtlebot3/install/turtlebot3_teleop:/home/jezzy/husky_ws/turtlebot3/install/turtlebot3_example:/home/jezzy/husky_ws/turtlebot3/install/segtect:/home/jezzy/husky_ws/turtlebot3/install/autonomous_exploration:/opt/ros/humble /usr/bin/cmake --build /home/jezzy/huskybot/build/huskybot_control -- -j4 -l4
[7.939s] Invoking command in '/home/jezzy/huskybot/build/huskybot_control': CMAKE_PREFIX_PATH=${CMAKE_PREFIX_PATH}:/home/jezzy/huskybot/install/huskybot_fusion:/home/jezzy/huskybot/install/huskybot_navigation:/home/jezzy/husky_ws/lintic/install/yolosed:/home/jezzy/husky_ws/lintic/install/visual:/home/jezzy/husky_ws/lintic/install/segnet:/home/jezzy/husky_ws/turtlebot3/install/turtlebot3_teleop:/home/jezzy/husky_ws/turtlebot3/install/turtlebot3_example:/home/jezzy/husky_ws/turtlebot3/install/segtect:/home/jezzy/husky_ws/turtlebot3/install/autonomous_exploration:/opt/ros/humble /usr/bin/cmake --install /home/jezzy/huskybot/build/huskybot_control
[7.988s] -- Install configuration: ""
[7.998s] -- Installing: /home/jezzy/huskybot/install/huskybot_control/share/huskybot_control//scripts
[7.999s] -- Installing: /home/jezzy/huskybot/install/huskybot_control/share/huskybot_control//scripts/robot_control.py
[8.000s] -- Installing: /home/jezzy/huskybot/install/huskybot_control/share/huskybot_control//launch
[8.002s] -- Installing: /home/jezzy/huskybot/install/huskybot_control/share/huskybot_control//launch/huskybot_control.launch.py
[8.004s] -- Installing: /home/jezzy/huskybot/install/huskybot_control/lib/huskybot_control/robot_control.py
[8.005s] -- Installing: /home/jezzy/huskybot/install/huskybot_control/lib/huskybot_control/huskybot_control.launch.py
[8.006s] -- Installing: /home/jezzy/huskybot/install/huskybot_control/share/ament_index/resource_index/package_run_dependencies/huskybot_control
[8.006s] -- Installing: /home/jezzy/huskybot/install/huskybot_control/share/ament_index/resource_index/parent_prefix_path/huskybot_control
[8.008s] -- Installing: /home/jezzy/huskybot/install/huskybot_control/share/huskybot_control/environment/ament_prefix_path.sh
[8.008s] -- Installing: /home/jezzy/huskybot/install/huskybot_control/share/huskybot_control/environment/ament_prefix_path.dsv
[8.008s] -- Installing: /home/jezzy/huskybot/install/huskybot_control/share/huskybot_control/environment/path.sh
[8.009s] -- Installing: /home/jezzy/huskybot/install/huskybot_control/share/huskybot_control/environment/path.dsv
[8.023s] -- Installing: /home/jezzy/huskybot/install/huskybot_control/share/huskybot_control/local_setup.bash
[8.023s] -- Installing: /home/jezzy/huskybot/install/huskybot_control/share/huskybot_control/local_setup.sh
[8.025s] -- Installing: /home/jezzy/huskybot/install/huskybot_control/share/huskybot_control/local_setup.zsh
[8.042s] -- Installing: /home/jezzy/huskybot/install/huskybot_control/share/huskybot_control/local_setup.dsv
[8.043s] -- Installing: /home/jezzy/huskybot/install/huskybot_control/share/huskybot_control/package.dsv
[8.043s] -- Installing: /home/jezzy/huskybot/install/huskybot_control/share/ament_index/resource_index/packages/huskybot_control
[8.044s] -- Installing: /home/jezzy/huskybot/install/huskybot_control/share/huskybot_control/cmake/huskybot_controlConfig.cmake
[8.044s] -- Installing: /home/jezzy/huskybot/install/huskybot_control/share/huskybot_control/cmake/huskybot_controlConfig-version.cmake
[8.045s] -- Installing: /home/jezzy/huskybot/install/huskybot_control/share/huskybot_control/package.xml
[8.045s] Invoked command in '/home/jezzy/huskybot/build/huskybot_control' returned '0': CMAKE_PREFIX_PATH=${CMAKE_PREFIX_PATH}:/home/jezzy/huskybot/install/huskybot_fusion:/home/jezzy/huskybot/install/huskybot_navigation:/home/jezzy/husky_ws/lintic/install/yolosed:/home/jezzy/husky_ws/lintic/install/visual:/home/jezzy/husky_ws/lintic/install/segnet:/home/jezzy/husky_ws/turtlebot3/install/turtlebot3_teleop:/home/jezzy/husky_ws/turtlebot3/install/turtlebot3_example:/home/jezzy/husky_ws/turtlebot3/install/segtect:/home/jezzy/husky_ws/turtlebot3/install/autonomous_exploration:/opt/ros/humble /usr/bin/cmake --install /home/jezzy/huskybot/build/huskybot_control
