[0.084s] Invoking command in '/home/jezzy/yolobot/build/yolobot_mapping': CMAKE_PREFIX_PATH=${CMAKE_PREFIX_PATH}:/home/jezzy/yolobot/install/yolobot_fusion:/home/jezzy/yolobot/install/yolobot_navigation:/home/jezzy/husky_ws/lintic/install/yolosed:/home/jezzy/husky_ws/lintic/install/visual:/home/jezzy/husky_ws/lintic/install/segnet:/home/jezzy/husky_ws/turtlebot3/install/turtlebot3_teleop:/home/jezzy/husky_ws/turtlebot3/install/turtlebot3_example:/home/jezzy/husky_ws/turtlebot3/install/segtect:/home/jezzy/husky_ws/turtlebot3/install/autonomous_exploration:/opt/ros/humble /usr/bin/cmake /home/jezzy/yolobot/src/yolobot_mapping -DCMAKE_INSTALL_PREFIX=/home/jezzy/yolobot/install/yolobot_mapping
[1.911s] -- The C compiler identification is GNU 11.4.0
[7.493s] -- The CXX compiler identification is GNU 11.4.0
[10.003s] -- Detecting C compiler ABI info
[11.768s] -- Detecting C compiler ABI info - done
[11.852s] -- Check for working C compiler: /usr/bin/cc - skipped
[11.853s] -- Detecting C compile features
[11.854s] -- Detecting C compile features - done
[11.886s] -- Detecting CXX compiler ABI info
[13.768s] -- Detecting CXX compiler ABI info - done
[13.827s] -- Check for working CXX compiler: /usr/bin/c++ - skipped
[13.828s] -- Detecting CXX compile features
[13.841s] -- Detecting CXX compile features - done
[13.875s] -- Found ament_cmake: 1.3.11 (/opt/ros/humble/share/ament_cmake/cmake)
[15.551s] -- Found Python3: /usr/bin/python3 (found version "3.10.12") found components: Interpreter 
[16.802s] -- Found rclcpp: 16.0.12 (/opt/ros/humble/share/rclcpp/cmake)
[17.915s] -- Found rosidl_generator_c: 3.1.6 (/opt/ros/humble/share/rosidl_generator_c/cmake)
[17.966s] -- Found rosidl_adapter: 3.1.6 (/opt/ros/humble/share/rosidl_adapter/cmake)
[18.074s] -- Found rosidl_generator_cpp: 3.1.6 (/opt/ros/humble/share/rosidl_generator_cpp/cmake)
[18.224s] -- Using all available rosidl_typesupport_c: rosidl_typesupport_fastrtps_c;rosidl_typesupport_introspection_c
[18.431s] -- Using all available rosidl_typesupport_cpp: rosidl_typesupport_fastrtps_cpp;rosidl_typesupport_introspection_cpp
[18.775s] -- Found rmw_implementation_cmake: 6.1.2 (/opt/ros/humble/share/rmw_implementation_cmake/cmake)
[18.798s] -- Found rmw_fastrtps_cpp: 6.2.7 (/opt/ros/humble/share/rmw_fastrtps_cpp/cmake)
[26.394s] -- Found OpenSSL: /usr/lib/x86_64-linux-gnu/libcrypto.so (found version "3.0.2")  
[30.175s] -- Found FastRTPS: /opt/ros/humble/include  
[37.332s] -- Using RMW implementation 'rmw_fastrtps_cpp' as default
[37.393s] -- Looking for pthread.h
[38.018s] -- Looking for pthread.h - found
[38.019s] -- Performing Test CMAKE_HAVE_LIBC_PTHREAD
[38.691s] -- Performing Test CMAKE_HAVE_LIBC_PTHREAD - Success
[38.691s] -- Found Threads: TRUE  
[39.062s] -- Found sensor_msgs: 4.8.0 (/opt/ros/humble/share/sensor_msgs/cmake)
[39.224s] -- Found ament_lint_auto: 0.12.12 (/opt/ros/humble/share/ament_lint_auto/cmake)
[39.681s] -- Added test 'flake8' to check Python code syntax and style conventions
[39.689s] -- Added test 'lint_cmake' to check CMake code style
[39.693s] -- Added test 'pep257' to check Python code against some of the docstring style conventions in PEP 257
[39.701s] -- Added test 'xmllint' to check XML markup files
[39.724s] -- Configuring done
[39.752s] -- Generating done
[39.762s] -- Build files have been written to: /home/jezzy/yolobot/build/yolobot_mapping
[39.795s] Invoked command in '/home/jezzy/yolobot/build/yolobot_mapping' returned '0': CMAKE_PREFIX_PATH=${CMAKE_PREFIX_PATH}:/home/jezzy/yolobot/install/yolobot_fusion:/home/jezzy/yolobot/install/yolobot_navigation:/home/jezzy/husky_ws/lintic/install/yolosed:/home/jezzy/husky_ws/lintic/install/visual:/home/jezzy/husky_ws/lintic/install/segnet:/home/jezzy/husky_ws/turtlebot3/install/turtlebot3_teleop:/home/jezzy/husky_ws/turtlebot3/install/turtlebot3_example:/home/jezzy/husky_ws/turtlebot3/install/segtect:/home/jezzy/husky_ws/turtlebot3/install/autonomous_exploration:/opt/ros/humble /usr/bin/cmake /home/jezzy/yolobot/src/yolobot_mapping -DCMAKE_INSTALL_PREFIX=/home/jezzy/yolobot/install/yolobot_mapping
[39.799s] Invoking command in '/home/jezzy/yolobot/build/yolobot_mapping': CMAKE_PREFIX_PATH=${CMAKE_PREFIX_PATH}:/home/jezzy/yolobot/install/yolobot_fusion:/home/jezzy/yolobot/install/yolobot_navigation:/home/jezzy/husky_ws/lintic/install/yolosed:/home/jezzy/husky_ws/lintic/install/visual:/home/jezzy/husky_ws/lintic/install/segnet:/home/jezzy/husky_ws/turtlebot3/install/turtlebot3_teleop:/home/jezzy/husky_ws/turtlebot3/install/turtlebot3_example:/home/jezzy/husky_ws/turtlebot3/install/segtect:/home/jezzy/husky_ws/turtlebot3/install/autonomous_exploration:/opt/ros/humble /usr/bin/cmake --build /home/jezzy/yolobot/build/yolobot_mapping -- -j4 -l4
[39.957s] Invoked command in '/home/jezzy/yolobot/build/yolobot_mapping' returned '0': CMAKE_PREFIX_PATH=${CMAKE_PREFIX_PATH}:/home/jezzy/yolobot/install/yolobot_fusion:/home/jezzy/yolobot/install/yolobot_navigation:/home/jezzy/husky_ws/lintic/install/yolosed:/home/jezzy/husky_ws/lintic/install/visual:/home/jezzy/husky_ws/lintic/install/segnet:/home/jezzy/husky_ws/turtlebot3/install/turtlebot3_teleop:/home/jezzy/husky_ws/turtlebot3/install/turtlebot3_example:/home/jezzy/husky_ws/turtlebot3/install/segtect:/home/jezzy/husky_ws/turtlebot3/install/autonomous_exploration:/opt/ros/humble /usr/bin/cmake --build /home/jezzy/yolobot/build/yolobot_mapping -- -j4 -l4
[39.959s] Invoking command in '/home/jezzy/yolobot/build/yolobot_mapping': CMAKE_PREFIX_PATH=${CMAKE_PREFIX_PATH}:/home/jezzy/yolobot/install/yolobot_fusion:/home/jezzy/yolobot/install/yolobot_navigation:/home/jezzy/husky_ws/lintic/install/yolosed:/home/jezzy/husky_ws/lintic/install/visual:/home/jezzy/husky_ws/lintic/install/segnet:/home/jezzy/husky_ws/turtlebot3/install/turtlebot3_teleop:/home/jezzy/husky_ws/turtlebot3/install/turtlebot3_example:/home/jezzy/husky_ws/turtlebot3/install/segtect:/home/jezzy/husky_ws/turtlebot3/install/autonomous_exploration:/opt/ros/humble /usr/bin/cmake --install /home/jezzy/yolobot/build/yolobot_mapping
[39.984s] -- Install configuration: ""
[39.985s] -- Installing: /home/jezzy/yolobot/install/yolobot_mapping/share/yolobot_mapping/launch
[39.987s] -- Installing: /home/jezzy/yolobot/install/yolobot_mapping/share/yolobot_mapping/launch/mapping.launch.py
[39.994s] -- Installing: /home/jezzy/yolobot/install/yolobot_mapping/share/ament_index/resource_index/package_run_dependencies/yolobot_mapping
[39.994s] -- Installing: /home/jezzy/yolobot/install/yolobot_mapping/share/ament_index/resource_index/parent_prefix_path/yolobot_mapping
[40.003s] -- Installing: /home/jezzy/yolobot/install/yolobot_mapping/share/yolobot_mapping/environment/ament_prefix_path.sh
[40.005s] -- Installing: /home/jezzy/yolobot/install/yolobot_mapping/share/yolobot_mapping/environment/ament_prefix_path.dsv
[40.008s] -- Installing: /home/jezzy/yolobot/install/yolobot_mapping/share/yolobot_mapping/environment/path.sh
[40.012s] -- Installing: /home/jezzy/yolobot/install/yolobot_mapping/share/yolobot_mapping/environment/path.dsv
[40.015s] -- Installing: /home/jezzy/yolobot/install/yolobot_mapping/share/yolobot_mapping/local_setup.bash
[40.019s] -- Installing: /home/jezzy/yolobot/install/yolobot_mapping/share/yolobot_mapping/local_setup.sh
[40.020s] -- Installing: /home/jezzy/yolobot/install/yolobot_mapping/share/yolobot_mapping/local_setup.zsh
[40.022s] -- Installing: /home/jezzy/yolobot/install/yolobot_mapping/share/yolobot_mapping/local_setup.dsv
[40.024s] -- Installing: /home/jezzy/yolobot/install/yolobot_mapping/share/yolobot_mapping/package.dsv
[40.026s] -- Installing: /home/jezzy/yolobot/install/yolobot_mapping/share/ament_index/resource_index/packages/yolobot_mapping
[40.027s] -- Installing: /home/jezzy/yolobot/install/yolobot_mapping/share/yolobot_mapping/cmake/yolobot_mappingConfig.cmake
[40.028s] -- Installing: /home/jezzy/yolobot/install/yolobot_mapping/share/yolobot_mapping/cmake/yolobot_mappingConfig-version.cmake
[40.028s] -- Installing: /home/jezzy/yolobot/install/yolobot_mapping/share/yolobot_mapping/package.xml
[40.034s] Invoked command in '/home/jezzy/yolobot/build/yolobot_mapping' returned '0': CMAKE_PREFIX_PATH=${CMAKE_PREFIX_PATH}:/home/jezzy/yolobot/install/yolobot_fusion:/home/jezzy/yolobot/install/yolobot_navigation:/home/jezzy/husky_ws/lintic/install/yolosed:/home/jezzy/husky_ws/lintic/install/visual:/home/jezzy/husky_ws/lintic/install/segnet:/home/jezzy/husky_ws/turtlebot3/install/turtlebot3_teleop:/home/jezzy/husky_ws/turtlebot3/install/turtlebot3_example:/home/jezzy/husky_ws/turtlebot3/install/segtect:/home/jezzy/husky_ws/turtlebot3/install/autonomous_exploration:/opt/ros/humble /usr/bin/cmake --install /home/jezzy/yolobot/build/yolobot_mapping
