[0.048s] Invoking command in '/home/jezzy/yolobot/build/yolobot_recognition': CMAKE_PREFIX_PATH=${CMAKE_PREFIX_PATH}:/home/jezzy/husky_ws/lintic/install/yolosed:/home/jezzy/husky_ws/lintic/install/visual:/home/jezzy/husky_ws/lintic/install/segnet:/home/jezzy/husky_ws/turtlebot3/install/turtlebot3_teleop:/home/jezzy/husky_ws/turtlebot3/install/turtlebot3_example:/home/jezzy/husky_ws/turtlebot3/install/segtect:/home/jezzy/husky_ws/turtlebot3/install/autonomous_exploration:/opt/ros/humble /usr/bin/cmake --build /home/jezzy/yolobot/build/yolobot_recognition -- -j4 -l4
[0.165s] Invoked command in '/home/jezzy/yolobot/build/yolobot_recognition' returned '0': CMAKE_PREFIX_PATH=${CMAKE_PREFIX_PATH}:/home/jezzy/husky_ws/lintic/install/yolosed:/home/jezzy/husky_ws/lintic/install/visual:/home/jezzy/husky_ws/lintic/install/segnet:/home/jezzy/husky_ws/turtlebot3/install/turtlebot3_teleop:/home/jezzy/husky_ws/turtlebot3/install/turtlebot3_example:/home/jezzy/husky_ws/turtlebot3/install/segtect:/home/jezzy/husky_ws/turtlebot3/install/autonomous_exploration:/opt/ros/humble /usr/bin/cmake --build /home/jezzy/yolobot/build/yolobot_recognition -- -j4 -l4
[0.183s] Invoking command in '/home/jezzy/yolobot/build/yolobot_recognition': CMAKE_PREFIX_PATH=${CMAKE_PREFIX_PATH}:/home/jezzy/husky_ws/lintic/install/yolosed:/home/jezzy/husky_ws/lintic/install/visual:/home/jezzy/husky_ws/lintic/install/segnet:/home/jezzy/husky_ws/turtlebot3/install/turtlebot3_teleop:/home/jezzy/husky_ws/turtlebot3/install/turtlebot3_example:/home/jezzy/husky_ws/turtlebot3/install/segtect:/home/jezzy/husky_ws/turtlebot3/install/autonomous_exploration:/opt/ros/humble /usr/bin/cmake --install /home/jezzy/yolobot/build/yolobot_recognition
[0.208s] -- Install configuration: ""
[0.208s] -- Up-to-date: /home/jezzy/yolobot/install/yolobot_recognition/share/yolobot_recognition//scripts
[0.209s] -- Up-to-date: /home/jezzy/yolobot/install/yolobot_recognition/share/yolobot_recognition//scripts/yolov8_ros2_subscriber.py
[0.209s] -- Up-to-date: /home/jezzy/yolobot/install/yolobot_recognition/share/yolobot_recognition//scripts/.gitignore
[0.210s] -- Up-to-date: /home/jezzy/yolobot/install/yolobot_recognition/share/yolobot_recognition//scripts/.gitattributes
[0.210s] -- Installing: /home/jezzy/yolobot/install/yolobot_recognition/share/yolobot_recognition//scripts/yolov8_ros2_pt.py
[0.210s] -- Up-to-date: /home/jezzy/yolobot/install/yolobot_recognition/share/yolobot_recognition//scripts/.dockerignore
[0.210s] -- Up-to-date: /home/jezzy/yolobot/install/yolobot_recognition/share/yolobot_recognition//scripts/yolov8n.pt
[0.211s] -- Up-to-date: /home/jezzy/yolobot/install/yolobot_recognition/share/yolobot_recognition//launch
[0.211s] -- Up-to-date: /home/jezzy/yolobot/install/yolobot_recognition/share/yolobot_recognition//launch/launch_yolov8.launch.py
[0.211s] -- Installing: /home/jezzy/yolobot/install/yolobot_recognition/lib/yolobot_recognition/yolov8_ros2_pt.py
[0.211s] -- Up-to-date: /home/jezzy/yolobot/install/yolobot_recognition/lib/yolobot_recognition/yolov8_ros2_subscriber.py
[0.212s] -- Up-to-date: /home/jezzy/yolobot/install/yolobot_recognition/lib/yolobot_recognition/launch_yolov8.launch.py
[0.212s] -- Up-to-date: /home/jezzy/yolobot/install/yolobot_recognition/share/ament_index/resource_index/package_run_dependencies/yolobot_recognition
[0.212s] -- Up-to-date: /home/jezzy/yolobot/install/yolobot_recognition/share/ament_index/resource_index/parent_prefix_path/yolobot_recognition
[0.213s] -- Up-to-date: /home/jezzy/yolobot/install/yolobot_recognition/share/yolobot_recognition/environment/ament_prefix_path.sh
[0.213s] -- Up-to-date: /home/jezzy/yolobot/install/yolobot_recognition/share/yolobot_recognition/environment/ament_prefix_path.dsv
[0.213s] -- Up-to-date: /home/jezzy/yolobot/install/yolobot_recognition/share/yolobot_recognition/environment/path.sh
[0.213s] -- Up-to-date: /home/jezzy/yolobot/install/yolobot_recognition/share/yolobot_recognition/environment/path.dsv
[0.214s] -- Up-to-date: /home/jezzy/yolobot/install/yolobot_recognition/share/yolobot_recognition/local_setup.bash
[0.214s] -- Up-to-date: /home/jezzy/yolobot/install/yolobot_recognition/share/yolobot_recognition/local_setup.sh
[0.215s] -- Up-to-date: /home/jezzy/yolobot/install/yolobot_recognition/share/yolobot_recognition/local_setup.zsh
[0.216s] -- Up-to-date: /home/jezzy/yolobot/install/yolobot_recognition/share/yolobot_recognition/local_setup.dsv
[0.217s] -- Up-to-date: /home/jezzy/yolobot/install/yolobot_recognition/share/yolobot_recognition/package.dsv
[0.218s] -- Up-to-date: /home/jezzy/yolobot/install/yolobot_recognition/share/ament_index/resource_index/packages/yolobot_recognition
[0.218s] -- Up-to-date: /home/jezzy/yolobot/install/yolobot_recognition/share/yolobot_recognition/cmake/yolobot_recognitionConfig.cmake
[0.219s] -- Up-to-date: /home/jezzy/yolobot/install/yolobot_recognition/share/yolobot_recognition/cmake/yolobot_recognitionConfig-version.cmake
[0.219s] -- Up-to-date: /home/jezzy/yolobot/install/yolobot_recognition/share/yolobot_recognition/package.xml
[0.311s] Invoked command in '/home/jezzy/yolobot/build/yolobot_recognition' returned '0': CMAKE_PREFIX_PATH=${CMAKE_PREFIX_PATH}:/home/jezzy/husky_ws/lintic/install/yolosed:/home/jezzy/husky_ws/lintic/install/visual:/home/jezzy/husky_ws/lintic/install/segnet:/home/jezzy/husky_ws/turtlebot3/install/turtlebot3_teleop:/home/jezzy/husky_ws/turtlebot3/install/turtlebot3_example:/home/jezzy/husky_ws/turtlebot3/install/segtect:/home/jezzy/husky_ws/turtlebot3/install/autonomous_exploration:/opt/ros/humble /usr/bin/cmake --install /home/jezzy/yolobot/build/yolobot_recognition
