[0.055s] Invoking command in '/home/jezzy/yolobot/build/yolobot_control': CMAKE_PREFIX_PATH=${CMAKE_PREFIX_PATH}:/home/jezzy/husky_ws/lintic/install/yolosed:/home/jezzy/husky_ws/lintic/install/visual:/home/jezzy/husky_ws/lintic/install/segnet:/home/jezzy/husky_ws/turtlebot3/install/turtlebot3_teleop:/home/jezzy/husky_ws/turtlebot3/install/turtlebot3_example:/home/jezzy/husky_ws/turtlebot3/install/segtect:/home/jezzy/husky_ws/turtlebot3/install/autonomous_exploration:/opt/ros/humble /usr/bin/cmake /home/jezzy/yolobot/src/yolobot_control -DCMAKE_INSTALL_PREFIX=/home/jezzy/yolobot/install/yolobot_control
[0.526s] -- The C compiler identification is GNU 11.4.0
[2.088s] -- The CXX compiler identification is GNU 11.4.0
[3.494s] -- Detecting C compiler ABI info
[4.036s] -- Detecting C compiler ABI info - done
[4.072s] -- Check for working C compiler: /usr/bin/cc - skipped
[4.074s] -- Detecting C compile features
[4.075s] -- Detecting C compile features - done
[4.085s] -- Detecting CXX compiler ABI info
[4.604s] -- Detecting CXX compiler ABI info - done
[4.622s] -- Check for working CXX compiler: /usr/bin/c++ - skipped
[4.623s] -- Detecting CXX compile features
[4.625s] -- Detecting CXX compile features - done
[4.635s] -- Found ament_cmake: 1.3.11 (/opt/ros/humble/share/ament_cmake/cmake)
[5.109s] -- Found Python3: /usr/bin/python3 (found version "3.10.12") found components: Interpreter 
[5.423s] -- Found ament_lint_auto: 0.12.12 (/opt/ros/humble/share/ament_lint_auto/cmake)
[5.771s] -- Added test 'copyright' to check source files copyright and LICENSE
[5.781s] -- Added test 'flake8' to check Python code syntax and style conventions
[5.785s] -- Added test 'lint_cmake' to check CMake code style
[5.788s] -- Added test 'pep257' to check Python code against some of the docstring style conventions in PEP 257
[5.794s] -- Added test 'xmllint' to check XML markup files
[5.801s] -- Configuring done
[5.812s] -- Generating done
[5.818s] -- Build files have been written to: /home/jezzy/yolobot/build/yolobot_control
[5.846s] Invoked command in '/home/jezzy/yolobot/build/yolobot_control' returned '0': CMAKE_PREFIX_PATH=${CMAKE_PREFIX_PATH}:/home/jezzy/husky_ws/lintic/install/yolosed:/home/jezzy/husky_ws/lintic/install/visual:/home/jezzy/husky_ws/lintic/install/segnet:/home/jezzy/husky_ws/turtlebot3/install/turtlebot3_teleop:/home/jezzy/husky_ws/turtlebot3/install/turtlebot3_example:/home/jezzy/husky_ws/turtlebot3/install/segtect:/home/jezzy/husky_ws/turtlebot3/install/autonomous_exploration:/opt/ros/humble /usr/bin/cmake /home/jezzy/yolobot/src/yolobot_control -DCMAKE_INSTALL_PREFIX=/home/jezzy/yolobot/install/yolobot_control
[5.850s] Invoking command in '/home/jezzy/yolobot/build/yolobot_control': CMAKE_PREFIX_PATH=${CMAKE_PREFIX_PATH}:/home/jezzy/husky_ws/lintic/install/yolosed:/home/jezzy/husky_ws/lintic/install/visual:/home/jezzy/husky_ws/lintic/install/segnet:/home/jezzy/husky_ws/turtlebot3/install/turtlebot3_teleop:/home/jezzy/husky_ws/turtlebot3/install/turtlebot3_example:/home/jezzy/husky_ws/turtlebot3/install/segtect:/home/jezzy/husky_ws/turtlebot3/install/autonomous_exploration:/opt/ros/humble /usr/bin/cmake --build /home/jezzy/yolobot/build/yolobot_control -- -j4 -l4
[5.977s] Invoked command in '/home/jezzy/yolobot/build/yolobot_control' returned '0': CMAKE_PREFIX_PATH=${CMAKE_PREFIX_PATH}:/home/jezzy/husky_ws/lintic/install/yolosed:/home/jezzy/husky_ws/lintic/install/visual:/home/jezzy/husky_ws/lintic/install/segnet:/home/jezzy/husky_ws/turtlebot3/install/turtlebot3_teleop:/home/jezzy/husky_ws/turtlebot3/install/turtlebot3_example:/home/jezzy/husky_ws/turtlebot3/install/segtect:/home/jezzy/husky_ws/turtlebot3/install/autonomous_exploration:/opt/ros/humble /usr/bin/cmake --build /home/jezzy/yolobot/build/yolobot_control -- -j4 -l4
[5.978s] Invoking command in '/home/jezzy/yolobot/build/yolobot_control': CMAKE_PREFIX_PATH=${CMAKE_PREFIX_PATH}:/home/jezzy/husky_ws/lintic/install/yolosed:/home/jezzy/husky_ws/lintic/install/visual:/home/jezzy/husky_ws/lintic/install/segnet:/home/jezzy/husky_ws/turtlebot3/install/turtlebot3_teleop:/home/jezzy/husky_ws/turtlebot3/install/turtlebot3_example:/home/jezzy/husky_ws/turtlebot3/install/segtect:/home/jezzy/husky_ws/turtlebot3/install/autonomous_exploration:/opt/ros/humble /usr/bin/cmake --install /home/jezzy/yolobot/build/yolobot_control
[5.998s] -- Install configuration: ""
[5.998s] -- Installing: /home/jezzy/yolobot/install/yolobot_control/share/yolobot_control//scripts
[6.000s] -- Installing: /home/jezzy/yolobot/install/yolobot_control/share/yolobot_control//scripts/robot_control.py
[6.000s] -- Installing: /home/jezzy/yolobot/install/yolobot_control/share/yolobot_control//launch
[6.001s] -- Installing: /home/jezzy/yolobot/install/yolobot_control/share/yolobot_control//launch/yolobot_control.launch.py
[6.001s] -- Installing: /home/jezzy/yolobot/install/yolobot_control/lib/yolobot_control/robot_control.py
[6.002s] -- Installing: /home/jezzy/yolobot/install/yolobot_control/lib/yolobot_control/yolobot_control.launch.py
[6.006s] -- Installing: /home/jezzy/yolobot/install/yolobot_control/share/ament_index/resource_index/package_run_dependencies/yolobot_control
[6.009s] -- Installing: /home/jezzy/yolobot/install/yolobot_control/share/ament_index/resource_index/parent_prefix_path/yolobot_control
[6.009s] -- Installing: /home/jezzy/yolobot/install/yolobot_control/share/yolobot_control/environment/ament_prefix_path.sh
[6.010s] -- Installing: /home/jezzy/yolobot/install/yolobot_control/share/yolobot_control/environment/ament_prefix_path.dsv
[6.013s] -- Installing: /home/jezzy/yolobot/install/yolobot_control/share/yolobot_control/environment/path.sh
[6.014s] -- Installing: /home/jezzy/yolobot/install/yolobot_control/share/yolobot_control/environment/path.dsv
[6.014s] -- Installing: /home/jezzy/yolobot/install/yolobot_control/share/yolobot_control/local_setup.bash
[6.014s] -- Installing: /home/jezzy/yolobot/install/yolobot_control/share/yolobot_control/local_setup.sh
[6.014s] -- Installing: /home/jezzy/yolobot/install/yolobot_control/share/yolobot_control/local_setup.zsh
[6.015s] -- Installing: /home/jezzy/yolobot/install/yolobot_control/share/yolobot_control/local_setup.dsv
[6.015s] -- Installing: /home/jezzy/yolobot/install/yolobot_control/share/yolobot_control/package.dsv
[6.015s] -- Installing: /home/jezzy/yolobot/install/yolobot_control/share/ament_index/resource_index/packages/yolobot_control
[6.015s] -- Installing: /home/jezzy/yolobot/install/yolobot_control/share/yolobot_control/cmake/yolobot_controlConfig.cmake
[6.016s] -- Installing: /home/jezzy/yolobot/install/yolobot_control/share/yolobot_control/cmake/yolobot_controlConfig-version.cmake
[6.016s] -- Installing: /home/jezzy/yolobot/install/yolobot_control/share/yolobot_control/package.xml
[6.080s] Invoked command in '/home/jezzy/yolobot/build/yolobot_control' returned '0': CMAKE_PREFIX_PATH=${CMAKE_PREFIX_PATH}:/home/jezzy/husky_ws/lintic/install/yolosed:/home/jezzy/husky_ws/lintic/install/visual:/home/jezzy/husky_ws/lintic/install/segnet:/home/jezzy/husky_ws/turtlebot3/install/turtlebot3_teleop:/home/jezzy/husky_ws/turtlebot3/install/turtlebot3_example:/home/jezzy/husky_ws/turtlebot3/install/segtect:/home/jezzy/husky_ws/turtlebot3/install/autonomous_exploration:/opt/ros/humble /usr/bin/cmake --install /home/jezzy/yolobot/build/yolobot_control
