[0.081s] Invoking command in '/home/jezzy/yolobot/build/yolobot_gazebo': CMAKE_PREFIX_PATH=${CMAKE_PREFIX_PATH}:/home/jezzy/husky_ws/lintic/install/yolosed:/home/jezzy/husky_ws/lintic/install/visual:/home/jezzy/husky_ws/lintic/install/segnet:/home/jezzy/husky_ws/turtlebot3/install/turtlebot3_teleop:/home/jezzy/husky_ws/turtlebot3/install/turtlebot3_example:/home/jezzy/husky_ws/turtlebot3/install/segtect:/home/jezzy/husky_ws/turtlebot3/install/autonomous_exploration:/opt/ros/humble /usr/bin/cmake /home/jezzy/yolobot/src/yolobot_gazebo -DCMAKE_INSTALL_PREFIX=/home/jezzy/yolobot/install/yolobot_gazebo
[0.506s] -- The C compiler identification is GNU 11.4.0
[1.925s] -- The CXX compiler identification is GNU 11.4.0
[3.043s] -- Detecting C compiler ABI info
[3.554s] -- Detecting C compiler ABI info - done
[3.596s] -- Check for working C compiler: /usr/bin/cc - skipped
[3.596s] -- Detecting C compile features
[3.597s] -- Detecting C compile features - done
[3.606s] -- Detecting CXX compiler ABI info
[4.087s] -- Detecting CXX compiler ABI info - done
[4.125s] -- Check for working CXX compiler: /usr/bin/c++ - skipped
[4.126s] -- Detecting CXX compile features
[4.128s] -- Detecting CXX compile features - done
[4.141s] -- Found ament_cmake: 1.3.11 (/opt/ros/humble/share/ament_cmake/cmake)
[4.770s] -- Found Python3: /usr/bin/python3 (found version "3.10.12") found components: Interpreter 
[5.212s] -- Found rclpy: 3.3.16 (/opt/ros/humble/share/rclpy/cmake)
[5.224s] -- Found ament_lint_auto: 0.12.12 (/opt/ros/humble/share/ament_lint_auto/cmake)
[5.582s] -- Added test 'copyright' to check source files copyright and LICENSE
[5.603s] -- Added test 'flake8' to check Python code syntax and style conventions
[5.603s] -- Added test 'lint_cmake' to check CMake code style
[5.606s] -- Added test 'pep257' to check Python code against some of the docstring style conventions in PEP 257
[5.617s] -- Added test 'xmllint' to check XML markup files
[5.626s] -- Configuring done
[5.642s] -- Generating done
[5.642s] -- Build files have been written to: /home/jezzy/yolobot/build/yolobot_gazebo
[5.655s] Invoked command in '/home/jezzy/yolobot/build/yolobot_gazebo' returned '0': CMAKE_PREFIX_PATH=${CMAKE_PREFIX_PATH}:/home/jezzy/husky_ws/lintic/install/yolosed:/home/jezzy/husky_ws/lintic/install/visual:/home/jezzy/husky_ws/lintic/install/segnet:/home/jezzy/husky_ws/turtlebot3/install/turtlebot3_teleop:/home/jezzy/husky_ws/turtlebot3/install/turtlebot3_example:/home/jezzy/husky_ws/turtlebot3/install/segtect:/home/jezzy/husky_ws/turtlebot3/install/autonomous_exploration:/opt/ros/humble /usr/bin/cmake /home/jezzy/yolobot/src/yolobot_gazebo -DCMAKE_INSTALL_PREFIX=/home/jezzy/yolobot/install/yolobot_gazebo
[5.657s] Invoking command in '/home/jezzy/yolobot/build/yolobot_gazebo': CMAKE_PREFIX_PATH=${CMAKE_PREFIX_PATH}:/home/jezzy/husky_ws/lintic/install/yolosed:/home/jezzy/husky_ws/lintic/install/visual:/home/jezzy/husky_ws/lintic/install/segnet:/home/jezzy/husky_ws/turtlebot3/install/turtlebot3_teleop:/home/jezzy/husky_ws/turtlebot3/install/turtlebot3_example:/home/jezzy/husky_ws/turtlebot3/install/segtect:/home/jezzy/husky_ws/turtlebot3/install/autonomous_exploration:/opt/ros/humble /usr/bin/cmake --build /home/jezzy/yolobot/build/yolobot_gazebo -- -j4 -l4
[5.822s] Invoked command in '/home/jezzy/yolobot/build/yolobot_gazebo' returned '0': CMAKE_PREFIX_PATH=${CMAKE_PREFIX_PATH}:/home/jezzy/husky_ws/lintic/install/yolosed:/home/jezzy/husky_ws/lintic/install/visual:/home/jezzy/husky_ws/lintic/install/segnet:/home/jezzy/husky_ws/turtlebot3/install/turtlebot3_teleop:/home/jezzy/husky_ws/turtlebot3/install/turtlebot3_example:/home/jezzy/husky_ws/turtlebot3/install/segtect:/home/jezzy/husky_ws/turtlebot3/install/autonomous_exploration:/opt/ros/humble /usr/bin/cmake --build /home/jezzy/yolobot/build/yolobot_gazebo -- -j4 -l4
[5.824s] Invoking command in '/home/jezzy/yolobot/build/yolobot_gazebo': CMAKE_PREFIX_PATH=${CMAKE_PREFIX_PATH}:/home/jezzy/husky_ws/lintic/install/yolosed:/home/jezzy/husky_ws/lintic/install/visual:/home/jezzy/husky_ws/lintic/install/segnet:/home/jezzy/husky_ws/turtlebot3/install/turtlebot3_teleop:/home/jezzy/husky_ws/turtlebot3/install/turtlebot3_example:/home/jezzy/husky_ws/turtlebot3/install/segtect:/home/jezzy/husky_ws/turtlebot3/install/autonomous_exploration:/opt/ros/humble /usr/bin/cmake --install /home/jezzy/yolobot/build/yolobot_gazebo
[5.851s] -- Install configuration: ""
[5.853s] -- Installing: /home/jezzy/yolobot/install/yolobot_gazebo/share/yolobot_gazebo//launch
[5.853s] -- Installing: /home/jezzy/yolobot/install/yolobot_gazebo/share/yolobot_gazebo//launch/yolobot_launch.py
[5.853s] -- Installing: /home/jezzy/yolobot/install/yolobot_gazebo/share/yolobot_gazebo//launch/start_world_launch.py
[5.854s] -- Installing: /home/jezzy/yolobot/install/yolobot_gazebo/share/yolobot_gazebo//worlds
[5.860s] -- Installing: /home/jezzy/yolobot/install/yolobot_gazebo/share/yolobot_gazebo//worlds/yolo_test.world
[5.864s] -- Installing: /home/jezzy/yolobot/install/yolobot_gazebo/share/ament_index/resource_index/package_run_dependencies/yolobot_gazebo
[5.867s] -- Installing: /home/jezzy/yolobot/install/yolobot_gazebo/share/ament_index/resource_index/parent_prefix_path/yolobot_gazebo
[5.879s] -- Installing: /home/jezzy/yolobot/install/yolobot_gazebo/share/yolobot_gazebo/environment/ament_prefix_path.sh
[5.880s] -- Installing: /home/jezzy/yolobot/install/yolobot_gazebo/share/yolobot_gazebo/environment/ament_prefix_path.dsv
[5.881s] -- Installing: /home/jezzy/yolobot/install/yolobot_gazebo/share/yolobot_gazebo/environment/path.sh
[5.881s] -- Installing: /home/jezzy/yolobot/install/yolobot_gazebo/share/yolobot_gazebo/environment/path.dsv
[5.886s] -- Installing: /home/jezzy/yolobot/install/yolobot_gazebo/share/yolobot_gazebo/local_setup.bash
[5.889s] -- Installing: /home/jezzy/yolobot/install/yolobot_gazebo/share/yolobot_gazebo/local_setup.sh
[5.893s] -- Installing: /home/jezzy/yolobot/install/yolobot_gazebo/share/yolobot_gazebo/local_setup.zsh
[5.895s] -- Installing: /home/jezzy/yolobot/install/yolobot_gazebo/share/yolobot_gazebo/local_setup.dsv
[5.898s] -- Installing: /home/jezzy/yolobot/install/yolobot_gazebo/share/yolobot_gazebo/package.dsv
[5.905s] -- Installing: /home/jezzy/yolobot/install/yolobot_gazebo/share/ament_index/resource_index/packages/yolobot_gazebo
[5.906s] -- Installing: /home/jezzy/yolobot/install/yolobot_gazebo/share/yolobot_gazebo/cmake/yolobot_gazeboConfig.cmake
[5.906s] -- Installing: /home/jezzy/yolobot/install/yolobot_gazebo/share/yolobot_gazebo/cmake/yolobot_gazeboConfig-version.cmake
[5.907s] -- Installing: /home/jezzy/yolobot/install/yolobot_gazebo/share/yolobot_gazebo/package.xml
[5.908s] Invoked command in '/home/jezzy/yolobot/build/yolobot_gazebo' returned '0': CMAKE_PREFIX_PATH=${CMAKE_PREFIX_PATH}:/home/jezzy/husky_ws/lintic/install/yolosed:/home/jezzy/husky_ws/lintic/install/visual:/home/jezzy/husky_ws/lintic/install/segnet:/home/jezzy/husky_ws/turtlebot3/install/turtlebot3_teleop:/home/jezzy/husky_ws/turtlebot3/install/turtlebot3_example:/home/jezzy/husky_ws/turtlebot3/install/segtect:/home/jezzy/husky_ws/turtlebot3/install/autonomous_exploration:/opt/ros/humble /usr/bin/cmake --install /home/jezzy/yolobot/build/yolobot_gazebo
