[0.121s] Invoking command in '/home/jezzy/huskybot/build/velodyne_laserscan': CMAKE_PREFIX_PATH=${CMAKE_PREFIX_PATH}:/home/jezzy/huskybot/install/huskybot_fusion:/home/jezzy/huskybot/install/huskybot_navigation:/home/jezzy/husky_ws/turtlebot3/install/turtlebot3_teleop:/home/jezzy/husky_ws/turtlebot3/install/turtlebot3_example:/home/jezzy/husky_ws/turtlebot3/install/segtect:/home/jezzy/husky_ws/turtlebot3/install/autonomous_exploration:/home/jezzy/husky_ws/lintic/install/yolosed:/home/jezzy/husky_ws/lintic/install/visual:/home/jezzy/husky_ws/lintic/install/segnet:/opt/ros/humble /usr/bin/cmake --build /home/jezzy/huskybot/build/velodyne_laserscan -- -j4 -l4
[0.480s] [ 50%] Built target velodyne_laserscan
[0.868s] [100%] Built target velodyne_laserscan_node
[0.966s] Invoked command in '/home/jezzy/huskybot/build/velodyne_laserscan' returned '0': CMAKE_PREFIX_PATH=${CMAKE_PREFIX_PATH}:/home/jezzy/huskybot/install/huskybot_fusion:/home/jezzy/huskybot/install/huskybot_navigation:/home/jezzy/husky_ws/turtlebot3/install/turtlebot3_teleop:/home/jezzy/husky_ws/turtlebot3/install/turtlebot3_example:/home/jezzy/husky_ws/turtlebot3/install/segtect:/home/jezzy/husky_ws/turtlebot3/install/autonomous_exploration:/home/jezzy/husky_ws/lintic/install/yolosed:/home/jezzy/husky_ws/lintic/install/visual:/home/jezzy/husky_ws/lintic/install/segnet:/opt/ros/humble /usr/bin/cmake --build /home/jezzy/huskybot/build/velodyne_laserscan -- -j4 -l4
[0.968s] Invoking command in '/home/jezzy/huskybot/build/velodyne_laserscan': CMAKE_PREFIX_PATH=${CMAKE_PREFIX_PATH}:/home/jezzy/huskybot/install/huskybot_fusion:/home/jezzy/huskybot/install/huskybot_navigation:/home/jezzy/husky_ws/turtlebot3/install/turtlebot3_teleop:/home/jezzy/husky_ws/turtlebot3/install/turtlebot3_example:/home/jezzy/husky_ws/turtlebot3/install/segtect:/home/jezzy/husky_ws/turtlebot3/install/autonomous_exploration:/home/jezzy/husky_ws/lintic/install/yolosed:/home/jezzy/husky_ws/lintic/install/visual:/home/jezzy/husky_ws/lintic/install/segnet:/opt/ros/humble /usr/bin/cmake --install /home/jezzy/huskybot/build/velodyne_laserscan
[1.031s] -- Install configuration: ""
[1.033s] -- Up-to-date: /home/jezzy/huskybot/install/velodyne_laserscan/lib/libvelodyne_laserscan.so
[1.036s] -- Up-to-date: /home/jezzy/huskybot/install/velodyne_laserscan/lib/velodyne_laserscan/velodyne_laserscan_node
[1.039s] -- Up-to-date: /home/jezzy/huskybot/install/velodyne_laserscan/include/velodyne_laserscan
[1.043s] -- Up-to-date: /home/jezzy/huskybot/install/velodyne_laserscan/include/velodyne_laserscan/velodyne_laserscan.hpp
[1.043s] -- Up-to-date: /home/jezzy/huskybot/install/velodyne_laserscan/share/velodyne_laserscan/config
[1.044s] -- Up-to-date: /home/jezzy/huskybot/install/velodyne_laserscan/share/velodyne_laserscan/config/default-velodyne_laserscan_node-params.yaml
[1.044s] -- Up-to-date: /home/jezzy/huskybot/install/velodyne_laserscan/share/velodyne_laserscan/launch
[1.045s] -- Up-to-date: /home/jezzy/huskybot/install/velodyne_laserscan/share/velodyne_laserscan/launch/velodyne_laserscan_node-composed-launch.py
[1.045s] -- Up-to-date: /home/jezzy/huskybot/install/velodyne_laserscan/share/velodyne_laserscan/launch/velodyne_laserscan_node-launch.py
[1.047s] -- Up-to-date: /home/jezzy/huskybot/install/velodyne_laserscan/share/ament_index/resource_index/package_run_dependencies/velodyne_laserscan
[1.048s] -- Up-to-date: /home/jezzy/huskybot/install/velodyne_laserscan/share/ament_index/resource_index/parent_prefix_path/velodyne_laserscan
[1.048s] -- Up-to-date: /home/jezzy/huskybot/install/velodyne_laserscan/share/velodyne_laserscan/environment/ament_prefix_path.sh
[1.049s] -- Up-to-date: /home/jezzy/huskybot/install/velodyne_laserscan/share/velodyne_laserscan/environment/ament_prefix_path.dsv
[1.049s] -- Up-to-date: /home/jezzy/huskybot/install/velodyne_laserscan/share/velodyne_laserscan/environment/path.sh
[1.049s] -- Up-to-date: /home/jezzy/huskybot/install/velodyne_laserscan/share/velodyne_laserscan/environment/path.dsv
[1.050s] -- Up-to-date: /home/jezzy/huskybot/install/velodyne_laserscan/share/velodyne_laserscan/local_setup.bash
[1.050s] -- Up-to-date: /home/jezzy/huskybot/install/velodyne_laserscan/share/velodyne_laserscan/local_setup.sh
[1.050s] -- Up-to-date: /home/jezzy/huskybot/install/velodyne_laserscan/share/velodyne_laserscan/local_setup.zsh
[1.064s] -- Up-to-date: /home/jezzy/huskybot/install/velodyne_laserscan/share/velodyne_laserscan/local_setup.dsv
[1.065s] -- Installing: /home/jezzy/huskybot/install/velodyne_laserscan/share/velodyne_laserscan/package.dsv
[1.065s] -- Up-to-date: /home/jezzy/huskybot/install/velodyne_laserscan/share/ament_index/resource_index/packages/velodyne_laserscan
[1.065s] -- Up-to-date: /home/jezzy/huskybot/install/velodyne_laserscan/share/ament_index/resource_index/rclcpp_components/velodyne_laserscan
[1.065s] -- Up-to-date: /home/jezzy/huskybot/install/velodyne_laserscan/share/velodyne_laserscan/cmake/velodyne_laserscanExport.cmake
[1.065s] -- Up-to-date: /home/jezzy/huskybot/install/velodyne_laserscan/share/velodyne_laserscan/cmake/velodyne_laserscanExport-noconfig.cmake
[1.066s] -- Up-to-date: /home/jezzy/huskybot/install/velodyne_laserscan/share/velodyne_laserscan/cmake/ament_cmake_export_include_directories-extras.cmake
[1.066s] -- Up-to-date: /home/jezzy/huskybot/install/velodyne_laserscan/share/velodyne_laserscan/cmake/ament_cmake_export_targets-extras.cmake
[1.066s] -- Up-to-date: /home/jezzy/huskybot/install/velodyne_laserscan/share/velodyne_laserscan/cmake/ament_cmake_export_dependencies-extras.cmake
[1.066s] -- Up-to-date: /home/jezzy/huskybot/install/velodyne_laserscan/share/velodyne_laserscan/cmake/velodyne_laserscanConfig.cmake
[1.067s] -- Up-to-date: /home/jezzy/huskybot/install/velodyne_laserscan/share/velodyne_laserscan/cmake/velodyne_laserscanConfig-version.cmake
[1.067s] -- Up-to-date: /home/jezzy/huskybot/install/velodyne_laserscan/share/velodyne_laserscan/package.xml
[1.067s] Invoked command in '/home/jezzy/huskybot/build/velodyne_laserscan' returned '0': CMAKE_PREFIX_PATH=${CMAKE_PREFIX_PATH}:/home/jezzy/huskybot/install/huskybot_fusion:/home/jezzy/huskybot/install/huskybot_navigation:/home/jezzy/husky_ws/turtlebot3/install/turtlebot3_teleop:/home/jezzy/husky_ws/turtlebot3/install/turtlebot3_example:/home/jezzy/husky_ws/turtlebot3/install/segtect:/home/jezzy/husky_ws/turtlebot3/install/autonomous_exploration:/home/jezzy/husky_ws/lintic/install/yolosed:/home/jezzy/husky_ws/lintic/install/visual:/home/jezzy/husky_ws/lintic/install/segnet:/opt/ros/humble /usr/bin/cmake --install /home/jezzy/huskybot/build/velodyne_laserscan
