[0.061s] Invoking command in '/home/jezzy/huskybot/build/huskybot_description': CMAKE_PREFIX_PATH=${CMAKE_PREFIX_PATH}:/home/jezzy/husky_ws/lintic/install/yolosed:/home/jezzy/husky_ws/lintic/install/visual:/home/jezzy/husky_ws/lintic/install/segnet:/home/jezzy/husky_ws/turtlebot3/install/turtlebot3_teleop:/home/jezzy/husky_ws/turtlebot3/install/turtlebot3_example:/home/jezzy/husky_ws/turtlebot3/install/segtect:/home/jezzy/husky_ws/turtlebot3/install/autonomous_exploration:/opt/ros/humble /usr/bin/cmake /home/jezzy/huskybot/src/huskybot_description -DCMAKE_INSTALL_PREFIX=/home/jezzy/huskybot/install/huskybot_description
[0.748s] -- The C compiler identification is GNU 11.4.0
[2.847s] -- The CXX compiler identification is GNU 11.4.0
[4.307s] -- Detecting C compiler ABI info
[5.298s] -- Detecting C compiler ABI info - done
[5.421s] -- Check for working C compiler: /usr/bin/cc - skipped
[5.422s] -- Detecting C compile features
[5.427s] -- Detecting C compile features - done
[5.435s] -- Detecting CXX compiler ABI info
[6.612s] -- Detecting CXX compiler ABI info - done
[6.713s] -- Check for working CXX compiler: /usr/bin/c++ - skipped
[6.717s] -- Detecting CXX compile features
[6.723s] -- Detecting CXX compile features - done
[6.776s] -- Found ament_cmake: 1.3.11 (/opt/ros/humble/share/ament_cmake/cmake)
[8.546s] -- Found Python3: /usr/bin/python3 (found version "3.10.12") found components: Interpreter 
[9.847s] -- Found urdf: 2.6.1 (/opt/ros/humble/share/urdf/cmake)
[16.550s] -- Found ament_lint_auto: 0.12.12 (/opt/ros/humble/share/ament_lint_auto/cmake)
[17.515s] -- Added test 'copyright' to check source files copyright and LICENSE
[17.533s] -- Added test 'flake8' to check Python code syntax and style conventions
[17.551s] -- Added test 'lint_cmake' to check CMake code style
[17.555s] -- Added test 'pep257' to check Python code against some of the docstring style conventions in PEP 257
[17.568s] -- Added test 'xmllint' to check XML markup files
[17.592s] -- Configuring done
[17.610s] -- Generating done
[17.633s] -- Build files have been written to: /home/jezzy/huskybot/build/huskybot_description
[17.660s] Invoked command in '/home/jezzy/huskybot/build/huskybot_description' returned '0': CMAKE_PREFIX_PATH=${CMAKE_PREFIX_PATH}:/home/jezzy/husky_ws/lintic/install/yolosed:/home/jezzy/husky_ws/lintic/install/visual:/home/jezzy/husky_ws/lintic/install/segnet:/home/jezzy/husky_ws/turtlebot3/install/turtlebot3_teleop:/home/jezzy/husky_ws/turtlebot3/install/turtlebot3_example:/home/jezzy/husky_ws/turtlebot3/install/segtect:/home/jezzy/husky_ws/turtlebot3/install/autonomous_exploration:/opt/ros/humble /usr/bin/cmake /home/jezzy/huskybot/src/huskybot_description -DCMAKE_INSTALL_PREFIX=/home/jezzy/huskybot/install/huskybot_description
[17.670s] Invoking command in '/home/jezzy/huskybot/build/huskybot_description': CMAKE_PREFIX_PATH=${CMAKE_PREFIX_PATH}:/home/jezzy/husky_ws/lintic/install/yolosed:/home/jezzy/husky_ws/lintic/install/visual:/home/jezzy/husky_ws/lintic/install/segnet:/home/jezzy/husky_ws/turtlebot3/install/turtlebot3_teleop:/home/jezzy/husky_ws/turtlebot3/install/turtlebot3_example:/home/jezzy/husky_ws/turtlebot3/install/segtect:/home/jezzy/husky_ws/turtlebot3/install/autonomous_exploration:/opt/ros/humble /usr/bin/cmake --build /home/jezzy/huskybot/build/huskybot_description -- -j4 -l4
[17.900s] Invoked command in '/home/jezzy/huskybot/build/huskybot_description' returned '0': CMAKE_PREFIX_PATH=${CMAKE_PREFIX_PATH}:/home/jezzy/husky_ws/lintic/install/yolosed:/home/jezzy/husky_ws/lintic/install/visual:/home/jezzy/husky_ws/lintic/install/segnet:/home/jezzy/husky_ws/turtlebot3/install/turtlebot3_teleop:/home/jezzy/husky_ws/turtlebot3/install/turtlebot3_example:/home/jezzy/husky_ws/turtlebot3/install/segtect:/home/jezzy/husky_ws/turtlebot3/install/autonomous_exploration:/opt/ros/humble /usr/bin/cmake --build /home/jezzy/huskybot/build/huskybot_description -- -j4 -l4
[17.901s] Invoking command in '/home/jezzy/huskybot/build/huskybot_description': CMAKE_PREFIX_PATH=${CMAKE_PREFIX_PATH}:/home/jezzy/husky_ws/lintic/install/yolosed:/home/jezzy/husky_ws/lintic/install/visual:/home/jezzy/husky_ws/lintic/install/segnet:/home/jezzy/husky_ws/turtlebot3/install/turtlebot3_teleop:/home/jezzy/husky_ws/turtlebot3/install/turtlebot3_example:/home/jezzy/husky_ws/turtlebot3/install/segtect:/home/jezzy/husky_ws/turtlebot3/install/autonomous_exploration:/opt/ros/humble /usr/bin/cmake --install /home/jezzy/huskybot/build/huskybot_description
[17.972s] -- Install configuration: ""
[17.973s] -- Installing: /home/jezzy/huskybot/install/huskybot_description/share/huskybot_description//launch
[17.974s] -- Installing: /home/jezzy/huskybot/install/huskybot_description/share/huskybot_description//launch/spawn_huskybot_launch.launch.py
[17.974s] -- Installing: /home/jezzy/huskybot/install/huskybot_description/share/huskybot_description//launch/spawn_huskybot.py
[17.974s] -- Installing: /home/jezzy/huskybot/install/huskybot_description/share/huskybot_description//robot
[17.974s] -- Installing: /home/jezzy/huskybot/install/huskybot_description/share/huskybot_description//robot/huskybot.urdf
[17.974s] -- Installing: /home/jezzy/huskybot/install/huskybot_description/share/huskybot_description//robot/husky_with_cameras.xacro
[17.976s] -- Installing: /home/jezzy/huskybot/install/huskybot_description/lib/huskybot_description/spawn_huskybot.py
[17.979s] -- Installing: /home/jezzy/huskybot/install/huskybot_description/share/ament_index/resource_index/package_run_dependencies/huskybot_description
[17.981s] -- Installing: /home/jezzy/huskybot/install/huskybot_description/share/ament_index/resource_index/parent_prefix_path/huskybot_description
[17.984s] -- Installing: /home/jezzy/huskybot/install/huskybot_description/share/huskybot_description/environment/ament_prefix_path.sh
[17.985s] -- Installing: /home/jezzy/huskybot/install/huskybot_description/share/huskybot_description/environment/ament_prefix_path.dsv
[17.986s] -- Installing: /home/jezzy/huskybot/install/huskybot_description/share/huskybot_description/environment/path.sh
[17.987s] -- Installing: /home/jezzy/huskybot/install/huskybot_description/share/huskybot_description/environment/path.dsv
[17.988s] -- Installing: /home/jezzy/huskybot/install/huskybot_description/share/huskybot_description/local_setup.bash
[17.989s] -- Installing: /home/jezzy/huskybot/install/huskybot_description/share/huskybot_description/local_setup.sh
[17.991s] -- Installing: /home/jezzy/huskybot/install/huskybot_description/share/huskybot_description/local_setup.zsh
[17.992s] -- Installing: /home/jezzy/huskybot/install/huskybot_description/share/huskybot_description/local_setup.dsv
[17.993s] -- Installing: /home/jezzy/huskybot/install/huskybot_description/share/huskybot_description/package.dsv
[17.994s] -- Installing: /home/jezzy/huskybot/install/huskybot_description/share/ament_index/resource_index/packages/huskybot_description
[18.002s] -- Installing: /home/jezzy/huskybot/install/huskybot_description/share/huskybot_description/cmake/huskybot_descriptionConfig.cmake
[18.003s] -- Installing: /home/jezzy/huskybot/install/huskybot_description/share/huskybot_description/cmake/huskybot_descriptionConfig-version.cmake
[18.003s] -- Installing: /home/jezzy/huskybot/install/huskybot_description/share/huskybot_description/package.xml
[18.011s] Invoked command in '/home/jezzy/huskybot/build/huskybot_description' returned '0': CMAKE_PREFIX_PATH=${CMAKE_PREFIX_PATH}:/home/jezzy/husky_ws/lintic/install/yolosed:/home/jezzy/husky_ws/lintic/install/visual:/home/jezzy/husky_ws/lintic/install/segnet:/home/jezzy/husky_ws/turtlebot3/install/turtlebot3_teleop:/home/jezzy/husky_ws/turtlebot3/install/turtlebot3_example:/home/jezzy/husky_ws/turtlebot3/install/segtect:/home/jezzy/husky_ws/turtlebot3/install/autonomous_exploration:/opt/ros/humble /usr/bin/cmake --install /home/jezzy/huskybot/build/huskybot_description
