[0.061s] Invoking command in '/home/jezzy/huskybot/build/huskybot_description': CMAKE_PREFIX_PATH=${CMAKE_PREFIX_PATH}:/home/jezzy/husky_ws/lintic/install/yolosed:/home/jezzy/husky_ws/lintic/install/visual:/home/jezzy/husky_ws/lintic/install/segnet:/home/jezzy/husky_ws/turtlebot3/install/turtlebot3_teleop:/home/jezzy/husky_ws/turtlebot3/install/turtlebot3_example:/home/jezzy/husky_ws/turtlebot3/install/segtect:/home/jezzy/husky_ws/turtlebot3/install/autonomous_exploration:/opt/ros/humble /usr/bin/cmake /home/jezzy/huskybot/src/huskybot_description -DCMAKE_INSTALL_PREFIX=/home/jezzy/huskybot/install/huskybot_description
[0.944s] -- The C compiler identification is GNU 11.4.0
[3.059s] -- The CXX compiler identification is GNU 11.4.0
[4.613s] -- Detecting C compiler ABI info
[5.729s] -- Detecting C compiler ABI info - done
[5.834s] -- Check for working C compiler: /usr/bin/cc - skipped
[5.842s] -- Detecting C compile features
[5.845s] -- Detecting C compile features - done
[5.885s] -- Detecting CXX compiler ABI info
[6.996s] -- Detecting CXX compiler ABI info - done
[7.101s] -- Check for working CXX compiler: /usr/bin/c++ - skipped
[7.121s] -- Detecting CXX compile features
[7.123s] -- Detecting CXX compile features - done
[7.228s] -- Found ament_cmake: 1.3.11 (/opt/ros/humble/share/ament_cmake/cmake)
[9.394s] -- Found Python3: /usr/bin/python3 (found version "3.10.12") found components: Interpreter 
[10.697s] -- Found urdf: 2.6.1 (/opt/ros/humble/share/urdf/cmake)
[16.900s] -- Found ament_lint_auto: 0.12.12 (/opt/ros/humble/share/ament_lint_auto/cmake)
[17.749s] -- Added test 'copyright' to check source files copyright and LICENSE
[17.763s] -- Added test 'flake8' to check Python code syntax and style conventions
[17.770s] -- Added test 'lint_cmake' to check CMake code style
[17.775s] -- Added test 'pep257' to check Python code against some of the docstring style conventions in PEP 257
[17.781s] -- Added test 'xmllint' to check XML markup files
[17.799s] -- Configuring done
[17.828s] -- Generating done
[17.841s] -- Build files have been written to: /home/jezzy/huskybot/build/huskybot_description
[17.860s] Invoked command in '/home/jezzy/huskybot/build/huskybot_description' returned '0': CMAKE_PREFIX_PATH=${CMAKE_PREFIX_PATH}:/home/jezzy/husky_ws/lintic/install/yolosed:/home/jezzy/husky_ws/lintic/install/visual:/home/jezzy/husky_ws/lintic/install/segnet:/home/jezzy/husky_ws/turtlebot3/install/turtlebot3_teleop:/home/jezzy/husky_ws/turtlebot3/install/turtlebot3_example:/home/jezzy/husky_ws/turtlebot3/install/segtect:/home/jezzy/husky_ws/turtlebot3/install/autonomous_exploration:/opt/ros/humble /usr/bin/cmake /home/jezzy/huskybot/src/huskybot_description -DCMAKE_INSTALL_PREFIX=/home/jezzy/huskybot/install/huskybot_description
[17.870s] Invoking command in '/home/jezzy/huskybot/build/huskybot_description': CMAKE_PREFIX_PATH=${CMAKE_PREFIX_PATH}:/home/jezzy/husky_ws/lintic/install/yolosed:/home/jezzy/husky_ws/lintic/install/visual:/home/jezzy/husky_ws/lintic/install/segnet:/home/jezzy/husky_ws/turtlebot3/install/turtlebot3_teleop:/home/jezzy/husky_ws/turtlebot3/install/turtlebot3_example:/home/jezzy/husky_ws/turtlebot3/install/segtect:/home/jezzy/husky_ws/turtlebot3/install/autonomous_exploration:/opt/ros/humble /usr/bin/cmake --build /home/jezzy/huskybot/build/huskybot_description -- -j4 -l4
[18.078s] Invoked command in '/home/jezzy/huskybot/build/huskybot_description' returned '0': CMAKE_PREFIX_PATH=${CMAKE_PREFIX_PATH}:/home/jezzy/husky_ws/lintic/install/yolosed:/home/jezzy/husky_ws/lintic/install/visual:/home/jezzy/husky_ws/lintic/install/segnet:/home/jezzy/husky_ws/turtlebot3/install/turtlebot3_teleop:/home/jezzy/husky_ws/turtlebot3/install/turtlebot3_example:/home/jezzy/husky_ws/turtlebot3/install/segtect:/home/jezzy/husky_ws/turtlebot3/install/autonomous_exploration:/opt/ros/humble /usr/bin/cmake --build /home/jezzy/huskybot/build/huskybot_description -- -j4 -l4
[18.087s] Invoking command in '/home/jezzy/huskybot/build/huskybot_description': CMAKE_PREFIX_PATH=${CMAKE_PREFIX_PATH}:/home/jezzy/husky_ws/lintic/install/yolosed:/home/jezzy/husky_ws/lintic/install/visual:/home/jezzy/husky_ws/lintic/install/segnet:/home/jezzy/husky_ws/turtlebot3/install/turtlebot3_teleop:/home/jezzy/husky_ws/turtlebot3/install/turtlebot3_example:/home/jezzy/husky_ws/turtlebot3/install/segtect:/home/jezzy/husky_ws/turtlebot3/install/autonomous_exploration:/opt/ros/humble /usr/bin/cmake --install /home/jezzy/huskybot/build/huskybot_description
[18.132s] -- Install configuration: ""
[18.132s] -- Installing: /home/jezzy/huskybot/install/huskybot_description/share/huskybot_description//launch
[18.132s] -- Installing: /home/jezzy/huskybot/install/huskybot_description/share/huskybot_description//launch/spawn_huskybot_launch.launch.py
[18.133s] -- Installing: /home/jezzy/huskybot/install/huskybot_description/share/huskybot_description//launch/spawn_huskybot.py
[18.133s] -- Installing: /home/jezzy/huskybot/install/huskybot_description/share/huskybot_description//robot
[18.133s] -- Installing: /home/jezzy/huskybot/install/huskybot_description/share/huskybot_description//robot/huskybot.urdf
[18.133s] -- Installing: /home/jezzy/huskybot/install/huskybot_description/share/huskybot_description//robot/husky_with_cameras.xacro
[18.134s] -- Installing: /home/jezzy/huskybot/install/huskybot_description/lib/huskybot_description/spawn_huskybot.py
[18.135s] -- Installing: /home/jezzy/huskybot/install/huskybot_description/share/ament_index/resource_index/package_run_dependencies/huskybot_description
[18.137s] -- Installing: /home/jezzy/huskybot/install/huskybot_description/share/ament_index/resource_index/parent_prefix_path/huskybot_description
[18.138s] -- Installing: /home/jezzy/huskybot/install/huskybot_description/share/huskybot_description/environment/ament_prefix_path.sh
[18.139s] -- Installing: /home/jezzy/huskybot/install/huskybot_description/share/huskybot_description/environment/ament_prefix_path.dsv
[18.151s] -- Installing: /home/jezzy/huskybot/install/huskybot_description/share/huskybot_description/environment/path.sh
[18.152s] -- Installing: /home/jezzy/huskybot/install/huskybot_description/share/huskybot_description/environment/path.dsv
[18.152s] -- Installing: /home/jezzy/huskybot/install/huskybot_description/share/huskybot_description/local_setup.bash
[18.153s] -- Installing: /home/jezzy/huskybot/install/huskybot_description/share/huskybot_description/local_setup.sh
[18.153s] -- Installing: /home/jezzy/huskybot/install/huskybot_description/share/huskybot_description/local_setup.zsh
[18.153s] -- Installing: /home/jezzy/huskybot/install/huskybot_description/share/huskybot_description/local_setup.dsv
[18.153s] -- Installing: /home/jezzy/huskybot/install/huskybot_description/share/huskybot_description/package.dsv
[18.154s] -- Installing: /home/jezzy/huskybot/install/huskybot_description/share/ament_index/resource_index/packages/huskybot_description
[18.155s] -- Installing: /home/jezzy/huskybot/install/huskybot_description/share/huskybot_description/cmake/huskybot_descriptionConfig.cmake
[18.155s] -- Installing: /home/jezzy/huskybot/install/huskybot_description/share/huskybot_description/cmake/huskybot_descriptionConfig-version.cmake
[18.155s] -- Installing: /home/jezzy/huskybot/install/huskybot_description/share/huskybot_description/package.xml
[18.161s] Invoked command in '/home/jezzy/huskybot/build/huskybot_description' returned '0': CMAKE_PREFIX_PATH=${CMAKE_PREFIX_PATH}:/home/jezzy/husky_ws/lintic/install/yolosed:/home/jezzy/husky_ws/lintic/install/visual:/home/jezzy/husky_ws/lintic/install/segnet:/home/jezzy/husky_ws/turtlebot3/install/turtlebot3_teleop:/home/jezzy/husky_ws/turtlebot3/install/turtlebot3_example:/home/jezzy/husky_ws/turtlebot3/install/segtect:/home/jezzy/husky_ws/turtlebot3/install/autonomous_exploration:/opt/ros/humble /usr/bin/cmake --install /home/jezzy/huskybot/build/huskybot_description
