[0.038s] Invoking command in '/home/jezzy/huskybot/build/huskybot_mapping': CMAKE_PREFIX_PATH=${CMAKE_PREFIX_PATH}:/home/jezzy/huskybot/install/huskybot_fusion:/home/jezzy/huskybot/install/huskybot_navigation:/home/jezzy/husky_ws/turtlebot3/install/turtlebot3_teleop:/home/jezzy/husky_ws/turtlebot3/install/turtlebot3_example:/home/jezzy/husky_ws/turtlebot3/install/segtect:/home/jezzy/husky_ws/turtlebot3/install/autonomous_exploration:/home/jezzy/husky_ws/lintic/install/yolosed:/home/jezzy/husky_ws/lintic/install/visual:/home/jezzy/husky_ws/lintic/install/segnet:/opt/ros/humble /usr/bin/cmake /home/jezzy/huskybot/src/huskybot_mapping -DCMAKE_INSTALL_PREFIX=/home/jezzy/huskybot/install/huskybot_mapping
[0.519s] -- The C compiler identification is GNU 11.4.0
[2.750s] -- The CXX compiler identification is GNU 11.4.0
[4.426s] -- Detecting C compiler ABI info
[5.039s] -- Detecting C compiler ABI info - done
[5.083s] -- Check for working C compiler: /usr/bin/cc - skipped
[5.084s] -- Detecting C compile features
[5.085s] -- Detecting C compile features - done
[5.115s] -- Detecting CXX compiler ABI info
[5.892s] -- Detecting CXX compiler ABI info - done
[5.940s] -- Check for working CXX compiler: /usr/bin/c++ - skipped
[5.942s] -- Detecting CXX compile features
[5.944s] -- Detecting CXX compile features - done
[5.965s] -- Found ament_cmake: 1.3.11 (/opt/ros/humble/share/ament_cmake/cmake)
[6.785s] -- Found Python3: /usr/bin/python3 (found version "3.10.12") found components: Interpreter 
[7.257s] -- Found rclcpp: 16.0.12 (/opt/ros/humble/share/rclcpp/cmake)
[8.086s] -- Found rosidl_generator_c: 3.1.6 (/opt/ros/humble/share/rosidl_generator_c/cmake)
[8.131s] -- Found rosidl_adapter: 3.1.6 (/opt/ros/humble/share/rosidl_adapter/cmake)
[8.190s] -- Found rosidl_generator_cpp: 3.1.6 (/opt/ros/humble/share/rosidl_generator_cpp/cmake)
[8.279s] -- Using all available rosidl_typesupport_c: rosidl_typesupport_fastrtps_c;rosidl_typesupport_introspection_c
[8.377s] -- Using all available rosidl_typesupport_cpp: rosidl_typesupport_fastrtps_cpp;rosidl_typesupport_introspection_cpp
[8.717s] -- Found rmw_implementation_cmake: 6.1.2 (/opt/ros/humble/share/rmw_implementation_cmake/cmake)
[8.736s] -- Found rmw_fastrtps_cpp: 6.2.7 (/opt/ros/humble/share/rmw_fastrtps_cpp/cmake)
[14.106s] -- Found OpenSSL: /usr/lib/x86_64-linux-gnu/libcrypto.so (found version "3.0.2")  
[19.949s] -- Found FastRTPS: /opt/ros/humble/include  
[30.929s] -- Using RMW implementation 'rmw_fastrtps_cpp' as default
[31.002s] -- Looking for pthread.h
[31.570s] -- Looking for pthread.h - found
[31.572s] -- Performing Test CMAKE_HAVE_LIBC_PTHREAD
[32.112s] -- Performing Test CMAKE_HAVE_LIBC_PTHREAD - Success
[32.113s] -- Found Threads: TRUE  
[32.437s] -- Found sensor_msgs: 4.8.0 (/opt/ros/humble/share/sensor_msgs/cmake)
[32.664s] -- Found ament_lint_auto: 0.12.12 (/opt/ros/humble/share/ament_lint_auto/cmake)
[33.064s] -- Added test 'flake8' to check Python code syntax and style conventions
[33.071s] -- Added test 'lint_cmake' to check CMake code style
[33.074s] -- Added test 'pep257' to check Python code against some of the docstring style conventions in PEP 257
[33.083s] -- Added test 'xmllint' to check XML markup files
[33.095s] -- Configuring done
[33.115s] -- Generating done
[33.124s] -- Build files have been written to: /home/jezzy/huskybot/build/huskybot_mapping
[33.162s] Invoked command in '/home/jezzy/huskybot/build/huskybot_mapping' returned '0': CMAKE_PREFIX_PATH=${CMAKE_PREFIX_PATH}:/home/jezzy/huskybot/install/huskybot_fusion:/home/jezzy/huskybot/install/huskybot_navigation:/home/jezzy/husky_ws/turtlebot3/install/turtlebot3_teleop:/home/jezzy/husky_ws/turtlebot3/install/turtlebot3_example:/home/jezzy/husky_ws/turtlebot3/install/segtect:/home/jezzy/husky_ws/turtlebot3/install/autonomous_exploration:/home/jezzy/husky_ws/lintic/install/yolosed:/home/jezzy/husky_ws/lintic/install/visual:/home/jezzy/husky_ws/lintic/install/segnet:/opt/ros/humble /usr/bin/cmake /home/jezzy/huskybot/src/huskybot_mapping -DCMAKE_INSTALL_PREFIX=/home/jezzy/huskybot/install/huskybot_mapping
[33.163s] Invoking command in '/home/jezzy/huskybot/build/huskybot_mapping': CMAKE_PREFIX_PATH=${CMAKE_PREFIX_PATH}:/home/jezzy/huskybot/install/huskybot_fusion:/home/jezzy/huskybot/install/huskybot_navigation:/home/jezzy/husky_ws/turtlebot3/install/turtlebot3_teleop:/home/jezzy/husky_ws/turtlebot3/install/turtlebot3_example:/home/jezzy/husky_ws/turtlebot3/install/segtect:/home/jezzy/husky_ws/turtlebot3/install/autonomous_exploration:/home/jezzy/husky_ws/lintic/install/yolosed:/home/jezzy/husky_ws/lintic/install/visual:/home/jezzy/husky_ws/lintic/install/segnet:/opt/ros/humble /usr/bin/cmake --build /home/jezzy/huskybot/build/huskybot_mapping -- -j4 -l4
[33.286s] Invoked command in '/home/jezzy/huskybot/build/huskybot_mapping' returned '0': CMAKE_PREFIX_PATH=${CMAKE_PREFIX_PATH}:/home/jezzy/huskybot/install/huskybot_fusion:/home/jezzy/huskybot/install/huskybot_navigation:/home/jezzy/husky_ws/turtlebot3/install/turtlebot3_teleop:/home/jezzy/husky_ws/turtlebot3/install/turtlebot3_example:/home/jezzy/husky_ws/turtlebot3/install/segtect:/home/jezzy/husky_ws/turtlebot3/install/autonomous_exploration:/home/jezzy/husky_ws/lintic/install/yolosed:/home/jezzy/husky_ws/lintic/install/visual:/home/jezzy/husky_ws/lintic/install/segnet:/opt/ros/humble /usr/bin/cmake --build /home/jezzy/huskybot/build/huskybot_mapping -- -j4 -l4
[33.290s] Invoking command in '/home/jezzy/huskybot/build/huskybot_mapping': CMAKE_PREFIX_PATH=${CMAKE_PREFIX_PATH}:/home/jezzy/huskybot/install/huskybot_fusion:/home/jezzy/huskybot/install/huskybot_navigation:/home/jezzy/husky_ws/turtlebot3/install/turtlebot3_teleop:/home/jezzy/husky_ws/turtlebot3/install/turtlebot3_example:/home/jezzy/husky_ws/turtlebot3/install/segtect:/home/jezzy/husky_ws/turtlebot3/install/autonomous_exploration:/home/jezzy/husky_ws/lintic/install/yolosed:/home/jezzy/husky_ws/lintic/install/visual:/home/jezzy/husky_ws/lintic/install/segnet:/opt/ros/humble /usr/bin/cmake --install /home/jezzy/huskybot/build/huskybot_mapping
[33.311s] -- Install configuration: ""
[33.311s] -- Installing: /home/jezzy/huskybot/install/huskybot_mapping/share/huskybot_mapping/launch
[33.313s] -- Installing: /home/jezzy/huskybot/install/huskybot_mapping/share/huskybot_mapping/launch/lio_sam.launch.py
[33.314s] -- Installing: /home/jezzy/huskybot/install/huskybot_mapping/share/ament_index/resource_index/package_run_dependencies/huskybot_mapping
[33.315s] -- Installing: /home/jezzy/huskybot/install/huskybot_mapping/share/ament_index/resource_index/parent_prefix_path/huskybot_mapping
[33.317s] -- Installing: /home/jezzy/huskybot/install/huskybot_mapping/share/huskybot_mapping/environment/ament_prefix_path.sh
[33.317s] -- Installing: /home/jezzy/huskybot/install/huskybot_mapping/share/huskybot_mapping/environment/ament_prefix_path.dsv
[33.318s] -- Installing: /home/jezzy/huskybot/install/huskybot_mapping/share/huskybot_mapping/environment/path.sh
[33.318s] -- Installing: /home/jezzy/huskybot/install/huskybot_mapping/share/huskybot_mapping/environment/path.dsv
[33.319s] -- Installing: /home/jezzy/huskybot/install/huskybot_mapping/share/huskybot_mapping/local_setup.bash
[33.319s] -- Installing: /home/jezzy/huskybot/install/huskybot_mapping/share/huskybot_mapping/local_setup.sh
[33.320s] -- Installing: /home/jezzy/huskybot/install/huskybot_mapping/share/huskybot_mapping/local_setup.zsh
[33.320s] -- Installing: /home/jezzy/huskybot/install/huskybot_mapping/share/huskybot_mapping/local_setup.dsv
[33.320s] -- Installing: /home/jezzy/huskybot/install/huskybot_mapping/share/huskybot_mapping/package.dsv
[33.320s] -- Installing: /home/jezzy/huskybot/install/huskybot_mapping/share/ament_index/resource_index/packages/huskybot_mapping
[33.320s] -- Installing: /home/jezzy/huskybot/install/huskybot_mapping/share/huskybot_mapping/cmake/huskybot_mappingConfig.cmake
[33.321s] -- Installing: /home/jezzy/huskybot/install/huskybot_mapping/share/huskybot_mapping/cmake/huskybot_mappingConfig-version.cmake
[33.321s] -- Installing: /home/jezzy/huskybot/install/huskybot_mapping/share/huskybot_mapping/package.xml
[33.334s] Invoked command in '/home/jezzy/huskybot/build/huskybot_mapping' returned '0': CMAKE_PREFIX_PATH=${CMAKE_PREFIX_PATH}:/home/jezzy/huskybot/install/huskybot_fusion:/home/jezzy/huskybot/install/huskybot_navigation:/home/jezzy/husky_ws/turtlebot3/install/turtlebot3_teleop:/home/jezzy/husky_ws/turtlebot3/install/turtlebot3_example:/home/jezzy/husky_ws/turtlebot3/install/segtect:/home/jezzy/husky_ws/turtlebot3/install/autonomous_exploration:/home/jezzy/husky_ws/lintic/install/yolosed:/home/jezzy/husky_ws/lintic/install/visual:/home/jezzy/husky_ws/lintic/install/segnet:/opt/ros/humble /usr/bin/cmake --install /home/jezzy/huskybot/build/huskybot_mapping
