[0.057s] Invoking command in '/home/jezzy/huskybot/build/huskybot_mapping': CMAKE_PREFIX_PATH=${CMAKE_PREFIX_PATH}:/home/jezzy/huskybot/install/huskybot_fusion:/home/jezzy/huskybot/install/huskybot_navigation:/home/jezzy/husky_ws/turtlebot3/install/turtlebot3_teleop:/home/jezzy/husky_ws/turtlebot3/install/turtlebot3_example:/home/jezzy/husky_ws/turtlebot3/install/segtect:/home/jezzy/husky_ws/turtlebot3/install/autonomous_exploration:/home/jezzy/husky_ws/lintic/install/yolosed:/home/jezzy/husky_ws/lintic/install/visual:/home/jezzy/husky_ws/lintic/install/segnet:/opt/ros/humble /usr/bin/cmake /home/jezzy/huskybot/src/huskybot_mapping -DCMAKE_INSTALL_PREFIX=/home/jezzy/huskybot/install/huskybot_mapping
[0.750s] -- The C compiler identification is GNU 11.4.0
[2.923s] -- The CXX compiler identification is GNU 11.4.0
[5.007s] -- Detecting C compiler ABI info
[5.799s] -- Detecting C compiler ABI info - done
[5.865s] -- Check for working C compiler: /usr/bin/cc - skipped
[5.865s] -- Detecting C compile features
[5.868s] -- Detecting C compile features - done
[5.885s] -- Detecting CXX compiler ABI info
[6.804s] -- Detecting CXX compiler ABI info - done
[6.839s] -- Check for working CXX compiler: /usr/bin/c++ - skipped
[6.842s] -- Detecting CXX compile features
[6.846s] -- Detecting CXX compile features - done
[6.857s] -- Found ament_cmake: 1.3.11 (/opt/ros/humble/share/ament_cmake/cmake)
[7.691s] -- Found Python3: /usr/bin/python3 (found version "3.10.12") found components: Interpreter 
[8.243s] -- Found rclcpp: 16.0.12 (/opt/ros/humble/share/rclcpp/cmake)
[9.105s] -- Found rosidl_generator_c: 3.1.6 (/opt/ros/humble/share/rosidl_generator_c/cmake)
[9.169s] -- Found rosidl_adapter: 3.1.6 (/opt/ros/humble/share/rosidl_adapter/cmake)
[9.270s] -- Found rosidl_generator_cpp: 3.1.6 (/opt/ros/humble/share/rosidl_generator_cpp/cmake)
[9.388s] -- Using all available rosidl_typesupport_c: rosidl_typesupport_fastrtps_c;rosidl_typesupport_introspection_c
[9.576s] -- Using all available rosidl_typesupport_cpp: rosidl_typesupport_fastrtps_cpp;rosidl_typesupport_introspection_cpp
[9.915s] -- Found rmw_implementation_cmake: 6.1.2 (/opt/ros/humble/share/rmw_implementation_cmake/cmake)
[9.943s] -- Found rmw_fastrtps_cpp: 6.2.7 (/opt/ros/humble/share/rmw_fastrtps_cpp/cmake)
[17.963s] -- Found OpenSSL: /usr/lib/x86_64-linux-gnu/libcrypto.so (found version "3.0.2")  
[25.939s] -- Found FastRTPS: /opt/ros/humble/include  
[41.493s] -- Using RMW implementation 'rmw_fastrtps_cpp' as default
[41.563s] -- Looking for pthread.h
[42.207s] -- Looking for pthread.h - found
[42.208s] -- Performing Test CMAKE_HAVE_LIBC_PTHREAD
[42.964s] -- Performing Test CMAKE_HAVE_LIBC_PTHREAD - Success
[42.975s] -- Found Threads: TRUE  
[43.366s] -- Found sensor_msgs: 4.8.0 (/opt/ros/humble/share/sensor_msgs/cmake)
[43.571s] -- Found ament_lint_auto: 0.12.12 (/opt/ros/humble/share/ament_lint_auto/cmake)
[44.073s] -- Added test 'flake8' to check Python code syntax and style conventions
[44.080s] -- Added test 'lint_cmake' to check CMake code style
[44.085s] -- Added test 'pep257' to check Python code against some of the docstring style conventions in PEP 257
[44.103s] -- Added test 'xmllint' to check XML markup files
[44.110s] -- Configuring done
[44.146s] -- Generating done
[44.155s] -- Build files have been written to: /home/jezzy/huskybot/build/huskybot_mapping
[44.200s] Invoked command in '/home/jezzy/huskybot/build/huskybot_mapping' returned '0': CMAKE_PREFIX_PATH=${CMAKE_PREFIX_PATH}:/home/jezzy/huskybot/install/huskybot_fusion:/home/jezzy/huskybot/install/huskybot_navigation:/home/jezzy/husky_ws/turtlebot3/install/turtlebot3_teleop:/home/jezzy/husky_ws/turtlebot3/install/turtlebot3_example:/home/jezzy/husky_ws/turtlebot3/install/segtect:/home/jezzy/husky_ws/turtlebot3/install/autonomous_exploration:/home/jezzy/husky_ws/lintic/install/yolosed:/home/jezzy/husky_ws/lintic/install/visual:/home/jezzy/husky_ws/lintic/install/segnet:/opt/ros/humble /usr/bin/cmake /home/jezzy/huskybot/src/huskybot_mapping -DCMAKE_INSTALL_PREFIX=/home/jezzy/huskybot/install/huskybot_mapping
[44.206s] Invoking command in '/home/jezzy/huskybot/build/huskybot_mapping': CMAKE_PREFIX_PATH=${CMAKE_PREFIX_PATH}:/home/jezzy/huskybot/install/huskybot_fusion:/home/jezzy/huskybot/install/huskybot_navigation:/home/jezzy/husky_ws/turtlebot3/install/turtlebot3_teleop:/home/jezzy/husky_ws/turtlebot3/install/turtlebot3_example:/home/jezzy/husky_ws/turtlebot3/install/segtect:/home/jezzy/husky_ws/turtlebot3/install/autonomous_exploration:/home/jezzy/husky_ws/lintic/install/yolosed:/home/jezzy/husky_ws/lintic/install/visual:/home/jezzy/husky_ws/lintic/install/segnet:/opt/ros/humble /usr/bin/cmake --build /home/jezzy/huskybot/build/huskybot_mapping -- -j4 -l4
[44.406s] Invoked command in '/home/jezzy/huskybot/build/huskybot_mapping' returned '0': CMAKE_PREFIX_PATH=${CMAKE_PREFIX_PATH}:/home/jezzy/huskybot/install/huskybot_fusion:/home/jezzy/huskybot/install/huskybot_navigation:/home/jezzy/husky_ws/turtlebot3/install/turtlebot3_teleop:/home/jezzy/husky_ws/turtlebot3/install/turtlebot3_example:/home/jezzy/husky_ws/turtlebot3/install/segtect:/home/jezzy/husky_ws/turtlebot3/install/autonomous_exploration:/home/jezzy/husky_ws/lintic/install/yolosed:/home/jezzy/husky_ws/lintic/install/visual:/home/jezzy/husky_ws/lintic/install/segnet:/opt/ros/humble /usr/bin/cmake --build /home/jezzy/huskybot/build/huskybot_mapping -- -j4 -l4
[44.411s] Invoking command in '/home/jezzy/huskybot/build/huskybot_mapping': CMAKE_PREFIX_PATH=${CMAKE_PREFIX_PATH}:/home/jezzy/huskybot/install/huskybot_fusion:/home/jezzy/huskybot/install/huskybot_navigation:/home/jezzy/husky_ws/turtlebot3/install/turtlebot3_teleop:/home/jezzy/husky_ws/turtlebot3/install/turtlebot3_example:/home/jezzy/husky_ws/turtlebot3/install/segtect:/home/jezzy/husky_ws/turtlebot3/install/autonomous_exploration:/home/jezzy/husky_ws/lintic/install/yolosed:/home/jezzy/husky_ws/lintic/install/visual:/home/jezzy/husky_ws/lintic/install/segnet:/opt/ros/humble /usr/bin/cmake --install /home/jezzy/huskybot/build/huskybot_mapping
[44.450s] -- Install configuration: ""
[44.451s] -- Installing: /home/jezzy/huskybot/install/huskybot_mapping/share/huskybot_mapping/launch
[44.453s] -- Installing: /home/jezzy/huskybot/install/huskybot_mapping/share/huskybot_mapping/launch/lio_sam.launch.py
[44.457s] -- Installing: /home/jezzy/huskybot/install/huskybot_mapping/share/ament_index/resource_index/package_run_dependencies/huskybot_mapping
[44.457s] -- Installing: /home/jezzy/huskybot/install/huskybot_mapping/share/ament_index/resource_index/parent_prefix_path/huskybot_mapping
[44.458s] -- Installing: /home/jezzy/huskybot/install/huskybot_mapping/share/huskybot_mapping/environment/ament_prefix_path.sh
[44.458s] -- Installing: /home/jezzy/huskybot/install/huskybot_mapping/share/huskybot_mapping/environment/ament_prefix_path.dsv
[44.459s] -- Installing: /home/jezzy/huskybot/install/huskybot_mapping/share/huskybot_mapping/environment/path.sh
[44.460s] -- Installing: /home/jezzy/huskybot/install/huskybot_mapping/share/huskybot_mapping/environment/path.dsv
[44.460s] -- Installing: /home/jezzy/huskybot/install/huskybot_mapping/share/huskybot_mapping/local_setup.bash
[44.461s] -- Installing: /home/jezzy/huskybot/install/huskybot_mapping/share/huskybot_mapping/local_setup.sh
[44.461s] -- Installing: /home/jezzy/huskybot/install/huskybot_mapping/share/huskybot_mapping/local_setup.zsh
[44.461s] -- Installing: /home/jezzy/huskybot/install/huskybot_mapping/share/huskybot_mapping/local_setup.dsv
[44.461s] -- Installing: /home/jezzy/huskybot/install/huskybot_mapping/share/huskybot_mapping/package.dsv
[44.462s] -- Installing: /home/jezzy/huskybot/install/huskybot_mapping/share/ament_index/resource_index/packages/huskybot_mapping
[44.462s] -- Installing: /home/jezzy/huskybot/install/huskybot_mapping/share/huskybot_mapping/cmake/huskybot_mappingConfig.cmake
[44.464s] -- Installing: /home/jezzy/huskybot/install/huskybot_mapping/share/huskybot_mapping/cmake/huskybot_mappingConfig-version.cmake
[44.470s] -- Installing: /home/jezzy/huskybot/install/huskybot_mapping/share/huskybot_mapping/package.xml
[44.471s] Invoked command in '/home/jezzy/huskybot/build/huskybot_mapping' returned '0': CMAKE_PREFIX_PATH=${CMAKE_PREFIX_PATH}:/home/jezzy/huskybot/install/huskybot_fusion:/home/jezzy/huskybot/install/huskybot_navigation:/home/jezzy/husky_ws/turtlebot3/install/turtlebot3_teleop:/home/jezzy/husky_ws/turtlebot3/install/turtlebot3_example:/home/jezzy/husky_ws/turtlebot3/install/segtect:/home/jezzy/husky_ws/turtlebot3/install/autonomous_exploration:/home/jezzy/husky_ws/lintic/install/yolosed:/home/jezzy/husky_ws/lintic/install/visual:/home/jezzy/husky_ws/lintic/install/segnet:/opt/ros/humble /usr/bin/cmake --install /home/jezzy/huskybot/build/huskybot_mapping
