[0.068s] Invoking command in '/home/jezzy/huskybot/build/velodyne_msgs': CMAKE_PREFIX_PATH=${CMAKE_PREFIX_PATH}:/home/jezzy/huskybot/install/huskybot_fusion:/home/jezzy/huskybot/install/huskybot_navigation:/home/jezzy/husky_ws/turtlebot3/install/turtlebot3_teleop:/home/jezzy/husky_ws/turtlebot3/install/turtlebot3_example:/home/jezzy/husky_ws/turtlebot3/install/segtect:/home/jezzy/husky_ws/turtlebot3/install/autonomous_exploration:/home/jezzy/husky_ws/lintic/install/yolosed:/home/jezzy/husky_ws/lintic/install/visual:/home/jezzy/husky_ws/lintic/install/segnet:/opt/ros/humble /usr/bin/cmake /home/jezzy/huskybot/src/velodyne/velodyne_msgs -DCMAKE_INSTALL_PREFIX=/home/jezzy/huskybot/install/velodyne_msgs
[0.549s] -- The C compiler identification is GNU 11.4.0
[1.907s] -- The CXX compiler identification is GNU 11.4.0
[3.075s] -- Detecting C compiler ABI info
[3.646s] -- Detecting C compiler ABI info - done
[3.664s] -- Check for working C compiler: /usr/bin/cc - skipped
[3.664s] -- Detecting C compile features
[3.666s] -- Detecting C compile features - done
[3.685s] -- Detecting CXX compiler ABI info
[4.234s] -- Detecting CXX compiler ABI info - done
[4.255s] -- Check for working CXX compiler: /usr/bin/c++ - skipped
[4.256s] -- Detecting CXX compile features
[4.258s] -- Detecting CXX compile features - done
[4.274s] -- Found ament_cmake: 1.3.11 (/opt/ros/humble/share/ament_cmake/cmake)
[4.841s] -- Found Python3: /usr/bin/python3 (found version "3.10.12") found components: Interpreter 
[5.337s] -- Found builtin_interfaces: 1.2.1 (/opt/ros/humble/share/builtin_interfaces/cmake)
[5.879s] -- Found rosidl_generator_c: 3.1.6 (/opt/ros/humble/share/rosidl_generator_c/cmake)
[5.901s] -- Found rosidl_adapter: 3.1.6 (/opt/ros/humble/share/rosidl_adapter/cmake)
[5.938s] -- Found rosidl_generator_cpp: 3.1.6 (/opt/ros/humble/share/rosidl_generator_cpp/cmake)
[6.025s] -- Using all available rosidl_typesupport_c: rosidl_typesupport_fastrtps_c;rosidl_typesupport_introspection_c
[6.119s] -- Using all available rosidl_typesupport_cpp: rosidl_typesupport_fastrtps_cpp;rosidl_typesupport_introspection_cpp
[6.231s] -- Found rosidl_default_generators: 1.2.0 (/opt/ros/humble/share/rosidl_default_generators/cmake)
[6.314s] -- Found std_msgs: 4.8.0 (/opt/ros/humble/share/std_msgs/cmake)
[7.537s] -- Found ament_cmake_cppcheck: 0.12.12 (/opt/ros/humble/share/ament_cmake_cppcheck/cmake)
[7.561s] -- Found ament_cmake_cpplint: 0.12.12 (/opt/ros/humble/share/ament_cmake_cpplint/cmake)
[7.582s] -- Found ament_cmake_uncrustify: 0.12.12 (/opt/ros/humble/share/ament_cmake_uncrustify/cmake)
[7.607s] -- Found ament_cmake_ros: 0.10.0 (/opt/ros/humble/share/ament_cmake_ros/cmake)
[9.204s] -- Using all available rosidl_typesupport_c: rosidl_typesupport_fastrtps_c;rosidl_typesupport_introspection_c
[9.916s] -- Using all available rosidl_typesupport_cpp: rosidl_typesupport_fastrtps_cpp;rosidl_typesupport_introspection_cpp
[10.325s] -- Found PythonInterp: /usr/bin/python3 (found suitable version "3.10.12", minimum required is "3.6") 
[10.333s] -- Found python_cmake_module: 0.10.0 (/opt/ros/humble/share/python_cmake_module/cmake)
[11.255s] -- Found PythonLibs: /usr/lib/x86_64-linux-gnu/libpython3.10.so (found suitable version "3.10.12", minimum required is "3.5") 
[11.255s] -- Using PYTHON_EXECUTABLE: /usr/bin/python3
[11.255s] -- Using PYTHON_INCLUDE_DIRS: /usr/include/python3.10
[11.255s] -- Using PYTHON_LIBRARIES: /usr/lib/x86_64-linux-gnu/libpython3.10.so
[11.346s] -- Found PythonExtra: .so  
[12.258s] -- Found ament_cmake_flake8: 0.12.12 (/opt/ros/humble/share/ament_cmake_flake8/cmake)
[12.324s] -- Found ament_cmake_pep257: 0.12.12 (/opt/ros/humble/share/ament_cmake_pep257/cmake)
[12.342s] -- Found ament_lint_auto: 0.12.12 (/opt/ros/humble/share/ament_lint_auto/cmake)
[12.501s] -- Added test 'copyright' to check source files copyright and LICENSE
[12.506s] -- Added test 'lint_cmake' to check CMake code style
[12.510s] -- Added test 'xmllint' to check XML markup files
[12.528s] -- Configuring done
[12.713s] -- Generating done
[12.779s] -- Build files have been written to: /home/jezzy/huskybot/build/velodyne_msgs
[12.812s] Invoked command in '/home/jezzy/huskybot/build/velodyne_msgs' returned '0': CMAKE_PREFIX_PATH=${CMAKE_PREFIX_PATH}:/home/jezzy/huskybot/install/huskybot_fusion:/home/jezzy/huskybot/install/huskybot_navigation:/home/jezzy/husky_ws/turtlebot3/install/turtlebot3_teleop:/home/jezzy/husky_ws/turtlebot3/install/turtlebot3_example:/home/jezzy/husky_ws/turtlebot3/install/segtect:/home/jezzy/husky_ws/turtlebot3/install/autonomous_exploration:/home/jezzy/husky_ws/lintic/install/yolosed:/home/jezzy/husky_ws/lintic/install/visual:/home/jezzy/husky_ws/lintic/install/segnet:/opt/ros/humble /usr/bin/cmake /home/jezzy/huskybot/src/velodyne/velodyne_msgs -DCMAKE_INSTALL_PREFIX=/home/jezzy/huskybot/install/velodyne_msgs
[12.815s] Invoking command in '/home/jezzy/huskybot/build/velodyne_msgs': CMAKE_PREFIX_PATH=${CMAKE_PREFIX_PATH}:/home/jezzy/huskybot/install/huskybot_fusion:/home/jezzy/huskybot/install/huskybot_navigation:/home/jezzy/husky_ws/turtlebot3/install/turtlebot3_teleop:/home/jezzy/husky_ws/turtlebot3/install/turtlebot3_example:/home/jezzy/husky_ws/turtlebot3/install/segtect:/home/jezzy/husky_ws/turtlebot3/install/autonomous_exploration:/home/jezzy/husky_ws/lintic/install/yolosed:/home/jezzy/husky_ws/lintic/install/visual:/home/jezzy/husky_ws/lintic/install/segnet:/opt/ros/humble /usr/bin/cmake --build /home/jezzy/huskybot/build/velodyne_msgs -- -j4 -l4
[13.114s] [  2%] [34m[1mGenerating C code for ROS interfaces[0m
[13.286s] [  5%] [34m[1mGenerating C++ code for ROS interfaces[0m
[13.338s] [  5%] Built target ament_cmake_python_copy_velodyne_msgs
[17.031s] running egg_info
[17.032s] creating velodyne_msgs.egg-info
[17.034s] writing velodyne_msgs.egg-info/PKG-INFO
[17.037s] writing dependency_links to velodyne_msgs.egg-info/dependency_links.txt
[17.039s] writing top-level names to velodyne_msgs.egg-info/top_level.txt
[17.042s] writing manifest file 'velodyne_msgs.egg-info/SOURCES.txt'
[17.068s] reading manifest file 'velodyne_msgs.egg-info/SOURCES.txt'
[17.070s] writing manifest file 'velodyne_msgs.egg-info/SOURCES.txt'
[17.343s] [  5%] Built target ament_cmake_python_build_velodyne_msgs_egg
[17.772s] [  5%] Built target velodyne_msgs__cpp
[17.847s] [  7%] [32mBuilding C object CMakeFiles/velodyne_msgs__rosidl_generator_c.dir/rosidl_generator_c/velodyne_msgs/msg/detail/velodyne_packet__functions.c.o[0m
[17.874s] [ 10%] [34m[1mGenerating C++ type support dispatch for ROS interfaces[0m
[17.924s] [ 12%] [34m[1mGenerating C++ introspection for ROS interfaces[0m
[17.952s] [ 15%] [34m[1mGenerating C++ type support for eProsima Fast-RTPS[0m
[19.124s] [ 17%] [32mBuilding C object CMakeFiles/velodyne_msgs__rosidl_generator_c.dir/rosidl_generator_c/velodyne_msgs/msg/detail/velodyne_scan__functions.c.o[0m
[19.978s] [ 20%] [32m[1mLinking C shared library libvelodyne_msgs__rosidl_generator_c.so[0m
[22.100s] [ 20%] Built target velodyne_msgs__rosidl_generator_c
[22.266s] [ 23%] [34m[1mGenerating C type support for eProsima Fast-RTPS[0m
[24.097s] [ 25%] [32mBuilding CXX object CMakeFiles/velodyne_msgs__rosidl_typesupport_cpp.dir/rosidl_typesupport_cpp/velodyne_msgs/msg/velodyne_packet__type_support.cpp.o[0m
[24.561s] [ 28%] [32mBuilding CXX object CMakeFiles/velodyne_msgs__rosidl_typesupport_fastrtps_cpp.dir/rosidl_typesupport_fastrtps_cpp/velodyne_msgs/msg/detail/dds_fastrtps/velodyne_packet__type_support.cpp.o[0m
[24.796s] [ 30%] [32mBuilding CXX object CMakeFiles/velodyne_msgs__rosidl_typesupport_introspection_cpp.dir/rosidl_typesupport_introspection_cpp/velodyne_msgs/msg/detail/velodyne_packet__type_support.cpp.o[0m
[28.461s] [ 33%] [32mBuilding CXX object CMakeFiles/velodyne_msgs__rosidl_typesupport_fastrtps_c.dir/rosidl_typesupport_fastrtps_c/velodyne_msgs/msg/detail/velodyne_packet__type_support_c.cpp.o[0m
[28.834s] [ 35%] [32mBuilding CXX object CMakeFiles/velodyne_msgs__rosidl_typesupport_cpp.dir/rosidl_typesupport_cpp/velodyne_msgs/msg/velodyne_scan__type_support.cpp.o[0m
[32.008s] [ 38%] [32mBuilding CXX object CMakeFiles/velodyne_msgs__rosidl_typesupport_fastrtps_cpp.dir/rosidl_typesupport_fastrtps_cpp/velodyne_msgs/msg/detail/dds_fastrtps/velodyne_scan__type_support.cpp.o[0m
[32.520s] [ 41%] [32mBuilding CXX object CMakeFiles/velodyne_msgs__rosidl_typesupport_introspection_cpp.dir/rosidl_typesupport_introspection_cpp/velodyne_msgs/msg/detail/velodyne_scan__type_support.cpp.o[0m
[33.985s] [ 43%] [32m[1mLinking CXX shared library libvelodyne_msgs__rosidl_typesupport_cpp.so[0m
[34.291s] [ 46%] [32mBuilding CXX object CMakeFiles/velodyne_msgs__rosidl_typesupport_fastrtps_c.dir/rosidl_typesupport_fastrtps_c/velodyne_msgs/msg/detail/velodyne_scan__type_support_c.cpp.o[0m
[35.214s] [ 46%] Built target velodyne_msgs__rosidl_typesupport_cpp
[38.280s] [ 48%] [32m[1mLinking CXX shared library libvelodyne_msgs__rosidl_typesupport_fastrtps_cpp.so[0m
[38.588s] [ 51%] [32m[1mLinking CXX shared library libvelodyne_msgs__rosidl_typesupport_introspection_cpp.so[0m
[38.698s] [ 53%] [32m[1mLinking CXX shared library libvelodyne_msgs__rosidl_typesupport_fastrtps_c.so[0m
[40.953s] [ 53%] Built target velodyne_msgs__rosidl_typesupport_fastrtps_cpp
[40.983s] [ 53%] Built target velodyne_msgs__rosidl_typesupport_introspection_cpp
[41.365s] [ 53%] Built target velodyne_msgs__rosidl_typesupport_fastrtps_c
[41.412s] [ 56%] [34m[1mGenerating C type support dispatch for ROS interfaces[0m
[43.919s] [ 58%] [32mBuilding CXX object CMakeFiles/velodyne_msgs__rosidl_typesupport_c.dir/rosidl_typesupport_c/velodyne_msgs/msg/velodyne_packet__type_support.cpp.o[0m
[44.137s] [ 61%] [32mBuilding CXX object CMakeFiles/velodyne_msgs__rosidl_typesupport_c.dir/rosidl_typesupport_c/velodyne_msgs/msg/velodyne_scan__type_support.cpp.o[0m
[44.267s] [ 64%] [32m[1mLinking CXX shared library libvelodyne_msgs__rosidl_typesupport_c.so[0m
[44.907s] [ 64%] Built target velodyne_msgs__rosidl_typesupport_c
[44.948s] [ 66%] [34m[1mGenerating C introspection for ROS interfaces[0m
[47.043s] [ 69%] [32mBuilding C object CMakeFiles/velodyne_msgs__rosidl_typesupport_introspection_c.dir/rosidl_typesupport_introspection_c/velodyne_msgs/msg/detail/velodyne_packet__type_support.c.o[0m
[47.275s] [ 71%] [32mBuilding C object CMakeFiles/velodyne_msgs__rosidl_typesupport_introspection_c.dir/rosidl_typesupport_introspection_c/velodyne_msgs/msg/detail/velodyne_scan__type_support.c.o[0m
[47.494s] [ 74%] [32m[1mLinking C shared library libvelodyne_msgs__rosidl_typesupport_introspection_c.so[0m
[48.120s] [ 74%] Built target velodyne_msgs__rosidl_typesupport_introspection_c
[48.270s] [ 74%] Built target velodyne_msgs
[48.365s] [ 76%] [34m[1mGenerating Python code for ROS interfaces[0m
[51.858s] [ 76%] Built target velodyne_msgs__py
[51.960s] [ 79%] [32mBuilding C object CMakeFiles/velodyne_msgs__rosidl_generator_py.dir/rosidl_generator_py/velodyne_msgs/msg/_velodyne_packet_s.c.o[0m
[53.034s] [ 82%] [32mBuilding C object CMakeFiles/velodyne_msgs__rosidl_generator_py.dir/rosidl_generator_py/velodyne_msgs/msg/_velodyne_scan_s.c.o[0m
[53.536s] [ 84%] [32m[1mLinking C shared library rosidl_generator_py/velodyne_msgs/libvelodyne_msgs__rosidl_generator_py.so[0m
[54.190s] [ 84%] Built target velodyne_msgs__rosidl_generator_py
[54.284s] [ 87%] [32mBuilding C object CMakeFiles/velodyne_msgs__rosidl_typesupport_fastrtps_c__pyext.dir/rosidl_generator_py/velodyne_msgs/_velodyne_msgs_s.ep.rosidl_typesupport_fastrtps_c.c.o[0m
[54.862s] [ 89%] [32m[1mLinking C shared library rosidl_generator_py/velodyne_msgs/velodyne_msgs_s__rosidl_typesupport_fastrtps_c.cpython-310-x86_64-linux-gnu.so[0m
[55.686s] [ 89%] Built target velodyne_msgs__rosidl_typesupport_fastrtps_c__pyext
[55.769s] [ 92%] [32mBuilding C object CMakeFiles/velodyne_msgs__rosidl_typesupport_c__pyext.dir/rosidl_generator_py/velodyne_msgs/_velodyne_msgs_s.ep.rosidl_typesupport_c.c.o[0m
[56.147s] [ 94%] [32m[1mLinking C shared library rosidl_generator_py/velodyne_msgs/velodyne_msgs_s__rosidl_typesupport_c.cpython-310-x86_64-linux-gnu.so[0m
[57.223s] [ 94%] Built target velodyne_msgs__rosidl_typesupport_c__pyext
[57.288s] [ 97%] [32mBuilding C object CMakeFiles/velodyne_msgs__rosidl_typesupport_introspection_c__pyext.dir/rosidl_generator_py/velodyne_msgs/_velodyne_msgs_s.ep.rosidl_typesupport_introspection_c.c.o[0m
[57.726s] [100%] [32m[1mLinking C shared library rosidl_generator_py/velodyne_msgs/velodyne_msgs_s__rosidl_typesupport_introspection_c.cpython-310-x86_64-linux-gnu.so[0m
[58.305s] [100%] Built target velodyne_msgs__rosidl_typesupport_introspection_c__pyext
[58.388s] Invoked command in '/home/jezzy/huskybot/build/velodyne_msgs' returned '0': CMAKE_PREFIX_PATH=${CMAKE_PREFIX_PATH}:/home/jezzy/huskybot/install/huskybot_fusion:/home/jezzy/huskybot/install/huskybot_navigation:/home/jezzy/husky_ws/turtlebot3/install/turtlebot3_teleop:/home/jezzy/husky_ws/turtlebot3/install/turtlebot3_example:/home/jezzy/husky_ws/turtlebot3/install/segtect:/home/jezzy/husky_ws/turtlebot3/install/autonomous_exploration:/home/jezzy/husky_ws/lintic/install/yolosed:/home/jezzy/husky_ws/lintic/install/visual:/home/jezzy/husky_ws/lintic/install/segnet:/opt/ros/humble /usr/bin/cmake --build /home/jezzy/huskybot/build/velodyne_msgs -- -j4 -l4
[58.389s] Invoking command in '/home/jezzy/huskybot/build/velodyne_msgs': CMAKE_PREFIX_PATH=${CMAKE_PREFIX_PATH}:/home/jezzy/huskybot/install/huskybot_fusion:/home/jezzy/huskybot/install/huskybot_navigation:/home/jezzy/husky_ws/turtlebot3/install/turtlebot3_teleop:/home/jezzy/husky_ws/turtlebot3/install/turtlebot3_example:/home/jezzy/husky_ws/turtlebot3/install/segtect:/home/jezzy/husky_ws/turtlebot3/install/autonomous_exploration:/home/jezzy/husky_ws/lintic/install/yolosed:/home/jezzy/husky_ws/lintic/install/visual:/home/jezzy/husky_ws/lintic/install/segnet:/opt/ros/humble /usr/bin/cmake --install /home/jezzy/huskybot/build/velodyne_msgs
[58.415s] -- Install configuration: ""
[58.420s] -- Installing: /home/jezzy/huskybot/install/velodyne_msgs/share/ament_index/resource_index/rosidl_interfaces/velodyne_msgs
[58.421s] -- Installing: /home/jezzy/huskybot/install/velodyne_msgs/include/velodyne_msgs/velodyne_msgs
[58.422s] -- Installing: /home/jezzy/huskybot/install/velodyne_msgs/include/velodyne_msgs/velodyne_msgs/msg
[58.423s] -- Installing: /home/jezzy/huskybot/install/velodyne_msgs/include/velodyne_msgs/velodyne_msgs/msg/velodyne_scan.h
[58.423s] -- Installing: /home/jezzy/huskybot/install/velodyne_msgs/include/velodyne_msgs/velodyne_msgs/msg/rosidl_generator_c__visibility_control.h
[58.423s] -- Installing: /home/jezzy/huskybot/install/velodyne_msgs/include/velodyne_msgs/velodyne_msgs/msg/velodyne_packet.h
[58.424s] -- Installing: /home/jezzy/huskybot/install/velodyne_msgs/include/velodyne_msgs/velodyne_msgs/msg/detail
[58.424s] -- Installing: /home/jezzy/huskybot/install/velodyne_msgs/include/velodyne_msgs/velodyne_msgs/msg/detail/velodyne_packet__struct.h
[58.425s] -- Installing: /home/jezzy/huskybot/install/velodyne_msgs/include/velodyne_msgs/velodyne_msgs/msg/detail/velodyne_scan__type_support.h
[58.426s] -- Installing: /home/jezzy/huskybot/install/velodyne_msgs/include/velodyne_msgs/velodyne_msgs/msg/detail/velodyne_scan__functions.h
[58.426s] -- Installing: /home/jezzy/huskybot/install/velodyne_msgs/include/velodyne_msgs/velodyne_msgs/msg/detail/velodyne_packet__type_support.h
[58.427s] -- Installing: /home/jezzy/huskybot/install/velodyne_msgs/include/velodyne_msgs/velodyne_msgs/msg/detail/velodyne_scan__struct.h
[58.427s] -- Installing: /home/jezzy/huskybot/install/velodyne_msgs/include/velodyne_msgs/velodyne_msgs/msg/detail/velodyne_packet__functions.h
[58.428s] -- Installing: /home/jezzy/huskybot/install/velodyne_msgs/include/velodyne_msgs/velodyne_msgs/msg/detail/velodyne_scan__functions.c
[58.428s] -- Installing: /home/jezzy/huskybot/install/velodyne_msgs/include/velodyne_msgs/velodyne_msgs/msg/detail/velodyne_packet__functions.c
[58.429s] -- Installing: /home/jezzy/huskybot/install/velodyne_msgs/share/velodyne_msgs/environment/library_path.sh
[58.429s] -- Installing: /home/jezzy/huskybot/install/velodyne_msgs/share/velodyne_msgs/environment/library_path.dsv
[58.430s] -- Installing: /home/jezzy/huskybot/install/velodyne_msgs/lib/libvelodyne_msgs__rosidl_generator_c.so
[58.432s] -- Set runtime path of "/home/jezzy/huskybot/install/velodyne_msgs/lib/libvelodyne_msgs__rosidl_generator_c.so" to ""
[58.432s] -- Up-to-date: /home/jezzy/huskybot/install/velodyne_msgs/include/velodyne_msgs/velodyne_msgs
[58.433s] -- Up-to-date: /home/jezzy/huskybot/install/velodyne_msgs/include/velodyne_msgs/velodyne_msgs/msg
[58.434s] -- Up-to-date: /home/jezzy/huskybot/install/velodyne_msgs/include/velodyne_msgs/velodyne_msgs/msg/detail
[58.438s] -- Installing: /home/jezzy/huskybot/install/velodyne_msgs/include/velodyne_msgs/velodyne_msgs/msg/detail/velodyne_scan__rosidl_typesupport_fastrtps_c.h
[58.438s] -- Installing: /home/jezzy/huskybot/install/velodyne_msgs/include/velodyne_msgs/velodyne_msgs/msg/detail/velodyne_packet__rosidl_typesupport_fastrtps_c.h
[58.439s] -- Installing: /home/jezzy/huskybot/install/velodyne_msgs/include/velodyne_msgs/velodyne_msgs/msg/rosidl_typesupport_fastrtps_c__visibility_control.h
[58.439s] -- Installing: /home/jezzy/huskybot/install/velodyne_msgs/lib/libvelodyne_msgs__rosidl_typesupport_fastrtps_c.so
[58.440s] -- Set runtime path of "/home/jezzy/huskybot/install/velodyne_msgs/lib/libvelodyne_msgs__rosidl_typesupport_fastrtps_c.so" to ""
[58.441s] -- Up-to-date: /home/jezzy/huskybot/install/velodyne_msgs/include/velodyne_msgs/velodyne_msgs
[58.441s] -- Up-to-date: /home/jezzy/huskybot/install/velodyne_msgs/include/velodyne_msgs/velodyne_msgs/msg
[58.441s] -- Up-to-date: /home/jezzy/huskybot/install/velodyne_msgs/include/velodyne_msgs/velodyne_msgs/msg/detail
[58.442s] -- Installing: /home/jezzy/huskybot/install/velodyne_msgs/include/velodyne_msgs/velodyne_msgs/msg/detail/velodyne_packet__traits.hpp
[58.445s] -- Installing: /home/jezzy/huskybot/install/velodyne_msgs/include/velodyne_msgs/velodyne_msgs/msg/detail/velodyne_packet__struct.hpp
[58.451s] -- Installing: /home/jezzy/huskybot/install/velodyne_msgs/include/velodyne_msgs/velodyne_msgs/msg/detail/velodyne_scan__traits.hpp
[58.455s] -- Installing: /home/jezzy/huskybot/install/velodyne_msgs/include/velodyne_msgs/velodyne_msgs/msg/detail/velodyne_packet__builder.hpp
[58.455s] -- Installing: /home/jezzy/huskybot/install/velodyne_msgs/include/velodyne_msgs/velodyne_msgs/msg/detail/velodyne_scan__builder.hpp
[58.455s] -- Installing: /home/jezzy/huskybot/install/velodyne_msgs/include/velodyne_msgs/velodyne_msgs/msg/detail/velodyne_packet__type_support.hpp
[58.456s] -- Installing: /home/jezzy/huskybot/install/velodyne_msgs/include/velodyne_msgs/velodyne_msgs/msg/detail/velodyne_scan__struct.hpp
[58.456s] -- Installing: /home/jezzy/huskybot/install/velodyne_msgs/include/velodyne_msgs/velodyne_msgs/msg/detail/velodyne_scan__type_support.hpp
[58.456s] -- Installing: /home/jezzy/huskybot/install/velodyne_msgs/include/velodyne_msgs/velodyne_msgs/msg/velodyne_packet.hpp
[58.457s] -- Installing: /home/jezzy/huskybot/install/velodyne_msgs/include/velodyne_msgs/velodyne_msgs/msg/rosidl_generator_cpp__visibility_control.hpp
[58.457s] -- Installing: /home/jezzy/huskybot/install/velodyne_msgs/include/velodyne_msgs/velodyne_msgs/msg/velodyne_scan.hpp
[58.457s] -- Up-to-date: /home/jezzy/huskybot/install/velodyne_msgs/include/velodyne_msgs/velodyne_msgs
[58.458s] -- Up-to-date: /home/jezzy/huskybot/install/velodyne_msgs/include/velodyne_msgs/velodyne_msgs/msg
[58.475s] -- Installing: /home/jezzy/huskybot/install/velodyne_msgs/include/velodyne_msgs/velodyne_msgs/msg/rosidl_typesupport_fastrtps_cpp__visibility_control.h
[58.478s] -- Up-to-date: /home/jezzy/huskybot/install/velodyne_msgs/include/velodyne_msgs/velodyne_msgs/msg/detail
[58.479s] -- Installing: /home/jezzy/huskybot/install/velodyne_msgs/include/velodyne_msgs/velodyne_msgs/msg/detail/velodyne_packet__rosidl_typesupport_fastrtps_cpp.hpp
[58.479s] -- Installing: /home/jezzy/huskybot/install/velodyne_msgs/include/velodyne_msgs/velodyne_msgs/msg/detail/velodyne_scan__rosidl_typesupport_fastrtps_cpp.hpp
[58.480s] -- Installing: /home/jezzy/huskybot/install/velodyne_msgs/include/velodyne_msgs/velodyne_msgs/msg/detail/dds_fastrtps
[58.495s] -- Installing: /home/jezzy/huskybot/install/velodyne_msgs/lib/libvelodyne_msgs__rosidl_typesupport_fastrtps_cpp.so
[58.496s] -- Set runtime path of "/home/jezzy/huskybot/install/velodyne_msgs/lib/libvelodyne_msgs__rosidl_typesupport_fastrtps_cpp.so" to ""
[58.499s] -- Up-to-date: /home/jezzy/huskybot/install/velodyne_msgs/include/velodyne_msgs/velodyne_msgs
[58.499s] -- Up-to-date: /home/jezzy/huskybot/install/velodyne_msgs/include/velodyne_msgs/velodyne_msgs/msg
[58.499s] -- Installing: /home/jezzy/huskybot/install/velodyne_msgs/include/velodyne_msgs/velodyne_msgs/msg/rosidl_typesupport_introspection_c__visibility_control.h
[58.499s] -- Up-to-date: /home/jezzy/huskybot/install/velodyne_msgs/include/velodyne_msgs/velodyne_msgs/msg/detail
[58.500s] -- Installing: /home/jezzy/huskybot/install/velodyne_msgs/include/velodyne_msgs/velodyne_msgs/msg/detail/velodyne_scan__type_support.c
[58.500s] -- Installing: /home/jezzy/huskybot/install/velodyne_msgs/include/velodyne_msgs/velodyne_msgs/msg/detail/velodyne_scan__rosidl_typesupport_introspection_c.h
[58.500s] -- Installing: /home/jezzy/huskybot/install/velodyne_msgs/include/velodyne_msgs/velodyne_msgs/msg/detail/velodyne_packet__type_support.c
[58.500s] -- Installing: /home/jezzy/huskybot/install/velodyne_msgs/include/velodyne_msgs/velodyne_msgs/msg/detail/velodyne_packet__rosidl_typesupport_introspection_c.h
[58.501s] -- Installing: /home/jezzy/huskybot/install/velodyne_msgs/lib/libvelodyne_msgs__rosidl_typesupport_introspection_c.so
[58.501s] -- Set runtime path of "/home/jezzy/huskybot/install/velodyne_msgs/lib/libvelodyne_msgs__rosidl_typesupport_introspection_c.so" to ""
[58.501s] -- Installing: /home/jezzy/huskybot/install/velodyne_msgs/lib/libvelodyne_msgs__rosidl_typesupport_c.so
[58.501s] -- Set runtime path of "/home/jezzy/huskybot/install/velodyne_msgs/lib/libvelodyne_msgs__rosidl_typesupport_c.so" to ""
[58.502s] -- Up-to-date: /home/jezzy/huskybot/install/velodyne_msgs/include/velodyne_msgs/velodyne_msgs
[58.502s] -- Up-to-date: /home/jezzy/huskybot/install/velodyne_msgs/include/velodyne_msgs/velodyne_msgs/msg
[58.502s] -- Up-to-date: /home/jezzy/huskybot/install/velodyne_msgs/include/velodyne_msgs/velodyne_msgs/msg/detail
[58.502s] -- Installing: /home/jezzy/huskybot/install/velodyne_msgs/include/velodyne_msgs/velodyne_msgs/msg/detail/velodyne_packet__rosidl_typesupport_introspection_cpp.hpp
[58.503s] -- Installing: /home/jezzy/huskybot/install/velodyne_msgs/include/velodyne_msgs/velodyne_msgs/msg/detail/velodyne_scan__type_support.cpp
[58.503s] -- Installing: /home/jezzy/huskybot/install/velodyne_msgs/include/velodyne_msgs/velodyne_msgs/msg/detail/velodyne_packet__type_support.cpp
[58.503s] -- Installing: /home/jezzy/huskybot/install/velodyne_msgs/include/velodyne_msgs/velodyne_msgs/msg/detail/velodyne_scan__rosidl_typesupport_introspection_cpp.hpp
[58.503s] -- Installing: /home/jezzy/huskybot/install/velodyne_msgs/lib/libvelodyne_msgs__rosidl_typesupport_introspection_cpp.so
[58.504s] -- Set runtime path of "/home/jezzy/huskybot/install/velodyne_msgs/lib/libvelodyne_msgs__rosidl_typesupport_introspection_cpp.so" to ""
[58.504s] -- Installing: /home/jezzy/huskybot/install/velodyne_msgs/lib/libvelodyne_msgs__rosidl_typesupport_cpp.so
[58.504s] -- Set runtime path of "/home/jezzy/huskybot/install/velodyne_msgs/lib/libvelodyne_msgs__rosidl_typesupport_cpp.so" to ""
[58.504s] -- Installing: /home/jezzy/huskybot/install/velodyne_msgs/share/velodyne_msgs/environment/pythonpath.sh
[58.505s] -- Installing: /home/jezzy/huskybot/install/velodyne_msgs/share/velodyne_msgs/environment/pythonpath.dsv
[58.505s] -- Installing: /home/jezzy/huskybot/install/velodyne_msgs/local/lib/python3.10/dist-packages/velodyne_msgs-2.5.1-py3.10.egg-info
[58.505s] -- Installing: /home/jezzy/huskybot/install/velodyne_msgs/local/lib/python3.10/dist-packages/velodyne_msgs-2.5.1-py3.10.egg-info/top_level.txt
[58.505s] -- Installing: /home/jezzy/huskybot/install/velodyne_msgs/local/lib/python3.10/dist-packages/velodyne_msgs-2.5.1-py3.10.egg-info/SOURCES.txt
[58.506s] -- Installing: /home/jezzy/huskybot/install/velodyne_msgs/local/lib/python3.10/dist-packages/velodyne_msgs-2.5.1-py3.10.egg-info/dependency_links.txt
[58.506s] -- Installing: /home/jezzy/huskybot/install/velodyne_msgs/local/lib/python3.10/dist-packages/velodyne_msgs-2.5.1-py3.10.egg-info/PKG-INFO
[58.506s] -- Installing: /home/jezzy/huskybot/install/velodyne_msgs/local/lib/python3.10/dist-packages/velodyne_msgs
[58.506s] -- Installing: /home/jezzy/huskybot/install/velodyne_msgs/local/lib/python3.10/dist-packages/velodyne_msgs/_velodyne_msgs_s.ep.rosidl_typesupport_introspection_c.c
[58.507s] -- Installing: /home/jezzy/huskybot/install/velodyne_msgs/local/lib/python3.10/dist-packages/velodyne_msgs/_velodyne_msgs_s.ep.rosidl_typesupport_fastrtps_c.c
[58.507s] -- Installing: /home/jezzy/huskybot/install/velodyne_msgs/local/lib/python3.10/dist-packages/velodyne_msgs/velodyne_msgs_s__rosidl_typesupport_fastrtps_c.cpython-310-x86_64-linux-gnu.so
[58.508s] -- Installing: /home/jezzy/huskybot/install/velodyne_msgs/local/lib/python3.10/dist-packages/velodyne_msgs/msg
[58.508s] -- Installing: /home/jezzy/huskybot/install/velodyne_msgs/local/lib/python3.10/dist-packages/velodyne_msgs/msg/_velodyne_scan.py
[58.509s] -- Installing: /home/jezzy/huskybot/install/velodyne_msgs/local/lib/python3.10/dist-packages/velodyne_msgs/msg/_velodyne_scan_s.c
[58.509s] -- Installing: /home/jezzy/huskybot/install/velodyne_msgs/local/lib/python3.10/dist-packages/velodyne_msgs/msg/_velodyne_packet_s.c
[58.520s] -- Installing: /home/jezzy/huskybot/install/velodyne_msgs/local/lib/python3.10/dist-packages/velodyne_msgs/msg/__init__.py
[58.520s] -- Installing: /home/jezzy/huskybot/install/velodyne_msgs/local/lib/python3.10/dist-packages/velodyne_msgs/msg/_velodyne_packet.py
[58.521s] -- Installing: /home/jezzy/huskybot/install/velodyne_msgs/local/lib/python3.10/dist-packages/velodyne_msgs/velodyne_msgs_s__rosidl_typesupport_c.cpython-310-x86_64-linux-gnu.so
[58.521s] -- Installing: /home/jezzy/huskybot/install/velodyne_msgs/local/lib/python3.10/dist-packages/velodyne_msgs/_velodyne_msgs_s.ep.rosidl_typesupport_c.c
[58.521s] -- Installing: /home/jezzy/huskybot/install/velodyne_msgs/local/lib/python3.10/dist-packages/velodyne_msgs/velodyne_msgs_s__rosidl_typesupport_introspection_c.cpython-310-x86_64-linux-gnu.so
[58.522s] -- Installing: /home/jezzy/huskybot/install/velodyne_msgs/local/lib/python3.10/dist-packages/velodyne_msgs/libvelodyne_msgs__rosidl_generator_py.so
[58.522s] -- Installing: /home/jezzy/huskybot/install/velodyne_msgs/local/lib/python3.10/dist-packages/velodyne_msgs/__init__.py
[58.726s] Listing '/home/jezzy/huskybot/install/velodyne_msgs/local/lib/python3.10/dist-packages/velodyne_msgs'...
[58.729s] Compiling '/home/jezzy/huskybot/install/velodyne_msgs/local/lib/python3.10/dist-packages/velodyne_msgs/__init__.py'...
[58.730s] Listing '/home/jezzy/huskybot/install/velodyne_msgs/local/lib/python3.10/dist-packages/velodyne_msgs/msg'...
[58.730s] Compiling '/home/jezzy/huskybot/install/velodyne_msgs/local/lib/python3.10/dist-packages/velodyne_msgs/msg/__init__.py'...
[58.730s] Compiling '/home/jezzy/huskybot/install/velodyne_msgs/local/lib/python3.10/dist-packages/velodyne_msgs/msg/_velodyne_packet.py'...
[58.731s] Compiling '/home/jezzy/huskybot/install/velodyne_msgs/local/lib/python3.10/dist-packages/velodyne_msgs/msg/_velodyne_scan.py'...
[58.756s] -- Installing: /home/jezzy/huskybot/install/velodyne_msgs/local/lib/python3.10/dist-packages/velodyne_msgs/velodyne_msgs_s__rosidl_typesupport_fastrtps_c.cpython-310-x86_64-linux-gnu.so
[58.756s] -- Set runtime path of "/home/jezzy/huskybot/install/velodyne_msgs/local/lib/python3.10/dist-packages/velodyne_msgs/velodyne_msgs_s__rosidl_typesupport_fastrtps_c.cpython-310-x86_64-linux-gnu.so" to ""
[58.756s] -- Installing: /home/jezzy/huskybot/install/velodyne_msgs/local/lib/python3.10/dist-packages/velodyne_msgs/velodyne_msgs_s__rosidl_typesupport_introspection_c.cpython-310-x86_64-linux-gnu.so
[58.757s] -- Set runtime path of "/home/jezzy/huskybot/install/velodyne_msgs/local/lib/python3.10/dist-packages/velodyne_msgs/velodyne_msgs_s__rosidl_typesupport_introspection_c.cpython-310-x86_64-linux-gnu.so" to ""
[58.757s] -- Installing: /home/jezzy/huskybot/install/velodyne_msgs/local/lib/python3.10/dist-packages/velodyne_msgs/velodyne_msgs_s__rosidl_typesupport_c.cpython-310-x86_64-linux-gnu.so
[58.757s] -- Set runtime path of "/home/jezzy/huskybot/install/velodyne_msgs/local/lib/python3.10/dist-packages/velodyne_msgs/velodyne_msgs_s__rosidl_typesupport_c.cpython-310-x86_64-linux-gnu.so" to ""
[58.757s] -- Installing: /home/jezzy/huskybot/install/velodyne_msgs/lib/libvelodyne_msgs__rosidl_generator_py.so
[58.762s] -- Set runtime path of "/home/jezzy/huskybot/install/velodyne_msgs/lib/libvelodyne_msgs__rosidl_generator_py.so" to ""
[58.764s] -- Installing: /home/jezzy/huskybot/install/velodyne_msgs/share/velodyne_msgs/msg/VelodynePacket.idl
[58.766s] -- Installing: /home/jezzy/huskybot/install/velodyne_msgs/share/velodyne_msgs/msg/VelodyneScan.idl
[58.767s] -- Installing: /home/jezzy/huskybot/install/velodyne_msgs/share/velodyne_msgs/msg/VelodynePacket.msg
[58.774s] -- Installing: /home/jezzy/huskybot/install/velodyne_msgs/share/velodyne_msgs/msg/VelodyneScan.msg
[58.775s] -- Installing: /home/jezzy/huskybot/install/velodyne_msgs/share/ament_index/resource_index/package_run_dependencies/velodyne_msgs
[58.778s] -- Installing: /home/jezzy/huskybot/install/velodyne_msgs/share/ament_index/resource_index/parent_prefix_path/velodyne_msgs
[58.778s] -- Installing: /home/jezzy/huskybot/install/velodyne_msgs/share/velodyne_msgs/environment/ament_prefix_path.sh
[58.779s] -- Installing: /home/jezzy/huskybot/install/velodyne_msgs/share/velodyne_msgs/environment/ament_prefix_path.dsv
[58.779s] -- Installing: /home/jezzy/huskybot/install/velodyne_msgs/share/velodyne_msgs/environment/path.sh
[58.781s] -- Installing: /home/jezzy/huskybot/install/velodyne_msgs/share/velodyne_msgs/environment/path.dsv
[58.782s] -- Installing: /home/jezzy/huskybot/install/velodyne_msgs/share/velodyne_msgs/local_setup.bash
[58.785s] -- Installing: /home/jezzy/huskybot/install/velodyne_msgs/share/velodyne_msgs/local_setup.sh
[58.785s] -- Installing: /home/jezzy/huskybot/install/velodyne_msgs/share/velodyne_msgs/local_setup.zsh
[58.785s] -- Installing: /home/jezzy/huskybot/install/velodyne_msgs/share/velodyne_msgs/local_setup.dsv
[58.786s] -- Installing: /home/jezzy/huskybot/install/velodyne_msgs/share/velodyne_msgs/package.dsv
[58.787s] -- Installing: /home/jezzy/huskybot/install/velodyne_msgs/share/ament_index/resource_index/packages/velodyne_msgs
[58.798s] -- Installing: /home/jezzy/huskybot/install/velodyne_msgs/share/velodyne_msgs/cmake/export_velodyne_msgs__rosidl_generator_cExport.cmake
[58.798s] -- Installing: /home/jezzy/huskybot/install/velodyne_msgs/share/velodyne_msgs/cmake/export_velodyne_msgs__rosidl_generator_cExport-noconfig.cmake
[58.799s] -- Installing: /home/jezzy/huskybot/install/velodyne_msgs/share/velodyne_msgs/cmake/export_velodyne_msgs__rosidl_typesupport_fastrtps_cExport.cmake
[58.799s] -- Installing: /home/jezzy/huskybot/install/velodyne_msgs/share/velodyne_msgs/cmake/export_velodyne_msgs__rosidl_typesupport_fastrtps_cExport-noconfig.cmake
[58.800s] -- Installing: /home/jezzy/huskybot/install/velodyne_msgs/share/velodyne_msgs/cmake/export_velodyne_msgs__rosidl_generator_cppExport.cmake
[58.801s] -- Installing: /home/jezzy/huskybot/install/velodyne_msgs/share/velodyne_msgs/cmake/export_velodyne_msgs__rosidl_typesupport_fastrtps_cppExport.cmake
[58.801s] -- Installing: /home/jezzy/huskybot/install/velodyne_msgs/share/velodyne_msgs/cmake/export_velodyne_msgs__rosidl_typesupport_fastrtps_cppExport-noconfig.cmake
[58.801s] -- Installing: /home/jezzy/huskybot/install/velodyne_msgs/share/velodyne_msgs/cmake/velodyne_msgs__rosidl_typesupport_introspection_cExport.cmake
[58.802s] -- Installing: /home/jezzy/huskybot/install/velodyne_msgs/share/velodyne_msgs/cmake/velodyne_msgs__rosidl_typesupport_introspection_cExport-noconfig.cmake
[58.802s] -- Installing: /home/jezzy/huskybot/install/velodyne_msgs/share/velodyne_msgs/cmake/velodyne_msgs__rosidl_typesupport_cExport.cmake
[58.802s] -- Installing: /home/jezzy/huskybot/install/velodyne_msgs/share/velodyne_msgs/cmake/velodyne_msgs__rosidl_typesupport_cExport-noconfig.cmake
[58.803s] -- Installing: /home/jezzy/huskybot/install/velodyne_msgs/share/velodyne_msgs/cmake/velodyne_msgs__rosidl_typesupport_introspection_cppExport.cmake
[58.804s] -- Installing: /home/jezzy/huskybot/install/velodyne_msgs/share/velodyne_msgs/cmake/velodyne_msgs__rosidl_typesupport_introspection_cppExport-noconfig.cmake
[58.805s] -- Installing: /home/jezzy/huskybot/install/velodyne_msgs/share/velodyne_msgs/cmake/velodyne_msgs__rosidl_typesupport_cppExport.cmake
[58.805s] -- Installing: /home/jezzy/huskybot/install/velodyne_msgs/share/velodyne_msgs/cmake/velodyne_msgs__rosidl_typesupport_cppExport-noconfig.cmake
[58.806s] -- Installing: /home/jezzy/huskybot/install/velodyne_msgs/share/velodyne_msgs/cmake/export_velodyne_msgs__rosidl_generator_pyExport.cmake
[58.808s] -- Installing: /home/jezzy/huskybot/install/velodyne_msgs/share/velodyne_msgs/cmake/export_velodyne_msgs__rosidl_generator_pyExport-noconfig.cmake
[58.808s] -- Installing: /home/jezzy/huskybot/install/velodyne_msgs/share/velodyne_msgs/cmake/rosidl_cmake-extras.cmake
[58.809s] -- Installing: /home/jezzy/huskybot/install/velodyne_msgs/share/velodyne_msgs/cmake/ament_cmake_export_dependencies-extras.cmake
[58.812s] -- Installing: /home/jezzy/huskybot/install/velodyne_msgs/share/velodyne_msgs/cmake/ament_cmake_export_include_directories-extras.cmake
[58.812s] -- Installing: /home/jezzy/huskybot/install/velodyne_msgs/share/velodyne_msgs/cmake/ament_cmake_export_libraries-extras.cmake
[58.812s] -- Installing: /home/jezzy/huskybot/install/velodyne_msgs/share/velodyne_msgs/cmake/ament_cmake_export_targets-extras.cmake
[58.820s] -- Installing: /home/jezzy/huskybot/install/velodyne_msgs/share/velodyne_msgs/cmake/rosidl_cmake_export_typesupport_targets-extras.cmake
[58.821s] -- Installing: /home/jezzy/huskybot/install/velodyne_msgs/share/velodyne_msgs/cmake/rosidl_cmake_export_typesupport_libraries-extras.cmake
[58.821s] -- Installing: /home/jezzy/huskybot/install/velodyne_msgs/share/velodyne_msgs/cmake/velodyne_msgsConfig.cmake
[58.821s] -- Installing: /home/jezzy/huskybot/install/velodyne_msgs/share/velodyne_msgs/cmake/velodyne_msgsConfig-version.cmake
[58.822s] -- Installing: /home/jezzy/huskybot/install/velodyne_msgs/share/velodyne_msgs/package.xml
[58.840s] Invoked command in '/home/jezzy/huskybot/build/velodyne_msgs' returned '0': CMAKE_PREFIX_PATH=${CMAKE_PREFIX_PATH}:/home/jezzy/huskybot/install/huskybot_fusion:/home/jezzy/huskybot/install/huskybot_navigation:/home/jezzy/husky_ws/turtlebot3/install/turtlebot3_teleop:/home/jezzy/husky_ws/turtlebot3/install/turtlebot3_example:/home/jezzy/husky_ws/turtlebot3/install/segtect:/home/jezzy/husky_ws/turtlebot3/install/autonomous_exploration:/home/jezzy/husky_ws/lintic/install/yolosed:/home/jezzy/husky_ws/lintic/install/visual:/home/jezzy/husky_ws/lintic/install/segnet:/opt/ros/humble /usr/bin/cmake --install /home/jezzy/huskybot/build/velodyne_msgs
