[0.779s] Invoking command in '/home/jezzy/yolobot/build/yolobot_recognition': CMAKE_PREFIX_PATH=${CMAKE_PREFIX_PATH}:/home/jezzy/husky_ws/lintic/install/yolosed:/home/jezzy/husky_ws/lintic/install/visual:/home/jezzy/husky_ws/lintic/install/segnet:/home/jezzy/husky_ws/turtlebot3/install/turtlebot3_teleop:/home/jezzy/husky_ws/turtlebot3/install/turtlebot3_example:/home/jezzy/husky_ws/turtlebot3/install/segtect:/home/jezzy/husky_ws/turtlebot3/install/autonomous_exploration:/opt/ros/humble LD_LIBRARY_PATH=/home/jezzy/yolobot/install/yolov8_msgs/lib:/home/jezzy/husky_ws/turtlebot3/install/turtlebot3_msgs/lib:/home/jezzy/husky_ws/turtlebot3/install/dynamixel_sdk_custom_interfaces/lib:/home/jezzy/husky_ws/turtlebot3/install/dynamixel_sdk/lib:/usr/lib/x86_64-linux-gnu/gazebo-11/plugins:/opt/ros/humble/opt/rviz_ogre_vendor/lib:/opt/ros/humble/lib/x86_64-linux-gnu:/opt/ros/humble/lib:/usr/share/gazebo/../../lib/x86_64-linux-gnu/gazebo-11/plugins /usr/bin/cmake --build /home/jezzy/yolobot/build/yolobot_recognition -- -j4 -l4
[0.849s] -- Found ament_cmake: 1.3.11 (/opt/ros/humble/share/ament_cmake/cmake)
[1.313s] -- Found rclpy: 3.3.16 (/opt/ros/humble/share/rclpy/cmake)
[1.322s] -- Found sensor_msgs: 4.8.0 (/opt/ros/humble/share/sensor_msgs/cmake)
[1.820s] -- Found rosidl_generator_c: 3.1.6 (/opt/ros/humble/share/rosidl_generator_c/cmake)
[1.825s] -- Found rosidl_adapter: 3.1.6 (/opt/ros/humble/share/rosidl_adapter/cmake)
[1.841s] -- Found rosidl_generator_cpp: 3.1.6 (/opt/ros/humble/share/rosidl_generator_cpp/cmake)
[1.877s] -- Using all available rosidl_typesupport_c: rosidl_typesupport_fastrtps_c;rosidl_typesupport_introspection_c
[1.921s] -- Using all available rosidl_typesupport_cpp: rosidl_typesupport_fastrtps_cpp;rosidl_typesupport_introspection_cpp
[2.103s] -- Found cv_bridge: 3.2.1 (/opt/ros/humble/share/cv_bridge/cmake)
[2.128s] -- Found yolov8_msgs: 0.0.0 (/home/jezzy/yolobot/install/yolov8_msgs/share/yolov8_msgs/cmake)
[2.173s] -- Found ament_lint_auto: 0.12.12 (/opt/ros/humble/share/ament_lint_auto/cmake)
[2.394s] -- Added test 'copyright' to check source files copyright and LICENSE
[2.402s] -- Added test 'flake8' to check Python code syntax and style conventions
[2.403s] -- Added test 'lint_cmake' to check CMake code style
[2.404s] -- Added test 'pep257' to check Python code against some of the docstring style conventions in PEP 257
[2.407s] -- Added test 'xmllint' to check XML markup files
[2.411s] -- Configuring done
[2.422s] -- Generating done
[2.430s] -- Build files have been written to: /home/jezzy/yolobot/build/yolobot_recognition
[2.487s] Invoked command in '/home/jezzy/yolobot/build/yolobot_recognition' returned '0': CMAKE_PREFIX_PATH=${CMAKE_PREFIX_PATH}:/home/jezzy/husky_ws/lintic/install/yolosed:/home/jezzy/husky_ws/lintic/install/visual:/home/jezzy/husky_ws/lintic/install/segnet:/home/jezzy/husky_ws/turtlebot3/install/turtlebot3_teleop:/home/jezzy/husky_ws/turtlebot3/install/turtlebot3_example:/home/jezzy/husky_ws/turtlebot3/install/segtect:/home/jezzy/husky_ws/turtlebot3/install/autonomous_exploration:/opt/ros/humble LD_LIBRARY_PATH=/home/jezzy/yolobot/install/yolov8_msgs/lib:/home/jezzy/husky_ws/turtlebot3/install/turtlebot3_msgs/lib:/home/jezzy/husky_ws/turtlebot3/install/dynamixel_sdk_custom_interfaces/lib:/home/jezzy/husky_ws/turtlebot3/install/dynamixel_sdk/lib:/usr/lib/x86_64-linux-gnu/gazebo-11/plugins:/opt/ros/humble/opt/rviz_ogre_vendor/lib:/opt/ros/humble/lib/x86_64-linux-gnu:/opt/ros/humble/lib:/usr/share/gazebo/../../lib/x86_64-linux-gnu/gazebo-11/plugins /usr/bin/cmake --build /home/jezzy/yolobot/build/yolobot_recognition -- -j4 -l4
[2.492s] Invoking command in '/home/jezzy/yolobot/build/yolobot_recognition': CMAKE_PREFIX_PATH=${CMAKE_PREFIX_PATH}:/home/jezzy/husky_ws/lintic/install/yolosed:/home/jezzy/husky_ws/lintic/install/visual:/home/jezzy/husky_ws/lintic/install/segnet:/home/jezzy/husky_ws/turtlebot3/install/turtlebot3_teleop:/home/jezzy/husky_ws/turtlebot3/install/turtlebot3_example:/home/jezzy/husky_ws/turtlebot3/install/segtect:/home/jezzy/husky_ws/turtlebot3/install/autonomous_exploration:/opt/ros/humble LD_LIBRARY_PATH=/home/jezzy/yolobot/install/yolov8_msgs/lib:/home/jezzy/husky_ws/turtlebot3/install/turtlebot3_msgs/lib:/home/jezzy/husky_ws/turtlebot3/install/dynamixel_sdk_custom_interfaces/lib:/home/jezzy/husky_ws/turtlebot3/install/dynamixel_sdk/lib:/usr/lib/x86_64-linux-gnu/gazebo-11/plugins:/opt/ros/humble/opt/rviz_ogre_vendor/lib:/opt/ros/humble/lib/x86_64-linux-gnu:/opt/ros/humble/lib:/usr/share/gazebo/../../lib/x86_64-linux-gnu/gazebo-11/plugins /usr/bin/cmake --install /home/jezzy/yolobot/build/yolobot_recognition
[2.518s] -- Install configuration: ""
[2.518s] -- Up-to-date: /home/jezzy/yolobot/install/yolobot_recognition/share/yolobot_recognition//scripts
[2.519s] -- Up-to-date: /home/jezzy/yolobot/install/yolobot_recognition/share/yolobot_recognition//scripts/yolov8_stitcher_node.py
[2.519s] -- Up-to-date: /home/jezzy/yolobot/install/yolobot_recognition/share/yolobot_recognition//scripts/yolov8_ros2_subscriber.py
[2.519s] -- Up-to-date: /home/jezzy/yolobot/install/yolobot_recognition/share/yolobot_recognition//scripts/.gitignore
[2.520s] -- Up-to-date: /home/jezzy/yolobot/install/yolobot_recognition/share/yolobot_recognition//scripts/.gitattributes
[2.520s] -- Up-to-date: /home/jezzy/yolobot/install/yolobot_recognition/share/yolobot_recognition//scripts/yolov8_ros2_pt.py
[2.520s] -- Up-to-date: /home/jezzy/yolobot/install/yolobot_recognition/share/yolobot_recognition//scripts/yolo11n.pt
[2.520s] -- Up-to-date: /home/jezzy/yolobot/install/yolobot_recognition/share/yolobot_recognition//scripts/yolov8_inference_listener.py
[2.521s] -- Up-to-date: /home/jezzy/yolobot/install/yolobot_recognition/share/yolobot_recognition//scripts/.dockerignore
[2.521s] -- Up-to-date: /home/jezzy/yolobot/install/yolobot_recognition/share/yolobot_recognition//scripts/yolov8_panorama_inference.py
[2.522s] -- Up-to-date: /home/jezzy/yolobot/install/yolobot_recognition/share/yolobot_recognition//scripts/yolov8n.pt
[2.522s] -- Up-to-date: /home/jezzy/yolobot/install/yolobot_recognition/share/yolobot_recognition//launch
[2.523s] -- Up-to-date: /home/jezzy/yolobot/install/yolobot_recognition/share/yolobot_recognition//launch/launch_yolov8.launch.py
[2.523s] -- Up-to-date: /home/jezzy/yolobot/install/yolobot_recognition/lib/yolobot_recognition/yolov8_ros2_pt.py
[2.523s] -- Up-to-date: /home/jezzy/yolobot/install/yolobot_recognition/lib/yolobot_recognition/yolov8_ros2_subscriber.py
[2.524s] -- Installing: /home/jezzy/yolobot/install/yolobot_recognition/lib/yolobot_recognition/yolov8_stitcher_node.py
[2.525s] -- Installing: /home/jezzy/yolobot/install/yolobot_recognition/lib/yolobot_recognition/yolov8_panorama_inference.py
[2.527s] -- Installing: /home/jezzy/yolobot/install/yolobot_recognition/lib/yolobot_recognition/yolov8_inference_listener.py
[2.540s] -- Up-to-date: /home/jezzy/yolobot/install/yolobot_recognition/share/ament_index/resource_index/package_run_dependencies/yolobot_recognition
[2.541s] -- Up-to-date: /home/jezzy/yolobot/install/yolobot_recognition/share/ament_index/resource_index/parent_prefix_path/yolobot_recognition
[2.541s] -- Up-to-date: /home/jezzy/yolobot/install/yolobot_recognition/share/yolobot_recognition/environment/ament_prefix_path.sh
[2.541s] -- Installing: /home/jezzy/yolobot/install/yolobot_recognition/share/yolobot_recognition/environment/ament_prefix_path.dsv
[2.542s] -- Up-to-date: /home/jezzy/yolobot/install/yolobot_recognition/share/yolobot_recognition/environment/path.sh
[2.542s] -- Installing: /home/jezzy/yolobot/install/yolobot_recognition/share/yolobot_recognition/environment/path.dsv
[2.542s] -- Up-to-date: /home/jezzy/yolobot/install/yolobot_recognition/share/yolobot_recognition/local_setup.bash
[2.542s] -- Up-to-date: /home/jezzy/yolobot/install/yolobot_recognition/share/yolobot_recognition/local_setup.sh
[2.542s] -- Up-to-date: /home/jezzy/yolobot/install/yolobot_recognition/share/yolobot_recognition/local_setup.zsh
[2.543s] -- Installing: /home/jezzy/yolobot/install/yolobot_recognition/share/yolobot_recognition/local_setup.dsv
[2.543s] -- Installing: /home/jezzy/yolobot/install/yolobot_recognition/share/yolobot_recognition/package.dsv
[2.544s] -- Up-to-date: /home/jezzy/yolobot/install/yolobot_recognition/share/ament_index/resource_index/packages/yolobot_recognition
[2.544s] -- Up-to-date: /home/jezzy/yolobot/install/yolobot_recognition/share/yolobot_recognition/cmake/yolobot_recognitionConfig.cmake
[2.545s] -- Up-to-date: /home/jezzy/yolobot/install/yolobot_recognition/share/yolobot_recognition/cmake/yolobot_recognitionConfig-version.cmake
[2.546s] -- Up-to-date: /home/jezzy/yolobot/install/yolobot_recognition/share/yolobot_recognition/package.xml
[2.546s] Invoked command in '/home/jezzy/yolobot/build/yolobot_recognition' returned '0': CMAKE_PREFIX_PATH=${CMAKE_PREFIX_PATH}:/home/jezzy/husky_ws/lintic/install/yolosed:/home/jezzy/husky_ws/lintic/install/visual:/home/jezzy/husky_ws/lintic/install/segnet:/home/jezzy/husky_ws/turtlebot3/install/turtlebot3_teleop:/home/jezzy/husky_ws/turtlebot3/install/turtlebot3_example:/home/jezzy/husky_ws/turtlebot3/install/segtect:/home/jezzy/husky_ws/turtlebot3/install/autonomous_exploration:/opt/ros/humble LD_LIBRARY_PATH=/home/jezzy/yolobot/install/yolov8_msgs/lib:/home/jezzy/husky_ws/turtlebot3/install/turtlebot3_msgs/lib:/home/jezzy/husky_ws/turtlebot3/install/dynamixel_sdk_custom_interfaces/lib:/home/jezzy/husky_ws/turtlebot3/install/dynamixel_sdk/lib:/usr/lib/x86_64-linux-gnu/gazebo-11/plugins:/opt/ros/humble/opt/rviz_ogre_vendor/lib:/opt/ros/humble/lib/x86_64-linux-gnu:/opt/ros/humble/lib:/usr/share/gazebo/../../lib/x86_64-linux-gnu/gazebo-11/plugins /usr/bin/cmake --install /home/jezzy/yolobot/build/yolobot_recognition
