[0.100s] Invoking command in '/home/jezzy/yolobot/build/husky_custom_description': CMAKE_PREFIX_PATH=${CMAKE_PREFIX_PATH}:/home/jezzy/husky_ws/lintic/install/yolosed:/home/jezzy/husky_ws/lintic/install/visual:/home/jezzy/husky_ws/lintic/install/segnet:/home/jezzy/husky_ws/turtlebot3/install/turtlebot3_teleop:/home/jezzy/husky_ws/turtlebot3/install/turtlebot3_example:/home/jezzy/husky_ws/turtlebot3/install/segtect:/home/jezzy/husky_ws/turtlebot3/install/autonomous_exploration:/opt/ros/humble /usr/bin/cmake /home/jezzy/yolobot/src/husky_custom_description -DCMAKE_INSTALL_PREFIX=/home/jezzy/yolobot/install/husky_custom_description
[1.757s] -- The C compiler identification is GNU 11.4.0
[4.523s] -- The CXX compiler identification is GNU 11.4.0
[6.862s] -- Detecting C compiler ABI info
[8.005s] -- Detecting C compiler ABI info - done
[8.081s] -- Check for working C compiler: /usr/bin/cc - skipped
[8.082s] -- Detecting C compile features
[8.083s] -- Detecting C compile features - done
[8.094s] -- Detecting CXX compiler ABI info
[9.414s] -- Detecting CXX compiler ABI info - done
[9.481s] -- Check for working CXX compiler: /usr/bin/c++ - skipped
[9.492s] -- Detecting CXX compile features
[9.494s] -- Detecting CXX compile features - done
[9.515s] -- Found ament_cmake: 1.3.11 (/opt/ros/humble/share/ament_cmake/cmake)
[10.589s] -- Found Python3: /usr/bin/python3 (found version "3.10.12") found components: Interpreter 
[11.781s] -- Found ament_lint_auto: 0.12.12 (/opt/ros/humble/share/ament_lint_auto/cmake)
[12.289s] -- Added test 'lint_cmake' to check CMake code style
[12.299s] -- Added test 'xmllint' to check XML markup files
[12.308s] -- Configuring done
[12.333s] -- Generating done
[12.356s] -- Build files have been written to: /home/jezzy/yolobot/build/husky_custom_description
[12.373s] Invoked command in '/home/jezzy/yolobot/build/husky_custom_description' returned '0': CMAKE_PREFIX_PATH=${CMAKE_PREFIX_PATH}:/home/jezzy/husky_ws/lintic/install/yolosed:/home/jezzy/husky_ws/lintic/install/visual:/home/jezzy/husky_ws/lintic/install/segnet:/home/jezzy/husky_ws/turtlebot3/install/turtlebot3_teleop:/home/jezzy/husky_ws/turtlebot3/install/turtlebot3_example:/home/jezzy/husky_ws/turtlebot3/install/segtect:/home/jezzy/husky_ws/turtlebot3/install/autonomous_exploration:/opt/ros/humble /usr/bin/cmake /home/jezzy/yolobot/src/husky_custom_description -DCMAKE_INSTALL_PREFIX=/home/jezzy/yolobot/install/husky_custom_description
[12.378s] Invoking command in '/home/jezzy/yolobot/build/husky_custom_description': CMAKE_PREFIX_PATH=${CMAKE_PREFIX_PATH}:/home/jezzy/husky_ws/lintic/install/yolosed:/home/jezzy/husky_ws/lintic/install/visual:/home/jezzy/husky_ws/lintic/install/segnet:/home/jezzy/husky_ws/turtlebot3/install/turtlebot3_teleop:/home/jezzy/husky_ws/turtlebot3/install/turtlebot3_example:/home/jezzy/husky_ws/turtlebot3/install/segtect:/home/jezzy/husky_ws/turtlebot3/install/autonomous_exploration:/opt/ros/humble /usr/bin/cmake --build /home/jezzy/yolobot/build/husky_custom_description -- -j4 -l4
[12.571s] Invoked command in '/home/jezzy/yolobot/build/husky_custom_description' returned '0': CMAKE_PREFIX_PATH=${CMAKE_PREFIX_PATH}:/home/jezzy/husky_ws/lintic/install/yolosed:/home/jezzy/husky_ws/lintic/install/visual:/home/jezzy/husky_ws/lintic/install/segnet:/home/jezzy/husky_ws/turtlebot3/install/turtlebot3_teleop:/home/jezzy/husky_ws/turtlebot3/install/turtlebot3_example:/home/jezzy/husky_ws/turtlebot3/install/segtect:/home/jezzy/husky_ws/turtlebot3/install/autonomous_exploration:/opt/ros/humble /usr/bin/cmake --build /home/jezzy/yolobot/build/husky_custom_description -- -j4 -l4
[12.624s] Invoking command in '/home/jezzy/yolobot/build/husky_custom_description': CMAKE_PREFIX_PATH=${CMAKE_PREFIX_PATH}:/home/jezzy/husky_ws/lintic/install/yolosed:/home/jezzy/husky_ws/lintic/install/visual:/home/jezzy/husky_ws/lintic/install/segnet:/home/jezzy/husky_ws/turtlebot3/install/turtlebot3_teleop:/home/jezzy/husky_ws/turtlebot3/install/turtlebot3_example:/home/jezzy/husky_ws/turtlebot3/install/segtect:/home/jezzy/husky_ws/turtlebot3/install/autonomous_exploration:/opt/ros/humble /usr/bin/cmake --install /home/jezzy/yolobot/build/husky_custom_description
[12.684s] -- Install configuration: ""
[12.684s] -- Installing: /home/jezzy/yolobot/install/husky_custom_description/share/husky_custom_description//urdf
[12.687s] -- Installing: /home/jezzy/yolobot/install/husky_custom_description/share/husky_custom_description//urdf/custom_description.urdf.xacro
[12.688s] -- Installing: /home/jezzy/yolobot/install/husky_custom_description/share/ament_index/resource_index/package_run_dependencies/husky_custom_description
[12.688s] -- Installing: /home/jezzy/yolobot/install/husky_custom_description/share/ament_index/resource_index/parent_prefix_path/husky_custom_description
[12.689s] -- Installing: /home/jezzy/yolobot/install/husky_custom_description/share/husky_custom_description/environment/ament_prefix_path.sh
[12.689s] -- Installing: /home/jezzy/yolobot/install/husky_custom_description/share/husky_custom_description/environment/ament_prefix_path.dsv
[12.689s] -- Installing: /home/jezzy/yolobot/install/husky_custom_description/share/husky_custom_description/environment/path.sh
[12.690s] -- Installing: /home/jezzy/yolobot/install/husky_custom_description/share/husky_custom_description/environment/path.dsv
[12.690s] -- Installing: /home/jezzy/yolobot/install/husky_custom_description/share/husky_custom_description/local_setup.bash
[12.690s] -- Installing: /home/jezzy/yolobot/install/husky_custom_description/share/husky_custom_description/local_setup.sh
[12.703s] -- Installing: /home/jezzy/yolobot/install/husky_custom_description/share/husky_custom_description/local_setup.zsh
[12.703s] -- Installing: /home/jezzy/yolobot/install/husky_custom_description/share/husky_custom_description/local_setup.dsv
[12.703s] -- Installing: /home/jezzy/yolobot/install/husky_custom_description/share/husky_custom_description/package.dsv
[12.704s] -- Installing: /home/jezzy/yolobot/install/husky_custom_description/share/ament_index/resource_index/packages/husky_custom_description
[12.704s] -- Installing: /home/jezzy/yolobot/install/husky_custom_description/share/husky_custom_description/cmake/husky_custom_descriptionConfig.cmake
[12.705s] -- Installing: /home/jezzy/yolobot/install/husky_custom_description/share/husky_custom_description/cmake/husky_custom_descriptionConfig-version.cmake
[12.705s] -- Installing: /home/jezzy/yolobot/install/husky_custom_description/share/husky_custom_description/package.xml
[12.712s] Invoked command in '/home/jezzy/yolobot/build/husky_custom_description' returned '0': CMAKE_PREFIX_PATH=${CMAKE_PREFIX_PATH}:/home/jezzy/husky_ws/lintic/install/yolosed:/home/jezzy/husky_ws/lintic/install/visual:/home/jezzy/husky_ws/lintic/install/segnet:/home/jezzy/husky_ws/turtlebot3/install/turtlebot3_teleop:/home/jezzy/husky_ws/turtlebot3/install/turtlebot3_example:/home/jezzy/husky_ws/turtlebot3/install/segtect:/home/jezzy/husky_ws/turtlebot3/install/autonomous_exploration:/opt/ros/humble /usr/bin/cmake --install /home/jezzy/yolobot/build/husky_custom_description
