[0.980s] Invoking command in '/home/jezzy/huskybot/build/velodyne_driver': AMENT_PREFIX_PATH=/home/jezzy/huskybot/install/velodyne_msgs:${AMENT_PREFIX_PATH} CMAKE_PREFIX_PATH=/home/jezzy/huskybot/install/velodyne_msgs:/home/jezzy/huskybot/install/huskybot_control:/home/jezzy/huskybot/install/husky_custom_description:/home/jezzy/husky_ws/turtlebot3/install/turtlebot3:/home/jezzy/husky_ws/turtlebot3/install/turtlebot3_simulations:/home/jezzy/husky_ws/turtlebot3/install/turtlebot3_bringup:/home/jezzy/husky_ws/turtlebot3/install/turtlebot3_node:/home/jezzy/husky_ws/turtlebot3/install/turtlebot3_navigation2:/home/jezzy/husky_ws/turtlebot3/install/turtlebot3_fake_node:/home/jezzy/husky_ws/turtlebot3/install/turtlebot3_msgs:/home/jezzy/husky_ws/turtlebot3/install/turtlebot3_gazebo:/home/jezzy/husky_ws/turtlebot3/install/turtlebot3_description:/home/jezzy/husky_ws/turtlebot3/install/turtlebot3_cartographer:/home/jezzy/husky_ws/turtlebot3/install/dynamixel_sdk_examples:/home/jezzy/husky_ws/turtlebot3/install/dynamixel_sdk_custom_interfaces:/home/jezzy/husky_ws/turtlebot3/install/dynamixel_sdk:/home/jezzy/husky_ws/lintic/install/yolosed:/home/jezzy/husky_ws/lintic/install/visual:/home/jezzy/husky_ws/lintic/install/segnet:/home/jezzy/husky_ws/turtlebot3/install/turtlebot3_teleop:/home/jezzy/husky_ws/turtlebot3/install/turtlebot3_example:/home/jezzy/husky_ws/turtlebot3/install/segtect:/home/jezzy/husky_ws/turtlebot3/install/autonomous_exploration:/opt/ros/humble LD_LIBRARY_PATH=/home/jezzy/huskybot/install/velodyne_msgs/lib:${LD_LIBRARY_PATH} PYTHONPATH=/home/jezzy/huskybot/install/velodyne_msgs/local/lib/python3.10/dist-packages:${PYTHONPATH} /usr/bin/cmake --build /home/jezzy/huskybot/build/velodyne_driver -- -j4 -l4
[1.313s] [35m[1mConsolidate compiler generated dependencies of target velodyne_input[0m
[1.330s] [35m[1mConsolidate compiler generated dependencies of target gtest[0m
[1.402s] [35m[1mConsolidate compiler generated dependencies of target gtest_main[0m
[1.431s] [ 16%] Built target gtest
[1.490s] [ 33%] Built target velodyne_input
[1.563s] [35m[1mConsolidate compiler generated dependencies of target velodyne_driver[0m
[1.591s] [ 50%] Built target gtest_main
[1.706s] [ 66%] Built target velodyne_driver
[1.735s] [35m[1mConsolidate compiler generated dependencies of target time_test[0m
[1.771s] [35m[1mConsolidate compiler generated dependencies of target velodyne_driver_node[0m
[1.851s] [ 83%] Built target time_test
[1.911s] [100%] Built target velodyne_driver_node
[1.988s] Invoked command in '/home/jezzy/huskybot/build/velodyne_driver' returned '0': AMENT_PREFIX_PATH=/home/jezzy/huskybot/install/velodyne_msgs:${AMENT_PREFIX_PATH} CMAKE_PREFIX_PATH=/home/jezzy/huskybot/install/velodyne_msgs:/home/jezzy/huskybot/install/huskybot_control:/home/jezzy/huskybot/install/husky_custom_description:/home/jezzy/husky_ws/turtlebot3/install/turtlebot3:/home/jezzy/husky_ws/turtlebot3/install/turtlebot3_simulations:/home/jezzy/husky_ws/turtlebot3/install/turtlebot3_bringup:/home/jezzy/husky_ws/turtlebot3/install/turtlebot3_node:/home/jezzy/husky_ws/turtlebot3/install/turtlebot3_navigation2:/home/jezzy/husky_ws/turtlebot3/install/turtlebot3_fake_node:/home/jezzy/husky_ws/turtlebot3/install/turtlebot3_msgs:/home/jezzy/husky_ws/turtlebot3/install/turtlebot3_gazebo:/home/jezzy/husky_ws/turtlebot3/install/turtlebot3_description:/home/jezzy/husky_ws/turtlebot3/install/turtlebot3_cartographer:/home/jezzy/husky_ws/turtlebot3/install/dynamixel_sdk_examples:/home/jezzy/husky_ws/turtlebot3/install/dynamixel_sdk_custom_interfaces:/home/jezzy/husky_ws/turtlebot3/install/dynamixel_sdk:/home/jezzy/husky_ws/lintic/install/yolosed:/home/jezzy/husky_ws/lintic/install/visual:/home/jezzy/husky_ws/lintic/install/segnet:/home/jezzy/husky_ws/turtlebot3/install/turtlebot3_teleop:/home/jezzy/husky_ws/turtlebot3/install/turtlebot3_example:/home/jezzy/husky_ws/turtlebot3/install/segtect:/home/jezzy/husky_ws/turtlebot3/install/autonomous_exploration:/opt/ros/humble LD_LIBRARY_PATH=/home/jezzy/huskybot/install/velodyne_msgs/lib:${LD_LIBRARY_PATH} PYTHONPATH=/home/jezzy/huskybot/install/velodyne_msgs/local/lib/python3.10/dist-packages:${PYTHONPATH} /usr/bin/cmake --build /home/jezzy/huskybot/build/velodyne_driver -- -j4 -l4
[2.014s] Invoking command in '/home/jezzy/huskybot/build/velodyne_driver': AMENT_PREFIX_PATH=/home/jezzy/huskybot/install/velodyne_msgs:${AMENT_PREFIX_PATH} CMAKE_PREFIX_PATH=/home/jezzy/huskybot/install/velodyne_msgs:/home/jezzy/huskybot/install/huskybot_control:/home/jezzy/huskybot/install/husky_custom_description:/home/jezzy/husky_ws/turtlebot3/install/turtlebot3:/home/jezzy/husky_ws/turtlebot3/install/turtlebot3_simulations:/home/jezzy/husky_ws/turtlebot3/install/turtlebot3_bringup:/home/jezzy/husky_ws/turtlebot3/install/turtlebot3_node:/home/jezzy/husky_ws/turtlebot3/install/turtlebot3_navigation2:/home/jezzy/husky_ws/turtlebot3/install/turtlebot3_fake_node:/home/jezzy/husky_ws/turtlebot3/install/turtlebot3_msgs:/home/jezzy/husky_ws/turtlebot3/install/turtlebot3_gazebo:/home/jezzy/husky_ws/turtlebot3/install/turtlebot3_description:/home/jezzy/husky_ws/turtlebot3/install/turtlebot3_cartographer:/home/jezzy/husky_ws/turtlebot3/install/dynamixel_sdk_examples:/home/jezzy/husky_ws/turtlebot3/install/dynamixel_sdk_custom_interfaces:/home/jezzy/husky_ws/turtlebot3/install/dynamixel_sdk:/home/jezzy/husky_ws/lintic/install/yolosed:/home/jezzy/husky_ws/lintic/install/visual:/home/jezzy/husky_ws/lintic/install/segnet:/home/jezzy/husky_ws/turtlebot3/install/turtlebot3_teleop:/home/jezzy/husky_ws/turtlebot3/install/turtlebot3_example:/home/jezzy/husky_ws/turtlebot3/install/segtect:/home/jezzy/husky_ws/turtlebot3/install/autonomous_exploration:/opt/ros/humble LD_LIBRARY_PATH=/home/jezzy/huskybot/install/velodyne_msgs/lib:${LD_LIBRARY_PATH} PYTHONPATH=/home/jezzy/huskybot/install/velodyne_msgs/local/lib/python3.10/dist-packages:${PYTHONPATH} /usr/bin/cmake --install /home/jezzy/huskybot/build/velodyne_driver
[2.048s] -- Install configuration: ""
[2.049s] -- Up-to-date: /home/jezzy/huskybot/install/velodyne_driver/lib/libvelodyne_input.so
[2.050s] -- Up-to-date: /home/jezzy/huskybot/install/velodyne_driver/lib/libvelodyne_driver.so
[2.076s] -- Up-to-date: /home/jezzy/huskybot/install/velodyne_driver/lib/velodyne_driver/velodyne_driver_node
[2.077s] -- Up-to-date: /home/jezzy/huskybot/install/velodyne_driver/include/velodyne_driver
[2.077s] -- Up-to-date: /home/jezzy/huskybot/install/velodyne_driver/include/velodyne_driver/time_conversion.hpp
[2.078s] -- Up-to-date: /home/jezzy/huskybot/install/velodyne_driver/include/velodyne_driver/input.hpp
[2.078s] -- Up-to-date: /home/jezzy/huskybot/install/velodyne_driver/include/velodyne_driver/driver.hpp
[2.078s] -- Up-to-date: /home/jezzy/huskybot/install/velodyne_driver/share/velodyne_driver/config
[2.079s] -- Up-to-date: /home/jezzy/huskybot/install/velodyne_driver/share/velodyne_driver/config/VLP16-velodyne_driver_node-params.yaml
[2.079s] -- Up-to-date: /home/jezzy/huskybot/install/velodyne_driver/share/velodyne_driver/config/VLS128-velodyne_driver_node-params.yaml
[2.079s] -- Up-to-date: /home/jezzy/huskybot/install/velodyne_driver/share/velodyne_driver/config/VLP32C-velodyne_driver_node-params.yaml
[2.080s] -- Up-to-date: /home/jezzy/huskybot/install/velodyne_driver/share/velodyne_driver/launch
[2.080s] -- Up-to-date: /home/jezzy/huskybot/install/velodyne_driver/share/velodyne_driver/launch/velodyne_driver_node-VLP16-composed-launch.py
[2.080s] -- Up-to-date: /home/jezzy/huskybot/install/velodyne_driver/share/velodyne_driver/launch/velodyne_driver_node-VLS128-composed-launch.py
[2.081s] -- Up-to-date: /home/jezzy/huskybot/install/velodyne_driver/share/velodyne_driver/launch/velodyne_driver_node-VLP32C-launch.py
[2.081s] -- Up-to-date: /home/jezzy/huskybot/install/velodyne_driver/share/velodyne_driver/launch/velodyne_driver_node-VLP16-launch.py
[2.081s] -- Up-to-date: /home/jezzy/huskybot/install/velodyne_driver/share/velodyne_driver/launch/velodyne_driver_node-VLP32C-composed-launch.py
[2.082s] -- Up-to-date: /home/jezzy/huskybot/install/velodyne_driver/share/velodyne_driver/launch/velodyne_driver_node-VLS128-launch.py
[2.082s] -- Up-to-date: /home/jezzy/huskybot/install/velodyne_driver/lib/velodyne_driver/vdump
[2.082s] -- Up-to-date: /home/jezzy/huskybot/install/velodyne_driver/share/ament_index/resource_index/package_run_dependencies/velodyne_driver
[2.083s] -- Up-to-date: /home/jezzy/huskybot/install/velodyne_driver/share/ament_index/resource_index/parent_prefix_path/velodyne_driver
[2.093s] -- Up-to-date: /home/jezzy/huskybot/install/velodyne_driver/share/velodyne_driver/environment/ament_prefix_path.sh
[2.109s] -- Up-to-date: /home/jezzy/huskybot/install/velodyne_driver/share/velodyne_driver/environment/ament_prefix_path.dsv
[2.110s] -- Up-to-date: /home/jezzy/huskybot/install/velodyne_driver/share/velodyne_driver/environment/path.sh
[2.110s] -- Up-to-date: /home/jezzy/huskybot/install/velodyne_driver/share/velodyne_driver/environment/path.dsv
[2.110s] -- Up-to-date: /home/jezzy/huskybot/install/velodyne_driver/share/velodyne_driver/local_setup.bash
[2.110s] -- Up-to-date: /home/jezzy/huskybot/install/velodyne_driver/share/velodyne_driver/local_setup.sh
[2.110s] -- Up-to-date: /home/jezzy/huskybot/install/velodyne_driver/share/velodyne_driver/local_setup.zsh
[2.111s] -- Up-to-date: /home/jezzy/huskybot/install/velodyne_driver/share/velodyne_driver/local_setup.dsv
[2.111s] -- Installing: /home/jezzy/huskybot/install/velodyne_driver/share/velodyne_driver/package.dsv
[2.111s] -- Up-to-date: /home/jezzy/huskybot/install/velodyne_driver/share/ament_index/resource_index/packages/velodyne_driver
[2.111s] -- Up-to-date: /home/jezzy/huskybot/install/velodyne_driver/share/ament_index/resource_index/rclcpp_components/velodyne_driver
[2.112s] -- Up-to-date: /home/jezzy/huskybot/install/velodyne_driver/share/velodyne_driver/cmake/velodyne_driverExport.cmake
[2.112s] -- Up-to-date: /home/jezzy/huskybot/install/velodyne_driver/share/velodyne_driver/cmake/velodyne_driverExport-noconfig.cmake
[2.113s] -- Up-to-date: /home/jezzy/huskybot/install/velodyne_driver/share/velodyne_driver/cmake/ament_cmake_export_include_directories-extras.cmake
[2.139s] -- Up-to-date: /home/jezzy/huskybot/install/velodyne_driver/share/velodyne_driver/cmake/ament_cmake_export_targets-extras.cmake
[2.140s] -- Up-to-date: /home/jezzy/huskybot/install/velodyne_driver/share/velodyne_driver/cmake/ament_cmake_export_dependencies-extras.cmake
[2.140s] -- Up-to-date: /home/jezzy/huskybot/install/velodyne_driver/share/velodyne_driver/cmake/velodyne_driverConfig.cmake
[2.140s] -- Up-to-date: /home/jezzy/huskybot/install/velodyne_driver/share/velodyne_driver/cmake/velodyne_driverConfig-version.cmake
[2.141s] -- Up-to-date: /home/jezzy/huskybot/install/velodyne_driver/share/velodyne_driver/package.xml
[2.142s] Invoked command in '/home/jezzy/huskybot/build/velodyne_driver' returned '0': AMENT_PREFIX_PATH=/home/jezzy/huskybot/install/velodyne_msgs:${AMENT_PREFIX_PATH} CMAKE_PREFIX_PATH=/home/jezzy/huskybot/install/velodyne_msgs:/home/jezzy/huskybot/install/huskybot_control:/home/jezzy/huskybot/install/husky_custom_description:/home/jezzy/husky_ws/turtlebot3/install/turtlebot3:/home/jezzy/husky_ws/turtlebot3/install/turtlebot3_simulations:/home/jezzy/husky_ws/turtlebot3/install/turtlebot3_bringup:/home/jezzy/husky_ws/turtlebot3/install/turtlebot3_node:/home/jezzy/husky_ws/turtlebot3/install/turtlebot3_navigation2:/home/jezzy/husky_ws/turtlebot3/install/turtlebot3_fake_node:/home/jezzy/husky_ws/turtlebot3/install/turtlebot3_msgs:/home/jezzy/husky_ws/turtlebot3/install/turtlebot3_gazebo:/home/jezzy/husky_ws/turtlebot3/install/turtlebot3_description:/home/jezzy/husky_ws/turtlebot3/install/turtlebot3_cartographer:/home/jezzy/husky_ws/turtlebot3/install/dynamixel_sdk_examples:/home/jezzy/husky_ws/turtlebot3/install/dynamixel_sdk_custom_interfaces:/home/jezzy/husky_ws/turtlebot3/install/dynamixel_sdk:/home/jezzy/husky_ws/lintic/install/yolosed:/home/jezzy/husky_ws/lintic/install/visual:/home/jezzy/husky_ws/lintic/install/segnet:/home/jezzy/husky_ws/turtlebot3/install/turtlebot3_teleop:/home/jezzy/husky_ws/turtlebot3/install/turtlebot3_example:/home/jezzy/husky_ws/turtlebot3/install/segtect:/home/jezzy/husky_ws/turtlebot3/install/autonomous_exploration:/opt/ros/humble LD_LIBRARY_PATH=/home/jezzy/huskybot/install/velodyne_msgs/lib:${LD_LIBRARY_PATH} PYTHONPATH=/home/jezzy/huskybot/install/velodyne_msgs/local/lib/python3.10/dist-packages:${PYTHONPATH} /usr/bin/cmake --install /home/jezzy/huskybot/build/velodyne_driver
