[0.075s] Invoking command in '/home/jezzy/yolobot/build/velodyne_msgs': CMAKE_PREFIX_PATH=${CMAKE_PREFIX_PATH}:/home/jezzy/yolobot/install/yolobot_fusion:/home/jezzy/yolobot/install/yolobot_navigation:/home/jezzy/husky_ws/lintic/install/yolosed:/home/jezzy/husky_ws/lintic/install/visual:/home/jezzy/husky_ws/lintic/install/segnet:/home/jezzy/husky_ws/turtlebot3/install/turtlebot3_teleop:/home/jezzy/husky_ws/turtlebot3/install/turtlebot3_example:/home/jezzy/husky_ws/turtlebot3/install/segtect:/home/jezzy/husky_ws/turtlebot3/install/autonomous_exploration:/opt/ros/humble /usr/bin/cmake --build /home/jezzy/yolobot/build/velodyne_msgs -- -j4 -l4
[0.286s] [  2%] Built target velodyne_msgs__cpp
[0.344s] [ 12%] Built target velodyne_msgs__rosidl_generator_c
[0.465s] [ 12%] Built target ament_cmake_python_copy_velodyne_msgs
[0.502s] [ 23%] Built target velodyne_msgs__rosidl_typesupport_cpp
[0.527s] [ 33%] Built target velodyne_msgs__rosidl_typesupport_fastrtps_cpp
[0.539s] [ 43%] Built target velodyne_msgs__rosidl_typesupport_introspection_cpp
[0.651s] [ 53%] Built target velodyne_msgs__rosidl_typesupport_fastrtps_c
[0.654s] [ 64%] Built target velodyne_msgs__rosidl_typesupport_introspection_c
[0.696s] [ 74%] Built target velodyne_msgs__rosidl_typesupport_c
[0.879s] [ 74%] Built target velodyne_msgs
[1.033s] [ 76%] Built target velodyne_msgs__py
[1.239s] [ 84%] Built target velodyne_msgs__rosidl_generator_py
[1.425s] [ 89%] Built target velodyne_msgs__rosidl_typesupport_fastrtps_c__pyext
[1.431s] [ 94%] Built target velodyne_msgs__rosidl_typesupport_introspection_c__pyext
[1.434s] [100%] Built target velodyne_msgs__rosidl_typesupport_c__pyext
[1.934s] running egg_info
[1.939s] writing velodyne_msgs.egg-info/PKG-INFO
[1.941s] writing dependency_links to velodyne_msgs.egg-info/dependency_links.txt
[1.942s] writing top-level names to velodyne_msgs.egg-info/top_level.txt
[1.966s] reading manifest file 'velodyne_msgs.egg-info/SOURCES.txt'
[1.966s] writing manifest file 'velodyne_msgs.egg-info/SOURCES.txt'
[2.125s] [100%] Built target ament_cmake_python_build_velodyne_msgs_egg
[2.228s] Invoked command in '/home/jezzy/yolobot/build/velodyne_msgs' returned '0': CMAKE_PREFIX_PATH=${CMAKE_PREFIX_PATH}:/home/jezzy/yolobot/install/yolobot_fusion:/home/jezzy/yolobot/install/yolobot_navigation:/home/jezzy/husky_ws/lintic/install/yolosed:/home/jezzy/husky_ws/lintic/install/visual:/home/jezzy/husky_ws/lintic/install/segnet:/home/jezzy/husky_ws/turtlebot3/install/turtlebot3_teleop:/home/jezzy/husky_ws/turtlebot3/install/turtlebot3_example:/home/jezzy/husky_ws/turtlebot3/install/segtect:/home/jezzy/husky_ws/turtlebot3/install/autonomous_exploration:/opt/ros/humble /usr/bin/cmake --build /home/jezzy/yolobot/build/velodyne_msgs -- -j4 -l4
[2.232s] Invoking command in '/home/jezzy/yolobot/build/velodyne_msgs': CMAKE_PREFIX_PATH=${CMAKE_PREFIX_PATH}:/home/jezzy/yolobot/install/yolobot_fusion:/home/jezzy/yolobot/install/yolobot_navigation:/home/jezzy/husky_ws/lintic/install/yolosed:/home/jezzy/husky_ws/lintic/install/visual:/home/jezzy/husky_ws/lintic/install/segnet:/home/jezzy/husky_ws/turtlebot3/install/turtlebot3_teleop:/home/jezzy/husky_ws/turtlebot3/install/turtlebot3_example:/home/jezzy/husky_ws/turtlebot3/install/segtect:/home/jezzy/husky_ws/turtlebot3/install/autonomous_exploration:/opt/ros/humble /usr/bin/cmake --install /home/jezzy/yolobot/build/velodyne_msgs
[2.285s] -- Install configuration: ""
[2.288s] -- Up-to-date: /home/jezzy/yolobot/install/velodyne_msgs/share/ament_index/resource_index/rosidl_interfaces/velodyne_msgs
[2.288s] -- Up-to-date: /home/jezzy/yolobot/install/velodyne_msgs/include/velodyne_msgs/velodyne_msgs
[2.291s] -- Up-to-date: /home/jezzy/yolobot/install/velodyne_msgs/include/velodyne_msgs/velodyne_msgs/msg
[2.291s] -- Up-to-date: /home/jezzy/yolobot/install/velodyne_msgs/include/velodyne_msgs/velodyne_msgs/msg/velodyne_scan.h
[2.291s] -- Up-to-date: /home/jezzy/yolobot/install/velodyne_msgs/include/velodyne_msgs/velodyne_msgs/msg/rosidl_generator_c__visibility_control.h
[2.291s] -- Up-to-date: /home/jezzy/yolobot/install/velodyne_msgs/include/velodyne_msgs/velodyne_msgs/msg/velodyne_packet.h
[2.291s] -- Up-to-date: /home/jezzy/yolobot/install/velodyne_msgs/include/velodyne_msgs/velodyne_msgs/msg/detail
[2.292s] -- Up-to-date: /home/jezzy/yolobot/install/velodyne_msgs/include/velodyne_msgs/velodyne_msgs/msg/detail/velodyne_packet__struct.h
[2.303s] -- Up-to-date: /home/jezzy/yolobot/install/velodyne_msgs/include/velodyne_msgs/velodyne_msgs/msg/detail/velodyne_scan__type_support.h
[2.304s] -- Up-to-date: /home/jezzy/yolobot/install/velodyne_msgs/include/velodyne_msgs/velodyne_msgs/msg/detail/velodyne_scan__functions.h
[2.304s] -- Up-to-date: /home/jezzy/yolobot/install/velodyne_msgs/include/velodyne_msgs/velodyne_msgs/msg/detail/velodyne_packet__type_support.h
[2.304s] -- Up-to-date: /home/jezzy/yolobot/install/velodyne_msgs/include/velodyne_msgs/velodyne_msgs/msg/detail/velodyne_scan__struct.h
[2.304s] -- Up-to-date: /home/jezzy/yolobot/install/velodyne_msgs/include/velodyne_msgs/velodyne_msgs/msg/detail/velodyne_packet__functions.h
[2.304s] -- Up-to-date: /home/jezzy/yolobot/install/velodyne_msgs/include/velodyne_msgs/velodyne_msgs/msg/detail/velodyne_scan__functions.c
[2.305s] -- Up-to-date: /home/jezzy/yolobot/install/velodyne_msgs/include/velodyne_msgs/velodyne_msgs/msg/detail/velodyne_packet__functions.c
[2.305s] -- Up-to-date: /home/jezzy/yolobot/install/velodyne_msgs/share/velodyne_msgs/environment/library_path.sh
[2.305s] -- Up-to-date: /home/jezzy/yolobot/install/velodyne_msgs/share/velodyne_msgs/environment/library_path.dsv
[2.317s] -- Up-to-date: /home/jezzy/yolobot/install/velodyne_msgs/lib/libvelodyne_msgs__rosidl_generator_c.so
[2.317s] -- Up-to-date: /home/jezzy/yolobot/install/velodyne_msgs/include/velodyne_msgs/velodyne_msgs
[2.318s] -- Up-to-date: /home/jezzy/yolobot/install/velodyne_msgs/include/velodyne_msgs/velodyne_msgs/msg
[2.318s] -- Up-to-date: /home/jezzy/yolobot/install/velodyne_msgs/include/velodyne_msgs/velodyne_msgs/msg/detail
[2.318s] -- Up-to-date: /home/jezzy/yolobot/install/velodyne_msgs/include/velodyne_msgs/velodyne_msgs/msg/detail/velodyne_scan__rosidl_typesupport_fastrtps_c.h
[2.318s] -- Up-to-date: /home/jezzy/yolobot/install/velodyne_msgs/include/velodyne_msgs/velodyne_msgs/msg/detail/velodyne_packet__rosidl_typesupport_fastrtps_c.h
[2.318s] -- Up-to-date: /home/jezzy/yolobot/install/velodyne_msgs/include/velodyne_msgs/velodyne_msgs/msg/rosidl_typesupport_fastrtps_c__visibility_control.h
[2.320s] -- Up-to-date: /home/jezzy/yolobot/install/velodyne_msgs/lib/libvelodyne_msgs__rosidl_typesupport_fastrtps_c.so
[2.320s] -- Up-to-date: /home/jezzy/yolobot/install/velodyne_msgs/include/velodyne_msgs/velodyne_msgs
[2.320s] -- Up-to-date: /home/jezzy/yolobot/install/velodyne_msgs/include/velodyne_msgs/velodyne_msgs/msg
[2.321s] -- Up-to-date: /home/jezzy/yolobot/install/velodyne_msgs/include/velodyne_msgs/velodyne_msgs/msg/detail
[2.321s] -- Up-to-date: /home/jezzy/yolobot/install/velodyne_msgs/include/velodyne_msgs/velodyne_msgs/msg/detail/velodyne_packet__traits.hpp
[2.321s] -- Up-to-date: /home/jezzy/yolobot/install/velodyne_msgs/include/velodyne_msgs/velodyne_msgs/msg/detail/velodyne_packet__struct.hpp
[2.321s] -- Up-to-date: /home/jezzy/yolobot/install/velodyne_msgs/include/velodyne_msgs/velodyne_msgs/msg/detail/velodyne_scan__traits.hpp
[2.321s] -- Up-to-date: /home/jezzy/yolobot/install/velodyne_msgs/include/velodyne_msgs/velodyne_msgs/msg/detail/velodyne_packet__builder.hpp
[2.325s] -- Up-to-date: /home/jezzy/yolobot/install/velodyne_msgs/include/velodyne_msgs/velodyne_msgs/msg/detail/velodyne_scan__builder.hpp
[2.325s] -- Up-to-date: /home/jezzy/yolobot/install/velodyne_msgs/include/velodyne_msgs/velodyne_msgs/msg/detail/velodyne_packet__type_support.hpp
[2.325s] -- Up-to-date: /home/jezzy/yolobot/install/velodyne_msgs/include/velodyne_msgs/velodyne_msgs/msg/detail/velodyne_scan__struct.hpp
[2.326s] -- Up-to-date: /home/jezzy/yolobot/install/velodyne_msgs/include/velodyne_msgs/velodyne_msgs/msg/detail/velodyne_scan__type_support.hpp
[2.326s] -- Up-to-date: /home/jezzy/yolobot/install/velodyne_msgs/include/velodyne_msgs/velodyne_msgs/msg/velodyne_packet.hpp
[2.326s] -- Up-to-date: /home/jezzy/yolobot/install/velodyne_msgs/include/velodyne_msgs/velodyne_msgs/msg/rosidl_generator_cpp__visibility_control.hpp
[2.326s] -- Up-to-date: /home/jezzy/yolobot/install/velodyne_msgs/include/velodyne_msgs/velodyne_msgs/msg/velodyne_scan.hpp
[2.327s] -- Up-to-date: /home/jezzy/yolobot/install/velodyne_msgs/include/velodyne_msgs/velodyne_msgs
[2.327s] -- Up-to-date: /home/jezzy/yolobot/install/velodyne_msgs/include/velodyne_msgs/velodyne_msgs/msg
[2.327s] -- Up-to-date: /home/jezzy/yolobot/install/velodyne_msgs/include/velodyne_msgs/velodyne_msgs/msg/rosidl_typesupport_fastrtps_cpp__visibility_control.h
[2.327s] -- Up-to-date: /home/jezzy/yolobot/install/velodyne_msgs/include/velodyne_msgs/velodyne_msgs/msg/detail
[2.327s] -- Up-to-date: /home/jezzy/yolobot/install/velodyne_msgs/include/velodyne_msgs/velodyne_msgs/msg/detail/velodyne_packet__rosidl_typesupport_fastrtps_cpp.hpp
[2.327s] -- Up-to-date: /home/jezzy/yolobot/install/velodyne_msgs/include/velodyne_msgs/velodyne_msgs/msg/detail/velodyne_scan__rosidl_typesupport_fastrtps_cpp.hpp
[2.328s] -- Up-to-date: /home/jezzy/yolobot/install/velodyne_msgs/include/velodyne_msgs/velodyne_msgs/msg/detail/dds_fastrtps
[2.348s] -- Up-to-date: /home/jezzy/yolobot/install/velodyne_msgs/lib/libvelodyne_msgs__rosidl_typesupport_fastrtps_cpp.so
[2.348s] -- Up-to-date: /home/jezzy/yolobot/install/velodyne_msgs/include/velodyne_msgs/velodyne_msgs
[2.348s] -- Up-to-date: /home/jezzy/yolobot/install/velodyne_msgs/include/velodyne_msgs/velodyne_msgs/msg
[2.349s] -- Up-to-date: /home/jezzy/yolobot/install/velodyne_msgs/include/velodyne_msgs/velodyne_msgs/msg/rosidl_typesupport_introspection_c__visibility_control.h
[2.351s] -- Up-to-date: /home/jezzy/yolobot/install/velodyne_msgs/include/velodyne_msgs/velodyne_msgs/msg/detail
[2.352s] -- Up-to-date: /home/jezzy/yolobot/install/velodyne_msgs/include/velodyne_msgs/velodyne_msgs/msg/detail/velodyne_scan__type_support.c
[2.352s] -- Up-to-date: /home/jezzy/yolobot/install/velodyne_msgs/include/velodyne_msgs/velodyne_msgs/msg/detail/velodyne_scan__rosidl_typesupport_introspection_c.h
[2.352s] -- Up-to-date: /home/jezzy/yolobot/install/velodyne_msgs/include/velodyne_msgs/velodyne_msgs/msg/detail/velodyne_packet__type_support.c
[2.352s] -- Up-to-date: /home/jezzy/yolobot/install/velodyne_msgs/include/velodyne_msgs/velodyne_msgs/msg/detail/velodyne_packet__rosidl_typesupport_introspection_c.h
[2.361s] -- Up-to-date: /home/jezzy/yolobot/install/velodyne_msgs/lib/libvelodyne_msgs__rosidl_typesupport_introspection_c.so
[2.366s] -- Up-to-date: /home/jezzy/yolobot/install/velodyne_msgs/lib/libvelodyne_msgs__rosidl_typesupport_c.so
[2.366s] -- Up-to-date: /home/jezzy/yolobot/install/velodyne_msgs/include/velodyne_msgs/velodyne_msgs
[2.366s] -- Up-to-date: /home/jezzy/yolobot/install/velodyne_msgs/include/velodyne_msgs/velodyne_msgs/msg
[2.368s] -- Up-to-date: /home/jezzy/yolobot/install/velodyne_msgs/include/velodyne_msgs/velodyne_msgs/msg/detail
[2.368s] -- Up-to-date: /home/jezzy/yolobot/install/velodyne_msgs/include/velodyne_msgs/velodyne_msgs/msg/detail/velodyne_packet__rosidl_typesupport_introspection_cpp.hpp
[2.368s] -- Up-to-date: /home/jezzy/yolobot/install/velodyne_msgs/include/velodyne_msgs/velodyne_msgs/msg/detail/velodyne_scan__type_support.cpp
[2.369s] -- Up-to-date: /home/jezzy/yolobot/install/velodyne_msgs/include/velodyne_msgs/velodyne_msgs/msg/detail/velodyne_packet__type_support.cpp
[2.369s] -- Up-to-date: /home/jezzy/yolobot/install/velodyne_msgs/include/velodyne_msgs/velodyne_msgs/msg/detail/velodyne_scan__rosidl_typesupport_introspection_cpp.hpp
[2.379s] -- Up-to-date: /home/jezzy/yolobot/install/velodyne_msgs/lib/libvelodyne_msgs__rosidl_typesupport_introspection_cpp.so
[2.387s] -- Up-to-date: /home/jezzy/yolobot/install/velodyne_msgs/lib/libvelodyne_msgs__rosidl_typesupport_cpp.so
[2.387s] -- Up-to-date: /home/jezzy/yolobot/install/velodyne_msgs/share/velodyne_msgs/environment/pythonpath.sh
[2.387s] -- Up-to-date: /home/jezzy/yolobot/install/velodyne_msgs/share/velodyne_msgs/environment/pythonpath.dsv
[2.387s] -- Up-to-date: /home/jezzy/yolobot/install/velodyne_msgs/local/lib/python3.10/dist-packages/velodyne_msgs-2.5.1-py3.10.egg-info
[2.387s] -- Installing: /home/jezzy/yolobot/install/velodyne_msgs/local/lib/python3.10/dist-packages/velodyne_msgs-2.5.1-py3.10.egg-info/top_level.txt
[2.387s] -- Installing: /home/jezzy/yolobot/install/velodyne_msgs/local/lib/python3.10/dist-packages/velodyne_msgs-2.5.1-py3.10.egg-info/SOURCES.txt
[2.389s] -- Installing: /home/jezzy/yolobot/install/velodyne_msgs/local/lib/python3.10/dist-packages/velodyne_msgs-2.5.1-py3.10.egg-info/dependency_links.txt
[2.390s] -- Installing: /home/jezzy/yolobot/install/velodyne_msgs/local/lib/python3.10/dist-packages/velodyne_msgs-2.5.1-py3.10.egg-info/PKG-INFO
[2.390s] -- Up-to-date: /home/jezzy/yolobot/install/velodyne_msgs/local/lib/python3.10/dist-packages/velodyne_msgs
[2.390s] -- Up-to-date: /home/jezzy/yolobot/install/velodyne_msgs/local/lib/python3.10/dist-packages/velodyne_msgs/_velodyne_msgs_s.ep.rosidl_typesupport_introspection_c.c
[2.390s] -- Up-to-date: /home/jezzy/yolobot/install/velodyne_msgs/local/lib/python3.10/dist-packages/velodyne_msgs/_velodyne_msgs_s.ep.rosidl_typesupport_fastrtps_c.c
[2.390s] -- Up-to-date: /home/jezzy/yolobot/install/velodyne_msgs/local/lib/python3.10/dist-packages/velodyne_msgs/velodyne_msgs_s__rosidl_typesupport_fastrtps_c.cpython-310-x86_64-linux-gnu.so
[2.391s] -- Up-to-date: /home/jezzy/yolobot/install/velodyne_msgs/local/lib/python3.10/dist-packages/velodyne_msgs/msg
[2.391s] -- Up-to-date: /home/jezzy/yolobot/install/velodyne_msgs/local/lib/python3.10/dist-packages/velodyne_msgs/msg/_velodyne_scan.py
[2.391s] -- Up-to-date: /home/jezzy/yolobot/install/velodyne_msgs/local/lib/python3.10/dist-packages/velodyne_msgs/msg/_velodyne_scan_s.c
[2.391s] -- Up-to-date: /home/jezzy/yolobot/install/velodyne_msgs/local/lib/python3.10/dist-packages/velodyne_msgs/msg/_velodyne_packet_s.c
[2.391s] -- Up-to-date: /home/jezzy/yolobot/install/velodyne_msgs/local/lib/python3.10/dist-packages/velodyne_msgs/msg/__init__.py
[2.391s] -- Up-to-date: /home/jezzy/yolobot/install/velodyne_msgs/local/lib/python3.10/dist-packages/velodyne_msgs/msg/_velodyne_packet.py
[2.392s] -- Up-to-date: /home/jezzy/yolobot/install/velodyne_msgs/local/lib/python3.10/dist-packages/velodyne_msgs/velodyne_msgs_s__rosidl_typesupport_c.cpython-310-x86_64-linux-gnu.so
[2.392s] -- Up-to-date: /home/jezzy/yolobot/install/velodyne_msgs/local/lib/python3.10/dist-packages/velodyne_msgs/_velodyne_msgs_s.ep.rosidl_typesupport_c.c
[2.392s] -- Up-to-date: /home/jezzy/yolobot/install/velodyne_msgs/local/lib/python3.10/dist-packages/velodyne_msgs/velodyne_msgs_s__rosidl_typesupport_introspection_c.cpython-310-x86_64-linux-gnu.so
[2.392s] -- Up-to-date: /home/jezzy/yolobot/install/velodyne_msgs/local/lib/python3.10/dist-packages/velodyne_msgs/libvelodyne_msgs__rosidl_generator_py.so
[2.392s] -- Up-to-date: /home/jezzy/yolobot/install/velodyne_msgs/local/lib/python3.10/dist-packages/velodyne_msgs/__init__.py
[2.659s] Listing '/home/jezzy/yolobot/install/velodyne_msgs/local/lib/python3.10/dist-packages/velodyne_msgs'...
[2.660s] Listing '/home/jezzy/yolobot/install/velodyne_msgs/local/lib/python3.10/dist-packages/velodyne_msgs/msg'...
[2.686s] -- Up-to-date: /home/jezzy/yolobot/install/velodyne_msgs/local/lib/python3.10/dist-packages/velodyne_msgs/velodyne_msgs_s__rosidl_typesupport_fastrtps_c.cpython-310-x86_64-linux-gnu.so
[2.693s] -- Up-to-date: /home/jezzy/yolobot/install/velodyne_msgs/local/lib/python3.10/dist-packages/velodyne_msgs/velodyne_msgs_s__rosidl_typesupport_introspection_c.cpython-310-x86_64-linux-gnu.so
[2.707s] -- Up-to-date: /home/jezzy/yolobot/install/velodyne_msgs/local/lib/python3.10/dist-packages/velodyne_msgs/velodyne_msgs_s__rosidl_typesupport_c.cpython-310-x86_64-linux-gnu.so
[2.723s] -- Up-to-date: /home/jezzy/yolobot/install/velodyne_msgs/lib/libvelodyne_msgs__rosidl_generator_py.so
[2.723s] -- Up-to-date: /home/jezzy/yolobot/install/velodyne_msgs/share/velodyne_msgs/msg/VelodynePacket.idl
[2.723s] -- Up-to-date: /home/jezzy/yolobot/install/velodyne_msgs/share/velodyne_msgs/msg/VelodyneScan.idl
[2.724s] -- Up-to-date: /home/jezzy/yolobot/install/velodyne_msgs/share/velodyne_msgs/msg/VelodynePacket.msg
[2.724s] -- Up-to-date: /home/jezzy/yolobot/install/velodyne_msgs/share/velodyne_msgs/msg/VelodyneScan.msg
[2.724s] -- Up-to-date: /home/jezzy/yolobot/install/velodyne_msgs/share/ament_index/resource_index/package_run_dependencies/velodyne_msgs
[2.724s] -- Up-to-date: /home/jezzy/yolobot/install/velodyne_msgs/share/ament_index/resource_index/parent_prefix_path/velodyne_msgs
[2.725s] -- Up-to-date: /home/jezzy/yolobot/install/velodyne_msgs/share/velodyne_msgs/environment/ament_prefix_path.sh
[2.725s] -- Up-to-date: /home/jezzy/yolobot/install/velodyne_msgs/share/velodyne_msgs/environment/ament_prefix_path.dsv
[2.725s] -- Up-to-date: /home/jezzy/yolobot/install/velodyne_msgs/share/velodyne_msgs/environment/path.sh
[2.725s] -- Up-to-date: /home/jezzy/yolobot/install/velodyne_msgs/share/velodyne_msgs/environment/path.dsv
[2.725s] -- Up-to-date: /home/jezzy/yolobot/install/velodyne_msgs/share/velodyne_msgs/local_setup.bash
[2.725s] -- Up-to-date: /home/jezzy/yolobot/install/velodyne_msgs/share/velodyne_msgs/local_setup.sh
[2.726s] -- Up-to-date: /home/jezzy/yolobot/install/velodyne_msgs/share/velodyne_msgs/local_setup.zsh
[2.726s] -- Up-to-date: /home/jezzy/yolobot/install/velodyne_msgs/share/velodyne_msgs/local_setup.dsv
[2.726s] -- Installing: /home/jezzy/yolobot/install/velodyne_msgs/share/velodyne_msgs/package.dsv
[2.727s] -- Up-to-date: /home/jezzy/yolobot/install/velodyne_msgs/share/ament_index/resource_index/packages/velodyne_msgs
[2.730s] -- Up-to-date: /home/jezzy/yolobot/install/velodyne_msgs/share/velodyne_msgs/cmake/export_velodyne_msgs__rosidl_generator_cExport.cmake
[2.730s] -- Up-to-date: /home/jezzy/yolobot/install/velodyne_msgs/share/velodyne_msgs/cmake/export_velodyne_msgs__rosidl_generator_cExport-noconfig.cmake
[2.735s] -- Up-to-date: /home/jezzy/yolobot/install/velodyne_msgs/share/velodyne_msgs/cmake/export_velodyne_msgs__rosidl_typesupport_fastrtps_cExport.cmake
[2.735s] -- Up-to-date: /home/jezzy/yolobot/install/velodyne_msgs/share/velodyne_msgs/cmake/export_velodyne_msgs__rosidl_typesupport_fastrtps_cExport-noconfig.cmake
[2.738s] -- Up-to-date: /home/jezzy/yolobot/install/velodyne_msgs/share/velodyne_msgs/cmake/export_velodyne_msgs__rosidl_generator_cppExport.cmake
[2.743s] -- Up-to-date: /home/jezzy/yolobot/install/velodyne_msgs/share/velodyne_msgs/cmake/export_velodyne_msgs__rosidl_typesupport_fastrtps_cppExport.cmake
[2.755s] -- Up-to-date: /home/jezzy/yolobot/install/velodyne_msgs/share/velodyne_msgs/cmake/export_velodyne_msgs__rosidl_typesupport_fastrtps_cppExport-noconfig.cmake
[2.756s] -- Up-to-date: /home/jezzy/yolobot/install/velodyne_msgs/share/velodyne_msgs/cmake/velodyne_msgs__rosidl_typesupport_introspection_cExport.cmake
[2.756s] -- Up-to-date: /home/jezzy/yolobot/install/velodyne_msgs/share/velodyne_msgs/cmake/velodyne_msgs__rosidl_typesupport_introspection_cExport-noconfig.cmake
[2.763s] -- Up-to-date: /home/jezzy/yolobot/install/velodyne_msgs/share/velodyne_msgs/cmake/velodyne_msgs__rosidl_typesupport_cExport.cmake
[2.766s] -- Up-to-date: /home/jezzy/yolobot/install/velodyne_msgs/share/velodyne_msgs/cmake/velodyne_msgs__rosidl_typesupport_cExport-noconfig.cmake
[2.773s] -- Up-to-date: /home/jezzy/yolobot/install/velodyne_msgs/share/velodyne_msgs/cmake/velodyne_msgs__rosidl_typesupport_introspection_cppExport.cmake
[2.774s] -- Up-to-date: /home/jezzy/yolobot/install/velodyne_msgs/share/velodyne_msgs/cmake/velodyne_msgs__rosidl_typesupport_introspection_cppExport-noconfig.cmake
[2.776s] -- Up-to-date: /home/jezzy/yolobot/install/velodyne_msgs/share/velodyne_msgs/cmake/velodyne_msgs__rosidl_typesupport_cppExport.cmake
[2.777s] -- Up-to-date: /home/jezzy/yolobot/install/velodyne_msgs/share/velodyne_msgs/cmake/velodyne_msgs__rosidl_typesupport_cppExport-noconfig.cmake
[2.782s] -- Up-to-date: /home/jezzy/yolobot/install/velodyne_msgs/share/velodyne_msgs/cmake/export_velodyne_msgs__rosidl_generator_pyExport.cmake
[2.787s] -- Up-to-date: /home/jezzy/yolobot/install/velodyne_msgs/share/velodyne_msgs/cmake/export_velodyne_msgs__rosidl_generator_pyExport-noconfig.cmake
[2.788s] -- Up-to-date: /home/jezzy/yolobot/install/velodyne_msgs/share/velodyne_msgs/cmake/rosidl_cmake-extras.cmake
[2.788s] -- Up-to-date: /home/jezzy/yolobot/install/velodyne_msgs/share/velodyne_msgs/cmake/ament_cmake_export_dependencies-extras.cmake
[2.788s] -- Up-to-date: /home/jezzy/yolobot/install/velodyne_msgs/share/velodyne_msgs/cmake/ament_cmake_export_include_directories-extras.cmake
[2.789s] -- Up-to-date: /home/jezzy/yolobot/install/velodyne_msgs/share/velodyne_msgs/cmake/ament_cmake_export_libraries-extras.cmake
[2.789s] -- Up-to-date: /home/jezzy/yolobot/install/velodyne_msgs/share/velodyne_msgs/cmake/ament_cmake_export_targets-extras.cmake
[2.792s] -- Up-to-date: /home/jezzy/yolobot/install/velodyne_msgs/share/velodyne_msgs/cmake/rosidl_cmake_export_typesupport_targets-extras.cmake
[2.793s] -- Up-to-date: /home/jezzy/yolobot/install/velodyne_msgs/share/velodyne_msgs/cmake/rosidl_cmake_export_typesupport_libraries-extras.cmake
[2.793s] -- Up-to-date: /home/jezzy/yolobot/install/velodyne_msgs/share/velodyne_msgs/cmake/velodyne_msgsConfig.cmake
[2.793s] -- Up-to-date: /home/jezzy/yolobot/install/velodyne_msgs/share/velodyne_msgs/cmake/velodyne_msgsConfig-version.cmake
[2.793s] -- Up-to-date: /home/jezzy/yolobot/install/velodyne_msgs/share/velodyne_msgs/package.xml
[3.590s] Invoked command in '/home/jezzy/yolobot/build/velodyne_msgs' returned '0': CMAKE_PREFIX_PATH=${CMAKE_PREFIX_PATH}:/home/jezzy/yolobot/install/yolobot_fusion:/home/jezzy/yolobot/install/yolobot_navigation:/home/jezzy/husky_ws/lintic/install/yolosed:/home/jezzy/husky_ws/lintic/install/visual:/home/jezzy/husky_ws/lintic/install/segnet:/home/jezzy/husky_ws/turtlebot3/install/turtlebot3_teleop:/home/jezzy/husky_ws/turtlebot3/install/turtlebot3_example:/home/jezzy/husky_ws/turtlebot3/install/segtect:/home/jezzy/husky_ws/turtlebot3/install/autonomous_exploration:/opt/ros/humble /usr/bin/cmake --install /home/jezzy/yolobot/build/velodyne_msgs
