[0.051s] Invoking command in '/home/jezzy/yolobot/build/yolobot_mapping': CMAKE_PREFIX_PATH=${CMAKE_PREFIX_PATH}:/home/jezzy/yolobot/install/yolobot_fusion:/home/jezzy/yolobot/install/yolobot_navigation:/home/jezzy/husky_ws/lintic/install/yolosed:/home/jezzy/husky_ws/lintic/install/visual:/home/jezzy/husky_ws/lintic/install/segnet:/home/jezzy/husky_ws/turtlebot3/install/turtlebot3_teleop:/home/jezzy/husky_ws/turtlebot3/install/turtlebot3_example:/home/jezzy/husky_ws/turtlebot3/install/segtect:/home/jezzy/husky_ws/turtlebot3/install/autonomous_exploration:/opt/ros/humble /usr/bin/cmake --build /home/jezzy/yolobot/build/yolobot_mapping -- -j4 -l4
[0.316s] Invoked command in '/home/jezzy/yolobot/build/yolobot_mapping' returned '0': CMAKE_PREFIX_PATH=${CMAKE_PREFIX_PATH}:/home/jezzy/yolobot/install/yolobot_fusion:/home/jezzy/yolobot/install/yolobot_navigation:/home/jezzy/husky_ws/lintic/install/yolosed:/home/jezzy/husky_ws/lintic/install/visual:/home/jezzy/husky_ws/lintic/install/segnet:/home/jezzy/husky_ws/turtlebot3/install/turtlebot3_teleop:/home/jezzy/husky_ws/turtlebot3/install/turtlebot3_example:/home/jezzy/husky_ws/turtlebot3/install/segtect:/home/jezzy/husky_ws/turtlebot3/install/autonomous_exploration:/opt/ros/humble /usr/bin/cmake --build /home/jezzy/yolobot/build/yolobot_mapping -- -j4 -l4
[0.334s] Invoking command in '/home/jezzy/yolobot/build/yolobot_mapping': CMAKE_PREFIX_PATH=${CMAKE_PREFIX_PATH}:/home/jezzy/yolobot/install/yolobot_fusion:/home/jezzy/yolobot/install/yolobot_navigation:/home/jezzy/husky_ws/lintic/install/yolosed:/home/jezzy/husky_ws/lintic/install/visual:/home/jezzy/husky_ws/lintic/install/segnet:/home/jezzy/husky_ws/turtlebot3/install/turtlebot3_teleop:/home/jezzy/husky_ws/turtlebot3/install/turtlebot3_example:/home/jezzy/husky_ws/turtlebot3/install/segtect:/home/jezzy/husky_ws/turtlebot3/install/autonomous_exploration:/opt/ros/humble /usr/bin/cmake --install /home/jezzy/yolobot/build/yolobot_mapping
[0.386s] -- Install configuration: ""
[0.387s] -- Up-to-date: /home/jezzy/yolobot/install/yolobot_mapping/share/yolobot_mapping/launch
[0.387s] -- Up-to-date: /home/jezzy/yolobot/install/yolobot_mapping/share/yolobot_mapping/launch/mapping.launch.py
[0.387s] -- Up-to-date: /home/jezzy/yolobot/install/yolobot_mapping/share/ament_index/resource_index/package_run_dependencies/yolobot_mapping
[0.388s] -- Up-to-date: /home/jezzy/yolobot/install/yolobot_mapping/share/ament_index/resource_index/parent_prefix_path/yolobot_mapping
[0.389s] -- Up-to-date: /home/jezzy/yolobot/install/yolobot_mapping/share/yolobot_mapping/environment/ament_prefix_path.sh
[0.389s] -- Up-to-date: /home/jezzy/yolobot/install/yolobot_mapping/share/yolobot_mapping/environment/ament_prefix_path.dsv
[0.389s] -- Up-to-date: /home/jezzy/yolobot/install/yolobot_mapping/share/yolobot_mapping/environment/path.sh
[0.390s] -- Up-to-date: /home/jezzy/yolobot/install/yolobot_mapping/share/yolobot_mapping/environment/path.dsv
[0.390s] -- Up-to-date: /home/jezzy/yolobot/install/yolobot_mapping/share/yolobot_mapping/local_setup.bash
[0.390s] -- Up-to-date: /home/jezzy/yolobot/install/yolobot_mapping/share/yolobot_mapping/local_setup.sh
[0.407s] -- Up-to-date: /home/jezzy/yolobot/install/yolobot_mapping/share/yolobot_mapping/local_setup.zsh
[0.407s] -- Up-to-date: /home/jezzy/yolobot/install/yolobot_mapping/share/yolobot_mapping/local_setup.dsv
[0.407s] -- Up-to-date: /home/jezzy/yolobot/install/yolobot_mapping/share/yolobot_mapping/package.dsv
[0.408s] -- Up-to-date: /home/jezzy/yolobot/install/yolobot_mapping/share/ament_index/resource_index/packages/yolobot_mapping
[0.408s] -- Up-to-date: /home/jezzy/yolobot/install/yolobot_mapping/share/yolobot_mapping/cmake/yolobot_mappingConfig.cmake
[0.408s] -- Up-to-date: /home/jezzy/yolobot/install/yolobot_mapping/share/yolobot_mapping/cmake/yolobot_mappingConfig-version.cmake
[0.408s] -- Up-to-date: /home/jezzy/yolobot/install/yolobot_mapping/share/yolobot_mapping/package.xml
[0.408s] Invoked command in '/home/jezzy/yolobot/build/yolobot_mapping' returned '0': CMAKE_PREFIX_PATH=${CMAKE_PREFIX_PATH}:/home/jezzy/yolobot/install/yolobot_fusion:/home/jezzy/yolobot/install/yolobot_navigation:/home/jezzy/husky_ws/lintic/install/yolosed:/home/jezzy/husky_ws/lintic/install/visual:/home/jezzy/husky_ws/lintic/install/segnet:/home/jezzy/husky_ws/turtlebot3/install/turtlebot3_teleop:/home/jezzy/husky_ws/turtlebot3/install/turtlebot3_example:/home/jezzy/husky_ws/turtlebot3/install/segtect:/home/jezzy/husky_ws/turtlebot3/install/autonomous_exploration:/opt/ros/humble /usr/bin/cmake --install /home/jezzy/yolobot/build/yolobot_mapping
