[0.566s] Invoking command in '/home/jezzy/huskybot/build/velodyne_pointcloud': CMAKE_PREFIX_PATH=/home/jezzy/huskybot/install/velodyne_msgs:/home/jezzy/huskybot/install/husky_description:/home/jezzy/huskybot/install/huskybot_recognition:/home/jezzy/huskybot/install/yolov12_msgs:/home/jezzy/huskybot/install/velodyne:/home/jezzy/huskybot/install/velodyne_pointcloud:/home/jezzy/huskybot/install/velodyne_driver:/home/jezzy/huskybot/install/velodyne_laserscan:/home/jezzy/huskybot/install/huskybot_mapping:/home/jezzy/huskybot/install/huskybot_gazebo:/home/jezzy/huskybot/install/huskybot_description:/home/jezzy/huskybot/install/huskybot_control:/home/jezzy/huskybot/install/husky_custom_description:/home/jezzy/husky_ws/turtlebot3/install/turtlebot3:/home/jezzy/husky_ws/turtlebot3/install/turtlebot3_simulations:/home/jezzy/husky_ws/turtlebot3/install/turtlebot3_bringup:/home/jezzy/husky_ws/turtlebot3/install/turtlebot3_node:/home/jezzy/husky_ws/turtlebot3/install/turtlebot3_navigation2:/home/jezzy/husky_ws/turtlebot3/install/turtlebot3_fake_node:/home/jezzy/husky_ws/turtlebot3/install/turtlebot3_msgs:/home/jezzy/husky_ws/turtlebot3/install/turtlebot3_gazebo:/home/jezzy/husky_ws/turtlebot3/install/turtlebot3_description:/home/jezzy/husky_ws/turtlebot3/install/turtlebot3_cartographer:/home/jezzy/husky_ws/turtlebot3/install/dynamixel_sdk_examples:/home/jezzy/husky_ws/turtlebot3/install/dynamixel_sdk_custom_interfaces:/home/jezzy/husky_ws/turtlebot3/install/dynamixel_sdk:/home/jezzy/huskybot/install/huskybot_fusion:/home/jezzy/huskybot/install/huskybot_navigation:/home/jezzy/husky_ws/turtlebot3/install/turtlebot3_teleop:/home/jezzy/husky_ws/turtlebot3/install/turtlebot3_example:/home/jezzy/husky_ws/turtlebot3/install/segtect:/home/jezzy/husky_ws/turtlebot3/install/autonomous_exploration:/home/jezzy/husky_ws/lintic/install/yolosed:/home/jezzy/husky_ws/lintic/install/visual:/home/jezzy/husky_ws/lintic/install/segnet:/opt/ros/humble LD_LIBRARY_PATH=/home/jezzy/huskybot/install/velodyne_msgs/lib:/home/jezzy/huskybot/install/yolov12_msgs/lib:/home/jezzy/huskybot/install/velodyne_pointcloud/lib:/home/jezzy/huskybot/install/velodyne_driver/lib:/home/jezzy/huskybot/install/velodyne_laserscan/lib:/home/jezzy/husky_ws/turtlebot3/install/turtlebot3_msgs/lib:/home/jezzy/husky_ws/turtlebot3/install/dynamixel_sdk_custom_interfaces/lib:/home/jezzy/husky_ws/turtlebot3/install/dynamixel_sdk/lib:/usr/lib/x86_64-linux-gnu/gazebo-11/plugins:/opt/ros/humble/opt/rviz_ogre_vendor/lib:/opt/ros/humble/lib/x86_64-linux-gnu:/opt/ros/humble/lib:/usr/share/gazebo/../../lib/x86_64-linux-gnu/gazebo-11/plugins:/usr/share/gazebo/../../lib/x86_64-linux-gnu/gazebo-11/plugins:/usr/share/gazebo/../../lib/x86_64-linux-gnu/gazebo-11/plugins:/opt/ros/humble/lib:/usr/share/gazebo/../../lib/x86_64-linux-gnu/gazebo-11/plugins:/usr/share/gazebo/../../lib/x86_64-linux-gnu/gazebo-11/plugins:/usr/share/gazebo/../../lib/x86_64-linux-gnu/gazebo-11/plugins:/opt/ros/humble/lib:/opt/ros/humble/lib:/usr/share/gazebo/../../lib/x86_64-linux-gnu/gazebo-11/plugins:/usr/share/gazebo/../../lib/x86_64-linux-gnu/gazebo-11/plugins:/usr/share/gazebo/../../lib/x86_64-linux-gnu/gazebo-11/plugins:/usr/share/gazebo/../../lib/x86_64-linux-gnu/gazebo-11/plugins:/opt/ros/humble/lib:/opt/ros/humble/lib:/opt/ros/humble/lib /usr/bin/cmake --build /home/jezzy/huskybot/build/velodyne_pointcloud -- -j4 -l4
[0.800s] [35m[1mConsolidate compiler generated dependencies of target velodyne_cloud_types[0m
[0.800s] [35m[1mConsolidate compiler generated dependencies of target gtest_main[0m
[0.893s] [35m[1mConsolidate compiler generated dependencies of target velodyne_rawdata[0m
[0.894s] [35m[1mConsolidate compiler generated dependencies of target gtest[0m
[0.970s] [ 11%] Built target gtest_main
[1.137s] [ 22%] Built target gtest
[1.174s] [ 38%] Built target velodyne_cloud_types
[1.267s] [35m[1mConsolidate compiler generated dependencies of target test_row_step[0m
[1.339s] [ 55%] Built target velodyne_rawdata
[1.407s] [35m[1mConsolidate compiler generated dependencies of target test_calibration[0m
[1.432s] [ 66%] Built target test_row_step
[1.459s] [35m[1mConsolidate compiler generated dependencies of target transform[0m
[1.505s] [ 77%] Built target test_calibration
[1.537s] [ 88%] Built target transform
[1.568s] [35m[1mConsolidate compiler generated dependencies of target velodyne_transform_node[0m
[1.664s] [100%] Built target velodyne_transform_node
[1.729s] Invoked command in '/home/jezzy/huskybot/build/velodyne_pointcloud' returned '0': CMAKE_PREFIX_PATH=/home/jezzy/huskybot/install/velodyne_msgs:/home/jezzy/huskybot/install/husky_description:/home/jezzy/huskybot/install/huskybot_recognition:/home/jezzy/huskybot/install/yolov12_msgs:/home/jezzy/huskybot/install/velodyne:/home/jezzy/huskybot/install/velodyne_pointcloud:/home/jezzy/huskybot/install/velodyne_driver:/home/jezzy/huskybot/install/velodyne_laserscan:/home/jezzy/huskybot/install/huskybot_mapping:/home/jezzy/huskybot/install/huskybot_gazebo:/home/jezzy/huskybot/install/huskybot_description:/home/jezzy/huskybot/install/huskybot_control:/home/jezzy/huskybot/install/husky_custom_description:/home/jezzy/husky_ws/turtlebot3/install/turtlebot3:/home/jezzy/husky_ws/turtlebot3/install/turtlebot3_simulations:/home/jezzy/husky_ws/turtlebot3/install/turtlebot3_bringup:/home/jezzy/husky_ws/turtlebot3/install/turtlebot3_node:/home/jezzy/husky_ws/turtlebot3/install/turtlebot3_navigation2:/home/jezzy/husky_ws/turtlebot3/install/turtlebot3_fake_node:/home/jezzy/husky_ws/turtlebot3/install/turtlebot3_msgs:/home/jezzy/husky_ws/turtlebot3/install/turtlebot3_gazebo:/home/jezzy/husky_ws/turtlebot3/install/turtlebot3_description:/home/jezzy/husky_ws/turtlebot3/install/turtlebot3_cartographer:/home/jezzy/husky_ws/turtlebot3/install/dynamixel_sdk_examples:/home/jezzy/husky_ws/turtlebot3/install/dynamixel_sdk_custom_interfaces:/home/jezzy/husky_ws/turtlebot3/install/dynamixel_sdk:/home/jezzy/huskybot/install/huskybot_fusion:/home/jezzy/huskybot/install/huskybot_navigation:/home/jezzy/husky_ws/turtlebot3/install/turtlebot3_teleop:/home/jezzy/husky_ws/turtlebot3/install/turtlebot3_example:/home/jezzy/husky_ws/turtlebot3/install/segtect:/home/jezzy/husky_ws/turtlebot3/install/autonomous_exploration:/home/jezzy/husky_ws/lintic/install/yolosed:/home/jezzy/husky_ws/lintic/install/visual:/home/jezzy/husky_ws/lintic/install/segnet:/opt/ros/humble LD_LIBRARY_PATH=/home/jezzy/huskybot/install/velodyne_msgs/lib:/home/jezzy/huskybot/install/yolov12_msgs/lib:/home/jezzy/huskybot/install/velodyne_pointcloud/lib:/home/jezzy/huskybot/install/velodyne_driver/lib:/home/jezzy/huskybot/install/velodyne_laserscan/lib:/home/jezzy/husky_ws/turtlebot3/install/turtlebot3_msgs/lib:/home/jezzy/husky_ws/turtlebot3/install/dynamixel_sdk_custom_interfaces/lib:/home/jezzy/husky_ws/turtlebot3/install/dynamixel_sdk/lib:/usr/lib/x86_64-linux-gnu/gazebo-11/plugins:/opt/ros/humble/opt/rviz_ogre_vendor/lib:/opt/ros/humble/lib/x86_64-linux-gnu:/opt/ros/humble/lib:/usr/share/gazebo/../../lib/x86_64-linux-gnu/gazebo-11/plugins:/usr/share/gazebo/../../lib/x86_64-linux-gnu/gazebo-11/plugins:/usr/share/gazebo/../../lib/x86_64-linux-gnu/gazebo-11/plugins:/opt/ros/humble/lib:/usr/share/gazebo/../../lib/x86_64-linux-gnu/gazebo-11/plugins:/usr/share/gazebo/../../lib/x86_64-linux-gnu/gazebo-11/plugins:/usr/share/gazebo/../../lib/x86_64-linux-gnu/gazebo-11/plugins:/opt/ros/humble/lib:/opt/ros/humble/lib:/usr/share/gazebo/../../lib/x86_64-linux-gnu/gazebo-11/plugins:/usr/share/gazebo/../../lib/x86_64-linux-gnu/gazebo-11/plugins:/usr/share/gazebo/../../lib/x86_64-linux-gnu/gazebo-11/plugins:/usr/share/gazebo/../../lib/x86_64-linux-gnu/gazebo-11/plugins:/opt/ros/humble/lib:/opt/ros/humble/lib:/opt/ros/humble/lib /usr/bin/cmake --build /home/jezzy/huskybot/build/velodyne_pointcloud -- -j4 -l4
[1.730s] Invoking command in '/home/jezzy/huskybot/build/velodyne_pointcloud': CMAKE_PREFIX_PATH=/home/jezzy/huskybot/install/velodyne_msgs:/home/jezzy/huskybot/install/husky_description:/home/jezzy/huskybot/install/huskybot_recognition:/home/jezzy/huskybot/install/yolov12_msgs:/home/jezzy/huskybot/install/velodyne:/home/jezzy/huskybot/install/velodyne_pointcloud:/home/jezzy/huskybot/install/velodyne_driver:/home/jezzy/huskybot/install/velodyne_laserscan:/home/jezzy/huskybot/install/huskybot_mapping:/home/jezzy/huskybot/install/huskybot_gazebo:/home/jezzy/huskybot/install/huskybot_description:/home/jezzy/huskybot/install/huskybot_control:/home/jezzy/huskybot/install/husky_custom_description:/home/jezzy/husky_ws/turtlebot3/install/turtlebot3:/home/jezzy/husky_ws/turtlebot3/install/turtlebot3_simulations:/home/jezzy/husky_ws/turtlebot3/install/turtlebot3_bringup:/home/jezzy/husky_ws/turtlebot3/install/turtlebot3_node:/home/jezzy/husky_ws/turtlebot3/install/turtlebot3_navigation2:/home/jezzy/husky_ws/turtlebot3/install/turtlebot3_fake_node:/home/jezzy/husky_ws/turtlebot3/install/turtlebot3_msgs:/home/jezzy/husky_ws/turtlebot3/install/turtlebot3_gazebo:/home/jezzy/husky_ws/turtlebot3/install/turtlebot3_description:/home/jezzy/husky_ws/turtlebot3/install/turtlebot3_cartographer:/home/jezzy/husky_ws/turtlebot3/install/dynamixel_sdk_examples:/home/jezzy/husky_ws/turtlebot3/install/dynamixel_sdk_custom_interfaces:/home/jezzy/husky_ws/turtlebot3/install/dynamixel_sdk:/home/jezzy/huskybot/install/huskybot_fusion:/home/jezzy/huskybot/install/huskybot_navigation:/home/jezzy/husky_ws/turtlebot3/install/turtlebot3_teleop:/home/jezzy/husky_ws/turtlebot3/install/turtlebot3_example:/home/jezzy/husky_ws/turtlebot3/install/segtect:/home/jezzy/husky_ws/turtlebot3/install/autonomous_exploration:/home/jezzy/husky_ws/lintic/install/yolosed:/home/jezzy/husky_ws/lintic/install/visual:/home/jezzy/husky_ws/lintic/install/segnet:/opt/ros/humble LD_LIBRARY_PATH=/home/jezzy/huskybot/install/velodyne_msgs/lib:/home/jezzy/huskybot/install/yolov12_msgs/lib:/home/jezzy/huskybot/install/velodyne_pointcloud/lib:/home/jezzy/huskybot/install/velodyne_driver/lib:/home/jezzy/huskybot/install/velodyne_laserscan/lib:/home/jezzy/husky_ws/turtlebot3/install/turtlebot3_msgs/lib:/home/jezzy/husky_ws/turtlebot3/install/dynamixel_sdk_custom_interfaces/lib:/home/jezzy/husky_ws/turtlebot3/install/dynamixel_sdk/lib:/usr/lib/x86_64-linux-gnu/gazebo-11/plugins:/opt/ros/humble/opt/rviz_ogre_vendor/lib:/opt/ros/humble/lib/x86_64-linux-gnu:/opt/ros/humble/lib:/usr/share/gazebo/../../lib/x86_64-linux-gnu/gazebo-11/plugins:/usr/share/gazebo/../../lib/x86_64-linux-gnu/gazebo-11/plugins:/usr/share/gazebo/../../lib/x86_64-linux-gnu/gazebo-11/plugins:/opt/ros/humble/lib:/usr/share/gazebo/../../lib/x86_64-linux-gnu/gazebo-11/plugins:/usr/share/gazebo/../../lib/x86_64-linux-gnu/gazebo-11/plugins:/usr/share/gazebo/../../lib/x86_64-linux-gnu/gazebo-11/plugins:/opt/ros/humble/lib:/opt/ros/humble/lib:/usr/share/gazebo/../../lib/x86_64-linux-gnu/gazebo-11/plugins:/usr/share/gazebo/../../lib/x86_64-linux-gnu/gazebo-11/plugins:/usr/share/gazebo/../../lib/x86_64-linux-gnu/gazebo-11/plugins:/usr/share/gazebo/../../lib/x86_64-linux-gnu/gazebo-11/plugins:/opt/ros/humble/lib:/opt/ros/humble/lib:/opt/ros/humble/lib /usr/bin/cmake --install /home/jezzy/huskybot/build/velodyne_pointcloud
[1.762s] -- Install configuration: ""
[1.762s] -- Up-to-date: /home/jezzy/huskybot/install/velodyne_pointcloud/lib/libvelodyne_cloud_types.so
[1.763s] -- Up-to-date: /home/jezzy/huskybot/install/velodyne_pointcloud/lib/libvelodyne_rawdata.so
[1.765s] -- Up-to-date: /home/jezzy/huskybot/install/velodyne_pointcloud/lib/libtransform.so
[1.768s] -- Up-to-date: /home/jezzy/huskybot/install/velodyne_pointcloud/lib/velodyne_pointcloud/velodyne_transform_node
[1.769s] -- Up-to-date: /home/jezzy/huskybot/install/velodyne_pointcloud/include/velodyne_pointcloud
[1.769s] -- Up-to-date: /home/jezzy/huskybot/install/velodyne_pointcloud/include/velodyne_pointcloud/datacontainerbase.hpp
[1.769s] -- Up-to-date: /home/jezzy/huskybot/install/velodyne_pointcloud/include/velodyne_pointcloud/rawdata.hpp
[1.770s] -- Up-to-date: /home/jezzy/huskybot/install/velodyne_pointcloud/include/velodyne_pointcloud/calibration.hpp
[1.770s] -- Up-to-date: /home/jezzy/huskybot/install/velodyne_pointcloud/include/velodyne_pointcloud/organized_cloudXYZIRT.hpp
[1.771s] -- Up-to-date: /home/jezzy/huskybot/install/velodyne_pointcloud/include/velodyne_pointcloud/transform.hpp
[1.771s] -- Up-to-date: /home/jezzy/huskybot/install/velodyne_pointcloud/include/velodyne_pointcloud/pointcloudXYZIRT.hpp
[1.771s] -- Up-to-date: /home/jezzy/huskybot/install/velodyne_pointcloud/share/velodyne_pointcloud/config
[1.772s] -- Up-to-date: /home/jezzy/huskybot/install/velodyne_pointcloud/share/velodyne_pointcloud/config/VLS128-velodyne_transform_node-params.yaml
[1.772s] -- Up-to-date: /home/jezzy/huskybot/install/velodyne_pointcloud/share/velodyne_pointcloud/config/VLP32C-velodyne_transform_node-params.yaml
[1.772s] -- Up-to-date: /home/jezzy/huskybot/install/velodyne_pointcloud/share/velodyne_pointcloud/config/VLP16-velodyne_transform_node-params.yaml
[1.772s] -- Up-to-date: /home/jezzy/huskybot/install/velodyne_pointcloud/share/velodyne_pointcloud/launch
[1.773s] -- Up-to-date: /home/jezzy/huskybot/install/velodyne_pointcloud/share/velodyne_pointcloud/launch/velodyne_transform_node-VLP32C-launch.py
[1.773s] -- Up-to-date: /home/jezzy/huskybot/install/velodyne_pointcloud/share/velodyne_pointcloud/launch/velodyne_transform_node-VLP16-composed-launch.py
[1.774s] -- Up-to-date: /home/jezzy/huskybot/install/velodyne_pointcloud/share/velodyne_pointcloud/launch/velodyne_transform_node-VLP32C-composed-launch.py
[1.774s] -- Up-to-date: /home/jezzy/huskybot/install/velodyne_pointcloud/share/velodyne_pointcloud/launch/velodyne_transform_node-VLS128-composed-launch.py
[1.774s] -- Up-to-date: /home/jezzy/huskybot/install/velodyne_pointcloud/share/velodyne_pointcloud/launch/velodyne_transform_node-VLS128-launch.py
[1.774s] -- Up-to-date: /home/jezzy/huskybot/install/velodyne_pointcloud/share/velodyne_pointcloud/launch/velodyne_transform_node-VLP16-launch.py
[1.776s] -- Up-to-date: /home/jezzy/huskybot/install/velodyne_pointcloud/share/velodyne_pointcloud/params
[1.777s] -- Up-to-date: /home/jezzy/huskybot/install/velodyne_pointcloud/share/velodyne_pointcloud/params/64e_s2.1-sztaki.yaml
[1.777s] -- Up-to-date: /home/jezzy/huskybot/install/velodyne_pointcloud/share/velodyne_pointcloud/params/64e_s3-xiesc.yaml
[1.777s] -- Up-to-date: /home/jezzy/huskybot/install/velodyne_pointcloud/share/velodyne_pointcloud/params/VLP16db.yaml
[1.777s] -- Up-to-date: /home/jezzy/huskybot/install/velodyne_pointcloud/share/velodyne_pointcloud/params/VLS128.yaml
[1.777s] -- Up-to-date: /home/jezzy/huskybot/install/velodyne_pointcloud/share/velodyne_pointcloud/params/64e_utexas.yaml
[1.778s] -- Up-to-date: /home/jezzy/huskybot/install/velodyne_pointcloud/share/velodyne_pointcloud/params/VeloView-VLP-32C.yaml
[1.778s] -- Up-to-date: /home/jezzy/huskybot/install/velodyne_pointcloud/share/velodyne_pointcloud/params/VLP16_hires_db.yaml
[1.778s] -- Up-to-date: /home/jezzy/huskybot/install/velodyne_pointcloud/share/velodyne_pointcloud/params/rviz_points.vcg
[1.778s] -- Up-to-date: /home/jezzy/huskybot/install/velodyne_pointcloud/share/velodyne_pointcloud/params/issue_84_float_intensities.yaml
[1.778s] -- Up-to-date: /home/jezzy/huskybot/install/velodyne_pointcloud/share/velodyne_pointcloud/params/32db.yaml
[1.779s] -- Up-to-date: /home/jezzy/huskybot/install/velodyne_pointcloud/share/velodyne_pointcloud/environment/library_path.sh
[1.779s] -- Up-to-date: /home/jezzy/huskybot/install/velodyne_pointcloud/share/velodyne_pointcloud/environment/library_path.dsv
[1.807s] -- Up-to-date: /home/jezzy/huskybot/install/velodyne_pointcloud/share/ament_index/resource_index/package_run_dependencies/velodyne_pointcloud
[1.808s] -- Up-to-date: /home/jezzy/huskybot/install/velodyne_pointcloud/share/ament_index/resource_index/parent_prefix_path/velodyne_pointcloud
[1.809s] -- Up-to-date: /home/jezzy/huskybot/install/velodyne_pointcloud/share/velodyne_pointcloud/environment/ament_prefix_path.sh
[1.809s] -- Up-to-date: /home/jezzy/huskybot/install/velodyne_pointcloud/share/velodyne_pointcloud/environment/ament_prefix_path.dsv
[1.810s] -- Up-to-date: /home/jezzy/huskybot/install/velodyne_pointcloud/share/velodyne_pointcloud/environment/path.sh
[1.810s] -- Up-to-date: /home/jezzy/huskybot/install/velodyne_pointcloud/share/velodyne_pointcloud/environment/path.dsv
[1.810s] -- Up-to-date: /home/jezzy/huskybot/install/velodyne_pointcloud/share/velodyne_pointcloud/local_setup.bash
[1.810s] -- Up-to-date: /home/jezzy/huskybot/install/velodyne_pointcloud/share/velodyne_pointcloud/local_setup.sh
[1.811s] -- Up-to-date: /home/jezzy/huskybot/install/velodyne_pointcloud/share/velodyne_pointcloud/local_setup.zsh
[1.811s] -- Up-to-date: /home/jezzy/huskybot/install/velodyne_pointcloud/share/velodyne_pointcloud/local_setup.dsv
[1.811s] -- Installing: /home/jezzy/huskybot/install/velodyne_pointcloud/share/velodyne_pointcloud/package.dsv
[1.811s] -- Up-to-date: /home/jezzy/huskybot/install/velodyne_pointcloud/share/ament_index/resource_index/packages/velodyne_pointcloud
[1.811s] -- Up-to-date: /home/jezzy/huskybot/install/velodyne_pointcloud/share/ament_index/resource_index/rclcpp_components/velodyne_pointcloud
[1.811s] -- Up-to-date: /home/jezzy/huskybot/install/velodyne_pointcloud/share/velodyne_pointcloud/cmake/velodyne_pointcloudExport.cmake
[1.812s] -- Up-to-date: /home/jezzy/huskybot/install/velodyne_pointcloud/share/velodyne_pointcloud/cmake/velodyne_pointcloudExport-noconfig.cmake
[1.812s] -- Up-to-date: /home/jezzy/huskybot/install/velodyne_pointcloud/share/velodyne_pointcloud/cmake/ament_cmake_export_include_directories-extras.cmake
[1.812s] -- Up-to-date: /home/jezzy/huskybot/install/velodyne_pointcloud/share/velodyne_pointcloud/cmake/ament_cmake_export_dependencies-extras.cmake
[1.812s] -- Up-to-date: /home/jezzy/huskybot/install/velodyne_pointcloud/share/velodyne_pointcloud/cmake/ament_cmake_export_libraries-extras.cmake
[1.812s] -- Up-to-date: /home/jezzy/huskybot/install/velodyne_pointcloud/share/velodyne_pointcloud/cmake/ament_cmake_export_targets-extras.cmake
[1.813s] -- Up-to-date: /home/jezzy/huskybot/install/velodyne_pointcloud/share/velodyne_pointcloud/cmake/velodyne_pointcloudConfig.cmake
[1.813s] -- Up-to-date: /home/jezzy/huskybot/install/velodyne_pointcloud/share/velodyne_pointcloud/cmake/velodyne_pointcloudConfig-version.cmake
[1.813s] -- Up-to-date: /home/jezzy/huskybot/install/velodyne_pointcloud/share/velodyne_pointcloud/package.xml
[1.814s] Invoked command in '/home/jezzy/huskybot/build/velodyne_pointcloud' returned '0': CMAKE_PREFIX_PATH=/home/jezzy/huskybot/install/velodyne_msgs:/home/jezzy/huskybot/install/husky_description:/home/jezzy/huskybot/install/huskybot_recognition:/home/jezzy/huskybot/install/yolov12_msgs:/home/jezzy/huskybot/install/velodyne:/home/jezzy/huskybot/install/velodyne_pointcloud:/home/jezzy/huskybot/install/velodyne_driver:/home/jezzy/huskybot/install/velodyne_laserscan:/home/jezzy/huskybot/install/huskybot_mapping:/home/jezzy/huskybot/install/huskybot_gazebo:/home/jezzy/huskybot/install/huskybot_description:/home/jezzy/huskybot/install/huskybot_control:/home/jezzy/huskybot/install/husky_custom_description:/home/jezzy/husky_ws/turtlebot3/install/turtlebot3:/home/jezzy/husky_ws/turtlebot3/install/turtlebot3_simulations:/home/jezzy/husky_ws/turtlebot3/install/turtlebot3_bringup:/home/jezzy/husky_ws/turtlebot3/install/turtlebot3_node:/home/jezzy/husky_ws/turtlebot3/install/turtlebot3_navigation2:/home/jezzy/husky_ws/turtlebot3/install/turtlebot3_fake_node:/home/jezzy/husky_ws/turtlebot3/install/turtlebot3_msgs:/home/jezzy/husky_ws/turtlebot3/install/turtlebot3_gazebo:/home/jezzy/husky_ws/turtlebot3/install/turtlebot3_description:/home/jezzy/husky_ws/turtlebot3/install/turtlebot3_cartographer:/home/jezzy/husky_ws/turtlebot3/install/dynamixel_sdk_examples:/home/jezzy/husky_ws/turtlebot3/install/dynamixel_sdk_custom_interfaces:/home/jezzy/husky_ws/turtlebot3/install/dynamixel_sdk:/home/jezzy/huskybot/install/huskybot_fusion:/home/jezzy/huskybot/install/huskybot_navigation:/home/jezzy/husky_ws/turtlebot3/install/turtlebot3_teleop:/home/jezzy/husky_ws/turtlebot3/install/turtlebot3_example:/home/jezzy/husky_ws/turtlebot3/install/segtect:/home/jezzy/husky_ws/turtlebot3/install/autonomous_exploration:/home/jezzy/husky_ws/lintic/install/yolosed:/home/jezzy/husky_ws/lintic/install/visual:/home/jezzy/husky_ws/lintic/install/segnet:/opt/ros/humble LD_LIBRARY_PATH=/home/jezzy/huskybot/install/velodyne_msgs/lib:/home/jezzy/huskybot/install/yolov12_msgs/lib:/home/jezzy/huskybot/install/velodyne_pointcloud/lib:/home/jezzy/huskybot/install/velodyne_driver/lib:/home/jezzy/huskybot/install/velodyne_laserscan/lib:/home/jezzy/husky_ws/turtlebot3/install/turtlebot3_msgs/lib:/home/jezzy/husky_ws/turtlebot3/install/dynamixel_sdk_custom_interfaces/lib:/home/jezzy/husky_ws/turtlebot3/install/dynamixel_sdk/lib:/usr/lib/x86_64-linux-gnu/gazebo-11/plugins:/opt/ros/humble/opt/rviz_ogre_vendor/lib:/opt/ros/humble/lib/x86_64-linux-gnu:/opt/ros/humble/lib:/usr/share/gazebo/../../lib/x86_64-linux-gnu/gazebo-11/plugins:/usr/share/gazebo/../../lib/x86_64-linux-gnu/gazebo-11/plugins:/usr/share/gazebo/../../lib/x86_64-linux-gnu/gazebo-11/plugins:/opt/ros/humble/lib:/usr/share/gazebo/../../lib/x86_64-linux-gnu/gazebo-11/plugins:/usr/share/gazebo/../../lib/x86_64-linux-gnu/gazebo-11/plugins:/usr/share/gazebo/../../lib/x86_64-linux-gnu/gazebo-11/plugins:/opt/ros/humble/lib:/opt/ros/humble/lib:/usr/share/gazebo/../../lib/x86_64-linux-gnu/gazebo-11/plugins:/usr/share/gazebo/../../lib/x86_64-linux-gnu/gazebo-11/plugins:/usr/share/gazebo/../../lib/x86_64-linux-gnu/gazebo-11/plugins:/usr/share/gazebo/../../lib/x86_64-linux-gnu/gazebo-11/plugins:/opt/ros/humble/lib:/opt/ros/humble/lib:/opt/ros/humble/lib /usr/bin/cmake --install /home/jezzy/huskybot/build/velodyne_pointcloud
