[3.911s] Invoking command in '/home/jezzy/huskybot/src/huskybot_fusion': AMENT_PREFIX_PATH=/home/jezzy/huskybot/install/yolov12_msgs:${AMENT_PREFIX_PATH} CMAKE_PREFIX_PATH=/home/jezzy/huskybot/install/yolov12_msgs:${CMAKE_PREFIX_PATH} LD_LIBRARY_PATH=/home/jezzy/huskybot/install/yolov12_msgs/lib:${LD_LIBRARY_PATH} PYTHONPATH=/home/jezzy/huskybot/build/huskybot_fusion/prefix_override:/usr/lib/python3/dist-packages/colcon_core/task/python/colcon_distutils_commands:/home/jezzy/huskybot/install/huskybot_fusion/lib/python3.10/site-packages:/home/jezzy/huskybot/install/yolov12_msgs/local/lib/python3.10/dist-packages:${PYTHONPATH} /usr/bin/python3 -W ignore:setup.py install is deprecated -W ignore:easy_install command is deprecated setup.py egg_info --egg-base ../../build/huskybot_fusion build --build-base /home/jezzy/huskybot/build/huskybot_fusion/build install --record /home/jezzy/huskybot/build/huskybot_fusion/install.log --single-version-externally-managed install_data
[5.019s] running egg_info
[5.021s] creating ../../build/huskybot_fusion/huskybot_fusion.egg-info
[5.025s] writing ../../build/huskybot_fusion/huskybot_fusion.egg-info/PKG-INFO
[5.026s] writing dependency_links to ../../build/huskybot_fusion/huskybot_fusion.egg-info/dependency_links.txt
[5.027s] writing entry points to ../../build/huskybot_fusion/huskybot_fusion.egg-info/entry_points.txt
[5.028s] writing requirements to ../../build/huskybot_fusion/huskybot_fusion.egg-info/requires.txt
[5.028s] writing top-level names to ../../build/huskybot_fusion/huskybot_fusion.egg-info/top_level.txt
[5.029s] writing manifest file '../../build/huskybot_fusion/huskybot_fusion.egg-info/SOURCES.txt'
[5.041s] reading manifest file '../../build/huskybot_fusion/huskybot_fusion.egg-info/SOURCES.txt'
[5.045s] writing manifest file '../../build/huskybot_fusion/huskybot_fusion.egg-info/SOURCES.txt'
[5.045s] running build
[5.046s] running build_py
[5.047s] creating /home/jezzy/huskybot/build/huskybot_fusion/build
[5.047s] creating /home/jezzy/huskybot/build/huskybot_fusion/build/lib
[5.047s] creating /home/jezzy/huskybot/build/huskybot_fusion/build/lib/huskybot_fusion
[5.051s] copying huskybot_fusion/fusion_utils.py -> /home/jezzy/huskybot/build/huskybot_fusion/build/lib/huskybot_fusion
[5.051s] copying huskybot_fusion/fusion_node.py -> /home/jezzy/huskybot/build/huskybot_fusion/build/lib/huskybot_fusion
[5.051s] copying huskybot_fusion/__init__.py -> /home/jezzy/huskybot/build/huskybot_fusion/build/lib/huskybot_fusion
[5.051s] running install
[5.051s] running install_lib
[5.056s] creating /home/jezzy/huskybot/install/huskybot_fusion/lib/python3.10/site-packages/huskybot_fusion
[5.056s] copying /home/jezzy/huskybot/build/huskybot_fusion/build/lib/huskybot_fusion/fusion_utils.py -> /home/jezzy/huskybot/install/huskybot_fusion/lib/python3.10/site-packages/huskybot_fusion
[5.057s] copying /home/jezzy/huskybot/build/huskybot_fusion/build/lib/huskybot_fusion/fusion_node.py -> /home/jezzy/huskybot/install/huskybot_fusion/lib/python3.10/site-packages/huskybot_fusion
[5.059s] copying /home/jezzy/huskybot/build/huskybot_fusion/build/lib/huskybot_fusion/__init__.py -> /home/jezzy/huskybot/install/huskybot_fusion/lib/python3.10/site-packages/huskybot_fusion
[5.062s] byte-compiling /home/jezzy/huskybot/install/huskybot_fusion/lib/python3.10/site-packages/huskybot_fusion/fusion_utils.py to fusion_utils.cpython-310.pyc
[5.063s] byte-compiling /home/jezzy/huskybot/install/huskybot_fusion/lib/python3.10/site-packages/huskybot_fusion/fusion_node.py to fusion_node.cpython-310.pyc
[5.065s] byte-compiling /home/jezzy/huskybot/install/huskybot_fusion/lib/python3.10/site-packages/huskybot_fusion/__init__.py to __init__.cpython-310.pyc
[5.066s] running install_data
[5.066s] creating /home/jezzy/huskybot/install/huskybot_fusion/share/ament_index
[5.066s] creating /home/jezzy/huskybot/install/huskybot_fusion/share/ament_index/resource_index
[5.066s] creating /home/jezzy/huskybot/install/huskybot_fusion/share/ament_index/resource_index/packages
[5.067s] copying resource/huskybot_fusion -> /home/jezzy/huskybot/install/huskybot_fusion/share/ament_index/resource_index/packages
[5.075s] copying package.xml -> /home/jezzy/huskybot/install/huskybot_fusion/share/huskybot_fusion
[5.076s] creating /home/jezzy/huskybot/install/huskybot_fusion/share/huskybot_fusion/msg
[5.076s] copying msg/Object3D.msg -> /home/jezzy/huskybot/install/huskybot_fusion/share/huskybot_fusion/msg
[5.077s] creating /home/jezzy/huskybot/install/huskybot_fusion/share/huskybot_fusion/launch
[5.077s] copying launch/fusion.launch.py -> /home/jezzy/huskybot/install/huskybot_fusion/share/huskybot_fusion/launch
[5.077s] running install_egg_info
[5.077s] Copying ../../build/huskybot_fusion/huskybot_fusion.egg-info to /home/jezzy/huskybot/install/huskybot_fusion/lib/python3.10/site-packages/huskybot_fusion-0.0.0-py3.10.egg-info
[5.081s] running install_scripts
[5.160s] Installing fusion_node.py script to /home/jezzy/huskybot/install/huskybot_fusion/lib/huskybot_fusion
[5.162s] writing list of installed files to '/home/jezzy/huskybot/build/huskybot_fusion/install.log'
[5.248s] Invoked command in '/home/jezzy/huskybot/src/huskybot_fusion' returned '0': AMENT_PREFIX_PATH=/home/jezzy/huskybot/install/yolov12_msgs:${AMENT_PREFIX_PATH} CMAKE_PREFIX_PATH=/home/jezzy/huskybot/install/yolov12_msgs:${CMAKE_PREFIX_PATH} LD_LIBRARY_PATH=/home/jezzy/huskybot/install/yolov12_msgs/lib:${LD_LIBRARY_PATH} PYTHONPATH=/home/jezzy/huskybot/build/huskybot_fusion/prefix_override:/usr/lib/python3/dist-packages/colcon_core/task/python/colcon_distutils_commands:/home/jezzy/huskybot/install/huskybot_fusion/lib/python3.10/site-packages:/home/jezzy/huskybot/install/yolov12_msgs/local/lib/python3.10/dist-packages:${PYTHONPATH} /usr/bin/python3 -W ignore:setup.py install is deprecated -W ignore:easy_install command is deprecated setup.py egg_info --egg-base ../../build/huskybot_fusion build --build-base /home/jezzy/huskybot/build/huskybot_fusion/build install --record /home/jezzy/huskybot/build/huskybot_fusion/install.log --single-version-externally-managed install_data
