[0.062s] Invoking command in '/home/jezzy/yolobot/build/husky_custom_description': CMAKE_PREFIX_PATH=${CMAKE_PREFIX_PATH}:/home/jezzy/husky_ws/lintic/install/yolosed:/home/jezzy/husky_ws/lintic/install/visual:/home/jezzy/husky_ws/lintic/install/segnet:/home/jezzy/husky_ws/turtlebot3/install/turtlebot3_teleop:/home/jezzy/husky_ws/turtlebot3/install/turtlebot3_example:/home/jezzy/husky_ws/turtlebot3/install/segtect:/home/jezzy/husky_ws/turtlebot3/install/autonomous_exploration:/opt/ros/humble /usr/bin/cmake --build /home/jezzy/yolobot/build/husky_custom_description -- -j4 -l4
[0.157s] Invoked command in '/home/jezzy/yolobot/build/husky_custom_description' returned '0': CMAKE_PREFIX_PATH=${CMAKE_PREFIX_PATH}:/home/jezzy/husky_ws/lintic/install/yolosed:/home/jezzy/husky_ws/lintic/install/visual:/home/jezzy/husky_ws/lintic/install/segnet:/home/jezzy/husky_ws/turtlebot3/install/turtlebot3_teleop:/home/jezzy/husky_ws/turtlebot3/install/turtlebot3_example:/home/jezzy/husky_ws/turtlebot3/install/segtect:/home/jezzy/husky_ws/turtlebot3/install/autonomous_exploration:/opt/ros/humble /usr/bin/cmake --build /home/jezzy/yolobot/build/husky_custom_description -- -j4 -l4
[0.183s] Invoking command in '/home/jezzy/yolobot/build/husky_custom_description': CMAKE_PREFIX_PATH=${CMAKE_PREFIX_PATH}:/home/jezzy/husky_ws/lintic/install/yolosed:/home/jezzy/husky_ws/lintic/install/visual:/home/jezzy/husky_ws/lintic/install/segnet:/home/jezzy/husky_ws/turtlebot3/install/turtlebot3_teleop:/home/jezzy/husky_ws/turtlebot3/install/turtlebot3_example:/home/jezzy/husky_ws/turtlebot3/install/segtect:/home/jezzy/husky_ws/turtlebot3/install/autonomous_exploration:/opt/ros/humble /usr/bin/cmake --install /home/jezzy/yolobot/build/husky_custom_description
[0.210s] -- Install configuration: ""
[0.211s] -- Up-to-date: /home/jezzy/yolobot/install/husky_custom_description/share/husky_custom_description//urdf
[0.211s] -- Installing: /home/jezzy/yolobot/install/husky_custom_description/share/husky_custom_description//urdf/custom_description.urdf.xacro
[0.212s] -- Up-to-date: /home/jezzy/yolobot/install/husky_custom_description/share/ament_index/resource_index/package_run_dependencies/husky_custom_description
[0.213s] -- Up-to-date: /home/jezzy/yolobot/install/husky_custom_description/share/ament_index/resource_index/parent_prefix_path/husky_custom_description
[0.213s] -- Up-to-date: /home/jezzy/yolobot/install/husky_custom_description/share/husky_custom_description/environment/ament_prefix_path.sh
[0.214s] -- Up-to-date: /home/jezzy/yolobot/install/husky_custom_description/share/husky_custom_description/environment/ament_prefix_path.dsv
[0.215s] -- Up-to-date: /home/jezzy/yolobot/install/husky_custom_description/share/husky_custom_description/environment/path.sh
[0.215s] -- Up-to-date: /home/jezzy/yolobot/install/husky_custom_description/share/husky_custom_description/environment/path.dsv
[0.216s] -- Up-to-date: /home/jezzy/yolobot/install/husky_custom_description/share/husky_custom_description/local_setup.bash
[0.216s] -- Up-to-date: /home/jezzy/yolobot/install/husky_custom_description/share/husky_custom_description/local_setup.sh
[0.217s] -- Up-to-date: /home/jezzy/yolobot/install/husky_custom_description/share/husky_custom_description/local_setup.zsh
[0.217s] -- Up-to-date: /home/jezzy/yolobot/install/husky_custom_description/share/husky_custom_description/local_setup.dsv
[0.218s] -- Installing: /home/jezzy/yolobot/install/husky_custom_description/share/husky_custom_description/package.dsv
[0.218s] -- Up-to-date: /home/jezzy/yolobot/install/husky_custom_description/share/ament_index/resource_index/packages/husky_custom_description
[0.219s] -- Up-to-date: /home/jezzy/yolobot/install/husky_custom_description/share/husky_custom_description/cmake/husky_custom_descriptionConfig.cmake
[0.219s] -- Up-to-date: /home/jezzy/yolobot/install/husky_custom_description/share/husky_custom_description/cmake/husky_custom_descriptionConfig-version.cmake
[0.220s] -- Up-to-date: /home/jezzy/yolobot/install/husky_custom_description/share/husky_custom_description/package.xml
[0.245s] Invoked command in '/home/jezzy/yolobot/build/husky_custom_description' returned '0': CMAKE_PREFIX_PATH=${CMAKE_PREFIX_PATH}:/home/jezzy/husky_ws/lintic/install/yolosed:/home/jezzy/husky_ws/lintic/install/visual:/home/jezzy/husky_ws/lintic/install/segnet:/home/jezzy/husky_ws/turtlebot3/install/turtlebot3_teleop:/home/jezzy/husky_ws/turtlebot3/install/turtlebot3_example:/home/jezzy/husky_ws/turtlebot3/install/segtect:/home/jezzy/husky_ws/turtlebot3/install/autonomous_exploration:/opt/ros/humble /usr/bin/cmake --install /home/jezzy/yolobot/build/husky_custom_description
