-- Install configuration: ""
-- Up-to-date: /home/jezzy/huskybot/install/huskybot_control/share/huskybot_control//scripts
-- Up-to-date: /home/jezzy/huskybot/install/huskybot_control/share/huskybot_control//scripts/robot_control.py
-- Up-to-date: /home/jezzy/huskybot/install/huskybot_control/share/huskybot_control//launch
-- Up-to-date: /home/jezzy/huskybot/install/huskybot_control/share/huskybot_control//launch/huskybot_control.launch.py
-- Up-to-date: /home/jezzy/huskybot/install/huskybot_control/lib/huskybot_control/robot_control.py
-- Up-to-date: /home/jezzy/huskybot/install/huskybot_control/lib/huskybot_control/huskybot_control.launch.py
-- Up-to-date: /home/jezzy/huskybot/install/huskybot_control/share/ament_index/resource_index/package_run_dependencies/huskybot_control
-- Up-to-date: /home/jezzy/huskybot/install/huskybot_control/share/ament_index/resource_index/parent_prefix_path/huskybot_control
-- Up-to-date: /home/jezzy/huskybot/install/huskybot_control/share/huskybot_control/environment/ament_prefix_path.sh
-- Up-to-date: /home/jezzy/huskybot/install/huskybot_control/share/huskybot_control/environment/ament_prefix_path.dsv
-- Up-to-date: /home/jezzy/huskybot/install/huskybot_control/share/huskybot_control/environment/path.sh
-- Up-to-date: /home/jezzy/huskybot/install/huskybot_control/share/huskybot_control/environment/path.dsv
-- Up-to-date: /home/jezzy/huskybot/install/huskybot_control/share/huskybot_control/local_setup.bash
-- Up-to-date: /home/jezzy/huskybot/install/huskybot_control/share/huskybot_control/local_setup.sh
-- Up-to-date: /home/jezzy/huskybot/install/huskybot_control/share/huskybot_control/local_setup.zsh
-- Up-to-date: /home/jezzy/huskybot/install/huskybot_control/share/huskybot_control/local_setup.dsv
-- Up-to-date: /home/jezzy/huskybot/install/huskybot_control/share/huskybot_control/package.dsv
-- Up-to-date: /home/jezzy/huskybot/install/huskybot_control/share/ament_index/resource_index/packages/huskybot_control
-- Up-to-date: /home/jezzy/huskybot/install/huskybot_control/share/huskybot_control/cmake/huskybot_controlConfig.cmake
-- Up-to-date: /home/jezzy/huskybot/install/huskybot_control/share/huskybot_control/cmake/huskybot_controlConfig-version.cmake
-- Up-to-date: /home/jezzy/huskybot/install/huskybot_control/share/huskybot_control/package.xml
