[0.069s] Invoking command in '/home/jezzy/huskybot/build/huskybot_control': CMAKE_PREFIX_PATH=${CMAKE_PREFIX_PATH}:/home/jezzy/husky_ws/lintic/install/yolosed:/home/jezzy/husky_ws/lintic/install/visual:/home/jezzy/husky_ws/lintic/install/segnet:/home/jezzy/husky_ws/turtlebot3/install/turtlebot3_teleop:/home/jezzy/husky_ws/turtlebot3/install/turtlebot3_example:/home/jezzy/husky_ws/turtlebot3/install/segtect:/home/jezzy/husky_ws/turtlebot3/install/autonomous_exploration:/opt/ros/humble /usr/bin/cmake --build /home/jezzy/huskybot/build/huskybot_control -- -j4 -l4
[0.322s] Invoked command in '/home/jezzy/huskybot/build/huskybot_control' returned '0': CMAKE_PREFIX_PATH=${CMAKE_PREFIX_PATH}:/home/jezzy/husky_ws/lintic/install/yolosed:/home/jezzy/husky_ws/lintic/install/visual:/home/jezzy/husky_ws/lintic/install/segnet:/home/jezzy/husky_ws/turtlebot3/install/turtlebot3_teleop:/home/jezzy/husky_ws/turtlebot3/install/turtlebot3_example:/home/jezzy/husky_ws/turtlebot3/install/segtect:/home/jezzy/husky_ws/turtlebot3/install/autonomous_exploration:/opt/ros/humble /usr/bin/cmake --build /home/jezzy/huskybot/build/huskybot_control -- -j4 -l4
[0.325s] Invoking command in '/home/jezzy/huskybot/build/huskybot_control': CMAKE_PREFIX_PATH=${CMAKE_PREFIX_PATH}:/home/jezzy/husky_ws/lintic/install/yolosed:/home/jezzy/husky_ws/lintic/install/visual:/home/jezzy/husky_ws/lintic/install/segnet:/home/jezzy/husky_ws/turtlebot3/install/turtlebot3_teleop:/home/jezzy/husky_ws/turtlebot3/install/turtlebot3_example:/home/jezzy/husky_ws/turtlebot3/install/segtect:/home/jezzy/husky_ws/turtlebot3/install/autonomous_exploration:/opt/ros/humble /usr/bin/cmake --install /home/jezzy/huskybot/build/huskybot_control
[0.379s] -- Install configuration: ""
[0.379s] -- Up-to-date: /home/jezzy/huskybot/install/huskybot_control/share/huskybot_control//scripts
[0.382s] -- Up-to-date: /home/jezzy/huskybot/install/huskybot_control/share/huskybot_control//scripts/robot_control.py
[0.383s] -- Up-to-date: /home/jezzy/huskybot/install/huskybot_control/share/huskybot_control//launch
[0.385s] -- Up-to-date: /home/jezzy/huskybot/install/huskybot_control/share/huskybot_control//launch/huskybot_control.launch.py
[0.387s] -- Up-to-date: /home/jezzy/huskybot/install/huskybot_control/lib/huskybot_control/robot_control.py
[0.389s] -- Up-to-date: /home/jezzy/huskybot/install/huskybot_control/lib/huskybot_control/huskybot_control.launch.py
[0.389s] -- Up-to-date: /home/jezzy/huskybot/install/huskybot_control/share/ament_index/resource_index/package_run_dependencies/huskybot_control
[0.389s] -- Up-to-date: /home/jezzy/huskybot/install/huskybot_control/share/ament_index/resource_index/parent_prefix_path/huskybot_control
[0.390s] -- Up-to-date: /home/jezzy/huskybot/install/huskybot_control/share/huskybot_control/environment/ament_prefix_path.sh
[0.390s] -- Up-to-date: /home/jezzy/huskybot/install/huskybot_control/share/huskybot_control/environment/ament_prefix_path.dsv
[0.390s] -- Up-to-date: /home/jezzy/huskybot/install/huskybot_control/share/huskybot_control/environment/path.sh
[0.390s] -- Up-to-date: /home/jezzy/huskybot/install/huskybot_control/share/huskybot_control/environment/path.dsv
[0.391s] -- Up-to-date: /home/jezzy/huskybot/install/huskybot_control/share/huskybot_control/local_setup.bash
[0.391s] -- Up-to-date: /home/jezzy/huskybot/install/huskybot_control/share/huskybot_control/local_setup.sh
[0.391s] -- Up-to-date: /home/jezzy/huskybot/install/huskybot_control/share/huskybot_control/local_setup.zsh
[0.391s] -- Up-to-date: /home/jezzy/huskybot/install/huskybot_control/share/huskybot_control/local_setup.dsv
[0.391s] -- Up-to-date: /home/jezzy/huskybot/install/huskybot_control/share/huskybot_control/package.dsv
[0.392s] -- Up-to-date: /home/jezzy/huskybot/install/huskybot_control/share/ament_index/resource_index/packages/huskybot_control
[0.392s] -- Up-to-date: /home/jezzy/huskybot/install/huskybot_control/share/huskybot_control/cmake/huskybot_controlConfig.cmake
[0.392s] -- Up-to-date: /home/jezzy/huskybot/install/huskybot_control/share/huskybot_control/cmake/huskybot_controlConfig-version.cmake
[0.410s] -- Up-to-date: /home/jezzy/huskybot/install/huskybot_control/share/huskybot_control/package.xml
[0.410s] Invoked command in '/home/jezzy/huskybot/build/huskybot_control' returned '0': CMAKE_PREFIX_PATH=${CMAKE_PREFIX_PATH}:/home/jezzy/husky_ws/lintic/install/yolosed:/home/jezzy/husky_ws/lintic/install/visual:/home/jezzy/husky_ws/lintic/install/segnet:/home/jezzy/husky_ws/turtlebot3/install/turtlebot3_teleop:/home/jezzy/husky_ws/turtlebot3/install/turtlebot3_example:/home/jezzy/husky_ws/turtlebot3/install/segtect:/home/jezzy/husky_ws/turtlebot3/install/autonomous_exploration:/opt/ros/humble /usr/bin/cmake --install /home/jezzy/huskybot/build/huskybot_control
