[0.042s] Invoking command in '/home/jezzy/huskybot/build/huskybot_mapping': CMAKE_PREFIX_PATH=${CMAKE_PREFIX_PATH}:/home/jezzy/huskybot/install/huskybot_fusion:/home/jezzy/huskybot/install/huskybot_navigation:/home/jezzy/husky_ws/turtlebot3/install/turtlebot3_teleop:/home/jezzy/husky_ws/turtlebot3/install/turtlebot3_example:/home/jezzy/husky_ws/turtlebot3/install/segtect:/home/jezzy/husky_ws/turtlebot3/install/autonomous_exploration:/home/jezzy/husky_ws/lintic/install/yolosed:/home/jezzy/husky_ws/lintic/install/visual:/home/jezzy/husky_ws/lintic/install/segnet:/opt/ros/humble /usr/bin/cmake --build /home/jezzy/huskybot/build/huskybot_mapping -- -j4 -l4
[0.351s] Invoked command in '/home/jezzy/huskybot/build/huskybot_mapping' returned '0': CMAKE_PREFIX_PATH=${CMAKE_PREFIX_PATH}:/home/jezzy/huskybot/install/huskybot_fusion:/home/jezzy/huskybot/install/huskybot_navigation:/home/jezzy/husky_ws/turtlebot3/install/turtlebot3_teleop:/home/jezzy/husky_ws/turtlebot3/install/turtlebot3_example:/home/jezzy/husky_ws/turtlebot3/install/segtect:/home/jezzy/husky_ws/turtlebot3/install/autonomous_exploration:/home/jezzy/husky_ws/lintic/install/yolosed:/home/jezzy/husky_ws/lintic/install/visual:/home/jezzy/husky_ws/lintic/install/segnet:/opt/ros/humble /usr/bin/cmake --build /home/jezzy/huskybot/build/huskybot_mapping -- -j4 -l4
[0.355s] Invoking command in '/home/jezzy/huskybot/build/huskybot_mapping': CMAKE_PREFIX_PATH=${CMAKE_PREFIX_PATH}:/home/jezzy/huskybot/install/huskybot_fusion:/home/jezzy/huskybot/install/huskybot_navigation:/home/jezzy/husky_ws/turtlebot3/install/turtlebot3_teleop:/home/jezzy/husky_ws/turtlebot3/install/turtlebot3_example:/home/jezzy/husky_ws/turtlebot3/install/segtect:/home/jezzy/husky_ws/turtlebot3/install/autonomous_exploration:/home/jezzy/husky_ws/lintic/install/yolosed:/home/jezzy/husky_ws/lintic/install/visual:/home/jezzy/husky_ws/lintic/install/segnet:/opt/ros/humble /usr/bin/cmake --install /home/jezzy/huskybot/build/huskybot_mapping
[0.391s] -- Install configuration: ""
[0.399s] -- Up-to-date: /home/jezzy/huskybot/install/huskybot_mapping/share/huskybot_mapping/launch
[0.400s] -- Up-to-date: /home/jezzy/huskybot/install/huskybot_mapping/share/huskybot_mapping/launch/lio_sam.launch.py
[0.400s] -- Up-to-date: /home/jezzy/huskybot/install/huskybot_mapping/share/ament_index/resource_index/package_run_dependencies/huskybot_mapping
[0.401s] -- Up-to-date: /home/jezzy/huskybot/install/huskybot_mapping/share/ament_index/resource_index/parent_prefix_path/huskybot_mapping
[0.402s] -- Up-to-date: /home/jezzy/huskybot/install/huskybot_mapping/share/huskybot_mapping/environment/ament_prefix_path.sh
[0.402s] -- Up-to-date: /home/jezzy/huskybot/install/huskybot_mapping/share/huskybot_mapping/environment/ament_prefix_path.dsv
[0.402s] -- Up-to-date: /home/jezzy/huskybot/install/huskybot_mapping/share/huskybot_mapping/environment/path.sh
[0.402s] -- Up-to-date: /home/jezzy/huskybot/install/huskybot_mapping/share/huskybot_mapping/environment/path.dsv
[0.403s] -- Up-to-date: /home/jezzy/huskybot/install/huskybot_mapping/share/huskybot_mapping/local_setup.bash
[0.403s] -- Up-to-date: /home/jezzy/huskybot/install/huskybot_mapping/share/huskybot_mapping/local_setup.sh
[0.403s] -- Up-to-date: /home/jezzy/huskybot/install/huskybot_mapping/share/huskybot_mapping/local_setup.zsh
[0.404s] -- Up-to-date: /home/jezzy/huskybot/install/huskybot_mapping/share/huskybot_mapping/local_setup.dsv
[0.404s] -- Installing: /home/jezzy/huskybot/install/huskybot_mapping/share/huskybot_mapping/package.dsv
[0.404s] -- Up-to-date: /home/jezzy/huskybot/install/huskybot_mapping/share/ament_index/resource_index/packages/huskybot_mapping
[0.404s] -- Up-to-date: /home/jezzy/huskybot/install/huskybot_mapping/share/huskybot_mapping/cmake/huskybot_mappingConfig.cmake
[0.404s] -- Up-to-date: /home/jezzy/huskybot/install/huskybot_mapping/share/huskybot_mapping/cmake/huskybot_mappingConfig-version.cmake
[0.406s] -- Up-to-date: /home/jezzy/huskybot/install/huskybot_mapping/share/huskybot_mapping/package.xml
[1.203s] Invoked command in '/home/jezzy/huskybot/build/huskybot_mapping' returned '0': CMAKE_PREFIX_PATH=${CMAKE_PREFIX_PATH}:/home/jezzy/huskybot/install/huskybot_fusion:/home/jezzy/huskybot/install/huskybot_navigation:/home/jezzy/husky_ws/turtlebot3/install/turtlebot3_teleop:/home/jezzy/husky_ws/turtlebot3/install/turtlebot3_example:/home/jezzy/husky_ws/turtlebot3/install/segtect:/home/jezzy/husky_ws/turtlebot3/install/autonomous_exploration:/home/jezzy/husky_ws/lintic/install/yolosed:/home/jezzy/husky_ws/lintic/install/visual:/home/jezzy/husky_ws/lintic/install/segnet:/opt/ros/humble /usr/bin/cmake --install /home/jezzy/huskybot/build/huskybot_mapping
