[0.069s] Invoking command in '/home/jezzy/yolobot/build/yolov8_msgs': CMAKE_PREFIX_PATH=${CMAKE_PREFIX_PATH}:/home/jezzy/husky_ws/lintic/install/yolosed:/home/jezzy/husky_ws/lintic/install/visual:/home/jezzy/husky_ws/lintic/install/segnet:/home/jezzy/husky_ws/turtlebot3/install/turtlebot3_teleop:/home/jezzy/husky_ws/turtlebot3/install/turtlebot3_example:/home/jezzy/husky_ws/turtlebot3/install/segtect:/home/jezzy/husky_ws/turtlebot3/install/autonomous_exploration:/opt/ros/humble /usr/bin/cmake --build /home/jezzy/yolobot/build/yolov8_msgs -- -j4 -l4
[0.194s] [35m[1mConsolidate compiler generated dependencies of target yolov8_msgs__rosidl_generator_c[0m
[0.221s] [  2%] Built target yolov8_msgs__cpp
[0.228s] [ 12%] Built target yolov8_msgs__rosidl_generator_c
[0.265s] [ 12%] Built target ament_cmake_python_copy_yolov8_msgs
[0.291s] [35m[1mConsolidate compiler generated dependencies of target yolov8_msgs__rosidl_typesupport_fastrtps_cpp[0m
[0.291s] [35m[1mConsolidate compiler generated dependencies of target yolov8_msgs__rosidl_typesupport_cpp[0m
[0.292s] [35m[1mConsolidate compiler generated dependencies of target yolov8_msgs__rosidl_typesupport_introspection_c[0m
[0.303s] [35m[1mConsolidate compiler generated dependencies of target yolov8_msgs__rosidl_typesupport_c[0m
[0.339s] [ 23%] Built target yolov8_msgs__rosidl_typesupport_c
[0.349s] [ 33%] Built target yolov8_msgs__rosidl_typesupport_introspection_c
[0.350s] [ 43%] Built target yolov8_msgs__rosidl_typesupport_fastrtps_cpp
[0.365s] [ 53%] Built target yolov8_msgs__rosidl_typesupport_cpp
[0.388s] [35m[1mConsolidate compiler generated dependencies of target yolov8_msgs__rosidl_typesupport_introspection_cpp[0m
[0.392s] [35m[1mConsolidate compiler generated dependencies of target yolov8_msgs__rosidl_typesupport_fastrtps_c[0m
[0.433s] [ 64%] Built target yolov8_msgs__rosidl_typesupport_fastrtps_c
[0.442s] [ 74%] Built target yolov8_msgs__rosidl_typesupport_introspection_cpp
[0.497s] [ 74%] Built target yolov8_msgs
[0.589s] [ 76%] Built target yolov8_msgs__py
[0.615s] [35m[1mConsolidate compiler generated dependencies of target yolov8_msgs__rosidl_generator_py[0m
[0.656s] [ 84%] Built target yolov8_msgs__rosidl_generator_py
[0.690s] [35m[1mConsolidate compiler generated dependencies of target yolov8_msgs__rosidl_typesupport_fastrtps_c__pyext[0m
[0.693s] [35m[1mConsolidate compiler generated dependencies of target yolov8_msgs__rosidl_typesupport_introspection_c__pyext[0m
[0.710s] [35m[1mConsolidate compiler generated dependencies of target yolov8_msgs__rosidl_typesupport_c__pyext[0m
[0.780s] [ 89%] Built target yolov8_msgs__rosidl_typesupport_introspection_c__pyext
[0.785s] [ 94%] Built target yolov8_msgs__rosidl_typesupport_c__pyext
[0.793s] [100%] Built target yolov8_msgs__rosidl_typesupport_fastrtps_c__pyext
[1.130s] running egg_info
[1.132s] writing yolov8_msgs.egg-info/PKG-INFO
[1.133s] writing dependency_links to yolov8_msgs.egg-info/dependency_links.txt
[1.134s] writing top-level names to yolov8_msgs.egg-info/top_level.txt
[1.139s] reading manifest file 'yolov8_msgs.egg-info/SOURCES.txt'
[1.141s] writing manifest file 'yolov8_msgs.egg-info/SOURCES.txt'
[1.190s] [100%] Built target ament_cmake_python_build_yolov8_msgs_egg
[1.210s] Invoked command in '/home/jezzy/yolobot/build/yolov8_msgs' returned '0': CMAKE_PREFIX_PATH=${CMAKE_PREFIX_PATH}:/home/jezzy/husky_ws/lintic/install/yolosed:/home/jezzy/husky_ws/lintic/install/visual:/home/jezzy/husky_ws/lintic/install/segnet:/home/jezzy/husky_ws/turtlebot3/install/turtlebot3_teleop:/home/jezzy/husky_ws/turtlebot3/install/turtlebot3_example:/home/jezzy/husky_ws/turtlebot3/install/segtect:/home/jezzy/husky_ws/turtlebot3/install/autonomous_exploration:/opt/ros/humble /usr/bin/cmake --build /home/jezzy/yolobot/build/yolov8_msgs -- -j4 -l4
[1.213s] Invoking command in '/home/jezzy/yolobot/build/yolov8_msgs': CMAKE_PREFIX_PATH=${CMAKE_PREFIX_PATH}:/home/jezzy/husky_ws/lintic/install/yolosed:/home/jezzy/husky_ws/lintic/install/visual:/home/jezzy/husky_ws/lintic/install/segnet:/home/jezzy/husky_ws/turtlebot3/install/turtlebot3_teleop:/home/jezzy/husky_ws/turtlebot3/install/turtlebot3_example:/home/jezzy/husky_ws/turtlebot3/install/segtect:/home/jezzy/husky_ws/turtlebot3/install/autonomous_exploration:/opt/ros/humble /usr/bin/cmake --install /home/jezzy/yolobot/build/yolov8_msgs
[1.226s] -- Install configuration: ""
[1.227s] -- Up-to-date: /home/jezzy/yolobot/install/yolov8_msgs/share/ament_index/resource_index/rosidl_interfaces/yolov8_msgs
[1.227s] -- Up-to-date: /home/jezzy/yolobot/install/yolov8_msgs/include/yolov8_msgs/yolov8_msgs
[1.228s] -- Up-to-date: /home/jezzy/yolobot/install/yolov8_msgs/include/yolov8_msgs/yolov8_msgs/msg
[1.228s] -- Up-to-date: /home/jezzy/yolobot/install/yolov8_msgs/include/yolov8_msgs/yolov8_msgs/msg/yolov8_inference.h
[1.229s] -- Up-to-date: /home/jezzy/yolobot/install/yolov8_msgs/include/yolov8_msgs/yolov8_msgs/msg/rosidl_generator_c__visibility_control.h
[1.229s] -- Up-to-date: /home/jezzy/yolobot/install/yolov8_msgs/include/yolov8_msgs/yolov8_msgs/msg/detail
[1.230s] -- Up-to-date: /home/jezzy/yolobot/install/yolov8_msgs/include/yolov8_msgs/yolov8_msgs/msg/detail/yolov8_inference__functions.h
[1.230s] -- Up-to-date: /home/jezzy/yolobot/install/yolov8_msgs/include/yolov8_msgs/yolov8_msgs/msg/detail/inference_result__type_support.h
[1.231s] -- Up-to-date: /home/jezzy/yolobot/install/yolov8_msgs/include/yolov8_msgs/yolov8_msgs/msg/detail/inference_result__functions.h
[1.231s] -- Up-to-date: /home/jezzy/yolobot/install/yolov8_msgs/include/yolov8_msgs/yolov8_msgs/msg/detail/yolov8_inference__functions.c
[1.231s] -- Up-to-date: /home/jezzy/yolobot/install/yolov8_msgs/include/yolov8_msgs/yolov8_msgs/msg/detail/yolov8_inference__type_support.h
[1.232s] -- Up-to-date: /home/jezzy/yolobot/install/yolov8_msgs/include/yolov8_msgs/yolov8_msgs/msg/detail/inference_result__struct.h
[1.232s] -- Up-to-date: /home/jezzy/yolobot/install/yolov8_msgs/include/yolov8_msgs/yolov8_msgs/msg/detail/inference_result__functions.c
[1.233s] -- Up-to-date: /home/jezzy/yolobot/install/yolov8_msgs/include/yolov8_msgs/yolov8_msgs/msg/detail/yolov8_inference__struct.h
[1.234s] -- Up-to-date: /home/jezzy/yolobot/install/yolov8_msgs/include/yolov8_msgs/yolov8_msgs/msg/inference_result.h
[1.234s] -- Up-to-date: /home/jezzy/yolobot/install/yolov8_msgs/share/yolov8_msgs/environment/library_path.sh
[1.234s] -- Up-to-date: /home/jezzy/yolobot/install/yolov8_msgs/share/yolov8_msgs/environment/library_path.dsv
[1.235s] -- Up-to-date: /home/jezzy/yolobot/install/yolov8_msgs/lib/libyolov8_msgs__rosidl_generator_c.so
[1.235s] -- Up-to-date: /home/jezzy/yolobot/install/yolov8_msgs/include/yolov8_msgs/yolov8_msgs
[1.235s] -- Up-to-date: /home/jezzy/yolobot/install/yolov8_msgs/include/yolov8_msgs/yolov8_msgs/msg
[1.236s] -- Up-to-date: /home/jezzy/yolobot/install/yolov8_msgs/include/yolov8_msgs/yolov8_msgs/msg/detail
[1.236s] -- Up-to-date: /home/jezzy/yolobot/install/yolov8_msgs/include/yolov8_msgs/yolov8_msgs/msg/detail/inference_result__rosidl_typesupport_fastrtps_c.h
[1.236s] -- Up-to-date: /home/jezzy/yolobot/install/yolov8_msgs/include/yolov8_msgs/yolov8_msgs/msg/detail/yolov8_inference__rosidl_typesupport_fastrtps_c.h
[1.237s] -- Up-to-date: /home/jezzy/yolobot/install/yolov8_msgs/include/yolov8_msgs/yolov8_msgs/msg/rosidl_typesupport_fastrtps_c__visibility_control.h
[1.238s] -- Up-to-date: /home/jezzy/yolobot/install/yolov8_msgs/lib/libyolov8_msgs__rosidl_typesupport_fastrtps_c.so
[1.239s] -- Up-to-date: /home/jezzy/yolobot/install/yolov8_msgs/include/yolov8_msgs/yolov8_msgs
[1.239s] -- Up-to-date: /home/jezzy/yolobot/install/yolov8_msgs/include/yolov8_msgs/yolov8_msgs/msg
[1.240s] -- Up-to-date: /home/jezzy/yolobot/install/yolov8_msgs/include/yolov8_msgs/yolov8_msgs/msg/yolov8_inference.hpp
[1.240s] -- Up-to-date: /home/jezzy/yolobot/install/yolov8_msgs/include/yolov8_msgs/yolov8_msgs/msg/detail
[1.241s] -- Up-to-date: /home/jezzy/yolobot/install/yolov8_msgs/include/yolov8_msgs/yolov8_msgs/msg/detail/inference_result__struct.hpp
[1.241s] -- Up-to-date: /home/jezzy/yolobot/install/yolov8_msgs/include/yolov8_msgs/yolov8_msgs/msg/detail/yolov8_inference__traits.hpp
[1.242s] -- Up-to-date: /home/jezzy/yolobot/install/yolov8_msgs/include/yolov8_msgs/yolov8_msgs/msg/detail/yolov8_inference__builder.hpp
[1.242s] -- Up-to-date: /home/jezzy/yolobot/install/yolov8_msgs/include/yolov8_msgs/yolov8_msgs/msg/detail/inference_result__builder.hpp
[1.242s] -- Up-to-date: /home/jezzy/yolobot/install/yolov8_msgs/include/yolov8_msgs/yolov8_msgs/msg/detail/inference_result__traits.hpp
[1.243s] -- Up-to-date: /home/jezzy/yolobot/install/yolov8_msgs/include/yolov8_msgs/yolov8_msgs/msg/detail/yolov8_inference__type_support.hpp
[1.243s] -- Up-to-date: /home/jezzy/yolobot/install/yolov8_msgs/include/yolov8_msgs/yolov8_msgs/msg/detail/yolov8_inference__struct.hpp
[1.243s] -- Up-to-date: /home/jezzy/yolobot/install/yolov8_msgs/include/yolov8_msgs/yolov8_msgs/msg/detail/inference_result__type_support.hpp
[1.243s] -- Up-to-date: /home/jezzy/yolobot/install/yolov8_msgs/include/yolov8_msgs/yolov8_msgs/msg/inference_result.hpp
[1.243s] -- Up-to-date: /home/jezzy/yolobot/install/yolov8_msgs/include/yolov8_msgs/yolov8_msgs/msg/rosidl_generator_cpp__visibility_control.hpp
[1.243s] -- Up-to-date: /home/jezzy/yolobot/install/yolov8_msgs/include/yolov8_msgs/yolov8_msgs
[1.244s] -- Up-to-date: /home/jezzy/yolobot/install/yolov8_msgs/include/yolov8_msgs/yolov8_msgs/msg
[1.244s] -- Up-to-date: /home/jezzy/yolobot/install/yolov8_msgs/include/yolov8_msgs/yolov8_msgs/msg/rosidl_typesupport_fastrtps_cpp__visibility_control.h
[1.244s] -- Up-to-date: /home/jezzy/yolobot/install/yolov8_msgs/include/yolov8_msgs/yolov8_msgs/msg/detail
[1.244s] -- Up-to-date: /home/jezzy/yolobot/install/yolov8_msgs/include/yolov8_msgs/yolov8_msgs/msg/detail/yolov8_inference__rosidl_typesupport_fastrtps_cpp.hpp
[1.244s] -- Up-to-date: /home/jezzy/yolobot/install/yolov8_msgs/include/yolov8_msgs/yolov8_msgs/msg/detail/dds_fastrtps
[1.245s] -- Up-to-date: /home/jezzy/yolobot/install/yolov8_msgs/include/yolov8_msgs/yolov8_msgs/msg/detail/inference_result__rosidl_typesupport_fastrtps_cpp.hpp
[1.245s] -- Up-to-date: /home/jezzy/yolobot/install/yolov8_msgs/lib/libyolov8_msgs__rosidl_typesupport_fastrtps_cpp.so
[1.245s] -- Up-to-date: /home/jezzy/yolobot/install/yolov8_msgs/include/yolov8_msgs/yolov8_msgs
[1.245s] -- Up-to-date: /home/jezzy/yolobot/install/yolov8_msgs/include/yolov8_msgs/yolov8_msgs/msg
[1.245s] -- Up-to-date: /home/jezzy/yolobot/install/yolov8_msgs/include/yolov8_msgs/yolov8_msgs/msg/rosidl_typesupport_introspection_c__visibility_control.h
[1.246s] -- Up-to-date: /home/jezzy/yolobot/install/yolov8_msgs/include/yolov8_msgs/yolov8_msgs/msg/detail
[1.246s] -- Up-to-date: /home/jezzy/yolobot/install/yolov8_msgs/include/yolov8_msgs/yolov8_msgs/msg/detail/yolov8_inference__rosidl_typesupport_introspection_c.h
[1.246s] -- Up-to-date: /home/jezzy/yolobot/install/yolov8_msgs/include/yolov8_msgs/yolov8_msgs/msg/detail/yolov8_inference__type_support.c
[1.246s] -- Up-to-date: /home/jezzy/yolobot/install/yolov8_msgs/include/yolov8_msgs/yolov8_msgs/msg/detail/inference_result__rosidl_typesupport_introspection_c.h
[1.246s] -- Up-to-date: /home/jezzy/yolobot/install/yolov8_msgs/include/yolov8_msgs/yolov8_msgs/msg/detail/inference_result__type_support.c
[1.246s] -- Up-to-date: /home/jezzy/yolobot/install/yolov8_msgs/lib/libyolov8_msgs__rosidl_typesupport_introspection_c.so
[1.247s] -- Up-to-date: /home/jezzy/yolobot/install/yolov8_msgs/lib/libyolov8_msgs__rosidl_typesupport_c.so
[1.247s] -- Up-to-date: /home/jezzy/yolobot/install/yolov8_msgs/include/yolov8_msgs/yolov8_msgs
[1.247s] -- Up-to-date: /home/jezzy/yolobot/install/yolov8_msgs/include/yolov8_msgs/yolov8_msgs/msg
[1.247s] -- Up-to-date: /home/jezzy/yolobot/install/yolov8_msgs/include/yolov8_msgs/yolov8_msgs/msg/detail
[1.247s] -- Up-to-date: /home/jezzy/yolobot/install/yolov8_msgs/include/yolov8_msgs/yolov8_msgs/msg/detail/yolov8_inference__type_support.cpp
[1.247s] -- Up-to-date: /home/jezzy/yolobot/install/yolov8_msgs/include/yolov8_msgs/yolov8_msgs/msg/detail/inference_result__type_support.cpp
[1.248s] -- Up-to-date: /home/jezzy/yolobot/install/yolov8_msgs/include/yolov8_msgs/yolov8_msgs/msg/detail/yolov8_inference__rosidl_typesupport_introspection_cpp.hpp
[1.248s] -- Up-to-date: /home/jezzy/yolobot/install/yolov8_msgs/include/yolov8_msgs/yolov8_msgs/msg/detail/inference_result__rosidl_typesupport_introspection_cpp.hpp
[1.248s] -- Up-to-date: /home/jezzy/yolobot/install/yolov8_msgs/lib/libyolov8_msgs__rosidl_typesupport_introspection_cpp.so
[1.248s] -- Up-to-date: /home/jezzy/yolobot/install/yolov8_msgs/lib/libyolov8_msgs__rosidl_typesupport_cpp.so
[1.248s] -- Up-to-date: /home/jezzy/yolobot/install/yolov8_msgs/share/yolov8_msgs/environment/pythonpath.sh
[1.249s] -- Up-to-date: /home/jezzy/yolobot/install/yolov8_msgs/share/yolov8_msgs/environment/pythonpath.dsv
[1.249s] -- Up-to-date: /home/jezzy/yolobot/install/yolov8_msgs/local/lib/python3.10/dist-packages/yolov8_msgs-0.0.0-py3.10.egg-info
[1.249s] -- Installing: /home/jezzy/yolobot/install/yolov8_msgs/local/lib/python3.10/dist-packages/yolov8_msgs-0.0.0-py3.10.egg-info/top_level.txt
[1.249s] -- Installing: /home/jezzy/yolobot/install/yolov8_msgs/local/lib/python3.10/dist-packages/yolov8_msgs-0.0.0-py3.10.egg-info/SOURCES.txt
[1.249s] -- Installing: /home/jezzy/yolobot/install/yolov8_msgs/local/lib/python3.10/dist-packages/yolov8_msgs-0.0.0-py3.10.egg-info/dependency_links.txt
[1.249s] -- Installing: /home/jezzy/yolobot/install/yolov8_msgs/local/lib/python3.10/dist-packages/yolov8_msgs-0.0.0-py3.10.egg-info/PKG-INFO
[1.250s] -- Up-to-date: /home/jezzy/yolobot/install/yolov8_msgs/local/lib/python3.10/dist-packages/yolov8_msgs
[1.250s] -- Up-to-date: /home/jezzy/yolobot/install/yolov8_msgs/local/lib/python3.10/dist-packages/yolov8_msgs/_yolov8_msgs_s.ep.rosidl_typesupport_introspection_c.c
[1.250s] -- Up-to-date: /home/jezzy/yolobot/install/yolov8_msgs/local/lib/python3.10/dist-packages/yolov8_msgs/yolov8_msgs_s__rosidl_typesupport_c.cpython-310-x86_64-linux-gnu.so
[1.250s] -- Up-to-date: /home/jezzy/yolobot/install/yolov8_msgs/local/lib/python3.10/dist-packages/yolov8_msgs/yolov8_msgs_s__rosidl_typesupport_introspection_c.cpython-310-x86_64-linux-gnu.so
[1.250s] -- Up-to-date: /home/jezzy/yolobot/install/yolov8_msgs/local/lib/python3.10/dist-packages/yolov8_msgs/_yolov8_msgs_s.ep.rosidl_typesupport_c.c
[1.250s] -- Up-to-date: /home/jezzy/yolobot/install/yolov8_msgs/local/lib/python3.10/dist-packages/yolov8_msgs/msg
[1.251s] -- Up-to-date: /home/jezzy/yolobot/install/yolov8_msgs/local/lib/python3.10/dist-packages/yolov8_msgs/msg/_inference_result_s.c
[1.251s] -- Up-to-date: /home/jezzy/yolobot/install/yolov8_msgs/local/lib/python3.10/dist-packages/yolov8_msgs/msg/_inference_result.py
[1.251s] -- Up-to-date: /home/jezzy/yolobot/install/yolov8_msgs/local/lib/python3.10/dist-packages/yolov8_msgs/msg/__init__.py
[1.251s] -- Up-to-date: /home/jezzy/yolobot/install/yolov8_msgs/local/lib/python3.10/dist-packages/yolov8_msgs/msg/_yolov8_inference.py
[1.251s] -- Up-to-date: /home/jezzy/yolobot/install/yolov8_msgs/local/lib/python3.10/dist-packages/yolov8_msgs/msg/_yolov8_inference_s.c
[1.251s] -- Up-to-date: /home/jezzy/yolobot/install/yolov8_msgs/local/lib/python3.10/dist-packages/yolov8_msgs/libyolov8_msgs__rosidl_generator_py.so
[1.252s] -- Up-to-date: /home/jezzy/yolobot/install/yolov8_msgs/local/lib/python3.10/dist-packages/yolov8_msgs/__init__.py
[1.252s] -- Up-to-date: /home/jezzy/yolobot/install/yolov8_msgs/local/lib/python3.10/dist-packages/yolov8_msgs/_yolov8_msgs_s.ep.rosidl_typesupport_fastrtps_c.c
[1.252s] -- Up-to-date: /home/jezzy/yolobot/install/yolov8_msgs/local/lib/python3.10/dist-packages/yolov8_msgs/yolov8_msgs_s__rosidl_typesupport_fastrtps_c.cpython-310-x86_64-linux-gnu.so
[1.305s] Listing '/home/jezzy/yolobot/install/yolov8_msgs/local/lib/python3.10/dist-packages/yolov8_msgs'...
[1.305s] Listing '/home/jezzy/yolobot/install/yolov8_msgs/local/lib/python3.10/dist-packages/yolov8_msgs/msg'...
[1.314s] -- Up-to-date: /home/jezzy/yolobot/install/yolov8_msgs/local/lib/python3.10/dist-packages/yolov8_msgs/yolov8_msgs_s__rosidl_typesupport_fastrtps_c.cpython-310-x86_64-linux-gnu.so
[1.315s] -- Up-to-date: /home/jezzy/yolobot/install/yolov8_msgs/local/lib/python3.10/dist-packages/yolov8_msgs/yolov8_msgs_s__rosidl_typesupport_introspection_c.cpython-310-x86_64-linux-gnu.so
[1.316s] -- Up-to-date: /home/jezzy/yolobot/install/yolov8_msgs/local/lib/python3.10/dist-packages/yolov8_msgs/yolov8_msgs_s__rosidl_typesupport_c.cpython-310-x86_64-linux-gnu.so
[1.317s] -- Up-to-date: /home/jezzy/yolobot/install/yolov8_msgs/lib/libyolov8_msgs__rosidl_generator_py.so
[1.318s] -- Up-to-date: /home/jezzy/yolobot/install/yolov8_msgs/share/yolov8_msgs/msg/InferenceResult.idl
[1.319s] -- Up-to-date: /home/jezzy/yolobot/install/yolov8_msgs/share/yolov8_msgs/msg/Yolov8Inference.idl
[1.319s] -- Up-to-date: /home/jezzy/yolobot/install/yolov8_msgs/share/yolov8_msgs/msg/InferenceResult.msg
[1.320s] -- Up-to-date: /home/jezzy/yolobot/install/yolov8_msgs/share/yolov8_msgs/msg/Yolov8Inference.msg
[1.321s] -- Up-to-date: /home/jezzy/yolobot/install/yolov8_msgs/share/ament_index/resource_index/package_run_dependencies/yolov8_msgs
[1.321s] -- Up-to-date: /home/jezzy/yolobot/install/yolov8_msgs/share/ament_index/resource_index/parent_prefix_path/yolov8_msgs
[1.322s] -- Up-to-date: /home/jezzy/yolobot/install/yolov8_msgs/share/yolov8_msgs/environment/ament_prefix_path.sh
[1.323s] -- Up-to-date: /home/jezzy/yolobot/install/yolov8_msgs/share/yolov8_msgs/environment/ament_prefix_path.dsv
[1.323s] -- Up-to-date: /home/jezzy/yolobot/install/yolov8_msgs/share/yolov8_msgs/environment/path.sh
[1.323s] -- Up-to-date: /home/jezzy/yolobot/install/yolov8_msgs/share/yolov8_msgs/environment/path.dsv
[1.324s] -- Up-to-date: /home/jezzy/yolobot/install/yolov8_msgs/share/yolov8_msgs/local_setup.bash
[1.324s] -- Up-to-date: /home/jezzy/yolobot/install/yolov8_msgs/share/yolov8_msgs/local_setup.sh
[1.324s] -- Up-to-date: /home/jezzy/yolobot/install/yolov8_msgs/share/yolov8_msgs/local_setup.zsh
[1.324s] -- Up-to-date: /home/jezzy/yolobot/install/yolov8_msgs/share/yolov8_msgs/local_setup.dsv
[1.325s] -- Installing: /home/jezzy/yolobot/install/yolov8_msgs/share/yolov8_msgs/package.dsv
[1.325s] -- Up-to-date: /home/jezzy/yolobot/install/yolov8_msgs/share/ament_index/resource_index/packages/yolov8_msgs
[1.325s] -- Up-to-date: /home/jezzy/yolobot/install/yolov8_msgs/share/yolov8_msgs/cmake/export_yolov8_msgs__rosidl_generator_cExport.cmake
[1.325s] -- Up-to-date: /home/jezzy/yolobot/install/yolov8_msgs/share/yolov8_msgs/cmake/export_yolov8_msgs__rosidl_generator_cExport-noconfig.cmake
[1.326s] -- Up-to-date: /home/jezzy/yolobot/install/yolov8_msgs/share/yolov8_msgs/cmake/export_yolov8_msgs__rosidl_typesupport_fastrtps_cExport.cmake
[1.326s] -- Up-to-date: /home/jezzy/yolobot/install/yolov8_msgs/share/yolov8_msgs/cmake/export_yolov8_msgs__rosidl_typesupport_fastrtps_cExport-noconfig.cmake
[1.326s] -- Up-to-date: /home/jezzy/yolobot/install/yolov8_msgs/share/yolov8_msgs/cmake/export_yolov8_msgs__rosidl_generator_cppExport.cmake
[1.326s] -- Up-to-date: /home/jezzy/yolobot/install/yolov8_msgs/share/yolov8_msgs/cmake/export_yolov8_msgs__rosidl_typesupport_fastrtps_cppExport.cmake
[1.327s] -- Up-to-date: /home/jezzy/yolobot/install/yolov8_msgs/share/yolov8_msgs/cmake/export_yolov8_msgs__rosidl_typesupport_fastrtps_cppExport-noconfig.cmake
[1.327s] -- Up-to-date: /home/jezzy/yolobot/install/yolov8_msgs/share/yolov8_msgs/cmake/yolov8_msgs__rosidl_typesupport_introspection_cExport.cmake
[1.327s] -- Up-to-date: /home/jezzy/yolobot/install/yolov8_msgs/share/yolov8_msgs/cmake/yolov8_msgs__rosidl_typesupport_introspection_cExport-noconfig.cmake
[1.327s] -- Up-to-date: /home/jezzy/yolobot/install/yolov8_msgs/share/yolov8_msgs/cmake/yolov8_msgs__rosidl_typesupport_cExport.cmake
[1.327s] -- Up-to-date: /home/jezzy/yolobot/install/yolov8_msgs/share/yolov8_msgs/cmake/yolov8_msgs__rosidl_typesupport_cExport-noconfig.cmake
[1.327s] -- Up-to-date: /home/jezzy/yolobot/install/yolov8_msgs/share/yolov8_msgs/cmake/yolov8_msgs__rosidl_typesupport_introspection_cppExport.cmake
[1.327s] -- Up-to-date: /home/jezzy/yolobot/install/yolov8_msgs/share/yolov8_msgs/cmake/yolov8_msgs__rosidl_typesupport_introspection_cppExport-noconfig.cmake
[1.328s] -- Up-to-date: /home/jezzy/yolobot/install/yolov8_msgs/share/yolov8_msgs/cmake/yolov8_msgs__rosidl_typesupport_cppExport.cmake
[1.328s] -- Up-to-date: /home/jezzy/yolobot/install/yolov8_msgs/share/yolov8_msgs/cmake/yolov8_msgs__rosidl_typesupport_cppExport-noconfig.cmake
[1.329s] -- Up-to-date: /home/jezzy/yolobot/install/yolov8_msgs/share/yolov8_msgs/cmake/export_yolov8_msgs__rosidl_generator_pyExport.cmake
[1.329s] -- Up-to-date: /home/jezzy/yolobot/install/yolov8_msgs/share/yolov8_msgs/cmake/export_yolov8_msgs__rosidl_generator_pyExport-noconfig.cmake
[1.329s] -- Up-to-date: /home/jezzy/yolobot/install/yolov8_msgs/share/yolov8_msgs/cmake/rosidl_cmake-extras.cmake
[1.330s] -- Up-to-date: /home/jezzy/yolobot/install/yolov8_msgs/share/yolov8_msgs/cmake/ament_cmake_export_dependencies-extras.cmake
[1.330s] -- Up-to-date: /home/jezzy/yolobot/install/yolov8_msgs/share/yolov8_msgs/cmake/ament_cmake_export_include_directories-extras.cmake
[1.330s] -- Up-to-date: /home/jezzy/yolobot/install/yolov8_msgs/share/yolov8_msgs/cmake/ament_cmake_export_libraries-extras.cmake
[1.331s] -- Up-to-date: /home/jezzy/yolobot/install/yolov8_msgs/share/yolov8_msgs/cmake/ament_cmake_export_targets-extras.cmake
[1.332s] -- Up-to-date: /home/jezzy/yolobot/install/yolov8_msgs/share/yolov8_msgs/cmake/rosidl_cmake_export_typesupport_targets-extras.cmake
[1.332s] -- Up-to-date: /home/jezzy/yolobot/install/yolov8_msgs/share/yolov8_msgs/cmake/rosidl_cmake_export_typesupport_libraries-extras.cmake
[1.332s] -- Up-to-date: /home/jezzy/yolobot/install/yolov8_msgs/share/yolov8_msgs/cmake/yolov8_msgsConfig.cmake
[1.333s] -- Up-to-date: /home/jezzy/yolobot/install/yolov8_msgs/share/yolov8_msgs/cmake/yolov8_msgsConfig-version.cmake
[1.333s] -- Up-to-date: /home/jezzy/yolobot/install/yolov8_msgs/share/yolov8_msgs/package.xml
[1.337s] Invoked command in '/home/jezzy/yolobot/build/yolov8_msgs' returned '0': CMAKE_PREFIX_PATH=${CMAKE_PREFIX_PATH}:/home/jezzy/husky_ws/lintic/install/yolosed:/home/jezzy/husky_ws/lintic/install/visual:/home/jezzy/husky_ws/lintic/install/segnet:/home/jezzy/husky_ws/turtlebot3/install/turtlebot3_teleop:/home/jezzy/husky_ws/turtlebot3/install/turtlebot3_example:/home/jezzy/husky_ws/turtlebot3/install/segtect:/home/jezzy/husky_ws/turtlebot3/install/autonomous_exploration:/opt/ros/humble /usr/bin/cmake --install /home/jezzy/yolobot/build/yolov8_msgs
