[0.107s] Invoking command in '/home/jezzy/huskybot/build/husky_description': CMAKE_PREFIX_PATH=${CMAKE_PREFIX_PATH}:/home/jezzy/huskybot/install/huskybot_fusion:/home/jezzy/huskybot/install/huskybot_navigation:/home/jezzy/husky_ws/turtlebot3/install/turtlebot3_teleop:/home/jezzy/husky_ws/turtlebot3/install/turtlebot3_example:/home/jezzy/husky_ws/turtlebot3/install/segtect:/home/jezzy/husky_ws/turtlebot3/install/autonomous_exploration:/home/jezzy/husky_ws/lintic/install/yolosed:/home/jezzy/husky_ws/lintic/install/visual:/home/jezzy/husky_ws/lintic/install/segnet:/opt/ros/humble /usr/bin/cmake --build /home/jezzy/huskybot/build/husky_description -- -j4 -l4
[0.597s] Invoked command in '/home/jezzy/huskybot/build/husky_description' returned '0': CMAKE_PREFIX_PATH=${CMAKE_PREFIX_PATH}:/home/jezzy/huskybot/install/huskybot_fusion:/home/jezzy/huskybot/install/huskybot_navigation:/home/jezzy/husky_ws/turtlebot3/install/turtlebot3_teleop:/home/jezzy/husky_ws/turtlebot3/install/turtlebot3_example:/home/jezzy/husky_ws/turtlebot3/install/segtect:/home/jezzy/husky_ws/turtlebot3/install/autonomous_exploration:/home/jezzy/husky_ws/lintic/install/yolosed:/home/jezzy/husky_ws/lintic/install/visual:/home/jezzy/husky_ws/lintic/install/segnet:/opt/ros/humble /usr/bin/cmake --build /home/jezzy/huskybot/build/husky_description -- -j4 -l4
[0.598s] Invoking command in '/home/jezzy/huskybot/build/husky_description': CMAKE_PREFIX_PATH=${CMAKE_PREFIX_PATH}:/home/jezzy/huskybot/install/huskybot_fusion:/home/jezzy/huskybot/install/huskybot_navigation:/home/jezzy/husky_ws/turtlebot3/install/turtlebot3_teleop:/home/jezzy/husky_ws/turtlebot3/install/turtlebot3_example:/home/jezzy/husky_ws/turtlebot3/install/segtect:/home/jezzy/husky_ws/turtlebot3/install/autonomous_exploration:/home/jezzy/husky_ws/lintic/install/yolosed:/home/jezzy/husky_ws/lintic/install/visual:/home/jezzy/husky_ws/lintic/install/segnet:/opt/ros/humble /usr/bin/cmake --install /home/jezzy/huskybot/build/husky_description
[0.664s] -- Install configuration: ""
[0.664s] -- Up-to-date: /home/jezzy/huskybot/install/husky_description/share/husky_description/launch
[0.665s] -- Up-to-date: /home/jezzy/huskybot/install/husky_description/share/husky_description/launch/description.launch
[0.665s] -- Up-to-date: /home/jezzy/huskybot/install/husky_description/share/husky_description/meshes
[0.671s] -- Up-to-date: /home/jezzy/huskybot/install/husky_description/share/husky_description/meshes/bracket_vertical.stl
[0.672s] -- Up-to-date: /home/jezzy/huskybot/install/husky_description/share/husky_description/meshes/pacs_full_riser.stl
[0.677s] -- Up-to-date: /home/jezzy/huskybot/install/husky_description/share/husky_description/meshes/large_top_plate_collision.stl
[0.678s] -- Up-to-date: /home/jezzy/huskybot/install/husky_description/share/husky_description/meshes/bracket_extension_40.stl
[0.684s] -- Up-to-date: /home/jezzy/huskybot/install/husky_description/share/husky_description/meshes/wheel.dae
[0.684s] -- Up-to-date: /home/jezzy/huskybot/install/husky_description/share/husky_description/meshes/bracket_horizontal_large.stl
[0.684s] -- Up-to-date: /home/jezzy/huskybot/install/husky_description/share/husky_description/meshes/bracket_horizontal.stl
[0.685s] -- Up-to-date: /home/jezzy/huskybot/install/husky_description/share/husky_description/meshes/base_link.dae
[0.685s] -- Up-to-date: /home/jezzy/huskybot/install/husky_description/share/husky_description/meshes/bracket_extension_60.stl
[0.685s] -- Up-to-date: /home/jezzy/huskybot/install/husky_description/share/husky_description/meshes/user_rail.stl
[0.685s] -- Up-to-date: /home/jezzy/huskybot/install/husky_description/share/husky_description/meshes/bumper.dae
[0.685s] -- Up-to-date: /home/jezzy/huskybot/install/husky_description/share/husky_description/meshes/large_top_plate.dae
[0.685s] -- Up-to-date: /home/jezzy/huskybot/install/husky_description/share/husky_description/meshes/pacs_top_plate.stl
[0.685s] -- Up-to-date: /home/jezzy/huskybot/install/husky_description/share/husky_description/meshes/top_plate.dae
[0.686s] -- Up-to-date: /home/jezzy/huskybot/install/husky_description/share/husky_description/meshes/base_link.stl
[0.686s] -- Up-to-date: /home/jezzy/huskybot/install/husky_description/share/husky_description/meshes/top_plate.stl
[0.690s] -- Up-to-date: /home/jezzy/huskybot/install/husky_description/share/husky_description/meshes/top_chassis.dae
[0.698s] -- Up-to-date: /home/jezzy/huskybot/install/husky_description/share/husky_description/meshes/bracket_extension_80.stl
[0.698s] -- Up-to-date: /home/jezzy/huskybot/install/husky_description/share/husky_description/meshes/top_chassis.stl
[0.699s] -- Up-to-date: /home/jezzy/huskybot/install/husky_description/share/husky_description/meshes/pacs_partial_riser.stl
[0.699s] -- Up-to-date: /home/jezzy/huskybot/install/husky_description/share/husky_description/meshes/user_rail.dae
[0.700s] -- Up-to-date: /home/jezzy/huskybot/install/husky_description/share/husky_description/meshes/bracket_extension_20.stl
[0.700s] -- Up-to-date: /home/jezzy/huskybot/install/husky_description/share/husky_description/meshes/wheel.stl
[0.701s] -- Up-to-date: /home/jezzy/huskybot/install/husky_description/share/husky_description/meshes/bumper_extension.dae
[0.702s] -- Up-to-date: /home/jezzy/huskybot/install/husky_description/share/husky_description/meshes/accessories
[0.702s] -- Up-to-date: /home/jezzy/huskybot/install/husky_description/share/husky_description/meshes/accessories/wibotic_bumper.stl
[0.702s] -- Up-to-date: /home/jezzy/huskybot/install/husky_description/share/husky_description/meshes/accessories/300_mm_sensor_arch.stl
[0.702s] -- Up-to-date: /home/jezzy/huskybot/install/husky_description/share/husky_description/meshes/accessories/lms1xx_mount.dae
[0.702s] -- Up-to-date: /home/jezzy/huskybot/install/husky_description/share/husky_description/meshes/accessories/510_mm_sensor_arch.dae
[0.702s] -- Up-to-date: /home/jezzy/huskybot/install/husky_description/share/husky_description/meshes/accessories/300_mm_sensor_arch.dae
[0.703s] -- Up-to-date: /home/jezzy/huskybot/install/husky_description/share/husky_description/meshes/accessories/lidar_mount.stl
[0.703s] -- Up-to-date: /home/jezzy/huskybot/install/husky_description/share/husky_description/meshes/accessories/hokuyo_ust10.stl
[0.703s] -- Up-to-date: /home/jezzy/huskybot/install/husky_description/share/husky_description/meshes/accessories/lms1xx_mount.stl
[0.703s] -- Up-to-date: /home/jezzy/huskybot/install/husky_description/share/husky_description/meshes/accessories/510_mm_sensor_arch.stl
[0.703s] -- Up-to-date: /home/jezzy/huskybot/install/husky_description/share/husky_description/urdf
[0.703s] -- Installing: /home/jezzy/huskybot/install/husky_description/share/husky_description/urdf/empty.urdf
[0.704s] -- Installing: /home/jezzy/huskybot/install/husky_description/share/husky_description/urdf/wheel.urdf.xacro
[0.704s] -- Installing: /home/jezzy/huskybot/install/husky_description/share/husky_description/urdf/husky.urdf.xacro
[0.712s] -- Installing: /home/jezzy/huskybot/install/husky_description/share/husky_description/urdf/decorations.urdf.xacro
[0.712s] -- Installing: /home/jezzy/huskybot/install/husky_description/share/husky_description/urdf/pacs.urdf.xacro
[0.714s] -- Up-to-date: /home/jezzy/huskybot/install/husky_description/share/husky_description/urdf/accessories
[0.730s] -- Installing: /home/jezzy/huskybot/install/husky_description/share/husky_description/urdf/accessories/hokuyo_ust10.urdf.xacro
[0.730s] -- Installing: /home/jezzy/huskybot/install/husky_description/share/husky_description/urdf/accessories/flir_blackfly_mount.urdf.xacro
[0.730s] -- Installing: /home/jezzy/huskybot/install/husky_description/share/husky_description/urdf/accessories/sick_lms1xx_mount.urdf.xacro
[0.731s] -- Installing: /home/jezzy/huskybot/install/husky_description/share/husky_description/urdf/accessories/intel_realsense.urdf.xacro
[0.731s] -- Installing: /home/jezzy/huskybot/install/husky_description/share/husky_description/urdf/accessories/vlp16_mount.urdf.xacro
[0.731s] -- Installing: /home/jezzy/huskybot/install/husky_description/share/husky_description/urdf/accessories/sensor_arch.urdf.xacro
[0.731s] -- Up-to-date: /home/jezzy/huskybot/install/husky_description/share/ament_index/resource_index/package_run_dependencies/husky_description
[0.732s] -- Up-to-date: /home/jezzy/huskybot/install/husky_description/share/ament_index/resource_index/parent_prefix_path/husky_description
[0.732s] -- Up-to-date: /home/jezzy/huskybot/install/husky_description/share/husky_description/environment/ament_prefix_path.sh
[0.732s] -- Up-to-date: /home/jezzy/huskybot/install/husky_description/share/husky_description/environment/ament_prefix_path.dsv
[0.732s] -- Up-to-date: /home/jezzy/huskybot/install/husky_description/share/husky_description/environment/path.sh
[0.733s] -- Up-to-date: /home/jezzy/huskybot/install/husky_description/share/husky_description/environment/path.dsv
[0.733s] -- Up-to-date: /home/jezzy/huskybot/install/husky_description/share/husky_description/local_setup.bash
[0.733s] -- Up-to-date: /home/jezzy/huskybot/install/husky_description/share/husky_description/local_setup.sh
[0.733s] -- Up-to-date: /home/jezzy/huskybot/install/husky_description/share/husky_description/local_setup.zsh
[0.734s] -- Up-to-date: /home/jezzy/huskybot/install/husky_description/share/husky_description/local_setup.dsv
[0.734s] -- Installing: /home/jezzy/huskybot/install/husky_description/share/husky_description/package.dsv
[0.734s] -- Up-to-date: /home/jezzy/huskybot/install/husky_description/share/ament_index/resource_index/packages/husky_description
[0.734s] -- Up-to-date: /home/jezzy/huskybot/install/husky_description/share/husky_description/cmake/husky_descriptionConfig.cmake
[0.750s] -- Up-to-date: /home/jezzy/huskybot/install/husky_description/share/husky_description/cmake/husky_descriptionConfig-version.cmake
[0.750s] -- Up-to-date: /home/jezzy/huskybot/install/husky_description/share/husky_description/package.xml
[0.750s] Invoked command in '/home/jezzy/huskybot/build/husky_description' returned '0': CMAKE_PREFIX_PATH=${CMAKE_PREFIX_PATH}:/home/jezzy/huskybot/install/huskybot_fusion:/home/jezzy/huskybot/install/huskybot_navigation:/home/jezzy/husky_ws/turtlebot3/install/turtlebot3_teleop:/home/jezzy/husky_ws/turtlebot3/install/turtlebot3_example:/home/jezzy/husky_ws/turtlebot3/install/segtect:/home/jezzy/husky_ws/turtlebot3/install/autonomous_exploration:/home/jezzy/husky_ws/lintic/install/yolosed:/home/jezzy/husky_ws/lintic/install/visual:/home/jezzy/husky_ws/lintic/install/segnet:/opt/ros/humble /usr/bin/cmake --install /home/jezzy/huskybot/build/husky_description
