[0.089s] Invoking command in '/home/jezzy/yolobot/build/husky_msgs': /usr/bin/cmake /home/jezzy/yolobot/src/husky/husky_msgs -DCATKIN_INSTALL_INTO_PREFIX_ROOT=0 -DCMAKE_INSTALL_PREFIX=/home/jezzy/yolobot/install/husky_msgs
[0.985s] -- The C compiler identification is GNU 11.4.0
[3.077s] -- The CXX compiler identification is GNU 11.4.0
[4.962s] -- Detecting C compiler ABI info
[5.581s] -- Detecting C compiler ABI info - done
[5.626s] -- Check for working C compiler: /usr/bin/cc - skipped
[5.627s] -- Detecting C compile features
[5.631s] -- Detecting C compile features - done
[5.648s] -- Detecting CXX compiler ABI info
[6.358s] -- Detecting CXX compiler ABI info - done
[6.400s] -- Check for working CXX compiler: /usr/bin/c++ - skipped
[6.401s] -- Detecting CXX compile features
[6.402s] -- Detecting CXX compile features - done
[12.833s] -- Configuring incomplete, errors occurred!
[12.834s] See also "/home/jezzy/yolobot/build/husky_msgs/CMakeFiles/CMakeOutput.log".
[12.834s] [31mCMake Error at CMakeLists.txt:4 (find_package):
[12.835s]   By not providing "Findcatkin.cmake" in CMAKE_MODULE_PATH this project has
[12.835s]   asked CMake to find a package configuration file provided by "catkin", but
[12.835s]   CMake did not find one.
[12.835s] 
[12.835s]   Could not find a package configuration file provided by "catkin" with any
[12.836s]   of the following names:
[12.836s] 
[12.836s]     catkinConfig.cmake
[12.836s]     catkin-config.cmake
[12.836s] 
[12.836s]   Add the installation prefix of "catkin" to CMAKE_PREFIX_PATH or set
[12.837s]   "catkin_DIR" to a directory containing one of the above files.  If "catkin"
[12.837s]   provides a separate development package or SDK, be sure it has been
[12.837s]   installed.
[12.838s] 
[12.839s] [0m
[12.852s] Invoked command in '/home/jezzy/yolobot/build/husky_msgs' returned '1': /usr/bin/cmake /home/jezzy/yolobot/src/husky/husky_msgs -DCATKIN_INSTALL_INTO_PREFIX_ROOT=0 -DCMAKE_INSTALL_PREFIX=/home/jezzy/yolobot/install/husky_msgs
