[3.804s] Invoking command in '/home/jezzy/huskybot/src/huskybot_navigation': PYTHONPATH=/home/jezzy/huskybot/build/huskybot_navigation/prefix_override:/usr/lib/python3/dist-packages/colcon_core/task/python/colcon_distutils_commands:/home/jezzy/huskybot/install/huskybot_navigation/lib/python3.10/site-packages:${PYTHONPATH} /usr/bin/python3 -W ignore:setup.py install is deprecated -W ignore:easy_install command is deprecated setup.py egg_info --egg-base ../../build/huskybot_navigation build --build-base /home/jezzy/huskybot/build/huskybot_navigation/build install --record /home/jezzy/huskybot/build/huskybot_navigation/install.log --single-version-externally-managed install_data
[4.897s] running egg_info
[4.899s] creating ../../build/huskybot_navigation/huskybot_navigation.egg-info
[4.904s] writing ../../build/huskybot_navigation/huskybot_navigation.egg-info/PKG-INFO
[4.904s] writing dependency_links to ../../build/huskybot_navigation/huskybot_navigation.egg-info/dependency_links.txt
[4.904s] writing entry points to ../../build/huskybot_navigation/huskybot_navigation.egg-info/entry_points.txt
[4.904s] writing requirements to ../../build/huskybot_navigation/huskybot_navigation.egg-info/requires.txt
[4.905s] writing top-level names to ../../build/huskybot_navigation/huskybot_navigation.egg-info/top_level.txt
[4.905s] writing manifest file '../../build/huskybot_navigation/huskybot_navigation.egg-info/SOURCES.txt'
[4.908s] reading manifest file '../../build/huskybot_navigation/huskybot_navigation.egg-info/SOURCES.txt'
[4.914s] writing manifest file '../../build/huskybot_navigation/huskybot_navigation.egg-info/SOURCES.txt'
[4.915s] running build
[4.915s] running build_py
[4.915s] creating /home/jezzy/huskybot/build/huskybot_navigation/build
[4.915s] creating /home/jezzy/huskybot/build/huskybot_navigation/build/lib
[4.916s] creating /home/jezzy/huskybot/build/huskybot_navigation/build/lib/huskybot_navigation
[4.916s] copying huskybot_navigation/navigation_node.py -> /home/jezzy/huskybot/build/huskybot_navigation/build/lib/huskybot_navigation
[4.916s] copying huskybot_navigation/__init__.py -> /home/jezzy/huskybot/build/huskybot_navigation/build/lib/huskybot_navigation
[4.917s] running install
[4.917s] running install_lib
[4.923s] creating /home/jezzy/huskybot/install/huskybot_navigation/lib/python3.10/site-packages/huskybot_navigation
[4.923s] copying /home/jezzy/huskybot/build/huskybot_navigation/build/lib/huskybot_navigation/navigation_node.py -> /home/jezzy/huskybot/install/huskybot_navigation/lib/python3.10/site-packages/huskybot_navigation
[4.924s] copying /home/jezzy/huskybot/build/huskybot_navigation/build/lib/huskybot_navigation/__init__.py -> /home/jezzy/huskybot/install/huskybot_navigation/lib/python3.10/site-packages/huskybot_navigation
[4.926s] byte-compiling /home/jezzy/huskybot/install/huskybot_navigation/lib/python3.10/site-packages/huskybot_navigation/navigation_node.py to navigation_node.cpython-310.pyc
[4.929s] byte-compiling /home/jezzy/huskybot/install/huskybot_navigation/lib/python3.10/site-packages/huskybot_navigation/__init__.py to __init__.cpython-310.pyc
[4.929s] running install_data
[4.930s] creating /home/jezzy/huskybot/install/huskybot_navigation/share/ament_index
[4.931s] creating /home/jezzy/huskybot/install/huskybot_navigation/share/ament_index/resource_index
[4.932s] creating /home/jezzy/huskybot/install/huskybot_navigation/share/ament_index/resource_index/packages
[4.934s] copying resource/huskybot_navigation -> /home/jezzy/huskybot/install/huskybot_navigation/share/ament_index/resource_index/packages
[4.937s] copying package.xml -> /home/jezzy/huskybot/install/huskybot_navigation/share/huskybot_navigation
[4.937s] running install_egg_info
[4.942s] Copying ../../build/huskybot_navigation/huskybot_navigation.egg-info to /home/jezzy/huskybot/install/huskybot_navigation/lib/python3.10/site-packages/huskybot_navigation-0.0.0-py3.10.egg-info
[4.946s] running install_scripts
[5.039s] writing list of installed files to '/home/jezzy/huskybot/build/huskybot_navigation/install.log'
[5.128s] Invoked command in '/home/jezzy/huskybot/src/huskybot_navigation' returned '0': PYTHONPATH=/home/jezzy/huskybot/build/huskybot_navigation/prefix_override:/usr/lib/python3/dist-packages/colcon_core/task/python/colcon_distutils_commands:/home/jezzy/huskybot/install/huskybot_navigation/lib/python3.10/site-packages:${PYTHONPATH} /usr/bin/python3 -W ignore:setup.py install is deprecated -W ignore:easy_install command is deprecated setup.py egg_info --egg-base ../../build/huskybot_navigation build --build-base /home/jezzy/huskybot/build/huskybot_navigation/build install --record /home/jezzy/huskybot/build/huskybot_navigation/install.log --single-version-externally-managed install_data
