[2.677s] Invoking command in '/home/jezzy/huskybot/build/huskybot_recognition': AMENT_PREFIX_PATH=/home/jezzy/huskybot/install/yolov12_msgs:${AMENT_PREFIX_PATH} CMAKE_PREFIX_PATH=/home/jezzy/huskybot/install/yolov12_msgs:/home/jezzy/huskybot/install/huskybot_control:/home/jezzy/huskybot/install/husky_custom_description:/home/jezzy/husky_ws/turtlebot3/install/turtlebot3:/home/jezzy/husky_ws/turtlebot3/install/turtlebot3_simulations:/home/jezzy/husky_ws/turtlebot3/install/turtlebot3_bringup:/home/jezzy/husky_ws/turtlebot3/install/turtlebot3_node:/home/jezzy/husky_ws/turtlebot3/install/turtlebot3_navigation2:/home/jezzy/husky_ws/turtlebot3/install/turtlebot3_fake_node:/home/jezzy/husky_ws/turtlebot3/install/turtlebot3_msgs:/home/jezzy/husky_ws/turtlebot3/install/turtlebot3_gazebo:/home/jezzy/husky_ws/turtlebot3/install/turtlebot3_description:/home/jezzy/husky_ws/turtlebot3/install/turtlebot3_cartographer:/home/jezzy/husky_ws/turtlebot3/install/dynamixel_sdk_examples:/home/jezzy/husky_ws/turtlebot3/install/dynamixel_sdk_custom_interfaces:/home/jezzy/husky_ws/turtlebot3/install/dynamixel_sdk:/home/jezzy/husky_ws/lintic/install/yolosed:/home/jezzy/husky_ws/lintic/install/visual:/home/jezzy/husky_ws/lintic/install/segnet:/home/jezzy/husky_ws/turtlebot3/install/turtlebot3_teleop:/home/jezzy/husky_ws/turtlebot3/install/turtlebot3_example:/home/jezzy/husky_ws/turtlebot3/install/segtect:/home/jezzy/husky_ws/turtlebot3/install/autonomous_exploration:/opt/ros/humble LD_LIBRARY_PATH=/home/jezzy/huskybot/install/yolov12_msgs/lib:${LD_LIBRARY_PATH} PYTHONPATH=/home/jezzy/huskybot/install/yolov12_msgs/local/lib/python3.10/dist-packages:${PYTHONPATH} /usr/bin/cmake --build /home/jezzy/huskybot/build/huskybot_recognition -- -j4 -l4
[2.799s] Invoked command in '/home/jezzy/huskybot/build/huskybot_recognition' returned '0': AMENT_PREFIX_PATH=/home/jezzy/huskybot/install/yolov12_msgs:${AMENT_PREFIX_PATH} CMAKE_PREFIX_PATH=/home/jezzy/huskybot/install/yolov12_msgs:/home/jezzy/huskybot/install/huskybot_control:/home/jezzy/huskybot/install/husky_custom_description:/home/jezzy/husky_ws/turtlebot3/install/turtlebot3:/home/jezzy/husky_ws/turtlebot3/install/turtlebot3_simulations:/home/jezzy/husky_ws/turtlebot3/install/turtlebot3_bringup:/home/jezzy/husky_ws/turtlebot3/install/turtlebot3_node:/home/jezzy/husky_ws/turtlebot3/install/turtlebot3_navigation2:/home/jezzy/husky_ws/turtlebot3/install/turtlebot3_fake_node:/home/jezzy/husky_ws/turtlebot3/install/turtlebot3_msgs:/home/jezzy/husky_ws/turtlebot3/install/turtlebot3_gazebo:/home/jezzy/husky_ws/turtlebot3/install/turtlebot3_description:/home/jezzy/husky_ws/turtlebot3/install/turtlebot3_cartographer:/home/jezzy/husky_ws/turtlebot3/install/dynamixel_sdk_examples:/home/jezzy/husky_ws/turtlebot3/install/dynamixel_sdk_custom_interfaces:/home/jezzy/husky_ws/turtlebot3/install/dynamixel_sdk:/home/jezzy/husky_ws/lintic/install/yolosed:/home/jezzy/husky_ws/lintic/install/visual:/home/jezzy/husky_ws/lintic/install/segnet:/home/jezzy/husky_ws/turtlebot3/install/turtlebot3_teleop:/home/jezzy/husky_ws/turtlebot3/install/turtlebot3_example:/home/jezzy/husky_ws/turtlebot3/install/segtect:/home/jezzy/husky_ws/turtlebot3/install/autonomous_exploration:/opt/ros/humble LD_LIBRARY_PATH=/home/jezzy/huskybot/install/yolov12_msgs/lib:${LD_LIBRARY_PATH} PYTHONPATH=/home/jezzy/huskybot/install/yolov12_msgs/local/lib/python3.10/dist-packages:${PYTHONPATH} /usr/bin/cmake --build /home/jezzy/huskybot/build/huskybot_recognition -- -j4 -l4
[2.800s] Invoking command in '/home/jezzy/huskybot/build/huskybot_recognition': AMENT_PREFIX_PATH=/home/jezzy/huskybot/install/yolov12_msgs:${AMENT_PREFIX_PATH} CMAKE_PREFIX_PATH=/home/jezzy/huskybot/install/yolov12_msgs:/home/jezzy/huskybot/install/huskybot_control:/home/jezzy/huskybot/install/husky_custom_description:/home/jezzy/husky_ws/turtlebot3/install/turtlebot3:/home/jezzy/husky_ws/turtlebot3/install/turtlebot3_simulations:/home/jezzy/husky_ws/turtlebot3/install/turtlebot3_bringup:/home/jezzy/husky_ws/turtlebot3/install/turtlebot3_node:/home/jezzy/husky_ws/turtlebot3/install/turtlebot3_navigation2:/home/jezzy/husky_ws/turtlebot3/install/turtlebot3_fake_node:/home/jezzy/husky_ws/turtlebot3/install/turtlebot3_msgs:/home/jezzy/husky_ws/turtlebot3/install/turtlebot3_gazebo:/home/jezzy/husky_ws/turtlebot3/install/turtlebot3_description:/home/jezzy/husky_ws/turtlebot3/install/turtlebot3_cartographer:/home/jezzy/husky_ws/turtlebot3/install/dynamixel_sdk_examples:/home/jezzy/husky_ws/turtlebot3/install/dynamixel_sdk_custom_interfaces:/home/jezzy/husky_ws/turtlebot3/install/dynamixel_sdk:/home/jezzy/husky_ws/lintic/install/yolosed:/home/jezzy/husky_ws/lintic/install/visual:/home/jezzy/husky_ws/lintic/install/segnet:/home/jezzy/husky_ws/turtlebot3/install/turtlebot3_teleop:/home/jezzy/husky_ws/turtlebot3/install/turtlebot3_example:/home/jezzy/husky_ws/turtlebot3/install/segtect:/home/jezzy/husky_ws/turtlebot3/install/autonomous_exploration:/opt/ros/humble LD_LIBRARY_PATH=/home/jezzy/huskybot/install/yolov12_msgs/lib:${LD_LIBRARY_PATH} PYTHONPATH=/home/jezzy/huskybot/install/yolov12_msgs/local/lib/python3.10/dist-packages:${PYTHONPATH} /usr/bin/cmake --install /home/jezzy/huskybot/build/huskybot_recognition
[2.840s] -- Install configuration: ""
[2.840s] -- Up-to-date: /home/jezzy/huskybot/install/huskybot_recognition/share/huskybot_recognition//scripts
[2.841s] -- Up-to-date: /home/jezzy/huskybot/install/huskybot_recognition/share/huskybot_recognition//scripts/yolov12_inference_listener.py
[2.841s] -- Up-to-date: /home/jezzy/huskybot/install/huskybot_recognition/share/huskybot_recognition//scripts/yolov12_detection_logger.py
[2.841s] -- Up-to-date: /home/jezzy/huskybot/install/huskybot_recognition/share/huskybot_recognition//scripts/yolov12n.pt
[2.841s] -- Up-to-date: /home/jezzy/huskybot/install/huskybot_recognition/share/huskybot_recognition//scripts/.gitignore
[2.843s] -- Up-to-date: /home/jezzy/huskybot/install/huskybot_recognition/share/huskybot_recognition//scripts/yolov12_panorama_inference.py
[2.850s] -- Up-to-date: /home/jezzy/huskybot/install/huskybot_recognition/share/huskybot_recognition//scripts/.gitattributes
[2.851s] -- Up-to-date: /home/jezzy/huskybot/install/huskybot_recognition/share/huskybot_recognition//scripts/yolo11n.pt
[2.852s] -- Up-to-date: /home/jezzy/huskybot/install/huskybot_recognition/share/huskybot_recognition//scripts/.dockerignore
[2.853s] -- Up-to-date: /home/jezzy/huskybot/install/huskybot_recognition/share/huskybot_recognition//scripts/yolov12_ros2_pt.py
[2.854s] -- Up-to-date: /home/jezzy/huskybot/install/huskybot_recognition/share/huskybot_recognition//scripts/yolov12_stitcher_node.py
[2.857s] -- Up-to-date: /home/jezzy/huskybot/install/huskybot_recognition/share/huskybot_recognition//scripts/yolov12_ros2_subscriber.py
[2.858s] -- Up-to-date: /home/jezzy/huskybot/install/huskybot_recognition/share/huskybot_recognition//launch
[2.859s] -- Up-to-date: /home/jezzy/huskybot/install/huskybot_recognition/share/huskybot_recognition//launch/launch_yolov12.launch.py
[2.860s] -- Up-to-date: /home/jezzy/huskybot/install/huskybot_recognition/lib/huskybot_recognition/yolov12_ros2_pt.py
[2.861s] -- Up-to-date: /home/jezzy/huskybot/install/huskybot_recognition/lib/huskybot_recognition/yolov12_ros2_subscriber.py
[2.862s] -- Up-to-date: /home/jezzy/huskybot/install/huskybot_recognition/lib/huskybot_recognition/yolov12_stitcher_node.py
[2.872s] -- Up-to-date: /home/jezzy/huskybot/install/huskybot_recognition/lib/huskybot_recognition/yolov12_panorama_inference.py
[2.884s] -- Up-to-date: /home/jezzy/huskybot/install/huskybot_recognition/lib/huskybot_recognition/yolov12_inference_listener.py
[2.885s] -- Up-to-date: /home/jezzy/huskybot/install/huskybot_recognition/share/ament_index/resource_index/package_run_dependencies/huskybot_recognition
[2.887s] -- Up-to-date: /home/jezzy/huskybot/install/huskybot_recognition/share/ament_index/resource_index/parent_prefix_path/huskybot_recognition
[2.890s] -- Up-to-date: /home/jezzy/huskybot/install/huskybot_recognition/share/huskybot_recognition/environment/ament_prefix_path.sh
[2.891s] -- Up-to-date: /home/jezzy/huskybot/install/huskybot_recognition/share/huskybot_recognition/environment/ament_prefix_path.dsv
[2.893s] -- Up-to-date: /home/jezzy/huskybot/install/huskybot_recognition/share/huskybot_recognition/environment/path.sh
[2.901s] -- Up-to-date: /home/jezzy/huskybot/install/huskybot_recognition/share/huskybot_recognition/environment/path.dsv
[2.902s] -- Up-to-date: /home/jezzy/huskybot/install/huskybot_recognition/share/huskybot_recognition/local_setup.bash
[2.902s] -- Up-to-date: /home/jezzy/huskybot/install/huskybot_recognition/share/huskybot_recognition/local_setup.sh
[2.902s] -- Up-to-date: /home/jezzy/huskybot/install/huskybot_recognition/share/huskybot_recognition/local_setup.zsh
[2.903s] -- Up-to-date: /home/jezzy/huskybot/install/huskybot_recognition/share/huskybot_recognition/local_setup.dsv
[2.903s] -- Up-to-date: /home/jezzy/huskybot/install/huskybot_recognition/share/huskybot_recognition/package.dsv
[2.904s] -- Up-to-date: /home/jezzy/huskybot/install/huskybot_recognition/share/ament_index/resource_index/packages/huskybot_recognition
[2.906s] -- Up-to-date: /home/jezzy/huskybot/install/huskybot_recognition/share/huskybot_recognition/cmake/huskybot_recognitionConfig.cmake
[2.912s] -- Up-to-date: /home/jezzy/huskybot/install/huskybot_recognition/share/huskybot_recognition/cmake/huskybot_recognitionConfig-version.cmake
[2.912s] -- Up-to-date: /home/jezzy/huskybot/install/huskybot_recognition/share/huskybot_recognition/package.xml
[2.914s] Invoked command in '/home/jezzy/huskybot/build/huskybot_recognition' returned '0': AMENT_PREFIX_PATH=/home/jezzy/huskybot/install/yolov12_msgs:${AMENT_PREFIX_PATH} CMAKE_PREFIX_PATH=/home/jezzy/huskybot/install/yolov12_msgs:/home/jezzy/huskybot/install/huskybot_control:/home/jezzy/huskybot/install/husky_custom_description:/home/jezzy/husky_ws/turtlebot3/install/turtlebot3:/home/jezzy/husky_ws/turtlebot3/install/turtlebot3_simulations:/home/jezzy/husky_ws/turtlebot3/install/turtlebot3_bringup:/home/jezzy/husky_ws/turtlebot3/install/turtlebot3_node:/home/jezzy/husky_ws/turtlebot3/install/turtlebot3_navigation2:/home/jezzy/husky_ws/turtlebot3/install/turtlebot3_fake_node:/home/jezzy/husky_ws/turtlebot3/install/turtlebot3_msgs:/home/jezzy/husky_ws/turtlebot3/install/turtlebot3_gazebo:/home/jezzy/husky_ws/turtlebot3/install/turtlebot3_description:/home/jezzy/husky_ws/turtlebot3/install/turtlebot3_cartographer:/home/jezzy/husky_ws/turtlebot3/install/dynamixel_sdk_examples:/home/jezzy/husky_ws/turtlebot3/install/dynamixel_sdk_custom_interfaces:/home/jezzy/husky_ws/turtlebot3/install/dynamixel_sdk:/home/jezzy/husky_ws/lintic/install/yolosed:/home/jezzy/husky_ws/lintic/install/visual:/home/jezzy/husky_ws/lintic/install/segnet:/home/jezzy/husky_ws/turtlebot3/install/turtlebot3_teleop:/home/jezzy/husky_ws/turtlebot3/install/turtlebot3_example:/home/jezzy/husky_ws/turtlebot3/install/segtect:/home/jezzy/husky_ws/turtlebot3/install/autonomous_exploration:/opt/ros/humble LD_LIBRARY_PATH=/home/jezzy/huskybot/install/yolov12_msgs/lib:${LD_LIBRARY_PATH} PYTHONPATH=/home/jezzy/huskybot/install/yolov12_msgs/local/lib/python3.10/dist-packages:${PYTHONPATH} /usr/bin/cmake --install /home/jezzy/huskybot/build/huskybot_recognition
