[3.375s] Invoking command in '/home/jezzy/huskybot/src/huskybot_fusion': CMAKE_PREFIX_PATH=/home/jezzy/huskybot/install/yolov12_msgs:/home/jezzy/huskybot/install/huskybot_recognition:/home/jezzy/huskybot/install/velodyne:/home/jezzy/huskybot/install/velodyne_pointcloud:/home/jezzy/huskybot/install/velodyne_driver:/home/jezzy/huskybot/install/velodyne_msgs:/home/jezzy/huskybot/install/velodyne_laserscan:/home/jezzy/huskybot/install/huskybot_mapping:/home/jezzy/huskybot/install/huskybot_gazebo:/home/jezzy/huskybot/install/huskybot_description:/home/jezzy/huskybot/install/huskybot_control:/home/jezzy/huskybot/install/husky_custom_description:/home/jezzy/husky_ws/turtlebot3/install/turtlebot3:/home/jezzy/husky_ws/turtlebot3/install/turtlebot3_simulations:/home/jezzy/husky_ws/turtlebot3/install/turtlebot3_bringup:/home/jezzy/husky_ws/turtlebot3/install/turtlebot3_node:/home/jezzy/husky_ws/turtlebot3/install/turtlebot3_navigation2:/home/jezzy/husky_ws/turtlebot3/install/turtlebot3_fake_node:/home/jezzy/husky_ws/turtlebot3/install/turtlebot3_msgs:/home/jezzy/husky_ws/turtlebot3/install/turtlebot3_gazebo:/home/jezzy/husky_ws/turtlebot3/install/turtlebot3_description:/home/jezzy/husky_ws/turtlebot3/install/turtlebot3_cartographer:/home/jezzy/husky_ws/turtlebot3/install/dynamixel_sdk_examples:/home/jezzy/husky_ws/turtlebot3/install/dynamixel_sdk_custom_interfaces:/home/jezzy/husky_ws/turtlebot3/install/dynamixel_sdk LD_LIBRARY_PATH=/home/jezzy/huskybot/install/yolov12_msgs/lib:/home/jezzy/huskybot/install/velodyne_pointcloud/lib:/home/jezzy/huskybot/install/velodyne_driver/lib:/home/jezzy/huskybot/install/velodyne_msgs/lib:/home/jezzy/huskybot/install/velodyne_laserscan/lib:/home/jezzy/husky_ws/turtlebot3/install/turtlebot3_msgs/lib:/home/jezzy/husky_ws/turtlebot3/install/dynamixel_sdk_custom_interfaces/lib:/home/jezzy/husky_ws/turtlebot3/install/dynamixel_sdk/lib:/usr/lib/x86_64-linux-gnu/gazebo-11/plugins:/opt/ros/humble/opt/rviz_ogre_vendor/lib:/opt/ros/humble/lib/x86_64-linux-gnu:/opt/ros/humble/lib:/usr/share/gazebo/../../lib/x86_64-linux-gnu/gazebo-11/plugins PYTHONPATH=/home/jezzy/huskybot/build/huskybot_fusion/prefix_override:/usr/lib/python3/dist-packages/colcon_core/task/python/colcon_distutils_commands:/home/jezzy/huskybot/install/huskybot_fusion/lib/python3.10/site-packages:${PYTHONPATH} /usr/bin/python3 -W ignore:setup.py install is deprecated -W ignore:easy_install command is deprecated setup.py egg_info --egg-base ../../build/huskybot_fusion build --build-base /home/jezzy/huskybot/build/huskybot_fusion/build install --record /home/jezzy/huskybot/build/huskybot_fusion/install.log --single-version-externally-managed install_data
[4.320s] running egg_info
[4.322s] creating ../../build/huskybot_fusion/huskybot_fusion.egg-info
[4.323s] writing ../../build/huskybot_fusion/huskybot_fusion.egg-info/PKG-INFO
[4.325s] writing dependency_links to ../../build/huskybot_fusion/huskybot_fusion.egg-info/dependency_links.txt
[4.326s] writing entry points to ../../build/huskybot_fusion/huskybot_fusion.egg-info/entry_points.txt
[4.326s] writing requirements to ../../build/huskybot_fusion/huskybot_fusion.egg-info/requires.txt
[4.327s] writing top-level names to ../../build/huskybot_fusion/huskybot_fusion.egg-info/top_level.txt
[4.328s] writing manifest file '../../build/huskybot_fusion/huskybot_fusion.egg-info/SOURCES.txt'
[4.333s] reading manifest file '../../build/huskybot_fusion/huskybot_fusion.egg-info/SOURCES.txt'
[4.335s] writing manifest file '../../build/huskybot_fusion/huskybot_fusion.egg-info/SOURCES.txt'
[4.336s] running build
[4.336s] running build_py
[4.336s] creating /home/jezzy/huskybot/build/huskybot_fusion/build
[4.337s] creating /home/jezzy/huskybot/build/huskybot_fusion/build/lib
[4.338s] creating /home/jezzy/huskybot/build/huskybot_fusion/build/lib/huskybot_fusion
[4.338s] copying huskybot_fusion/fusion_utils.py -> /home/jezzy/huskybot/build/huskybot_fusion/build/lib/huskybot_fusion
[4.339s] copying huskybot_fusion/fusion_node.py -> /home/jezzy/huskybot/build/huskybot_fusion/build/lib/huskybot_fusion
[4.340s] copying huskybot_fusion/__init__.py -> /home/jezzy/huskybot/build/huskybot_fusion/build/lib/huskybot_fusion
[4.342s] running install
[4.343s] running install_lib
[4.345s] creating /home/jezzy/huskybot/install/huskybot_fusion/lib/python3.10/site-packages/huskybot_fusion
[4.346s] copying /home/jezzy/huskybot/build/huskybot_fusion/build/lib/huskybot_fusion/fusion_utils.py -> /home/jezzy/huskybot/install/huskybot_fusion/lib/python3.10/site-packages/huskybot_fusion
[4.347s] copying /home/jezzy/huskybot/build/huskybot_fusion/build/lib/huskybot_fusion/fusion_node.py -> /home/jezzy/huskybot/install/huskybot_fusion/lib/python3.10/site-packages/huskybot_fusion
[4.349s] copying /home/jezzy/huskybot/build/huskybot_fusion/build/lib/huskybot_fusion/__init__.py -> /home/jezzy/huskybot/install/huskybot_fusion/lib/python3.10/site-packages/huskybot_fusion
[4.351s] byte-compiling /home/jezzy/huskybot/install/huskybot_fusion/lib/python3.10/site-packages/huskybot_fusion/fusion_utils.py to fusion_utils.cpython-310.pyc
[4.354s] byte-compiling /home/jezzy/huskybot/install/huskybot_fusion/lib/python3.10/site-packages/huskybot_fusion/fusion_node.py to fusion_node.cpython-310.pyc
[4.362s] byte-compiling /home/jezzy/huskybot/install/huskybot_fusion/lib/python3.10/site-packages/huskybot_fusion/__init__.py to __init__.cpython-310.pyc
[4.364s] running install_data
[4.364s] creating /home/jezzy/huskybot/install/huskybot_fusion/share/ament_index
[4.365s] creating /home/jezzy/huskybot/install/huskybot_fusion/share/ament_index/resource_index
[4.365s] creating /home/jezzy/huskybot/install/huskybot_fusion/share/ament_index/resource_index/packages
[4.366s] copying resource/huskybot_fusion -> /home/jezzy/huskybot/install/huskybot_fusion/share/ament_index/resource_index/packages
[4.367s] copying package.xml -> /home/jezzy/huskybot/install/huskybot_fusion/share/huskybot_fusion
[4.368s] creating /home/jezzy/huskybot/install/huskybot_fusion/share/huskybot_fusion/msg
[4.369s] copying msg/Object3D.msg -> /home/jezzy/huskybot/install/huskybot_fusion/share/huskybot_fusion/msg
[4.370s] creating /home/jezzy/huskybot/install/huskybot_fusion/share/huskybot_fusion/launch
[4.371s] copying launch/fusion.launch.py -> /home/jezzy/huskybot/install/huskybot_fusion/share/huskybot_fusion/launch
[4.372s] running install_egg_info
[4.377s] Copying ../../build/huskybot_fusion/huskybot_fusion.egg-info to /home/jezzy/huskybot/install/huskybot_fusion/lib/python3.10/site-packages/huskybot_fusion-0.0.0-py3.10.egg-info
[4.391s] running install_scripts
[4.464s] Installing fusion_node.py script to /home/jezzy/huskybot/install/huskybot_fusion/lib/huskybot_fusion
[4.466s] writing list of installed files to '/home/jezzy/huskybot/build/huskybot_fusion/install.log'
[4.546s] Invoked command in '/home/jezzy/huskybot/src/huskybot_fusion' returned '0': CMAKE_PREFIX_PATH=/home/jezzy/huskybot/install/yolov12_msgs:/home/jezzy/huskybot/install/huskybot_recognition:/home/jezzy/huskybot/install/velodyne:/home/jezzy/huskybot/install/velodyne_pointcloud:/home/jezzy/huskybot/install/velodyne_driver:/home/jezzy/huskybot/install/velodyne_msgs:/home/jezzy/huskybot/install/velodyne_laserscan:/home/jezzy/huskybot/install/huskybot_mapping:/home/jezzy/huskybot/install/huskybot_gazebo:/home/jezzy/huskybot/install/huskybot_description:/home/jezzy/huskybot/install/huskybot_control:/home/jezzy/huskybot/install/husky_custom_description:/home/jezzy/husky_ws/turtlebot3/install/turtlebot3:/home/jezzy/husky_ws/turtlebot3/install/turtlebot3_simulations:/home/jezzy/husky_ws/turtlebot3/install/turtlebot3_bringup:/home/jezzy/husky_ws/turtlebot3/install/turtlebot3_node:/home/jezzy/husky_ws/turtlebot3/install/turtlebot3_navigation2:/home/jezzy/husky_ws/turtlebot3/install/turtlebot3_fake_node:/home/jezzy/husky_ws/turtlebot3/install/turtlebot3_msgs:/home/jezzy/husky_ws/turtlebot3/install/turtlebot3_gazebo:/home/jezzy/husky_ws/turtlebot3/install/turtlebot3_description:/home/jezzy/husky_ws/turtlebot3/install/turtlebot3_cartographer:/home/jezzy/husky_ws/turtlebot3/install/dynamixel_sdk_examples:/home/jezzy/husky_ws/turtlebot3/install/dynamixel_sdk_custom_interfaces:/home/jezzy/husky_ws/turtlebot3/install/dynamixel_sdk LD_LIBRARY_PATH=/home/jezzy/huskybot/install/yolov12_msgs/lib:/home/jezzy/huskybot/install/velodyne_pointcloud/lib:/home/jezzy/huskybot/install/velodyne_driver/lib:/home/jezzy/huskybot/install/velodyne_msgs/lib:/home/jezzy/huskybot/install/velodyne_laserscan/lib:/home/jezzy/husky_ws/turtlebot3/install/turtlebot3_msgs/lib:/home/jezzy/husky_ws/turtlebot3/install/dynamixel_sdk_custom_interfaces/lib:/home/jezzy/husky_ws/turtlebot3/install/dynamixel_sdk/lib:/usr/lib/x86_64-linux-gnu/gazebo-11/plugins:/opt/ros/humble/opt/rviz_ogre_vendor/lib:/opt/ros/humble/lib/x86_64-linux-gnu:/opt/ros/humble/lib:/usr/share/gazebo/../../lib/x86_64-linux-gnu/gazebo-11/plugins PYTHONPATH=/home/jezzy/huskybot/build/huskybot_fusion/prefix_override:/usr/lib/python3/dist-packages/colcon_core/task/python/colcon_distutils_commands:/home/jezzy/huskybot/install/huskybot_fusion/lib/python3.10/site-packages:${PYTHONPATH} /usr/bin/python3 -W ignore:setup.py install is deprecated -W ignore:easy_install command is deprecated setup.py egg_info --egg-base ../../build/huskybot_fusion build --build-base /home/jezzy/huskybot/build/huskybot_fusion/build install --record /home/jezzy/huskybot/build/huskybot_fusion/install.log --single-version-externally-managed install_data
