[0.089s] Invoking command in '/home/jezzy/yolobot/build/lio_sam': CMAKE_PREFIX_PATH=${CMAKE_PREFIX_PATH}:/home/jezzy/yolobot/install/yolobot_fusion:/home/jezzy/yolobot/install/yolobot_navigation:/home/jezzy/husky_ws/lintic/install/yolosed:/home/jezzy/husky_ws/lintic/install/visual:/home/jezzy/husky_ws/lintic/install/segnet:/home/jezzy/husky_ws/turtlebot3/install/turtlebot3_teleop:/home/jezzy/husky_ws/turtlebot3/install/turtlebot3_example:/home/jezzy/husky_ws/turtlebot3/install/segtect:/home/jezzy/husky_ws/turtlebot3/install/autonomous_exploration:/opt/ros/humble /usr/bin/cmake --build /home/jezzy/yolobot/build/lio_sam -- -j4 -l4
[0.317s] -- Found ament_cmake: 1.3.11 (/opt/ros/humble/share/ament_cmake/cmake)
[1.144s] -- Found rosidl_default_generators: 1.2.0 (/opt/ros/humble/share/rosidl_default_generators/cmake)
[1.168s] -- Using all available rosidl_typesupport_c: rosidl_typesupport_fastrtps_c;rosidl_typesupport_introspection_c
[1.177s] -- Found rosidl_adapter: 3.1.6 (/opt/ros/humble/share/rosidl_adapter/cmake)
[1.786s] -- Using all available rosidl_typesupport_cpp: rosidl_typesupport_fastrtps_cpp;rosidl_typesupport_introspection_cpp
[2.066s] -- Found rclcpp: 16.0.12 (/opt/ros/humble/share/rclcpp/cmake)
[2.293s] -- Found rmw_implementation_cmake: 6.1.2 (/opt/ros/humble/share/rmw_implementation_cmake/cmake)
[2.306s] -- Found rmw_fastrtps_cpp: 6.2.7 (/opt/ros/humble/share/rmw_fastrtps_cpp/cmake)
[20.779s] -- Using RMW implementation 'rmw_fastrtps_cpp' as default
[20.872s] -- Found rclpy: 3.3.16 (/opt/ros/humble/share/rclpy/cmake)
[20.875s] -- Found cv_bridge: 3.2.1 (/opt/ros/humble/share/cv_bridge/cmake)
[20.960s] -- Found nav_msgs: 4.8.0 (/opt/ros/humble/share/nav_msgs/cmake)
[21.004s] -- Found visualization_msgs: 4.8.0 (/opt/ros/humble/share/visualization_msgs/cmake)
[21.058s] -- Found pcl_conversions: 2.4.5 (/opt/ros/humble/share/pcl_conversions/cmake)
[21.130s] -- Found Eigen: /usr/include/eigen3 (Required is at least version "3.1") 
[21.131s] -- Eigen found (include: /usr/include/eigen3, version: 3.4.0)
[24.991s] -- FLANN found (include: /usr/include, lib: /usr/lib/x86_64-linux-gnu/libflann_cpp.so)
[34.503s] -- OpenNI found (version: 1.5.4.0, include: /usr/include/ni, lib: /usr/lib/libOpenNI.so;libusb::libusb)
[34.514s] -- OpenNI2 found (version: 2.2.0.33, include: /usr/include/openni2, lib: /usr/lib/x86_64-linux-gnu/libOpenNI2.so;libusb::libusb)
[39.321s] -- Eigen found (include: /usr/include/eigen3, version: 3.4.0)
[39.329s] -- OpenNI found (version: 1.5.4.0, include: /usr/include/ni, lib: /usr/lib/libOpenNI.so;libusb::libusb)
[39.339s] -- OpenNI2 found (version: 2.2.0.33, include: /usr/include/openni2, lib: /usr/lib/x86_64-linux-gnu/libOpenNI2.so;libusb::libusb)
[44.470s] -- Found Qhull version 8.0.2
[49.291s] -- OpenNI found (version: 1.5.4.0, include: /usr/include/ni, lib: /usr/lib/libOpenNI.so;libusb::libusb)
[54.243s] -- Found tf2: 0.25.12 (/opt/ros/humble/share/tf2/cmake)
[54.258s] -- Found tf2_geometry_msgs: 0.25.12 (/opt/ros/humble/share/tf2_geometry_msgs/cmake)
[54.275s] -- Found eigen3_cmake_module: 0.1.1 (/opt/ros/humble/share/eigen3_cmake_module/cmake)
[54.278s] -- Ensuring Eigen3 include directory is part of orocos-kdl CMake target
[54.481s] -- Found tf2_sensor_msgs: 0.25.12 (/opt/ros/humble/share/tf2_sensor_msgs/cmake)
[54.490s] -- Found tf2_eigen: 0.25.12 (/opt/ros/humble/share/tf2_eigen/cmake)
[54.549s] -- GTSAM include directory:  /opt/ros/humble/lib/cmake/GTSAM/../../../include
[54.561s] -- Found Eigen: /usr/include/eigen3  
[54.562s] -- Eigen found (include: /usr/include/eigen3, version: 3.4.0)
[55.467s] -- Found ament_cmake_ros: 0.10.0 (/opt/ros/humble/share/ament_cmake_ros/cmake)
[56.236s] -- Using all available rosidl_typesupport_c: rosidl_typesupport_fastrtps_c;rosidl_typesupport_introspection_c
[56.913s] -- Using all available rosidl_typesupport_cpp: rosidl_typesupport_fastrtps_cpp;rosidl_typesupport_introspection_cpp
[56.958s] -- Found python_cmake_module: 0.10.0 (/opt/ros/humble/share/python_cmake_module/cmake)
[57.010s] -- Using PYTHON_EXECUTABLE: /usr/bin/python3
[57.011s] -- Using PYTHON_INCLUDE_DIRS: /usr/include/python3.10
[57.012s] -- Using PYTHON_LIBRARIES: /usr/lib/x86_64-linux-gnu/libpython3.10.so
[57.380s] -- Found ament_lint_auto: 0.12.12 (/opt/ros/humble/share/ament_lint_auto/cmake)
[57.424s] -- Added test 'copyright' to check source files copyright and LICENSE
[57.440s] -- Added test 'cppcheck' to perform static code analysis on C / C++ code
[57.445s] -- Configured cppcheck include dirs: /home/jezzy/yolobot/src/LIO-SAM/include/lio_sam
[57.446s] -- Configured cppcheck exclude dirs and/or files: 
[57.457s] -- Added test 'cpplint' to check C / C++ code against the Google style
[57.457s] -- Configured cpplint exclude dirs and/or files: 
[57.459s] -- Added test 'flake8' to check Python code syntax and style conventions
[57.462s] -- Added test 'lint_cmake' to check CMake code style
[57.464s] -- Added test 'pep257' to check Python code against some of the docstring style conventions in PEP 257
[57.475s] -- Added test 'uncrustify' to check C / C++ code style
[57.476s] -- Configured uncrustify additional arguments: 
[57.478s] -- Added test 'xmllint' to check XML markup files
[57.489s] -- Configuring done
[57.877s] -- Generating done
[57.978s] -- Build files have been written to: /home/jezzy/yolobot/build/lio_sam
[58.097s] [35m[1mConsolidate compiler generated dependencies of target lio_sam__rosidl_generator_c[0m
[58.121s] [  2%] Built target lio_sam__cpp
[58.142s] [ 10%] Built target lio_sam__rosidl_generator_c
[58.170s] [35m[1mConsolidate compiler generated dependencies of target lio_sam__rosidl_typesupport_cpp[0m
[58.181s] [35m[1mConsolidate compiler generated dependencies of target lio_sam__rosidl_typesupport_introspection_cpp[0m
[58.184s] [ 10%] Built target ament_cmake_python_copy_lio_sam
[58.198s] [35m[1mConsolidate compiler generated dependencies of target lio_sam__rosidl_typesupport_fastrtps_cpp[0m
[58.208s] [ 19%] Built target lio_sam__rosidl_typesupport_cpp
[58.218s] [ 27%] Built target lio_sam__rosidl_typesupport_introspection_cpp
[58.219s] [35m[1mConsolidate compiler generated dependencies of target lio_sam__rosidl_typesupport_fastrtps_c[0m
[58.242s] [35m[1mConsolidate compiler generated dependencies of target lio_sam__rosidl_typesupport_introspection_c[0m
[58.248s] [ 36%] Built target lio_sam__rosidl_typesupport_fastrtps_cpp
[58.254s] [35m[1mConsolidate compiler generated dependencies of target lio_sam__rosidl_typesupport_c[0m
[58.265s] [ 44%] Built target lio_sam__rosidl_typesupport_fastrtps_c
[58.277s] [ 53%] Built target lio_sam__rosidl_typesupport_introspection_c
[58.293s] [ 61%] Built target lio_sam__rosidl_typesupport_c
[58.307s] [35m[1mConsolidate compiler generated dependencies of target lio_sam_featureExtraction[0m
[58.321s] [35m[1mConsolidate compiler generated dependencies of target lio_sam_imageProjection[0m
[58.330s] [35m[1mConsolidate compiler generated dependencies of target lio_sam_imuPreintegration[0m
[58.548s] [ 65%] Built target lio_sam_imageProjection
[58.560s] [ 70%] Built target lio_sam_featureExtraction
[58.593s] [35m[1mConsolidate compiler generated dependencies of target lio_sam_mapOptimization[0m
[58.613s] [ 70%] Built target lio_sam
[58.674s] [ 72%] Built target lio_sam__py
[58.703s] [ 76%] Built target lio_sam_imuPreintegration
[58.723s] [35m[1mConsolidate compiler generated dependencies of target lio_sam__rosidl_generator_py[0m
[58.737s] [ 80%] Built target lio_sam_mapOptimization
[58.759s] [ 87%] Built target lio_sam__rosidl_generator_py
[58.798s] [35m[1mConsolidate compiler generated dependencies of target lio_sam__rosidl_typesupport_fastrtps_c__pyext[0m
[58.804s] [35m[1mConsolidate compiler generated dependencies of target lio_sam__rosidl_typesupport_c__pyext[0m
[58.825s] [35m[1mConsolidate compiler generated dependencies of target lio_sam__rosidl_typesupport_introspection_c__pyext[0m
[58.831s] [ 91%] Built target lio_sam__rosidl_typesupport_fastrtps_c__pyext
[58.850s] [ 95%] Built target lio_sam__rosidl_typesupport_c__pyext
[58.860s] [100%] Built target lio_sam__rosidl_typesupport_introspection_c__pyext
[59.029s] running egg_info
[59.030s] writing lio_sam.egg-info/PKG-INFO
[59.030s] writing dependency_links to lio_sam.egg-info/dependency_links.txt
[59.031s] writing top-level names to lio_sam.egg-info/top_level.txt
[59.035s] reading manifest file 'lio_sam.egg-info/SOURCES.txt'
[59.036s] writing manifest file 'lio_sam.egg-info/SOURCES.txt'
[59.082s] [100%] Built target ament_cmake_python_build_lio_sam_egg
[59.105s] Invoked command in '/home/jezzy/yolobot/build/lio_sam' returned '0': CMAKE_PREFIX_PATH=${CMAKE_PREFIX_PATH}:/home/jezzy/yolobot/install/yolobot_fusion:/home/jezzy/yolobot/install/yolobot_navigation:/home/jezzy/husky_ws/lintic/install/yolosed:/home/jezzy/husky_ws/lintic/install/visual:/home/jezzy/husky_ws/lintic/install/segnet:/home/jezzy/husky_ws/turtlebot3/install/turtlebot3_teleop:/home/jezzy/husky_ws/turtlebot3/install/turtlebot3_example:/home/jezzy/husky_ws/turtlebot3/install/segtect:/home/jezzy/husky_ws/turtlebot3/install/autonomous_exploration:/opt/ros/humble /usr/bin/cmake --build /home/jezzy/yolobot/build/lio_sam -- -j4 -l4
[59.109s] Invoking command in '/home/jezzy/yolobot/build/lio_sam': CMAKE_PREFIX_PATH=${CMAKE_PREFIX_PATH}:/home/jezzy/yolobot/install/yolobot_fusion:/home/jezzy/yolobot/install/yolobot_navigation:/home/jezzy/husky_ws/lintic/install/yolosed:/home/jezzy/husky_ws/lintic/install/visual:/home/jezzy/husky_ws/lintic/install/segnet:/home/jezzy/husky_ws/turtlebot3/install/turtlebot3_teleop:/home/jezzy/husky_ws/turtlebot3/install/turtlebot3_example:/home/jezzy/husky_ws/turtlebot3/install/segtect:/home/jezzy/husky_ws/turtlebot3/install/autonomous_exploration:/opt/ros/humble /usr/bin/cmake --install /home/jezzy/yolobot/build/lio_sam
[59.128s] -- Install configuration: "Release"
[59.128s] -- Up-to-date: /home/jezzy/yolobot/install/lio_sam/share/ament_index/resource_index/rosidl_interfaces/lio_sam
[59.130s] -- Up-to-date: /home/jezzy/yolobot/install/lio_sam/include/lio_sam/lio_sam
[59.131s] -- Up-to-date: /home/jezzy/yolobot/install/lio_sam/include/lio_sam/lio_sam/msg
[59.132s] -- Up-to-date: /home/jezzy/yolobot/install/lio_sam/include/lio_sam/lio_sam/msg/rosidl_generator_c__visibility_control.h
[59.132s] -- Up-to-date: /home/jezzy/yolobot/install/lio_sam/include/lio_sam/lio_sam/msg/detail
[59.132s] -- Up-to-date: /home/jezzy/yolobot/install/lio_sam/include/lio_sam/lio_sam/msg/detail/cloud_info__type_support.h
[59.132s] -- Up-to-date: /home/jezzy/yolobot/install/lio_sam/include/lio_sam/lio_sam/msg/detail/cloud_info__functions.h
[59.133s] -- Up-to-date: /home/jezzy/yolobot/install/lio_sam/include/lio_sam/lio_sam/msg/detail/cloud_info__functions.c
[59.133s] -- Up-to-date: /home/jezzy/yolobot/install/lio_sam/include/lio_sam/lio_sam/msg/detail/cloud_info__struct.h
[59.133s] -- Up-to-date: /home/jezzy/yolobot/install/lio_sam/include/lio_sam/lio_sam/msg/cloud_info.h
[59.133s] -- Up-to-date: /home/jezzy/yolobot/install/lio_sam/include/lio_sam/lio_sam/srv
[59.133s] -- Up-to-date: /home/jezzy/yolobot/install/lio_sam/include/lio_sam/lio_sam/srv/detail
[59.133s] -- Up-to-date: /home/jezzy/yolobot/install/lio_sam/include/lio_sam/lio_sam/srv/detail/save_map__functions.c
[59.133s] -- Up-to-date: /home/jezzy/yolobot/install/lio_sam/include/lio_sam/lio_sam/srv/detail/save_map__struct.h
[59.134s] -- Up-to-date: /home/jezzy/yolobot/install/lio_sam/include/lio_sam/lio_sam/srv/detail/save_map__type_support.h
[59.135s] -- Up-to-date: /home/jezzy/yolobot/install/lio_sam/include/lio_sam/lio_sam/srv/detail/save_map__functions.h
[59.135s] -- Up-to-date: /home/jezzy/yolobot/install/lio_sam/include/lio_sam/lio_sam/srv/save_map.h
[59.135s] -- Up-to-date: /home/jezzy/yolobot/install/lio_sam/share/lio_sam/environment/library_path.sh
[59.135s] -- Installing: /home/jezzy/yolobot/install/lio_sam/share/lio_sam/environment/library_path.dsv
[59.136s] -- Up-to-date: /home/jezzy/yolobot/install/lio_sam/lib/liblio_sam__rosidl_generator_c.so
[59.136s] -- Up-to-date: /home/jezzy/yolobot/install/lio_sam/include/lio_sam/lio_sam
[59.136s] -- Up-to-date: /home/jezzy/yolobot/install/lio_sam/include/lio_sam/lio_sam/msg
[59.136s] -- Up-to-date: /home/jezzy/yolobot/install/lio_sam/include/lio_sam/lio_sam/msg/detail
[59.137s] -- Up-to-date: /home/jezzy/yolobot/install/lio_sam/include/lio_sam/lio_sam/msg/detail/cloud_info__rosidl_typesupport_fastrtps_c.h
[59.137s] -- Up-to-date: /home/jezzy/yolobot/install/lio_sam/include/lio_sam/lio_sam/msg/rosidl_typesupport_fastrtps_c__visibility_control.h
[59.137s] -- Up-to-date: /home/jezzy/yolobot/install/lio_sam/include/lio_sam/lio_sam/srv
[59.137s] -- Up-to-date: /home/jezzy/yolobot/install/lio_sam/include/lio_sam/lio_sam/srv/detail
[59.137s] -- Up-to-date: /home/jezzy/yolobot/install/lio_sam/include/lio_sam/lio_sam/srv/detail/save_map__rosidl_typesupport_fastrtps_c.h
[59.138s] -- Up-to-date: /home/jezzy/yolobot/install/lio_sam/lib/liblio_sam__rosidl_typesupport_fastrtps_c.so
[59.138s] -- Up-to-date: /home/jezzy/yolobot/install/lio_sam/include/lio_sam/lio_sam
[59.138s] -- Up-to-date: /home/jezzy/yolobot/install/lio_sam/include/lio_sam/lio_sam/msg
[59.138s] -- Up-to-date: /home/jezzy/yolobot/install/lio_sam/include/lio_sam/lio_sam/msg/rosidl_typesupport_introspection_c__visibility_control.h
[59.138s] -- Up-to-date: /home/jezzy/yolobot/install/lio_sam/include/lio_sam/lio_sam/msg/detail
[59.138s] -- Up-to-date: /home/jezzy/yolobot/install/lio_sam/include/lio_sam/lio_sam/msg/detail/cloud_info__rosidl_typesupport_introspection_c.h
[59.138s] -- Up-to-date: /home/jezzy/yolobot/install/lio_sam/include/lio_sam/lio_sam/msg/detail/cloud_info__type_support.c
[59.138s] -- Up-to-date: /home/jezzy/yolobot/install/lio_sam/include/lio_sam/lio_sam/srv
[59.138s] -- Up-to-date: /home/jezzy/yolobot/install/lio_sam/include/lio_sam/lio_sam/srv/detail
[59.139s] -- Up-to-date: /home/jezzy/yolobot/install/lio_sam/include/lio_sam/lio_sam/srv/detail/save_map__rosidl_typesupport_introspection_c.h
[59.140s] -- Up-to-date: /home/jezzy/yolobot/install/lio_sam/include/lio_sam/lio_sam/srv/detail/save_map__type_support.c
[59.141s] -- Up-to-date: /home/jezzy/yolobot/install/lio_sam/lib/liblio_sam__rosidl_typesupport_introspection_c.so
[59.141s] -- Up-to-date: /home/jezzy/yolobot/install/lio_sam/lib/liblio_sam__rosidl_typesupport_c.so
[59.141s] -- Up-to-date: /home/jezzy/yolobot/install/lio_sam/include/lio_sam/lio_sam
[59.141s] -- Up-to-date: /home/jezzy/yolobot/install/lio_sam/include/lio_sam/lio_sam/msg
[59.142s] -- Up-to-date: /home/jezzy/yolobot/install/lio_sam/include/lio_sam/lio_sam/msg/detail
[59.142s] -- Up-to-date: /home/jezzy/yolobot/install/lio_sam/include/lio_sam/lio_sam/msg/detail/cloud_info__traits.hpp
[59.142s] -- Up-to-date: /home/jezzy/yolobot/install/lio_sam/include/lio_sam/lio_sam/msg/detail/cloud_info__type_support.hpp
[59.142s] -- Up-to-date: /home/jezzy/yolobot/install/lio_sam/include/lio_sam/lio_sam/msg/detail/cloud_info__builder.hpp
[59.143s] -- Up-to-date: /home/jezzy/yolobot/install/lio_sam/include/lio_sam/lio_sam/msg/detail/cloud_info__struct.hpp
[59.143s] -- Up-to-date: /home/jezzy/yolobot/install/lio_sam/include/lio_sam/lio_sam/msg/cloud_info.hpp
[59.143s] -- Up-to-date: /home/jezzy/yolobot/install/lio_sam/include/lio_sam/lio_sam/msg/rosidl_generator_cpp__visibility_control.hpp
[59.143s] -- Up-to-date: /home/jezzy/yolobot/install/lio_sam/include/lio_sam/lio_sam/srv
[59.143s] -- Up-to-date: /home/jezzy/yolobot/install/lio_sam/include/lio_sam/lio_sam/srv/detail
[59.143s] -- Up-to-date: /home/jezzy/yolobot/install/lio_sam/include/lio_sam/lio_sam/srv/detail/save_map__builder.hpp
[59.144s] -- Up-to-date: /home/jezzy/yolobot/install/lio_sam/include/lio_sam/lio_sam/srv/detail/save_map__traits.hpp
[59.144s] -- Up-to-date: /home/jezzy/yolobot/install/lio_sam/include/lio_sam/lio_sam/srv/detail/save_map__struct.hpp
[59.144s] -- Up-to-date: /home/jezzy/yolobot/install/lio_sam/include/lio_sam/lio_sam/srv/detail/save_map__type_support.hpp
[59.144s] -- Up-to-date: /home/jezzy/yolobot/install/lio_sam/include/lio_sam/lio_sam/srv/save_map.hpp
[59.144s] -- Up-to-date: /home/jezzy/yolobot/install/lio_sam/include/lio_sam/lio_sam
[59.144s] -- Up-to-date: /home/jezzy/yolobot/install/lio_sam/include/lio_sam/lio_sam/msg
[59.144s] -- Up-to-date: /home/jezzy/yolobot/install/lio_sam/include/lio_sam/lio_sam/msg/rosidl_typesupport_fastrtps_cpp__visibility_control.h
[59.144s] -- Up-to-date: /home/jezzy/yolobot/install/lio_sam/include/lio_sam/lio_sam/msg/detail
[59.145s] -- Up-to-date: /home/jezzy/yolobot/install/lio_sam/include/lio_sam/lio_sam/msg/detail/dds_fastrtps
[59.145s] -- Up-to-date: /home/jezzy/yolobot/install/lio_sam/include/lio_sam/lio_sam/msg/detail/cloud_info__rosidl_typesupport_fastrtps_cpp.hpp
[59.145s] -- Up-to-date: /home/jezzy/yolobot/install/lio_sam/include/lio_sam/lio_sam/srv
[59.145s] -- Up-to-date: /home/jezzy/yolobot/install/lio_sam/include/lio_sam/lio_sam/srv/detail
[59.145s] -- Up-to-date: /home/jezzy/yolobot/install/lio_sam/include/lio_sam/lio_sam/srv/detail/save_map__rosidl_typesupport_fastrtps_cpp.hpp
[59.146s] -- Up-to-date: /home/jezzy/yolobot/install/lio_sam/include/lio_sam/lio_sam/srv/detail/dds_fastrtps
[59.146s] -- Up-to-date: /home/jezzy/yolobot/install/lio_sam/lib/liblio_sam__rosidl_typesupport_fastrtps_cpp.so
[59.146s] -- Up-to-date: /home/jezzy/yolobot/install/lio_sam/include/lio_sam/lio_sam
[59.146s] -- Up-to-date: /home/jezzy/yolobot/install/lio_sam/include/lio_sam/lio_sam/msg
[59.147s] -- Up-to-date: /home/jezzy/yolobot/install/lio_sam/include/lio_sam/lio_sam/msg/detail
[59.147s] -- Up-to-date: /home/jezzy/yolobot/install/lio_sam/include/lio_sam/lio_sam/msg/detail/cloud_info__rosidl_typesupport_introspection_cpp.hpp
[59.147s] -- Up-to-date: /home/jezzy/yolobot/install/lio_sam/include/lio_sam/lio_sam/msg/detail/cloud_info__type_support.cpp
[59.147s] -- Up-to-date: /home/jezzy/yolobot/install/lio_sam/include/lio_sam/lio_sam/srv
[59.148s] -- Up-to-date: /home/jezzy/yolobot/install/lio_sam/include/lio_sam/lio_sam/srv/detail
[59.148s] -- Up-to-date: /home/jezzy/yolobot/install/lio_sam/include/lio_sam/lio_sam/srv/detail/save_map__type_support.cpp
[59.149s] -- Up-to-date: /home/jezzy/yolobot/install/lio_sam/include/lio_sam/lio_sam/srv/detail/save_map__rosidl_typesupport_introspection_cpp.hpp
[59.149s] -- Up-to-date: /home/jezzy/yolobot/install/lio_sam/lib/liblio_sam__rosidl_typesupport_introspection_cpp.so
[59.149s] -- Up-to-date: /home/jezzy/yolobot/install/lio_sam/lib/liblio_sam__rosidl_typesupport_cpp.so
[59.149s] -- Up-to-date: /home/jezzy/yolobot/install/lio_sam/share/lio_sam/environment/pythonpath.sh
[59.149s] -- Installing: /home/jezzy/yolobot/install/lio_sam/share/lio_sam/environment/pythonpath.dsv
[59.149s] -- Up-to-date: /home/jezzy/yolobot/install/lio_sam/local/lib/python3.10/dist-packages/lio_sam-1.0.0-py3.10.egg-info
[59.149s] -- Installing: /home/jezzy/yolobot/install/lio_sam/local/lib/python3.10/dist-packages/lio_sam-1.0.0-py3.10.egg-info/top_level.txt
[59.149s] -- Installing: /home/jezzy/yolobot/install/lio_sam/local/lib/python3.10/dist-packages/lio_sam-1.0.0-py3.10.egg-info/SOURCES.txt
[59.150s] -- Installing: /home/jezzy/yolobot/install/lio_sam/local/lib/python3.10/dist-packages/lio_sam-1.0.0-py3.10.egg-info/dependency_links.txt
[59.150s] -- Installing: /home/jezzy/yolobot/install/lio_sam/local/lib/python3.10/dist-packages/lio_sam-1.0.0-py3.10.egg-info/PKG-INFO
[59.150s] -- Up-to-date: /home/jezzy/yolobot/install/lio_sam/local/lib/python3.10/dist-packages/lio_sam
[59.150s] -- Up-to-date: /home/jezzy/yolobot/install/lio_sam/local/lib/python3.10/dist-packages/lio_sam/lio_sam_s__rosidl_typesupport_c.cpython-310-x86_64-linux-gnu.so
[59.150s] -- Up-to-date: /home/jezzy/yolobot/install/lio_sam/local/lib/python3.10/dist-packages/lio_sam/_lio_sam_s.ep.rosidl_typesupport_introspection_c.c
[59.150s] -- Up-to-date: /home/jezzy/yolobot/install/lio_sam/local/lib/python3.10/dist-packages/lio_sam/msg
[59.150s] -- Up-to-date: /home/jezzy/yolobot/install/lio_sam/local/lib/python3.10/dist-packages/lio_sam/msg/_cloud_info_s.c
[59.151s] -- Up-to-date: /home/jezzy/yolobot/install/lio_sam/local/lib/python3.10/dist-packages/lio_sam/msg/__init__.py
[59.151s] -- Up-to-date: /home/jezzy/yolobot/install/lio_sam/local/lib/python3.10/dist-packages/lio_sam/msg/_cloud_info.py
[59.152s] -- Up-to-date: /home/jezzy/yolobot/install/lio_sam/local/lib/python3.10/dist-packages/lio_sam/liblio_sam__rosidl_generator_py.so
[59.152s] -- Up-to-date: /home/jezzy/yolobot/install/lio_sam/local/lib/python3.10/dist-packages/lio_sam/lio_sam_s__rosidl_typesupport_fastrtps_c.cpython-310-x86_64-linux-gnu.so
[59.152s] -- Up-to-date: /home/jezzy/yolobot/install/lio_sam/local/lib/python3.10/dist-packages/lio_sam/_lio_sam_s.ep.rosidl_typesupport_fastrtps_c.c
[59.152s] -- Up-to-date: /home/jezzy/yolobot/install/lio_sam/local/lib/python3.10/dist-packages/lio_sam/lio_sam_s__rosidl_typesupport_introspection_c.cpython-310-x86_64-linux-gnu.so
[59.153s] -- Up-to-date: /home/jezzy/yolobot/install/lio_sam/local/lib/python3.10/dist-packages/lio_sam/_lio_sam_s.ep.rosidl_typesupport_c.c
[59.153s] -- Up-to-date: /home/jezzy/yolobot/install/lio_sam/local/lib/python3.10/dist-packages/lio_sam/srv
[59.154s] -- Up-to-date: /home/jezzy/yolobot/install/lio_sam/local/lib/python3.10/dist-packages/lio_sam/srv/_save_map_s.c
[59.155s] -- Up-to-date: /home/jezzy/yolobot/install/lio_sam/local/lib/python3.10/dist-packages/lio_sam/srv/__init__.py
[59.155s] -- Up-to-date: /home/jezzy/yolobot/install/lio_sam/local/lib/python3.10/dist-packages/lio_sam/srv/_save_map.py
[59.155s] -- Installing: /home/jezzy/yolobot/install/lio_sam/local/lib/python3.10/dist-packages/lio_sam/__init__.py
[59.242s] Listing '/home/jezzy/yolobot/install/lio_sam/local/lib/python3.10/dist-packages/lio_sam'...
[59.242s] Compiling '/home/jezzy/yolobot/install/lio_sam/local/lib/python3.10/dist-packages/lio_sam/__init__.py'...
[59.242s] Listing '/home/jezzy/yolobot/install/lio_sam/local/lib/python3.10/dist-packages/lio_sam/msg'...
[59.242s] Listing '/home/jezzy/yolobot/install/lio_sam/local/lib/python3.10/dist-packages/lio_sam/srv'...
[59.252s] -- Up-to-date: /home/jezzy/yolobot/install/lio_sam/local/lib/python3.10/dist-packages/lio_sam/lio_sam_s__rosidl_typesupport_fastrtps_c.cpython-310-x86_64-linux-gnu.so
[59.253s] -- Up-to-date: /home/jezzy/yolobot/install/lio_sam/local/lib/python3.10/dist-packages/lio_sam/lio_sam_s__rosidl_typesupport_introspection_c.cpython-310-x86_64-linux-gnu.so
[59.253s] -- Up-to-date: /home/jezzy/yolobot/install/lio_sam/local/lib/python3.10/dist-packages/lio_sam/lio_sam_s__rosidl_typesupport_c.cpython-310-x86_64-linux-gnu.so
[59.254s] -- Up-to-date: /home/jezzy/yolobot/install/lio_sam/lib/liblio_sam__rosidl_generator_py.so
[59.255s] -- Up-to-date: /home/jezzy/yolobot/install/lio_sam/share/lio_sam/msg/CloudInfo.idl
[59.256s] -- Up-to-date: /home/jezzy/yolobot/install/lio_sam/share/lio_sam/srv/SaveMap.idl
[59.256s] -- Up-to-date: /home/jezzy/yolobot/install/lio_sam/share/lio_sam/msg/CloudInfo.msg
[59.256s] -- Up-to-date: /home/jezzy/yolobot/install/lio_sam/share/lio_sam/srv/SaveMap.srv
[59.257s] -- Up-to-date: /home/jezzy/yolobot/install/lio_sam/share/lio_sam/srv/SaveMap_Request.msg
[59.257s] -- Up-to-date: /home/jezzy/yolobot/install/lio_sam/share/lio_sam/srv/SaveMap_Response.msg
[59.258s] -- Up-to-date: /home/jezzy/yolobot/install/lio_sam/share/lio_sam//launch
[59.258s] -- Up-to-date: /home/jezzy/yolobot/install/lio_sam/share/lio_sam//launch/run.launch.py
[59.258s] -- Up-to-date: /home/jezzy/yolobot/install/lio_sam/share/lio_sam//config
[59.259s] -- Up-to-date: /home/jezzy/yolobot/install/lio_sam/share/lio_sam//config/doc
[59.259s] -- Up-to-date: /home/jezzy/yolobot/install/lio_sam/share/lio_sam//config/doc/device-jackal.png
[59.259s] -- Up-to-date: /home/jezzy/yolobot/install/lio_sam/share/lio_sam//config/doc/ouster-device.jpg
[59.259s] -- Up-to-date: /home/jezzy/yolobot/install/lio_sam/share/lio_sam//config/doc/kitti-map.png
[59.260s] -- Up-to-date: /home/jezzy/yolobot/install/lio_sam/share/lio_sam//config/doc/loop-closure.gif
[59.260s] -- Up-to-date: /home/jezzy/yolobot/install/lio_sam/share/lio_sam//config/doc/imu-transform.png
[59.260s] -- Up-to-date: /home/jezzy/yolobot/install/lio_sam/share/lio_sam//config/doc/system.png
[59.261s] -- Up-to-date: /home/jezzy/yolobot/install/lio_sam/share/lio_sam//config/doc/device-hand-2.png
[59.261s] -- Up-to-date: /home/jezzy/yolobot/install/lio_sam/share/lio_sam//config/doc/ouster-demo.gif
[59.261s] -- Up-to-date: /home/jezzy/yolobot/install/lio_sam/share/lio_sam//config/doc/paper.pdf
[59.262s] -- Up-to-date: /home/jezzy/yolobot/install/lio_sam/share/lio_sam//config/doc/kitti-demo.gif
[59.262s] -- Up-to-date: /home/jezzy/yolobot/install/lio_sam/share/lio_sam//config/doc/gps-demo.gif
[59.263s] -- Up-to-date: /home/jezzy/yolobot/install/lio_sam/share/lio_sam//config/doc/device-hand.png
[59.263s] -- Up-to-date: /home/jezzy/yolobot/install/lio_sam/share/lio_sam//config/doc/device-boat.png
[59.263s] -- Up-to-date: /home/jezzy/yolobot/install/lio_sam/share/lio_sam//config/doc/loop-closure-2.gif
[59.264s] -- Up-to-date: /home/jezzy/yolobot/install/lio_sam/share/lio_sam//config/doc/kitti2bag
[59.264s] -- Up-to-date: /home/jezzy/yolobot/install/lio_sam/share/lio_sam//config/doc/kitti2bag/README.md
[59.264s] -- Up-to-date: /home/jezzy/yolobot/install/lio_sam/share/lio_sam//config/doc/kitti2bag/kitti2bag.py
[59.265s] -- Up-to-date: /home/jezzy/yolobot/install/lio_sam/share/lio_sam//config/doc/demo.gif
[59.265s] -- Up-to-date: /home/jezzy/yolobot/install/lio_sam/share/lio_sam//config/doc/imu-debug.gif
[59.266s] -- Up-to-date: /home/jezzy/yolobot/install/lio_sam/share/lio_sam//config/params.yaml
[59.266s] -- Up-to-date: /home/jezzy/yolobot/install/lio_sam/share/lio_sam//config/rviz2.rviz
[59.267s] -- Up-to-date: /home/jezzy/yolobot/install/lio_sam/share/lio_sam//config/robot.urdf.xacro
[59.267s] -- Up-to-date: /home/jezzy/yolobot/install/lio_sam/lib/lio_sam/lio_sam_imageProjection
[59.268s] -- Up-to-date: /home/jezzy/yolobot/install/lio_sam/lib/lio_sam/lio_sam_imuPreintegration
[59.268s] -- Up-to-date: /home/jezzy/yolobot/install/lio_sam/lib/lio_sam/lio_sam_featureExtraction
[59.269s] -- Up-to-date: /home/jezzy/yolobot/install/lio_sam/lib/lio_sam/lio_sam_mapOptimization
[59.270s] -- Up-to-date: /home/jezzy/yolobot/install/lio_sam/include
[59.270s] -- Up-to-date: /home/jezzy/yolobot/install/lio_sam/include/lio_sam
[59.270s] -- Up-to-date: /home/jezzy/yolobot/install/lio_sam/include/lio_sam/utility.hpp
[59.271s] -- Up-to-date: /home/jezzy/yolobot/install/lio_sam/share/ament_index/resource_index/package_run_dependencies/lio_sam
[59.271s] -- Up-to-date: /home/jezzy/yolobot/install/lio_sam/share/ament_index/resource_index/parent_prefix_path/lio_sam
[59.271s] -- Up-to-date: /home/jezzy/yolobot/install/lio_sam/share/lio_sam/environment/ament_prefix_path.sh
[59.271s] -- Installing: /home/jezzy/yolobot/install/lio_sam/share/lio_sam/environment/ament_prefix_path.dsv
[59.271s] -- Up-to-date: /home/jezzy/yolobot/install/lio_sam/share/lio_sam/environment/path.sh
[59.271s] -- Installing: /home/jezzy/yolobot/install/lio_sam/share/lio_sam/environment/path.dsv
[59.272s] -- Up-to-date: /home/jezzy/yolobot/install/lio_sam/share/lio_sam/local_setup.bash
[59.272s] -- Up-to-date: /home/jezzy/yolobot/install/lio_sam/share/lio_sam/local_setup.sh
[59.272s] -- Up-to-date: /home/jezzy/yolobot/install/lio_sam/share/lio_sam/local_setup.zsh
[59.272s] -- Installing: /home/jezzy/yolobot/install/lio_sam/share/lio_sam/local_setup.dsv
[59.272s] -- Installing: /home/jezzy/yolobot/install/lio_sam/share/lio_sam/package.dsv
[59.273s] -- Up-to-date: /home/jezzy/yolobot/install/lio_sam/share/ament_index/resource_index/packages/lio_sam
[59.275s] -- Up-to-date: /home/jezzy/yolobot/install/lio_sam/share/lio_sam/cmake/export_lio_sam__rosidl_generator_cExport.cmake
[59.276s] -- Up-to-date: /home/jezzy/yolobot/install/lio_sam/share/lio_sam/cmake/export_lio_sam__rosidl_generator_cExport-release.cmake
[59.278s] -- Up-to-date: /home/jezzy/yolobot/install/lio_sam/share/lio_sam/cmake/export_lio_sam__rosidl_typesupport_fastrtps_cExport.cmake
[59.278s] -- Up-to-date: /home/jezzy/yolobot/install/lio_sam/share/lio_sam/cmake/export_lio_sam__rosidl_typesupport_fastrtps_cExport-release.cmake
[59.280s] -- Up-to-date: /home/jezzy/yolobot/install/lio_sam/share/lio_sam/cmake/lio_sam__rosidl_typesupport_introspection_cExport.cmake
[59.281s] -- Up-to-date: /home/jezzy/yolobot/install/lio_sam/share/lio_sam/cmake/lio_sam__rosidl_typesupport_introspection_cExport-release.cmake
[59.281s] -- Up-to-date: /home/jezzy/yolobot/install/lio_sam/share/lio_sam/cmake/lio_sam__rosidl_typesupport_cExport.cmake
[59.281s] -- Up-to-date: /home/jezzy/yolobot/install/lio_sam/share/lio_sam/cmake/lio_sam__rosidl_typesupport_cExport-release.cmake
[59.282s] -- Up-to-date: /home/jezzy/yolobot/install/lio_sam/share/lio_sam/cmake/export_lio_sam__rosidl_generator_cppExport.cmake
[59.282s] -- Up-to-date: /home/jezzy/yolobot/install/lio_sam/share/lio_sam/cmake/export_lio_sam__rosidl_typesupport_fastrtps_cppExport.cmake
[59.282s] -- Up-to-date: /home/jezzy/yolobot/install/lio_sam/share/lio_sam/cmake/export_lio_sam__rosidl_typesupport_fastrtps_cppExport-release.cmake
[59.283s] -- Up-to-date: /home/jezzy/yolobot/install/lio_sam/share/lio_sam/cmake/lio_sam__rosidl_typesupport_introspection_cppExport.cmake
[59.283s] -- Up-to-date: /home/jezzy/yolobot/install/lio_sam/share/lio_sam/cmake/lio_sam__rosidl_typesupport_introspection_cppExport-release.cmake
[59.283s] -- Up-to-date: /home/jezzy/yolobot/install/lio_sam/share/lio_sam/cmake/lio_sam__rosidl_typesupport_cppExport.cmake
[59.283s] -- Up-to-date: /home/jezzy/yolobot/install/lio_sam/share/lio_sam/cmake/lio_sam__rosidl_typesupport_cppExport-release.cmake
[59.284s] -- Up-to-date: /home/jezzy/yolobot/install/lio_sam/share/lio_sam/cmake/export_lio_sam__rosidl_generator_pyExport.cmake
[59.284s] -- Up-to-date: /home/jezzy/yolobot/install/lio_sam/share/lio_sam/cmake/export_lio_sam__rosidl_generator_pyExport-release.cmake
[59.284s] -- Up-to-date: /home/jezzy/yolobot/install/lio_sam/share/lio_sam/cmake/rosidl_cmake-extras.cmake
[59.285s] -- Up-to-date: /home/jezzy/yolobot/install/lio_sam/share/lio_sam/cmake/ament_cmake_export_dependencies-extras.cmake
[59.285s] -- Up-to-date: /home/jezzy/yolobot/install/lio_sam/share/lio_sam/cmake/ament_cmake_export_include_directories-extras.cmake
[59.285s] -- Up-to-date: /home/jezzy/yolobot/install/lio_sam/share/lio_sam/cmake/ament_cmake_export_libraries-extras.cmake
[59.285s] -- Up-to-date: /home/jezzy/yolobot/install/lio_sam/share/lio_sam/cmake/ament_cmake_export_targets-extras.cmake
[59.286s] -- Up-to-date: /home/jezzy/yolobot/install/lio_sam/share/lio_sam/cmake/rosidl_cmake_export_typesupport_targets-extras.cmake
[59.286s] -- Up-to-date: /home/jezzy/yolobot/install/lio_sam/share/lio_sam/cmake/rosidl_cmake_export_typesupport_libraries-extras.cmake
[59.287s] -- Up-to-date: /home/jezzy/yolobot/install/lio_sam/share/lio_sam/cmake/lio_samConfig.cmake
[59.287s] -- Up-to-date: /home/jezzy/yolobot/install/lio_sam/share/lio_sam/cmake/lio_samConfig-version.cmake
[59.287s] -- Up-to-date: /home/jezzy/yolobot/install/lio_sam/share/lio_sam/package.xml
[59.288s] Invoked command in '/home/jezzy/yolobot/build/lio_sam' returned '0': CMAKE_PREFIX_PATH=${CMAKE_PREFIX_PATH}:/home/jezzy/yolobot/install/yolobot_fusion:/home/jezzy/yolobot/install/yolobot_navigation:/home/jezzy/husky_ws/lintic/install/yolosed:/home/jezzy/husky_ws/lintic/install/visual:/home/jezzy/husky_ws/lintic/install/segnet:/home/jezzy/husky_ws/turtlebot3/install/turtlebot3_teleop:/home/jezzy/husky_ws/turtlebot3/install/turtlebot3_example:/home/jezzy/husky_ws/turtlebot3/install/segtect:/home/jezzy/husky_ws/turtlebot3/install/autonomous_exploration:/opt/ros/humble /usr/bin/cmake --install /home/jezzy/yolobot/build/lio_sam
