[0.066s] Invoking command in '/home/jezzy/yolobot/build/husky_custom_gazebo': /usr/bin/cmake /home/jezzy/yolobot/src/husky_customization/husky_custom_gazebo -DCATKIN_INSTALL_INTO_PREFIX_ROOT=0 -DCMAKE_INSTALL_PREFIX=/home/jezzy/yolobot/install/husky_custom_gazebo
[0.104s] [0mCMake Deprecation Warning at CMakeLists.txt:1 (cmake_minimum_required):
[0.104s]   Compatibility with CMake < 2.8.12 will be removed from a future version of
[0.104s]   CMake.
[0.105s] 
[0.107s]   Update the VERSION argument <min> value or use a ...<max> suffix to tell
[0.108s]   CMake that the project does not need compatibility with older versions.
[0.108s] 
[0.108s] [0m
[1.179s] -- The C compiler identification is GNU 11.4.0
[3.143s] -- The CXX compiler identification is GNU 11.4.0
[4.603s] -- Detecting C compiler ABI info
[5.128s] -- Detecting C compiler ABI info - done
[5.160s] -- Check for working C compiler: /usr/bin/cc - skipped
[5.160s] -- Detecting C compile features
[5.160s] -- Detecting C compile features - done
[5.174s] -- Detecting CXX compiler ABI info
[5.747s] -- Detecting CXX compiler ABI info - done
[5.782s] -- Check for working CXX compiler: /usr/bin/c++ - skipped
[5.786s] -- Detecting CXX compile features
[5.788s] -- Detecting CXX compile features - done
[7.944s] [33mCMake Warning at CMakeLists.txt:4 (find_package):
[7.945s]   By not providing "Findcatkin.cmake" in CMAKE_MODULE_PATH this project has
[7.945s]   asked CMake to find a package configuration file provided by "catkin", but
[7.945s]   CMake did not find one.
[7.945s] 
[7.945s]   Could not find a package configuration file provided by "catkin" with any
[7.946s]   of the following names:
[7.946s] 
[7.946s]     catkinConfig.cmake
[7.946s]     catkin-config.cmake
[7.946s] 
[7.947s]   Add the installation prefix of "catkin" to CMAKE_PREFIX_PATH or set
[7.947s]   "catkin_DIR" to a directory containing one of the above files.  If "catkin"
[7.947s]   provides a separate development package or SDK, be sure it has been
[7.947s]   installed.
[7.947s] 
[7.948s] [0m
[7.948s] [31mCMake Error at CMakeLists.txt:6 (catkin_package):
[7.948s]   Unknown CMake command "catkin_package".
[7.949s] 
[7.949s] [0m
[7.949s] -- Configuring incomplete, errors occurred!
[7.949s] See also "/home/jezzy/yolobot/build/husky_custom_gazebo/CMakeFiles/CMakeOutput.log".
[7.956s] Invoked command in '/home/jezzy/yolobot/build/husky_custom_gazebo' returned '1': /usr/bin/cmake /home/jezzy/yolobot/src/husky_customization/husky_custom_gazebo -DCATKIN_INSTALL_INTO_PREFIX_ROOT=0 -DCMAKE_INSTALL_PREFIX=/home/jezzy/yolobot/install/husky_custom_gazebo
