[0.059s] Invoking command in '/home/jezzy/yolobot/build/yolobot_description': CMAKE_PREFIX_PATH=${CMAKE_PREFIX_PATH}:/home/jezzy/husky_ws/lintic/install/yolosed:/home/jezzy/husky_ws/lintic/install/visual:/home/jezzy/husky_ws/lintic/install/segnet:/home/jezzy/husky_ws/turtlebot3/install/turtlebot3_teleop:/home/jezzy/husky_ws/turtlebot3/install/turtlebot3_example:/home/jezzy/husky_ws/turtlebot3/install/segtect:/home/jezzy/husky_ws/turtlebot3/install/autonomous_exploration:/opt/ros/humble /usr/bin/cmake --build /home/jezzy/yolobot/build/yolobot_description -- -j4 -l4
[0.176s] Invoked command in '/home/jezzy/yolobot/build/yolobot_description' returned '0': CMAKE_PREFIX_PATH=${CMAKE_PREFIX_PATH}:/home/jezzy/husky_ws/lintic/install/yolosed:/home/jezzy/husky_ws/lintic/install/visual:/home/jezzy/husky_ws/lintic/install/segnet:/home/jezzy/husky_ws/turtlebot3/install/turtlebot3_teleop:/home/jezzy/husky_ws/turtlebot3/install/turtlebot3_example:/home/jezzy/husky_ws/turtlebot3/install/segtect:/home/jezzy/husky_ws/turtlebot3/install/autonomous_exploration:/opt/ros/humble /usr/bin/cmake --build /home/jezzy/yolobot/build/yolobot_description -- -j4 -l4
[0.179s] Invoking command in '/home/jezzy/yolobot/build/yolobot_description': CMAKE_PREFIX_PATH=${CMAKE_PREFIX_PATH}:/home/jezzy/husky_ws/lintic/install/yolosed:/home/jezzy/husky_ws/lintic/install/visual:/home/jezzy/husky_ws/lintic/install/segnet:/home/jezzy/husky_ws/turtlebot3/install/turtlebot3_teleop:/home/jezzy/husky_ws/turtlebot3/install/turtlebot3_example:/home/jezzy/husky_ws/turtlebot3/install/segtect:/home/jezzy/husky_ws/turtlebot3/install/autonomous_exploration:/opt/ros/humble /usr/bin/cmake --install /home/jezzy/yolobot/build/yolobot_description
[0.208s] -- Install configuration: ""
[0.209s] -- Up-to-date: /home/jezzy/yolobot/install/yolobot_description/share/yolobot_description//launch
[0.212s] -- Up-to-date: /home/jezzy/yolobot/install/yolobot_description/share/yolobot_description//launch/spawn_yolobot_launch.launch.py
[0.213s] -- Up-to-date: /home/jezzy/yolobot/install/yolobot_description/share/yolobot_description//launch/spawn_yolobot.py
[0.214s] -- Up-to-date: /home/jezzy/yolobot/install/yolobot_description/share/yolobot_description//robot
[0.215s] -- Up-to-date: /home/jezzy/yolobot/install/yolobot_description/share/yolobot_description//robot/yolobot.urdf
[0.216s] -- Up-to-date: /home/jezzy/yolobot/install/yolobot_description/lib/yolobot_description/spawn_yolobot.py
[0.218s] -- Up-to-date: /home/jezzy/yolobot/install/yolobot_description/share/ament_index/resource_index/package_run_dependencies/yolobot_description
[0.219s] -- Up-to-date: /home/jezzy/yolobot/install/yolobot_description/share/ament_index/resource_index/parent_prefix_path/yolobot_description
[0.219s] -- Up-to-date: /home/jezzy/yolobot/install/yolobot_description/share/yolobot_description/environment/ament_prefix_path.sh
[0.220s] -- Up-to-date: /home/jezzy/yolobot/install/yolobot_description/share/yolobot_description/environment/ament_prefix_path.dsv
[0.220s] -- Up-to-date: /home/jezzy/yolobot/install/yolobot_description/share/yolobot_description/environment/path.sh
[0.220s] -- Up-to-date: /home/jezzy/yolobot/install/yolobot_description/share/yolobot_description/environment/path.dsv
[0.221s] -- Up-to-date: /home/jezzy/yolobot/install/yolobot_description/share/yolobot_description/local_setup.bash
[0.221s] -- Up-to-date: /home/jezzy/yolobot/install/yolobot_description/share/yolobot_description/local_setup.sh
[0.222s] -- Up-to-date: /home/jezzy/yolobot/install/yolobot_description/share/yolobot_description/local_setup.zsh
[0.222s] -- Up-to-date: /home/jezzy/yolobot/install/yolobot_description/share/yolobot_description/local_setup.dsv
[0.222s] -- Installing: /home/jezzy/yolobot/install/yolobot_description/share/yolobot_description/package.dsv
[0.222s] -- Up-to-date: /home/jezzy/yolobot/install/yolobot_description/share/ament_index/resource_index/packages/yolobot_description
[0.223s] -- Up-to-date: /home/jezzy/yolobot/install/yolobot_description/share/yolobot_description/cmake/yolobot_descriptionConfig.cmake
[0.223s] -- Up-to-date: /home/jezzy/yolobot/install/yolobot_description/share/yolobot_description/cmake/yolobot_descriptionConfig-version.cmake
[0.223s] -- Up-to-date: /home/jezzy/yolobot/install/yolobot_description/share/yolobot_description/package.xml
[0.280s] Invoked command in '/home/jezzy/yolobot/build/yolobot_description' returned '0': CMAKE_PREFIX_PATH=${CMAKE_PREFIX_PATH}:/home/jezzy/husky_ws/lintic/install/yolosed:/home/jezzy/husky_ws/lintic/install/visual:/home/jezzy/husky_ws/lintic/install/segnet:/home/jezzy/husky_ws/turtlebot3/install/turtlebot3_teleop:/home/jezzy/husky_ws/turtlebot3/install/turtlebot3_example:/home/jezzy/husky_ws/turtlebot3/install/segtect:/home/jezzy/husky_ws/turtlebot3/install/autonomous_exploration:/opt/ros/humble /usr/bin/cmake --install /home/jezzy/yolobot/build/yolobot_description
