-- Install configuration: ""
-- Up-to-date: /home/jezzy/huskybot/install/huskybot_recognition/share/huskybot_recognition//scripts
-- Up-to-date: /home/jezzy/huskybot/install/huskybot_recognition/share/huskybot_recognition//scripts/yolov12_inference_listener.py
-- Up-to-date: /home/jezzy/huskybot/install/huskybot_recognition/share/huskybot_recognition//scripts/yolov12_detection_logger.py
-- Up-to-date: /home/jezzy/huskybot/install/huskybot_recognition/share/huskybot_recognition//scripts/yolov12n.pt
-- Up-to-date: /home/jezzy/huskybot/install/huskybot_recognition/share/huskybot_recognition//scripts/.gitignore
-- Up-to-date: /home/jezzy/huskybot/install/huskybot_recognition/share/huskybot_recognition//scripts/yolov12_panorama_inference.py
-- Up-to-date: /home/jezzy/huskybot/install/huskybot_recognition/share/huskybot_recognition//scripts/.gitattributes
-- Up-to-date: /home/jezzy/huskybot/install/huskybot_recognition/share/huskybot_recognition//scripts/yolo11n.pt
-- Up-to-date: /home/jezzy/huskybot/install/huskybot_recognition/share/huskybot_recognition//scripts/.dockerignore
-- Up-to-date: /home/jezzy/huskybot/install/huskybot_recognition/share/huskybot_recognition//scripts/yolov12_ros2_pt.py
-- Up-to-date: /home/jezzy/huskybot/install/huskybot_recognition/share/huskybot_recognition//scripts/yolov12_stitcher_node.py
-- Up-to-date: /home/jezzy/huskybot/install/huskybot_recognition/share/huskybot_recognition//scripts/yolov12_ros2_subscriber.py
-- Up-to-date: /home/jezzy/huskybot/install/huskybot_recognition/share/huskybot_recognition//scripts/__init__.py
-- Up-to-date: /home/jezzy/huskybot/install/huskybot_recognition/share/huskybot_recognition//launch
-- Up-to-date: /home/jezzy/huskybot/install/huskybot_recognition/share/huskybot_recognition//launch/launch_yolov12.launch.py
-- Up-to-date: /home/jezzy/huskybot/install/huskybot_recognition/lib/huskybot_recognition/yolov12_ros2_pt.py
-- Up-to-date: /home/jezzy/huskybot/install/huskybot_recognition/lib/huskybot_recognition/yolov12_ros2_subscriber.py
-- Up-to-date: /home/jezzy/huskybot/install/huskybot_recognition/lib/huskybot_recognition/yolov12_stitcher_node.py
-- Up-to-date: /home/jezzy/huskybot/install/huskybot_recognition/lib/huskybot_recognition/yolov12_panorama_inference.py
-- Up-to-date: /home/jezzy/huskybot/install/huskybot_recognition/lib/huskybot_recognition/yolov12_inference_listener.py
-- Up-to-date: /home/jezzy/huskybot/install/huskybot_recognition/share/ament_index/resource_index/package_run_dependencies/huskybot_recognition
-- Up-to-date: /home/jezzy/huskybot/install/huskybot_recognition/share/ament_index/resource_index/parent_prefix_path/huskybot_recognition
-- Up-to-date: /home/jezzy/huskybot/install/huskybot_recognition/share/huskybot_recognition/environment/ament_prefix_path.sh
-- Up-to-date: /home/jezzy/huskybot/install/huskybot_recognition/share/huskybot_recognition/environment/ament_prefix_path.dsv
-- Up-to-date: /home/jezzy/huskybot/install/huskybot_recognition/share/huskybot_recognition/environment/path.sh
-- Up-to-date: /home/jezzy/huskybot/install/huskybot_recognition/share/huskybot_recognition/environment/path.dsv
-- Up-to-date: /home/jezzy/huskybot/install/huskybot_recognition/share/huskybot_recognition/local_setup.bash
-- Up-to-date: /home/jezzy/huskybot/install/huskybot_recognition/share/huskybot_recognition/local_setup.sh
-- Up-to-date: /home/jezzy/huskybot/install/huskybot_recognition/share/huskybot_recognition/local_setup.zsh
-- Up-to-date: /home/jezzy/huskybot/install/huskybot_recognition/share/huskybot_recognition/local_setup.dsv
-- Installing: /home/jezzy/huskybot/install/huskybot_recognition/share/huskybot_recognition/package.dsv
-- Up-to-date: /home/jezzy/huskybot/install/huskybot_recognition/share/ament_index/resource_index/packages/huskybot_recognition
-- Up-to-date: /home/jezzy/huskybot/install/huskybot_recognition/share/huskybot_recognition/cmake/huskybot_recognitionConfig.cmake
-- Up-to-date: /home/jezzy/huskybot/install/huskybot_recognition/share/huskybot_recognition/cmake/huskybot_recognitionConfig-version.cmake
-- Up-to-date: /home/jezzy/huskybot/install/huskybot_recognition/share/huskybot_recognition/package.xml
