[0.094s] Invoking command in '/home/jezzy/huskybot/build/yolov12_msgs': CMAKE_PREFIX_PATH=${CMAKE_PREFIX_PATH}:/home/jezzy/huskybot/install/huskybot_fusion:/home/jezzy/huskybot/install/huskybot_navigation:/home/jezzy/husky_ws/turtlebot3/install/turtlebot3_teleop:/home/jezzy/husky_ws/turtlebot3/install/turtlebot3_example:/home/jezzy/husky_ws/turtlebot3/install/segtect:/home/jezzy/husky_ws/turtlebot3/install/autonomous_exploration:/home/jezzy/husky_ws/lintic/install/yolosed:/home/jezzy/husky_ws/lintic/install/visual:/home/jezzy/husky_ws/lintic/install/segnet:/opt/ros/humble /usr/bin/cmake --build /home/jezzy/huskybot/build/yolov12_msgs -- -j4 -l4
[0.345s] [  2%] Built target yolov12_msgs__cpp
[0.514s] [  2%] Built target ament_cmake_python_copy_yolov12_msgs
[0.596s] [ 12%] Built target yolov12_msgs__rosidl_generator_c
[0.675s] [ 23%] Built target yolov12_msgs__rosidl_typesupport_cpp
[0.761s] [ 33%] Built target yolov12_msgs__rosidl_typesupport_fastrtps_cpp
[0.795s] [ 43%] Built target yolov12_msgs__rosidl_typesupport_introspection_cpp
[0.960s] [ 53%] Built target yolov12_msgs__rosidl_typesupport_introspection_c
[0.963s] [ 64%] Built target yolov12_msgs__rosidl_typesupport_c
[1.015s] [ 74%] Built target yolov12_msgs__rosidl_typesupport_fastrtps_c
[1.169s] [ 74%] Built target yolov12_msgs
[1.388s] [ 76%] Built target yolov12_msgs__py
[1.529s] [ 84%] Built target yolov12_msgs__rosidl_generator_py
[1.660s] [ 89%] Built target yolov12_msgs__rosidl_typesupport_introspection_c__pyext
[1.764s] [ 94%] Built target yolov12_msgs__rosidl_typesupport_fastrtps_c__pyext
[1.785s] [100%] Built target yolov12_msgs__rosidl_typesupport_c__pyext
[2.641s] running egg_info
[2.643s] writing yolov12_msgs.egg-info/PKG-INFO
[2.643s] writing dependency_links to yolov12_msgs.egg-info/dependency_links.txt
[2.647s] writing top-level names to yolov12_msgs.egg-info/top_level.txt
[2.657s] reading manifest file 'yolov12_msgs.egg-info/SOURCES.txt'
[2.659s] writing manifest file 'yolov12_msgs.egg-info/SOURCES.txt'
[2.791s] [100%] Built target ament_cmake_python_build_yolov12_msgs_egg
[3.968s] Invoked command in '/home/jezzy/huskybot/build/yolov12_msgs' returned '0': CMAKE_PREFIX_PATH=${CMAKE_PREFIX_PATH}:/home/jezzy/huskybot/install/huskybot_fusion:/home/jezzy/huskybot/install/huskybot_navigation:/home/jezzy/husky_ws/turtlebot3/install/turtlebot3_teleop:/home/jezzy/husky_ws/turtlebot3/install/turtlebot3_example:/home/jezzy/husky_ws/turtlebot3/install/segtect:/home/jezzy/husky_ws/turtlebot3/install/autonomous_exploration:/home/jezzy/husky_ws/lintic/install/yolosed:/home/jezzy/husky_ws/lintic/install/visual:/home/jezzy/husky_ws/lintic/install/segnet:/opt/ros/humble /usr/bin/cmake --build /home/jezzy/huskybot/build/yolov12_msgs -- -j4 -l4
[3.977s] Invoking command in '/home/jezzy/huskybot/build/yolov12_msgs': CMAKE_PREFIX_PATH=${CMAKE_PREFIX_PATH}:/home/jezzy/huskybot/install/huskybot_fusion:/home/jezzy/huskybot/install/huskybot_navigation:/home/jezzy/husky_ws/turtlebot3/install/turtlebot3_teleop:/home/jezzy/husky_ws/turtlebot3/install/turtlebot3_example:/home/jezzy/husky_ws/turtlebot3/install/segtect:/home/jezzy/husky_ws/turtlebot3/install/autonomous_exploration:/home/jezzy/husky_ws/lintic/install/yolosed:/home/jezzy/husky_ws/lintic/install/visual:/home/jezzy/husky_ws/lintic/install/segnet:/opt/ros/humble /usr/bin/cmake --install /home/jezzy/huskybot/build/yolov12_msgs
[4.121s] -- Install configuration: ""
[4.122s] -- Up-to-date: /home/jezzy/huskybot/install/yolov12_msgs/share/ament_index/resource_index/rosidl_interfaces/yolov12_msgs
[4.123s] -- Up-to-date: /home/jezzy/huskybot/install/yolov12_msgs/include/yolov12_msgs/yolov12_msgs
[4.123s] -- Up-to-date: /home/jezzy/huskybot/install/yolov12_msgs/include/yolov12_msgs/yolov12_msgs/msg
[4.125s] -- Up-to-date: /home/jezzy/huskybot/install/yolov12_msgs/include/yolov12_msgs/yolov12_msgs/msg/rosidl_generator_c__visibility_control.h
[4.125s] -- Up-to-date: /home/jezzy/huskybot/install/yolov12_msgs/include/yolov12_msgs/yolov12_msgs/msg/detail
[4.126s] -- Up-to-date: /home/jezzy/huskybot/install/yolov12_msgs/include/yolov12_msgs/yolov12_msgs/msg/detail/inference_result__type_support.h
[4.127s] -- Up-to-date: /home/jezzy/huskybot/install/yolov12_msgs/include/yolov12_msgs/yolov12_msgs/msg/detail/inference_result__functions.h
[4.129s] -- Up-to-date: /home/jezzy/huskybot/install/yolov12_msgs/include/yolov12_msgs/yolov12_msgs/msg/detail/yolov12_inference__struct.h
[4.129s] -- Up-to-date: /home/jezzy/huskybot/install/yolov12_msgs/include/yolov12_msgs/yolov12_msgs/msg/detail/inference_result__struct.h
[4.130s] -- Up-to-date: /home/jezzy/huskybot/install/yolov12_msgs/include/yolov12_msgs/yolov12_msgs/msg/detail/yolov12_inference__functions.c
[4.131s] -- Up-to-date: /home/jezzy/huskybot/install/yolov12_msgs/include/yolov12_msgs/yolov12_msgs/msg/detail/inference_result__functions.c
[4.132s] -- Up-to-date: /home/jezzy/huskybot/install/yolov12_msgs/include/yolov12_msgs/yolov12_msgs/msg/detail/yolov12_inference__functions.h
[4.136s] -- Up-to-date: /home/jezzy/huskybot/install/yolov12_msgs/include/yolov12_msgs/yolov12_msgs/msg/detail/yolov12_inference__type_support.h
[4.136s] -- Up-to-date: /home/jezzy/huskybot/install/yolov12_msgs/include/yolov12_msgs/yolov12_msgs/msg/inference_result.h
[4.137s] -- Up-to-date: /home/jezzy/huskybot/install/yolov12_msgs/include/yolov12_msgs/yolov12_msgs/msg/yolov12_inference.h
[4.137s] -- Up-to-date: /home/jezzy/huskybot/install/yolov12_msgs/share/yolov12_msgs/environment/library_path.sh
[4.156s] -- Up-to-date: /home/jezzy/huskybot/install/yolov12_msgs/share/yolov12_msgs/environment/library_path.dsv
[4.156s] -- Up-to-date: /home/jezzy/huskybot/install/yolov12_msgs/lib/libyolov12_msgs__rosidl_generator_c.so
[4.157s] -- Up-to-date: /home/jezzy/huskybot/install/yolov12_msgs/include/yolov12_msgs/yolov12_msgs
[4.157s] -- Up-to-date: /home/jezzy/huskybot/install/yolov12_msgs/include/yolov12_msgs/yolov12_msgs/msg
[4.157s] -- Up-to-date: /home/jezzy/huskybot/install/yolov12_msgs/include/yolov12_msgs/yolov12_msgs/msg/detail
[4.165s] -- Up-to-date: /home/jezzy/huskybot/install/yolov12_msgs/include/yolov12_msgs/yolov12_msgs/msg/detail/inference_result__rosidl_typesupport_fastrtps_c.h
[4.165s] -- Up-to-date: /home/jezzy/huskybot/install/yolov12_msgs/include/yolov12_msgs/yolov12_msgs/msg/detail/yolov12_inference__rosidl_typesupport_fastrtps_c.h
[4.166s] -- Up-to-date: /home/jezzy/huskybot/install/yolov12_msgs/include/yolov12_msgs/yolov12_msgs/msg/rosidl_typesupport_fastrtps_c__visibility_control.h
[4.166s] -- Up-to-date: /home/jezzy/huskybot/install/yolov12_msgs/lib/libyolov12_msgs__rosidl_typesupport_fastrtps_c.so
[4.166s] -- Up-to-date: /home/jezzy/huskybot/install/yolov12_msgs/include/yolov12_msgs/yolov12_msgs
[4.166s] -- Up-to-date: /home/jezzy/huskybot/install/yolov12_msgs/include/yolov12_msgs/yolov12_msgs/msg
[4.166s] -- Up-to-date: /home/jezzy/huskybot/install/yolov12_msgs/include/yolov12_msgs/yolov12_msgs/msg/detail
[4.167s] -- Up-to-date: /home/jezzy/huskybot/install/yolov12_msgs/include/yolov12_msgs/yolov12_msgs/msg/detail/inference_result__struct.hpp
[4.167s] -- Up-to-date: /home/jezzy/huskybot/install/yolov12_msgs/include/yolov12_msgs/yolov12_msgs/msg/detail/inference_result__builder.hpp
[4.167s] -- Up-to-date: /home/jezzy/huskybot/install/yolov12_msgs/include/yolov12_msgs/yolov12_msgs/msg/detail/yolov12_inference__struct.hpp
[4.167s] -- Up-to-date: /home/jezzy/huskybot/install/yolov12_msgs/include/yolov12_msgs/yolov12_msgs/msg/detail/yolov12_inference__traits.hpp
[4.168s] -- Up-to-date: /home/jezzy/huskybot/install/yolov12_msgs/include/yolov12_msgs/yolov12_msgs/msg/detail/inference_result__traits.hpp
[4.168s] -- Up-to-date: /home/jezzy/huskybot/install/yolov12_msgs/include/yolov12_msgs/yolov12_msgs/msg/detail/yolov12_inference__type_support.hpp
[4.168s] -- Up-to-date: /home/jezzy/huskybot/install/yolov12_msgs/include/yolov12_msgs/yolov12_msgs/msg/detail/yolov12_inference__builder.hpp
[4.168s] -- Up-to-date: /home/jezzy/huskybot/install/yolov12_msgs/include/yolov12_msgs/yolov12_msgs/msg/detail/inference_result__type_support.hpp
[4.168s] -- Up-to-date: /home/jezzy/huskybot/install/yolov12_msgs/include/yolov12_msgs/yolov12_msgs/msg/inference_result.hpp
[4.169s] -- Up-to-date: /home/jezzy/huskybot/install/yolov12_msgs/include/yolov12_msgs/yolov12_msgs/msg/rosidl_generator_cpp__visibility_control.hpp
[4.169s] -- Up-to-date: /home/jezzy/huskybot/install/yolov12_msgs/include/yolov12_msgs/yolov12_msgs/msg/yolov12_inference.hpp
[4.169s] -- Up-to-date: /home/jezzy/huskybot/install/yolov12_msgs/include/yolov12_msgs/yolov12_msgs
[4.169s] -- Up-to-date: /home/jezzy/huskybot/install/yolov12_msgs/include/yolov12_msgs/yolov12_msgs/msg
[4.169s] -- Up-to-date: /home/jezzy/huskybot/install/yolov12_msgs/include/yolov12_msgs/yolov12_msgs/msg/rosidl_typesupport_fastrtps_cpp__visibility_control.h
[4.170s] -- Up-to-date: /home/jezzy/huskybot/install/yolov12_msgs/include/yolov12_msgs/yolov12_msgs/msg/detail
[4.170s] -- Up-to-date: /home/jezzy/huskybot/install/yolov12_msgs/include/yolov12_msgs/yolov12_msgs/msg/detail/yolov12_inference__rosidl_typesupport_fastrtps_cpp.hpp
[4.170s] -- Up-to-date: /home/jezzy/huskybot/install/yolov12_msgs/include/yolov12_msgs/yolov12_msgs/msg/detail/dds_fastrtps
[4.170s] -- Up-to-date: /home/jezzy/huskybot/install/yolov12_msgs/include/yolov12_msgs/yolov12_msgs/msg/detail/inference_result__rosidl_typesupport_fastrtps_cpp.hpp
[4.170s] -- Up-to-date: /home/jezzy/huskybot/install/yolov12_msgs/lib/libyolov12_msgs__rosidl_typesupport_fastrtps_cpp.so
[4.171s] -- Up-to-date: /home/jezzy/huskybot/install/yolov12_msgs/include/yolov12_msgs/yolov12_msgs
[4.171s] -- Up-to-date: /home/jezzy/huskybot/install/yolov12_msgs/include/yolov12_msgs/yolov12_msgs/msg
[4.171s] -- Up-to-date: /home/jezzy/huskybot/install/yolov12_msgs/include/yolov12_msgs/yolov12_msgs/msg/rosidl_typesupport_introspection_c__visibility_control.h
[4.171s] -- Up-to-date: /home/jezzy/huskybot/install/yolov12_msgs/include/yolov12_msgs/yolov12_msgs/msg/detail
[4.171s] -- Up-to-date: /home/jezzy/huskybot/install/yolov12_msgs/include/yolov12_msgs/yolov12_msgs/msg/detail/inference_result__rosidl_typesupport_introspection_c.h
[4.172s] -- Up-to-date: /home/jezzy/huskybot/install/yolov12_msgs/include/yolov12_msgs/yolov12_msgs/msg/detail/yolov12_inference__rosidl_typesupport_introspection_c.h
[4.172s] -- Up-to-date: /home/jezzy/huskybot/install/yolov12_msgs/include/yolov12_msgs/yolov12_msgs/msg/detail/inference_result__type_support.c
[4.172s] -- Up-to-date: /home/jezzy/huskybot/install/yolov12_msgs/include/yolov12_msgs/yolov12_msgs/msg/detail/yolov12_inference__type_support.c
[4.172s] -- Up-to-date: /home/jezzy/huskybot/install/yolov12_msgs/lib/libyolov12_msgs__rosidl_typesupport_introspection_c.so
[4.172s] -- Up-to-date: /home/jezzy/huskybot/install/yolov12_msgs/lib/libyolov12_msgs__rosidl_typesupport_c.so
[4.173s] -- Up-to-date: /home/jezzy/huskybot/install/yolov12_msgs/include/yolov12_msgs/yolov12_msgs
[4.173s] -- Up-to-date: /home/jezzy/huskybot/install/yolov12_msgs/include/yolov12_msgs/yolov12_msgs/msg
[4.173s] -- Up-to-date: /home/jezzy/huskybot/install/yolov12_msgs/include/yolov12_msgs/yolov12_msgs/msg/detail
[4.173s] -- Up-to-date: /home/jezzy/huskybot/install/yolov12_msgs/include/yolov12_msgs/yolov12_msgs/msg/detail/yolov12_inference__rosidl_typesupport_introspection_cpp.hpp
[4.189s] -- Up-to-date: /home/jezzy/huskybot/install/yolov12_msgs/include/yolov12_msgs/yolov12_msgs/msg/detail/inference_result__type_support.cpp
[4.189s] -- Up-to-date: /home/jezzy/huskybot/install/yolov12_msgs/include/yolov12_msgs/yolov12_msgs/msg/detail/inference_result__rosidl_typesupport_introspection_cpp.hpp
[4.189s] -- Up-to-date: /home/jezzy/huskybot/install/yolov12_msgs/include/yolov12_msgs/yolov12_msgs/msg/detail/yolov12_inference__type_support.cpp
[4.189s] -- Up-to-date: /home/jezzy/huskybot/install/yolov12_msgs/lib/libyolov12_msgs__rosidl_typesupport_introspection_cpp.so
[4.190s] -- Up-to-date: /home/jezzy/huskybot/install/yolov12_msgs/lib/libyolov12_msgs__rosidl_typesupport_cpp.so
[4.190s] -- Up-to-date: /home/jezzy/huskybot/install/yolov12_msgs/share/yolov12_msgs/environment/pythonpath.sh
[4.190s] -- Up-to-date: /home/jezzy/huskybot/install/yolov12_msgs/share/yolov12_msgs/environment/pythonpath.dsv
[4.191s] -- Up-to-date: /home/jezzy/huskybot/install/yolov12_msgs/local/lib/python3.10/dist-packages/yolov12_msgs-0.0.0-py3.10.egg-info
[4.191s] -- Installing: /home/jezzy/huskybot/install/yolov12_msgs/local/lib/python3.10/dist-packages/yolov12_msgs-0.0.0-py3.10.egg-info/top_level.txt
[4.191s] -- Installing: /home/jezzy/huskybot/install/yolov12_msgs/local/lib/python3.10/dist-packages/yolov12_msgs-0.0.0-py3.10.egg-info/SOURCES.txt
[4.191s] -- Installing: /home/jezzy/huskybot/install/yolov12_msgs/local/lib/python3.10/dist-packages/yolov12_msgs-0.0.0-py3.10.egg-info/dependency_links.txt
[4.191s] -- Installing: /home/jezzy/huskybot/install/yolov12_msgs/local/lib/python3.10/dist-packages/yolov12_msgs-0.0.0-py3.10.egg-info/PKG-INFO
[4.192s] -- Up-to-date: /home/jezzy/huskybot/install/yolov12_msgs/local/lib/python3.10/dist-packages/yolov12_msgs
[4.192s] -- Up-to-date: /home/jezzy/huskybot/install/yolov12_msgs/local/lib/python3.10/dist-packages/yolov12_msgs/libyolov12_msgs__rosidl_generator_py.so
[4.192s] -- Up-to-date: /home/jezzy/huskybot/install/yolov12_msgs/local/lib/python3.10/dist-packages/yolov12_msgs/_yolov12_msgs_s.ep.rosidl_typesupport_introspection_c.c
[4.193s] -- Up-to-date: /home/jezzy/huskybot/install/yolov12_msgs/local/lib/python3.10/dist-packages/yolov12_msgs/_yolov12_msgs_s.ep.rosidl_typesupport_fastrtps_c.c
[4.193s] -- Up-to-date: /home/jezzy/huskybot/install/yolov12_msgs/local/lib/python3.10/dist-packages/yolov12_msgs/_yolov12_msgs_s.ep.rosidl_typesupport_c.c
[4.199s] -- Up-to-date: /home/jezzy/huskybot/install/yolov12_msgs/local/lib/python3.10/dist-packages/yolov12_msgs/yolov12_msgs_s__rosidl_typesupport_introspection_c.cpython-310-x86_64-linux-gnu.so
[4.200s] -- Up-to-date: /home/jezzy/huskybot/install/yolov12_msgs/local/lib/python3.10/dist-packages/yolov12_msgs/msg
[4.200s] -- Up-to-date: /home/jezzy/huskybot/install/yolov12_msgs/local/lib/python3.10/dist-packages/yolov12_msgs/msg/_inference_result_s.c
[4.201s] -- Up-to-date: /home/jezzy/huskybot/install/yolov12_msgs/local/lib/python3.10/dist-packages/yolov12_msgs/msg/_inference_result.py
[4.202s] -- Up-to-date: /home/jezzy/huskybot/install/yolov12_msgs/local/lib/python3.10/dist-packages/yolov12_msgs/msg/_yolov12_inference_s.c
[4.204s] -- Up-to-date: /home/jezzy/huskybot/install/yolov12_msgs/local/lib/python3.10/dist-packages/yolov12_msgs/msg/_yolov12_inference.py
[4.205s] -- Up-to-date: /home/jezzy/huskybot/install/yolov12_msgs/local/lib/python3.10/dist-packages/yolov12_msgs/msg/__init__.py
[4.206s] -- Up-to-date: /home/jezzy/huskybot/install/yolov12_msgs/local/lib/python3.10/dist-packages/yolov12_msgs/yolov12_msgs_s__rosidl_typesupport_fastrtps_c.cpython-310-x86_64-linux-gnu.so
[4.207s] -- Up-to-date: /home/jezzy/huskybot/install/yolov12_msgs/local/lib/python3.10/dist-packages/yolov12_msgs/yolov12_msgs_s__rosidl_typesupport_c.cpython-310-x86_64-linux-gnu.so
[4.208s] -- Up-to-date: /home/jezzy/huskybot/install/yolov12_msgs/local/lib/python3.10/dist-packages/yolov12_msgs/__init__.py
[4.214s] Listing '/home/jezzy/huskybot/install/yolov12_msgs/local/lib/python3.10/dist-packages/yolov12_msgs'...
[4.215s] Listing '/home/jezzy/huskybot/install/yolov12_msgs/local/lib/python3.10/dist-packages/yolov12_msgs/msg'...
[4.226s] -- Up-to-date: /home/jezzy/huskybot/install/yolov12_msgs/local/lib/python3.10/dist-packages/yolov12_msgs/yolov12_msgs_s__rosidl_typesupport_fastrtps_c.cpython-310-x86_64-linux-gnu.so
[4.226s] -- Up-to-date: /home/jezzy/huskybot/install/yolov12_msgs/local/lib/python3.10/dist-packages/yolov12_msgs/yolov12_msgs_s__rosidl_typesupport_introspection_c.cpython-310-x86_64-linux-gnu.so
[4.226s] -- Up-to-date: /home/jezzy/huskybot/install/yolov12_msgs/local/lib/python3.10/dist-packages/yolov12_msgs/yolov12_msgs_s__rosidl_typesupport_c.cpython-310-x86_64-linux-gnu.so
[4.226s] -- Up-to-date: /home/jezzy/huskybot/install/yolov12_msgs/lib/libyolov12_msgs__rosidl_generator_py.so
[4.227s] -- Up-to-date: /home/jezzy/huskybot/install/yolov12_msgs/share/yolov12_msgs/msg/InferenceResult.idl
[4.227s] -- Up-to-date: /home/jezzy/huskybot/install/yolov12_msgs/share/yolov12_msgs/msg/Yolov12Inference.idl
[4.231s] -- Up-to-date: /home/jezzy/huskybot/install/yolov12_msgs/share/yolov12_msgs/msg/InferenceResult.msg
[4.231s] -- Up-to-date: /home/jezzy/huskybot/install/yolov12_msgs/share/yolov12_msgs/msg/Yolov12Inference.msg
[4.232s] -- Up-to-date: /home/jezzy/huskybot/install/yolov12_msgs/share/ament_index/resource_index/package_run_dependencies/yolov12_msgs
[4.232s] -- Up-to-date: /home/jezzy/huskybot/install/yolov12_msgs/share/ament_index/resource_index/parent_prefix_path/yolov12_msgs
[4.232s] -- Up-to-date: /home/jezzy/huskybot/install/yolov12_msgs/share/yolov12_msgs/environment/ament_prefix_path.sh
[4.232s] -- Up-to-date: /home/jezzy/huskybot/install/yolov12_msgs/share/yolov12_msgs/environment/ament_prefix_path.dsv
[4.233s] -- Up-to-date: /home/jezzy/huskybot/install/yolov12_msgs/share/yolov12_msgs/environment/path.sh
[4.233s] -- Up-to-date: /home/jezzy/huskybot/install/yolov12_msgs/share/yolov12_msgs/environment/path.dsv
[4.233s] -- Up-to-date: /home/jezzy/huskybot/install/yolov12_msgs/share/yolov12_msgs/local_setup.bash
[4.233s] -- Up-to-date: /home/jezzy/huskybot/install/yolov12_msgs/share/yolov12_msgs/local_setup.sh
[4.240s] -- Up-to-date: /home/jezzy/huskybot/install/yolov12_msgs/share/yolov12_msgs/local_setup.zsh
[4.241s] -- Up-to-date: /home/jezzy/huskybot/install/yolov12_msgs/share/yolov12_msgs/local_setup.dsv
[4.241s] -- Installing: /home/jezzy/huskybot/install/yolov12_msgs/share/yolov12_msgs/package.dsv
[4.242s] -- Up-to-date: /home/jezzy/huskybot/install/yolov12_msgs/share/ament_index/resource_index/packages/yolov12_msgs
[4.242s] -- Up-to-date: /home/jezzy/huskybot/install/yolov12_msgs/share/yolov12_msgs/cmake/export_yolov12_msgs__rosidl_generator_cExport.cmake
[4.243s] -- Up-to-date: /home/jezzy/huskybot/install/yolov12_msgs/share/yolov12_msgs/cmake/export_yolov12_msgs__rosidl_generator_cExport-noconfig.cmake
[4.244s] -- Up-to-date: /home/jezzy/huskybot/install/yolov12_msgs/share/yolov12_msgs/cmake/export_yolov12_msgs__rosidl_typesupport_fastrtps_cExport.cmake
[4.245s] -- Up-to-date: /home/jezzy/huskybot/install/yolov12_msgs/share/yolov12_msgs/cmake/export_yolov12_msgs__rosidl_typesupport_fastrtps_cExport-noconfig.cmake
[4.248s] -- Up-to-date: /home/jezzy/huskybot/install/yolov12_msgs/share/yolov12_msgs/cmake/export_yolov12_msgs__rosidl_generator_cppExport.cmake
[4.249s] -- Up-to-date: /home/jezzy/huskybot/install/yolov12_msgs/share/yolov12_msgs/cmake/export_yolov12_msgs__rosidl_typesupport_fastrtps_cppExport.cmake
[4.249s] -- Up-to-date: /home/jezzy/huskybot/install/yolov12_msgs/share/yolov12_msgs/cmake/export_yolov12_msgs__rosidl_typesupport_fastrtps_cppExport-noconfig.cmake
[4.249s] -- Up-to-date: /home/jezzy/huskybot/install/yolov12_msgs/share/yolov12_msgs/cmake/yolov12_msgs__rosidl_typesupport_introspection_cExport.cmake
[4.249s] -- Up-to-date: /home/jezzy/huskybot/install/yolov12_msgs/share/yolov12_msgs/cmake/yolov12_msgs__rosidl_typesupport_introspection_cExport-noconfig.cmake
[4.250s] -- Up-to-date: /home/jezzy/huskybot/install/yolov12_msgs/share/yolov12_msgs/cmake/yolov12_msgs__rosidl_typesupport_cExport.cmake
[4.250s] -- Up-to-date: /home/jezzy/huskybot/install/yolov12_msgs/share/yolov12_msgs/cmake/yolov12_msgs__rosidl_typesupport_cExport-noconfig.cmake
[4.250s] -- Up-to-date: /home/jezzy/huskybot/install/yolov12_msgs/share/yolov12_msgs/cmake/yolov12_msgs__rosidl_typesupport_introspection_cppExport.cmake
[4.250s] -- Up-to-date: /home/jezzy/huskybot/install/yolov12_msgs/share/yolov12_msgs/cmake/yolov12_msgs__rosidl_typesupport_introspection_cppExport-noconfig.cmake
[4.250s] -- Up-to-date: /home/jezzy/huskybot/install/yolov12_msgs/share/yolov12_msgs/cmake/yolov12_msgs__rosidl_typesupport_cppExport.cmake
[4.251s] -- Up-to-date: /home/jezzy/huskybot/install/yolov12_msgs/share/yolov12_msgs/cmake/yolov12_msgs__rosidl_typesupport_cppExport-noconfig.cmake
[4.251s] -- Up-to-date: /home/jezzy/huskybot/install/yolov12_msgs/share/yolov12_msgs/cmake/export_yolov12_msgs__rosidl_generator_pyExport.cmake
[4.251s] -- Up-to-date: /home/jezzy/huskybot/install/yolov12_msgs/share/yolov12_msgs/cmake/export_yolov12_msgs__rosidl_generator_pyExport-noconfig.cmake
[4.251s] -- Up-to-date: /home/jezzy/huskybot/install/yolov12_msgs/share/yolov12_msgs/cmake/rosidl_cmake-extras.cmake
[4.252s] -- Up-to-date: /home/jezzy/huskybot/install/yolov12_msgs/share/yolov12_msgs/cmake/ament_cmake_export_dependencies-extras.cmake
[4.252s] -- Up-to-date: /home/jezzy/huskybot/install/yolov12_msgs/share/yolov12_msgs/cmake/ament_cmake_export_include_directories-extras.cmake
[4.252s] -- Up-to-date: /home/jezzy/huskybot/install/yolov12_msgs/share/yolov12_msgs/cmake/ament_cmake_export_libraries-extras.cmake
[4.253s] -- Up-to-date: /home/jezzy/huskybot/install/yolov12_msgs/share/yolov12_msgs/cmake/ament_cmake_export_targets-extras.cmake
[4.253s] -- Up-to-date: /home/jezzy/huskybot/install/yolov12_msgs/share/yolov12_msgs/cmake/rosidl_cmake_export_typesupport_targets-extras.cmake
[4.253s] -- Up-to-date: /home/jezzy/huskybot/install/yolov12_msgs/share/yolov12_msgs/cmake/rosidl_cmake_export_typesupport_libraries-extras.cmake
[4.254s] -- Up-to-date: /home/jezzy/huskybot/install/yolov12_msgs/share/yolov12_msgs/cmake/yolov12_msgsConfig.cmake
[4.255s] -- Up-to-date: /home/jezzy/huskybot/install/yolov12_msgs/share/yolov12_msgs/cmake/yolov12_msgsConfig-version.cmake
[4.255s] -- Up-to-date: /home/jezzy/huskybot/install/yolov12_msgs/share/yolov12_msgs/package.xml
[4.257s] Invoked command in '/home/jezzy/huskybot/build/yolov12_msgs' returned '0': CMAKE_PREFIX_PATH=${CMAKE_PREFIX_PATH}:/home/jezzy/huskybot/install/huskybot_fusion:/home/jezzy/huskybot/install/huskybot_navigation:/home/jezzy/husky_ws/turtlebot3/install/turtlebot3_teleop:/home/jezzy/husky_ws/turtlebot3/install/turtlebot3_example:/home/jezzy/husky_ws/turtlebot3/install/segtect:/home/jezzy/husky_ws/turtlebot3/install/autonomous_exploration:/home/jezzy/husky_ws/lintic/install/yolosed:/home/jezzy/husky_ws/lintic/install/visual:/home/jezzy/husky_ws/lintic/install/segnet:/opt/ros/humble /usr/bin/cmake --install /home/jezzy/huskybot/build/yolov12_msgs
