[0.071s] Invoking command in '/home/jezzy/yolobot/build/yolov12_msgs': CMAKE_PREFIX_PATH=${CMAKE_PREFIX_PATH}:/home/jezzy/yolobot/install/yolobot_fusion:/home/jezzy/yolobot/install/yolobot_navigation:/home/jezzy/husky_ws/lintic/install/yolosed:/home/jezzy/husky_ws/lintic/install/visual:/home/jezzy/husky_ws/lintic/install/segnet:/home/jezzy/husky_ws/turtlebot3/install/turtlebot3_teleop:/home/jezzy/husky_ws/turtlebot3/install/turtlebot3_example:/home/jezzy/husky_ws/turtlebot3/install/segtect:/home/jezzy/husky_ws/turtlebot3/install/autonomous_exploration:/opt/ros/humble /usr/bin/cmake /home/jezzy/yolobot/src/yolov12_msgs -DCMAKE_INSTALL_PREFIX=/home/jezzy/yolobot/install/yolov12_msgs
[1.156s] -- The C compiler identification is GNU 11.4.0
[3.334s] -- The CXX compiler identification is GNU 11.4.0
[4.606s] -- Detecting C compiler ABI info
[5.343s] -- Detecting C compiler ABI info - done
[5.366s] -- Check for working C compiler: /usr/bin/cc - skipped
[5.369s] -- Detecting C compile features
[5.375s] -- Detecting C compile features - done
[5.415s] -- Detecting CXX compiler ABI info
[6.079s] -- Detecting CXX compiler ABI info - done
[6.103s] -- Check for working CXX compiler: /usr/bin/c++ - skipped
[6.104s] -- Detecting CXX compile features
[6.104s] -- Detecting CXX compile features - done
[6.132s] -- Found ament_cmake: 1.3.11 (/opt/ros/humble/share/ament_cmake/cmake)
[6.722s] -- Found Python3: /usr/bin/python3 (found version "3.10.12") found components: Interpreter 
[7.265s] -- Found std_msgs: 4.8.0 (/opt/ros/humble/share/std_msgs/cmake)
[7.887s] -- Found rosidl_generator_c: 3.1.6 (/opt/ros/humble/share/rosidl_generator_c/cmake)
[7.915s] -- Found rosidl_adapter: 3.1.6 (/opt/ros/humble/share/rosidl_adapter/cmake)
[7.976s] -- Found rosidl_generator_cpp: 3.1.6 (/opt/ros/humble/share/rosidl_generator_cpp/cmake)
[8.023s] -- Using all available rosidl_typesupport_c: rosidl_typesupport_fastrtps_c;rosidl_typesupport_introspection_c
[8.093s] -- Using all available rosidl_typesupport_cpp: rosidl_typesupport_fastrtps_cpp;rosidl_typesupport_introspection_cpp
[8.186s] -- Found rosidl_default_generators: 1.2.0 (/opt/ros/humble/share/rosidl_default_generators/cmake)
[8.766s] -- Found ament_cmake_ros: 0.10.0 (/opt/ros/humble/share/ament_cmake_ros/cmake)
[9.595s] -- Using all available rosidl_typesupport_c: rosidl_typesupport_fastrtps_c;rosidl_typesupport_introspection_c
[9.870s] -- Using all available rosidl_typesupport_cpp: rosidl_typesupport_fastrtps_cpp;rosidl_typesupport_introspection_cpp
[10.224s] -- Found PythonInterp: /usr/bin/python3 (found suitable version "3.10.12", minimum required is "3.6") 
[10.235s] -- Found python_cmake_module: 0.10.0 (/opt/ros/humble/share/python_cmake_module/cmake)
[11.196s] -- Found PythonLibs: /usr/lib/x86_64-linux-gnu/libpython3.10.so (found suitable version "3.10.12", minimum required is "3.5") 
[11.196s] -- Using PYTHON_EXECUTABLE: /usr/bin/python3
[11.196s] -- Using PYTHON_INCLUDE_DIRS: /usr/include/python3.10
[11.197s] -- Using PYTHON_LIBRARIES: /usr/lib/x86_64-linux-gnu/libpython3.10.so
[11.241s] -- Found PythonExtra: .so  
[11.510s] -- Found ament_lint_auto: 0.12.12 (/opt/ros/humble/share/ament_lint_auto/cmake)
[11.646s] -- Added test 'copyright' to check source files copyright and LICENSE
[11.654s] -- Added test 'lint_cmake' to check CMake code style
[11.659s] -- Added test 'xmllint' to check XML markup files
[11.669s] -- Configuring done
[11.751s] -- Generating done
[11.771s] -- Build files have been written to: /home/jezzy/yolobot/build/yolov12_msgs
[11.786s] Invoked command in '/home/jezzy/yolobot/build/yolov12_msgs' returned '0': CMAKE_PREFIX_PATH=${CMAKE_PREFIX_PATH}:/home/jezzy/yolobot/install/yolobot_fusion:/home/jezzy/yolobot/install/yolobot_navigation:/home/jezzy/husky_ws/lintic/install/yolosed:/home/jezzy/husky_ws/lintic/install/visual:/home/jezzy/husky_ws/lintic/install/segnet:/home/jezzy/husky_ws/turtlebot3/install/turtlebot3_teleop:/home/jezzy/husky_ws/turtlebot3/install/turtlebot3_example:/home/jezzy/husky_ws/turtlebot3/install/segtect:/home/jezzy/husky_ws/turtlebot3/install/autonomous_exploration:/opt/ros/humble /usr/bin/cmake /home/jezzy/yolobot/src/yolov12_msgs -DCMAKE_INSTALL_PREFIX=/home/jezzy/yolobot/install/yolov12_msgs
[11.789s] Invoking command in '/home/jezzy/yolobot/build/yolov12_msgs': CMAKE_PREFIX_PATH=${CMAKE_PREFIX_PATH}:/home/jezzy/yolobot/install/yolobot_fusion:/home/jezzy/yolobot/install/yolobot_navigation:/home/jezzy/husky_ws/lintic/install/yolosed:/home/jezzy/husky_ws/lintic/install/visual:/home/jezzy/husky_ws/lintic/install/segnet:/home/jezzy/husky_ws/turtlebot3/install/turtlebot3_teleop:/home/jezzy/husky_ws/turtlebot3/install/turtlebot3_example:/home/jezzy/husky_ws/turtlebot3/install/segtect:/home/jezzy/husky_ws/turtlebot3/install/autonomous_exploration:/opt/ros/humble /usr/bin/cmake --build /home/jezzy/yolobot/build/yolov12_msgs -- -j4 -l4
[11.863s] [  2%] [34m[1mGenerating C code for ROS interfaces[0m
[11.885s] [  5%] [34m[1mGenerating C++ code for ROS interfaces[0m
[11.900s] [  5%] Built target ament_cmake_python_copy_yolov12_msgs
[12.721s] running egg_info
[12.723s] creating yolov12_msgs.egg-info
[12.724s] writing yolov12_msgs.egg-info/PKG-INFO
[12.724s] writing dependency_links to yolov12_msgs.egg-info/dependency_links.txt
[12.725s] writing top-level names to yolov12_msgs.egg-info/top_level.txt
[12.726s] writing manifest file 'yolov12_msgs.egg-info/SOURCES.txt'
[12.731s] reading manifest file 'yolov12_msgs.egg-info/SOURCES.txt'
[12.735s] writing manifest file 'yolov12_msgs.egg-info/SOURCES.txt'
[12.803s] [  5%] Built target ament_cmake_python_build_yolov12_msgs_egg
[12.881s] [  5%] Built target yolov12_msgs__cpp
[12.907s] [  7%] [34m[1mGenerating C++ type support for eProsima Fast-RTPS[0m
[12.908s] [ 10%] [34m[1mGenerating C++ introspection for ROS interfaces[0m
[12.909s] [ 12%] [34m[1mGenerating C++ type support dispatch for ROS interfaces[0m
[13.135s] [ 15%] [32mBuilding C object CMakeFiles/yolov12_msgs__rosidl_generator_c.dir/rosidl_generator_c/yolov12_msgs/msg/detail/inference_result__functions.c.o[0m
[13.336s] [ 17%] [32mBuilding C object CMakeFiles/yolov12_msgs__rosidl_generator_c.dir/rosidl_generator_c/yolov12_msgs/msg/detail/yolov12_inference__functions.c.o[0m
[13.479s] [ 20%] [32m[1mLinking C shared library libyolov12_msgs__rosidl_generator_c.so[0m
[13.871s] [ 23%] [32mBuilding CXX object CMakeFiles/yolov12_msgs__rosidl_typesupport_cpp.dir/rosidl_typesupport_cpp/yolov12_msgs/msg/inference_result__type_support.cpp.o[0m
[13.904s] [ 23%] Built target yolov12_msgs__rosidl_generator_c
[13.928s] [ 25%] [32mBuilding CXX object CMakeFiles/yolov12_msgs__rosidl_typesupport_cpp.dir/rosidl_typesupport_cpp/yolov12_msgs/msg/yolov12_inference__type_support.cpp.o[0m
[13.942s] [ 28%] [32mBuilding CXX object CMakeFiles/yolov12_msgs__rosidl_typesupport_introspection_cpp.dir/rosidl_typesupport_introspection_cpp/yolov12_msgs/msg/detail/inference_result__type_support.cpp.o[0m
[14.028s] [ 30%] [32mBuilding CXX object CMakeFiles/yolov12_msgs__rosidl_typesupport_fastrtps_cpp.dir/rosidl_typesupport_fastrtps_cpp/yolov12_msgs/msg/detail/dds_fastrtps/inference_result__type_support.cpp.o[0m
[14.769s] [ 33%] [32m[1mLinking CXX shared library libyolov12_msgs__rosidl_typesupport_cpp.so[0m
[14.772s] [ 35%] [34m[1mGenerating C type support for eProsima Fast-RTPS[0m
[15.221s] [ 35%] Built target yolov12_msgs__rosidl_typesupport_cpp
[15.264s] [ 38%] [34m[1mGenerating C introspection for ROS interfaces[0m
[15.276s] [ 41%] [32mBuilding CXX object CMakeFiles/yolov12_msgs__rosidl_typesupport_introspection_cpp.dir/rosidl_typesupport_introspection_cpp/yolov12_msgs/msg/detail/yolov12_inference__type_support.cpp.o[0m
[15.396s] [ 43%] [32mBuilding CXX object CMakeFiles/yolov12_msgs__rosidl_typesupport_fastrtps_cpp.dir/rosidl_typesupport_fastrtps_cpp/yolov12_msgs/msg/detail/dds_fastrtps/yolov12_inference__type_support.cpp.o[0m
[15.912s] [ 46%] [32mBuilding CXX object CMakeFiles/yolov12_msgs__rosidl_typesupport_fastrtps_c.dir/rosidl_typesupport_fastrtps_c/yolov12_msgs/msg/detail/inference_result__type_support_c.cpp.o[0m
[16.470s] [ 48%] [32mBuilding C object CMakeFiles/yolov12_msgs__rosidl_typesupport_introspection_c.dir/rosidl_typesupport_introspection_c/yolov12_msgs/msg/detail/inference_result__type_support.c.o[0m
[16.612s] [ 51%] [32mBuilding C object CMakeFiles/yolov12_msgs__rosidl_typesupport_introspection_c.dir/rosidl_typesupport_introspection_c/yolov12_msgs/msg/detail/yolov12_inference__type_support.c.o[0m
[16.693s] [ 53%] [32m[1mLinking CXX shared library libyolov12_msgs__rosidl_typesupport_introspection_cpp.so[0m
[16.727s] [ 56%] [32m[1mLinking C shared library libyolov12_msgs__rosidl_typesupport_introspection_c.so[0m
[17.047s] [ 58%] [32m[1mLinking CXX shared library libyolov12_msgs__rosidl_typesupport_fastrtps_cpp.so[0m
[17.182s] [ 58%] Built target yolov12_msgs__rosidl_typesupport_introspection_c
[17.218s] [ 61%] [34m[1mGenerating C type support dispatch for ROS interfaces[0m
[17.293s] [ 64%] [32mBuilding CXX object CMakeFiles/yolov12_msgs__rosidl_typesupport_fastrtps_c.dir/rosidl_typesupport_fastrtps_c/yolov12_msgs/msg/detail/yolov12_inference__type_support_c.cpp.o[0m
[17.345s] [ 64%] Built target yolov12_msgs__rosidl_typesupport_introspection_cpp
[17.540s] [ 64%] Built target yolov12_msgs__rosidl_typesupport_fastrtps_cpp
[17.896s] [ 69%] [32mBuilding CXX object CMakeFiles/yolov12_msgs__rosidl_typesupport_c.dir/rosidl_typesupport_c/yolov12_msgs/msg/inference_result__type_support.cpp.o[0m
[17.897s] [ 69%] [32mBuilding CXX object CMakeFiles/yolov12_msgs__rosidl_typesupport_c.dir/rosidl_typesupport_c/yolov12_msgs/msg/yolov12_inference__type_support.cpp.o[0m
[17.968s] [ 71%] [32m[1mLinking CXX shared library libyolov12_msgs__rosidl_typesupport_c.so[0m
[18.088s] [ 74%] [32m[1mLinking CXX shared library libyolov12_msgs__rosidl_typesupport_fastrtps_c.so[0m
[18.293s] [ 74%] Built target yolov12_msgs__rosidl_typesupport_c
[18.436s] [ 74%] Built target yolov12_msgs__rosidl_typesupport_fastrtps_c
[18.475s] [ 74%] Built target yolov12_msgs
[18.516s] [ 76%] [34m[1mGenerating Python code for ROS interfaces[0m
[19.248s] [ 76%] Built target yolov12_msgs__py
[19.285s] [ 82%] [32mBuilding C object CMakeFiles/yolov12_msgs__rosidl_generator_py.dir/rosidl_generator_py/yolov12_msgs/msg/_inference_result_s.c.o[0m
[19.286s] [ 82%] [32mBuilding C object CMakeFiles/yolov12_msgs__rosidl_generator_py.dir/rosidl_generator_py/yolov12_msgs/msg/_yolov12_inference_s.c.o[0m
[19.638s] [ 84%] [32m[1mLinking C shared library rosidl_generator_py/yolov12_msgs/libyolov12_msgs__rosidl_generator_py.so[0m
[19.958s] [ 84%] Built target yolov12_msgs__rosidl_generator_py
[20.008s] [ 87%] [32mBuilding C object CMakeFiles/yolov12_msgs__rosidl_typesupport_fastrtps_c__pyext.dir/rosidl_generator_py/yolov12_msgs/_yolov12_msgs_s.ep.rosidl_typesupport_fastrtps_c.c.o[0m
[20.018s] [ 89%] [32mBuilding C object CMakeFiles/yolov12_msgs__rosidl_typesupport_introspection_c__pyext.dir/rosidl_generator_py/yolov12_msgs/_yolov12_msgs_s.ep.rosidl_typesupport_introspection_c.c.o[0m
[20.020s] [ 92%] [32mBuilding C object CMakeFiles/yolov12_msgs__rosidl_typesupport_c__pyext.dir/rosidl_generator_py/yolov12_msgs/_yolov12_msgs_s.ep.rosidl_typesupport_c.c.o[0m
[20.262s] [ 94%] [32m[1mLinking C shared library rosidl_generator_py/yolov12_msgs/yolov12_msgs_s__rosidl_typesupport_fastrtps_c.cpython-310-x86_64-linux-gnu.so[0m
[20.277s] [ 97%] [32m[1mLinking C shared library rosidl_generator_py/yolov12_msgs/yolov12_msgs_s__rosidl_typesupport_c.cpython-310-x86_64-linux-gnu.so[0m
[20.292s] [100%] [32m[1mLinking C shared library rosidl_generator_py/yolov12_msgs/yolov12_msgs_s__rosidl_typesupport_introspection_c.cpython-310-x86_64-linux-gnu.so[0m
[20.578s] [100%] Built target yolov12_msgs__rosidl_typesupport_c__pyext
[20.596s] [100%] Built target yolov12_msgs__rosidl_typesupport_fastrtps_c__pyext
[20.632s] [100%] Built target yolov12_msgs__rosidl_typesupport_introspection_c__pyext
[20.652s] Invoked command in '/home/jezzy/yolobot/build/yolov12_msgs' returned '0': CMAKE_PREFIX_PATH=${CMAKE_PREFIX_PATH}:/home/jezzy/yolobot/install/yolobot_fusion:/home/jezzy/yolobot/install/yolobot_navigation:/home/jezzy/husky_ws/lintic/install/yolosed:/home/jezzy/husky_ws/lintic/install/visual:/home/jezzy/husky_ws/lintic/install/segnet:/home/jezzy/husky_ws/turtlebot3/install/turtlebot3_teleop:/home/jezzy/husky_ws/turtlebot3/install/turtlebot3_example:/home/jezzy/husky_ws/turtlebot3/install/segtect:/home/jezzy/husky_ws/turtlebot3/install/autonomous_exploration:/opt/ros/humble /usr/bin/cmake --build /home/jezzy/yolobot/build/yolov12_msgs -- -j4 -l4
[20.657s] Invoking command in '/home/jezzy/yolobot/build/yolov12_msgs': CMAKE_PREFIX_PATH=${CMAKE_PREFIX_PATH}:/home/jezzy/yolobot/install/yolobot_fusion:/home/jezzy/yolobot/install/yolobot_navigation:/home/jezzy/husky_ws/lintic/install/yolosed:/home/jezzy/husky_ws/lintic/install/visual:/home/jezzy/husky_ws/lintic/install/segnet:/home/jezzy/husky_ws/turtlebot3/install/turtlebot3_teleop:/home/jezzy/husky_ws/turtlebot3/install/turtlebot3_example:/home/jezzy/husky_ws/turtlebot3/install/segtect:/home/jezzy/husky_ws/turtlebot3/install/autonomous_exploration:/opt/ros/humble /usr/bin/cmake --install /home/jezzy/yolobot/build/yolov12_msgs
[20.671s] -- Install configuration: ""
[20.673s] -- Installing: /home/jezzy/yolobot/install/yolov12_msgs/share/ament_index/resource_index/rosidl_interfaces/yolov12_msgs
[20.673s] -- Installing: /home/jezzy/yolobot/install/yolov12_msgs/include/yolov12_msgs/yolov12_msgs
[20.674s] -- Installing: /home/jezzy/yolobot/install/yolov12_msgs/include/yolov12_msgs/yolov12_msgs/msg
[20.675s] -- Installing: /home/jezzy/yolobot/install/yolov12_msgs/include/yolov12_msgs/yolov12_msgs/msg/rosidl_generator_c__visibility_control.h
[20.675s] -- Installing: /home/jezzy/yolobot/install/yolov12_msgs/include/yolov12_msgs/yolov12_msgs/msg/detail
[20.676s] -- Installing: /home/jezzy/yolobot/install/yolov12_msgs/include/yolov12_msgs/yolov12_msgs/msg/detail/inference_result__type_support.h
[20.676s] -- Installing: /home/jezzy/yolobot/install/yolov12_msgs/include/yolov12_msgs/yolov12_msgs/msg/detail/inference_result__functions.h
[20.676s] -- Installing: /home/jezzy/yolobot/install/yolov12_msgs/include/yolov12_msgs/yolov12_msgs/msg/detail/yolov12_inference__struct.h
[20.677s] -- Installing: /home/jezzy/yolobot/install/yolov12_msgs/include/yolov12_msgs/yolov12_msgs/msg/detail/inference_result__struct.h
[20.677s] -- Installing: /home/jezzy/yolobot/install/yolov12_msgs/include/yolov12_msgs/yolov12_msgs/msg/detail/yolov12_inference__functions.c
[20.678s] -- Installing: /home/jezzy/yolobot/install/yolov12_msgs/include/yolov12_msgs/yolov12_msgs/msg/detail/inference_result__functions.c
[20.678s] -- Installing: /home/jezzy/yolobot/install/yolov12_msgs/include/yolov12_msgs/yolov12_msgs/msg/detail/yolov12_inference__functions.h
[20.678s] -- Installing: /home/jezzy/yolobot/install/yolov12_msgs/include/yolov12_msgs/yolov12_msgs/msg/detail/yolov12_inference__type_support.h
[20.679s] -- Installing: /home/jezzy/yolobot/install/yolov12_msgs/include/yolov12_msgs/yolov12_msgs/msg/inference_result.h
[20.679s] -- Installing: /home/jezzy/yolobot/install/yolov12_msgs/include/yolov12_msgs/yolov12_msgs/msg/yolov12_inference.h
[20.679s] -- Installing: /home/jezzy/yolobot/install/yolov12_msgs/share/yolov12_msgs/environment/library_path.sh
[20.679s] -- Installing: /home/jezzy/yolobot/install/yolov12_msgs/share/yolov12_msgs/environment/library_path.dsv
[20.680s] -- Installing: /home/jezzy/yolobot/install/yolov12_msgs/lib/libyolov12_msgs__rosidl_generator_c.so
[20.681s] -- Set runtime path of "/home/jezzy/yolobot/install/yolov12_msgs/lib/libyolov12_msgs__rosidl_generator_c.so" to ""
[20.682s] -- Up-to-date: /home/jezzy/yolobot/install/yolov12_msgs/include/yolov12_msgs/yolov12_msgs
[20.682s] -- Up-to-date: /home/jezzy/yolobot/install/yolov12_msgs/include/yolov12_msgs/yolov12_msgs/msg
[20.682s] -- Up-to-date: /home/jezzy/yolobot/install/yolov12_msgs/include/yolov12_msgs/yolov12_msgs/msg/detail
[20.683s] -- Installing: /home/jezzy/yolobot/install/yolov12_msgs/include/yolov12_msgs/yolov12_msgs/msg/detail/inference_result__rosidl_typesupport_fastrtps_c.h
[20.683s] -- Installing: /home/jezzy/yolobot/install/yolov12_msgs/include/yolov12_msgs/yolov12_msgs/msg/detail/yolov12_inference__rosidl_typesupport_fastrtps_c.h
[20.684s] -- Installing: /home/jezzy/yolobot/install/yolov12_msgs/include/yolov12_msgs/yolov12_msgs/msg/rosidl_typesupport_fastrtps_c__visibility_control.h
[20.684s] -- Installing: /home/jezzy/yolobot/install/yolov12_msgs/lib/libyolov12_msgs__rosidl_typesupport_fastrtps_c.so
[20.684s] -- Set runtime path of "/home/jezzy/yolobot/install/yolov12_msgs/lib/libyolov12_msgs__rosidl_typesupport_fastrtps_c.so" to ""
[20.685s] -- Up-to-date: /home/jezzy/yolobot/install/yolov12_msgs/include/yolov12_msgs/yolov12_msgs
[20.685s] -- Up-to-date: /home/jezzy/yolobot/install/yolov12_msgs/include/yolov12_msgs/yolov12_msgs/msg
[20.685s] -- Up-to-date: /home/jezzy/yolobot/install/yolov12_msgs/include/yolov12_msgs/yolov12_msgs/msg/detail
[20.686s] -- Installing: /home/jezzy/yolobot/install/yolov12_msgs/include/yolov12_msgs/yolov12_msgs/msg/detail/inference_result__struct.hpp
[20.686s] -- Installing: /home/jezzy/yolobot/install/yolov12_msgs/include/yolov12_msgs/yolov12_msgs/msg/detail/inference_result__builder.hpp
[20.686s] -- Installing: /home/jezzy/yolobot/install/yolov12_msgs/include/yolov12_msgs/yolov12_msgs/msg/detail/yolov12_inference__struct.hpp
[20.687s] -- Installing: /home/jezzy/yolobot/install/yolov12_msgs/include/yolov12_msgs/yolov12_msgs/msg/detail/yolov12_inference__traits.hpp
[20.687s] -- Installing: /home/jezzy/yolobot/install/yolov12_msgs/include/yolov12_msgs/yolov12_msgs/msg/detail/inference_result__traits.hpp
[20.687s] -- Installing: /home/jezzy/yolobot/install/yolov12_msgs/include/yolov12_msgs/yolov12_msgs/msg/detail/yolov12_inference__type_support.hpp
[20.688s] -- Installing: /home/jezzy/yolobot/install/yolov12_msgs/include/yolov12_msgs/yolov12_msgs/msg/detail/yolov12_inference__builder.hpp
[20.689s] -- Installing: /home/jezzy/yolobot/install/yolov12_msgs/include/yolov12_msgs/yolov12_msgs/msg/detail/inference_result__type_support.hpp
[20.689s] -- Installing: /home/jezzy/yolobot/install/yolov12_msgs/include/yolov12_msgs/yolov12_msgs/msg/inference_result.hpp
[20.690s] -- Installing: /home/jezzy/yolobot/install/yolov12_msgs/include/yolov12_msgs/yolov12_msgs/msg/rosidl_generator_cpp__visibility_control.hpp
[20.690s] -- Installing: /home/jezzy/yolobot/install/yolov12_msgs/include/yolov12_msgs/yolov12_msgs/msg/yolov12_inference.hpp
[20.690s] -- Up-to-date: /home/jezzy/yolobot/install/yolov12_msgs/include/yolov12_msgs/yolov12_msgs
[20.691s] -- Up-to-date: /home/jezzy/yolobot/install/yolov12_msgs/include/yolov12_msgs/yolov12_msgs/msg
[20.691s] -- Installing: /home/jezzy/yolobot/install/yolov12_msgs/include/yolov12_msgs/yolov12_msgs/msg/rosidl_typesupport_fastrtps_cpp__visibility_control.h
[20.691s] -- Up-to-date: /home/jezzy/yolobot/install/yolov12_msgs/include/yolov12_msgs/yolov12_msgs/msg/detail
[20.692s] -- Installing: /home/jezzy/yolobot/install/yolov12_msgs/include/yolov12_msgs/yolov12_msgs/msg/detail/yolov12_inference__rosidl_typesupport_fastrtps_cpp.hpp
[20.692s] -- Installing: /home/jezzy/yolobot/install/yolov12_msgs/include/yolov12_msgs/yolov12_msgs/msg/detail/dds_fastrtps
[20.692s] -- Installing: /home/jezzy/yolobot/install/yolov12_msgs/include/yolov12_msgs/yolov12_msgs/msg/detail/inference_result__rosidl_typesupport_fastrtps_cpp.hpp
[20.693s] -- Installing: /home/jezzy/yolobot/install/yolov12_msgs/lib/libyolov12_msgs__rosidl_typesupport_fastrtps_cpp.so
[20.693s] -- Set runtime path of "/home/jezzy/yolobot/install/yolov12_msgs/lib/libyolov12_msgs__rosidl_typesupport_fastrtps_cpp.so" to ""
[20.694s] -- Up-to-date: /home/jezzy/yolobot/install/yolov12_msgs/include/yolov12_msgs/yolov12_msgs
[20.694s] -- Up-to-date: /home/jezzy/yolobot/install/yolov12_msgs/include/yolov12_msgs/yolov12_msgs/msg
[20.694s] -- Installing: /home/jezzy/yolobot/install/yolov12_msgs/include/yolov12_msgs/yolov12_msgs/msg/rosidl_typesupport_introspection_c__visibility_control.h
[20.695s] -- Up-to-date: /home/jezzy/yolobot/install/yolov12_msgs/include/yolov12_msgs/yolov12_msgs/msg/detail
[20.695s] -- Installing: /home/jezzy/yolobot/install/yolov12_msgs/include/yolov12_msgs/yolov12_msgs/msg/detail/inference_result__rosidl_typesupport_introspection_c.h
[20.696s] -- Installing: /home/jezzy/yolobot/install/yolov12_msgs/include/yolov12_msgs/yolov12_msgs/msg/detail/yolov12_inference__rosidl_typesupport_introspection_c.h
[20.696s] -- Installing: /home/jezzy/yolobot/install/yolov12_msgs/include/yolov12_msgs/yolov12_msgs/msg/detail/inference_result__type_support.c
[20.696s] -- Installing: /home/jezzy/yolobot/install/yolov12_msgs/include/yolov12_msgs/yolov12_msgs/msg/detail/yolov12_inference__type_support.c
[20.696s] -- Installing: /home/jezzy/yolobot/install/yolov12_msgs/lib/libyolov12_msgs__rosidl_typesupport_introspection_c.so
[20.696s] -- Set runtime path of "/home/jezzy/yolobot/install/yolov12_msgs/lib/libyolov12_msgs__rosidl_typesupport_introspection_c.so" to ""
[20.696s] -- Installing: /home/jezzy/yolobot/install/yolov12_msgs/lib/libyolov12_msgs__rosidl_typesupport_c.so
[20.697s] -- Set runtime path of "/home/jezzy/yolobot/install/yolov12_msgs/lib/libyolov12_msgs__rosidl_typesupport_c.so" to ""
[20.697s] -- Up-to-date: /home/jezzy/yolobot/install/yolov12_msgs/include/yolov12_msgs/yolov12_msgs
[20.697s] -- Up-to-date: /home/jezzy/yolobot/install/yolov12_msgs/include/yolov12_msgs/yolov12_msgs/msg
[20.697s] -- Up-to-date: /home/jezzy/yolobot/install/yolov12_msgs/include/yolov12_msgs/yolov12_msgs/msg/detail
[20.698s] -- Installing: /home/jezzy/yolobot/install/yolov12_msgs/include/yolov12_msgs/yolov12_msgs/msg/detail/yolov12_inference__rosidl_typesupport_introspection_cpp.hpp
[20.698s] -- Installing: /home/jezzy/yolobot/install/yolov12_msgs/include/yolov12_msgs/yolov12_msgs/msg/detail/inference_result__type_support.cpp
[20.698s] -- Installing: /home/jezzy/yolobot/install/yolov12_msgs/include/yolov12_msgs/yolov12_msgs/msg/detail/inference_result__rosidl_typesupport_introspection_cpp.hpp
[20.698s] -- Installing: /home/jezzy/yolobot/install/yolov12_msgs/include/yolov12_msgs/yolov12_msgs/msg/detail/yolov12_inference__type_support.cpp
[20.698s] -- Installing: /home/jezzy/yolobot/install/yolov12_msgs/lib/libyolov12_msgs__rosidl_typesupport_introspection_cpp.so
[20.698s] -- Set runtime path of "/home/jezzy/yolobot/install/yolov12_msgs/lib/libyolov12_msgs__rosidl_typesupport_introspection_cpp.so" to ""
[20.698s] -- Installing: /home/jezzy/yolobot/install/yolov12_msgs/lib/libyolov12_msgs__rosidl_typesupport_cpp.so
[20.698s] -- Set runtime path of "/home/jezzy/yolobot/install/yolov12_msgs/lib/libyolov12_msgs__rosidl_typesupport_cpp.so" to ""
[20.699s] -- Installing: /home/jezzy/yolobot/install/yolov12_msgs/share/yolov12_msgs/environment/pythonpath.sh
[20.699s] -- Installing: /home/jezzy/yolobot/install/yolov12_msgs/share/yolov12_msgs/environment/pythonpath.dsv
[20.699s] -- Installing: /home/jezzy/yolobot/install/yolov12_msgs/local/lib/python3.10/dist-packages/yolov12_msgs-0.0.0-py3.10.egg-info
[20.699s] -- Installing: /home/jezzy/yolobot/install/yolov12_msgs/local/lib/python3.10/dist-packages/yolov12_msgs-0.0.0-py3.10.egg-info/top_level.txt
[20.699s] -- Installing: /home/jezzy/yolobot/install/yolov12_msgs/local/lib/python3.10/dist-packages/yolov12_msgs-0.0.0-py3.10.egg-info/SOURCES.txt
[20.700s] -- Installing: /home/jezzy/yolobot/install/yolov12_msgs/local/lib/python3.10/dist-packages/yolov12_msgs-0.0.0-py3.10.egg-info/dependency_links.txt
[20.700s] -- Installing: /home/jezzy/yolobot/install/yolov12_msgs/local/lib/python3.10/dist-packages/yolov12_msgs-0.0.0-py3.10.egg-info/PKG-INFO
[20.700s] -- Installing: /home/jezzy/yolobot/install/yolov12_msgs/local/lib/python3.10/dist-packages/yolov12_msgs
[20.701s] -- Installing: /home/jezzy/yolobot/install/yolov12_msgs/local/lib/python3.10/dist-packages/yolov12_msgs/libyolov12_msgs__rosidl_generator_py.so
[20.701s] -- Installing: /home/jezzy/yolobot/install/yolov12_msgs/local/lib/python3.10/dist-packages/yolov12_msgs/_yolov12_msgs_s.ep.rosidl_typesupport_introspection_c.c
[20.701s] -- Installing: /home/jezzy/yolobot/install/yolov12_msgs/local/lib/python3.10/dist-packages/yolov12_msgs/_yolov12_msgs_s.ep.rosidl_typesupport_fastrtps_c.c
[20.702s] -- Installing: /home/jezzy/yolobot/install/yolov12_msgs/local/lib/python3.10/dist-packages/yolov12_msgs/_yolov12_msgs_s.ep.rosidl_typesupport_c.c
[20.702s] -- Installing: /home/jezzy/yolobot/install/yolov12_msgs/local/lib/python3.10/dist-packages/yolov12_msgs/yolov12_msgs_s__rosidl_typesupport_introspection_c.cpython-310-x86_64-linux-gnu.so
[20.702s] -- Installing: /home/jezzy/yolobot/install/yolov12_msgs/local/lib/python3.10/dist-packages/yolov12_msgs/msg
[20.703s] -- Installing: /home/jezzy/yolobot/install/yolov12_msgs/local/lib/python3.10/dist-packages/yolov12_msgs/msg/_inference_result_s.c
[20.703s] -- Installing: /home/jezzy/yolobot/install/yolov12_msgs/local/lib/python3.10/dist-packages/yolov12_msgs/msg/_inference_result.py
[20.703s] -- Installing: /home/jezzy/yolobot/install/yolov12_msgs/local/lib/python3.10/dist-packages/yolov12_msgs/msg/_yolov12_inference_s.c
[20.704s] -- Installing: /home/jezzy/yolobot/install/yolov12_msgs/local/lib/python3.10/dist-packages/yolov12_msgs/msg/_yolov12_inference.py
[20.704s] -- Installing: /home/jezzy/yolobot/install/yolov12_msgs/local/lib/python3.10/dist-packages/yolov12_msgs/msg/__init__.py
[20.704s] -- Installing: /home/jezzy/yolobot/install/yolov12_msgs/local/lib/python3.10/dist-packages/yolov12_msgs/yolov12_msgs_s__rosidl_typesupport_fastrtps_c.cpython-310-x86_64-linux-gnu.so
[20.705s] -- Installing: /home/jezzy/yolobot/install/yolov12_msgs/local/lib/python3.10/dist-packages/yolov12_msgs/yolov12_msgs_s__rosidl_typesupport_c.cpython-310-x86_64-linux-gnu.so
[20.705s] -- Installing: /home/jezzy/yolobot/install/yolov12_msgs/local/lib/python3.10/dist-packages/yolov12_msgs/__init__.py
[20.783s] Listing '/home/jezzy/yolobot/install/yolov12_msgs/local/lib/python3.10/dist-packages/yolov12_msgs'...
[20.783s] Compiling '/home/jezzy/yolobot/install/yolov12_msgs/local/lib/python3.10/dist-packages/yolov12_msgs/__init__.py'...
[20.783s] Listing '/home/jezzy/yolobot/install/yolov12_msgs/local/lib/python3.10/dist-packages/yolov12_msgs/msg'...
[20.783s] Compiling '/home/jezzy/yolobot/install/yolov12_msgs/local/lib/python3.10/dist-packages/yolov12_msgs/msg/__init__.py'...
[20.783s] Compiling '/home/jezzy/yolobot/install/yolov12_msgs/local/lib/python3.10/dist-packages/yolov12_msgs/msg/_inference_result.py'...
[20.783s] Compiling '/home/jezzy/yolobot/install/yolov12_msgs/local/lib/python3.10/dist-packages/yolov12_msgs/msg/_yolov12_inference.py'...
[20.791s] -- Installing: /home/jezzy/yolobot/install/yolov12_msgs/local/lib/python3.10/dist-packages/yolov12_msgs/yolov12_msgs_s__rosidl_typesupport_fastrtps_c.cpython-310-x86_64-linux-gnu.so
[20.792s] -- Set runtime path of "/home/jezzy/yolobot/install/yolov12_msgs/local/lib/python3.10/dist-packages/yolov12_msgs/yolov12_msgs_s__rosidl_typesupport_fastrtps_c.cpython-310-x86_64-linux-gnu.so" to ""
[20.793s] -- Installing: /home/jezzy/yolobot/install/yolov12_msgs/local/lib/python3.10/dist-packages/yolov12_msgs/yolov12_msgs_s__rosidl_typesupport_introspection_c.cpython-310-x86_64-linux-gnu.so
[20.794s] -- Set runtime path of "/home/jezzy/yolobot/install/yolov12_msgs/local/lib/python3.10/dist-packages/yolov12_msgs/yolov12_msgs_s__rosidl_typesupport_introspection_c.cpython-310-x86_64-linux-gnu.so" to ""
[20.794s] -- Installing: /home/jezzy/yolobot/install/yolov12_msgs/local/lib/python3.10/dist-packages/yolov12_msgs/yolov12_msgs_s__rosidl_typesupport_c.cpython-310-x86_64-linux-gnu.so
[20.795s] -- Set runtime path of "/home/jezzy/yolobot/install/yolov12_msgs/local/lib/python3.10/dist-packages/yolov12_msgs/yolov12_msgs_s__rosidl_typesupport_c.cpython-310-x86_64-linux-gnu.so" to ""
[20.795s] -- Installing: /home/jezzy/yolobot/install/yolov12_msgs/lib/libyolov12_msgs__rosidl_generator_py.so
[20.796s] -- Set runtime path of "/home/jezzy/yolobot/install/yolov12_msgs/lib/libyolov12_msgs__rosidl_generator_py.so" to ""
[20.796s] -- Installing: /home/jezzy/yolobot/install/yolov12_msgs/share/yolov12_msgs/msg/InferenceResult.idl
[20.797s] -- Installing: /home/jezzy/yolobot/install/yolov12_msgs/share/yolov12_msgs/msg/Yolov12Inference.idl
[20.797s] -- Installing: /home/jezzy/yolobot/install/yolov12_msgs/share/yolov12_msgs/msg/InferenceResult.msg
[20.798s] -- Installing: /home/jezzy/yolobot/install/yolov12_msgs/share/yolov12_msgs/msg/Yolov12Inference.msg
[20.798s] -- Installing: /home/jezzy/yolobot/install/yolov12_msgs/share/ament_index/resource_index/package_run_dependencies/yolov12_msgs
[20.799s] -- Installing: /home/jezzy/yolobot/install/yolov12_msgs/share/ament_index/resource_index/parent_prefix_path/yolov12_msgs
[20.799s] -- Installing: /home/jezzy/yolobot/install/yolov12_msgs/share/yolov12_msgs/environment/ament_prefix_path.sh
[20.800s] -- Installing: /home/jezzy/yolobot/install/yolov12_msgs/share/yolov12_msgs/environment/ament_prefix_path.dsv
[20.800s] -- Installing: /home/jezzy/yolobot/install/yolov12_msgs/share/yolov12_msgs/environment/path.sh
[20.800s] -- Installing: /home/jezzy/yolobot/install/yolov12_msgs/share/yolov12_msgs/environment/path.dsv
[20.802s] -- Installing: /home/jezzy/yolobot/install/yolov12_msgs/share/yolov12_msgs/local_setup.bash
[20.802s] -- Installing: /home/jezzy/yolobot/install/yolov12_msgs/share/yolov12_msgs/local_setup.sh
[20.803s] -- Installing: /home/jezzy/yolobot/install/yolov12_msgs/share/yolov12_msgs/local_setup.zsh
[20.803s] -- Installing: /home/jezzy/yolobot/install/yolov12_msgs/share/yolov12_msgs/local_setup.dsv
[20.803s] -- Installing: /home/jezzy/yolobot/install/yolov12_msgs/share/yolov12_msgs/package.dsv
[20.805s] -- Installing: /home/jezzy/yolobot/install/yolov12_msgs/share/ament_index/resource_index/packages/yolov12_msgs
[20.806s] -- Installing: /home/jezzy/yolobot/install/yolov12_msgs/share/yolov12_msgs/cmake/export_yolov12_msgs__rosidl_generator_cExport.cmake
[20.807s] -- Installing: /home/jezzy/yolobot/install/yolov12_msgs/share/yolov12_msgs/cmake/export_yolov12_msgs__rosidl_generator_cExport-noconfig.cmake
[20.808s] -- Installing: /home/jezzy/yolobot/install/yolov12_msgs/share/yolov12_msgs/cmake/export_yolov12_msgs__rosidl_typesupport_fastrtps_cExport.cmake
[20.808s] -- Installing: /home/jezzy/yolobot/install/yolov12_msgs/share/yolov12_msgs/cmake/export_yolov12_msgs__rosidl_typesupport_fastrtps_cExport-noconfig.cmake
[20.812s] -- Installing: /home/jezzy/yolobot/install/yolov12_msgs/share/yolov12_msgs/cmake/export_yolov12_msgs__rosidl_generator_cppExport.cmake
[20.813s] -- Installing: /home/jezzy/yolobot/install/yolov12_msgs/share/yolov12_msgs/cmake/export_yolov12_msgs__rosidl_typesupport_fastrtps_cppExport.cmake
[20.813s] -- Installing: /home/jezzy/yolobot/install/yolov12_msgs/share/yolov12_msgs/cmake/export_yolov12_msgs__rosidl_typesupport_fastrtps_cppExport-noconfig.cmake
[20.814s] -- Installing: /home/jezzy/yolobot/install/yolov12_msgs/share/yolov12_msgs/cmake/yolov12_msgs__rosidl_typesupport_introspection_cExport.cmake
[20.814s] -- Installing: /home/jezzy/yolobot/install/yolov12_msgs/share/yolov12_msgs/cmake/yolov12_msgs__rosidl_typesupport_introspection_cExport-noconfig.cmake
[20.815s] -- Installing: /home/jezzy/yolobot/install/yolov12_msgs/share/yolov12_msgs/cmake/yolov12_msgs__rosidl_typesupport_cExport.cmake
[20.816s] -- Installing: /home/jezzy/yolobot/install/yolov12_msgs/share/yolov12_msgs/cmake/yolov12_msgs__rosidl_typesupport_cExport-noconfig.cmake
[20.817s] -- Installing: /home/jezzy/yolobot/install/yolov12_msgs/share/yolov12_msgs/cmake/yolov12_msgs__rosidl_typesupport_introspection_cppExport.cmake
[20.817s] -- Installing: /home/jezzy/yolobot/install/yolov12_msgs/share/yolov12_msgs/cmake/yolov12_msgs__rosidl_typesupport_introspection_cppExport-noconfig.cmake
[20.817s] -- Installing: /home/jezzy/yolobot/install/yolov12_msgs/share/yolov12_msgs/cmake/yolov12_msgs__rosidl_typesupport_cppExport.cmake
[20.817s] -- Installing: /home/jezzy/yolobot/install/yolov12_msgs/share/yolov12_msgs/cmake/yolov12_msgs__rosidl_typesupport_cppExport-noconfig.cmake
[20.817s] -- Installing: /home/jezzy/yolobot/install/yolov12_msgs/share/yolov12_msgs/cmake/export_yolov12_msgs__rosidl_generator_pyExport.cmake
[20.817s] -- Installing: /home/jezzy/yolobot/install/yolov12_msgs/share/yolov12_msgs/cmake/export_yolov12_msgs__rosidl_generator_pyExport-noconfig.cmake
[20.818s] -- Installing: /home/jezzy/yolobot/install/yolov12_msgs/share/yolov12_msgs/cmake/rosidl_cmake-extras.cmake
[20.818s] -- Installing: /home/jezzy/yolobot/install/yolov12_msgs/share/yolov12_msgs/cmake/ament_cmake_export_dependencies-extras.cmake
[20.818s] -- Installing: /home/jezzy/yolobot/install/yolov12_msgs/share/yolov12_msgs/cmake/ament_cmake_export_include_directories-extras.cmake
[20.818s] -- Installing: /home/jezzy/yolobot/install/yolov12_msgs/share/yolov12_msgs/cmake/ament_cmake_export_libraries-extras.cmake
[20.818s] -- Installing: /home/jezzy/yolobot/install/yolov12_msgs/share/yolov12_msgs/cmake/ament_cmake_export_targets-extras.cmake
[20.818s] -- Installing: /home/jezzy/yolobot/install/yolov12_msgs/share/yolov12_msgs/cmake/rosidl_cmake_export_typesupport_targets-extras.cmake
[20.819s] -- Installing: /home/jezzy/yolobot/install/yolov12_msgs/share/yolov12_msgs/cmake/rosidl_cmake_export_typesupport_libraries-extras.cmake
[20.819s] -- Installing: /home/jezzy/yolobot/install/yolov12_msgs/share/yolov12_msgs/cmake/yolov12_msgsConfig.cmake
[20.820s] -- Installing: /home/jezzy/yolobot/install/yolov12_msgs/share/yolov12_msgs/cmake/yolov12_msgsConfig-version.cmake
[20.820s] -- Installing: /home/jezzy/yolobot/install/yolov12_msgs/share/yolov12_msgs/package.xml
[20.822s] Invoked command in '/home/jezzy/yolobot/build/yolov12_msgs' returned '0': CMAKE_PREFIX_PATH=${CMAKE_PREFIX_PATH}:/home/jezzy/yolobot/install/yolobot_fusion:/home/jezzy/yolobot/install/yolobot_navigation:/home/jezzy/husky_ws/lintic/install/yolosed:/home/jezzy/husky_ws/lintic/install/visual:/home/jezzy/husky_ws/lintic/install/segnet:/home/jezzy/husky_ws/turtlebot3/install/turtlebot3_teleop:/home/jezzy/husky_ws/turtlebot3/install/turtlebot3_example:/home/jezzy/husky_ws/turtlebot3/install/segtect:/home/jezzy/husky_ws/turtlebot3/install/autonomous_exploration:/opt/ros/humble /usr/bin/cmake --install /home/jezzy/yolobot/build/yolov12_msgs
