[0.205s] Invoking command in '/home/jezzy/yolobot/build/yolobot_gazebo': CMAKE_PREFIX_PATH=${CMAKE_PREFIX_PATH}:/home/jezzy/husky_ws/lintic/install/yolosed:/home/jezzy/husky_ws/lintic/install/visual:/home/jezzy/husky_ws/lintic/install/segnet:/home/jezzy/husky_ws/turtlebot3/install/turtlebot3_teleop:/home/jezzy/husky_ws/turtlebot3/install/turtlebot3_example:/home/jezzy/husky_ws/turtlebot3/install/segtect:/home/jezzy/husky_ws/turtlebot3/install/autonomous_exploration:/opt/ros/humble /usr/bin/cmake --build /home/jezzy/yolobot/build/yolobot_gazebo -- -j4 -l4
[0.376s] Invoked command in '/home/jezzy/yolobot/build/yolobot_gazebo' returned '0': CMAKE_PREFIX_PATH=${CMAKE_PREFIX_PATH}:/home/jezzy/husky_ws/lintic/install/yolosed:/home/jezzy/husky_ws/lintic/install/visual:/home/jezzy/husky_ws/lintic/install/segnet:/home/jezzy/husky_ws/turtlebot3/install/turtlebot3_teleop:/home/jezzy/husky_ws/turtlebot3/install/turtlebot3_example:/home/jezzy/husky_ws/turtlebot3/install/segtect:/home/jezzy/husky_ws/turtlebot3/install/autonomous_exploration:/opt/ros/humble /usr/bin/cmake --build /home/jezzy/yolobot/build/yolobot_gazebo -- -j4 -l4
[0.388s] Invoking command in '/home/jezzy/yolobot/build/yolobot_gazebo': CMAKE_PREFIX_PATH=${CMAKE_PREFIX_PATH}:/home/jezzy/husky_ws/lintic/install/yolosed:/home/jezzy/husky_ws/lintic/install/visual:/home/jezzy/husky_ws/lintic/install/segnet:/home/jezzy/husky_ws/turtlebot3/install/turtlebot3_teleop:/home/jezzy/husky_ws/turtlebot3/install/turtlebot3_example:/home/jezzy/husky_ws/turtlebot3/install/segtect:/home/jezzy/husky_ws/turtlebot3/install/autonomous_exploration:/opt/ros/humble /usr/bin/cmake --install /home/jezzy/yolobot/build/yolobot_gazebo
[0.432s] -- Install configuration: ""
[0.432s] -- Up-to-date: /home/jezzy/yolobot/install/yolobot_gazebo/share/yolobot_gazebo//launch
[0.439s] -- Up-to-date: /home/jezzy/yolobot/install/yolobot_gazebo/share/yolobot_gazebo//launch/yolobot_launch.py
[0.440s] -- Up-to-date: /home/jezzy/yolobot/install/yolobot_gazebo/share/yolobot_gazebo//launch/start_world_launch.py
[0.440s] -- Up-to-date: /home/jezzy/yolobot/install/yolobot_gazebo/share/yolobot_gazebo//worlds
[0.443s] -- Up-to-date: /home/jezzy/yolobot/install/yolobot_gazebo/share/yolobot_gazebo//worlds/yolo_test.world
[0.443s] -- Up-to-date: /home/jezzy/yolobot/install/yolobot_gazebo/share/ament_index/resource_index/package_run_dependencies/yolobot_gazebo
[0.445s] -- Up-to-date: /home/jezzy/yolobot/install/yolobot_gazebo/share/ament_index/resource_index/parent_prefix_path/yolobot_gazebo
[0.446s] -- Up-to-date: /home/jezzy/yolobot/install/yolobot_gazebo/share/yolobot_gazebo/environment/ament_prefix_path.sh
[0.447s] -- Up-to-date: /home/jezzy/yolobot/install/yolobot_gazebo/share/yolobot_gazebo/environment/ament_prefix_path.dsv
[0.450s] -- Up-to-date: /home/jezzy/yolobot/install/yolobot_gazebo/share/yolobot_gazebo/environment/path.sh
[0.450s] -- Up-to-date: /home/jezzy/yolobot/install/yolobot_gazebo/share/yolobot_gazebo/environment/path.dsv
[0.450s] -- Up-to-date: /home/jezzy/yolobot/install/yolobot_gazebo/share/yolobot_gazebo/local_setup.bash
[0.451s] -- Up-to-date: /home/jezzy/yolobot/install/yolobot_gazebo/share/yolobot_gazebo/local_setup.sh
[0.452s] -- Up-to-date: /home/jezzy/yolobot/install/yolobot_gazebo/share/yolobot_gazebo/local_setup.zsh
[0.464s] -- Up-to-date: /home/jezzy/yolobot/install/yolobot_gazebo/share/yolobot_gazebo/local_setup.dsv
[0.481s] -- Installing: /home/jezzy/yolobot/install/yolobot_gazebo/share/yolobot_gazebo/package.dsv
[0.481s] -- Up-to-date: /home/jezzy/yolobot/install/yolobot_gazebo/share/ament_index/resource_index/packages/yolobot_gazebo
[0.482s] -- Up-to-date: /home/jezzy/yolobot/install/yolobot_gazebo/share/yolobot_gazebo/cmake/yolobot_gazeboConfig.cmake
[0.482s] -- Up-to-date: /home/jezzy/yolobot/install/yolobot_gazebo/share/yolobot_gazebo/cmake/yolobot_gazeboConfig-version.cmake
[0.482s] -- Up-to-date: /home/jezzy/yolobot/install/yolobot_gazebo/share/yolobot_gazebo/package.xml
[0.483s] Invoked command in '/home/jezzy/yolobot/build/yolobot_gazebo' returned '0': CMAKE_PREFIX_PATH=${CMAKE_PREFIX_PATH}:/home/jezzy/husky_ws/lintic/install/yolosed:/home/jezzy/husky_ws/lintic/install/visual:/home/jezzy/husky_ws/lintic/install/segnet:/home/jezzy/husky_ws/turtlebot3/install/turtlebot3_teleop:/home/jezzy/husky_ws/turtlebot3/install/turtlebot3_example:/home/jezzy/husky_ws/turtlebot3/install/segtect:/home/jezzy/husky_ws/turtlebot3/install/autonomous_exploration:/opt/ros/humble /usr/bin/cmake --install /home/jezzy/yolobot/build/yolobot_gazebo
