[0.065s] Invoking command in '/home/jezzy/huskybot/build/velodyne_laserscan': CMAKE_PREFIX_PATH=${CMAKE_PREFIX_PATH}:/home/jezzy/huskybot/install/huskybot_fusion:/home/jezzy/huskybot/install/huskybot_navigation:/home/jezzy/husky_ws/lintic/install/yolosed:/home/jezzy/husky_ws/lintic/install/visual:/home/jezzy/husky_ws/lintic/install/segnet:/home/jezzy/husky_ws/turtlebot3/install/turtlebot3_teleop:/home/jezzy/husky_ws/turtlebot3/install/turtlebot3_example:/home/jezzy/husky_ws/turtlebot3/install/segtect:/home/jezzy/husky_ws/turtlebot3/install/autonomous_exploration:/opt/ros/humble /usr/bin/cmake /home/jezzy/huskybot/src/velodyne/velodyne_laserscan -DCMAKE_INSTALL_PREFIX=/home/jezzy/huskybot/install/velodyne_laserscan
[0.589s] -- The C compiler identification is GNU 11.4.0
[2.386s] -- The CXX compiler identification is GNU 11.4.0
[4.102s] -- Detecting C compiler ABI info
[4.622s] -- Detecting C compiler ABI info - done
[4.666s] -- Check for working C compiler: /usr/bin/cc - skipped
[4.667s] -- Detecting C compile features
[4.669s] -- Detecting C compile features - done
[4.681s] -- Detecting CXX compiler ABI info
[5.301s] -- Detecting CXX compiler ABI info - done
[5.399s] -- Check for working CXX compiler: /usr/bin/c++ - skipped
[5.401s] -- Detecting CXX compile features
[5.430s] -- Detecting CXX compile features - done
[5.462s] -- Found ament_cmake_ros: 0.10.0 (/opt/ros/humble/share/ament_cmake_ros/cmake)
[6.361s] -- Found Python3: /usr/bin/python3 (found version "3.10.12") found components: Interpreter 
[6.792s] -- Found rclcpp: 16.0.12 (/opt/ros/humble/share/rclcpp/cmake)
[7.450s] -- Found rosidl_generator_c: 3.1.6 (/opt/ros/humble/share/rosidl_generator_c/cmake)
[7.489s] -- Found rosidl_adapter: 3.1.6 (/opt/ros/humble/share/rosidl_adapter/cmake)
[7.605s] -- Found rosidl_generator_cpp: 3.1.6 (/opt/ros/humble/share/rosidl_generator_cpp/cmake)
[7.666s] -- Using all available rosidl_typesupport_c: rosidl_typesupport_fastrtps_c;rosidl_typesupport_introspection_c
[7.752s] -- Using all available rosidl_typesupport_cpp: rosidl_typesupport_fastrtps_cpp;rosidl_typesupport_introspection_cpp
[8.023s] -- Found rmw_implementation_cmake: 6.1.2 (/opt/ros/humble/share/rmw_implementation_cmake/cmake)
[8.049s] -- Found rmw_fastrtps_cpp: 6.2.7 (/opt/ros/humble/share/rmw_fastrtps_cpp/cmake)
[12.976s] -- Found OpenSSL: /usr/lib/x86_64-linux-gnu/libcrypto.so (found version "3.0.2")  
[18.406s] -- Found FastRTPS: /opt/ros/humble/include  
[29.139s] -- Using RMW implementation 'rmw_fastrtps_cpp' as default
[29.346s] -- Looking for pthread.h
[30.456s] -- Looking for pthread.h - found
[30.466s] -- Performing Test CMAKE_HAVE_LIBC_PTHREAD
[31.817s] -- Performing Test CMAKE_HAVE_LIBC_PTHREAD - Success
[31.821s] -- Found Threads: TRUE  
[33.050s] -- Found rclcpp_components: 16.0.12 (/opt/ros/humble/share/rclcpp_components/cmake)
[33.396s] -- Found sensor_msgs: 4.8.0 (/opt/ros/humble/share/sensor_msgs/cmake)
[33.783s] -- Found ament_lint_auto: 0.12.12 (/opt/ros/humble/share/ament_lint_auto/cmake)
[34.498s] -- Added test 'copyright' to check source files copyright and LICENSE
[34.511s] -- Added test 'cppcheck' to perform static code analysis on C / C++ code
[34.514s] -- Configured cppcheck include dirs: $<BUILD_INTERFACE:/home/jezzy/huskybot/src/velodyne/velodyne_laserscan/include>
[34.516s] -- Configured cppcheck exclude dirs and/or files: 
[34.525s] -- Added test 'cpplint' to check C / C++ code against the Google style
[34.529s] -- Configured cpplint exclude dirs and/or files: 
[34.537s] -- Added test 'flake8' to check Python code syntax and style conventions
[34.549s] -- Added test 'lint_cmake' to check CMake code style
[34.560s] -- Added test 'pep257' to check Python code against some of the docstring style conventions in PEP 257
[34.568s] -- Added test 'uncrustify' to check C / C++ code style
[34.569s] -- Configured uncrustify additional arguments: 
[34.579s] -- Added test 'xmllint' to check XML markup files
[34.631s] -- Configuring done
[34.731s] -- Generating done
[34.777s] -- Build files have been written to: /home/jezzy/huskybot/build/velodyne_laserscan
[34.823s] Invoked command in '/home/jezzy/huskybot/build/velodyne_laserscan' returned '0': CMAKE_PREFIX_PATH=${CMAKE_PREFIX_PATH}:/home/jezzy/huskybot/install/huskybot_fusion:/home/jezzy/huskybot/install/huskybot_navigation:/home/jezzy/husky_ws/lintic/install/yolosed:/home/jezzy/husky_ws/lintic/install/visual:/home/jezzy/husky_ws/lintic/install/segnet:/home/jezzy/husky_ws/turtlebot3/install/turtlebot3_teleop:/home/jezzy/husky_ws/turtlebot3/install/turtlebot3_example:/home/jezzy/husky_ws/turtlebot3/install/segtect:/home/jezzy/husky_ws/turtlebot3/install/autonomous_exploration:/opt/ros/humble /usr/bin/cmake /home/jezzy/huskybot/src/velodyne/velodyne_laserscan -DCMAKE_INSTALL_PREFIX=/home/jezzy/huskybot/install/velodyne_laserscan
[34.824s] Invoking command in '/home/jezzy/huskybot/build/velodyne_laserscan': CMAKE_PREFIX_PATH=${CMAKE_PREFIX_PATH}:/home/jezzy/huskybot/install/huskybot_fusion:/home/jezzy/huskybot/install/huskybot_navigation:/home/jezzy/husky_ws/lintic/install/yolosed:/home/jezzy/husky_ws/lintic/install/visual:/home/jezzy/husky_ws/lintic/install/segnet:/home/jezzy/husky_ws/turtlebot3/install/turtlebot3_teleop:/home/jezzy/husky_ws/turtlebot3/install/turtlebot3_example:/home/jezzy/husky_ws/turtlebot3/install/segtect:/home/jezzy/husky_ws/turtlebot3/install/autonomous_exploration:/opt/ros/humble /usr/bin/cmake --build /home/jezzy/huskybot/build/velodyne_laserscan -- -j4 -l4
[35.005s] [ 25%] [32mBuilding CXX object CMakeFiles/velodyne_laserscan.dir/src/velodyne_laserscan.cpp.o[0m
[77.302s] [ 50%] [32m[1mLinking CXX shared library libvelodyne_laserscan.so[0m
[79.137s] [ 50%] Built target velodyne_laserscan
[79.204s] [ 75%] [32mBuilding CXX object CMakeFiles/velodyne_laserscan_node.dir/src/node.cpp.o[0m
[95.469s] [100%] [32m[1mLinking CXX executable velodyne_laserscan_node[0m
[96.998s] [100%] Built target velodyne_laserscan_node
[97.096s] Invoked command in '/home/jezzy/huskybot/build/velodyne_laserscan' returned '0': CMAKE_PREFIX_PATH=${CMAKE_PREFIX_PATH}:/home/jezzy/huskybot/install/huskybot_fusion:/home/jezzy/huskybot/install/huskybot_navigation:/home/jezzy/husky_ws/lintic/install/yolosed:/home/jezzy/husky_ws/lintic/install/visual:/home/jezzy/husky_ws/lintic/install/segnet:/home/jezzy/husky_ws/turtlebot3/install/turtlebot3_teleop:/home/jezzy/husky_ws/turtlebot3/install/turtlebot3_example:/home/jezzy/husky_ws/turtlebot3/install/segtect:/home/jezzy/husky_ws/turtlebot3/install/autonomous_exploration:/opt/ros/humble /usr/bin/cmake --build /home/jezzy/huskybot/build/velodyne_laserscan -- -j4 -l4
[97.098s] Invoking command in '/home/jezzy/huskybot/build/velodyne_laserscan': CMAKE_PREFIX_PATH=${CMAKE_PREFIX_PATH}:/home/jezzy/huskybot/install/huskybot_fusion:/home/jezzy/huskybot/install/huskybot_navigation:/home/jezzy/husky_ws/lintic/install/yolosed:/home/jezzy/husky_ws/lintic/install/visual:/home/jezzy/husky_ws/lintic/install/segnet:/home/jezzy/husky_ws/turtlebot3/install/turtlebot3_teleop:/home/jezzy/husky_ws/turtlebot3/install/turtlebot3_example:/home/jezzy/husky_ws/turtlebot3/install/segtect:/home/jezzy/husky_ws/turtlebot3/install/autonomous_exploration:/opt/ros/humble /usr/bin/cmake --install /home/jezzy/huskybot/build/velodyne_laserscan
[97.113s] -- Install configuration: ""
[97.114s] -- Installing: /home/jezzy/huskybot/install/velodyne_laserscan/lib/libvelodyne_laserscan.so
[97.133s] -- Set runtime path of "/home/jezzy/huskybot/install/velodyne_laserscan/lib/libvelodyne_laserscan.so" to ""
[97.134s] -- Installing: /home/jezzy/huskybot/install/velodyne_laserscan/lib/velodyne_laserscan/velodyne_laserscan_node
[97.135s] -- Set runtime path of "/home/jezzy/huskybot/install/velodyne_laserscan/lib/velodyne_laserscan/velodyne_laserscan_node" to ""
[97.136s] -- Installing: /home/jezzy/huskybot/install/velodyne_laserscan/include/velodyne_laserscan
[97.136s] -- Installing: /home/jezzy/huskybot/install/velodyne_laserscan/include/velodyne_laserscan/velodyne_laserscan.hpp
[97.137s] -- Installing: /home/jezzy/huskybot/install/velodyne_laserscan/share/velodyne_laserscan/config
[97.138s] -- Installing: /home/jezzy/huskybot/install/velodyne_laserscan/share/velodyne_laserscan/config/default-velodyne_laserscan_node-params.yaml
[97.138s] -- Installing: /home/jezzy/huskybot/install/velodyne_laserscan/share/velodyne_laserscan/launch
[97.138s] -- Installing: /home/jezzy/huskybot/install/velodyne_laserscan/share/velodyne_laserscan/launch/velodyne_laserscan_node-composed-launch.py
[97.139s] -- Installing: /home/jezzy/huskybot/install/velodyne_laserscan/share/velodyne_laserscan/launch/velodyne_laserscan_node-launch.py
[97.140s] -- Installing: /home/jezzy/huskybot/install/velodyne_laserscan/share/ament_index/resource_index/package_run_dependencies/velodyne_laserscan
[97.140s] -- Installing: /home/jezzy/huskybot/install/velodyne_laserscan/share/ament_index/resource_index/parent_prefix_path/velodyne_laserscan
[97.141s] -- Installing: /home/jezzy/huskybot/install/velodyne_laserscan/share/velodyne_laserscan/environment/ament_prefix_path.sh
[97.142s] -- Installing: /home/jezzy/huskybot/install/velodyne_laserscan/share/velodyne_laserscan/environment/ament_prefix_path.dsv
[97.142s] -- Installing: /home/jezzy/huskybot/install/velodyne_laserscan/share/velodyne_laserscan/environment/path.sh
[97.142s] -- Installing: /home/jezzy/huskybot/install/velodyne_laserscan/share/velodyne_laserscan/environment/path.dsv
[97.143s] -- Installing: /home/jezzy/huskybot/install/velodyne_laserscan/share/velodyne_laserscan/local_setup.bash
[97.143s] -- Installing: /home/jezzy/huskybot/install/velodyne_laserscan/share/velodyne_laserscan/local_setup.sh
[97.144s] -- Installing: /home/jezzy/huskybot/install/velodyne_laserscan/share/velodyne_laserscan/local_setup.zsh
[97.146s] -- Installing: /home/jezzy/huskybot/install/velodyne_laserscan/share/velodyne_laserscan/local_setup.dsv
[97.147s] -- Installing: /home/jezzy/huskybot/install/velodyne_laserscan/share/velodyne_laserscan/package.dsv
[97.148s] -- Installing: /home/jezzy/huskybot/install/velodyne_laserscan/share/ament_index/resource_index/packages/velodyne_laserscan
[97.148s] -- Installing: /home/jezzy/huskybot/install/velodyne_laserscan/share/ament_index/resource_index/rclcpp_components/velodyne_laserscan
[97.148s] -- Installing: /home/jezzy/huskybot/install/velodyne_laserscan/share/velodyne_laserscan/cmake/velodyne_laserscanExport.cmake
[97.148s] -- Installing: /home/jezzy/huskybot/install/velodyne_laserscan/share/velodyne_laserscan/cmake/velodyne_laserscanExport-noconfig.cmake
[97.149s] -- Installing: /home/jezzy/huskybot/install/velodyne_laserscan/share/velodyne_laserscan/cmake/ament_cmake_export_include_directories-extras.cmake
[97.149s] -- Installing: /home/jezzy/huskybot/install/velodyne_laserscan/share/velodyne_laserscan/cmake/ament_cmake_export_targets-extras.cmake
[97.149s] -- Installing: /home/jezzy/huskybot/install/velodyne_laserscan/share/velodyne_laserscan/cmake/ament_cmake_export_dependencies-extras.cmake
[97.149s] -- Installing: /home/jezzy/huskybot/install/velodyne_laserscan/share/velodyne_laserscan/cmake/velodyne_laserscanConfig.cmake
[97.150s] -- Installing: /home/jezzy/huskybot/install/velodyne_laserscan/share/velodyne_laserscan/cmake/velodyne_laserscanConfig-version.cmake
[97.150s] -- Installing: /home/jezzy/huskybot/install/velodyne_laserscan/share/velodyne_laserscan/package.xml
[97.173s] Invoked command in '/home/jezzy/huskybot/build/velodyne_laserscan' returned '0': CMAKE_PREFIX_PATH=${CMAKE_PREFIX_PATH}:/home/jezzy/huskybot/install/huskybot_fusion:/home/jezzy/huskybot/install/huskybot_navigation:/home/jezzy/husky_ws/lintic/install/yolosed:/home/jezzy/husky_ws/lintic/install/visual:/home/jezzy/husky_ws/lintic/install/segnet:/home/jezzy/husky_ws/turtlebot3/install/turtlebot3_teleop:/home/jezzy/husky_ws/turtlebot3/install/turtlebot3_example:/home/jezzy/husky_ws/turtlebot3/install/segtect:/home/jezzy/husky_ws/turtlebot3/install/autonomous_exploration:/opt/ros/humble /usr/bin/cmake --install /home/jezzy/huskybot/build/velodyne_laserscan
