[0.051s] Invoking command in '/home/jezzy/huskybot/build/yolov12_msgs': CMAKE_PREFIX_PATH=${CMAKE_PREFIX_PATH}:/home/jezzy/husky_ws/lintic/install/yolosed:/home/jezzy/husky_ws/lintic/install/visual:/home/jezzy/husky_ws/lintic/install/segnet:/home/jezzy/husky_ws/turtlebot3/install/turtlebot3_teleop:/home/jezzy/husky_ws/turtlebot3/install/turtlebot3_example:/home/jezzy/husky_ws/turtlebot3/install/segtect:/home/jezzy/husky_ws/turtlebot3/install/autonomous_exploration:/opt/ros/humble /usr/bin/cmake /home/jezzy/huskybot/src/yolov12_msgs -DCMAKE_INSTALL_PREFIX=/home/jezzy/huskybot/install/yolov12_msgs
[0.523s] -- The C compiler identification is GNU 11.4.0
[1.683s] -- The CXX compiler identification is GNU 11.4.0
[2.649s] -- Detecting C compiler ABI info
[3.152s] -- Detecting C compiler ABI info - done
[3.171s] -- Check for working C compiler: /usr/bin/cc - skipped
[3.172s] -- Detecting C compile features
[3.174s] -- Detecting C compile features - done
[3.180s] -- Detecting CXX compiler ABI info
[3.642s] -- Detecting CXX compiler ABI info - done
[3.665s] -- Check for working CXX compiler: /usr/bin/c++ - skipped
[3.667s] -- Detecting CXX compile features
[3.669s] -- Detecting CXX compile features - done
[3.698s] -- Found ament_cmake: 1.3.11 (/opt/ros/humble/share/ament_cmake/cmake)
[4.197s] -- Found Python3: /usr/bin/python3 (found version "3.10.12") found components: Interpreter 
[4.602s] -- Found std_msgs: 4.8.0 (/opt/ros/humble/share/std_msgs/cmake)
[5.101s] -- Found rosidl_generator_c: 3.1.6 (/opt/ros/humble/share/rosidl_generator_c/cmake)
[5.150s] -- Found rosidl_adapter: 3.1.6 (/opt/ros/humble/share/rosidl_adapter/cmake)
[5.217s] -- Found rosidl_generator_cpp: 3.1.6 (/opt/ros/humble/share/rosidl_generator_cpp/cmake)
[5.302s] -- Using all available rosidl_typesupport_c: rosidl_typesupport_fastrtps_c;rosidl_typesupport_introspection_c
[5.390s] -- Using all available rosidl_typesupport_cpp: rosidl_typesupport_fastrtps_cpp;rosidl_typesupport_introspection_cpp
[5.529s] -- Found rosidl_default_generators: 1.2.0 (/opt/ros/humble/share/rosidl_default_generators/cmake)
[6.694s] -- Found ament_cmake_ros: 0.10.0 (/opt/ros/humble/share/ament_cmake_ros/cmake)
[8.324s] -- Using all available rosidl_typesupport_c: rosidl_typesupport_fastrtps_c;rosidl_typesupport_introspection_c
[8.916s] -- Using all available rosidl_typesupport_cpp: rosidl_typesupport_fastrtps_cpp;rosidl_typesupport_introspection_cpp
[9.298s] -- Found PythonInterp: /usr/bin/python3 (found suitable version "3.10.12", minimum required is "3.6") 
[9.309s] -- Found python_cmake_module: 0.10.0 (/opt/ros/humble/share/python_cmake_module/cmake)
[9.901s] -- Found PythonLibs: /usr/lib/x86_64-linux-gnu/libpython3.10.so (found suitable version "3.10.12", minimum required is "3.5") 
[9.902s] -- Using PYTHON_EXECUTABLE: /usr/bin/python3
[9.902s] -- Using PYTHON_INCLUDE_DIRS: /usr/include/python3.10
[9.902s] -- Using PYTHON_LIBRARIES: /usr/lib/x86_64-linux-gnu/libpython3.10.so
[9.992s] -- Found PythonExtra: .so  
[10.405s] -- Found ament_lint_auto: 0.12.12 (/opt/ros/humble/share/ament_lint_auto/cmake)
[10.527s] -- Added test 'copyright' to check source files copyright and LICENSE
[10.535s] -- Added test 'lint_cmake' to check CMake code style
[10.538s] -- Added test 'xmllint' to check XML markup files
[10.549s] -- Configuring done
[10.687s] -- Generating done
[10.723s] -- Build files have been written to: /home/jezzy/huskybot/build/yolov12_msgs
[10.747s] Invoked command in '/home/jezzy/huskybot/build/yolov12_msgs' returned '0': CMAKE_PREFIX_PATH=${CMAKE_PREFIX_PATH}:/home/jezzy/husky_ws/lintic/install/yolosed:/home/jezzy/husky_ws/lintic/install/visual:/home/jezzy/husky_ws/lintic/install/segnet:/home/jezzy/husky_ws/turtlebot3/install/turtlebot3_teleop:/home/jezzy/husky_ws/turtlebot3/install/turtlebot3_example:/home/jezzy/husky_ws/turtlebot3/install/segtect:/home/jezzy/husky_ws/turtlebot3/install/autonomous_exploration:/opt/ros/humble /usr/bin/cmake /home/jezzy/huskybot/src/yolov12_msgs -DCMAKE_INSTALL_PREFIX=/home/jezzy/huskybot/install/yolov12_msgs
[10.748s] Invoking command in '/home/jezzy/huskybot/build/yolov12_msgs': CMAKE_PREFIX_PATH=${CMAKE_PREFIX_PATH}:/home/jezzy/husky_ws/lintic/install/yolosed:/home/jezzy/husky_ws/lintic/install/visual:/home/jezzy/husky_ws/lintic/install/segnet:/home/jezzy/husky_ws/turtlebot3/install/turtlebot3_teleop:/home/jezzy/husky_ws/turtlebot3/install/turtlebot3_example:/home/jezzy/husky_ws/turtlebot3/install/segtect:/home/jezzy/husky_ws/turtlebot3/install/autonomous_exploration:/opt/ros/humble /usr/bin/cmake --build /home/jezzy/huskybot/build/yolov12_msgs -- -j4 -l4
[10.888s] [  2%] [34m[1mGenerating C code for ROS interfaces[0m
[10.923s] [  5%] [34m[1mGenerating C++ code for ROS interfaces[0m
[11.024s] [  5%] Built target ament_cmake_python_copy_yolov12_msgs
[13.935s] running egg_info
[13.937s] creating yolov12_msgs.egg-info
[13.938s] writing yolov12_msgs.egg-info/PKG-INFO
[13.939s] writing dependency_links to yolov12_msgs.egg-info/dependency_links.txt
[13.939s] writing top-level names to yolov12_msgs.egg-info/top_level.txt
[13.940s] writing manifest file 'yolov12_msgs.egg-info/SOURCES.txt'
[13.954s] reading manifest file 'yolov12_msgs.egg-info/SOURCES.txt'
[13.958s] writing manifest file 'yolov12_msgs.egg-info/SOURCES.txt'
[13.967s] [  7%] [32mBuilding C object CMakeFiles/yolov12_msgs__rosidl_generator_c.dir/rosidl_generator_c/yolov12_msgs/msg/detail/inference_result__functions.c.o[0m
[14.060s] [ 10%] [32mBuilding C object CMakeFiles/yolov12_msgs__rosidl_generator_c.dir/rosidl_generator_c/yolov12_msgs/msg/detail/yolov12_inference__functions.c.o[0m
[14.179s] [ 10%] Built target yolov12_msgs__cpp
[14.265s] [ 12%] [34m[1mGenerating C++ type support dispatch for ROS interfaces[0m
[14.337s] [ 12%] Built target ament_cmake_python_build_yolov12_msgs_egg
[14.464s] [ 15%] [34m[1mGenerating C++ type support for eProsima Fast-RTPS[0m
[14.525s] [ 17%] [34m[1mGenerating C++ introspection for ROS interfaces[0m
[14.566s] [ 20%] [32m[1mLinking C shared library libyolov12_msgs__rosidl_generator_c.so[0m
[15.279s] [ 20%] Built target yolov12_msgs__rosidl_generator_c
[15.362s] [ 23%] [34m[1mGenerating C type support for eProsima Fast-RTPS[0m
[17.450s] [ 25%] [32mBuilding CXX object CMakeFiles/yolov12_msgs__rosidl_typesupport_cpp.dir/rosidl_typesupport_cpp/yolov12_msgs/msg/inference_result__type_support.cpp.o[0m
[17.956s] [ 28%] [32mBuilding CXX object CMakeFiles/yolov12_msgs__rosidl_typesupport_fastrtps_cpp.dir/rosidl_typesupport_fastrtps_cpp/yolov12_msgs/msg/detail/dds_fastrtps/inference_result__type_support.cpp.o[0m
[18.554s] [ 30%] [32mBuilding CXX object CMakeFiles/yolov12_msgs__rosidl_typesupport_introspection_cpp.dir/rosidl_typesupport_introspection_cpp/yolov12_msgs/msg/detail/inference_result__type_support.cpp.o[0m
[19.300s] [ 33%] [32mBuilding CXX object CMakeFiles/yolov12_msgs__rosidl_typesupport_fastrtps_c.dir/rosidl_typesupport_fastrtps_c/yolov12_msgs/msg/detail/inference_result__type_support_c.cpp.o[0m
[20.869s] [ 35%] [32mBuilding CXX object CMakeFiles/yolov12_msgs__rosidl_typesupport_cpp.dir/rosidl_typesupport_cpp/yolov12_msgs/msg/yolov12_inference__type_support.cpp.o[0m
[22.633s] [ 38%] [32mBuilding CXX object CMakeFiles/yolov12_msgs__rosidl_typesupport_fastrtps_cpp.dir/rosidl_typesupport_fastrtps_cpp/yolov12_msgs/msg/detail/dds_fastrtps/yolov12_inference__type_support.cpp.o[0m
[23.132s] [ 41%] [32mBuilding CXX object CMakeFiles/yolov12_msgs__rosidl_typesupport_introspection_cpp.dir/rosidl_typesupport_introspection_cpp/yolov12_msgs/msg/detail/yolov12_inference__type_support.cpp.o[0m
[23.728s] [ 43%] [32mBuilding CXX object CMakeFiles/yolov12_msgs__rosidl_typesupport_fastrtps_c.dir/rosidl_typesupport_fastrtps_c/yolov12_msgs/msg/detail/yolov12_inference__type_support_c.cpp.o[0m
[24.186s] [ 46%] [32m[1mLinking CXX shared library libyolov12_msgs__rosidl_typesupport_cpp.so[0m
[25.102s] [ 46%] Built target yolov12_msgs__rosidl_typesupport_cpp
[25.231s] [ 48%] [34m[1mGenerating C introspection for ROS interfaces[0m
[27.278s] [ 51%] [32m[1mLinking CXX shared library libyolov12_msgs__rosidl_typesupport_fastrtps_c.so[0m
[27.825s] [ 53%] [32m[1mLinking CXX shared library libyolov12_msgs__rosidl_typesupport_fastrtps_cpp.so[0m
[28.235s] [ 56%] [32m[1mLinking CXX shared library libyolov12_msgs__rosidl_typesupport_introspection_cpp.so[0m
[28.424s] [ 56%] Built target yolov12_msgs__rosidl_typesupport_fastrtps_c
[28.580s] [ 58%] [34m[1mGenerating C type support dispatch for ROS interfaces[0m
[28.840s] [ 58%] Built target yolov12_msgs__rosidl_typesupport_fastrtps_cpp
[29.004s] [ 61%] [32mBuilding C object CMakeFiles/yolov12_msgs__rosidl_typesupport_introspection_c.dir/rosidl_typesupport_introspection_c/yolov12_msgs/msg/detail/inference_result__type_support.c.o[0m
[29.020s] [ 64%] [32mBuilding C object CMakeFiles/yolov12_msgs__rosidl_typesupport_introspection_c.dir/rosidl_typesupport_introspection_c/yolov12_msgs/msg/detail/yolov12_inference__type_support.c.o[0m
[29.026s] [ 64%] Built target yolov12_msgs__rosidl_typesupport_introspection_cpp
[29.326s] [ 66%] [32m[1mLinking C shared library libyolov12_msgs__rosidl_typesupport_introspection_c.so[0m
[29.821s] [ 66%] Built target yolov12_msgs__rosidl_typesupport_introspection_c
[30.391s] [ 69%] [32mBuilding CXX object CMakeFiles/yolov12_msgs__rosidl_typesupport_c.dir/rosidl_typesupport_c/yolov12_msgs/msg/inference_result__type_support.cpp.o[0m
[30.407s] [ 71%] [32mBuilding CXX object CMakeFiles/yolov12_msgs__rosidl_typesupport_c.dir/rosidl_typesupport_c/yolov12_msgs/msg/yolov12_inference__type_support.cpp.o[0m
[30.505s] [ 74%] [32m[1mLinking CXX shared library libyolov12_msgs__rosidl_typesupport_c.so[0m
[30.888s] [ 74%] Built target yolov12_msgs__rosidl_typesupport_c
[30.921s] [ 74%] Built target yolov12_msgs
[30.975s] [ 76%] [34m[1mGenerating Python code for ROS interfaces[0m
[32.630s] [ 76%] Built target yolov12_msgs__py
[32.701s] [ 79%] [32mBuilding C object CMakeFiles/yolov12_msgs__rosidl_generator_py.dir/rosidl_generator_py/yolov12_msgs/msg/_inference_result_s.c.o[0m
[32.713s] [ 82%] [32mBuilding C object CMakeFiles/yolov12_msgs__rosidl_generator_py.dir/rosidl_generator_py/yolov12_msgs/msg/_yolov12_inference_s.c.o[0m
[33.277s] [ 84%] [32m[1mLinking C shared library rosidl_generator_py/yolov12_msgs/libyolov12_msgs__rosidl_generator_py.so[0m
[33.712s] [ 84%] Built target yolov12_msgs__rosidl_generator_py
[33.798s] [ 87%] [32mBuilding C object CMakeFiles/yolov12_msgs__rosidl_typesupport_c__pyext.dir/rosidl_generator_py/yolov12_msgs/_yolov12_msgs_s.ep.rosidl_typesupport_c.c.o[0m
[33.810s] [ 89%] [32mBuilding C object CMakeFiles/yolov12_msgs__rosidl_typesupport_fastrtps_c__pyext.dir/rosidl_generator_py/yolov12_msgs/_yolov12_msgs_s.ep.rosidl_typesupport_fastrtps_c.c.o[0m
[33.846s] [ 92%] [32mBuilding C object CMakeFiles/yolov12_msgs__rosidl_typesupport_introspection_c__pyext.dir/rosidl_generator_py/yolov12_msgs/_yolov12_msgs_s.ep.rosidl_typesupport_introspection_c.c.o[0m
[34.353s] [ 94%] [32m[1mLinking C shared library rosidl_generator_py/yolov12_msgs/yolov12_msgs_s__rosidl_typesupport_introspection_c.cpython-310-x86_64-linux-gnu.so[0m
[34.358s] [ 97%] [32m[1mLinking C shared library rosidl_generator_py/yolov12_msgs/yolov12_msgs_s__rosidl_typesupport_fastrtps_c.cpython-310-x86_64-linux-gnu.so[0m
[34.500s] [100%] [32m[1mLinking C shared library rosidl_generator_py/yolov12_msgs/yolov12_msgs_s__rosidl_typesupport_c.cpython-310-x86_64-linux-gnu.so[0m
[34.971s] [100%] Built target yolov12_msgs__rosidl_typesupport_introspection_c__pyext
[35.019s] [100%] Built target yolov12_msgs__rosidl_typesupport_fastrtps_c__pyext
[35.020s] [100%] Built target yolov12_msgs__rosidl_typesupport_c__pyext
[35.049s] Invoked command in '/home/jezzy/huskybot/build/yolov12_msgs' returned '0': CMAKE_PREFIX_PATH=${CMAKE_PREFIX_PATH}:/home/jezzy/husky_ws/lintic/install/yolosed:/home/jezzy/husky_ws/lintic/install/visual:/home/jezzy/husky_ws/lintic/install/segnet:/home/jezzy/husky_ws/turtlebot3/install/turtlebot3_teleop:/home/jezzy/husky_ws/turtlebot3/install/turtlebot3_example:/home/jezzy/husky_ws/turtlebot3/install/segtect:/home/jezzy/husky_ws/turtlebot3/install/autonomous_exploration:/opt/ros/humble /usr/bin/cmake --build /home/jezzy/huskybot/build/yolov12_msgs -- -j4 -l4
[35.050s] Invoking command in '/home/jezzy/huskybot/build/yolov12_msgs': CMAKE_PREFIX_PATH=${CMAKE_PREFIX_PATH}:/home/jezzy/husky_ws/lintic/install/yolosed:/home/jezzy/husky_ws/lintic/install/visual:/home/jezzy/husky_ws/lintic/install/segnet:/home/jezzy/husky_ws/turtlebot3/install/turtlebot3_teleop:/home/jezzy/husky_ws/turtlebot3/install/turtlebot3_example:/home/jezzy/husky_ws/turtlebot3/install/segtect:/home/jezzy/husky_ws/turtlebot3/install/autonomous_exploration:/opt/ros/humble /usr/bin/cmake --install /home/jezzy/huskybot/build/yolov12_msgs
[35.087s] -- Install configuration: ""
[35.098s] -- Installing: /home/jezzy/huskybot/install/yolov12_msgs/share/ament_index/resource_index/rosidl_interfaces/yolov12_msgs
[35.104s] -- Installing: /home/jezzy/huskybot/install/yolov12_msgs/include/yolov12_msgs/yolov12_msgs
[35.113s] -- Installing: /home/jezzy/huskybot/install/yolov12_msgs/include/yolov12_msgs/yolov12_msgs/msg
[35.118s] -- Installing: /home/jezzy/huskybot/install/yolov12_msgs/include/yolov12_msgs/yolov12_msgs/msg/rosidl_generator_c__visibility_control.h
[35.121s] -- Installing: /home/jezzy/huskybot/install/yolov12_msgs/include/yolov12_msgs/yolov12_msgs/msg/detail
[35.123s] -- Installing: /home/jezzy/huskybot/install/yolov12_msgs/include/yolov12_msgs/yolov12_msgs/msg/detail/inference_result__type_support.h
[35.133s] -- Installing: /home/jezzy/huskybot/install/yolov12_msgs/include/yolov12_msgs/yolov12_msgs/msg/detail/inference_result__functions.h
[35.133s] -- Installing: /home/jezzy/huskybot/install/yolov12_msgs/include/yolov12_msgs/yolov12_msgs/msg/detail/yolov12_inference__struct.h
[35.133s] -- Installing: /home/jezzy/huskybot/install/yolov12_msgs/include/yolov12_msgs/yolov12_msgs/msg/detail/inference_result__struct.h
[35.133s] -- Installing: /home/jezzy/huskybot/install/yolov12_msgs/include/yolov12_msgs/yolov12_msgs/msg/detail/yolov12_inference__functions.c
[35.133s] -- Installing: /home/jezzy/huskybot/install/yolov12_msgs/include/yolov12_msgs/yolov12_msgs/msg/detail/inference_result__functions.c
[35.135s] -- Installing: /home/jezzy/huskybot/install/yolov12_msgs/include/yolov12_msgs/yolov12_msgs/msg/detail/yolov12_inference__functions.h
[35.135s] -- Installing: /home/jezzy/huskybot/install/yolov12_msgs/include/yolov12_msgs/yolov12_msgs/msg/detail/yolov12_inference__type_support.h
[35.136s] -- Installing: /home/jezzy/huskybot/install/yolov12_msgs/include/yolov12_msgs/yolov12_msgs/msg/inference_result.h
[35.138s] -- Installing: /home/jezzy/huskybot/install/yolov12_msgs/include/yolov12_msgs/yolov12_msgs/msg/yolov12_inference.h
[35.138s] -- Installing: /home/jezzy/huskybot/install/yolov12_msgs/share/yolov12_msgs/environment/library_path.sh
[35.139s] -- Installing: /home/jezzy/huskybot/install/yolov12_msgs/share/yolov12_msgs/environment/library_path.dsv
[35.140s] -- Installing: /home/jezzy/huskybot/install/yolov12_msgs/lib/libyolov12_msgs__rosidl_generator_c.so
[35.145s] -- Set runtime path of "/home/jezzy/huskybot/install/yolov12_msgs/lib/libyolov12_msgs__rosidl_generator_c.so" to ""
[35.146s] -- Up-to-date: /home/jezzy/huskybot/install/yolov12_msgs/include/yolov12_msgs/yolov12_msgs
[35.147s] -- Up-to-date: /home/jezzy/huskybot/install/yolov12_msgs/include/yolov12_msgs/yolov12_msgs/msg
[35.151s] -- Up-to-date: /home/jezzy/huskybot/install/yolov12_msgs/include/yolov12_msgs/yolov12_msgs/msg/detail
[35.153s] -- Installing: /home/jezzy/huskybot/install/yolov12_msgs/include/yolov12_msgs/yolov12_msgs/msg/detail/inference_result__rosidl_typesupport_fastrtps_c.h
[35.158s] -- Installing: /home/jezzy/huskybot/install/yolov12_msgs/include/yolov12_msgs/yolov12_msgs/msg/detail/yolov12_inference__rosidl_typesupport_fastrtps_c.h
[35.170s] -- Installing: /home/jezzy/huskybot/install/yolov12_msgs/include/yolov12_msgs/yolov12_msgs/msg/rosidl_typesupport_fastrtps_c__visibility_control.h
[35.172s] -- Installing: /home/jezzy/huskybot/install/yolov12_msgs/lib/libyolov12_msgs__rosidl_typesupport_fastrtps_c.so
[35.174s] -- Set runtime path of "/home/jezzy/huskybot/install/yolov12_msgs/lib/libyolov12_msgs__rosidl_typesupport_fastrtps_c.so" to ""
[35.175s] -- Up-to-date: /home/jezzy/huskybot/install/yolov12_msgs/include/yolov12_msgs/yolov12_msgs
[35.177s] -- Up-to-date: /home/jezzy/huskybot/install/yolov12_msgs/include/yolov12_msgs/yolov12_msgs/msg
[35.180s] -- Up-to-date: /home/jezzy/huskybot/install/yolov12_msgs/include/yolov12_msgs/yolov12_msgs/msg/detail
[35.182s] -- Installing: /home/jezzy/huskybot/install/yolov12_msgs/include/yolov12_msgs/yolov12_msgs/msg/detail/inference_result__struct.hpp
[35.185s] -- Installing: /home/jezzy/huskybot/install/yolov12_msgs/include/yolov12_msgs/yolov12_msgs/msg/detail/inference_result__builder.hpp
[35.188s] -- Installing: /home/jezzy/huskybot/install/yolov12_msgs/include/yolov12_msgs/yolov12_msgs/msg/detail/yolov12_inference__struct.hpp
[35.190s] -- Installing: /home/jezzy/huskybot/install/yolov12_msgs/include/yolov12_msgs/yolov12_msgs/msg/detail/yolov12_inference__traits.hpp
[35.192s] -- Installing: /home/jezzy/huskybot/install/yolov12_msgs/include/yolov12_msgs/yolov12_msgs/msg/detail/inference_result__traits.hpp
[35.194s] -- Installing: /home/jezzy/huskybot/install/yolov12_msgs/include/yolov12_msgs/yolov12_msgs/msg/detail/yolov12_inference__type_support.hpp
[35.197s] -- Installing: /home/jezzy/huskybot/install/yolov12_msgs/include/yolov12_msgs/yolov12_msgs/msg/detail/yolov12_inference__builder.hpp
[35.198s] -- Installing: /home/jezzy/huskybot/install/yolov12_msgs/include/yolov12_msgs/yolov12_msgs/msg/detail/inference_result__type_support.hpp
[35.200s] -- Installing: /home/jezzy/huskybot/install/yolov12_msgs/include/yolov12_msgs/yolov12_msgs/msg/inference_result.hpp
[35.205s] -- Installing: /home/jezzy/huskybot/install/yolov12_msgs/include/yolov12_msgs/yolov12_msgs/msg/rosidl_generator_cpp__visibility_control.hpp
[35.205s] -- Installing: /home/jezzy/huskybot/install/yolov12_msgs/include/yolov12_msgs/yolov12_msgs/msg/yolov12_inference.hpp
[35.208s] -- Up-to-date: /home/jezzy/huskybot/install/yolov12_msgs/include/yolov12_msgs/yolov12_msgs
[35.209s] -- Up-to-date: /home/jezzy/huskybot/install/yolov12_msgs/include/yolov12_msgs/yolov12_msgs/msg
[35.209s] -- Installing: /home/jezzy/huskybot/install/yolov12_msgs/include/yolov12_msgs/yolov12_msgs/msg/rosidl_typesupport_fastrtps_cpp__visibility_control.h
[35.210s] -- Up-to-date: /home/jezzy/huskybot/install/yolov12_msgs/include/yolov12_msgs/yolov12_msgs/msg/detail
[35.211s] -- Installing: /home/jezzy/huskybot/install/yolov12_msgs/include/yolov12_msgs/yolov12_msgs/msg/detail/yolov12_inference__rosidl_typesupport_fastrtps_cpp.hpp
[35.212s] -- Installing: /home/jezzy/huskybot/install/yolov12_msgs/include/yolov12_msgs/yolov12_msgs/msg/detail/dds_fastrtps
[35.215s] -- Installing: /home/jezzy/huskybot/install/yolov12_msgs/include/yolov12_msgs/yolov12_msgs/msg/detail/inference_result__rosidl_typesupport_fastrtps_cpp.hpp
[35.218s] -- Installing: /home/jezzy/huskybot/install/yolov12_msgs/lib/libyolov12_msgs__rosidl_typesupport_fastrtps_cpp.so
[35.219s] -- Set runtime path of "/home/jezzy/huskybot/install/yolov12_msgs/lib/libyolov12_msgs__rosidl_typesupport_fastrtps_cpp.so" to ""
[35.222s] -- Up-to-date: /home/jezzy/huskybot/install/yolov12_msgs/include/yolov12_msgs/yolov12_msgs
[35.226s] -- Up-to-date: /home/jezzy/huskybot/install/yolov12_msgs/include/yolov12_msgs/yolov12_msgs/msg
[35.228s] -- Installing: /home/jezzy/huskybot/install/yolov12_msgs/include/yolov12_msgs/yolov12_msgs/msg/rosidl_typesupport_introspection_c__visibility_control.h
[35.231s] -- Up-to-date: /home/jezzy/huskybot/install/yolov12_msgs/include/yolov12_msgs/yolov12_msgs/msg/detail
[35.232s] -- Installing: /home/jezzy/huskybot/install/yolov12_msgs/include/yolov12_msgs/yolov12_msgs/msg/detail/inference_result__rosidl_typesupport_introspection_c.h
[35.233s] -- Installing: /home/jezzy/huskybot/install/yolov12_msgs/include/yolov12_msgs/yolov12_msgs/msg/detail/yolov12_inference__rosidl_typesupport_introspection_c.h
[35.235s] -- Installing: /home/jezzy/huskybot/install/yolov12_msgs/include/yolov12_msgs/yolov12_msgs/msg/detail/inference_result__type_support.c
[35.238s] -- Installing: /home/jezzy/huskybot/install/yolov12_msgs/include/yolov12_msgs/yolov12_msgs/msg/detail/yolov12_inference__type_support.c
[35.240s] -- Installing: /home/jezzy/huskybot/install/yolov12_msgs/lib/libyolov12_msgs__rosidl_typesupport_introspection_c.so
[35.244s] -- Set runtime path of "/home/jezzy/huskybot/install/yolov12_msgs/lib/libyolov12_msgs__rosidl_typesupport_introspection_c.so" to ""
[35.245s] -- Installing: /home/jezzy/huskybot/install/yolov12_msgs/lib/libyolov12_msgs__rosidl_typesupport_c.so
[35.246s] -- Set runtime path of "/home/jezzy/huskybot/install/yolov12_msgs/lib/libyolov12_msgs__rosidl_typesupport_c.so" to ""
[35.246s] -- Up-to-date: /home/jezzy/huskybot/install/yolov12_msgs/include/yolov12_msgs/yolov12_msgs
[35.246s] -- Up-to-date: /home/jezzy/huskybot/install/yolov12_msgs/include/yolov12_msgs/yolov12_msgs/msg
[35.246s] -- Up-to-date: /home/jezzy/huskybot/install/yolov12_msgs/include/yolov12_msgs/yolov12_msgs/msg/detail
[35.247s] -- Installing: /home/jezzy/huskybot/install/yolov12_msgs/include/yolov12_msgs/yolov12_msgs/msg/detail/yolov12_inference__rosidl_typesupport_introspection_cpp.hpp
[35.247s] -- Installing: /home/jezzy/huskybot/install/yolov12_msgs/include/yolov12_msgs/yolov12_msgs/msg/detail/inference_result__type_support.cpp
[35.247s] -- Installing: /home/jezzy/huskybot/install/yolov12_msgs/include/yolov12_msgs/yolov12_msgs/msg/detail/inference_result__rosidl_typesupport_introspection_cpp.hpp
[35.247s] -- Installing: /home/jezzy/huskybot/install/yolov12_msgs/include/yolov12_msgs/yolov12_msgs/msg/detail/yolov12_inference__type_support.cpp
[35.247s] -- Installing: /home/jezzy/huskybot/install/yolov12_msgs/lib/libyolov12_msgs__rosidl_typesupport_introspection_cpp.so
[35.248s] -- Set runtime path of "/home/jezzy/huskybot/install/yolov12_msgs/lib/libyolov12_msgs__rosidl_typesupport_introspection_cpp.so" to ""
[35.248s] -- Installing: /home/jezzy/huskybot/install/yolov12_msgs/lib/libyolov12_msgs__rosidl_typesupport_cpp.so
[35.248s] -- Set runtime path of "/home/jezzy/huskybot/install/yolov12_msgs/lib/libyolov12_msgs__rosidl_typesupport_cpp.so" to ""
[35.248s] -- Installing: /home/jezzy/huskybot/install/yolov12_msgs/share/yolov12_msgs/environment/pythonpath.sh
[35.248s] -- Installing: /home/jezzy/huskybot/install/yolov12_msgs/share/yolov12_msgs/environment/pythonpath.dsv
[35.249s] -- Installing: /home/jezzy/huskybot/install/yolov12_msgs/local/lib/python3.10/dist-packages/yolov12_msgs-0.0.0-py3.10.egg-info
[35.249s] -- Installing: /home/jezzy/huskybot/install/yolov12_msgs/local/lib/python3.10/dist-packages/yolov12_msgs-0.0.0-py3.10.egg-info/top_level.txt
[35.249s] -- Installing: /home/jezzy/huskybot/install/yolov12_msgs/local/lib/python3.10/dist-packages/yolov12_msgs-0.0.0-py3.10.egg-info/SOURCES.txt
[35.249s] -- Installing: /home/jezzy/huskybot/install/yolov12_msgs/local/lib/python3.10/dist-packages/yolov12_msgs-0.0.0-py3.10.egg-info/dependency_links.txt
[35.250s] -- Installing: /home/jezzy/huskybot/install/yolov12_msgs/local/lib/python3.10/dist-packages/yolov12_msgs-0.0.0-py3.10.egg-info/PKG-INFO
[35.251s] -- Installing: /home/jezzy/huskybot/install/yolov12_msgs/local/lib/python3.10/dist-packages/yolov12_msgs
[35.252s] -- Installing: /home/jezzy/huskybot/install/yolov12_msgs/local/lib/python3.10/dist-packages/yolov12_msgs/libyolov12_msgs__rosidl_generator_py.so
[35.253s] -- Installing: /home/jezzy/huskybot/install/yolov12_msgs/local/lib/python3.10/dist-packages/yolov12_msgs/_yolov12_msgs_s.ep.rosidl_typesupport_introspection_c.c
[35.254s] -- Installing: /home/jezzy/huskybot/install/yolov12_msgs/local/lib/python3.10/dist-packages/yolov12_msgs/_yolov12_msgs_s.ep.rosidl_typesupport_fastrtps_c.c
[35.255s] -- Installing: /home/jezzy/huskybot/install/yolov12_msgs/local/lib/python3.10/dist-packages/yolov12_msgs/_yolov12_msgs_s.ep.rosidl_typesupport_c.c
[35.255s] -- Installing: /home/jezzy/huskybot/install/yolov12_msgs/local/lib/python3.10/dist-packages/yolov12_msgs/yolov12_msgs_s__rosidl_typesupport_introspection_c.cpython-310-x86_64-linux-gnu.so
[35.255s] -- Installing: /home/jezzy/huskybot/install/yolov12_msgs/local/lib/python3.10/dist-packages/yolov12_msgs/msg
[35.255s] -- Installing: /home/jezzy/huskybot/install/yolov12_msgs/local/lib/python3.10/dist-packages/yolov12_msgs/msg/_inference_result_s.c
[35.257s] -- Installing: /home/jezzy/huskybot/install/yolov12_msgs/local/lib/python3.10/dist-packages/yolov12_msgs/msg/_inference_result.py
[35.261s] -- Installing: /home/jezzy/huskybot/install/yolov12_msgs/local/lib/python3.10/dist-packages/yolov12_msgs/msg/_yolov12_inference_s.c
[35.276s] -- Installing: /home/jezzy/huskybot/install/yolov12_msgs/local/lib/python3.10/dist-packages/yolov12_msgs/msg/_yolov12_inference.py
[35.281s] -- Installing: /home/jezzy/huskybot/install/yolov12_msgs/local/lib/python3.10/dist-packages/yolov12_msgs/msg/__init__.py
[35.282s] -- Installing: /home/jezzy/huskybot/install/yolov12_msgs/local/lib/python3.10/dist-packages/yolov12_msgs/yolov12_msgs_s__rosidl_typesupport_fastrtps_c.cpython-310-x86_64-linux-gnu.so
[35.283s] -- Installing: /home/jezzy/huskybot/install/yolov12_msgs/local/lib/python3.10/dist-packages/yolov12_msgs/yolov12_msgs_s__rosidl_typesupport_c.cpython-310-x86_64-linux-gnu.so
[35.284s] -- Installing: /home/jezzy/huskybot/install/yolov12_msgs/local/lib/python3.10/dist-packages/yolov12_msgs/__init__.py
[35.464s] Listing '/home/jezzy/huskybot/install/yolov12_msgs/local/lib/python3.10/dist-packages/yolov12_msgs'...
[35.464s] Compiling '/home/jezzy/huskybot/install/yolov12_msgs/local/lib/python3.10/dist-packages/yolov12_msgs/__init__.py'...
[35.464s] Listing '/home/jezzy/huskybot/install/yolov12_msgs/local/lib/python3.10/dist-packages/yolov12_msgs/msg'...
[35.464s] Compiling '/home/jezzy/huskybot/install/yolov12_msgs/local/lib/python3.10/dist-packages/yolov12_msgs/msg/__init__.py'...
[35.464s] Compiling '/home/jezzy/huskybot/install/yolov12_msgs/local/lib/python3.10/dist-packages/yolov12_msgs/msg/_inference_result.py'...
[35.465s] Compiling '/home/jezzy/huskybot/install/yolov12_msgs/local/lib/python3.10/dist-packages/yolov12_msgs/msg/_yolov12_inference.py'...
[35.486s] -- Installing: /home/jezzy/huskybot/install/yolov12_msgs/local/lib/python3.10/dist-packages/yolov12_msgs/yolov12_msgs_s__rosidl_typesupport_fastrtps_c.cpython-310-x86_64-linux-gnu.so
[35.487s] -- Set runtime path of "/home/jezzy/huskybot/install/yolov12_msgs/local/lib/python3.10/dist-packages/yolov12_msgs/yolov12_msgs_s__rosidl_typesupport_fastrtps_c.cpython-310-x86_64-linux-gnu.so" to ""
[35.487s] -- Installing: /home/jezzy/huskybot/install/yolov12_msgs/local/lib/python3.10/dist-packages/yolov12_msgs/yolov12_msgs_s__rosidl_typesupport_introspection_c.cpython-310-x86_64-linux-gnu.so
[35.493s] -- Set runtime path of "/home/jezzy/huskybot/install/yolov12_msgs/local/lib/python3.10/dist-packages/yolov12_msgs/yolov12_msgs_s__rosidl_typesupport_introspection_c.cpython-310-x86_64-linux-gnu.so" to ""
[35.494s] -- Installing: /home/jezzy/huskybot/install/yolov12_msgs/local/lib/python3.10/dist-packages/yolov12_msgs/yolov12_msgs_s__rosidl_typesupport_c.cpython-310-x86_64-linux-gnu.so
[35.494s] -- Set runtime path of "/home/jezzy/huskybot/install/yolov12_msgs/local/lib/python3.10/dist-packages/yolov12_msgs/yolov12_msgs_s__rosidl_typesupport_c.cpython-310-x86_64-linux-gnu.so" to ""
[35.494s] -- Installing: /home/jezzy/huskybot/install/yolov12_msgs/lib/libyolov12_msgs__rosidl_generator_py.so
[35.495s] -- Set runtime path of "/home/jezzy/huskybot/install/yolov12_msgs/lib/libyolov12_msgs__rosidl_generator_py.so" to ""
[35.496s] -- Installing: /home/jezzy/huskybot/install/yolov12_msgs/share/yolov12_msgs/msg/InferenceResult.idl
[35.498s] -- Installing: /home/jezzy/huskybot/install/yolov12_msgs/share/yolov12_msgs/msg/Yolov12Inference.idl
[35.498s] -- Installing: /home/jezzy/huskybot/install/yolov12_msgs/share/yolov12_msgs/msg/InferenceResult.msg
[35.499s] -- Installing: /home/jezzy/huskybot/install/yolov12_msgs/share/yolov12_msgs/msg/Yolov12Inference.msg
[35.499s] -- Installing: /home/jezzy/huskybot/install/yolov12_msgs/share/ament_index/resource_index/package_run_dependencies/yolov12_msgs
[35.499s] -- Installing: /home/jezzy/huskybot/install/yolov12_msgs/share/ament_index/resource_index/parent_prefix_path/yolov12_msgs
[35.500s] -- Installing: /home/jezzy/huskybot/install/yolov12_msgs/share/yolov12_msgs/environment/ament_prefix_path.sh
[35.500s] -- Installing: /home/jezzy/huskybot/install/yolov12_msgs/share/yolov12_msgs/environment/ament_prefix_path.dsv
[35.500s] -- Installing: /home/jezzy/huskybot/install/yolov12_msgs/share/yolov12_msgs/environment/path.sh
[35.501s] -- Installing: /home/jezzy/huskybot/install/yolov12_msgs/share/yolov12_msgs/environment/path.dsv
[35.505s] -- Installing: /home/jezzy/huskybot/install/yolov12_msgs/share/yolov12_msgs/local_setup.bash
[35.506s] -- Installing: /home/jezzy/huskybot/install/yolov12_msgs/share/yolov12_msgs/local_setup.sh
[35.506s] -- Installing: /home/jezzy/huskybot/install/yolov12_msgs/share/yolov12_msgs/local_setup.zsh
[35.508s] -- Installing: /home/jezzy/huskybot/install/yolov12_msgs/share/yolov12_msgs/local_setup.dsv
[35.509s] -- Installing: /home/jezzy/huskybot/install/yolov12_msgs/share/yolov12_msgs/package.dsv
[35.511s] -- Installing: /home/jezzy/huskybot/install/yolov12_msgs/share/ament_index/resource_index/packages/yolov12_msgs
[35.515s] -- Installing: /home/jezzy/huskybot/install/yolov12_msgs/share/yolov12_msgs/cmake/export_yolov12_msgs__rosidl_generator_cExport.cmake
[35.515s] -- Installing: /home/jezzy/huskybot/install/yolov12_msgs/share/yolov12_msgs/cmake/export_yolov12_msgs__rosidl_generator_cExport-noconfig.cmake
[35.515s] -- Installing: /home/jezzy/huskybot/install/yolov12_msgs/share/yolov12_msgs/cmake/export_yolov12_msgs__rosidl_typesupport_fastrtps_cExport.cmake
[35.515s] -- Installing: /home/jezzy/huskybot/install/yolov12_msgs/share/yolov12_msgs/cmake/export_yolov12_msgs__rosidl_typesupport_fastrtps_cExport-noconfig.cmake
[35.520s] -- Installing: /home/jezzy/huskybot/install/yolov12_msgs/share/yolov12_msgs/cmake/export_yolov12_msgs__rosidl_generator_cppExport.cmake
[35.521s] -- Installing: /home/jezzy/huskybot/install/yolov12_msgs/share/yolov12_msgs/cmake/export_yolov12_msgs__rosidl_typesupport_fastrtps_cppExport.cmake
[35.523s] -- Installing: /home/jezzy/huskybot/install/yolov12_msgs/share/yolov12_msgs/cmake/export_yolov12_msgs__rosidl_typesupport_fastrtps_cppExport-noconfig.cmake
[35.524s] -- Installing: /home/jezzy/huskybot/install/yolov12_msgs/share/yolov12_msgs/cmake/yolov12_msgs__rosidl_typesupport_introspection_cExport.cmake
[35.525s] -- Installing: /home/jezzy/huskybot/install/yolov12_msgs/share/yolov12_msgs/cmake/yolov12_msgs__rosidl_typesupport_introspection_cExport-noconfig.cmake
[35.526s] -- Installing: /home/jezzy/huskybot/install/yolov12_msgs/share/yolov12_msgs/cmake/yolov12_msgs__rosidl_typesupport_cExport.cmake
[35.527s] -- Installing: /home/jezzy/huskybot/install/yolov12_msgs/share/yolov12_msgs/cmake/yolov12_msgs__rosidl_typesupport_cExport-noconfig.cmake
[35.528s] -- Installing: /home/jezzy/huskybot/install/yolov12_msgs/share/yolov12_msgs/cmake/yolov12_msgs__rosidl_typesupport_introspection_cppExport.cmake
[35.529s] -- Installing: /home/jezzy/huskybot/install/yolov12_msgs/share/yolov12_msgs/cmake/yolov12_msgs__rosidl_typesupport_introspection_cppExport-noconfig.cmake
[35.532s] -- Installing: /home/jezzy/huskybot/install/yolov12_msgs/share/yolov12_msgs/cmake/yolov12_msgs__rosidl_typesupport_cppExport.cmake
[35.533s] -- Installing: /home/jezzy/huskybot/install/yolov12_msgs/share/yolov12_msgs/cmake/yolov12_msgs__rosidl_typesupport_cppExport-noconfig.cmake
[35.533s] -- Installing: /home/jezzy/huskybot/install/yolov12_msgs/share/yolov12_msgs/cmake/export_yolov12_msgs__rosidl_generator_pyExport.cmake
[35.537s] -- Installing: /home/jezzy/huskybot/install/yolov12_msgs/share/yolov12_msgs/cmake/export_yolov12_msgs__rosidl_generator_pyExport-noconfig.cmake
[35.539s] -- Installing: /home/jezzy/huskybot/install/yolov12_msgs/share/yolov12_msgs/cmake/rosidl_cmake-extras.cmake
[35.542s] -- Installing: /home/jezzy/huskybot/install/yolov12_msgs/share/yolov12_msgs/cmake/ament_cmake_export_dependencies-extras.cmake
[35.543s] -- Installing: /home/jezzy/huskybot/install/yolov12_msgs/share/yolov12_msgs/cmake/ament_cmake_export_include_directories-extras.cmake
[35.543s] -- Installing: /home/jezzy/huskybot/install/yolov12_msgs/share/yolov12_msgs/cmake/ament_cmake_export_libraries-extras.cmake
[35.544s] -- Installing: /home/jezzy/huskybot/install/yolov12_msgs/share/yolov12_msgs/cmake/ament_cmake_export_targets-extras.cmake
[35.544s] -- Installing: /home/jezzy/huskybot/install/yolov12_msgs/share/yolov12_msgs/cmake/rosidl_cmake_export_typesupport_targets-extras.cmake
[35.545s] -- Installing: /home/jezzy/huskybot/install/yolov12_msgs/share/yolov12_msgs/cmake/rosidl_cmake_export_typesupport_libraries-extras.cmake
[35.547s] -- Installing: /home/jezzy/huskybot/install/yolov12_msgs/share/yolov12_msgs/cmake/yolov12_msgsConfig.cmake
[35.552s] -- Installing: /home/jezzy/huskybot/install/yolov12_msgs/share/yolov12_msgs/cmake/yolov12_msgsConfig-version.cmake
[35.552s] -- Installing: /home/jezzy/huskybot/install/yolov12_msgs/share/yolov12_msgs/package.xml
[35.558s] Invoked command in '/home/jezzy/huskybot/build/yolov12_msgs' returned '0': CMAKE_PREFIX_PATH=${CMAKE_PREFIX_PATH}:/home/jezzy/husky_ws/lintic/install/yolosed:/home/jezzy/husky_ws/lintic/install/visual:/home/jezzy/husky_ws/lintic/install/segnet:/home/jezzy/husky_ws/turtlebot3/install/turtlebot3_teleop:/home/jezzy/husky_ws/turtlebot3/install/turtlebot3_example:/home/jezzy/husky_ws/turtlebot3/install/segtect:/home/jezzy/husky_ws/turtlebot3/install/autonomous_exploration:/opt/ros/humble /usr/bin/cmake --install /home/jezzy/huskybot/build/yolov12_msgs
