[0.739s] Invoking command in '/home/jezzy/yolobot/build/velodyne_driver': CMAKE_PREFIX_PATH=/home/jezzy/yolobot/install/velodyne_msgs:/home/jezzy/yolobot/install/yolobot_mapping:/home/jezzy/yolobot/install/velodyne:/home/jezzy/yolobot/install/velodyne_pointcloud:/home/jezzy/yolobot/install/velodyne_driver:/home/jezzy/yolobot/install/velodyne_laserscan:/home/jezzy/yolobot/install/yolobot_recognition:/home/jezzy/yolobot/install/yolov8_msgs:/home/jezzy/yolobot/install/yolobot_gazebo:/home/jezzy/yolobot/install/yolobot_description:/home/jezzy/yolobot/install/yolobot_control:/home/jezzy/yolobot/install/husky_custom_description:/home/jezzy/husky_ws/turtlebot3/install/turtlebot3:/home/jezzy/husky_ws/turtlebot3/install/turtlebot3_simulations:/home/jezzy/husky_ws/turtlebot3/install/turtlebot3_bringup:/home/jezzy/husky_ws/turtlebot3/install/turtlebot3_node:/home/jezzy/husky_ws/turtlebot3/install/turtlebot3_navigation2:/home/jezzy/husky_ws/turtlebot3/install/turtlebot3_fake_node:/home/jezzy/husky_ws/turtlebot3/install/turtlebot3_msgs:/home/jezzy/husky_ws/turtlebot3/install/turtlebot3_gazebo:/home/jezzy/husky_ws/turtlebot3/install/turtlebot3_description:/home/jezzy/husky_ws/turtlebot3/install/turtlebot3_cartographer:/home/jezzy/husky_ws/turtlebot3/install/dynamixel_sdk_examples:/home/jezzy/husky_ws/turtlebot3/install/dynamixel_sdk_custom_interfaces:/home/jezzy/husky_ws/turtlebot3/install/dynamixel_sdk:/home/jezzy/yolobot/install/yolobot_fusion:/home/jezzy/yolobot/install/yolobot_navigation:/home/jezzy/husky_ws/lintic/install/yolosed:/home/jezzy/husky_ws/lintic/install/visual:/home/jezzy/husky_ws/lintic/install/segnet:/home/jezzy/husky_ws/turtlebot3/install/turtlebot3_teleop:/home/jezzy/husky_ws/turtlebot3/install/turtlebot3_example:/home/jezzy/husky_ws/turtlebot3/install/segtect:/home/jezzy/husky_ws/turtlebot3/install/autonomous_exploration:/opt/ros/humble LD_LIBRARY_PATH=/home/jezzy/yolobot/install/velodyne_msgs/lib:/home/jezzy/yolobot/install/velodyne_pointcloud/lib:/home/jezzy/yolobot/install/velodyne_driver/lib:/home/jezzy/yolobot/install/velodyne_laserscan/lib:/home/jezzy/yolobot/install/yolov8_msgs/lib:/home/jezzy/husky_ws/turtlebot3/install/turtlebot3_msgs/lib:/home/jezzy/husky_ws/turtlebot3/install/dynamixel_sdk_custom_interfaces/lib:/home/jezzy/husky_ws/turtlebot3/install/dynamixel_sdk/lib:/usr/lib/x86_64-linux-gnu/gazebo-11/plugins:/opt/ros/humble/opt/rviz_ogre_vendor/lib:/opt/ros/humble/lib/x86_64-linux-gnu:/opt/ros/humble/lib:/usr/share/gazebo/../../lib/x86_64-linux-gnu/gazebo-11/plugins:/usr/share/gazebo/../../lib/x86_64-linux-gnu/gazebo-11/plugins:/usr/share/gazebo/../../lib/x86_64-linux-gnu/gazebo-11/plugins:/opt/ros/humble/lib:/usr/share/gazebo/../../lib/x86_64-linux-gnu/gazebo-11/plugins:/usr/share/gazebo/../../lib/x86_64-linux-gnu/gazebo-11/plugins:/usr/share/gazebo/../../lib/x86_64-linux-gnu/gazebo-11/plugins:/opt/ros/humble/lib:/opt/ros/humble/lib /usr/bin/cmake /home/jezzy/yolobot/src/velodyne/velodyne_driver -DCMAKE_INSTALL_PREFIX=/home/jezzy/yolobot/install/velodyne_driver
[1.983s] -- The C compiler identification is GNU 11.4.0
[5.863s] -- The CXX compiler identification is GNU 11.4.0
[10.022s] -- Detecting C compiler ABI info
[11.167s] -- Detecting C compiler ABI info - done
[11.238s] -- Check for working C compiler: /usr/bin/cc - skipped
[11.239s] -- Detecting C compile features
[11.248s] -- Detecting C compile features - done
[11.269s] -- Detecting CXX compiler ABI info
[12.342s] -- Detecting CXX compiler ABI info - done
[12.405s] -- Check for working CXX compiler: /usr/bin/c++ - skipped
[12.410s] -- Detecting CXX compile features
[12.417s] -- Detecting CXX compile features - done
[12.440s] -- Found ament_cmake_ros: 0.10.0 (/opt/ros/humble/share/ament_cmake_ros/cmake)
[13.516s] -- Found Python3: /usr/bin/python3 (found version "3.10.12") found components: Interpreter 
[14.191s] -- Found diagnostic_updater: 4.0.2 (/opt/ros/humble/share/diagnostic_updater/cmake)
[15.198s] -- Found rosidl_generator_c: 3.1.6 (/opt/ros/humble/share/rosidl_generator_c/cmake)
[15.241s] -- Found rosidl_adapter: 3.1.6 (/opt/ros/humble/share/rosidl_adapter/cmake)
[15.296s] -- Found rosidl_generator_cpp: 3.1.6 (/opt/ros/humble/share/rosidl_generator_cpp/cmake)
[15.373s] -- Using all available rosidl_typesupport_c: rosidl_typesupport_fastrtps_c;rosidl_typesupport_introspection_c
[15.468s] -- Using all available rosidl_typesupport_cpp: rosidl_typesupport_fastrtps_cpp;rosidl_typesupport_introspection_cpp
[16.065s] -- Found rmw_implementation_cmake: 6.1.2 (/opt/ros/humble/share/rmw_implementation_cmake/cmake)
[16.106s] -- Found rmw_fastrtps_cpp: 6.2.7 (/opt/ros/humble/share/rmw_fastrtps_cpp/cmake)
[23.713s] -- Found OpenSSL: /usr/lib/x86_64-linux-gnu/libcrypto.so (found version "3.0.2")  
[26.321s] -- Found FastRTPS: /opt/ros/humble/include  
[31.562s] -- Using RMW implementation 'rmw_fastrtps_cpp' as default
[31.625s] -- Looking for pthread.h
[32.197s] -- Looking for pthread.h - found
[32.199s] -- Performing Test CMAKE_HAVE_LIBC_PTHREAD
[32.921s] -- Performing Test CMAKE_HAVE_LIBC_PTHREAD - Success
[32.921s] -- Found Threads: TRUE  
[33.279s] -- Found rclcpp_components: 16.0.12 (/opt/ros/humble/share/rclcpp_components/cmake)
[33.452s] -- Found tf2_ros: 0.25.12 (/opt/ros/humble/share/tf2_ros/cmake)
[33.982s] -- Found velodyne_msgs: 2.5.1 (/home/jezzy/yolobot/install/velodyne_msgs/share/velodyne_msgs/cmake)
[34.074s] -- Found ament_lint_auto: 0.12.12 (/opt/ros/humble/share/ament_lint_auto/cmake)
[34.612s] -- Found gtest sources under '/opt/ros/humble/src/gtest_vendor': C++ tests using 'Google Test' will be built
[34.648s] -- Added test 'copyright' to check source files copyright and LICENSE
[34.662s] -- Added test 'cppcheck' to perform static code analysis on C / C++ code
[34.663s] -- Configured cppcheck include dirs: $<BUILD_INTERFACE:/home/jezzy/yolobot/src/velodyne/velodyne_driver/include>
[34.663s] -- Configured cppcheck exclude dirs and/or files: 
[34.674s] -- Added test 'cpplint' to check C / C++ code against the Google style
[34.674s] -- Configured cpplint exclude dirs and/or files: 
[34.680s] -- Added test 'flake8' to check Python code syntax and style conventions
[34.685s] -- Added test 'lint_cmake' to check CMake code style
[34.693s] -- Added test 'pep257' to check Python code against some of the docstring style conventions in PEP 257
[34.702s] -- Added test 'uncrustify' to check C / C++ code style
[34.703s] -- Configured uncrustify additional arguments: 
[34.712s] -- Added test 'xmllint' to check XML markup files
[34.729s] -- Configuring done
[34.873s] -- Generating done
[34.909s] -- Build files have been written to: /home/jezzy/yolobot/build/velodyne_driver
[36.125s] Invoked command in '/home/jezzy/yolobot/build/velodyne_driver' returned '0': CMAKE_PREFIX_PATH=/home/jezzy/yolobot/install/velodyne_msgs:/home/jezzy/yolobot/install/yolobot_mapping:/home/jezzy/yolobot/install/velodyne:/home/jezzy/yolobot/install/velodyne_pointcloud:/home/jezzy/yolobot/install/velodyne_driver:/home/jezzy/yolobot/install/velodyne_laserscan:/home/jezzy/yolobot/install/yolobot_recognition:/home/jezzy/yolobot/install/yolov8_msgs:/home/jezzy/yolobot/install/yolobot_gazebo:/home/jezzy/yolobot/install/yolobot_description:/home/jezzy/yolobot/install/yolobot_control:/home/jezzy/yolobot/install/husky_custom_description:/home/jezzy/husky_ws/turtlebot3/install/turtlebot3:/home/jezzy/husky_ws/turtlebot3/install/turtlebot3_simulations:/home/jezzy/husky_ws/turtlebot3/install/turtlebot3_bringup:/home/jezzy/husky_ws/turtlebot3/install/turtlebot3_node:/home/jezzy/husky_ws/turtlebot3/install/turtlebot3_navigation2:/home/jezzy/husky_ws/turtlebot3/install/turtlebot3_fake_node:/home/jezzy/husky_ws/turtlebot3/install/turtlebot3_msgs:/home/jezzy/husky_ws/turtlebot3/install/turtlebot3_gazebo:/home/jezzy/husky_ws/turtlebot3/install/turtlebot3_description:/home/jezzy/husky_ws/turtlebot3/install/turtlebot3_cartographer:/home/jezzy/husky_ws/turtlebot3/install/dynamixel_sdk_examples:/home/jezzy/husky_ws/turtlebot3/install/dynamixel_sdk_custom_interfaces:/home/jezzy/husky_ws/turtlebot3/install/dynamixel_sdk:/home/jezzy/yolobot/install/yolobot_fusion:/home/jezzy/yolobot/install/yolobot_navigation:/home/jezzy/husky_ws/lintic/install/yolosed:/home/jezzy/husky_ws/lintic/install/visual:/home/jezzy/husky_ws/lintic/install/segnet:/home/jezzy/husky_ws/turtlebot3/install/turtlebot3_teleop:/home/jezzy/husky_ws/turtlebot3/install/turtlebot3_example:/home/jezzy/husky_ws/turtlebot3/install/segtect:/home/jezzy/husky_ws/turtlebot3/install/autonomous_exploration:/opt/ros/humble LD_LIBRARY_PATH=/home/jezzy/yolobot/install/velodyne_msgs/lib:/home/jezzy/yolobot/install/velodyne_pointcloud/lib:/home/jezzy/yolobot/install/velodyne_driver/lib:/home/jezzy/yolobot/install/velodyne_laserscan/lib:/home/jezzy/yolobot/install/yolov8_msgs/lib:/home/jezzy/husky_ws/turtlebot3/install/turtlebot3_msgs/lib:/home/jezzy/husky_ws/turtlebot3/install/dynamixel_sdk_custom_interfaces/lib:/home/jezzy/husky_ws/turtlebot3/install/dynamixel_sdk/lib:/usr/lib/x86_64-linux-gnu/gazebo-11/plugins:/opt/ros/humble/opt/rviz_ogre_vendor/lib:/opt/ros/humble/lib/x86_64-linux-gnu:/opt/ros/humble/lib:/usr/share/gazebo/../../lib/x86_64-linux-gnu/gazebo-11/plugins:/usr/share/gazebo/../../lib/x86_64-linux-gnu/gazebo-11/plugins:/usr/share/gazebo/../../lib/x86_64-linux-gnu/gazebo-11/plugins:/opt/ros/humble/lib:/usr/share/gazebo/../../lib/x86_64-linux-gnu/gazebo-11/plugins:/usr/share/gazebo/../../lib/x86_64-linux-gnu/gazebo-11/plugins:/usr/share/gazebo/../../lib/x86_64-linux-gnu/gazebo-11/plugins:/opt/ros/humble/lib:/opt/ros/humble/lib /usr/bin/cmake /home/jezzy/yolobot/src/velodyne/velodyne_driver -DCMAKE_INSTALL_PREFIX=/home/jezzy/yolobot/install/velodyne_driver
[36.126s] Invoking command in '/home/jezzy/yolobot/build/velodyne_driver': CMAKE_PREFIX_PATH=/home/jezzy/yolobot/install/velodyne_msgs:/home/jezzy/yolobot/install/yolobot_mapping:/home/jezzy/yolobot/install/velodyne:/home/jezzy/yolobot/install/velodyne_pointcloud:/home/jezzy/yolobot/install/velodyne_driver:/home/jezzy/yolobot/install/velodyne_laserscan:/home/jezzy/yolobot/install/yolobot_recognition:/home/jezzy/yolobot/install/yolov8_msgs:/home/jezzy/yolobot/install/yolobot_gazebo:/home/jezzy/yolobot/install/yolobot_description:/home/jezzy/yolobot/install/yolobot_control:/home/jezzy/yolobot/install/husky_custom_description:/home/jezzy/husky_ws/turtlebot3/install/turtlebot3:/home/jezzy/husky_ws/turtlebot3/install/turtlebot3_simulations:/home/jezzy/husky_ws/turtlebot3/install/turtlebot3_bringup:/home/jezzy/husky_ws/turtlebot3/install/turtlebot3_node:/home/jezzy/husky_ws/turtlebot3/install/turtlebot3_navigation2:/home/jezzy/husky_ws/turtlebot3/install/turtlebot3_fake_node:/home/jezzy/husky_ws/turtlebot3/install/turtlebot3_msgs:/home/jezzy/husky_ws/turtlebot3/install/turtlebot3_gazebo:/home/jezzy/husky_ws/turtlebot3/install/turtlebot3_description:/home/jezzy/husky_ws/turtlebot3/install/turtlebot3_cartographer:/home/jezzy/husky_ws/turtlebot3/install/dynamixel_sdk_examples:/home/jezzy/husky_ws/turtlebot3/install/dynamixel_sdk_custom_interfaces:/home/jezzy/husky_ws/turtlebot3/install/dynamixel_sdk:/home/jezzy/yolobot/install/yolobot_fusion:/home/jezzy/yolobot/install/yolobot_navigation:/home/jezzy/husky_ws/lintic/install/yolosed:/home/jezzy/husky_ws/lintic/install/visual:/home/jezzy/husky_ws/lintic/install/segnet:/home/jezzy/husky_ws/turtlebot3/install/turtlebot3_teleop:/home/jezzy/husky_ws/turtlebot3/install/turtlebot3_example:/home/jezzy/husky_ws/turtlebot3/install/segtect:/home/jezzy/husky_ws/turtlebot3/install/autonomous_exploration:/opt/ros/humble LD_LIBRARY_PATH=/home/jezzy/yolobot/install/velodyne_msgs/lib:/home/jezzy/yolobot/install/velodyne_pointcloud/lib:/home/jezzy/yolobot/install/velodyne_driver/lib:/home/jezzy/yolobot/install/velodyne_laserscan/lib:/home/jezzy/yolobot/install/yolov8_msgs/lib:/home/jezzy/husky_ws/turtlebot3/install/turtlebot3_msgs/lib:/home/jezzy/husky_ws/turtlebot3/install/dynamixel_sdk_custom_interfaces/lib:/home/jezzy/husky_ws/turtlebot3/install/dynamixel_sdk/lib:/usr/lib/x86_64-linux-gnu/gazebo-11/plugins:/opt/ros/humble/opt/rviz_ogre_vendor/lib:/opt/ros/humble/lib/x86_64-linux-gnu:/opt/ros/humble/lib:/usr/share/gazebo/../../lib/x86_64-linux-gnu/gazebo-11/plugins:/usr/share/gazebo/../../lib/x86_64-linux-gnu/gazebo-11/plugins:/usr/share/gazebo/../../lib/x86_64-linux-gnu/gazebo-11/plugins:/opt/ros/humble/lib:/usr/share/gazebo/../../lib/x86_64-linux-gnu/gazebo-11/plugins:/usr/share/gazebo/../../lib/x86_64-linux-gnu/gazebo-11/plugins:/usr/share/gazebo/../../lib/x86_64-linux-gnu/gazebo-11/plugins:/opt/ros/humble/lib:/opt/ros/humble/lib /usr/bin/cmake --build /home/jezzy/yolobot/build/velodyne_driver -- -j4 -l4
[36.426s] [  8%] [32mBuilding CXX object CMakeFiles/velodyne_input.dir/src/lib/input.cpp.o[0m
[54.674s] [ 16%] [32m[1mLinking CXX shared library libvelodyne_input.so[0m
[55.403s] [ 16%] Built target velodyne_input
[55.472s] [ 25%] [32mBuilding CXX object gtest/CMakeFiles/gtest.dir/src/gtest-all.cc.o[0m
[65.772s] [ 33%] [32m[1mLinking CXX static library libgtest.a[0m
[65.953s] [ 33%] Built target gtest
[65.995s] [ 41%] [32mBuilding CXX object CMakeFiles/velodyne_driver.dir/src/driver/driver.cpp.o[0m
[104.051s] [ 50%] [32m[1mLinking CXX shared library libvelodyne_driver.so[0m
[106.372s] [ 50%] Built target velodyne_driver
[106.454s] [ 58%] [32mBuilding CXX object gtest/CMakeFiles/gtest_main.dir/src/gtest_main.cc.o[0m
[106.457s] [ 66%] [32mBuilding CXX object CMakeFiles/velodyne_driver_node.dir/src/driver/velodyne_node.cpp.o[0m
[109.058s] [ 75%] [32m[1mLinking CXX static library libgtest_main.a[0m
[109.158s] [ 75%] Built target gtest_main
[109.234s] [ 83%] [32mBuilding CXX object CMakeFiles/time_test.dir/tests/timeconversiontest.cpp.o[0m
[118.346s] [ 91%] [32m[1mLinking CXX executable velodyne_driver_node[0m
[119.389s] [ 91%] Built target velodyne_driver_node
[120.288s] [100%] [32m[1mLinking CXX executable time_test[0m
[121.188s] [100%] Built target time_test
[121.215s] Invoked command in '/home/jezzy/yolobot/build/velodyne_driver' returned '0': CMAKE_PREFIX_PATH=/home/jezzy/yolobot/install/velodyne_msgs:/home/jezzy/yolobot/install/yolobot_mapping:/home/jezzy/yolobot/install/velodyne:/home/jezzy/yolobot/install/velodyne_pointcloud:/home/jezzy/yolobot/install/velodyne_driver:/home/jezzy/yolobot/install/velodyne_laserscan:/home/jezzy/yolobot/install/yolobot_recognition:/home/jezzy/yolobot/install/yolov8_msgs:/home/jezzy/yolobot/install/yolobot_gazebo:/home/jezzy/yolobot/install/yolobot_description:/home/jezzy/yolobot/install/yolobot_control:/home/jezzy/yolobot/install/husky_custom_description:/home/jezzy/husky_ws/turtlebot3/install/turtlebot3:/home/jezzy/husky_ws/turtlebot3/install/turtlebot3_simulations:/home/jezzy/husky_ws/turtlebot3/install/turtlebot3_bringup:/home/jezzy/husky_ws/turtlebot3/install/turtlebot3_node:/home/jezzy/husky_ws/turtlebot3/install/turtlebot3_navigation2:/home/jezzy/husky_ws/turtlebot3/install/turtlebot3_fake_node:/home/jezzy/husky_ws/turtlebot3/install/turtlebot3_msgs:/home/jezzy/husky_ws/turtlebot3/install/turtlebot3_gazebo:/home/jezzy/husky_ws/turtlebot3/install/turtlebot3_description:/home/jezzy/husky_ws/turtlebot3/install/turtlebot3_cartographer:/home/jezzy/husky_ws/turtlebot3/install/dynamixel_sdk_examples:/home/jezzy/husky_ws/turtlebot3/install/dynamixel_sdk_custom_interfaces:/home/jezzy/husky_ws/turtlebot3/install/dynamixel_sdk:/home/jezzy/yolobot/install/yolobot_fusion:/home/jezzy/yolobot/install/yolobot_navigation:/home/jezzy/husky_ws/lintic/install/yolosed:/home/jezzy/husky_ws/lintic/install/visual:/home/jezzy/husky_ws/lintic/install/segnet:/home/jezzy/husky_ws/turtlebot3/install/turtlebot3_teleop:/home/jezzy/husky_ws/turtlebot3/install/turtlebot3_example:/home/jezzy/husky_ws/turtlebot3/install/segtect:/home/jezzy/husky_ws/turtlebot3/install/autonomous_exploration:/opt/ros/humble LD_LIBRARY_PATH=/home/jezzy/yolobot/install/velodyne_msgs/lib:/home/jezzy/yolobot/install/velodyne_pointcloud/lib:/home/jezzy/yolobot/install/velodyne_driver/lib:/home/jezzy/yolobot/install/velodyne_laserscan/lib:/home/jezzy/yolobot/install/yolov8_msgs/lib:/home/jezzy/husky_ws/turtlebot3/install/turtlebot3_msgs/lib:/home/jezzy/husky_ws/turtlebot3/install/dynamixel_sdk_custom_interfaces/lib:/home/jezzy/husky_ws/turtlebot3/install/dynamixel_sdk/lib:/usr/lib/x86_64-linux-gnu/gazebo-11/plugins:/opt/ros/humble/opt/rviz_ogre_vendor/lib:/opt/ros/humble/lib/x86_64-linux-gnu:/opt/ros/humble/lib:/usr/share/gazebo/../../lib/x86_64-linux-gnu/gazebo-11/plugins:/usr/share/gazebo/../../lib/x86_64-linux-gnu/gazebo-11/plugins:/usr/share/gazebo/../../lib/x86_64-linux-gnu/gazebo-11/plugins:/opt/ros/humble/lib:/usr/share/gazebo/../../lib/x86_64-linux-gnu/gazebo-11/plugins:/usr/share/gazebo/../../lib/x86_64-linux-gnu/gazebo-11/plugins:/usr/share/gazebo/../../lib/x86_64-linux-gnu/gazebo-11/plugins:/opt/ros/humble/lib:/opt/ros/humble/lib /usr/bin/cmake --build /home/jezzy/yolobot/build/velodyne_driver -- -j4 -l4
[121.219s] Invoking command in '/home/jezzy/yolobot/build/velodyne_driver': CMAKE_PREFIX_PATH=/home/jezzy/yolobot/install/velodyne_msgs:/home/jezzy/yolobot/install/yolobot_mapping:/home/jezzy/yolobot/install/velodyne:/home/jezzy/yolobot/install/velodyne_pointcloud:/home/jezzy/yolobot/install/velodyne_driver:/home/jezzy/yolobot/install/velodyne_laserscan:/home/jezzy/yolobot/install/yolobot_recognition:/home/jezzy/yolobot/install/yolov8_msgs:/home/jezzy/yolobot/install/yolobot_gazebo:/home/jezzy/yolobot/install/yolobot_description:/home/jezzy/yolobot/install/yolobot_control:/home/jezzy/yolobot/install/husky_custom_description:/home/jezzy/husky_ws/turtlebot3/install/turtlebot3:/home/jezzy/husky_ws/turtlebot3/install/turtlebot3_simulations:/home/jezzy/husky_ws/turtlebot3/install/turtlebot3_bringup:/home/jezzy/husky_ws/turtlebot3/install/turtlebot3_node:/home/jezzy/husky_ws/turtlebot3/install/turtlebot3_navigation2:/home/jezzy/husky_ws/turtlebot3/install/turtlebot3_fake_node:/home/jezzy/husky_ws/turtlebot3/install/turtlebot3_msgs:/home/jezzy/husky_ws/turtlebot3/install/turtlebot3_gazebo:/home/jezzy/husky_ws/turtlebot3/install/turtlebot3_description:/home/jezzy/husky_ws/turtlebot3/install/turtlebot3_cartographer:/home/jezzy/husky_ws/turtlebot3/install/dynamixel_sdk_examples:/home/jezzy/husky_ws/turtlebot3/install/dynamixel_sdk_custom_interfaces:/home/jezzy/husky_ws/turtlebot3/install/dynamixel_sdk:/home/jezzy/yolobot/install/yolobot_fusion:/home/jezzy/yolobot/install/yolobot_navigation:/home/jezzy/husky_ws/lintic/install/yolosed:/home/jezzy/husky_ws/lintic/install/visual:/home/jezzy/husky_ws/lintic/install/segnet:/home/jezzy/husky_ws/turtlebot3/install/turtlebot3_teleop:/home/jezzy/husky_ws/turtlebot3/install/turtlebot3_example:/home/jezzy/husky_ws/turtlebot3/install/segtect:/home/jezzy/husky_ws/turtlebot3/install/autonomous_exploration:/opt/ros/humble LD_LIBRARY_PATH=/home/jezzy/yolobot/install/velodyne_msgs/lib:/home/jezzy/yolobot/install/velodyne_pointcloud/lib:/home/jezzy/yolobot/install/velodyne_driver/lib:/home/jezzy/yolobot/install/velodyne_laserscan/lib:/home/jezzy/yolobot/install/yolov8_msgs/lib:/home/jezzy/husky_ws/turtlebot3/install/turtlebot3_msgs/lib:/home/jezzy/husky_ws/turtlebot3/install/dynamixel_sdk_custom_interfaces/lib:/home/jezzy/husky_ws/turtlebot3/install/dynamixel_sdk/lib:/usr/lib/x86_64-linux-gnu/gazebo-11/plugins:/opt/ros/humble/opt/rviz_ogre_vendor/lib:/opt/ros/humble/lib/x86_64-linux-gnu:/opt/ros/humble/lib:/usr/share/gazebo/../../lib/x86_64-linux-gnu/gazebo-11/plugins:/usr/share/gazebo/../../lib/x86_64-linux-gnu/gazebo-11/plugins:/usr/share/gazebo/../../lib/x86_64-linux-gnu/gazebo-11/plugins:/opt/ros/humble/lib:/usr/share/gazebo/../../lib/x86_64-linux-gnu/gazebo-11/plugins:/usr/share/gazebo/../../lib/x86_64-linux-gnu/gazebo-11/plugins:/usr/share/gazebo/../../lib/x86_64-linux-gnu/gazebo-11/plugins:/opt/ros/humble/lib:/opt/ros/humble/lib /usr/bin/cmake --install /home/jezzy/yolobot/build/velodyne_driver
[121.233s] -- Install configuration: ""
[121.234s] -- Installing: /home/jezzy/yolobot/install/velodyne_driver/lib/libvelodyne_input.so
[121.236s] -- Set runtime path of "/home/jezzy/yolobot/install/velodyne_driver/lib/libvelodyne_input.so" to ""
[121.236s] -- Installing: /home/jezzy/yolobot/install/velodyne_driver/lib/libvelodyne_driver.so
[121.252s] -- Set runtime path of "/home/jezzy/yolobot/install/velodyne_driver/lib/libvelodyne_driver.so" to ""
[121.253s] -- Installing: /home/jezzy/yolobot/install/velodyne_driver/lib/velodyne_driver/velodyne_driver_node
[121.255s] -- Set runtime path of "/home/jezzy/yolobot/install/velodyne_driver/lib/velodyne_driver/velodyne_driver_node" to ""
[121.255s] -- Installing: /home/jezzy/yolobot/install/velodyne_driver/include/velodyne_driver
[121.255s] -- Installing: /home/jezzy/yolobot/install/velodyne_driver/include/velodyne_driver/time_conversion.hpp
[121.256s] -- Installing: /home/jezzy/yolobot/install/velodyne_driver/include/velodyne_driver/input.hpp
[121.256s] -- Installing: /home/jezzy/yolobot/install/velodyne_driver/include/velodyne_driver/driver.hpp
[121.256s] -- Installing: /home/jezzy/yolobot/install/velodyne_driver/share/velodyne_driver/config
[121.259s] -- Installing: /home/jezzy/yolobot/install/velodyne_driver/share/velodyne_driver/config/VLP16-velodyne_driver_node-params.yaml
[121.259s] -- Installing: /home/jezzy/yolobot/install/velodyne_driver/share/velodyne_driver/config/VLS128-velodyne_driver_node-params.yaml
[121.259s] -- Installing: /home/jezzy/yolobot/install/velodyne_driver/share/velodyne_driver/config/VLP32C-velodyne_driver_node-params.yaml
[121.260s] -- Installing: /home/jezzy/yolobot/install/velodyne_driver/share/velodyne_driver/launch
[121.260s] -- Installing: /home/jezzy/yolobot/install/velodyne_driver/share/velodyne_driver/launch/velodyne_driver_node-VLP16-composed-launch.py
[121.261s] -- Installing: /home/jezzy/yolobot/install/velodyne_driver/share/velodyne_driver/launch/velodyne_driver_node-VLS128-composed-launch.py
[121.261s] -- Installing: /home/jezzy/yolobot/install/velodyne_driver/share/velodyne_driver/launch/velodyne_driver_node-VLP32C-launch.py
[121.264s] -- Installing: /home/jezzy/yolobot/install/velodyne_driver/share/velodyne_driver/launch/velodyne_driver_node-VLP16-launch.py
[121.264s] -- Installing: /home/jezzy/yolobot/install/velodyne_driver/share/velodyne_driver/launch/velodyne_driver_node-VLP32C-composed-launch.py
[121.265s] -- Installing: /home/jezzy/yolobot/install/velodyne_driver/share/velodyne_driver/launch/velodyne_driver_node-VLS128-launch.py
[121.265s] -- Installing: /home/jezzy/yolobot/install/velodyne_driver/lib/velodyne_driver/vdump
[121.265s] -- Installing: /home/jezzy/yolobot/install/velodyne_driver/share/ament_index/resource_index/package_run_dependencies/velodyne_driver
[121.266s] -- Installing: /home/jezzy/yolobot/install/velodyne_driver/share/ament_index/resource_index/parent_prefix_path/velodyne_driver
[121.266s] -- Installing: /home/jezzy/yolobot/install/velodyne_driver/share/velodyne_driver/environment/ament_prefix_path.sh
[121.269s] -- Installing: /home/jezzy/yolobot/install/velodyne_driver/share/velodyne_driver/environment/ament_prefix_path.dsv
[121.269s] -- Installing: /home/jezzy/yolobot/install/velodyne_driver/share/velodyne_driver/environment/path.sh
[121.270s] -- Installing: /home/jezzy/yolobot/install/velodyne_driver/share/velodyne_driver/environment/path.dsv
[121.270s] -- Installing: /home/jezzy/yolobot/install/velodyne_driver/share/velodyne_driver/local_setup.bash
[121.270s] -- Installing: /home/jezzy/yolobot/install/velodyne_driver/share/velodyne_driver/local_setup.sh
[121.271s] -- Installing: /home/jezzy/yolobot/install/velodyne_driver/share/velodyne_driver/local_setup.zsh
[121.271s] -- Installing: /home/jezzy/yolobot/install/velodyne_driver/share/velodyne_driver/local_setup.dsv
[121.271s] -- Installing: /home/jezzy/yolobot/install/velodyne_driver/share/velodyne_driver/package.dsv
[121.272s] -- Installing: /home/jezzy/yolobot/install/velodyne_driver/share/ament_index/resource_index/packages/velodyne_driver
[121.272s] -- Installing: /home/jezzy/yolobot/install/velodyne_driver/share/ament_index/resource_index/rclcpp_components/velodyne_driver
[121.273s] -- Installing: /home/jezzy/yolobot/install/velodyne_driver/share/velodyne_driver/cmake/velodyne_driverExport.cmake
[121.273s] -- Installing: /home/jezzy/yolobot/install/velodyne_driver/share/velodyne_driver/cmake/velodyne_driverExport-noconfig.cmake
[121.274s] -- Installing: /home/jezzy/yolobot/install/velodyne_driver/share/velodyne_driver/cmake/ament_cmake_export_include_directories-extras.cmake
[121.275s] -- Installing: /home/jezzy/yolobot/install/velodyne_driver/share/velodyne_driver/cmake/ament_cmake_export_targets-extras.cmake
[121.275s] -- Installing: /home/jezzy/yolobot/install/velodyne_driver/share/velodyne_driver/cmake/ament_cmake_export_dependencies-extras.cmake
[121.275s] -- Installing: /home/jezzy/yolobot/install/velodyne_driver/share/velodyne_driver/cmake/velodyne_driverConfig.cmake
[121.276s] -- Installing: /home/jezzy/yolobot/install/velodyne_driver/share/velodyne_driver/cmake/velodyne_driverConfig-version.cmake
[121.276s] -- Installing: /home/jezzy/yolobot/install/velodyne_driver/share/velodyne_driver/package.xml
[121.280s] Invoked command in '/home/jezzy/yolobot/build/velodyne_driver' returned '0': CMAKE_PREFIX_PATH=/home/jezzy/yolobot/install/velodyne_msgs:/home/jezzy/yolobot/install/yolobot_mapping:/home/jezzy/yolobot/install/velodyne:/home/jezzy/yolobot/install/velodyne_pointcloud:/home/jezzy/yolobot/install/velodyne_driver:/home/jezzy/yolobot/install/velodyne_laserscan:/home/jezzy/yolobot/install/yolobot_recognition:/home/jezzy/yolobot/install/yolov8_msgs:/home/jezzy/yolobot/install/yolobot_gazebo:/home/jezzy/yolobot/install/yolobot_description:/home/jezzy/yolobot/install/yolobot_control:/home/jezzy/yolobot/install/husky_custom_description:/home/jezzy/husky_ws/turtlebot3/install/turtlebot3:/home/jezzy/husky_ws/turtlebot3/install/turtlebot3_simulations:/home/jezzy/husky_ws/turtlebot3/install/turtlebot3_bringup:/home/jezzy/husky_ws/turtlebot3/install/turtlebot3_node:/home/jezzy/husky_ws/turtlebot3/install/turtlebot3_navigation2:/home/jezzy/husky_ws/turtlebot3/install/turtlebot3_fake_node:/home/jezzy/husky_ws/turtlebot3/install/turtlebot3_msgs:/home/jezzy/husky_ws/turtlebot3/install/turtlebot3_gazebo:/home/jezzy/husky_ws/turtlebot3/install/turtlebot3_description:/home/jezzy/husky_ws/turtlebot3/install/turtlebot3_cartographer:/home/jezzy/husky_ws/turtlebot3/install/dynamixel_sdk_examples:/home/jezzy/husky_ws/turtlebot3/install/dynamixel_sdk_custom_interfaces:/home/jezzy/husky_ws/turtlebot3/install/dynamixel_sdk:/home/jezzy/yolobot/install/yolobot_fusion:/home/jezzy/yolobot/install/yolobot_navigation:/home/jezzy/husky_ws/lintic/install/yolosed:/home/jezzy/husky_ws/lintic/install/visual:/home/jezzy/husky_ws/lintic/install/segnet:/home/jezzy/husky_ws/turtlebot3/install/turtlebot3_teleop:/home/jezzy/husky_ws/turtlebot3/install/turtlebot3_example:/home/jezzy/husky_ws/turtlebot3/install/segtect:/home/jezzy/husky_ws/turtlebot3/install/autonomous_exploration:/opt/ros/humble LD_LIBRARY_PATH=/home/jezzy/yolobot/install/velodyne_msgs/lib:/home/jezzy/yolobot/install/velodyne_pointcloud/lib:/home/jezzy/yolobot/install/velodyne_driver/lib:/home/jezzy/yolobot/install/velodyne_laserscan/lib:/home/jezzy/yolobot/install/yolov8_msgs/lib:/home/jezzy/husky_ws/turtlebot3/install/turtlebot3_msgs/lib:/home/jezzy/husky_ws/turtlebot3/install/dynamixel_sdk_custom_interfaces/lib:/home/jezzy/husky_ws/turtlebot3/install/dynamixel_sdk/lib:/usr/lib/x86_64-linux-gnu/gazebo-11/plugins:/opt/ros/humble/opt/rviz_ogre_vendor/lib:/opt/ros/humble/lib/x86_64-linux-gnu:/opt/ros/humble/lib:/usr/share/gazebo/../../lib/x86_64-linux-gnu/gazebo-11/plugins:/usr/share/gazebo/../../lib/x86_64-linux-gnu/gazebo-11/plugins:/usr/share/gazebo/../../lib/x86_64-linux-gnu/gazebo-11/plugins:/opt/ros/humble/lib:/usr/share/gazebo/../../lib/x86_64-linux-gnu/gazebo-11/plugins:/usr/share/gazebo/../../lib/x86_64-linux-gnu/gazebo-11/plugins:/usr/share/gazebo/../../lib/x86_64-linux-gnu/gazebo-11/plugins:/opt/ros/humble/lib:/opt/ros/humble/lib /usr/bin/cmake --install /home/jezzy/yolobot/build/velodyne_driver
