[0.099s] Invoking command in '/home/jezzy/yolobot/build/yolov8_msgs': CMAKE_PREFIX_PATH=${CMAKE_PREFIX_PATH}:/home/jezzy/husky_ws/lintic/install/yolosed:/home/jezzy/husky_ws/lintic/install/visual:/home/jezzy/husky_ws/lintic/install/segnet:/home/jezzy/husky_ws/turtlebot3/install/turtlebot3_teleop:/home/jezzy/husky_ws/turtlebot3/install/turtlebot3_example:/home/jezzy/husky_ws/turtlebot3/install/segtect:/home/jezzy/husky_ws/turtlebot3/install/autonomous_exploration:/opt/ros/humble /usr/bin/cmake --build /home/jezzy/yolobot/build/yolov8_msgs -- -j4 -l4
[0.309s] [  2%] Built target yolov8_msgs__cpp
[0.401s] [ 12%] Built target yolov8_msgs__rosidl_generator_c
[0.419s] [ 12%] Built target ament_cmake_python_copy_yolov8_msgs
[0.450s] [ 23%] Built target yolov8_msgs__rosidl_typesupport_fastrtps_cpp
[0.486s] [ 33%] Built target yolov8_msgs__rosidl_typesupport_cpp
[0.545s] [ 43%] Built target yolov8_msgs__rosidl_typesupport_introspection_cpp
[0.586s] [ 53%] Built target yolov8_msgs__rosidl_typesupport_introspection_c
[0.613s] [ 64%] Built target yolov8_msgs__rosidl_typesupport_fastrtps_c
[0.626s] [ 74%] Built target yolov8_msgs__rosidl_typesupport_c
[0.724s] [ 74%] Built target yolov8_msgs
[0.779s] [ 76%] Built target yolov8_msgs__py
[0.856s] [ 84%] Built target yolov8_msgs__rosidl_generator_py
[0.984s] [ 89%] Built target yolov8_msgs__rosidl_typesupport_fastrtps_c__pyext
[0.990s] [ 94%] Built target yolov8_msgs__rosidl_typesupport_introspection_c__pyext
[1.008s] [100%] Built target yolov8_msgs__rosidl_typesupport_c__pyext
[1.525s] running egg_info
[1.527s] writing yolov8_msgs.egg-info/PKG-INFO
[1.527s] writing dependency_links to yolov8_msgs.egg-info/dependency_links.txt
[1.528s] writing top-level names to yolov8_msgs.egg-info/top_level.txt
[1.534s] reading manifest file 'yolov8_msgs.egg-info/SOURCES.txt'
[1.536s] writing manifest file 'yolov8_msgs.egg-info/SOURCES.txt'
[1.604s] [100%] Built target ament_cmake_python_build_yolov8_msgs_egg
[1.626s] Invoked command in '/home/jezzy/yolobot/build/yolov8_msgs' returned '0': CMAKE_PREFIX_PATH=${CMAKE_PREFIX_PATH}:/home/jezzy/husky_ws/lintic/install/yolosed:/home/jezzy/husky_ws/lintic/install/visual:/home/jezzy/husky_ws/lintic/install/segnet:/home/jezzy/husky_ws/turtlebot3/install/turtlebot3_teleop:/home/jezzy/husky_ws/turtlebot3/install/turtlebot3_example:/home/jezzy/husky_ws/turtlebot3/install/segtect:/home/jezzy/husky_ws/turtlebot3/install/autonomous_exploration:/opt/ros/humble /usr/bin/cmake --build /home/jezzy/yolobot/build/yolov8_msgs -- -j4 -l4
[1.632s] Invoking command in '/home/jezzy/yolobot/build/yolov8_msgs': CMAKE_PREFIX_PATH=${CMAKE_PREFIX_PATH}:/home/jezzy/husky_ws/lintic/install/yolosed:/home/jezzy/husky_ws/lintic/install/visual:/home/jezzy/husky_ws/lintic/install/segnet:/home/jezzy/husky_ws/turtlebot3/install/turtlebot3_teleop:/home/jezzy/husky_ws/turtlebot3/install/turtlebot3_example:/home/jezzy/husky_ws/turtlebot3/install/segtect:/home/jezzy/husky_ws/turtlebot3/install/autonomous_exploration:/opt/ros/humble /usr/bin/cmake --install /home/jezzy/yolobot/build/yolov8_msgs
[1.647s] -- Install configuration: ""
[1.648s] -- Up-to-date: /home/jezzy/yolobot/install/yolov8_msgs/share/ament_index/resource_index/rosidl_interfaces/yolov8_msgs
[1.648s] -- Up-to-date: /home/jezzy/yolobot/install/yolov8_msgs/include/yolov8_msgs/yolov8_msgs
[1.649s] -- Up-to-date: /home/jezzy/yolobot/install/yolov8_msgs/include/yolov8_msgs/yolov8_msgs/msg
[1.649s] -- Up-to-date: /home/jezzy/yolobot/install/yolov8_msgs/include/yolov8_msgs/yolov8_msgs/msg/yolov8_inference.h
[1.649s] -- Up-to-date: /home/jezzy/yolobot/install/yolov8_msgs/include/yolov8_msgs/yolov8_msgs/msg/rosidl_generator_c__visibility_control.h
[1.649s] -- Up-to-date: /home/jezzy/yolobot/install/yolov8_msgs/include/yolov8_msgs/yolov8_msgs/msg/detail
[1.650s] -- Up-to-date: /home/jezzy/yolobot/install/yolov8_msgs/include/yolov8_msgs/yolov8_msgs/msg/detail/yolov8_inference__functions.h
[1.651s] -- Up-to-date: /home/jezzy/yolobot/install/yolov8_msgs/include/yolov8_msgs/yolov8_msgs/msg/detail/inference_result__type_support.h
[1.651s] -- Up-to-date: /home/jezzy/yolobot/install/yolov8_msgs/include/yolov8_msgs/yolov8_msgs/msg/detail/inference_result__functions.h
[1.651s] -- Up-to-date: /home/jezzy/yolobot/install/yolov8_msgs/include/yolov8_msgs/yolov8_msgs/msg/detail/yolov8_inference__functions.c
[1.652s] -- Up-to-date: /home/jezzy/yolobot/install/yolov8_msgs/include/yolov8_msgs/yolov8_msgs/msg/detail/yolov8_inference__type_support.h
[1.652s] -- Up-to-date: /home/jezzy/yolobot/install/yolov8_msgs/include/yolov8_msgs/yolov8_msgs/msg/detail/inference_result__struct.h
[1.652s] -- Up-to-date: /home/jezzy/yolobot/install/yolov8_msgs/include/yolov8_msgs/yolov8_msgs/msg/detail/inference_result__functions.c
[1.652s] -- Up-to-date: /home/jezzy/yolobot/install/yolov8_msgs/include/yolov8_msgs/yolov8_msgs/msg/detail/yolov8_inference__struct.h
[1.652s] -- Up-to-date: /home/jezzy/yolobot/install/yolov8_msgs/include/yolov8_msgs/yolov8_msgs/msg/inference_result.h
[1.653s] -- Up-to-date: /home/jezzy/yolobot/install/yolov8_msgs/share/yolov8_msgs/environment/library_path.sh
[1.653s] -- Up-to-date: /home/jezzy/yolobot/install/yolov8_msgs/share/yolov8_msgs/environment/library_path.dsv
[1.653s] -- Up-to-date: /home/jezzy/yolobot/install/yolov8_msgs/lib/libyolov8_msgs__rosidl_generator_c.so
[1.654s] -- Up-to-date: /home/jezzy/yolobot/install/yolov8_msgs/include/yolov8_msgs/yolov8_msgs
[1.655s] -- Up-to-date: /home/jezzy/yolobot/install/yolov8_msgs/include/yolov8_msgs/yolov8_msgs/msg
[1.655s] -- Up-to-date: /home/jezzy/yolobot/install/yolov8_msgs/include/yolov8_msgs/yolov8_msgs/msg/detail
[1.655s] -- Up-to-date: /home/jezzy/yolobot/install/yolov8_msgs/include/yolov8_msgs/yolov8_msgs/msg/detail/inference_result__rosidl_typesupport_fastrtps_c.h
[1.656s] -- Up-to-date: /home/jezzy/yolobot/install/yolov8_msgs/include/yolov8_msgs/yolov8_msgs/msg/detail/yolov8_inference__rosidl_typesupport_fastrtps_c.h
[1.656s] -- Up-to-date: /home/jezzy/yolobot/install/yolov8_msgs/include/yolov8_msgs/yolov8_msgs/msg/rosidl_typesupport_fastrtps_c__visibility_control.h
[1.657s] -- Up-to-date: /home/jezzy/yolobot/install/yolov8_msgs/lib/libyolov8_msgs__rosidl_typesupport_fastrtps_c.so
[1.657s] -- Up-to-date: /home/jezzy/yolobot/install/yolov8_msgs/include/yolov8_msgs/yolov8_msgs
[1.657s] -- Up-to-date: /home/jezzy/yolobot/install/yolov8_msgs/include/yolov8_msgs/yolov8_msgs/msg
[1.658s] -- Up-to-date: /home/jezzy/yolobot/install/yolov8_msgs/include/yolov8_msgs/yolov8_msgs/msg/yolov8_inference.hpp
[1.658s] -- Up-to-date: /home/jezzy/yolobot/install/yolov8_msgs/include/yolov8_msgs/yolov8_msgs/msg/detail
[1.658s] -- Up-to-date: /home/jezzy/yolobot/install/yolov8_msgs/include/yolov8_msgs/yolov8_msgs/msg/detail/inference_result__struct.hpp
[1.659s] -- Up-to-date: /home/jezzy/yolobot/install/yolov8_msgs/include/yolov8_msgs/yolov8_msgs/msg/detail/yolov8_inference__traits.hpp
[1.659s] -- Up-to-date: /home/jezzy/yolobot/install/yolov8_msgs/include/yolov8_msgs/yolov8_msgs/msg/detail/yolov8_inference__builder.hpp
[1.659s] -- Up-to-date: /home/jezzy/yolobot/install/yolov8_msgs/include/yolov8_msgs/yolov8_msgs/msg/detail/inference_result__builder.hpp
[1.659s] -- Up-to-date: /home/jezzy/yolobot/install/yolov8_msgs/include/yolov8_msgs/yolov8_msgs/msg/detail/inference_result__traits.hpp
[1.659s] -- Up-to-date: /home/jezzy/yolobot/install/yolov8_msgs/include/yolov8_msgs/yolov8_msgs/msg/detail/yolov8_inference__type_support.hpp
[1.660s] -- Up-to-date: /home/jezzy/yolobot/install/yolov8_msgs/include/yolov8_msgs/yolov8_msgs/msg/detail/yolov8_inference__struct.hpp
[1.660s] -- Up-to-date: /home/jezzy/yolobot/install/yolov8_msgs/include/yolov8_msgs/yolov8_msgs/msg/detail/inference_result__type_support.hpp
[1.660s] -- Up-to-date: /home/jezzy/yolobot/install/yolov8_msgs/include/yolov8_msgs/yolov8_msgs/msg/inference_result.hpp
[1.661s] -- Up-to-date: /home/jezzy/yolobot/install/yolov8_msgs/include/yolov8_msgs/yolov8_msgs/msg/rosidl_generator_cpp__visibility_control.hpp
[1.661s] -- Up-to-date: /home/jezzy/yolobot/install/yolov8_msgs/include/yolov8_msgs/yolov8_msgs
[1.662s] -- Up-to-date: /home/jezzy/yolobot/install/yolov8_msgs/include/yolov8_msgs/yolov8_msgs/msg
[1.666s] -- Up-to-date: /home/jezzy/yolobot/install/yolov8_msgs/include/yolov8_msgs/yolov8_msgs/msg/rosidl_typesupport_fastrtps_cpp__visibility_control.h
[1.668s] -- Up-to-date: /home/jezzy/yolobot/install/yolov8_msgs/include/yolov8_msgs/yolov8_msgs/msg/detail
[1.668s] -- Up-to-date: /home/jezzy/yolobot/install/yolov8_msgs/include/yolov8_msgs/yolov8_msgs/msg/detail/yolov8_inference__rosidl_typesupport_fastrtps_cpp.hpp
[1.668s] -- Up-to-date: /home/jezzy/yolobot/install/yolov8_msgs/include/yolov8_msgs/yolov8_msgs/msg/detail/dds_fastrtps
[1.669s] -- Up-to-date: /home/jezzy/yolobot/install/yolov8_msgs/include/yolov8_msgs/yolov8_msgs/msg/detail/inference_result__rosidl_typesupport_fastrtps_cpp.hpp
[1.669s] -- Up-to-date: /home/jezzy/yolobot/install/yolov8_msgs/lib/libyolov8_msgs__rosidl_typesupport_fastrtps_cpp.so
[1.669s] -- Up-to-date: /home/jezzy/yolobot/install/yolov8_msgs/include/yolov8_msgs/yolov8_msgs
[1.669s] -- Up-to-date: /home/jezzy/yolobot/install/yolov8_msgs/include/yolov8_msgs/yolov8_msgs/msg
[1.669s] -- Up-to-date: /home/jezzy/yolobot/install/yolov8_msgs/include/yolov8_msgs/yolov8_msgs/msg/rosidl_typesupport_introspection_c__visibility_control.h
[1.670s] -- Up-to-date: /home/jezzy/yolobot/install/yolov8_msgs/include/yolov8_msgs/yolov8_msgs/msg/detail
[1.670s] -- Up-to-date: /home/jezzy/yolobot/install/yolov8_msgs/include/yolov8_msgs/yolov8_msgs/msg/detail/yolov8_inference__rosidl_typesupport_introspection_c.h
[1.670s] -- Up-to-date: /home/jezzy/yolobot/install/yolov8_msgs/include/yolov8_msgs/yolov8_msgs/msg/detail/yolov8_inference__type_support.c
[1.670s] -- Up-to-date: /home/jezzy/yolobot/install/yolov8_msgs/include/yolov8_msgs/yolov8_msgs/msg/detail/inference_result__rosidl_typesupport_introspection_c.h
[1.671s] -- Up-to-date: /home/jezzy/yolobot/install/yolov8_msgs/include/yolov8_msgs/yolov8_msgs/msg/detail/inference_result__type_support.c
[1.671s] -- Up-to-date: /home/jezzy/yolobot/install/yolov8_msgs/lib/libyolov8_msgs__rosidl_typesupport_introspection_c.so
[1.671s] -- Up-to-date: /home/jezzy/yolobot/install/yolov8_msgs/lib/libyolov8_msgs__rosidl_typesupport_c.so
[1.671s] -- Up-to-date: /home/jezzy/yolobot/install/yolov8_msgs/include/yolov8_msgs/yolov8_msgs
[1.671s] -- Up-to-date: /home/jezzy/yolobot/install/yolov8_msgs/include/yolov8_msgs/yolov8_msgs/msg
[1.672s] -- Up-to-date: /home/jezzy/yolobot/install/yolov8_msgs/include/yolov8_msgs/yolov8_msgs/msg/detail
[1.672s] -- Up-to-date: /home/jezzy/yolobot/install/yolov8_msgs/include/yolov8_msgs/yolov8_msgs/msg/detail/yolov8_inference__type_support.cpp
[1.672s] -- Up-to-date: /home/jezzy/yolobot/install/yolov8_msgs/include/yolov8_msgs/yolov8_msgs/msg/detail/inference_result__type_support.cpp
[1.672s] -- Up-to-date: /home/jezzy/yolobot/install/yolov8_msgs/include/yolov8_msgs/yolov8_msgs/msg/detail/yolov8_inference__rosidl_typesupport_introspection_cpp.hpp
[1.672s] -- Up-to-date: /home/jezzy/yolobot/install/yolov8_msgs/include/yolov8_msgs/yolov8_msgs/msg/detail/inference_result__rosidl_typesupport_introspection_cpp.hpp
[1.673s] -- Up-to-date: /home/jezzy/yolobot/install/yolov8_msgs/lib/libyolov8_msgs__rosidl_typesupport_introspection_cpp.so
[1.673s] -- Up-to-date: /home/jezzy/yolobot/install/yolov8_msgs/lib/libyolov8_msgs__rosidl_typesupport_cpp.so
[1.673s] -- Up-to-date: /home/jezzy/yolobot/install/yolov8_msgs/share/yolov8_msgs/environment/pythonpath.sh
[1.673s] -- Up-to-date: /home/jezzy/yolobot/install/yolov8_msgs/share/yolov8_msgs/environment/pythonpath.dsv
[1.673s] -- Up-to-date: /home/jezzy/yolobot/install/yolov8_msgs/local/lib/python3.10/dist-packages/yolov8_msgs-0.0.0-py3.10.egg-info
[1.673s] -- Installing: /home/jezzy/yolobot/install/yolov8_msgs/local/lib/python3.10/dist-packages/yolov8_msgs-0.0.0-py3.10.egg-info/top_level.txt
[1.674s] -- Installing: /home/jezzy/yolobot/install/yolov8_msgs/local/lib/python3.10/dist-packages/yolov8_msgs-0.0.0-py3.10.egg-info/SOURCES.txt
[1.674s] -- Installing: /home/jezzy/yolobot/install/yolov8_msgs/local/lib/python3.10/dist-packages/yolov8_msgs-0.0.0-py3.10.egg-info/dependency_links.txt
[1.674s] -- Installing: /home/jezzy/yolobot/install/yolov8_msgs/local/lib/python3.10/dist-packages/yolov8_msgs-0.0.0-py3.10.egg-info/PKG-INFO
[1.674s] -- Up-to-date: /home/jezzy/yolobot/install/yolov8_msgs/local/lib/python3.10/dist-packages/yolov8_msgs
[1.675s] -- Up-to-date: /home/jezzy/yolobot/install/yolov8_msgs/local/lib/python3.10/dist-packages/yolov8_msgs/_yolov8_msgs_s.ep.rosidl_typesupport_introspection_c.c
[1.675s] -- Up-to-date: /home/jezzy/yolobot/install/yolov8_msgs/local/lib/python3.10/dist-packages/yolov8_msgs/yolov8_msgs_s__rosidl_typesupport_c.cpython-310-x86_64-linux-gnu.so
[1.675s] -- Up-to-date: /home/jezzy/yolobot/install/yolov8_msgs/local/lib/python3.10/dist-packages/yolov8_msgs/yolov8_msgs_s__rosidl_typesupport_introspection_c.cpython-310-x86_64-linux-gnu.so
[1.675s] -- Up-to-date: /home/jezzy/yolobot/install/yolov8_msgs/local/lib/python3.10/dist-packages/yolov8_msgs/_yolov8_msgs_s.ep.rosidl_typesupport_c.c
[1.676s] -- Up-to-date: /home/jezzy/yolobot/install/yolov8_msgs/local/lib/python3.10/dist-packages/yolov8_msgs/msg
[1.676s] -- Up-to-date: /home/jezzy/yolobot/install/yolov8_msgs/local/lib/python3.10/dist-packages/yolov8_msgs/msg/_inference_result_s.c
[1.676s] -- Up-to-date: /home/jezzy/yolobot/install/yolov8_msgs/local/lib/python3.10/dist-packages/yolov8_msgs/msg/_inference_result.py
[1.676s] -- Up-to-date: /home/jezzy/yolobot/install/yolov8_msgs/local/lib/python3.10/dist-packages/yolov8_msgs/msg/__init__.py
[1.676s] -- Up-to-date: /home/jezzy/yolobot/install/yolov8_msgs/local/lib/python3.10/dist-packages/yolov8_msgs/msg/_yolov8_inference.py
[1.676s] -- Up-to-date: /home/jezzy/yolobot/install/yolov8_msgs/local/lib/python3.10/dist-packages/yolov8_msgs/msg/_yolov8_inference_s.c
[1.677s] -- Up-to-date: /home/jezzy/yolobot/install/yolov8_msgs/local/lib/python3.10/dist-packages/yolov8_msgs/libyolov8_msgs__rosidl_generator_py.so
[1.677s] -- Up-to-date: /home/jezzy/yolobot/install/yolov8_msgs/local/lib/python3.10/dist-packages/yolov8_msgs/__init__.py
[1.677s] -- Up-to-date: /home/jezzy/yolobot/install/yolov8_msgs/local/lib/python3.10/dist-packages/yolov8_msgs/_yolov8_msgs_s.ep.rosidl_typesupport_fastrtps_c.c
[1.677s] -- Up-to-date: /home/jezzy/yolobot/install/yolov8_msgs/local/lib/python3.10/dist-packages/yolov8_msgs/yolov8_msgs_s__rosidl_typesupport_fastrtps_c.cpython-310-x86_64-linux-gnu.so
[1.759s] Listing '/home/jezzy/yolobot/install/yolov8_msgs/local/lib/python3.10/dist-packages/yolov8_msgs'...
[1.760s] Listing '/home/jezzy/yolobot/install/yolov8_msgs/local/lib/python3.10/dist-packages/yolov8_msgs/msg'...
[1.770s] -- Up-to-date: /home/jezzy/yolobot/install/yolov8_msgs/local/lib/python3.10/dist-packages/yolov8_msgs/yolov8_msgs_s__rosidl_typesupport_fastrtps_c.cpython-310-x86_64-linux-gnu.so
[1.771s] -- Up-to-date: /home/jezzy/yolobot/install/yolov8_msgs/local/lib/python3.10/dist-packages/yolov8_msgs/yolov8_msgs_s__rosidl_typesupport_introspection_c.cpython-310-x86_64-linux-gnu.so
[1.772s] -- Up-to-date: /home/jezzy/yolobot/install/yolov8_msgs/local/lib/python3.10/dist-packages/yolov8_msgs/yolov8_msgs_s__rosidl_typesupport_c.cpython-310-x86_64-linux-gnu.so
[1.773s] -- Up-to-date: /home/jezzy/yolobot/install/yolov8_msgs/lib/libyolov8_msgs__rosidl_generator_py.so
[1.775s] -- Up-to-date: /home/jezzy/yolobot/install/yolov8_msgs/share/yolov8_msgs/msg/InferenceResult.idl
[1.775s] -- Up-to-date: /home/jezzy/yolobot/install/yolov8_msgs/share/yolov8_msgs/msg/Yolov8Inference.idl
[1.776s] -- Up-to-date: /home/jezzy/yolobot/install/yolov8_msgs/share/yolov8_msgs/msg/InferenceResult.msg
[1.776s] -- Up-to-date: /home/jezzy/yolobot/install/yolov8_msgs/share/yolov8_msgs/msg/Yolov8Inference.msg
[1.777s] -- Up-to-date: /home/jezzy/yolobot/install/yolov8_msgs/share/ament_index/resource_index/package_run_dependencies/yolov8_msgs
[1.778s] -- Up-to-date: /home/jezzy/yolobot/install/yolov8_msgs/share/ament_index/resource_index/parent_prefix_path/yolov8_msgs
[1.779s] -- Up-to-date: /home/jezzy/yolobot/install/yolov8_msgs/share/yolov8_msgs/environment/ament_prefix_path.sh
[1.780s] -- Up-to-date: /home/jezzy/yolobot/install/yolov8_msgs/share/yolov8_msgs/environment/ament_prefix_path.dsv
[1.781s] -- Up-to-date: /home/jezzy/yolobot/install/yolov8_msgs/share/yolov8_msgs/environment/path.sh
[1.781s] -- Up-to-date: /home/jezzy/yolobot/install/yolov8_msgs/share/yolov8_msgs/environment/path.dsv
[1.781s] -- Up-to-date: /home/jezzy/yolobot/install/yolov8_msgs/share/yolov8_msgs/local_setup.bash
[1.781s] -- Up-to-date: /home/jezzy/yolobot/install/yolov8_msgs/share/yolov8_msgs/local_setup.sh
[1.781s] -- Up-to-date: /home/jezzy/yolobot/install/yolov8_msgs/share/yolov8_msgs/local_setup.zsh
[1.782s] -- Up-to-date: /home/jezzy/yolobot/install/yolov8_msgs/share/yolov8_msgs/local_setup.dsv
[1.782s] -- Installing: /home/jezzy/yolobot/install/yolov8_msgs/share/yolov8_msgs/package.dsv
[1.783s] -- Up-to-date: /home/jezzy/yolobot/install/yolov8_msgs/share/ament_index/resource_index/packages/yolov8_msgs
[1.783s] -- Up-to-date: /home/jezzy/yolobot/install/yolov8_msgs/share/yolov8_msgs/cmake/export_yolov8_msgs__rosidl_generator_cExport.cmake
[1.783s] -- Up-to-date: /home/jezzy/yolobot/install/yolov8_msgs/share/yolov8_msgs/cmake/export_yolov8_msgs__rosidl_generator_cExport-noconfig.cmake
[1.784s] -- Up-to-date: /home/jezzy/yolobot/install/yolov8_msgs/share/yolov8_msgs/cmake/export_yolov8_msgs__rosidl_typesupport_fastrtps_cExport.cmake
[1.784s] -- Up-to-date: /home/jezzy/yolobot/install/yolov8_msgs/share/yolov8_msgs/cmake/export_yolov8_msgs__rosidl_typesupport_fastrtps_cExport-noconfig.cmake
[1.786s] -- Up-to-date: /home/jezzy/yolobot/install/yolov8_msgs/share/yolov8_msgs/cmake/export_yolov8_msgs__rosidl_generator_cppExport.cmake
[1.787s] -- Up-to-date: /home/jezzy/yolobot/install/yolov8_msgs/share/yolov8_msgs/cmake/export_yolov8_msgs__rosidl_typesupport_fastrtps_cppExport.cmake
[1.793s] -- Up-to-date: /home/jezzy/yolobot/install/yolov8_msgs/share/yolov8_msgs/cmake/export_yolov8_msgs__rosidl_typesupport_fastrtps_cppExport-noconfig.cmake
[1.794s] -- Up-to-date: /home/jezzy/yolobot/install/yolov8_msgs/share/yolov8_msgs/cmake/yolov8_msgs__rosidl_typesupport_introspection_cExport.cmake
[1.796s] -- Up-to-date: /home/jezzy/yolobot/install/yolov8_msgs/share/yolov8_msgs/cmake/yolov8_msgs__rosidl_typesupport_introspection_cExport-noconfig.cmake
[1.813s] -- Up-to-date: /home/jezzy/yolobot/install/yolov8_msgs/share/yolov8_msgs/cmake/yolov8_msgs__rosidl_typesupport_cExport.cmake
[1.814s] -- Up-to-date: /home/jezzy/yolobot/install/yolov8_msgs/share/yolov8_msgs/cmake/yolov8_msgs__rosidl_typesupport_cExport-noconfig.cmake
[1.815s] -- Up-to-date: /home/jezzy/yolobot/install/yolov8_msgs/share/yolov8_msgs/cmake/yolov8_msgs__rosidl_typesupport_introspection_cppExport.cmake
[1.816s] -- Up-to-date: /home/jezzy/yolobot/install/yolov8_msgs/share/yolov8_msgs/cmake/yolov8_msgs__rosidl_typesupport_introspection_cppExport-noconfig.cmake
[1.817s] -- Up-to-date: /home/jezzy/yolobot/install/yolov8_msgs/share/yolov8_msgs/cmake/yolov8_msgs__rosidl_typesupport_cppExport.cmake
[1.818s] -- Up-to-date: /home/jezzy/yolobot/install/yolov8_msgs/share/yolov8_msgs/cmake/yolov8_msgs__rosidl_typesupport_cppExport-noconfig.cmake
[1.818s] -- Up-to-date: /home/jezzy/yolobot/install/yolov8_msgs/share/yolov8_msgs/cmake/export_yolov8_msgs__rosidl_generator_pyExport.cmake
[1.818s] -- Up-to-date: /home/jezzy/yolobot/install/yolov8_msgs/share/yolov8_msgs/cmake/export_yolov8_msgs__rosidl_generator_pyExport-noconfig.cmake
[1.819s] -- Up-to-date: /home/jezzy/yolobot/install/yolov8_msgs/share/yolov8_msgs/cmake/rosidl_cmake-extras.cmake
[1.820s] -- Up-to-date: /home/jezzy/yolobot/install/yolov8_msgs/share/yolov8_msgs/cmake/ament_cmake_export_dependencies-extras.cmake
[1.820s] -- Up-to-date: /home/jezzy/yolobot/install/yolov8_msgs/share/yolov8_msgs/cmake/ament_cmake_export_include_directories-extras.cmake
[1.821s] -- Up-to-date: /home/jezzy/yolobot/install/yolov8_msgs/share/yolov8_msgs/cmake/ament_cmake_export_libraries-extras.cmake
[1.821s] -- Up-to-date: /home/jezzy/yolobot/install/yolov8_msgs/share/yolov8_msgs/cmake/ament_cmake_export_targets-extras.cmake
[1.821s] -- Up-to-date: /home/jezzy/yolobot/install/yolov8_msgs/share/yolov8_msgs/cmake/rosidl_cmake_export_typesupport_targets-extras.cmake
[1.823s] -- Up-to-date: /home/jezzy/yolobot/install/yolov8_msgs/share/yolov8_msgs/cmake/rosidl_cmake_export_typesupport_libraries-extras.cmake
[1.824s] -- Up-to-date: /home/jezzy/yolobot/install/yolov8_msgs/share/yolov8_msgs/cmake/yolov8_msgsConfig.cmake
[1.827s] -- Up-to-date: /home/jezzy/yolobot/install/yolov8_msgs/share/yolov8_msgs/cmake/yolov8_msgsConfig-version.cmake
[1.828s] -- Up-to-date: /home/jezzy/yolobot/install/yolov8_msgs/share/yolov8_msgs/package.xml
[1.830s] Invoked command in '/home/jezzy/yolobot/build/yolov8_msgs' returned '0': CMAKE_PREFIX_PATH=${CMAKE_PREFIX_PATH}:/home/jezzy/husky_ws/lintic/install/yolosed:/home/jezzy/husky_ws/lintic/install/visual:/home/jezzy/husky_ws/lintic/install/segnet:/home/jezzy/husky_ws/turtlebot3/install/turtlebot3_teleop:/home/jezzy/husky_ws/turtlebot3/install/turtlebot3_example:/home/jezzy/husky_ws/turtlebot3/install/segtect:/home/jezzy/husky_ws/turtlebot3/install/autonomous_exploration:/opt/ros/humble /usr/bin/cmake --install /home/jezzy/yolobot/build/yolov8_msgs
