[0.064s] Invoking command in '/home/jezzy/yolobot/build/yolobot_control': CMAKE_PREFIX_PATH=${CMAKE_PREFIX_PATH}:/home/jezzy/yolobot/install/yolobot_fusion:/home/jezzy/yolobot/install/yolobot_navigation:/home/jezzy/husky_ws/lintic/install/yolosed:/home/jezzy/husky_ws/lintic/install/visual:/home/jezzy/husky_ws/lintic/install/segnet:/home/jezzy/husky_ws/turtlebot3/install/turtlebot3_teleop:/home/jezzy/husky_ws/turtlebot3/install/turtlebot3_example:/home/jezzy/husky_ws/turtlebot3/install/segtect:/home/jezzy/husky_ws/turtlebot3/install/autonomous_exploration:/opt/ros/humble /usr/bin/cmake /home/jezzy/yolobot/src/yolobot_control -DCMAKE_INSTALL_PREFIX=/home/jezzy/yolobot/install/yolobot_control
[1.169s] -- The C compiler identification is GNU 11.4.0
[3.229s] -- The CXX compiler identification is GNU 11.4.0
[4.373s] -- Detecting C compiler ABI info
[4.942s] -- Detecting C compiler ABI info - done
[4.987s] -- Check for working C compiler: /usr/bin/cc - skipped
[4.988s] -- Detecting C compile features
[4.989s] -- Detecting C compile features - done
[5.004s] -- Detecting CXX compiler ABI info
[6.095s] -- Detecting CXX compiler ABI info - done
[6.131s] -- Check for working CXX compiler: /usr/bin/c++ - skipped
[6.132s] -- Detecting CXX compile features
[6.134s] -- Detecting CXX compile features - done
[6.145s] -- Found ament_cmake: 1.3.11 (/opt/ros/humble/share/ament_cmake/cmake)
[6.868s] -- Found Python3: /usr/bin/python3 (found version "3.10.12") found components: Interpreter 
[7.493s] -- Found ament_lint_auto: 0.12.12 (/opt/ros/humble/share/ament_lint_auto/cmake)
[8.435s] -- Added test 'copyright' to check source files copyright and LICENSE
[8.500s] -- Added test 'flake8' to check Python code syntax and style conventions
[8.500s] -- Added test 'lint_cmake' to check CMake code style
[8.501s] -- Added test 'pep257' to check Python code against some of the docstring style conventions in PEP 257
[8.529s] -- Added test 'xmllint' to check XML markup files
[8.617s] -- Configuring done
[8.667s] -- Generating done
[8.679s] -- Build files have been written to: /home/jezzy/yolobot/build/yolobot_control
[8.731s] Invoked command in '/home/jezzy/yolobot/build/yolobot_control' returned '0': CMAKE_PREFIX_PATH=${CMAKE_PREFIX_PATH}:/home/jezzy/yolobot/install/yolobot_fusion:/home/jezzy/yolobot/install/yolobot_navigation:/home/jezzy/husky_ws/lintic/install/yolosed:/home/jezzy/husky_ws/lintic/install/visual:/home/jezzy/husky_ws/lintic/install/segnet:/home/jezzy/husky_ws/turtlebot3/install/turtlebot3_teleop:/home/jezzy/husky_ws/turtlebot3/install/turtlebot3_example:/home/jezzy/husky_ws/turtlebot3/install/segtect:/home/jezzy/husky_ws/turtlebot3/install/autonomous_exploration:/opt/ros/humble /usr/bin/cmake /home/jezzy/yolobot/src/yolobot_control -DCMAKE_INSTALL_PREFIX=/home/jezzy/yolobot/install/yolobot_control
[8.732s] Invoking command in '/home/jezzy/yolobot/build/yolobot_control': CMAKE_PREFIX_PATH=${CMAKE_PREFIX_PATH}:/home/jezzy/yolobot/install/yolobot_fusion:/home/jezzy/yolobot/install/yolobot_navigation:/home/jezzy/husky_ws/lintic/install/yolosed:/home/jezzy/husky_ws/lintic/install/visual:/home/jezzy/husky_ws/lintic/install/segnet:/home/jezzy/husky_ws/turtlebot3/install/turtlebot3_teleop:/home/jezzy/husky_ws/turtlebot3/install/turtlebot3_example:/home/jezzy/husky_ws/turtlebot3/install/segtect:/home/jezzy/husky_ws/turtlebot3/install/autonomous_exploration:/opt/ros/humble /usr/bin/cmake --build /home/jezzy/yolobot/build/yolobot_control -- -j4 -l4
[9.037s] Invoked command in '/home/jezzy/yolobot/build/yolobot_control' returned '0': CMAKE_PREFIX_PATH=${CMAKE_PREFIX_PATH}:/home/jezzy/yolobot/install/yolobot_fusion:/home/jezzy/yolobot/install/yolobot_navigation:/home/jezzy/husky_ws/lintic/install/yolosed:/home/jezzy/husky_ws/lintic/install/visual:/home/jezzy/husky_ws/lintic/install/segnet:/home/jezzy/husky_ws/turtlebot3/install/turtlebot3_teleop:/home/jezzy/husky_ws/turtlebot3/install/turtlebot3_example:/home/jezzy/husky_ws/turtlebot3/install/segtect:/home/jezzy/husky_ws/turtlebot3/install/autonomous_exploration:/opt/ros/humble /usr/bin/cmake --build /home/jezzy/yolobot/build/yolobot_control -- -j4 -l4
[9.038s] Invoking command in '/home/jezzy/yolobot/build/yolobot_control': CMAKE_PREFIX_PATH=${CMAKE_PREFIX_PATH}:/home/jezzy/yolobot/install/yolobot_fusion:/home/jezzy/yolobot/install/yolobot_navigation:/home/jezzy/husky_ws/lintic/install/yolosed:/home/jezzy/husky_ws/lintic/install/visual:/home/jezzy/husky_ws/lintic/install/segnet:/home/jezzy/husky_ws/turtlebot3/install/turtlebot3_teleop:/home/jezzy/husky_ws/turtlebot3/install/turtlebot3_example:/home/jezzy/husky_ws/turtlebot3/install/segtect:/home/jezzy/husky_ws/turtlebot3/install/autonomous_exploration:/opt/ros/humble /usr/bin/cmake --install /home/jezzy/yolobot/build/yolobot_control
[9.084s] -- Install configuration: ""
[9.096s] -- Installing: /home/jezzy/yolobot/install/yolobot_control/share/yolobot_control//scripts
[9.101s] -- Installing: /home/jezzy/yolobot/install/yolobot_control/share/yolobot_control//scripts/robot_control.py
[9.102s] -- Installing: /home/jezzy/yolobot/install/yolobot_control/share/yolobot_control//launch
[9.104s] -- Installing: /home/jezzy/yolobot/install/yolobot_control/share/yolobot_control//launch/yolobot_control.launch.py
[9.109s] -- Installing: /home/jezzy/yolobot/install/yolobot_control/lib/yolobot_control/robot_control.py
[9.141s] -- Installing: /home/jezzy/yolobot/install/yolobot_control/lib/yolobot_control/yolobot_control.launch.py
[9.141s] -- Installing: /home/jezzy/yolobot/install/yolobot_control/share/ament_index/resource_index/package_run_dependencies/yolobot_control
[9.142s] -- Installing: /home/jezzy/yolobot/install/yolobot_control/share/ament_index/resource_index/parent_prefix_path/yolobot_control
[9.142s] -- Installing: /home/jezzy/yolobot/install/yolobot_control/share/yolobot_control/environment/ament_prefix_path.sh
[9.142s] -- Installing: /home/jezzy/yolobot/install/yolobot_control/share/yolobot_control/environment/ament_prefix_path.dsv
[9.143s] -- Installing: /home/jezzy/yolobot/install/yolobot_control/share/yolobot_control/environment/path.sh
[9.143s] -- Installing: /home/jezzy/yolobot/install/yolobot_control/share/yolobot_control/environment/path.dsv
[9.143s] -- Installing: /home/jezzy/yolobot/install/yolobot_control/share/yolobot_control/local_setup.bash
[9.143s] -- Installing: /home/jezzy/yolobot/install/yolobot_control/share/yolobot_control/local_setup.sh
[9.144s] -- Installing: /home/jezzy/yolobot/install/yolobot_control/share/yolobot_control/local_setup.zsh
[9.145s] -- Installing: /home/jezzy/yolobot/install/yolobot_control/share/yolobot_control/local_setup.dsv
[9.146s] -- Installing: /home/jezzy/yolobot/install/yolobot_control/share/yolobot_control/package.dsv
[9.155s] -- Installing: /home/jezzy/yolobot/install/yolobot_control/share/ament_index/resource_index/packages/yolobot_control
[9.157s] -- Installing: /home/jezzy/yolobot/install/yolobot_control/share/yolobot_control/cmake/yolobot_controlConfig.cmake
[9.157s] -- Installing: /home/jezzy/yolobot/install/yolobot_control/share/yolobot_control/cmake/yolobot_controlConfig-version.cmake
[9.158s] -- Installing: /home/jezzy/yolobot/install/yolobot_control/share/yolobot_control/package.xml
[9.204s] Invoked command in '/home/jezzy/yolobot/build/yolobot_control' returned '0': CMAKE_PREFIX_PATH=${CMAKE_PREFIX_PATH}:/home/jezzy/yolobot/install/yolobot_fusion:/home/jezzy/yolobot/install/yolobot_navigation:/home/jezzy/husky_ws/lintic/install/yolosed:/home/jezzy/husky_ws/lintic/install/visual:/home/jezzy/husky_ws/lintic/install/segnet:/home/jezzy/husky_ws/turtlebot3/install/turtlebot3_teleop:/home/jezzy/husky_ws/turtlebot3/install/turtlebot3_example:/home/jezzy/husky_ws/turtlebot3/install/segtect:/home/jezzy/husky_ws/turtlebot3/install/autonomous_exploration:/opt/ros/humble /usr/bin/cmake --install /home/jezzy/yolobot/build/yolobot_control
