running egg_info
writing ../../build/yolobot_fusion/yolobot_fusion.egg-info/PKG-INFO
writing dependency_links to ../../build/yolobot_fusion/yolobot_fusion.egg-info/dependency_links.txt
writing entry points to ../../build/yolobot_fusion/yolobot_fusion.egg-info/entry_points.txt
writing requirements to ../../build/yolobot_fusion/yolobot_fusion.egg-info/requires.txt
writing top-level names to ../../build/yolobot_fusion/yolobot_fusion.egg-info/top_level.txt
reading manifest file '../../build/yolobot_fusion/yolobot_fusion.egg-info/SOURCES.txt'
writing manifest file '../../build/yolobot_fusion/yolobot_fusion.egg-info/SOURCES.txt'
running build
running build_py
copying yolobot_fusion/fusion_node.py -> /home/jezzy/yolobot/build/yolobot_fusion/build/lib/yolobot_fusion
running install
running install_lib
copying /home/jezzy/yolobot/build/yolobot_fusion/build/lib/yolobot_fusion/fusion_node.py -> /home/jezzy/yolobot/install/yolobot_fusion/lib/python3.10/site-packages/yolobot_fusion
byte-compiling /home/jezzy/yolobot/install/yolobot_fusion/lib/python3.10/site-packages/yolobot_fusion/fusion_node.py to fusion_node.cpython-310.pyc
running install_data
copying package.xml -> /home/jezzy/yolobot/install/yolobot_fusion/share/yolobot_fusion
running install_egg_info
removing '/home/jezzy/yolobot/install/yolobot_fusion/lib/python3.10/site-packages/yolobot_fusion-0.0.0-py3.10.egg-info' (and everything under it)
Copying ../../build/yolobot_fusion/yolobot_fusion.egg-info to /home/jezzy/yolobot/install/yolobot_fusion/lib/python3.10/site-packages/yolobot_fusion-0.0.0-py3.10.egg-info
running install_scripts
Installing fusion_node.py script to /home/jezzy/yolobot/install/yolobot_fusion/lib/yolobot_fusion
writing list of installed files to '/home/jezzy/yolobot/build/yolobot_fusion/install.log'
