[2.294s] Invoking command in '/home/jezzy/yolobot/src/yolobot_fusion': AMENT_PREFIX_PATH=/home/jezzy/yolobot/install/yolov12_msgs:${AMENT_PREFIX_PATH} CMAKE_PREFIX_PATH=/home/jezzy/yolobot/install/yolov12_msgs:${CMAKE_PREFIX_PATH} LD_LIBRARY_PATH=/home/jezzy/yolobot/install/yolov12_msgs/lib:/home/jezzy/yolobot/install/yolov8_msgs/lib:/home/jezzy/yolobot/install/velodyne_pointcloud/lib:/home/jezzy/yolobot/install/velodyne_driver/lib:/home/jezzy/yolobot/install/velodyne_msgs/lib:/home/jezzy/yolobot/install/velodyne_laserscan/lib:/home/jezzy/yolobot/install/lio_sam/lib:/home/jezzy/husky_ws/turtlebot3/install/turtlebot3_msgs/lib:/home/jezzy/husky_ws/turtlebot3/install/dynamixel_sdk_custom_interfaces/lib:/home/jezzy/husky_ws/turtlebot3/install/dynamixel_sdk/lib:/usr/lib/x86_64-linux-gnu/gazebo-11/plugins:/opt/ros/humble/opt/rviz_ogre_vendor/lib:/opt/ros/humble/lib/x86_64-linux-gnu:/opt/ros/humble/lib:/usr/share/gazebo/../../lib/x86_64-linux-gnu/gazebo-11/plugins PYTHONPATH=/home/jezzy/yolobot/build/yolobot_fusion/prefix_override:/usr/lib/python3/dist-packages/colcon_core/task/python/colcon_distutils_commands:/home/jezzy/yolobot/install/yolobot_fusion/lib/python3.10/site-packages:/home/jezzy/yolobot/install/yolov12_msgs/local/lib/python3.10/dist-packages:${PYTHONPATH} /usr/bin/python3 -W ignore:setup.py install is deprecated -W ignore:easy_install command is deprecated setup.py egg_info --egg-base ../../build/yolobot_fusion build --build-base /home/jezzy/yolobot/build/yolobot_fusion/build install --record /home/jezzy/yolobot/build/yolobot_fusion/install.log --single-version-externally-managed install_data
[2.863s] running egg_info
[2.864s] writing ../../build/yolobot_fusion/yolobot_fusion.egg-info/PKG-INFO
[2.865s] writing dependency_links to ../../build/yolobot_fusion/yolobot_fusion.egg-info/dependency_links.txt
[2.866s] writing entry points to ../../build/yolobot_fusion/yolobot_fusion.egg-info/entry_points.txt
[2.867s] writing requirements to ../../build/yolobot_fusion/yolobot_fusion.egg-info/requires.txt
[2.867s] writing top-level names to ../../build/yolobot_fusion/yolobot_fusion.egg-info/top_level.txt
[2.870s] reading manifest file '../../build/yolobot_fusion/yolobot_fusion.egg-info/SOURCES.txt'
[2.877s] writing manifest file '../../build/yolobot_fusion/yolobot_fusion.egg-info/SOURCES.txt'
[2.878s] running build
[2.878s] running build_py
[2.878s] copying yolobot_fusion/fusion_node.py -> /home/jezzy/yolobot/build/yolobot_fusion/build/lib/yolobot_fusion
[2.879s] running install
[2.880s] running install_lib
[2.884s] copying /home/jezzy/yolobot/build/yolobot_fusion/build/lib/yolobot_fusion/fusion_node.py -> /home/jezzy/yolobot/install/yolobot_fusion/lib/python3.10/site-packages/yolobot_fusion
[2.887s] byte-compiling /home/jezzy/yolobot/install/yolobot_fusion/lib/python3.10/site-packages/yolobot_fusion/fusion_node.py to fusion_node.cpython-310.pyc
[2.890s] running install_data
[2.890s] copying package.xml -> /home/jezzy/yolobot/install/yolobot_fusion/share/yolobot_fusion
[2.891s] running install_egg_info
[2.894s] removing '/home/jezzy/yolobot/install/yolobot_fusion/lib/python3.10/site-packages/yolobot_fusion-0.0.0-py3.10.egg-info' (and everything under it)
[2.895s] Copying ../../build/yolobot_fusion/yolobot_fusion.egg-info to /home/jezzy/yolobot/install/yolobot_fusion/lib/python3.10/site-packages/yolobot_fusion-0.0.0-py3.10.egg-info
[2.897s] running install_scripts
[2.934s] Installing fusion_node.py script to /home/jezzy/yolobot/install/yolobot_fusion/lib/yolobot_fusion
[2.935s] writing list of installed files to '/home/jezzy/yolobot/build/yolobot_fusion/install.log'
[2.983s] Invoked command in '/home/jezzy/yolobot/src/yolobot_fusion' returned '0': AMENT_PREFIX_PATH=/home/jezzy/yolobot/install/yolov12_msgs:${AMENT_PREFIX_PATH} CMAKE_PREFIX_PATH=/home/jezzy/yolobot/install/yolov12_msgs:${CMAKE_PREFIX_PATH} LD_LIBRARY_PATH=/home/jezzy/yolobot/install/yolov12_msgs/lib:/home/jezzy/yolobot/install/yolov8_msgs/lib:/home/jezzy/yolobot/install/velodyne_pointcloud/lib:/home/jezzy/yolobot/install/velodyne_driver/lib:/home/jezzy/yolobot/install/velodyne_msgs/lib:/home/jezzy/yolobot/install/velodyne_laserscan/lib:/home/jezzy/yolobot/install/lio_sam/lib:/home/jezzy/husky_ws/turtlebot3/install/turtlebot3_msgs/lib:/home/jezzy/husky_ws/turtlebot3/install/dynamixel_sdk_custom_interfaces/lib:/home/jezzy/husky_ws/turtlebot3/install/dynamixel_sdk/lib:/usr/lib/x86_64-linux-gnu/gazebo-11/plugins:/opt/ros/humble/opt/rviz_ogre_vendor/lib:/opt/ros/humble/lib/x86_64-linux-gnu:/opt/ros/humble/lib:/usr/share/gazebo/../../lib/x86_64-linux-gnu/gazebo-11/plugins PYTHONPATH=/home/jezzy/yolobot/build/yolobot_fusion/prefix_override:/usr/lib/python3/dist-packages/colcon_core/task/python/colcon_distutils_commands:/home/jezzy/yolobot/install/yolobot_fusion/lib/python3.10/site-packages:/home/jezzy/yolobot/install/yolov12_msgs/local/lib/python3.10/dist-packages:${PYTHONPATH} /usr/bin/python3 -W ignore:setup.py install is deprecated -W ignore:easy_install command is deprecated setup.py egg_info --egg-base ../../build/yolobot_fusion build --build-base /home/jezzy/yolobot/build/yolobot_fusion/build install --record /home/jezzy/yolobot/build/yolobot_fusion/install.log --single-version-externally-managed install_data
