[0.063s] Invoking command in '/home/jezzy/yolobot/build/yolobot_control': CMAKE_PREFIX_PATH=${CMAKE_PREFIX_PATH}:/home/jezzy/husky_ws/lintic/install/yolosed:/home/jezzy/husky_ws/lintic/install/visual:/home/jezzy/husky_ws/lintic/install/segnet:/home/jezzy/husky_ws/turtlebot3/install/turtlebot3_teleop:/home/jezzy/husky_ws/turtlebot3/install/turtlebot3_example:/home/jezzy/husky_ws/turtlebot3/install/segtect:/home/jezzy/husky_ws/turtlebot3/install/autonomous_exploration:/opt/ros/humble /usr/bin/cmake /home/jezzy/yolobot/src/yolobot_control -DCMAKE_INSTALL_PREFIX=/home/jezzy/yolobot/install/yolobot_control
[0.544s] -- The C compiler identification is GNU 11.4.0
[1.964s] -- The CXX compiler identification is GNU 11.4.0
[3.067s] -- Detecting C compiler ABI info
[3.559s] -- Detecting C compiler ABI info - done
[3.594s] -- Check for working C compiler: /usr/bin/cc - skipped
[3.599s] -- Detecting C compile features
[3.603s] -- Detecting C compile features - done
[3.613s] -- Detecting CXX compiler ABI info
[4.106s] -- Detecting CXX compiler ABI info - done
[4.151s] -- Check for working CXX compiler: /usr/bin/c++ - skipped
[4.151s] -- Detecting CXX compile features
[4.153s] -- Detecting CXX compile features - done
[4.167s] -- Found ament_cmake: 1.3.11 (/opt/ros/humble/share/ament_cmake/cmake)
[4.776s] -- Found Python3: /usr/bin/python3 (found version "3.10.12") found components: Interpreter 
[5.178s] -- Found ament_lint_auto: 0.12.12 (/opt/ros/humble/share/ament_lint_auto/cmake)
[5.573s] -- Added test 'copyright' to check source files copyright and LICENSE
[5.583s] -- Added test 'flake8' to check Python code syntax and style conventions
[5.590s] -- Added test 'lint_cmake' to check CMake code style
[5.592s] -- Added test 'pep257' to check Python code against some of the docstring style conventions in PEP 257
[5.601s] -- Added test 'xmllint' to check XML markup files
[5.610s] -- Configuring done
[5.628s] -- Generating done
[5.645s] -- Build files have been written to: /home/jezzy/yolobot/build/yolobot_control
[5.666s] Invoked command in '/home/jezzy/yolobot/build/yolobot_control' returned '0': CMAKE_PREFIX_PATH=${CMAKE_PREFIX_PATH}:/home/jezzy/husky_ws/lintic/install/yolosed:/home/jezzy/husky_ws/lintic/install/visual:/home/jezzy/husky_ws/lintic/install/segnet:/home/jezzy/husky_ws/turtlebot3/install/turtlebot3_teleop:/home/jezzy/husky_ws/turtlebot3/install/turtlebot3_example:/home/jezzy/husky_ws/turtlebot3/install/segtect:/home/jezzy/husky_ws/turtlebot3/install/autonomous_exploration:/opt/ros/humble /usr/bin/cmake /home/jezzy/yolobot/src/yolobot_control -DCMAKE_INSTALL_PREFIX=/home/jezzy/yolobot/install/yolobot_control
[5.667s] Invoking command in '/home/jezzy/yolobot/build/yolobot_control': CMAKE_PREFIX_PATH=${CMAKE_PREFIX_PATH}:/home/jezzy/husky_ws/lintic/install/yolosed:/home/jezzy/husky_ws/lintic/install/visual:/home/jezzy/husky_ws/lintic/install/segnet:/home/jezzy/husky_ws/turtlebot3/install/turtlebot3_teleop:/home/jezzy/husky_ws/turtlebot3/install/turtlebot3_example:/home/jezzy/husky_ws/turtlebot3/install/segtect:/home/jezzy/husky_ws/turtlebot3/install/autonomous_exploration:/opt/ros/humble /usr/bin/cmake --build /home/jezzy/yolobot/build/yolobot_control -- -j4 -l4
[5.800s] Invoked command in '/home/jezzy/yolobot/build/yolobot_control' returned '0': CMAKE_PREFIX_PATH=${CMAKE_PREFIX_PATH}:/home/jezzy/husky_ws/lintic/install/yolosed:/home/jezzy/husky_ws/lintic/install/visual:/home/jezzy/husky_ws/lintic/install/segnet:/home/jezzy/husky_ws/turtlebot3/install/turtlebot3_teleop:/home/jezzy/husky_ws/turtlebot3/install/turtlebot3_example:/home/jezzy/husky_ws/turtlebot3/install/segtect:/home/jezzy/husky_ws/turtlebot3/install/autonomous_exploration:/opt/ros/humble /usr/bin/cmake --build /home/jezzy/yolobot/build/yolobot_control -- -j4 -l4
[5.825s] Invoking command in '/home/jezzy/yolobot/build/yolobot_control': CMAKE_PREFIX_PATH=${CMAKE_PREFIX_PATH}:/home/jezzy/husky_ws/lintic/install/yolosed:/home/jezzy/husky_ws/lintic/install/visual:/home/jezzy/husky_ws/lintic/install/segnet:/home/jezzy/husky_ws/turtlebot3/install/turtlebot3_teleop:/home/jezzy/husky_ws/turtlebot3/install/turtlebot3_example:/home/jezzy/husky_ws/turtlebot3/install/segtect:/home/jezzy/husky_ws/turtlebot3/install/autonomous_exploration:/opt/ros/humble /usr/bin/cmake --install /home/jezzy/yolobot/build/yolobot_control
[5.872s] -- Install configuration: ""
[5.876s] -- Installing: /home/jezzy/yolobot/install/yolobot_control/share/yolobot_control//scripts
[5.897s] -- Installing: /home/jezzy/yolobot/install/yolobot_control/share/yolobot_control//scripts/robot_control.py
[5.898s] -- Installing: /home/jezzy/yolobot/install/yolobot_control/share/yolobot_control//launch
[5.901s] -- Installing: /home/jezzy/yolobot/install/yolobot_control/share/yolobot_control//launch/yolobot_control.launch.py
[5.902s] -- Installing: /home/jezzy/yolobot/install/yolobot_control/lib/yolobot_control/robot_control.py
[5.902s] -- Installing: /home/jezzy/yolobot/install/yolobot_control/lib/yolobot_control/yolobot_control.launch.py
[5.903s] -- Installing: /home/jezzy/yolobot/install/yolobot_control/share/ament_index/resource_index/package_run_dependencies/yolobot_control
[5.903s] -- Installing: /home/jezzy/yolobot/install/yolobot_control/share/ament_index/resource_index/parent_prefix_path/yolobot_control
[5.910s] -- Installing: /home/jezzy/yolobot/install/yolobot_control/share/yolobot_control/environment/ament_prefix_path.sh
[5.911s] -- Installing: /home/jezzy/yolobot/install/yolobot_control/share/yolobot_control/environment/ament_prefix_path.dsv
[5.913s] -- Installing: /home/jezzy/yolobot/install/yolobot_control/share/yolobot_control/environment/path.sh
[5.917s] -- Installing: /home/jezzy/yolobot/install/yolobot_control/share/yolobot_control/environment/path.dsv
[5.917s] -- Installing: /home/jezzy/yolobot/install/yolobot_control/share/yolobot_control/local_setup.bash
[5.919s] -- Installing: /home/jezzy/yolobot/install/yolobot_control/share/yolobot_control/local_setup.sh
[5.921s] -- Installing: /home/jezzy/yolobot/install/yolobot_control/share/yolobot_control/local_setup.zsh
[5.925s] -- Installing: /home/jezzy/yolobot/install/yolobot_control/share/yolobot_control/local_setup.dsv
[5.929s] -- Installing: /home/jezzy/yolobot/install/yolobot_control/share/yolobot_control/package.dsv
[5.930s] -- Installing: /home/jezzy/yolobot/install/yolobot_control/share/ament_index/resource_index/packages/yolobot_control
[5.930s] -- Installing: /home/jezzy/yolobot/install/yolobot_control/share/yolobot_control/cmake/yolobot_controlConfig.cmake
[5.931s] -- Installing: /home/jezzy/yolobot/install/yolobot_control/share/yolobot_control/cmake/yolobot_controlConfig-version.cmake
[5.933s] -- Installing: /home/jezzy/yolobot/install/yolobot_control/share/yolobot_control/package.xml
[6.000s] Invoked command in '/home/jezzy/yolobot/build/yolobot_control' returned '0': CMAKE_PREFIX_PATH=${CMAKE_PREFIX_PATH}:/home/jezzy/husky_ws/lintic/install/yolosed:/home/jezzy/husky_ws/lintic/install/visual:/home/jezzy/husky_ws/lintic/install/segnet:/home/jezzy/husky_ws/turtlebot3/install/turtlebot3_teleop:/home/jezzy/husky_ws/turtlebot3/install/turtlebot3_example:/home/jezzy/husky_ws/turtlebot3/install/segtect:/home/jezzy/husky_ws/turtlebot3/install/autonomous_exploration:/opt/ros/humble /usr/bin/cmake --install /home/jezzy/yolobot/build/yolobot_control
