[0.066s] Invoking command in '/home/jezzy/huskybot/build/yolov12_msgs': CMAKE_PREFIX_PATH=${CMAKE_PREFIX_PATH}:/home/jezzy/huskybot/install/huskybot_fusion:/home/jezzy/huskybot/install/huskybot_navigation:/home/jezzy/husky_ws/lintic/install/yolosed:/home/jezzy/husky_ws/lintic/install/visual:/home/jezzy/husky_ws/lintic/install/segnet:/home/jezzy/husky_ws/turtlebot3/install/turtlebot3_teleop:/home/jezzy/husky_ws/turtlebot3/install/turtlebot3_example:/home/jezzy/husky_ws/turtlebot3/install/segtect:/home/jezzy/husky_ws/turtlebot3/install/autonomous_exploration:/opt/ros/humble /usr/bin/cmake /home/jezzy/huskybot/src/yolov12_msgs -DCMAKE_INSTALL_PREFIX=/home/jezzy/huskybot/install/yolov12_msgs
[0.472s] -- The C compiler identification is GNU 11.4.0
[2.252s] -- The CXX compiler identification is GNU 11.4.0
[3.811s] -- Detecting C compiler ABI info
[4.389s] -- Detecting C compiler ABI info - done
[4.426s] -- Check for working C compiler: /usr/bin/cc - skipped
[4.430s] -- Detecting C compile features
[4.431s] -- Detecting C compile features - done
[4.440s] -- Detecting CXX compiler ABI info
[5.080s] -- Detecting CXX compiler ABI info - done
[5.114s] -- Check for working CXX compiler: /usr/bin/c++ - skipped
[5.115s] -- Detecting CXX compile features
[5.118s] -- Detecting CXX compile features - done
[5.132s] -- Found ament_cmake: 1.3.11 (/opt/ros/humble/share/ament_cmake/cmake)
[6.122s] -- Found Python3: /usr/bin/python3 (found version "3.10.12") found components: Interpreter 
[6.647s] -- Found std_msgs: 4.8.0 (/opt/ros/humble/share/std_msgs/cmake)
[7.288s] -- Found rosidl_generator_c: 3.1.6 (/opt/ros/humble/share/rosidl_generator_c/cmake)
[7.322s] -- Found rosidl_adapter: 3.1.6 (/opt/ros/humble/share/rosidl_adapter/cmake)
[7.366s] -- Found rosidl_generator_cpp: 3.1.6 (/opt/ros/humble/share/rosidl_generator_cpp/cmake)
[7.423s] -- Using all available rosidl_typesupport_c: rosidl_typesupport_fastrtps_c;rosidl_typesupport_introspection_c
[7.508s] -- Using all available rosidl_typesupport_cpp: rosidl_typesupport_fastrtps_cpp;rosidl_typesupport_introspection_cpp
[7.694s] -- Found rosidl_default_generators: 1.2.0 (/opt/ros/humble/share/rosidl_default_generators/cmake)
[8.920s] -- Found ament_cmake_ros: 0.10.0 (/opt/ros/humble/share/ament_cmake_ros/cmake)
[10.599s] -- Using all available rosidl_typesupport_c: rosidl_typesupport_fastrtps_c;rosidl_typesupport_introspection_c
[11.277s] -- Using all available rosidl_typesupport_cpp: rosidl_typesupport_fastrtps_cpp;rosidl_typesupport_introspection_cpp
[11.687s] -- Found PythonInterp: /usr/bin/python3 (found suitable version "3.10.12", minimum required is "3.6") 
[11.695s] -- Found python_cmake_module: 0.10.0 (/opt/ros/humble/share/python_cmake_module/cmake)
[12.510s] -- Found PythonLibs: /usr/lib/x86_64-linux-gnu/libpython3.10.so (found suitable version "3.10.12", minimum required is "3.5") 
[12.510s] -- Using PYTHON_EXECUTABLE: /usr/bin/python3
[12.510s] -- Using PYTHON_INCLUDE_DIRS: /usr/include/python3.10
[12.513s] -- Using PYTHON_LIBRARIES: /usr/lib/x86_64-linux-gnu/libpython3.10.so
[12.622s] -- Found PythonExtra: .so  
[13.183s] -- Found ament_lint_auto: 0.12.12 (/opt/ros/humble/share/ament_lint_auto/cmake)
[13.339s] -- Added test 'copyright' to check source files copyright and LICENSE
[13.348s] -- Added test 'lint_cmake' to check CMake code style
[13.353s] -- Added test 'xmllint' to check XML markup files
[13.369s] -- Configuring done
[13.537s] -- Generating done
[13.592s] -- Build files have been written to: /home/jezzy/huskybot/build/yolov12_msgs
[13.618s] Invoked command in '/home/jezzy/huskybot/build/yolov12_msgs' returned '0': CMAKE_PREFIX_PATH=${CMAKE_PREFIX_PATH}:/home/jezzy/huskybot/install/huskybot_fusion:/home/jezzy/huskybot/install/huskybot_navigation:/home/jezzy/husky_ws/lintic/install/yolosed:/home/jezzy/husky_ws/lintic/install/visual:/home/jezzy/husky_ws/lintic/install/segnet:/home/jezzy/husky_ws/turtlebot3/install/turtlebot3_teleop:/home/jezzy/husky_ws/turtlebot3/install/turtlebot3_example:/home/jezzy/husky_ws/turtlebot3/install/segtect:/home/jezzy/husky_ws/turtlebot3/install/autonomous_exploration:/opt/ros/humble /usr/bin/cmake /home/jezzy/huskybot/src/yolov12_msgs -DCMAKE_INSTALL_PREFIX=/home/jezzy/huskybot/install/yolov12_msgs
[13.623s] Invoking command in '/home/jezzy/huskybot/build/yolov12_msgs': CMAKE_PREFIX_PATH=${CMAKE_PREFIX_PATH}:/home/jezzy/huskybot/install/huskybot_fusion:/home/jezzy/huskybot/install/huskybot_navigation:/home/jezzy/husky_ws/lintic/install/yolosed:/home/jezzy/husky_ws/lintic/install/visual:/home/jezzy/husky_ws/lintic/install/segnet:/home/jezzy/husky_ws/turtlebot3/install/turtlebot3_teleop:/home/jezzy/husky_ws/turtlebot3/install/turtlebot3_example:/home/jezzy/husky_ws/turtlebot3/install/segtect:/home/jezzy/husky_ws/turtlebot3/install/autonomous_exploration:/opt/ros/humble /usr/bin/cmake --build /home/jezzy/huskybot/build/yolov12_msgs -- -j4 -l4
[13.994s] [  2%] [34m[1mGenerating C code for ROS interfaces[0m
[14.055s] [  5%] [34m[1mGenerating C++ code for ROS interfaces[0m
[14.184s] [  5%] Built target ament_cmake_python_copy_yolov12_msgs
[17.526s] running egg_info
[17.531s] creating yolov12_msgs.egg-info
[17.532s] writing yolov12_msgs.egg-info/PKG-INFO
[17.549s] writing dependency_links to yolov12_msgs.egg-info/dependency_links.txt
[17.549s] writing top-level names to yolov12_msgs.egg-info/top_level.txt
[17.561s] writing manifest file 'yolov12_msgs.egg-info/SOURCES.txt'
[17.580s] reading manifest file 'yolov12_msgs.egg-info/SOURCES.txt'
[17.582s] writing manifest file 'yolov12_msgs.egg-info/SOURCES.txt'
[17.883s] [  5%] Built target ament_cmake_python_build_yolov12_msgs_egg
[18.036s] [  5%] Built target yolov12_msgs__cpp
[18.078s] [  7%] [34m[1mGenerating C++ type support for eProsima Fast-RTPS[0m
[18.100s] [ 10%] [34m[1mGenerating C++ type support dispatch for ROS interfaces[0m
[18.170s] [ 12%] [34m[1mGenerating C++ introspection for ROS interfaces[0m
[19.732s] [ 15%] [32mBuilding C object CMakeFiles/yolov12_msgs__rosidl_generator_c.dir/rosidl_generator_c/yolov12_msgs/msg/detail/inference_result__functions.c.o[0m
[20.153s] [ 17%] [32mBuilding C object CMakeFiles/yolov12_msgs__rosidl_generator_c.dir/rosidl_generator_c/yolov12_msgs/msg/detail/yolov12_inference__functions.c.o[0m
[20.621s] [ 20%] [32m[1mLinking C shared library libyolov12_msgs__rosidl_generator_c.so[0m
[21.339s] [ 20%] Built target yolov12_msgs__rosidl_generator_c
[21.436s] [ 23%] [34m[1mGenerating C type support for eProsima Fast-RTPS[0m
[22.457s] [ 25%] [32mBuilding CXX object CMakeFiles/yolov12_msgs__rosidl_typesupport_introspection_cpp.dir/rosidl_typesupport_introspection_cpp/yolov12_msgs/msg/detail/inference_result__type_support.cpp.o[0m
[22.481s] [ 28%] [32mBuilding CXX object CMakeFiles/yolov12_msgs__rosidl_typesupport_fastrtps_cpp.dir/rosidl_typesupport_fastrtps_cpp/yolov12_msgs/msg/detail/dds_fastrtps/inference_result__type_support.cpp.o[0m
[22.559s] [ 30%] [32mBuilding CXX object CMakeFiles/yolov12_msgs__rosidl_typesupport_cpp.dir/rosidl_typesupport_cpp/yolov12_msgs/msg/inference_result__type_support.cpp.o[0m
[25.947s] [ 33%] [32mBuilding CXX object CMakeFiles/yolov12_msgs__rosidl_typesupport_cpp.dir/rosidl_typesupport_cpp/yolov12_msgs/msg/yolov12_inference__type_support.cpp.o[0m
[26.915s] [ 35%] [32mBuilding CXX object CMakeFiles/yolov12_msgs__rosidl_typesupport_fastrtps_c.dir/rosidl_typesupport_fastrtps_c/yolov12_msgs/msg/detail/inference_result__type_support_c.cpp.o[0m
[26.937s] [ 38%] [32mBuilding CXX object CMakeFiles/yolov12_msgs__rosidl_typesupport_fastrtps_cpp.dir/rosidl_typesupport_fastrtps_cpp/yolov12_msgs/msg/detail/dds_fastrtps/yolov12_inference__type_support.cpp.o[0m
[27.666s] [ 41%] [32mBuilding CXX object CMakeFiles/yolov12_msgs__rosidl_typesupport_introspection_cpp.dir/rosidl_typesupport_introspection_cpp/yolov12_msgs/msg/detail/yolov12_inference__type_support.cpp.o[0m
[29.007s] [ 43%] [32m[1mLinking CXX shared library libyolov12_msgs__rosidl_typesupport_cpp.so[0m
[30.036s] [ 43%] Built target yolov12_msgs__rosidl_typesupport_cpp
[30.171s] [ 46%] [34m[1mGenerating C introspection for ROS interfaces[0m
[31.141s] [ 48%] [32mBuilding CXX object CMakeFiles/yolov12_msgs__rosidl_typesupport_fastrtps_c.dir/rosidl_typesupport_fastrtps_c/yolov12_msgs/msg/detail/yolov12_inference__type_support_c.cpp.o[0m
[32.335s] [ 51%] [32m[1mLinking CXX shared library libyolov12_msgs__rosidl_typesupport_fastrtps_cpp.so[0m
[32.514s] [ 53%] [32m[1mLinking CXX shared library libyolov12_msgs__rosidl_typesupport_introspection_cpp.so[0m
[33.579s] [ 53%] Built target yolov12_msgs__rosidl_typesupport_fastrtps_cpp
[33.790s] [ 53%] Built target yolov12_msgs__rosidl_typesupport_introspection_cpp
[34.297s] [ 56%] [32m[1mLinking CXX shared library libyolov12_msgs__rosidl_typesupport_fastrtps_c.so[0m
[34.512s] [ 58%] [32mBuilding C object CMakeFiles/yolov12_msgs__rosidl_typesupport_introspection_c.dir/rosidl_typesupport_introspection_c/yolov12_msgs/msg/detail/inference_result__type_support.c.o[0m
[34.676s] [ 61%] [32mBuilding C object CMakeFiles/yolov12_msgs__rosidl_typesupport_introspection_c.dir/rosidl_typesupport_introspection_c/yolov12_msgs/msg/detail/yolov12_inference__type_support.c.o[0m
[34.871s] [ 64%] [32m[1mLinking C shared library libyolov12_msgs__rosidl_typesupport_introspection_c.so[0m
[34.890s] [ 64%] Built target yolov12_msgs__rosidl_typesupport_fastrtps_c
[35.294s] [ 64%] Built target yolov12_msgs__rosidl_typesupport_introspection_c
[35.321s] [ 66%] [34m[1mGenerating C type support dispatch for ROS interfaces[0m
[36.747s] [ 69%] [32mBuilding CXX object CMakeFiles/yolov12_msgs__rosidl_typesupport_c.dir/rosidl_typesupport_c/yolov12_msgs/msg/inference_result__type_support.cpp.o[0m
[36.863s] [ 71%] [32mBuilding CXX object CMakeFiles/yolov12_msgs__rosidl_typesupport_c.dir/rosidl_typesupport_c/yolov12_msgs/msg/yolov12_inference__type_support.cpp.o[0m
[36.986s] [ 74%] [32m[1mLinking CXX shared library libyolov12_msgs__rosidl_typesupport_c.so[0m
[37.470s] [ 74%] Built target yolov12_msgs__rosidl_typesupport_c
[37.547s] [ 74%] Built target yolov12_msgs
[37.624s] [ 76%] [34m[1mGenerating Python code for ROS interfaces[0m
[40.703s] [ 76%] Built target yolov12_msgs__py
[40.776s] [ 79%] [32mBuilding C object CMakeFiles/yolov12_msgs__rosidl_generator_py.dir/rosidl_generator_py/yolov12_msgs/msg/_inference_result_s.c.o[0m
[41.128s] [ 82%] [32mBuilding C object CMakeFiles/yolov12_msgs__rosidl_generator_py.dir/rosidl_generator_py/yolov12_msgs/msg/_yolov12_inference_s.c.o[0m
[41.450s] [ 84%] [32m[1mLinking C shared library rosidl_generator_py/yolov12_msgs/libyolov12_msgs__rosidl_generator_py.so[0m
[41.887s] [ 84%] Built target yolov12_msgs__rosidl_generator_py
[41.953s] [ 87%] [32mBuilding C object CMakeFiles/yolov12_msgs__rosidl_typesupport_fastrtps_c__pyext.dir/rosidl_generator_py/yolov12_msgs/_yolov12_msgs_s.ep.rosidl_typesupport_fastrtps_c.c.o[0m
[42.349s] [ 89%] [32m[1mLinking C shared library rosidl_generator_py/yolov12_msgs/yolov12_msgs_s__rosidl_typesupport_fastrtps_c.cpython-310-x86_64-linux-gnu.so[0m
[42.742s] [ 89%] Built target yolov12_msgs__rosidl_typesupport_fastrtps_c__pyext
[42.911s] [ 92%] [32mBuilding C object CMakeFiles/yolov12_msgs__rosidl_typesupport_c__pyext.dir/rosidl_generator_py/yolov12_msgs/_yolov12_msgs_s.ep.rosidl_typesupport_c.c.o[0m
[43.568s] [ 94%] [32m[1mLinking C shared library rosidl_generator_py/yolov12_msgs/yolov12_msgs_s__rosidl_typesupport_c.cpython-310-x86_64-linux-gnu.so[0m
[44.042s] [ 94%] Built target yolov12_msgs__rosidl_typesupport_c__pyext
[44.194s] [ 97%] [32mBuilding C object CMakeFiles/yolov12_msgs__rosidl_typesupport_introspection_c__pyext.dir/rosidl_generator_py/yolov12_msgs/_yolov12_msgs_s.ep.rosidl_typesupport_introspection_c.c.o[0m
[44.988s] [100%] [32m[1mLinking C shared library rosidl_generator_py/yolov12_msgs/yolov12_msgs_s__rosidl_typesupport_introspection_c.cpython-310-x86_64-linux-gnu.so[0m
[45.473s] [100%] Built target yolov12_msgs__rosidl_typesupport_introspection_c__pyext
[45.516s] Invoked command in '/home/jezzy/huskybot/build/yolov12_msgs' returned '0': CMAKE_PREFIX_PATH=${CMAKE_PREFIX_PATH}:/home/jezzy/huskybot/install/huskybot_fusion:/home/jezzy/huskybot/install/huskybot_navigation:/home/jezzy/husky_ws/lintic/install/yolosed:/home/jezzy/husky_ws/lintic/install/visual:/home/jezzy/husky_ws/lintic/install/segnet:/home/jezzy/husky_ws/turtlebot3/install/turtlebot3_teleop:/home/jezzy/husky_ws/turtlebot3/install/turtlebot3_example:/home/jezzy/husky_ws/turtlebot3/install/segtect:/home/jezzy/husky_ws/turtlebot3/install/autonomous_exploration:/opt/ros/humble /usr/bin/cmake --build /home/jezzy/huskybot/build/yolov12_msgs -- -j4 -l4
[45.520s] Invoking command in '/home/jezzy/huskybot/build/yolov12_msgs': CMAKE_PREFIX_PATH=${CMAKE_PREFIX_PATH}:/home/jezzy/huskybot/install/huskybot_fusion:/home/jezzy/huskybot/install/huskybot_navigation:/home/jezzy/husky_ws/lintic/install/yolosed:/home/jezzy/husky_ws/lintic/install/visual:/home/jezzy/husky_ws/lintic/install/segnet:/home/jezzy/husky_ws/turtlebot3/install/turtlebot3_teleop:/home/jezzy/husky_ws/turtlebot3/install/turtlebot3_example:/home/jezzy/husky_ws/turtlebot3/install/segtect:/home/jezzy/husky_ws/turtlebot3/install/autonomous_exploration:/opt/ros/humble /usr/bin/cmake --install /home/jezzy/huskybot/build/yolov12_msgs
[45.546s] -- Install configuration: ""
[45.548s] -- Installing: /home/jezzy/huskybot/install/yolov12_msgs/share/ament_index/resource_index/rosidl_interfaces/yolov12_msgs
[45.549s] -- Installing: /home/jezzy/huskybot/install/yolov12_msgs/include/yolov12_msgs/yolov12_msgs
[45.550s] -- Installing: /home/jezzy/huskybot/install/yolov12_msgs/include/yolov12_msgs/yolov12_msgs/msg
[45.550s] -- Installing: /home/jezzy/huskybot/install/yolov12_msgs/include/yolov12_msgs/yolov12_msgs/msg/rosidl_generator_c__visibility_control.h
[45.550s] -- Installing: /home/jezzy/huskybot/install/yolov12_msgs/include/yolov12_msgs/yolov12_msgs/msg/detail
[45.551s] -- Installing: /home/jezzy/huskybot/install/yolov12_msgs/include/yolov12_msgs/yolov12_msgs/msg/detail/inference_result__type_support.h
[45.551s] -- Installing: /home/jezzy/huskybot/install/yolov12_msgs/include/yolov12_msgs/yolov12_msgs/msg/detail/inference_result__functions.h
[45.552s] -- Installing: /home/jezzy/huskybot/install/yolov12_msgs/include/yolov12_msgs/yolov12_msgs/msg/detail/yolov12_inference__struct.h
[45.552s] -- Installing: /home/jezzy/huskybot/install/yolov12_msgs/include/yolov12_msgs/yolov12_msgs/msg/detail/inference_result__struct.h
[45.552s] -- Installing: /home/jezzy/huskybot/install/yolov12_msgs/include/yolov12_msgs/yolov12_msgs/msg/detail/yolov12_inference__functions.c
[45.553s] -- Installing: /home/jezzy/huskybot/install/yolov12_msgs/include/yolov12_msgs/yolov12_msgs/msg/detail/inference_result__functions.c
[45.553s] -- Installing: /home/jezzy/huskybot/install/yolov12_msgs/include/yolov12_msgs/yolov12_msgs/msg/detail/yolov12_inference__functions.h
[45.553s] -- Installing: /home/jezzy/huskybot/install/yolov12_msgs/include/yolov12_msgs/yolov12_msgs/msg/detail/yolov12_inference__type_support.h
[45.553s] -- Installing: /home/jezzy/huskybot/install/yolov12_msgs/include/yolov12_msgs/yolov12_msgs/msg/inference_result.h
[45.554s] -- Installing: /home/jezzy/huskybot/install/yolov12_msgs/include/yolov12_msgs/yolov12_msgs/msg/yolov12_inference.h
[45.554s] -- Installing: /home/jezzy/huskybot/install/yolov12_msgs/share/yolov12_msgs/environment/library_path.sh
[45.555s] -- Installing: /home/jezzy/huskybot/install/yolov12_msgs/share/yolov12_msgs/environment/library_path.dsv
[45.555s] -- Installing: /home/jezzy/huskybot/install/yolov12_msgs/lib/libyolov12_msgs__rosidl_generator_c.so
[45.558s] -- Set runtime path of "/home/jezzy/huskybot/install/yolov12_msgs/lib/libyolov12_msgs__rosidl_generator_c.so" to ""
[45.559s] -- Up-to-date: /home/jezzy/huskybot/install/yolov12_msgs/include/yolov12_msgs/yolov12_msgs
[45.559s] -- Up-to-date: /home/jezzy/huskybot/install/yolov12_msgs/include/yolov12_msgs/yolov12_msgs/msg
[45.559s] -- Up-to-date: /home/jezzy/huskybot/install/yolov12_msgs/include/yolov12_msgs/yolov12_msgs/msg/detail
[45.560s] -- Installing: /home/jezzy/huskybot/install/yolov12_msgs/include/yolov12_msgs/yolov12_msgs/msg/detail/inference_result__rosidl_typesupport_fastrtps_c.h
[45.560s] -- Installing: /home/jezzy/huskybot/install/yolov12_msgs/include/yolov12_msgs/yolov12_msgs/msg/detail/yolov12_inference__rosidl_typesupport_fastrtps_c.h
[45.560s] -- Installing: /home/jezzy/huskybot/install/yolov12_msgs/include/yolov12_msgs/yolov12_msgs/msg/rosidl_typesupport_fastrtps_c__visibility_control.h
[45.560s] -- Installing: /home/jezzy/huskybot/install/yolov12_msgs/lib/libyolov12_msgs__rosidl_typesupport_fastrtps_c.so
[45.561s] -- Set runtime path of "/home/jezzy/huskybot/install/yolov12_msgs/lib/libyolov12_msgs__rosidl_typesupport_fastrtps_c.so" to ""
[45.561s] -- Up-to-date: /home/jezzy/huskybot/install/yolov12_msgs/include/yolov12_msgs/yolov12_msgs
[45.561s] -- Up-to-date: /home/jezzy/huskybot/install/yolov12_msgs/include/yolov12_msgs/yolov12_msgs/msg
[45.562s] -- Up-to-date: /home/jezzy/huskybot/install/yolov12_msgs/include/yolov12_msgs/yolov12_msgs/msg/detail
[45.562s] -- Installing: /home/jezzy/huskybot/install/yolov12_msgs/include/yolov12_msgs/yolov12_msgs/msg/detail/inference_result__struct.hpp
[45.562s] -- Installing: /home/jezzy/huskybot/install/yolov12_msgs/include/yolov12_msgs/yolov12_msgs/msg/detail/inference_result__builder.hpp
[45.562s] -- Installing: /home/jezzy/huskybot/install/yolov12_msgs/include/yolov12_msgs/yolov12_msgs/msg/detail/yolov12_inference__struct.hpp
[45.562s] -- Installing: /home/jezzy/huskybot/install/yolov12_msgs/include/yolov12_msgs/yolov12_msgs/msg/detail/yolov12_inference__traits.hpp
[45.563s] -- Installing: /home/jezzy/huskybot/install/yolov12_msgs/include/yolov12_msgs/yolov12_msgs/msg/detail/inference_result__traits.hpp
[45.563s] -- Installing: /home/jezzy/huskybot/install/yolov12_msgs/include/yolov12_msgs/yolov12_msgs/msg/detail/yolov12_inference__type_support.hpp
[45.563s] -- Installing: /home/jezzy/huskybot/install/yolov12_msgs/include/yolov12_msgs/yolov12_msgs/msg/detail/yolov12_inference__builder.hpp
[45.563s] -- Installing: /home/jezzy/huskybot/install/yolov12_msgs/include/yolov12_msgs/yolov12_msgs/msg/detail/inference_result__type_support.hpp
[45.564s] -- Installing: /home/jezzy/huskybot/install/yolov12_msgs/include/yolov12_msgs/yolov12_msgs/msg/inference_result.hpp
[45.564s] -- Installing: /home/jezzy/huskybot/install/yolov12_msgs/include/yolov12_msgs/yolov12_msgs/msg/rosidl_generator_cpp__visibility_control.hpp
[45.564s] -- Installing: /home/jezzy/huskybot/install/yolov12_msgs/include/yolov12_msgs/yolov12_msgs/msg/yolov12_inference.hpp
[45.564s] -- Up-to-date: /home/jezzy/huskybot/install/yolov12_msgs/include/yolov12_msgs/yolov12_msgs
[45.565s] -- Up-to-date: /home/jezzy/huskybot/install/yolov12_msgs/include/yolov12_msgs/yolov12_msgs/msg
[45.565s] -- Installing: /home/jezzy/huskybot/install/yolov12_msgs/include/yolov12_msgs/yolov12_msgs/msg/rosidl_typesupport_fastrtps_cpp__visibility_control.h
[45.565s] -- Up-to-date: /home/jezzy/huskybot/install/yolov12_msgs/include/yolov12_msgs/yolov12_msgs/msg/detail
[45.568s] -- Installing: /home/jezzy/huskybot/install/yolov12_msgs/include/yolov12_msgs/yolov12_msgs/msg/detail/yolov12_inference__rosidl_typesupport_fastrtps_cpp.hpp
[45.568s] -- Installing: /home/jezzy/huskybot/install/yolov12_msgs/include/yolov12_msgs/yolov12_msgs/msg/detail/dds_fastrtps
[45.569s] -- Installing: /home/jezzy/huskybot/install/yolov12_msgs/include/yolov12_msgs/yolov12_msgs/msg/detail/inference_result__rosidl_typesupport_fastrtps_cpp.hpp
[45.569s] -- Installing: /home/jezzy/huskybot/install/yolov12_msgs/lib/libyolov12_msgs__rosidl_typesupport_fastrtps_cpp.so
[45.569s] -- Set runtime path of "/home/jezzy/huskybot/install/yolov12_msgs/lib/libyolov12_msgs__rosidl_typesupport_fastrtps_cpp.so" to ""
[45.570s] -- Up-to-date: /home/jezzy/huskybot/install/yolov12_msgs/include/yolov12_msgs/yolov12_msgs
[45.570s] -- Up-to-date: /home/jezzy/huskybot/install/yolov12_msgs/include/yolov12_msgs/yolov12_msgs/msg
[45.570s] -- Installing: /home/jezzy/huskybot/install/yolov12_msgs/include/yolov12_msgs/yolov12_msgs/msg/rosidl_typesupport_introspection_c__visibility_control.h
[45.571s] -- Up-to-date: /home/jezzy/huskybot/install/yolov12_msgs/include/yolov12_msgs/yolov12_msgs/msg/detail
[45.571s] -- Installing: /home/jezzy/huskybot/install/yolov12_msgs/include/yolov12_msgs/yolov12_msgs/msg/detail/inference_result__rosidl_typesupport_introspection_c.h
[45.571s] -- Installing: /home/jezzy/huskybot/install/yolov12_msgs/include/yolov12_msgs/yolov12_msgs/msg/detail/yolov12_inference__rosidl_typesupport_introspection_c.h
[45.571s] -- Installing: /home/jezzy/huskybot/install/yolov12_msgs/include/yolov12_msgs/yolov12_msgs/msg/detail/inference_result__type_support.c
[45.572s] -- Installing: /home/jezzy/huskybot/install/yolov12_msgs/include/yolov12_msgs/yolov12_msgs/msg/detail/yolov12_inference__type_support.c
[45.572s] -- Installing: /home/jezzy/huskybot/install/yolov12_msgs/lib/libyolov12_msgs__rosidl_typesupport_introspection_c.so
[45.572s] -- Set runtime path of "/home/jezzy/huskybot/install/yolov12_msgs/lib/libyolov12_msgs__rosidl_typesupport_introspection_c.so" to ""
[45.573s] -- Installing: /home/jezzy/huskybot/install/yolov12_msgs/lib/libyolov12_msgs__rosidl_typesupport_c.so
[45.576s] -- Set runtime path of "/home/jezzy/huskybot/install/yolov12_msgs/lib/libyolov12_msgs__rosidl_typesupport_c.so" to ""
[45.576s] -- Up-to-date: /home/jezzy/huskybot/install/yolov12_msgs/include/yolov12_msgs/yolov12_msgs
[45.577s] -- Up-to-date: /home/jezzy/huskybot/install/yolov12_msgs/include/yolov12_msgs/yolov12_msgs/msg
[45.577s] -- Up-to-date: /home/jezzy/huskybot/install/yolov12_msgs/include/yolov12_msgs/yolov12_msgs/msg/detail
[45.577s] -- Installing: /home/jezzy/huskybot/install/yolov12_msgs/include/yolov12_msgs/yolov12_msgs/msg/detail/yolov12_inference__rosidl_typesupport_introspection_cpp.hpp
[45.578s] -- Installing: /home/jezzy/huskybot/install/yolov12_msgs/include/yolov12_msgs/yolov12_msgs/msg/detail/inference_result__type_support.cpp
[45.581s] -- Installing: /home/jezzy/huskybot/install/yolov12_msgs/include/yolov12_msgs/yolov12_msgs/msg/detail/inference_result__rosidl_typesupport_introspection_cpp.hpp
[45.587s] -- Installing: /home/jezzy/huskybot/install/yolov12_msgs/include/yolov12_msgs/yolov12_msgs/msg/detail/yolov12_inference__type_support.cpp
[45.588s] -- Installing: /home/jezzy/huskybot/install/yolov12_msgs/lib/libyolov12_msgs__rosidl_typesupport_introspection_cpp.so
[45.589s] -- Set runtime path of "/home/jezzy/huskybot/install/yolov12_msgs/lib/libyolov12_msgs__rosidl_typesupport_introspection_cpp.so" to ""
[45.590s] -- Installing: /home/jezzy/huskybot/install/yolov12_msgs/lib/libyolov12_msgs__rosidl_typesupport_cpp.so
[45.590s] -- Set runtime path of "/home/jezzy/huskybot/install/yolov12_msgs/lib/libyolov12_msgs__rosidl_typesupport_cpp.so" to ""
[45.592s] -- Installing: /home/jezzy/huskybot/install/yolov12_msgs/share/yolov12_msgs/environment/pythonpath.sh
[45.592s] -- Installing: /home/jezzy/huskybot/install/yolov12_msgs/share/yolov12_msgs/environment/pythonpath.dsv
[45.592s] -- Installing: /home/jezzy/huskybot/install/yolov12_msgs/local/lib/python3.10/dist-packages/yolov12_msgs-0.0.0-py3.10.egg-info
[45.593s] -- Installing: /home/jezzy/huskybot/install/yolov12_msgs/local/lib/python3.10/dist-packages/yolov12_msgs-0.0.0-py3.10.egg-info/top_level.txt
[45.594s] -- Installing: /home/jezzy/huskybot/install/yolov12_msgs/local/lib/python3.10/dist-packages/yolov12_msgs-0.0.0-py3.10.egg-info/SOURCES.txt
[45.596s] -- Installing: /home/jezzy/huskybot/install/yolov12_msgs/local/lib/python3.10/dist-packages/yolov12_msgs-0.0.0-py3.10.egg-info/dependency_links.txt
[45.598s] -- Installing: /home/jezzy/huskybot/install/yolov12_msgs/local/lib/python3.10/dist-packages/yolov12_msgs-0.0.0-py3.10.egg-info/PKG-INFO
[45.599s] -- Installing: /home/jezzy/huskybot/install/yolov12_msgs/local/lib/python3.10/dist-packages/yolov12_msgs
[45.599s] -- Installing: /home/jezzy/huskybot/install/yolov12_msgs/local/lib/python3.10/dist-packages/yolov12_msgs/libyolov12_msgs__rosidl_generator_py.so
[45.600s] -- Installing: /home/jezzy/huskybot/install/yolov12_msgs/local/lib/python3.10/dist-packages/yolov12_msgs/_yolov12_msgs_s.ep.rosidl_typesupport_introspection_c.c
[45.600s] -- Installing: /home/jezzy/huskybot/install/yolov12_msgs/local/lib/python3.10/dist-packages/yolov12_msgs/_yolov12_msgs_s.ep.rosidl_typesupport_fastrtps_c.c
[45.600s] -- Installing: /home/jezzy/huskybot/install/yolov12_msgs/local/lib/python3.10/dist-packages/yolov12_msgs/_yolov12_msgs_s.ep.rosidl_typesupport_c.c
[45.600s] -- Installing: /home/jezzy/huskybot/install/yolov12_msgs/local/lib/python3.10/dist-packages/yolov12_msgs/yolov12_msgs_s__rosidl_typesupport_introspection_c.cpython-310-x86_64-linux-gnu.so
[45.601s] -- Installing: /home/jezzy/huskybot/install/yolov12_msgs/local/lib/python3.10/dist-packages/yolov12_msgs/msg
[45.601s] -- Installing: /home/jezzy/huskybot/install/yolov12_msgs/local/lib/python3.10/dist-packages/yolov12_msgs/msg/_inference_result_s.c
[45.601s] -- Installing: /home/jezzy/huskybot/install/yolov12_msgs/local/lib/python3.10/dist-packages/yolov12_msgs/msg/_inference_result.py
[45.601s] -- Installing: /home/jezzy/huskybot/install/yolov12_msgs/local/lib/python3.10/dist-packages/yolov12_msgs/msg/_yolov12_inference_s.c
[45.601s] -- Installing: /home/jezzy/huskybot/install/yolov12_msgs/local/lib/python3.10/dist-packages/yolov12_msgs/msg/_yolov12_inference.py
[45.602s] -- Installing: /home/jezzy/huskybot/install/yolov12_msgs/local/lib/python3.10/dist-packages/yolov12_msgs/msg/__init__.py
[45.602s] -- Installing: /home/jezzy/huskybot/install/yolov12_msgs/local/lib/python3.10/dist-packages/yolov12_msgs/yolov12_msgs_s__rosidl_typesupport_fastrtps_c.cpython-310-x86_64-linux-gnu.so
[45.602s] -- Installing: /home/jezzy/huskybot/install/yolov12_msgs/local/lib/python3.10/dist-packages/yolov12_msgs/yolov12_msgs_s__rosidl_typesupport_c.cpython-310-x86_64-linux-gnu.so
[45.602s] -- Installing: /home/jezzy/huskybot/install/yolov12_msgs/local/lib/python3.10/dist-packages/yolov12_msgs/__init__.py
[45.753s] Listing '/home/jezzy/huskybot/install/yolov12_msgs/local/lib/python3.10/dist-packages/yolov12_msgs'...
[45.753s] Compiling '/home/jezzy/huskybot/install/yolov12_msgs/local/lib/python3.10/dist-packages/yolov12_msgs/__init__.py'...
[45.753s] Listing '/home/jezzy/huskybot/install/yolov12_msgs/local/lib/python3.10/dist-packages/yolov12_msgs/msg'...
[45.753s] Compiling '/home/jezzy/huskybot/install/yolov12_msgs/local/lib/python3.10/dist-packages/yolov12_msgs/msg/__init__.py'...
[45.754s] Compiling '/home/jezzy/huskybot/install/yolov12_msgs/local/lib/python3.10/dist-packages/yolov12_msgs/msg/_inference_result.py'...
[45.754s] Compiling '/home/jezzy/huskybot/install/yolov12_msgs/local/lib/python3.10/dist-packages/yolov12_msgs/msg/_yolov12_inference.py'...
[45.775s] -- Installing: /home/jezzy/huskybot/install/yolov12_msgs/local/lib/python3.10/dist-packages/yolov12_msgs/yolov12_msgs_s__rosidl_typesupport_fastrtps_c.cpython-310-x86_64-linux-gnu.so
[45.779s] -- Set runtime path of "/home/jezzy/huskybot/install/yolov12_msgs/local/lib/python3.10/dist-packages/yolov12_msgs/yolov12_msgs_s__rosidl_typesupport_fastrtps_c.cpython-310-x86_64-linux-gnu.so" to ""
[45.779s] -- Installing: /home/jezzy/huskybot/install/yolov12_msgs/local/lib/python3.10/dist-packages/yolov12_msgs/yolov12_msgs_s__rosidl_typesupport_introspection_c.cpython-310-x86_64-linux-gnu.so
[45.780s] -- Set runtime path of "/home/jezzy/huskybot/install/yolov12_msgs/local/lib/python3.10/dist-packages/yolov12_msgs/yolov12_msgs_s__rosidl_typesupport_introspection_c.cpython-310-x86_64-linux-gnu.so" to ""
[45.780s] -- Installing: /home/jezzy/huskybot/install/yolov12_msgs/local/lib/python3.10/dist-packages/yolov12_msgs/yolov12_msgs_s__rosidl_typesupport_c.cpython-310-x86_64-linux-gnu.so
[45.780s] -- Set runtime path of "/home/jezzy/huskybot/install/yolov12_msgs/local/lib/python3.10/dist-packages/yolov12_msgs/yolov12_msgs_s__rosidl_typesupport_c.cpython-310-x86_64-linux-gnu.so" to ""
[45.780s] -- Installing: /home/jezzy/huskybot/install/yolov12_msgs/lib/libyolov12_msgs__rosidl_generator_py.so
[45.781s] -- Set runtime path of "/home/jezzy/huskybot/install/yolov12_msgs/lib/libyolov12_msgs__rosidl_generator_py.so" to ""
[45.782s] -- Installing: /home/jezzy/huskybot/install/yolov12_msgs/share/yolov12_msgs/msg/InferenceResult.idl
[45.783s] -- Installing: /home/jezzy/huskybot/install/yolov12_msgs/share/yolov12_msgs/msg/Yolov12Inference.idl
[45.784s] -- Installing: /home/jezzy/huskybot/install/yolov12_msgs/share/yolov12_msgs/msg/InferenceResult.msg
[45.784s] -- Installing: /home/jezzy/huskybot/install/yolov12_msgs/share/yolov12_msgs/msg/Yolov12Inference.msg
[45.785s] -- Installing: /home/jezzy/huskybot/install/yolov12_msgs/share/ament_index/resource_index/package_run_dependencies/yolov12_msgs
[45.786s] -- Installing: /home/jezzy/huskybot/install/yolov12_msgs/share/ament_index/resource_index/parent_prefix_path/yolov12_msgs
[45.786s] -- Installing: /home/jezzy/huskybot/install/yolov12_msgs/share/yolov12_msgs/environment/ament_prefix_path.sh
[45.786s] -- Installing: /home/jezzy/huskybot/install/yolov12_msgs/share/yolov12_msgs/environment/ament_prefix_path.dsv
[45.787s] -- Installing: /home/jezzy/huskybot/install/yolov12_msgs/share/yolov12_msgs/environment/path.sh
[45.787s] -- Installing: /home/jezzy/huskybot/install/yolov12_msgs/share/yolov12_msgs/environment/path.dsv
[45.788s] -- Installing: /home/jezzy/huskybot/install/yolov12_msgs/share/yolov12_msgs/local_setup.bash
[45.788s] -- Installing: /home/jezzy/huskybot/install/yolov12_msgs/share/yolov12_msgs/local_setup.sh
[45.788s] -- Installing: /home/jezzy/huskybot/install/yolov12_msgs/share/yolov12_msgs/local_setup.zsh
[45.789s] -- Installing: /home/jezzy/huskybot/install/yolov12_msgs/share/yolov12_msgs/local_setup.dsv
[45.789s] -- Installing: /home/jezzy/huskybot/install/yolov12_msgs/share/yolov12_msgs/package.dsv
[45.791s] -- Installing: /home/jezzy/huskybot/install/yolov12_msgs/share/ament_index/resource_index/packages/yolov12_msgs
[45.791s] -- Installing: /home/jezzy/huskybot/install/yolov12_msgs/share/yolov12_msgs/cmake/export_yolov12_msgs__rosidl_generator_cExport.cmake
[45.792s] -- Installing: /home/jezzy/huskybot/install/yolov12_msgs/share/yolov12_msgs/cmake/export_yolov12_msgs__rosidl_generator_cExport-noconfig.cmake
[45.792s] -- Installing: /home/jezzy/huskybot/install/yolov12_msgs/share/yolov12_msgs/cmake/export_yolov12_msgs__rosidl_typesupport_fastrtps_cExport.cmake
[45.793s] -- Installing: /home/jezzy/huskybot/install/yolov12_msgs/share/yolov12_msgs/cmake/export_yolov12_msgs__rosidl_typesupport_fastrtps_cExport-noconfig.cmake
[45.793s] -- Installing: /home/jezzy/huskybot/install/yolov12_msgs/share/yolov12_msgs/cmake/export_yolov12_msgs__rosidl_generator_cppExport.cmake
[45.793s] -- Installing: /home/jezzy/huskybot/install/yolov12_msgs/share/yolov12_msgs/cmake/export_yolov12_msgs__rosidl_typesupport_fastrtps_cppExport.cmake
[45.794s] -- Installing: /home/jezzy/huskybot/install/yolov12_msgs/share/yolov12_msgs/cmake/export_yolov12_msgs__rosidl_typesupport_fastrtps_cppExport-noconfig.cmake
[45.794s] -- Installing: /home/jezzy/huskybot/install/yolov12_msgs/share/yolov12_msgs/cmake/yolov12_msgs__rosidl_typesupport_introspection_cExport.cmake
[45.794s] -- Installing: /home/jezzy/huskybot/install/yolov12_msgs/share/yolov12_msgs/cmake/yolov12_msgs__rosidl_typesupport_introspection_cExport-noconfig.cmake
[45.795s] -- Installing: /home/jezzy/huskybot/install/yolov12_msgs/share/yolov12_msgs/cmake/yolov12_msgs__rosidl_typesupport_cExport.cmake
[45.795s] -- Installing: /home/jezzy/huskybot/install/yolov12_msgs/share/yolov12_msgs/cmake/yolov12_msgs__rosidl_typesupport_cExport-noconfig.cmake
[45.796s] -- Installing: /home/jezzy/huskybot/install/yolov12_msgs/share/yolov12_msgs/cmake/yolov12_msgs__rosidl_typesupport_introspection_cppExport.cmake
[45.797s] -- Installing: /home/jezzy/huskybot/install/yolov12_msgs/share/yolov12_msgs/cmake/yolov12_msgs__rosidl_typesupport_introspection_cppExport-noconfig.cmake
[45.802s] -- Installing: /home/jezzy/huskybot/install/yolov12_msgs/share/yolov12_msgs/cmake/yolov12_msgs__rosidl_typesupport_cppExport.cmake
[45.802s] -- Installing: /home/jezzy/huskybot/install/yolov12_msgs/share/yolov12_msgs/cmake/yolov12_msgs__rosidl_typesupport_cppExport-noconfig.cmake
[45.803s] -- Installing: /home/jezzy/huskybot/install/yolov12_msgs/share/yolov12_msgs/cmake/export_yolov12_msgs__rosidl_generator_pyExport.cmake
[45.803s] -- Installing: /home/jezzy/huskybot/install/yolov12_msgs/share/yolov12_msgs/cmake/export_yolov12_msgs__rosidl_generator_pyExport-noconfig.cmake
[45.803s] -- Installing: /home/jezzy/huskybot/install/yolov12_msgs/share/yolov12_msgs/cmake/rosidl_cmake-extras.cmake
[45.803s] -- Installing: /home/jezzy/huskybot/install/yolov12_msgs/share/yolov12_msgs/cmake/ament_cmake_export_dependencies-extras.cmake
[45.804s] -- Installing: /home/jezzy/huskybot/install/yolov12_msgs/share/yolov12_msgs/cmake/ament_cmake_export_include_directories-extras.cmake
[45.805s] -- Installing: /home/jezzy/huskybot/install/yolov12_msgs/share/yolov12_msgs/cmake/ament_cmake_export_libraries-extras.cmake
[45.806s] -- Installing: /home/jezzy/huskybot/install/yolov12_msgs/share/yolov12_msgs/cmake/ament_cmake_export_targets-extras.cmake
[45.806s] -- Installing: /home/jezzy/huskybot/install/yolov12_msgs/share/yolov12_msgs/cmake/rosidl_cmake_export_typesupport_targets-extras.cmake
[45.807s] -- Installing: /home/jezzy/huskybot/install/yolov12_msgs/share/yolov12_msgs/cmake/rosidl_cmake_export_typesupport_libraries-extras.cmake
[45.810s] -- Installing: /home/jezzy/huskybot/install/yolov12_msgs/share/yolov12_msgs/cmake/yolov12_msgsConfig.cmake
[45.813s] -- Installing: /home/jezzy/huskybot/install/yolov12_msgs/share/yolov12_msgs/cmake/yolov12_msgsConfig-version.cmake
[45.813s] -- Installing: /home/jezzy/huskybot/install/yolov12_msgs/share/yolov12_msgs/package.xml
[45.814s] Invoked command in '/home/jezzy/huskybot/build/yolov12_msgs' returned '0': CMAKE_PREFIX_PATH=${CMAKE_PREFIX_PATH}:/home/jezzy/huskybot/install/huskybot_fusion:/home/jezzy/huskybot/install/huskybot_navigation:/home/jezzy/husky_ws/lintic/install/yolosed:/home/jezzy/husky_ws/lintic/install/visual:/home/jezzy/husky_ws/lintic/install/segnet:/home/jezzy/husky_ws/turtlebot3/install/turtlebot3_teleop:/home/jezzy/husky_ws/turtlebot3/install/turtlebot3_example:/home/jezzy/husky_ws/turtlebot3/install/segtect:/home/jezzy/husky_ws/turtlebot3/install/autonomous_exploration:/opt/ros/humble /usr/bin/cmake --install /home/jezzy/huskybot/build/yolov12_msgs
