[0.052s] Invoking command in '/home/jezzy/huskybot/build/velodyne_laserscan': CMAKE_PREFIX_PATH=${CMAKE_PREFIX_PATH}:/home/jezzy/husky_ws/lintic/install/yolosed:/home/jezzy/husky_ws/lintic/install/visual:/home/jezzy/husky_ws/lintic/install/segnet:/home/jezzy/husky_ws/turtlebot3/install/turtlebot3_teleop:/home/jezzy/husky_ws/turtlebot3/install/turtlebot3_example:/home/jezzy/husky_ws/turtlebot3/install/segtect:/home/jezzy/husky_ws/turtlebot3/install/autonomous_exploration:/opt/ros/humble /usr/bin/cmake /home/jezzy/huskybot/src/velodyne/velodyne_laserscan -DCMAKE_INSTALL_PREFIX=/home/jezzy/huskybot/install/velodyne_laserscan
[0.477s] -- The C compiler identification is GNU 11.4.0
[1.907s] -- The CXX compiler identification is GNU 11.4.0
[2.725s] -- Detecting C compiler ABI info
[3.101s] -- Detecting C compiler ABI info - done
[3.151s] -- Check for working C compiler: /usr/bin/cc - skipped
[3.152s] -- Detecting C compile features
[3.153s] -- Detecting C compile features - done
[3.162s] -- Detecting CXX compiler ABI info
[3.671s] -- Detecting CXX compiler ABI info - done
[3.712s] -- Check for working CXX compiler: /usr/bin/c++ - skipped
[3.713s] -- Detecting CXX compile features
[3.717s] -- Detecting CXX compile features - done
[3.729s] -- Found ament_cmake_ros: 0.10.0 (/opt/ros/humble/share/ament_cmake_ros/cmake)
[4.322s] -- Found Python3: /usr/bin/python3 (found version "3.10.12") found components: Interpreter 
[4.636s] -- Found rclcpp: 16.0.12 (/opt/ros/humble/share/rclcpp/cmake)
[5.251s] -- Found rosidl_generator_c: 3.1.6 (/opt/ros/humble/share/rosidl_generator_c/cmake)
[5.282s] -- Found rosidl_adapter: 3.1.6 (/opt/ros/humble/share/rosidl_adapter/cmake)
[5.316s] -- Found rosidl_generator_cpp: 3.1.6 (/opt/ros/humble/share/rosidl_generator_cpp/cmake)
[5.365s] -- Using all available rosidl_typesupport_c: rosidl_typesupport_fastrtps_c;rosidl_typesupport_introspection_c
[5.426s] -- Using all available rosidl_typesupport_cpp: rosidl_typesupport_fastrtps_cpp;rosidl_typesupport_introspection_cpp
[5.591s] -- Found rmw_implementation_cmake: 6.1.2 (/opt/ros/humble/share/rmw_implementation_cmake/cmake)
[5.603s] -- Found rmw_fastrtps_cpp: 6.2.7 (/opt/ros/humble/share/rmw_fastrtps_cpp/cmake)
[10.300s] -- Found OpenSSL: /usr/lib/x86_64-linux-gnu/libcrypto.so (found version "3.0.2")  
[15.317s] -- Found FastRTPS: /opt/ros/humble/include  
[24.713s] -- Using RMW implementation 'rmw_fastrtps_cpp' as default
[24.896s] -- Looking for pthread.h
[26.047s] -- Looking for pthread.h - found
[26.047s] -- Performing Test CMAKE_HAVE_LIBC_PTHREAD
[27.214s] -- Performing Test CMAKE_HAVE_LIBC_PTHREAD - Success
[27.215s] -- Found Threads: TRUE  
[32.548s] -- Configuring incomplete, errors occurred!
[32.548s] See also "/home/jezzy/huskybot/build/velodyne_laserscan/CMakeFiles/CMakeOutput.log".
[32.553s] [31mCMake Error at CMakeLists.txt:15 (find_package):
[32.553s]   By not providing "Findrclcpp_components.cmake" in CMAKE_MODULE_PATH this
[32.553s]   project has asked CMake to find a package configuration file provided by
[32.553s]   "rclcpp_components", but CMake did not find one.
[32.553s] 
[32.553s]   Could not find a package configuration file provided by "rclcpp_components"
[32.554s]   with any of the following names:
[32.554s] 
[32.554s]     rclcpp_componentsConfig.cmake
[32.554s]     rclcpp_components-config.cmake
[32.554s] 
[32.554s]   Add the installation prefix of "rclcpp_components" to CMAKE_PREFIX_PATH or
[32.555s]   set "rclcpp_components_DIR" to a directory containing one of the above
[32.555s]   files.  If "rclcpp_components" provides a separate development package or
[32.555s]   SDK, be sure it has been installed.
[32.555s] 
[32.555s] [0m
[32.567s] Invoked command in '/home/jezzy/huskybot/build/velodyne_laserscan' returned '1': CMAKE_PREFIX_PATH=${CMAKE_PREFIX_PATH}:/home/jezzy/husky_ws/lintic/install/yolosed:/home/jezzy/husky_ws/lintic/install/visual:/home/jezzy/husky_ws/lintic/install/segnet:/home/jezzy/husky_ws/turtlebot3/install/turtlebot3_teleop:/home/jezzy/husky_ws/turtlebot3/install/turtlebot3_example:/home/jezzy/husky_ws/turtlebot3/install/segtect:/home/jezzy/husky_ws/turtlebot3/install/autonomous_exploration:/opt/ros/humble /usr/bin/cmake /home/jezzy/huskybot/src/velodyne/velodyne_laserscan -DCMAKE_INSTALL_PREFIX=/home/jezzy/huskybot/install/velodyne_laserscan
