[0.052s] Invoking command in '/home/jezzy/yolobot/build/yolobot_description': CMAKE_PREFIX_PATH=${CMAKE_PREFIX_PATH}:/home/jezzy/husky_ws/lintic/install/yolosed:/home/jezzy/husky_ws/lintic/install/visual:/home/jezzy/husky_ws/lintic/install/segnet:/home/jezzy/husky_ws/turtlebot3/install/turtlebot3_teleop:/home/jezzy/husky_ws/turtlebot3/install/turtlebot3_example:/home/jezzy/husky_ws/turtlebot3/install/segtect:/home/jezzy/husky_ws/turtlebot3/install/autonomous_exploration:/opt/ros/humble /usr/bin/cmake /home/jezzy/yolobot/src/yolobot_description -DCMAKE_INSTALL_PREFIX=/home/jezzy/yolobot/install/yolobot_description
[0.508s] -- The C compiler identification is GNU 11.4.0
[1.810s] -- The CXX compiler identification is GNU 11.4.0
[3.130s] -- Detecting C compiler ABI info
[3.751s] -- Detecting C compiler ABI info - done
[3.787s] -- Check for working C compiler: /usr/bin/cc - skipped
[3.791s] -- Detecting C compile features
[3.795s] -- Detecting C compile features - done
[3.802s] -- Detecting CXX compiler ABI info
[4.424s] -- Detecting CXX compiler ABI info - done
[4.464s] -- Check for working CXX compiler: /usr/bin/c++ - skipped
[4.465s] -- Detecting CXX compile features
[4.468s] -- Detecting CXX compile features - done
[4.487s] -- Found ament_cmake: 1.3.11 (/opt/ros/humble/share/ament_cmake/cmake)
[4.999s] -- Found Python3: /usr/bin/python3 (found version "3.10.12") found components: Interpreter 
[5.413s] -- Found urdf: 2.6.1 (/opt/ros/humble/share/urdf/cmake)
[9.798s] -- Found ament_lint_auto: 0.12.12 (/opt/ros/humble/share/ament_lint_auto/cmake)
[9.993s] -- Added test 'copyright' to check source files copyright and LICENSE
[9.997s] -- Added test 'flake8' to check Python code syntax and style conventions
[9.999s] -- Added test 'lint_cmake' to check CMake code style
[10.001s] -- Added test 'pep257' to check Python code against some of the docstring style conventions in PEP 257
[10.004s] -- Added test 'xmllint' to check XML markup files
[10.007s] -- Configuring done
[10.014s] -- Generating done
[10.017s] -- Build files have been written to: /home/jezzy/yolobot/build/yolobot_description
[10.027s] Invoked command in '/home/jezzy/yolobot/build/yolobot_description' returned '0': CMAKE_PREFIX_PATH=${CMAKE_PREFIX_PATH}:/home/jezzy/husky_ws/lintic/install/yolosed:/home/jezzy/husky_ws/lintic/install/visual:/home/jezzy/husky_ws/lintic/install/segnet:/home/jezzy/husky_ws/turtlebot3/install/turtlebot3_teleop:/home/jezzy/husky_ws/turtlebot3/install/turtlebot3_example:/home/jezzy/husky_ws/turtlebot3/install/segtect:/home/jezzy/husky_ws/turtlebot3/install/autonomous_exploration:/opt/ros/humble /usr/bin/cmake /home/jezzy/yolobot/src/yolobot_description -DCMAKE_INSTALL_PREFIX=/home/jezzy/yolobot/install/yolobot_description
[10.030s] Invoking command in '/home/jezzy/yolobot/build/yolobot_description': CMAKE_PREFIX_PATH=${CMAKE_PREFIX_PATH}:/home/jezzy/husky_ws/lintic/install/yolosed:/home/jezzy/husky_ws/lintic/install/visual:/home/jezzy/husky_ws/lintic/install/segnet:/home/jezzy/husky_ws/turtlebot3/install/turtlebot3_teleop:/home/jezzy/husky_ws/turtlebot3/install/turtlebot3_example:/home/jezzy/husky_ws/turtlebot3/install/segtect:/home/jezzy/husky_ws/turtlebot3/install/autonomous_exploration:/opt/ros/humble /usr/bin/cmake --build /home/jezzy/yolobot/build/yolobot_description -- -j4 -l4
[10.101s] Invoked command in '/home/jezzy/yolobot/build/yolobot_description' returned '0': CMAKE_PREFIX_PATH=${CMAKE_PREFIX_PATH}:/home/jezzy/husky_ws/lintic/install/yolosed:/home/jezzy/husky_ws/lintic/install/visual:/home/jezzy/husky_ws/lintic/install/segnet:/home/jezzy/husky_ws/turtlebot3/install/turtlebot3_teleop:/home/jezzy/husky_ws/turtlebot3/install/turtlebot3_example:/home/jezzy/husky_ws/turtlebot3/install/segtect:/home/jezzy/husky_ws/turtlebot3/install/autonomous_exploration:/opt/ros/humble /usr/bin/cmake --build /home/jezzy/yolobot/build/yolobot_description -- -j4 -l4
[10.104s] Invoking command in '/home/jezzy/yolobot/build/yolobot_description': CMAKE_PREFIX_PATH=${CMAKE_PREFIX_PATH}:/home/jezzy/husky_ws/lintic/install/yolosed:/home/jezzy/husky_ws/lintic/install/visual:/home/jezzy/husky_ws/lintic/install/segnet:/home/jezzy/husky_ws/turtlebot3/install/turtlebot3_teleop:/home/jezzy/husky_ws/turtlebot3/install/turtlebot3_example:/home/jezzy/husky_ws/turtlebot3/install/segtect:/home/jezzy/husky_ws/turtlebot3/install/autonomous_exploration:/opt/ros/humble /usr/bin/cmake --install /home/jezzy/yolobot/build/yolobot_description
[10.116s] -- Install configuration: ""
[10.116s] -- Installing: /home/jezzy/yolobot/install/yolobot_description/share/yolobot_description//launch
[10.117s] -- Installing: /home/jezzy/yolobot/install/yolobot_description/share/yolobot_description//launch/spawn_yolobot_launch.launch.py
[10.118s] -- Installing: /home/jezzy/yolobot/install/yolobot_description/share/yolobot_description//launch/spawn_yolobot.py
[10.118s] -- Installing: /home/jezzy/yolobot/install/yolobot_description/share/yolobot_description//robot
[10.118s] -- Installing: /home/jezzy/yolobot/install/yolobot_description/share/yolobot_description//robot/yolobot.urdf
[10.119s] -- Installing: /home/jezzy/yolobot/install/yolobot_description/lib/yolobot_description/spawn_yolobot.py
[10.120s] -- Installing: /home/jezzy/yolobot/install/yolobot_description/share/ament_index/resource_index/package_run_dependencies/yolobot_description
[10.120s] -- Installing: /home/jezzy/yolobot/install/yolobot_description/share/ament_index/resource_index/parent_prefix_path/yolobot_description
[10.121s] -- Installing: /home/jezzy/yolobot/install/yolobot_description/share/yolobot_description/environment/ament_prefix_path.sh
[10.122s] -- Installing: /home/jezzy/yolobot/install/yolobot_description/share/yolobot_description/environment/ament_prefix_path.dsv
[10.122s] -- Installing: /home/jezzy/yolobot/install/yolobot_description/share/yolobot_description/environment/path.sh
[10.123s] -- Installing: /home/jezzy/yolobot/install/yolobot_description/share/yolobot_description/environment/path.dsv
[10.123s] -- Installing: /home/jezzy/yolobot/install/yolobot_description/share/yolobot_description/local_setup.bash
[10.124s] -- Installing: /home/jezzy/yolobot/install/yolobot_description/share/yolobot_description/local_setup.sh
[10.124s] -- Installing: /home/jezzy/yolobot/install/yolobot_description/share/yolobot_description/local_setup.zsh
[10.124s] -- Installing: /home/jezzy/yolobot/install/yolobot_description/share/yolobot_description/local_setup.dsv
[10.125s] -- Installing: /home/jezzy/yolobot/install/yolobot_description/share/yolobot_description/package.dsv
[10.125s] -- Installing: /home/jezzy/yolobot/install/yolobot_description/share/ament_index/resource_index/packages/yolobot_description
[10.126s] -- Installing: /home/jezzy/yolobot/install/yolobot_description/share/yolobot_description/cmake/yolobot_descriptionConfig.cmake
[10.126s] -- Installing: /home/jezzy/yolobot/install/yolobot_description/share/yolobot_description/cmake/yolobot_descriptionConfig-version.cmake
[10.127s] -- Installing: /home/jezzy/yolobot/install/yolobot_description/share/yolobot_description/package.xml
[10.130s] Invoked command in '/home/jezzy/yolobot/build/yolobot_description' returned '0': CMAKE_PREFIX_PATH=${CMAKE_PREFIX_PATH}:/home/jezzy/husky_ws/lintic/install/yolosed:/home/jezzy/husky_ws/lintic/install/visual:/home/jezzy/husky_ws/lintic/install/segnet:/home/jezzy/husky_ws/turtlebot3/install/turtlebot3_teleop:/home/jezzy/husky_ws/turtlebot3/install/turtlebot3_example:/home/jezzy/husky_ws/turtlebot3/install/segtect:/home/jezzy/husky_ws/turtlebot3/install/autonomous_exploration:/opt/ros/humble /usr/bin/cmake --install /home/jezzy/yolobot/build/yolobot_description
