[0.069s] Invoking command in '/home/jezzy/yolobot/build/yolobot_description': CMAKE_PREFIX_PATH=${CMAKE_PREFIX_PATH}:/home/jezzy/husky_ws/lintic/install/yolosed:/home/jezzy/husky_ws/lintic/install/visual:/home/jezzy/husky_ws/lintic/install/segnet:/home/jezzy/husky_ws/turtlebot3/install/turtlebot3_teleop:/home/jezzy/husky_ws/turtlebot3/install/turtlebot3_example:/home/jezzy/husky_ws/turtlebot3/install/segtect:/home/jezzy/husky_ws/turtlebot3/install/autonomous_exploration:/opt/ros/humble /usr/bin/cmake /home/jezzy/yolobot/src/yolobot_description -DCMAKE_INSTALL_PREFIX=/home/jezzy/yolobot/install/yolobot_description
[0.611s] -- The C compiler identification is GNU 11.4.0
[2.364s] -- The CXX compiler identification is GNU 11.4.0
[3.201s] -- Detecting C compiler ABI info
[3.654s] -- Detecting C compiler ABI info - done
[3.697s] -- Check for working C compiler: /usr/bin/cc - skipped
[3.698s] -- Detecting C compile features
[3.702s] -- Detecting C compile features - done
[3.720s] -- Detecting CXX compiler ABI info
[4.311s] -- Detecting CXX compiler ABI info - done
[4.345s] -- Check for working CXX compiler: /usr/bin/c++ - skipped
[4.346s] -- Detecting CXX compile features
[4.348s] -- Detecting CXX compile features - done
[4.361s] -- Found ament_cmake: 1.3.11 (/opt/ros/humble/share/ament_cmake/cmake)
[4.885s] -- Found Python3: /usr/bin/python3 (found version "3.10.12") found components: Interpreter 
[5.218s] -- Found urdf: 2.6.1 (/opt/ros/humble/share/urdf/cmake)
[9.205s] -- Found ament_lint_auto: 0.12.12 (/opt/ros/humble/share/ament_lint_auto/cmake)
[9.469s] -- Added test 'copyright' to check source files copyright and LICENSE
[9.474s] -- Added test 'flake8' to check Python code syntax and style conventions
[9.477s] -- Added test 'lint_cmake' to check CMake code style
[9.480s] -- Added test 'pep257' to check Python code against some of the docstring style conventions in PEP 257
[9.484s] -- Added test 'xmllint' to check XML markup files
[9.490s] -- Configuring done
[9.499s] -- Generating done
[9.504s] -- Build files have been written to: /home/jezzy/yolobot/build/yolobot_description
[9.518s] Invoked command in '/home/jezzy/yolobot/build/yolobot_description' returned '0': CMAKE_PREFIX_PATH=${CMAKE_PREFIX_PATH}:/home/jezzy/husky_ws/lintic/install/yolosed:/home/jezzy/husky_ws/lintic/install/visual:/home/jezzy/husky_ws/lintic/install/segnet:/home/jezzy/husky_ws/turtlebot3/install/turtlebot3_teleop:/home/jezzy/husky_ws/turtlebot3/install/turtlebot3_example:/home/jezzy/husky_ws/turtlebot3/install/segtect:/home/jezzy/husky_ws/turtlebot3/install/autonomous_exploration:/opt/ros/humble /usr/bin/cmake /home/jezzy/yolobot/src/yolobot_description -DCMAKE_INSTALL_PREFIX=/home/jezzy/yolobot/install/yolobot_description
[9.523s] Invoking command in '/home/jezzy/yolobot/build/yolobot_description': CMAKE_PREFIX_PATH=${CMAKE_PREFIX_PATH}:/home/jezzy/husky_ws/lintic/install/yolosed:/home/jezzy/husky_ws/lintic/install/visual:/home/jezzy/husky_ws/lintic/install/segnet:/home/jezzy/husky_ws/turtlebot3/install/turtlebot3_teleop:/home/jezzy/husky_ws/turtlebot3/install/turtlebot3_example:/home/jezzy/husky_ws/turtlebot3/install/segtect:/home/jezzy/husky_ws/turtlebot3/install/autonomous_exploration:/opt/ros/humble /usr/bin/cmake --build /home/jezzy/yolobot/build/yolobot_description -- -j4 -l4
[9.602s] Invoked command in '/home/jezzy/yolobot/build/yolobot_description' returned '0': CMAKE_PREFIX_PATH=${CMAKE_PREFIX_PATH}:/home/jezzy/husky_ws/lintic/install/yolosed:/home/jezzy/husky_ws/lintic/install/visual:/home/jezzy/husky_ws/lintic/install/segnet:/home/jezzy/husky_ws/turtlebot3/install/turtlebot3_teleop:/home/jezzy/husky_ws/turtlebot3/install/turtlebot3_example:/home/jezzy/husky_ws/turtlebot3/install/segtect:/home/jezzy/husky_ws/turtlebot3/install/autonomous_exploration:/opt/ros/humble /usr/bin/cmake --build /home/jezzy/yolobot/build/yolobot_description -- -j4 -l4
[9.606s] Invoking command in '/home/jezzy/yolobot/build/yolobot_description': CMAKE_PREFIX_PATH=${CMAKE_PREFIX_PATH}:/home/jezzy/husky_ws/lintic/install/yolosed:/home/jezzy/husky_ws/lintic/install/visual:/home/jezzy/husky_ws/lintic/install/segnet:/home/jezzy/husky_ws/turtlebot3/install/turtlebot3_teleop:/home/jezzy/husky_ws/turtlebot3/install/turtlebot3_example:/home/jezzy/husky_ws/turtlebot3/install/segtect:/home/jezzy/husky_ws/turtlebot3/install/autonomous_exploration:/opt/ros/humble /usr/bin/cmake --install /home/jezzy/yolobot/build/yolobot_description
[9.621s] -- Install configuration: ""
[9.622s] -- Installing: /home/jezzy/yolobot/install/yolobot_description/share/yolobot_description//launch
[9.623s] -- Installing: /home/jezzy/yolobot/install/yolobot_description/share/yolobot_description//launch/spawn_yolobot_launch.launch.py
[9.623s] -- Installing: /home/jezzy/yolobot/install/yolobot_description/share/yolobot_description//launch/spawn_yolobot.py
[9.623s] -- Installing: /home/jezzy/yolobot/install/yolobot_description/share/yolobot_description//robot
[9.624s] -- Installing: /home/jezzy/yolobot/install/yolobot_description/share/yolobot_description//robot/yolobot.urdf
[9.625s] -- Installing: /home/jezzy/yolobot/install/yolobot_description/lib/yolobot_description/spawn_yolobot.py
[9.626s] -- Installing: /home/jezzy/yolobot/install/yolobot_description/share/ament_index/resource_index/package_run_dependencies/yolobot_description
[9.626s] -- Installing: /home/jezzy/yolobot/install/yolobot_description/share/ament_index/resource_index/parent_prefix_path/yolobot_description
[9.627s] -- Installing: /home/jezzy/yolobot/install/yolobot_description/share/yolobot_description/environment/ament_prefix_path.sh
[9.628s] -- Installing: /home/jezzy/yolobot/install/yolobot_description/share/yolobot_description/environment/ament_prefix_path.dsv
[9.629s] -- Installing: /home/jezzy/yolobot/install/yolobot_description/share/yolobot_description/environment/path.sh
[9.629s] -- Installing: /home/jezzy/yolobot/install/yolobot_description/share/yolobot_description/environment/path.dsv
[9.630s] -- Installing: /home/jezzy/yolobot/install/yolobot_description/share/yolobot_description/local_setup.bash
[9.631s] -- Installing: /home/jezzy/yolobot/install/yolobot_description/share/yolobot_description/local_setup.sh
[9.631s] -- Installing: /home/jezzy/yolobot/install/yolobot_description/share/yolobot_description/local_setup.zsh
[9.631s] -- Installing: /home/jezzy/yolobot/install/yolobot_description/share/yolobot_description/local_setup.dsv
[9.632s] -- Installing: /home/jezzy/yolobot/install/yolobot_description/share/yolobot_description/package.dsv
[9.633s] -- Installing: /home/jezzy/yolobot/install/yolobot_description/share/ament_index/resource_index/packages/yolobot_description
[9.633s] -- Installing: /home/jezzy/yolobot/install/yolobot_description/share/yolobot_description/cmake/yolobot_descriptionConfig.cmake
[9.633s] -- Installing: /home/jezzy/yolobot/install/yolobot_description/share/yolobot_description/cmake/yolobot_descriptionConfig-version.cmake
[9.634s] -- Installing: /home/jezzy/yolobot/install/yolobot_description/share/yolobot_description/package.xml
[9.638s] Invoked command in '/home/jezzy/yolobot/build/yolobot_description' returned '0': CMAKE_PREFIX_PATH=${CMAKE_PREFIX_PATH}:/home/jezzy/husky_ws/lintic/install/yolosed:/home/jezzy/husky_ws/lintic/install/visual:/home/jezzy/husky_ws/lintic/install/segnet:/home/jezzy/husky_ws/turtlebot3/install/turtlebot3_teleop:/home/jezzy/husky_ws/turtlebot3/install/turtlebot3_example:/home/jezzy/husky_ws/turtlebot3/install/segtect:/home/jezzy/husky_ws/turtlebot3/install/autonomous_exploration:/opt/ros/humble /usr/bin/cmake --install /home/jezzy/yolobot/build/yolobot_description
