[0.102s] Invoking command in '/home/jezzy/huskybot/build/husky_custom_description': CMAKE_PREFIX_PATH=${CMAKE_PREFIX_PATH}:/home/jezzy/huskybot/install/huskybot_fusion:/home/jezzy/huskybot/install/huskybot_navigation:/home/jezzy/husky_ws/turtlebot3/install/turtlebot3_teleop:/home/jezzy/husky_ws/turtlebot3/install/turtlebot3_example:/home/jezzy/husky_ws/turtlebot3/install/segtect:/home/jezzy/husky_ws/turtlebot3/install/autonomous_exploration:/home/jezzy/husky_ws/lintic/install/yolosed:/home/jezzy/husky_ws/lintic/install/visual:/home/jezzy/husky_ws/lintic/install/segnet:/opt/ros/humble /usr/bin/cmake /home/jezzy/huskybot/src/husky_custom_description -DCMAKE_INSTALL_PREFIX=/home/jezzy/huskybot/install/husky_custom_description
[0.905s] -- The C compiler identification is GNU 11.4.0
[2.962s] -- The CXX compiler identification is GNU 11.4.0
[5.125s] -- Detecting C compiler ABI info
[5.852s] -- Detecting C compiler ABI info - done
[5.919s] -- Check for working C compiler: /usr/bin/cc - skipped
[5.919s] -- Detecting C compile features
[5.921s] -- Detecting C compile features - done
[5.949s] -- Detecting CXX compiler ABI info
[7.237s] -- Detecting CXX compiler ABI info - done
[7.295s] -- Check for working CXX compiler: /usr/bin/c++ - skipped
[7.296s] -- Detecting CXX compile features
[7.300s] -- Detecting CXX compile features - done
[7.316s] -- Found ament_cmake: 1.3.11 (/opt/ros/humble/share/ament_cmake/cmake)
[8.306s] -- Found Python3: /usr/bin/python3 (found version "3.10.12") found components: Interpreter 
[8.962s] -- Found ament_lint_auto: 0.12.12 (/opt/ros/humble/share/ament_lint_auto/cmake)
[9.468s] -- Added test 'lint_cmake' to check CMake code style
[9.483s] -- Added test 'xmllint' to check XML markup files
[9.513s] -- Configuring done
[9.530s] -- Generating done
[9.533s] -- Build files have been written to: /home/jezzy/huskybot/build/husky_custom_description
[9.574s] Invoked command in '/home/jezzy/huskybot/build/husky_custom_description' returned '0': CMAKE_PREFIX_PATH=${CMAKE_PREFIX_PATH}:/home/jezzy/huskybot/install/huskybot_fusion:/home/jezzy/huskybot/install/huskybot_navigation:/home/jezzy/husky_ws/turtlebot3/install/turtlebot3_teleop:/home/jezzy/husky_ws/turtlebot3/install/turtlebot3_example:/home/jezzy/husky_ws/turtlebot3/install/segtect:/home/jezzy/husky_ws/turtlebot3/install/autonomous_exploration:/home/jezzy/husky_ws/lintic/install/yolosed:/home/jezzy/husky_ws/lintic/install/visual:/home/jezzy/husky_ws/lintic/install/segnet:/opt/ros/humble /usr/bin/cmake /home/jezzy/huskybot/src/husky_custom_description -DCMAKE_INSTALL_PREFIX=/home/jezzy/huskybot/install/husky_custom_description
[9.587s] Invoking command in '/home/jezzy/huskybot/build/husky_custom_description': CMAKE_PREFIX_PATH=${CMAKE_PREFIX_PATH}:/home/jezzy/huskybot/install/huskybot_fusion:/home/jezzy/huskybot/install/huskybot_navigation:/home/jezzy/husky_ws/turtlebot3/install/turtlebot3_teleop:/home/jezzy/husky_ws/turtlebot3/install/turtlebot3_example:/home/jezzy/husky_ws/turtlebot3/install/segtect:/home/jezzy/husky_ws/turtlebot3/install/autonomous_exploration:/home/jezzy/husky_ws/lintic/install/yolosed:/home/jezzy/husky_ws/lintic/install/visual:/home/jezzy/husky_ws/lintic/install/segnet:/opt/ros/humble /usr/bin/cmake --build /home/jezzy/huskybot/build/husky_custom_description -- -j4 -l4
[9.790s] Invoked command in '/home/jezzy/huskybot/build/husky_custom_description' returned '0': CMAKE_PREFIX_PATH=${CMAKE_PREFIX_PATH}:/home/jezzy/huskybot/install/huskybot_fusion:/home/jezzy/huskybot/install/huskybot_navigation:/home/jezzy/husky_ws/turtlebot3/install/turtlebot3_teleop:/home/jezzy/husky_ws/turtlebot3/install/turtlebot3_example:/home/jezzy/husky_ws/turtlebot3/install/segtect:/home/jezzy/husky_ws/turtlebot3/install/autonomous_exploration:/home/jezzy/husky_ws/lintic/install/yolosed:/home/jezzy/husky_ws/lintic/install/visual:/home/jezzy/husky_ws/lintic/install/segnet:/opt/ros/humble /usr/bin/cmake --build /home/jezzy/huskybot/build/husky_custom_description -- -j4 -l4
[9.823s] Invoking command in '/home/jezzy/huskybot/build/husky_custom_description': CMAKE_PREFIX_PATH=${CMAKE_PREFIX_PATH}:/home/jezzy/huskybot/install/huskybot_fusion:/home/jezzy/huskybot/install/huskybot_navigation:/home/jezzy/husky_ws/turtlebot3/install/turtlebot3_teleop:/home/jezzy/husky_ws/turtlebot3/install/turtlebot3_example:/home/jezzy/husky_ws/turtlebot3/install/segtect:/home/jezzy/husky_ws/turtlebot3/install/autonomous_exploration:/home/jezzy/husky_ws/lintic/install/yolosed:/home/jezzy/husky_ws/lintic/install/visual:/home/jezzy/husky_ws/lintic/install/segnet:/opt/ros/humble /usr/bin/cmake --install /home/jezzy/huskybot/build/husky_custom_description
[9.846s] -- Install configuration: ""
[9.846s] -- Installing: /home/jezzy/huskybot/install/husky_custom_description/share/husky_custom_description//urdf
[9.850s] -- Installing: /home/jezzy/huskybot/install/husky_custom_description/share/husky_custom_description//urdf/custom_description.urdf.xacro
[9.850s] -- Installing: /home/jezzy/huskybot/install/husky_custom_description/share/husky_custom_description//urdf/empty.urdf
[9.856s] -- Installing: /home/jezzy/huskybot/install/husky_custom_description/share/husky_custom_description//urdf/wheel.urdf.xacro
[9.858s] -- Installing: /home/jezzy/huskybot/install/husky_custom_description/share/husky_custom_description//urdf/husky.urdf.xacro
[9.859s] -- Installing: /home/jezzy/huskybot/install/husky_custom_description/share/husky_custom_description//urdf/decorations.urdf.xacro
[9.859s] -- Installing: /home/jezzy/huskybot/install/husky_custom_description/share/husky_custom_description//urdf/pacs.urdf.xacro
[9.860s] -- Installing: /home/jezzy/huskybot/install/husky_custom_description/share/husky_custom_description//urdf/accessories
[9.860s] -- Installing: /home/jezzy/huskybot/install/husky_custom_description/share/husky_custom_description//urdf/accessories/hokuyo_ust10.urdf.xacro
[9.860s] -- Installing: /home/jezzy/huskybot/install/husky_custom_description/share/husky_custom_description//urdf/accessories/flir_blackfly_mount.urdf.xacro
[9.861s] -- Installing: /home/jezzy/huskybot/install/husky_custom_description/share/husky_custom_description//urdf/accessories/sick_lms1xx_mount.urdf.xacro
[9.863s] -- Installing: /home/jezzy/huskybot/install/husky_custom_description/share/husky_custom_description//urdf/accessories/intel_realsense.urdf.xacro
[9.863s] -- Installing: /home/jezzy/huskybot/install/husky_custom_description/share/husky_custom_description//urdf/accessories/vlp16_mount.urdf.xacro
[9.866s] -- Installing: /home/jezzy/huskybot/install/husky_custom_description/share/husky_custom_description//urdf/accessories/sensor_arch.urdf.xacro
[9.866s] -- Installing: /home/jezzy/huskybot/install/husky_custom_description/share/ament_index/resource_index/package_run_dependencies/husky_custom_description
[9.867s] -- Installing: /home/jezzy/huskybot/install/husky_custom_description/share/ament_index/resource_index/parent_prefix_path/husky_custom_description
[9.871s] -- Installing: /home/jezzy/huskybot/install/husky_custom_description/share/husky_custom_description/environment/ament_prefix_path.sh
[9.873s] -- Installing: /home/jezzy/huskybot/install/husky_custom_description/share/husky_custom_description/environment/ament_prefix_path.dsv
[9.874s] -- Installing: /home/jezzy/huskybot/install/husky_custom_description/share/husky_custom_description/environment/path.sh
[9.876s] -- Installing: /home/jezzy/huskybot/install/husky_custom_description/share/husky_custom_description/environment/path.dsv
[9.877s] -- Installing: /home/jezzy/huskybot/install/husky_custom_description/share/husky_custom_description/local_setup.bash
[9.878s] -- Installing: /home/jezzy/huskybot/install/husky_custom_description/share/husky_custom_description/local_setup.sh
[9.885s] -- Installing: /home/jezzy/huskybot/install/husky_custom_description/share/husky_custom_description/local_setup.zsh
[9.913s] -- Installing: /home/jezzy/huskybot/install/husky_custom_description/share/husky_custom_description/local_setup.dsv
[9.914s] -- Installing: /home/jezzy/huskybot/install/husky_custom_description/share/husky_custom_description/package.dsv
[9.915s] -- Installing: /home/jezzy/huskybot/install/husky_custom_description/share/ament_index/resource_index/packages/husky_custom_description
[9.915s] -- Installing: /home/jezzy/huskybot/install/husky_custom_description/share/husky_custom_description/cmake/husky_custom_descriptionConfig.cmake
[9.915s] -- Installing: /home/jezzy/huskybot/install/husky_custom_description/share/husky_custom_description/cmake/husky_custom_descriptionConfig-version.cmake
[9.915s] -- Installing: /home/jezzy/huskybot/install/husky_custom_description/share/husky_custom_description/package.xml
[9.916s] Invoked command in '/home/jezzy/huskybot/build/husky_custom_description' returned '0': CMAKE_PREFIX_PATH=${CMAKE_PREFIX_PATH}:/home/jezzy/huskybot/install/huskybot_fusion:/home/jezzy/huskybot/install/huskybot_navigation:/home/jezzy/husky_ws/turtlebot3/install/turtlebot3_teleop:/home/jezzy/husky_ws/turtlebot3/install/turtlebot3_example:/home/jezzy/husky_ws/turtlebot3/install/segtect:/home/jezzy/husky_ws/turtlebot3/install/autonomous_exploration:/home/jezzy/husky_ws/lintic/install/yolosed:/home/jezzy/husky_ws/lintic/install/visual:/home/jezzy/husky_ws/lintic/install/segnet:/opt/ros/humble /usr/bin/cmake --install /home/jezzy/huskybot/build/husky_custom_description
