[0.037s] Invoking command in '/home/jezzy/huskybot/build/huskybot_control': CMAKE_PREFIX_PATH=${CMAKE_PREFIX_PATH}:/home/jezzy/huskybot/install/huskybot_fusion:/home/jezzy/huskybot/install/huskybot_navigation:/home/jezzy/husky_ws/turtlebot3/install/turtlebot3_teleop:/home/jezzy/husky_ws/turtlebot3/install/turtlebot3_example:/home/jezzy/husky_ws/turtlebot3/install/segtect:/home/jezzy/husky_ws/turtlebot3/install/autonomous_exploration:/home/jezzy/husky_ws/lintic/install/yolosed:/home/jezzy/husky_ws/lintic/install/visual:/home/jezzy/husky_ws/lintic/install/segnet:/opt/ros/humble /usr/bin/cmake /home/jezzy/huskybot/src/huskybot_control -DCMAKE_INSTALL_PREFIX=/home/jezzy/huskybot/install/huskybot_control
[0.543s] -- The C compiler identification is GNU 11.4.0
[2.676s] -- The CXX compiler identification is GNU 11.4.0
[4.211s] -- Detecting C compiler ABI info
[4.851s] -- Detecting C compiler ABI info - done
[4.879s] -- Check for working C compiler: /usr/bin/cc - skipped
[4.881s] -- Detecting C compile features
[4.882s] -- Detecting C compile features - done
[4.892s] -- Detecting CXX compiler ABI info
[5.540s] -- Detecting CXX compiler ABI info - done
[5.577s] -- Check for working CXX compiler: /usr/bin/c++ - skipped
[5.579s] -- Detecting CXX compile features
[5.581s] -- Detecting CXX compile features - done
[5.598s] -- Found ament_cmake: 1.3.11 (/opt/ros/humble/share/ament_cmake/cmake)
[6.200s] -- Found Python3: /usr/bin/python3 (found version "3.10.12") found components: Interpreter 
[6.636s] -- Found ament_lint_auto: 0.12.12 (/opt/ros/humble/share/ament_lint_auto/cmake)
[6.987s] -- Added test 'copyright' to check source files copyright and LICENSE
[6.995s] -- Added test 'flake8' to check Python code syntax and style conventions
[7.001s] -- Added test 'lint_cmake' to check CMake code style
[7.007s] -- Added test 'pep257' to check Python code against some of the docstring style conventions in PEP 257
[7.012s] -- Added test 'xmllint' to check XML markup files
[7.022s] -- Configuring done
[7.033s] -- Generating done
[7.041s] -- Build files have been written to: /home/jezzy/huskybot/build/huskybot_control
[7.052s] Invoked command in '/home/jezzy/huskybot/build/huskybot_control' returned '0': CMAKE_PREFIX_PATH=${CMAKE_PREFIX_PATH}:/home/jezzy/huskybot/install/huskybot_fusion:/home/jezzy/huskybot/install/huskybot_navigation:/home/jezzy/husky_ws/turtlebot3/install/turtlebot3_teleop:/home/jezzy/husky_ws/turtlebot3/install/turtlebot3_example:/home/jezzy/husky_ws/turtlebot3/install/segtect:/home/jezzy/husky_ws/turtlebot3/install/autonomous_exploration:/home/jezzy/husky_ws/lintic/install/yolosed:/home/jezzy/husky_ws/lintic/install/visual:/home/jezzy/husky_ws/lintic/install/segnet:/opt/ros/humble /usr/bin/cmake /home/jezzy/huskybot/src/huskybot_control -DCMAKE_INSTALL_PREFIX=/home/jezzy/huskybot/install/huskybot_control
[7.055s] Invoking command in '/home/jezzy/huskybot/build/huskybot_control': CMAKE_PREFIX_PATH=${CMAKE_PREFIX_PATH}:/home/jezzy/huskybot/install/huskybot_fusion:/home/jezzy/huskybot/install/huskybot_navigation:/home/jezzy/husky_ws/turtlebot3/install/turtlebot3_teleop:/home/jezzy/husky_ws/turtlebot3/install/turtlebot3_example:/home/jezzy/husky_ws/turtlebot3/install/segtect:/home/jezzy/husky_ws/turtlebot3/install/autonomous_exploration:/home/jezzy/husky_ws/lintic/install/yolosed:/home/jezzy/husky_ws/lintic/install/visual:/home/jezzy/husky_ws/lintic/install/segnet:/opt/ros/humble /usr/bin/cmake --build /home/jezzy/huskybot/build/huskybot_control -- -j4 -l4
[7.170s] Invoked command in '/home/jezzy/huskybot/build/huskybot_control' returned '0': CMAKE_PREFIX_PATH=${CMAKE_PREFIX_PATH}:/home/jezzy/huskybot/install/huskybot_fusion:/home/jezzy/huskybot/install/huskybot_navigation:/home/jezzy/husky_ws/turtlebot3/install/turtlebot3_teleop:/home/jezzy/husky_ws/turtlebot3/install/turtlebot3_example:/home/jezzy/husky_ws/turtlebot3/install/segtect:/home/jezzy/husky_ws/turtlebot3/install/autonomous_exploration:/home/jezzy/husky_ws/lintic/install/yolosed:/home/jezzy/husky_ws/lintic/install/visual:/home/jezzy/husky_ws/lintic/install/segnet:/opt/ros/humble /usr/bin/cmake --build /home/jezzy/huskybot/build/huskybot_control -- -j4 -l4
[7.171s] Invoking command in '/home/jezzy/huskybot/build/huskybot_control': CMAKE_PREFIX_PATH=${CMAKE_PREFIX_PATH}:/home/jezzy/huskybot/install/huskybot_fusion:/home/jezzy/huskybot/install/huskybot_navigation:/home/jezzy/husky_ws/turtlebot3/install/turtlebot3_teleop:/home/jezzy/husky_ws/turtlebot3/install/turtlebot3_example:/home/jezzy/husky_ws/turtlebot3/install/segtect:/home/jezzy/husky_ws/turtlebot3/install/autonomous_exploration:/home/jezzy/husky_ws/lintic/install/yolosed:/home/jezzy/husky_ws/lintic/install/visual:/home/jezzy/husky_ws/lintic/install/segnet:/opt/ros/humble /usr/bin/cmake --install /home/jezzy/huskybot/build/huskybot_control
[7.200s] -- Install configuration: ""
[7.200s] -- Installing: /home/jezzy/huskybot/install/huskybot_control/share/huskybot_control//scripts
[7.201s] -- Installing: /home/jezzy/huskybot/install/huskybot_control/share/huskybot_control//scripts/robot_control.py
[7.202s] -- Installing: /home/jezzy/huskybot/install/huskybot_control/share/huskybot_control//launch
[7.202s] -- Installing: /home/jezzy/huskybot/install/huskybot_control/share/huskybot_control//launch/huskybot_control.launch.py
[7.203s] -- Installing: /home/jezzy/huskybot/install/huskybot_control/lib/huskybot_control/robot_control.py
[7.204s] -- Installing: /home/jezzy/huskybot/install/huskybot_control/lib/huskybot_control/huskybot_control.launch.py
[7.205s] -- Installing: /home/jezzy/huskybot/install/huskybot_control/share/ament_index/resource_index/package_run_dependencies/huskybot_control
[7.206s] -- Installing: /home/jezzy/huskybot/install/huskybot_control/share/ament_index/resource_index/parent_prefix_path/huskybot_control
[7.207s] -- Installing: /home/jezzy/huskybot/install/huskybot_control/share/huskybot_control/environment/ament_prefix_path.sh
[7.207s] -- Installing: /home/jezzy/huskybot/install/huskybot_control/share/huskybot_control/environment/ament_prefix_path.dsv
[7.208s] -- Installing: /home/jezzy/huskybot/install/huskybot_control/share/huskybot_control/environment/path.sh
[7.208s] -- Installing: /home/jezzy/huskybot/install/huskybot_control/share/huskybot_control/environment/path.dsv
[7.208s] -- Installing: /home/jezzy/huskybot/install/huskybot_control/share/huskybot_control/local_setup.bash
[7.209s] -- Installing: /home/jezzy/huskybot/install/huskybot_control/share/huskybot_control/local_setup.sh
[7.209s] -- Installing: /home/jezzy/huskybot/install/huskybot_control/share/huskybot_control/local_setup.zsh
[7.209s] -- Installing: /home/jezzy/huskybot/install/huskybot_control/share/huskybot_control/local_setup.dsv
[7.210s] -- Installing: /home/jezzy/huskybot/install/huskybot_control/share/huskybot_control/package.dsv
[7.211s] -- Installing: /home/jezzy/huskybot/install/huskybot_control/share/ament_index/resource_index/packages/huskybot_control
[7.212s] -- Installing: /home/jezzy/huskybot/install/huskybot_control/share/huskybot_control/cmake/huskybot_controlConfig.cmake
[7.212s] -- Installing: /home/jezzy/huskybot/install/huskybot_control/share/huskybot_control/cmake/huskybot_controlConfig-version.cmake
[7.212s] -- Installing: /home/jezzy/huskybot/install/huskybot_control/share/huskybot_control/package.xml
[7.222s] Invoked command in '/home/jezzy/huskybot/build/huskybot_control' returned '0': CMAKE_PREFIX_PATH=${CMAKE_PREFIX_PATH}:/home/jezzy/huskybot/install/huskybot_fusion:/home/jezzy/huskybot/install/huskybot_navigation:/home/jezzy/husky_ws/turtlebot3/install/turtlebot3_teleop:/home/jezzy/husky_ws/turtlebot3/install/turtlebot3_example:/home/jezzy/husky_ws/turtlebot3/install/segtect:/home/jezzy/husky_ws/turtlebot3/install/autonomous_exploration:/home/jezzy/husky_ws/lintic/install/yolosed:/home/jezzy/husky_ws/lintic/install/visual:/home/jezzy/husky_ws/lintic/install/segnet:/opt/ros/humble /usr/bin/cmake --install /home/jezzy/huskybot/build/huskybot_control
