[3.999s] Invoking command in '/home/jezzy/huskybot/src/huskybot_navigation': PYTHONPATH=/home/jezzy/huskybot/build/huskybot_navigation/prefix_override:/usr/lib/python3/dist-packages/colcon_core/task/python/colcon_distutils_commands:/home/jezzy/huskybot/install/huskybot_navigation/lib/python3.10/site-packages:${PYTHONPATH} /usr/bin/python3 -W ignore:setup.py install is deprecated -W ignore:easy_install command is deprecated setup.py egg_info --egg-base ../../build/huskybot_navigation build --build-base /home/jezzy/huskybot/build/huskybot_navigation/build install --record /home/jezzy/huskybot/build/huskybot_navigation/install.log --single-version-externally-managed install_data
[5.167s] running egg_info
[5.168s] creating ../../build/huskybot_navigation/huskybot_navigation.egg-info
[5.169s] writing ../../build/huskybot_navigation/huskybot_navigation.egg-info/PKG-INFO
[5.172s] writing dependency_links to ../../build/huskybot_navigation/huskybot_navigation.egg-info/dependency_links.txt
[5.172s] writing entry points to ../../build/huskybot_navigation/huskybot_navigation.egg-info/entry_points.txt
[5.172s] writing requirements to ../../build/huskybot_navigation/huskybot_navigation.egg-info/requires.txt
[5.173s] writing top-level names to ../../build/huskybot_navigation/huskybot_navigation.egg-info/top_level.txt
[5.173s] writing manifest file '../../build/huskybot_navigation/huskybot_navigation.egg-info/SOURCES.txt'
[5.176s] reading manifest file '../../build/huskybot_navigation/huskybot_navigation.egg-info/SOURCES.txt'
[5.179s] writing manifest file '../../build/huskybot_navigation/huskybot_navigation.egg-info/SOURCES.txt'
[5.179s] running build
[5.180s] running build_py
[5.181s] creating /home/jezzy/huskybot/build/huskybot_navigation/build
[5.181s] creating /home/jezzy/huskybot/build/huskybot_navigation/build/lib
[5.181s] creating /home/jezzy/huskybot/build/huskybot_navigation/build/lib/huskybot_navigation
[5.181s] copying huskybot_navigation/navigation_node.py -> /home/jezzy/huskybot/build/huskybot_navigation/build/lib/huskybot_navigation
[5.182s] copying huskybot_navigation/__init__.py -> /home/jezzy/huskybot/build/huskybot_navigation/build/lib/huskybot_navigation
[5.182s] running install
[5.182s] running install_lib
[5.184s] creating /home/jezzy/huskybot/install/huskybot_navigation/lib/python3.10/site-packages/huskybot_navigation
[5.185s] copying /home/jezzy/huskybot/build/huskybot_navigation/build/lib/huskybot_navigation/navigation_node.py -> /home/jezzy/huskybot/install/huskybot_navigation/lib/python3.10/site-packages/huskybot_navigation
[5.188s] copying /home/jezzy/huskybot/build/huskybot_navigation/build/lib/huskybot_navigation/__init__.py -> /home/jezzy/huskybot/install/huskybot_navigation/lib/python3.10/site-packages/huskybot_navigation
[5.191s] byte-compiling /home/jezzy/huskybot/install/huskybot_navigation/lib/python3.10/site-packages/huskybot_navigation/navigation_node.py to navigation_node.cpython-310.pyc
[5.200s] byte-compiling /home/jezzy/huskybot/install/huskybot_navigation/lib/python3.10/site-packages/huskybot_navigation/__init__.py to __init__.cpython-310.pyc
[5.200s] running install_data
[5.200s] creating /home/jezzy/huskybot/install/huskybot_navigation/share/ament_index
[5.201s] creating /home/jezzy/huskybot/install/huskybot_navigation/share/ament_index/resource_index
[5.201s] creating /home/jezzy/huskybot/install/huskybot_navigation/share/ament_index/resource_index/packages
[5.201s] copying resource/huskybot_navigation -> /home/jezzy/huskybot/install/huskybot_navigation/share/ament_index/resource_index/packages
[5.205s] copying package.xml -> /home/jezzy/huskybot/install/huskybot_navigation/share/huskybot_navigation
[5.206s] running install_egg_info
[5.206s] Copying ../../build/huskybot_navigation/huskybot_navigation.egg-info to /home/jezzy/huskybot/install/huskybot_navigation/lib/python3.10/site-packages/huskybot_navigation-0.0.0-py3.10.egg-info
[5.210s] running install_scripts
[5.285s] writing list of installed files to '/home/jezzy/huskybot/build/huskybot_navigation/install.log'
[5.360s] Invoked command in '/home/jezzy/huskybot/src/huskybot_navigation' returned '0': PYTHONPATH=/home/jezzy/huskybot/build/huskybot_navigation/prefix_override:/usr/lib/python3/dist-packages/colcon_core/task/python/colcon_distutils_commands:/home/jezzy/huskybot/install/huskybot_navigation/lib/python3.10/site-packages:${PYTHONPATH} /usr/bin/python3 -W ignore:setup.py install is deprecated -W ignore:easy_install command is deprecated setup.py egg_info --egg-base ../../build/huskybot_navigation build --build-base /home/jezzy/huskybot/build/huskybot_navigation/build install --record /home/jezzy/huskybot/build/huskybot_navigation/install.log --single-version-externally-managed install_data
