[0.635s] Invoking command in '/home/jezzy/huskybot/build/velodyne_pointcloud': CMAKE_PREFIX_PATH=/home/jezzy/huskybot/install/velodyne_msgs:/home/jezzy/huskybot/install/huskybot_recognition:/home/jezzy/huskybot/install/yolov12_msgs:/home/jezzy/huskybot/install/velodyne:/home/jezzy/huskybot/install/velodyne_pointcloud:/home/jezzy/huskybot/install/velodyne_driver:/home/jezzy/huskybot/install/velodyne_laserscan:/home/jezzy/huskybot/install/huskybot_mapping:/home/jezzy/huskybot/install/huskybot_gazebo:/home/jezzy/huskybot/install/huskybot_description:/home/jezzy/huskybot/install/huskybot_control:/home/jezzy/huskybot/install/husky_custom_description:/home/jezzy/husky_ws/turtlebot3/install/turtlebot3:/home/jezzy/husky_ws/turtlebot3/install/turtlebot3_simulations:/home/jezzy/husky_ws/turtlebot3/install/turtlebot3_bringup:/home/jezzy/husky_ws/turtlebot3/install/turtlebot3_node:/home/jezzy/husky_ws/turtlebot3/install/turtlebot3_navigation2:/home/jezzy/husky_ws/turtlebot3/install/turtlebot3_fake_node:/home/jezzy/husky_ws/turtlebot3/install/turtlebot3_msgs:/home/jezzy/husky_ws/turtlebot3/install/turtlebot3_gazebo:/home/jezzy/husky_ws/turtlebot3/install/turtlebot3_description:/home/jezzy/husky_ws/turtlebot3/install/turtlebot3_cartographer:/home/jezzy/husky_ws/turtlebot3/install/dynamixel_sdk_examples:/home/jezzy/husky_ws/turtlebot3/install/dynamixel_sdk_custom_interfaces:/home/jezzy/husky_ws/turtlebot3/install/dynamixel_sdk:/home/jezzy/huskybot/install/huskybot_fusion:/home/jezzy/huskybot/install/huskybot_navigation:/home/jezzy/husky_ws/turtlebot3/install/turtlebot3_teleop:/home/jezzy/husky_ws/turtlebot3/install/turtlebot3_example:/home/jezzy/husky_ws/turtlebot3/install/segtect:/home/jezzy/husky_ws/turtlebot3/install/autonomous_exploration:/home/jezzy/husky_ws/lintic/install/yolosed:/home/jezzy/husky_ws/lintic/install/visual:/home/jezzy/husky_ws/lintic/install/segnet:/opt/ros/humble LD_LIBRARY_PATH=/home/jezzy/huskybot/install/velodyne_msgs/lib:/home/jezzy/huskybot/install/yolov12_msgs/lib:/home/jezzy/huskybot/install/velodyne_pointcloud/lib:/home/jezzy/huskybot/install/velodyne_driver/lib:/home/jezzy/huskybot/install/velodyne_laserscan/lib:/home/jezzy/husky_ws/turtlebot3/install/turtlebot3_msgs/lib:/home/jezzy/husky_ws/turtlebot3/install/dynamixel_sdk_custom_interfaces/lib:/home/jezzy/husky_ws/turtlebot3/install/dynamixel_sdk/lib:/usr/lib/x86_64-linux-gnu/gazebo-11/plugins:/opt/ros/humble/opt/rviz_ogre_vendor/lib:/opt/ros/humble/lib/x86_64-linux-gnu:/opt/ros/humble/lib:/usr/share/gazebo/../../lib/x86_64-linux-gnu/gazebo-11/plugins /usr/bin/cmake /home/jezzy/huskybot/src/velodyne/velodyne_pointcloud -DCMAKE_INSTALL_PREFIX=/home/jezzy/huskybot/install/velodyne_pointcloud
[1.159s] -- The C compiler identification is GNU 11.4.0
[3.315s] -- The CXX compiler identification is GNU 11.4.0
[4.649s] -- Detecting C compiler ABI info
[5.368s] -- Detecting C compiler ABI info - done
[5.440s] -- Check for working C compiler: /usr/bin/cc - skipped
[5.442s] -- Detecting C compile features
[5.444s] -- Detecting C compile features - done
[5.468s] -- Detecting CXX compiler ABI info
[6.108s] -- Detecting CXX compiler ABI info - done
[6.131s] -- Check for working CXX compiler: /usr/bin/c++ - skipped
[6.132s] -- Detecting CXX compile features
[6.134s] -- Detecting CXX compile features - done
[6.149s] -- Found ament_cmake: 1.3.11 (/opt/ros/humble/share/ament_cmake/cmake)
[6.877s] -- Found Python3: /usr/bin/python3 (found version "3.10.12") found components: Interpreter 
[7.501s] -- Found angles: 1.15.0 (/opt/ros/humble/share/angles/cmake)
[7.543s] -- Found diagnostic_updater: 4.0.3 (/opt/ros/humble/share/diagnostic_updater/cmake)
[8.638s] -- Found rosidl_generator_c: 3.1.6 (/opt/ros/humble/share/rosidl_generator_c/cmake)
[8.694s] -- Found rosidl_adapter: 3.1.6 (/opt/ros/humble/share/rosidl_adapter/cmake)
[8.773s] -- Found rosidl_generator_cpp: 3.1.6 (/opt/ros/humble/share/rosidl_generator_cpp/cmake)
[8.874s] -- Using all available rosidl_typesupport_c: rosidl_typesupport_fastrtps_c;rosidl_typesupport_introspection_c
[9.014s] -- Using all available rosidl_typesupport_cpp: rosidl_typesupport_fastrtps_cpp;rosidl_typesupport_introspection_cpp
[9.607s] -- Found rmw_implementation_cmake: 6.1.2 (/opt/ros/humble/share/rmw_implementation_cmake/cmake)
[9.645s] -- Found rmw_fastrtps_cpp: 6.2.7 (/opt/ros/humble/share/rmw_fastrtps_cpp/cmake)
[14.891s] -- Found OpenSSL: /usr/lib/x86_64-linux-gnu/libcrypto.so (found version "3.0.2")  
[21.144s] -- Found FastRTPS: /opt/ros/humble/include  
[31.900s] -- Using RMW implementation 'rmw_fastrtps_cpp' as default
[31.975s] -- Looking for pthread.h
[32.550s] -- Looking for pthread.h - found
[32.551s] -- Performing Test CMAKE_HAVE_LIBC_PTHREAD
[33.085s] -- Performing Test CMAKE_HAVE_LIBC_PTHREAD - Success
[33.089s] -- Found Threads: TRUE  
[33.323s] -- Found geometry_msgs: 4.8.0 (/opt/ros/humble/share/geometry_msgs/cmake)
[33.377s] -- Found message_filters: 4.3.7 (/opt/ros/humble/share/message_filters/cmake)
[33.450s] -- Checking for module 'eigen3'
[33.493s] --   Found eigen3, version 3.4.0
[33.585s] -- Found Eigen: /usr/include/eigen3 (Required is at least version "3.1") 
[33.587s] -- Eigen found (include: /usr/include/eigen3, version: 3.4.0)
[33.826s] -- Found Boost: /usr/lib/x86_64-linux-gnu/cmake/Boost-1.74.0/BoostConfig.cmake (found suitable version "1.74.0", minimum required is "1.65.0") found components: system filesystem date_time iostreams serialization 
[33.832s] -- looking for PCL_COMMON
[33.834s] -- Found PCL_COMMON: /usr/lib/x86_64-linux-gnu/libpcl_common.so  
[33.835s] -- Found PCL: pcl_common;Boost::system;Boost::filesystem;Boost::date_time;Boost::iostreams;Boost::serialization  
[33.851s] -- Found rclcpp_components: 16.0.12 (/opt/ros/humble/share/rclcpp_components/cmake)
[33.982s] -- Found sensor_msgs: 4.8.0 (/opt/ros/humble/share/sensor_msgs/cmake)
[34.070s] -- Found tf2: 0.25.12 (/opt/ros/humble/share/tf2/cmake)
[34.099s] -- Found tf2_ros: 0.25.12 (/opt/ros/humble/share/tf2_ros/cmake)
[34.403s] -- Found velodyne_msgs: 2.5.1 (/home/jezzy/huskybot/install/velodyne_msgs/share/velodyne_msgs/cmake)
[34.508s] -- Found ament_lint_auto: 0.12.12 (/opt/ros/humble/share/ament_lint_auto/cmake)
[34.901s] -- Found gtest sources under '/opt/ros/humble/src/gtest_vendor': C++ tests using 'Google Test' will be built
[34.942s] -- Added test 'copyright' to check source files copyright and LICENSE
[34.952s] -- Added test 'cppcheck' to perform static code analysis on C / C++ code
[34.952s] -- Configured cppcheck include dirs: $<BUILD_INTERFACE:/home/jezzy/huskybot/src/velodyne/velodyne_pointcloud/include>
[34.952s] -- Configured cppcheck exclude dirs and/or files: 
[34.963s] -- Added test 'cpplint' to check C / C++ code against the Google style
[34.963s] -- Configured cpplint exclude dirs and/or files: 
[34.972s] -- Added test 'flake8' to check Python code syntax and style conventions
[34.977s] -- Added test 'lint_cmake' to check CMake code style
[34.981s] -- Added test 'pep257' to check Python code against some of the docstring style conventions in PEP 257
[34.990s] -- Added test 'uncrustify' to check C / C++ code style
[34.991s] -- Configured uncrustify additional arguments: 
[35.002s] -- Configuring done
[35.162s] -- Generating done
[35.216s] -- Build files have been written to: /home/jezzy/huskybot/build/velodyne_pointcloud
[35.251s] Invoked command in '/home/jezzy/huskybot/build/velodyne_pointcloud' returned '0': CMAKE_PREFIX_PATH=/home/jezzy/huskybot/install/velodyne_msgs:/home/jezzy/huskybot/install/huskybot_recognition:/home/jezzy/huskybot/install/yolov12_msgs:/home/jezzy/huskybot/install/velodyne:/home/jezzy/huskybot/install/velodyne_pointcloud:/home/jezzy/huskybot/install/velodyne_driver:/home/jezzy/huskybot/install/velodyne_laserscan:/home/jezzy/huskybot/install/huskybot_mapping:/home/jezzy/huskybot/install/huskybot_gazebo:/home/jezzy/huskybot/install/huskybot_description:/home/jezzy/huskybot/install/huskybot_control:/home/jezzy/huskybot/install/husky_custom_description:/home/jezzy/husky_ws/turtlebot3/install/turtlebot3:/home/jezzy/husky_ws/turtlebot3/install/turtlebot3_simulations:/home/jezzy/husky_ws/turtlebot3/install/turtlebot3_bringup:/home/jezzy/husky_ws/turtlebot3/install/turtlebot3_node:/home/jezzy/husky_ws/turtlebot3/install/turtlebot3_navigation2:/home/jezzy/husky_ws/turtlebot3/install/turtlebot3_fake_node:/home/jezzy/husky_ws/turtlebot3/install/turtlebot3_msgs:/home/jezzy/husky_ws/turtlebot3/install/turtlebot3_gazebo:/home/jezzy/husky_ws/turtlebot3/install/turtlebot3_description:/home/jezzy/husky_ws/turtlebot3/install/turtlebot3_cartographer:/home/jezzy/husky_ws/turtlebot3/install/dynamixel_sdk_examples:/home/jezzy/husky_ws/turtlebot3/install/dynamixel_sdk_custom_interfaces:/home/jezzy/husky_ws/turtlebot3/install/dynamixel_sdk:/home/jezzy/huskybot/install/huskybot_fusion:/home/jezzy/huskybot/install/huskybot_navigation:/home/jezzy/husky_ws/turtlebot3/install/turtlebot3_teleop:/home/jezzy/husky_ws/turtlebot3/install/turtlebot3_example:/home/jezzy/husky_ws/turtlebot3/install/segtect:/home/jezzy/husky_ws/turtlebot3/install/autonomous_exploration:/home/jezzy/husky_ws/lintic/install/yolosed:/home/jezzy/husky_ws/lintic/install/visual:/home/jezzy/husky_ws/lintic/install/segnet:/opt/ros/humble LD_LIBRARY_PATH=/home/jezzy/huskybot/install/velodyne_msgs/lib:/home/jezzy/huskybot/install/yolov12_msgs/lib:/home/jezzy/huskybot/install/velodyne_pointcloud/lib:/home/jezzy/huskybot/install/velodyne_driver/lib:/home/jezzy/huskybot/install/velodyne_laserscan/lib:/home/jezzy/husky_ws/turtlebot3/install/turtlebot3_msgs/lib:/home/jezzy/husky_ws/turtlebot3/install/dynamixel_sdk_custom_interfaces/lib:/home/jezzy/husky_ws/turtlebot3/install/dynamixel_sdk/lib:/usr/lib/x86_64-linux-gnu/gazebo-11/plugins:/opt/ros/humble/opt/rviz_ogre_vendor/lib:/opt/ros/humble/lib/x86_64-linux-gnu:/opt/ros/humble/lib:/usr/share/gazebo/../../lib/x86_64-linux-gnu/gazebo-11/plugins /usr/bin/cmake /home/jezzy/huskybot/src/velodyne/velodyne_pointcloud -DCMAKE_INSTALL_PREFIX=/home/jezzy/huskybot/install/velodyne_pointcloud
[35.252s] Invoking command in '/home/jezzy/huskybot/build/velodyne_pointcloud': CMAKE_PREFIX_PATH=/home/jezzy/huskybot/install/velodyne_msgs:/home/jezzy/huskybot/install/huskybot_recognition:/home/jezzy/huskybot/install/yolov12_msgs:/home/jezzy/huskybot/install/velodyne:/home/jezzy/huskybot/install/velodyne_pointcloud:/home/jezzy/huskybot/install/velodyne_driver:/home/jezzy/huskybot/install/velodyne_laserscan:/home/jezzy/huskybot/install/huskybot_mapping:/home/jezzy/huskybot/install/huskybot_gazebo:/home/jezzy/huskybot/install/huskybot_description:/home/jezzy/huskybot/install/huskybot_control:/home/jezzy/huskybot/install/husky_custom_description:/home/jezzy/husky_ws/turtlebot3/install/turtlebot3:/home/jezzy/husky_ws/turtlebot3/install/turtlebot3_simulations:/home/jezzy/husky_ws/turtlebot3/install/turtlebot3_bringup:/home/jezzy/husky_ws/turtlebot3/install/turtlebot3_node:/home/jezzy/husky_ws/turtlebot3/install/turtlebot3_navigation2:/home/jezzy/husky_ws/turtlebot3/install/turtlebot3_fake_node:/home/jezzy/husky_ws/turtlebot3/install/turtlebot3_msgs:/home/jezzy/husky_ws/turtlebot3/install/turtlebot3_gazebo:/home/jezzy/husky_ws/turtlebot3/install/turtlebot3_description:/home/jezzy/husky_ws/turtlebot3/install/turtlebot3_cartographer:/home/jezzy/husky_ws/turtlebot3/install/dynamixel_sdk_examples:/home/jezzy/husky_ws/turtlebot3/install/dynamixel_sdk_custom_interfaces:/home/jezzy/husky_ws/turtlebot3/install/dynamixel_sdk:/home/jezzy/huskybot/install/huskybot_fusion:/home/jezzy/huskybot/install/huskybot_navigation:/home/jezzy/husky_ws/turtlebot3/install/turtlebot3_teleop:/home/jezzy/husky_ws/turtlebot3/install/turtlebot3_example:/home/jezzy/husky_ws/turtlebot3/install/segtect:/home/jezzy/husky_ws/turtlebot3/install/autonomous_exploration:/home/jezzy/husky_ws/lintic/install/yolosed:/home/jezzy/husky_ws/lintic/install/visual:/home/jezzy/husky_ws/lintic/install/segnet:/opt/ros/humble LD_LIBRARY_PATH=/home/jezzy/huskybot/install/velodyne_msgs/lib:/home/jezzy/huskybot/install/yolov12_msgs/lib:/home/jezzy/huskybot/install/velodyne_pointcloud/lib:/home/jezzy/huskybot/install/velodyne_driver/lib:/home/jezzy/huskybot/install/velodyne_laserscan/lib:/home/jezzy/husky_ws/turtlebot3/install/turtlebot3_msgs/lib:/home/jezzy/husky_ws/turtlebot3/install/dynamixel_sdk_custom_interfaces/lib:/home/jezzy/husky_ws/turtlebot3/install/dynamixel_sdk/lib:/usr/lib/x86_64-linux-gnu/gazebo-11/plugins:/opt/ros/humble/opt/rviz_ogre_vendor/lib:/opt/ros/humble/lib/x86_64-linux-gnu:/opt/ros/humble/lib:/usr/share/gazebo/../../lib/x86_64-linux-gnu/gazebo-11/plugins /usr/bin/cmake --build /home/jezzy/huskybot/build/velodyne_pointcloud -- -j4 -l4
[35.463s] [  5%] [32mBuilding CXX object CMakeFiles/velodyne_rawdata.dir/src/lib/rawdata.cpp.o[0m
[56.282s] [ 11%] [32mBuilding CXX object CMakeFiles/velodyne_rawdata.dir/src/lib/calibration.cpp.o[0m
[67.006s] [ 16%] [32m[1mLinking CXX shared library libvelodyne_rawdata.so[0m
[67.624s] [ 16%] Built target velodyne_rawdata
[67.658s] [ 22%] [32mBuilding CXX object gtest/CMakeFiles/gtest.dir/src/gtest-all.cc.o[0m
[73.976s] [ 27%] [32m[1mLinking CXX static library libgtest.a[0m
[74.100s] [ 27%] Built target gtest
[74.185s] [ 33%] [32mBuilding CXX object gtest/CMakeFiles/gtest_main.dir/src/gtest_main.cc.o[0m
[75.496s] [ 38%] [32m[1mLinking CXX static library libgtest_main.a[0m
[75.548s] [ 38%] Built target gtest_main
[75.586s] [ 44%] [32mBuilding CXX object CMakeFiles/velodyne_cloud_types.dir/src/lib/pointcloudXYZIRT.cpp.o[0m
[87.405s] [ 50%] [32mBuilding CXX object CMakeFiles/velodyne_cloud_types.dir/src/lib/organized_cloudXYZIRT.cpp.o[0m
[100.511s] [ 55%] [32m[1mLinking CXX shared library libvelodyne_cloud_types.so[0m
[100.966s] [ 55%] Built target velodyne_cloud_types
[101.008s] [ 61%] [32mBuilding CXX object tests/CMakeFiles/test_calibration.dir/test_calibration.cpp.o[0m
[101.008s] [ 66%] [32mBuilding CXX object tests/CMakeFiles/test_row_step.dir/test_row_step.cpp.o[0m
[101.011s] [ 72%] [32mBuilding CXX object CMakeFiles/transform.dir/src/conversions/transform.cpp.o[0m
[104.050s] [ 77%] [32m[1mLinking CXX executable test_calibration[0m
[104.826s] [ 77%] Built target test_calibration
[114.419s] [ 83%] [32m[1mLinking CXX executable test_row_step[0m
[115.319s] [ 83%] Built target test_row_step
[126.468s] [ 88%] [32m[1mLinking CXX shared library libtransform.so[0m
[127.703s] [ 88%] Built target transform
[127.734s] [ 94%] [32mBuilding CXX object CMakeFiles/velodyne_transform_node.dir/src/conversions/transform_node.cpp.o[0m
[137.711s] [100%] [32m[1mLinking CXX executable velodyne_transform_node[0m
[138.486s] [100%] Built target velodyne_transform_node
[138.504s] Invoked command in '/home/jezzy/huskybot/build/velodyne_pointcloud' returned '0': CMAKE_PREFIX_PATH=/home/jezzy/huskybot/install/velodyne_msgs:/home/jezzy/huskybot/install/huskybot_recognition:/home/jezzy/huskybot/install/yolov12_msgs:/home/jezzy/huskybot/install/velodyne:/home/jezzy/huskybot/install/velodyne_pointcloud:/home/jezzy/huskybot/install/velodyne_driver:/home/jezzy/huskybot/install/velodyne_laserscan:/home/jezzy/huskybot/install/huskybot_mapping:/home/jezzy/huskybot/install/huskybot_gazebo:/home/jezzy/huskybot/install/huskybot_description:/home/jezzy/huskybot/install/huskybot_control:/home/jezzy/huskybot/install/husky_custom_description:/home/jezzy/husky_ws/turtlebot3/install/turtlebot3:/home/jezzy/husky_ws/turtlebot3/install/turtlebot3_simulations:/home/jezzy/husky_ws/turtlebot3/install/turtlebot3_bringup:/home/jezzy/husky_ws/turtlebot3/install/turtlebot3_node:/home/jezzy/husky_ws/turtlebot3/install/turtlebot3_navigation2:/home/jezzy/husky_ws/turtlebot3/install/turtlebot3_fake_node:/home/jezzy/husky_ws/turtlebot3/install/turtlebot3_msgs:/home/jezzy/husky_ws/turtlebot3/install/turtlebot3_gazebo:/home/jezzy/husky_ws/turtlebot3/install/turtlebot3_description:/home/jezzy/husky_ws/turtlebot3/install/turtlebot3_cartographer:/home/jezzy/husky_ws/turtlebot3/install/dynamixel_sdk_examples:/home/jezzy/husky_ws/turtlebot3/install/dynamixel_sdk_custom_interfaces:/home/jezzy/husky_ws/turtlebot3/install/dynamixel_sdk:/home/jezzy/huskybot/install/huskybot_fusion:/home/jezzy/huskybot/install/huskybot_navigation:/home/jezzy/husky_ws/turtlebot3/install/turtlebot3_teleop:/home/jezzy/husky_ws/turtlebot3/install/turtlebot3_example:/home/jezzy/husky_ws/turtlebot3/install/segtect:/home/jezzy/husky_ws/turtlebot3/install/autonomous_exploration:/home/jezzy/husky_ws/lintic/install/yolosed:/home/jezzy/husky_ws/lintic/install/visual:/home/jezzy/husky_ws/lintic/install/segnet:/opt/ros/humble LD_LIBRARY_PATH=/home/jezzy/huskybot/install/velodyne_msgs/lib:/home/jezzy/huskybot/install/yolov12_msgs/lib:/home/jezzy/huskybot/install/velodyne_pointcloud/lib:/home/jezzy/huskybot/install/velodyne_driver/lib:/home/jezzy/huskybot/install/velodyne_laserscan/lib:/home/jezzy/husky_ws/turtlebot3/install/turtlebot3_msgs/lib:/home/jezzy/husky_ws/turtlebot3/install/dynamixel_sdk_custom_interfaces/lib:/home/jezzy/husky_ws/turtlebot3/install/dynamixel_sdk/lib:/usr/lib/x86_64-linux-gnu/gazebo-11/plugins:/opt/ros/humble/opt/rviz_ogre_vendor/lib:/opt/ros/humble/lib/x86_64-linux-gnu:/opt/ros/humble/lib:/usr/share/gazebo/../../lib/x86_64-linux-gnu/gazebo-11/plugins /usr/bin/cmake --build /home/jezzy/huskybot/build/velodyne_pointcloud -- -j4 -l4
[138.508s] Invoking command in '/home/jezzy/huskybot/build/velodyne_pointcloud': CMAKE_PREFIX_PATH=/home/jezzy/huskybot/install/velodyne_msgs:/home/jezzy/huskybot/install/huskybot_recognition:/home/jezzy/huskybot/install/yolov12_msgs:/home/jezzy/huskybot/install/velodyne:/home/jezzy/huskybot/install/velodyne_pointcloud:/home/jezzy/huskybot/install/velodyne_driver:/home/jezzy/huskybot/install/velodyne_laserscan:/home/jezzy/huskybot/install/huskybot_mapping:/home/jezzy/huskybot/install/huskybot_gazebo:/home/jezzy/huskybot/install/huskybot_description:/home/jezzy/huskybot/install/huskybot_control:/home/jezzy/huskybot/install/husky_custom_description:/home/jezzy/husky_ws/turtlebot3/install/turtlebot3:/home/jezzy/husky_ws/turtlebot3/install/turtlebot3_simulations:/home/jezzy/husky_ws/turtlebot3/install/turtlebot3_bringup:/home/jezzy/husky_ws/turtlebot3/install/turtlebot3_node:/home/jezzy/husky_ws/turtlebot3/install/turtlebot3_navigation2:/home/jezzy/husky_ws/turtlebot3/install/turtlebot3_fake_node:/home/jezzy/husky_ws/turtlebot3/install/turtlebot3_msgs:/home/jezzy/husky_ws/turtlebot3/install/turtlebot3_gazebo:/home/jezzy/husky_ws/turtlebot3/install/turtlebot3_description:/home/jezzy/husky_ws/turtlebot3/install/turtlebot3_cartographer:/home/jezzy/husky_ws/turtlebot3/install/dynamixel_sdk_examples:/home/jezzy/husky_ws/turtlebot3/install/dynamixel_sdk_custom_interfaces:/home/jezzy/husky_ws/turtlebot3/install/dynamixel_sdk:/home/jezzy/huskybot/install/huskybot_fusion:/home/jezzy/huskybot/install/huskybot_navigation:/home/jezzy/husky_ws/turtlebot3/install/turtlebot3_teleop:/home/jezzy/husky_ws/turtlebot3/install/turtlebot3_example:/home/jezzy/husky_ws/turtlebot3/install/segtect:/home/jezzy/husky_ws/turtlebot3/install/autonomous_exploration:/home/jezzy/husky_ws/lintic/install/yolosed:/home/jezzy/husky_ws/lintic/install/visual:/home/jezzy/husky_ws/lintic/install/segnet:/opt/ros/humble LD_LIBRARY_PATH=/home/jezzy/huskybot/install/velodyne_msgs/lib:/home/jezzy/huskybot/install/yolov12_msgs/lib:/home/jezzy/huskybot/install/velodyne_pointcloud/lib:/home/jezzy/huskybot/install/velodyne_driver/lib:/home/jezzy/huskybot/install/velodyne_laserscan/lib:/home/jezzy/husky_ws/turtlebot3/install/turtlebot3_msgs/lib:/home/jezzy/husky_ws/turtlebot3/install/dynamixel_sdk_custom_interfaces/lib:/home/jezzy/husky_ws/turtlebot3/install/dynamixel_sdk/lib:/usr/lib/x86_64-linux-gnu/gazebo-11/plugins:/opt/ros/humble/opt/rviz_ogre_vendor/lib:/opt/ros/humble/lib/x86_64-linux-gnu:/opt/ros/humble/lib:/usr/share/gazebo/../../lib/x86_64-linux-gnu/gazebo-11/plugins /usr/bin/cmake --install /home/jezzy/huskybot/build/velodyne_pointcloud
[138.518s] -- Install configuration: ""
[138.519s] -- Installing: /home/jezzy/huskybot/install/velodyne_pointcloud/lib/libvelodyne_cloud_types.so
[138.521s] -- Set runtime path of "/home/jezzy/huskybot/install/velodyne_pointcloud/lib/libvelodyne_cloud_types.so" to ""
[138.521s] -- Installing: /home/jezzy/huskybot/install/velodyne_pointcloud/lib/libvelodyne_rawdata.so
[138.523s] -- Set runtime path of "/home/jezzy/huskybot/install/velodyne_pointcloud/lib/libvelodyne_rawdata.so" to ""
[138.523s] -- Installing: /home/jezzy/huskybot/install/velodyne_pointcloud/lib/libtransform.so
[138.537s] -- Set runtime path of "/home/jezzy/huskybot/install/velodyne_pointcloud/lib/libtransform.so" to ""
[138.538s] -- Installing: /home/jezzy/huskybot/install/velodyne_pointcloud/lib/velodyne_pointcloud/velodyne_transform_node
[138.540s] -- Set runtime path of "/home/jezzy/huskybot/install/velodyne_pointcloud/lib/velodyne_pointcloud/velodyne_transform_node" to ""
[138.540s] -- Installing: /home/jezzy/huskybot/install/velodyne_pointcloud/include/velodyne_pointcloud
[138.541s] -- Installing: /home/jezzy/huskybot/install/velodyne_pointcloud/include/velodyne_pointcloud/datacontainerbase.hpp
[138.541s] -- Installing: /home/jezzy/huskybot/install/velodyne_pointcloud/include/velodyne_pointcloud/rawdata.hpp
[138.541s] -- Installing: /home/jezzy/huskybot/install/velodyne_pointcloud/include/velodyne_pointcloud/calibration.hpp
[138.542s] -- Installing: /home/jezzy/huskybot/install/velodyne_pointcloud/include/velodyne_pointcloud/organized_cloudXYZIRT.hpp
[138.542s] -- Installing: /home/jezzy/huskybot/install/velodyne_pointcloud/include/velodyne_pointcloud/transform.hpp
[138.543s] -- Installing: /home/jezzy/huskybot/install/velodyne_pointcloud/include/velodyne_pointcloud/pointcloudXYZIRT.hpp
[138.543s] -- Installing: /home/jezzy/huskybot/install/velodyne_pointcloud/share/velodyne_pointcloud/config
[138.543s] -- Installing: /home/jezzy/huskybot/install/velodyne_pointcloud/share/velodyne_pointcloud/config/VLS128-velodyne_transform_node-params.yaml
[138.544s] -- Installing: /home/jezzy/huskybot/install/velodyne_pointcloud/share/velodyne_pointcloud/config/VLP32C-velodyne_transform_node-params.yaml
[138.544s] -- Installing: /home/jezzy/huskybot/install/velodyne_pointcloud/share/velodyne_pointcloud/config/VLP16-velodyne_transform_node-params.yaml
[138.545s] -- Installing: /home/jezzy/huskybot/install/velodyne_pointcloud/share/velodyne_pointcloud/launch
[138.545s] -- Installing: /home/jezzy/huskybot/install/velodyne_pointcloud/share/velodyne_pointcloud/launch/velodyne_transform_node-VLP32C-launch.py
[138.546s] -- Installing: /home/jezzy/huskybot/install/velodyne_pointcloud/share/velodyne_pointcloud/launch/velodyne_transform_node-VLP16-composed-launch.py
[138.546s] -- Installing: /home/jezzy/huskybot/install/velodyne_pointcloud/share/velodyne_pointcloud/launch/velodyne_transform_node-VLP32C-composed-launch.py
[138.546s] -- Installing: /home/jezzy/huskybot/install/velodyne_pointcloud/share/velodyne_pointcloud/launch/velodyne_transform_node-VLS128-composed-launch.py
[138.546s] -- Installing: /home/jezzy/huskybot/install/velodyne_pointcloud/share/velodyne_pointcloud/launch/velodyne_transform_node-VLS128-launch.py
[138.546s] -- Installing: /home/jezzy/huskybot/install/velodyne_pointcloud/share/velodyne_pointcloud/launch/velodyne_transform_node-VLP16-launch.py
[138.547s] -- Installing: /home/jezzy/huskybot/install/velodyne_pointcloud/share/velodyne_pointcloud/params
[138.547s] -- Installing: /home/jezzy/huskybot/install/velodyne_pointcloud/share/velodyne_pointcloud/params/64e_s2.1-sztaki.yaml
[138.547s] -- Installing: /home/jezzy/huskybot/install/velodyne_pointcloud/share/velodyne_pointcloud/params/64e_s3-xiesc.yaml
[138.547s] -- Installing: /home/jezzy/huskybot/install/velodyne_pointcloud/share/velodyne_pointcloud/params/VLP16db.yaml
[138.548s] -- Installing: /home/jezzy/huskybot/install/velodyne_pointcloud/share/velodyne_pointcloud/params/VLS128.yaml
[138.548s] -- Installing: /home/jezzy/huskybot/install/velodyne_pointcloud/share/velodyne_pointcloud/params/64e_utexas.yaml
[138.549s] -- Installing: /home/jezzy/huskybot/install/velodyne_pointcloud/share/velodyne_pointcloud/params/VeloView-VLP-32C.yaml
[138.549s] -- Installing: /home/jezzy/huskybot/install/velodyne_pointcloud/share/velodyne_pointcloud/params/VLP16_hires_db.yaml
[138.550s] -- Installing: /home/jezzy/huskybot/install/velodyne_pointcloud/share/velodyne_pointcloud/params/rviz_points.vcg
[138.550s] -- Installing: /home/jezzy/huskybot/install/velodyne_pointcloud/share/velodyne_pointcloud/params/issue_84_float_intensities.yaml
[138.551s] -- Installing: /home/jezzy/huskybot/install/velodyne_pointcloud/share/velodyne_pointcloud/params/32db.yaml
[138.551s] -- Installing: /home/jezzy/huskybot/install/velodyne_pointcloud/share/velodyne_pointcloud/environment/library_path.sh
[138.552s] -- Installing: /home/jezzy/huskybot/install/velodyne_pointcloud/share/velodyne_pointcloud/environment/library_path.dsv
[138.552s] -- Installing: /home/jezzy/huskybot/install/velodyne_pointcloud/share/ament_index/resource_index/package_run_dependencies/velodyne_pointcloud
[138.553s] -- Installing: /home/jezzy/huskybot/install/velodyne_pointcloud/share/ament_index/resource_index/parent_prefix_path/velodyne_pointcloud
[138.554s] -- Installing: /home/jezzy/huskybot/install/velodyne_pointcloud/share/velodyne_pointcloud/environment/ament_prefix_path.sh
[138.555s] -- Installing: /home/jezzy/huskybot/install/velodyne_pointcloud/share/velodyne_pointcloud/environment/ament_prefix_path.dsv
[138.555s] -- Installing: /home/jezzy/huskybot/install/velodyne_pointcloud/share/velodyne_pointcloud/environment/path.sh
[138.556s] -- Installing: /home/jezzy/huskybot/install/velodyne_pointcloud/share/velodyne_pointcloud/environment/path.dsv
[138.556s] -- Installing: /home/jezzy/huskybot/install/velodyne_pointcloud/share/velodyne_pointcloud/local_setup.bash
[138.557s] -- Installing: /home/jezzy/huskybot/install/velodyne_pointcloud/share/velodyne_pointcloud/local_setup.sh
[138.557s] -- Installing: /home/jezzy/huskybot/install/velodyne_pointcloud/share/velodyne_pointcloud/local_setup.zsh
[138.558s] -- Installing: /home/jezzy/huskybot/install/velodyne_pointcloud/share/velodyne_pointcloud/local_setup.dsv
[138.558s] -- Installing: /home/jezzy/huskybot/install/velodyne_pointcloud/share/velodyne_pointcloud/package.dsv
[138.558s] -- Installing: /home/jezzy/huskybot/install/velodyne_pointcloud/share/ament_index/resource_index/packages/velodyne_pointcloud
[138.559s] -- Installing: /home/jezzy/huskybot/install/velodyne_pointcloud/share/ament_index/resource_index/rclcpp_components/velodyne_pointcloud
[138.559s] -- Installing: /home/jezzy/huskybot/install/velodyne_pointcloud/share/velodyne_pointcloud/cmake/velodyne_pointcloudExport.cmake
[138.559s] -- Installing: /home/jezzy/huskybot/install/velodyne_pointcloud/share/velodyne_pointcloud/cmake/velodyne_pointcloudExport-noconfig.cmake
[138.560s] -- Installing: /home/jezzy/huskybot/install/velodyne_pointcloud/share/velodyne_pointcloud/cmake/ament_cmake_export_include_directories-extras.cmake
[138.560s] -- Installing: /home/jezzy/huskybot/install/velodyne_pointcloud/share/velodyne_pointcloud/cmake/ament_cmake_export_dependencies-extras.cmake
[138.560s] -- Installing: /home/jezzy/huskybot/install/velodyne_pointcloud/share/velodyne_pointcloud/cmake/ament_cmake_export_libraries-extras.cmake
[138.561s] -- Installing: /home/jezzy/huskybot/install/velodyne_pointcloud/share/velodyne_pointcloud/cmake/ament_cmake_export_targets-extras.cmake
[138.562s] -- Installing: /home/jezzy/huskybot/install/velodyne_pointcloud/share/velodyne_pointcloud/cmake/velodyne_pointcloudConfig.cmake
[138.562s] -- Installing: /home/jezzy/huskybot/install/velodyne_pointcloud/share/velodyne_pointcloud/cmake/velodyne_pointcloudConfig-version.cmake
[138.562s] -- Installing: /home/jezzy/huskybot/install/velodyne_pointcloud/share/velodyne_pointcloud/package.xml
[138.566s] Invoked command in '/home/jezzy/huskybot/build/velodyne_pointcloud' returned '0': CMAKE_PREFIX_PATH=/home/jezzy/huskybot/install/velodyne_msgs:/home/jezzy/huskybot/install/huskybot_recognition:/home/jezzy/huskybot/install/yolov12_msgs:/home/jezzy/huskybot/install/velodyne:/home/jezzy/huskybot/install/velodyne_pointcloud:/home/jezzy/huskybot/install/velodyne_driver:/home/jezzy/huskybot/install/velodyne_laserscan:/home/jezzy/huskybot/install/huskybot_mapping:/home/jezzy/huskybot/install/huskybot_gazebo:/home/jezzy/huskybot/install/huskybot_description:/home/jezzy/huskybot/install/huskybot_control:/home/jezzy/huskybot/install/husky_custom_description:/home/jezzy/husky_ws/turtlebot3/install/turtlebot3:/home/jezzy/husky_ws/turtlebot3/install/turtlebot3_simulations:/home/jezzy/husky_ws/turtlebot3/install/turtlebot3_bringup:/home/jezzy/husky_ws/turtlebot3/install/turtlebot3_node:/home/jezzy/husky_ws/turtlebot3/install/turtlebot3_navigation2:/home/jezzy/husky_ws/turtlebot3/install/turtlebot3_fake_node:/home/jezzy/husky_ws/turtlebot3/install/turtlebot3_msgs:/home/jezzy/husky_ws/turtlebot3/install/turtlebot3_gazebo:/home/jezzy/husky_ws/turtlebot3/install/turtlebot3_description:/home/jezzy/husky_ws/turtlebot3/install/turtlebot3_cartographer:/home/jezzy/husky_ws/turtlebot3/install/dynamixel_sdk_examples:/home/jezzy/husky_ws/turtlebot3/install/dynamixel_sdk_custom_interfaces:/home/jezzy/husky_ws/turtlebot3/install/dynamixel_sdk:/home/jezzy/huskybot/install/huskybot_fusion:/home/jezzy/huskybot/install/huskybot_navigation:/home/jezzy/husky_ws/turtlebot3/install/turtlebot3_teleop:/home/jezzy/husky_ws/turtlebot3/install/turtlebot3_example:/home/jezzy/husky_ws/turtlebot3/install/segtect:/home/jezzy/husky_ws/turtlebot3/install/autonomous_exploration:/home/jezzy/husky_ws/lintic/install/yolosed:/home/jezzy/husky_ws/lintic/install/visual:/home/jezzy/husky_ws/lintic/install/segnet:/opt/ros/humble LD_LIBRARY_PATH=/home/jezzy/huskybot/install/velodyne_msgs/lib:/home/jezzy/huskybot/install/yolov12_msgs/lib:/home/jezzy/huskybot/install/velodyne_pointcloud/lib:/home/jezzy/huskybot/install/velodyne_driver/lib:/home/jezzy/huskybot/install/velodyne_laserscan/lib:/home/jezzy/husky_ws/turtlebot3/install/turtlebot3_msgs/lib:/home/jezzy/husky_ws/turtlebot3/install/dynamixel_sdk_custom_interfaces/lib:/home/jezzy/husky_ws/turtlebot3/install/dynamixel_sdk/lib:/usr/lib/x86_64-linux-gnu/gazebo-11/plugins:/opt/ros/humble/opt/rviz_ogre_vendor/lib:/opt/ros/humble/lib/x86_64-linux-gnu:/opt/ros/humble/lib:/usr/share/gazebo/../../lib/x86_64-linux-gnu/gazebo-11/plugins /usr/bin/cmake --install /home/jezzy/huskybot/build/velodyne_pointcloud
