[0.100s] Invoking command in '/home/jezzy/huskybot/build/huskybot_gazebo': CMAKE_PREFIX_PATH=${CMAKE_PREFIX_PATH}:/home/jezzy/husky_ws/lintic/install/yolosed:/home/jezzy/husky_ws/lintic/install/visual:/home/jezzy/husky_ws/lintic/install/segnet:/home/jezzy/husky_ws/turtlebot3/install/turtlebot3_teleop:/home/jezzy/husky_ws/turtlebot3/install/turtlebot3_example:/home/jezzy/husky_ws/turtlebot3/install/segtect:/home/jezzy/husky_ws/turtlebot3/install/autonomous_exploration:/opt/ros/humble /usr/bin/cmake /home/jezzy/huskybot/src/huskybot_gazebo -DCMAKE_INSTALL_PREFIX=/home/jezzy/huskybot/install/huskybot_gazebo
[0.779s] -- The C compiler identification is GNU 11.4.0
[2.508s] -- The CXX compiler identification is GNU 11.4.0
[3.559s] -- Detecting C compiler ABI info
[4.017s] -- Detecting C compiler ABI info - done
[4.032s] -- Check for working C compiler: /usr/bin/cc - skipped
[4.033s] -- Detecting C compile features
[4.035s] -- Detecting C compile features - done
[4.044s] -- Detecting CXX compiler ABI info
[4.734s] -- Detecting CXX compiler ABI info - done
[4.761s] -- Check for working CXX compiler: /usr/bin/c++ - skipped
[4.762s] -- Detecting CXX compile features
[4.764s] -- Detecting CXX compile features - done
[4.781s] -- Found ament_cmake: 1.3.11 (/opt/ros/humble/share/ament_cmake/cmake)
[5.390s] -- Found Python3: /usr/bin/python3 (found version "3.10.12") found components: Interpreter 
[5.747s] -- Found rclpy: 3.3.16 (/opt/ros/humble/share/rclpy/cmake)
[5.751s] -- Found ament_lint_auto: 0.12.12 (/opt/ros/humble/share/ament_lint_auto/cmake)
[5.906s] -- Added test 'copyright' to check source files copyright and LICENSE
[5.910s] -- Added test 'flake8' to check Python code syntax and style conventions
[5.912s] -- Added test 'lint_cmake' to check CMake code style
[5.914s] -- Added test 'pep257' to check Python code against some of the docstring style conventions in PEP 257
[5.917s] -- Added test 'xmllint' to check XML markup files
[5.921s] -- Configuring done
[5.928s] -- Generating done
[5.931s] -- Build files have been written to: /home/jezzy/huskybot/build/huskybot_gazebo
