[0.095s] Invoking command in '/home/jezzy/huskybot/build/husky_custom_description': CMAKE_PREFIX_PATH=${CMAKE_PREFIX_PATH}:/home/jezzy/huskybot/install/huskybot_fusion:/home/jezzy/huskybot/install/huskybot_navigation:/home/jezzy/husky_ws/turtlebot3/install/turtlebot3_teleop:/home/jezzy/husky_ws/turtlebot3/install/turtlebot3_example:/home/jezzy/husky_ws/turtlebot3/install/segtect:/home/jezzy/husky_ws/turtlebot3/install/autonomous_exploration:/home/jezzy/husky_ws/lintic/install/yolosed:/home/jezzy/husky_ws/lintic/install/visual:/home/jezzy/husky_ws/lintic/install/segnet:/opt/ros/humble /usr/bin/cmake --build /home/jezzy/huskybot/build/husky_custom_description -- -j4 -l4
[0.330s] Invoked command in '/home/jezzy/huskybot/build/husky_custom_description' returned '0': CMAKE_PREFIX_PATH=${CMAKE_PREFIX_PATH}:/home/jezzy/huskybot/install/huskybot_fusion:/home/jezzy/huskybot/install/huskybot_navigation:/home/jezzy/husky_ws/turtlebot3/install/turtlebot3_teleop:/home/jezzy/husky_ws/turtlebot3/install/turtlebot3_example:/home/jezzy/husky_ws/turtlebot3/install/segtect:/home/jezzy/husky_ws/turtlebot3/install/autonomous_exploration:/home/jezzy/husky_ws/lintic/install/yolosed:/home/jezzy/husky_ws/lintic/install/visual:/home/jezzy/husky_ws/lintic/install/segnet:/opt/ros/humble /usr/bin/cmake --build /home/jezzy/huskybot/build/husky_custom_description -- -j4 -l4
[0.476s] Invoking command in '/home/jezzy/huskybot/build/husky_custom_description': CMAKE_PREFIX_PATH=${CMAKE_PREFIX_PATH}:/home/jezzy/huskybot/install/huskybot_fusion:/home/jezzy/huskybot/install/huskybot_navigation:/home/jezzy/husky_ws/turtlebot3/install/turtlebot3_teleop:/home/jezzy/husky_ws/turtlebot3/install/turtlebot3_example:/home/jezzy/husky_ws/turtlebot3/install/segtect:/home/jezzy/husky_ws/turtlebot3/install/autonomous_exploration:/home/jezzy/husky_ws/lintic/install/yolosed:/home/jezzy/husky_ws/lintic/install/visual:/home/jezzy/husky_ws/lintic/install/segnet:/opt/ros/humble /usr/bin/cmake --install /home/jezzy/huskybot/build/husky_custom_description
[0.594s] -- Install configuration: ""
[0.598s] -- Up-to-date: /home/jezzy/huskybot/install/husky_custom_description/share/husky_custom_description//urdf
[0.598s] -- Up-to-date: /home/jezzy/huskybot/install/husky_custom_description/share/husky_custom_description//urdf/custom_description.urdf.xacro
[0.598s] -- Up-to-date: /home/jezzy/huskybot/install/husky_custom_description/share/husky_custom_description//urdf/empty.urdf
[0.598s] -- Up-to-date: /home/jezzy/huskybot/install/husky_custom_description/share/husky_custom_description//urdf/wheel.urdf.xacro
[0.599s] -- Up-to-date: /home/jezzy/huskybot/install/husky_custom_description/share/husky_custom_description//urdf/husky.urdf.xacro
[0.599s] -- Up-to-date: /home/jezzy/huskybot/install/husky_custom_description/share/husky_custom_description//urdf/decorations.urdf.xacro
[0.599s] -- Up-to-date: /home/jezzy/huskybot/install/husky_custom_description/share/husky_custom_description//urdf/pacs.urdf.xacro
[0.599s] -- Up-to-date: /home/jezzy/huskybot/install/husky_custom_description/share/husky_custom_description//urdf/accessories
[0.600s] -- Installing: /home/jezzy/huskybot/install/husky_custom_description/share/husky_custom_description//urdf/accessories/hokuyo_ust10.urdf.xacro
[0.601s] -- Installing: /home/jezzy/huskybot/install/husky_custom_description/share/husky_custom_description//urdf/accessories/flir_blackfly_mount.urdf.xacro
[0.601s] -- Up-to-date: /home/jezzy/huskybot/install/husky_custom_description/share/husky_custom_description//urdf/accessories/sick_lms1xx_mount.urdf.xacro
[0.602s] -- Up-to-date: /home/jezzy/huskybot/install/husky_custom_description/share/husky_custom_description//urdf/accessories/intel_realsense.urdf.xacro
[0.602s] -- Up-to-date: /home/jezzy/huskybot/install/husky_custom_description/share/husky_custom_description//urdf/accessories/vlp16_mount.urdf.xacro
[0.602s] -- Up-to-date: /home/jezzy/huskybot/install/husky_custom_description/share/husky_custom_description//urdf/accessories/sensor_arch.urdf.xacro
[0.602s] -- Up-to-date: /home/jezzy/huskybot/install/husky_custom_description/share/ament_index/resource_index/package_run_dependencies/husky_custom_description
[0.603s] -- Up-to-date: /home/jezzy/huskybot/install/husky_custom_description/share/ament_index/resource_index/parent_prefix_path/husky_custom_description
[0.603s] -- Up-to-date: /home/jezzy/huskybot/install/husky_custom_description/share/husky_custom_description/environment/ament_prefix_path.sh
[0.604s] -- Up-to-date: /home/jezzy/huskybot/install/husky_custom_description/share/husky_custom_description/environment/ament_prefix_path.dsv
[0.612s] -- Up-to-date: /home/jezzy/huskybot/install/husky_custom_description/share/husky_custom_description/environment/path.sh
[0.613s] -- Up-to-date: /home/jezzy/huskybot/install/husky_custom_description/share/husky_custom_description/environment/path.dsv
[0.613s] -- Up-to-date: /home/jezzy/huskybot/install/husky_custom_description/share/husky_custom_description/local_setup.bash
[0.613s] -- Up-to-date: /home/jezzy/huskybot/install/husky_custom_description/share/husky_custom_description/local_setup.sh
[0.613s] -- Up-to-date: /home/jezzy/huskybot/install/husky_custom_description/share/husky_custom_description/local_setup.zsh
[0.613s] -- Up-to-date: /home/jezzy/huskybot/install/husky_custom_description/share/husky_custom_description/local_setup.dsv
[0.614s] -- Installing: /home/jezzy/huskybot/install/husky_custom_description/share/husky_custom_description/package.dsv
[0.618s] -- Up-to-date: /home/jezzy/huskybot/install/husky_custom_description/share/ament_index/resource_index/packages/husky_custom_description
[0.619s] -- Up-to-date: /home/jezzy/huskybot/install/husky_custom_description/share/husky_custom_description/cmake/husky_custom_descriptionConfig.cmake
[0.619s] -- Up-to-date: /home/jezzy/huskybot/install/husky_custom_description/share/husky_custom_description/cmake/husky_custom_descriptionConfig-version.cmake
[0.620s] -- Up-to-date: /home/jezzy/huskybot/install/husky_custom_description/share/husky_custom_description/package.xml
[0.630s] Invoked command in '/home/jezzy/huskybot/build/husky_custom_description' returned '0': CMAKE_PREFIX_PATH=${CMAKE_PREFIX_PATH}:/home/jezzy/huskybot/install/huskybot_fusion:/home/jezzy/huskybot/install/huskybot_navigation:/home/jezzy/husky_ws/turtlebot3/install/turtlebot3_teleop:/home/jezzy/husky_ws/turtlebot3/install/turtlebot3_example:/home/jezzy/husky_ws/turtlebot3/install/segtect:/home/jezzy/husky_ws/turtlebot3/install/autonomous_exploration:/home/jezzy/husky_ws/lintic/install/yolosed:/home/jezzy/husky_ws/lintic/install/visual:/home/jezzy/husky_ws/lintic/install/segnet:/opt/ros/humble /usr/bin/cmake --install /home/jezzy/huskybot/build/husky_custom_description
