[0.444s] Invoking command in '/home/jezzy/yolobot/build/velodyne_pointcloud': CMAKE_PREFIX_PATH=/home/jezzy/yolobot/install/velodyne_msgs:/home/jezzy/yolobot/install/yolobot_mapping:/home/jezzy/yolobot/install/velodyne:/home/jezzy/yolobot/install/velodyne_pointcloud:/home/jezzy/yolobot/install/velodyne_driver:/home/jezzy/yolobot/install/velodyne_laserscan:/home/jezzy/yolobot/install/yolobot_recognition:/home/jezzy/yolobot/install/yolov8_msgs:/home/jezzy/yolobot/install/yolobot_gazebo:/home/jezzy/yolobot/install/yolobot_description:/home/jezzy/yolobot/install/yolobot_control:/home/jezzy/yolobot/install/husky_custom_description:/home/jezzy/husky_ws/turtlebot3/install/turtlebot3:/home/jezzy/husky_ws/turtlebot3/install/turtlebot3_simulations:/home/jezzy/husky_ws/turtlebot3/install/turtlebot3_bringup:/home/jezzy/husky_ws/turtlebot3/install/turtlebot3_node:/home/jezzy/husky_ws/turtlebot3/install/turtlebot3_navigation2:/home/jezzy/husky_ws/turtlebot3/install/turtlebot3_fake_node:/home/jezzy/husky_ws/turtlebot3/install/turtlebot3_msgs:/home/jezzy/husky_ws/turtlebot3/install/turtlebot3_gazebo:/home/jezzy/husky_ws/turtlebot3/install/turtlebot3_description:/home/jezzy/husky_ws/turtlebot3/install/turtlebot3_cartographer:/home/jezzy/husky_ws/turtlebot3/install/dynamixel_sdk_examples:/home/jezzy/husky_ws/turtlebot3/install/dynamixel_sdk_custom_interfaces:/home/jezzy/husky_ws/turtlebot3/install/dynamixel_sdk:/home/jezzy/yolobot/install/yolobot_fusion:/home/jezzy/yolobot/install/yolobot_navigation:/home/jezzy/husky_ws/lintic/install/yolosed:/home/jezzy/husky_ws/lintic/install/visual:/home/jezzy/husky_ws/lintic/install/segnet:/home/jezzy/husky_ws/turtlebot3/install/turtlebot3_teleop:/home/jezzy/husky_ws/turtlebot3/install/turtlebot3_example:/home/jezzy/husky_ws/turtlebot3/install/segtect:/home/jezzy/husky_ws/turtlebot3/install/autonomous_exploration:/opt/ros/humble LD_LIBRARY_PATH=/home/jezzy/yolobot/install/velodyne_msgs/lib:/home/jezzy/yolobot/install/velodyne_pointcloud/lib:/home/jezzy/yolobot/install/velodyne_driver/lib:/home/jezzy/yolobot/install/velodyne_laserscan/lib:/home/jezzy/yolobot/install/yolov8_msgs/lib:/home/jezzy/husky_ws/turtlebot3/install/turtlebot3_msgs/lib:/home/jezzy/husky_ws/turtlebot3/install/dynamixel_sdk_custom_interfaces/lib:/home/jezzy/husky_ws/turtlebot3/install/dynamixel_sdk/lib:/usr/lib/x86_64-linux-gnu/gazebo-11/plugins:/opt/ros/humble/opt/rviz_ogre_vendor/lib:/opt/ros/humble/lib/x86_64-linux-gnu:/opt/ros/humble/lib:/usr/share/gazebo/../../lib/x86_64-linux-gnu/gazebo-11/plugins:/usr/share/gazebo/../../lib/x86_64-linux-gnu/gazebo-11/plugins:/usr/share/gazebo/../../lib/x86_64-linux-gnu/gazebo-11/plugins:/opt/ros/humble/lib:/usr/share/gazebo/../../lib/x86_64-linux-gnu/gazebo-11/plugins:/usr/share/gazebo/../../lib/x86_64-linux-gnu/gazebo-11/plugins:/usr/share/gazebo/../../lib/x86_64-linux-gnu/gazebo-11/plugins:/opt/ros/humble/lib:/opt/ros/humble/lib:/usr/share/gazebo/../../lib/x86_64-linux-gnu/gazebo-11/plugins:/usr/share/gazebo/../../lib/x86_64-linux-gnu/gazebo-11/plugins:/usr/share/gazebo/../../lib/x86_64-linux-gnu/gazebo-11/plugins:/usr/share/gazebo/../../lib/x86_64-linux-gnu/gazebo-11/plugins:/opt/ros/humble/lib:/opt/ros/humble/lib:/opt/ros/humble/lib /usr/bin/cmake --build /home/jezzy/yolobot/build/velodyne_pointcloud -- -j4 -l4
[0.702s] [35m[1mConsolidate compiler generated dependencies of target gtest_main[0m
[0.739s] [35m[1mConsolidate compiler generated dependencies of target gtest[0m
[0.752s] [35m[1mConsolidate compiler generated dependencies of target velodyne_rawdata[0m
[0.771s] [ 11%] Built target gtest_main
[0.779s] [35m[1mConsolidate compiler generated dependencies of target velodyne_cloud_types[0m
[0.870s] [ 22%] Built target gtest
[0.891s] [ 38%] Built target velodyne_rawdata
[0.908s] [ 55%] Built target velodyne_cloud_types
[0.944s] [35m[1mConsolidate compiler generated dependencies of target test_row_step[0m
[0.995s] [35m[1mConsolidate compiler generated dependencies of target test_calibration[0m
[1.061s] [35m[1mConsolidate compiler generated dependencies of target transform[0m
[1.073s] [ 66%] Built target test_calibration
[1.096s] [ 77%] Built target test_row_step
[1.241s] [ 88%] Built target transform
[1.297s] [35m[1mConsolidate compiler generated dependencies of target velodyne_transform_node[0m
[1.385s] [100%] Built target velodyne_transform_node
[1.415s] Invoked command in '/home/jezzy/yolobot/build/velodyne_pointcloud' returned '0': CMAKE_PREFIX_PATH=/home/jezzy/yolobot/install/velodyne_msgs:/home/jezzy/yolobot/install/yolobot_mapping:/home/jezzy/yolobot/install/velodyne:/home/jezzy/yolobot/install/velodyne_pointcloud:/home/jezzy/yolobot/install/velodyne_driver:/home/jezzy/yolobot/install/velodyne_laserscan:/home/jezzy/yolobot/install/yolobot_recognition:/home/jezzy/yolobot/install/yolov8_msgs:/home/jezzy/yolobot/install/yolobot_gazebo:/home/jezzy/yolobot/install/yolobot_description:/home/jezzy/yolobot/install/yolobot_control:/home/jezzy/yolobot/install/husky_custom_description:/home/jezzy/husky_ws/turtlebot3/install/turtlebot3:/home/jezzy/husky_ws/turtlebot3/install/turtlebot3_simulations:/home/jezzy/husky_ws/turtlebot3/install/turtlebot3_bringup:/home/jezzy/husky_ws/turtlebot3/install/turtlebot3_node:/home/jezzy/husky_ws/turtlebot3/install/turtlebot3_navigation2:/home/jezzy/husky_ws/turtlebot3/install/turtlebot3_fake_node:/home/jezzy/husky_ws/turtlebot3/install/turtlebot3_msgs:/home/jezzy/husky_ws/turtlebot3/install/turtlebot3_gazebo:/home/jezzy/husky_ws/turtlebot3/install/turtlebot3_description:/home/jezzy/husky_ws/turtlebot3/install/turtlebot3_cartographer:/home/jezzy/husky_ws/turtlebot3/install/dynamixel_sdk_examples:/home/jezzy/husky_ws/turtlebot3/install/dynamixel_sdk_custom_interfaces:/home/jezzy/husky_ws/turtlebot3/install/dynamixel_sdk:/home/jezzy/yolobot/install/yolobot_fusion:/home/jezzy/yolobot/install/yolobot_navigation:/home/jezzy/husky_ws/lintic/install/yolosed:/home/jezzy/husky_ws/lintic/install/visual:/home/jezzy/husky_ws/lintic/install/segnet:/home/jezzy/husky_ws/turtlebot3/install/turtlebot3_teleop:/home/jezzy/husky_ws/turtlebot3/install/turtlebot3_example:/home/jezzy/husky_ws/turtlebot3/install/segtect:/home/jezzy/husky_ws/turtlebot3/install/autonomous_exploration:/opt/ros/humble LD_LIBRARY_PATH=/home/jezzy/yolobot/install/velodyne_msgs/lib:/home/jezzy/yolobot/install/velodyne_pointcloud/lib:/home/jezzy/yolobot/install/velodyne_driver/lib:/home/jezzy/yolobot/install/velodyne_laserscan/lib:/home/jezzy/yolobot/install/yolov8_msgs/lib:/home/jezzy/husky_ws/turtlebot3/install/turtlebot3_msgs/lib:/home/jezzy/husky_ws/turtlebot3/install/dynamixel_sdk_custom_interfaces/lib:/home/jezzy/husky_ws/turtlebot3/install/dynamixel_sdk/lib:/usr/lib/x86_64-linux-gnu/gazebo-11/plugins:/opt/ros/humble/opt/rviz_ogre_vendor/lib:/opt/ros/humble/lib/x86_64-linux-gnu:/opt/ros/humble/lib:/usr/share/gazebo/../../lib/x86_64-linux-gnu/gazebo-11/plugins:/usr/share/gazebo/../../lib/x86_64-linux-gnu/gazebo-11/plugins:/usr/share/gazebo/../../lib/x86_64-linux-gnu/gazebo-11/plugins:/opt/ros/humble/lib:/usr/share/gazebo/../../lib/x86_64-linux-gnu/gazebo-11/plugins:/usr/share/gazebo/../../lib/x86_64-linux-gnu/gazebo-11/plugins:/usr/share/gazebo/../../lib/x86_64-linux-gnu/gazebo-11/plugins:/opt/ros/humble/lib:/opt/ros/humble/lib:/usr/share/gazebo/../../lib/x86_64-linux-gnu/gazebo-11/plugins:/usr/share/gazebo/../../lib/x86_64-linux-gnu/gazebo-11/plugins:/usr/share/gazebo/../../lib/x86_64-linux-gnu/gazebo-11/plugins:/usr/share/gazebo/../../lib/x86_64-linux-gnu/gazebo-11/plugins:/opt/ros/humble/lib:/opt/ros/humble/lib:/opt/ros/humble/lib /usr/bin/cmake --build /home/jezzy/yolobot/build/velodyne_pointcloud -- -j4 -l4
[1.425s] Invoking command in '/home/jezzy/yolobot/build/velodyne_pointcloud': CMAKE_PREFIX_PATH=/home/jezzy/yolobot/install/velodyne_msgs:/home/jezzy/yolobot/install/yolobot_mapping:/home/jezzy/yolobot/install/velodyne:/home/jezzy/yolobot/install/velodyne_pointcloud:/home/jezzy/yolobot/install/velodyne_driver:/home/jezzy/yolobot/install/velodyne_laserscan:/home/jezzy/yolobot/install/yolobot_recognition:/home/jezzy/yolobot/install/yolov8_msgs:/home/jezzy/yolobot/install/yolobot_gazebo:/home/jezzy/yolobot/install/yolobot_description:/home/jezzy/yolobot/install/yolobot_control:/home/jezzy/yolobot/install/husky_custom_description:/home/jezzy/husky_ws/turtlebot3/install/turtlebot3:/home/jezzy/husky_ws/turtlebot3/install/turtlebot3_simulations:/home/jezzy/husky_ws/turtlebot3/install/turtlebot3_bringup:/home/jezzy/husky_ws/turtlebot3/install/turtlebot3_node:/home/jezzy/husky_ws/turtlebot3/install/turtlebot3_navigation2:/home/jezzy/husky_ws/turtlebot3/install/turtlebot3_fake_node:/home/jezzy/husky_ws/turtlebot3/install/turtlebot3_msgs:/home/jezzy/husky_ws/turtlebot3/install/turtlebot3_gazebo:/home/jezzy/husky_ws/turtlebot3/install/turtlebot3_description:/home/jezzy/husky_ws/turtlebot3/install/turtlebot3_cartographer:/home/jezzy/husky_ws/turtlebot3/install/dynamixel_sdk_examples:/home/jezzy/husky_ws/turtlebot3/install/dynamixel_sdk_custom_interfaces:/home/jezzy/husky_ws/turtlebot3/install/dynamixel_sdk:/home/jezzy/yolobot/install/yolobot_fusion:/home/jezzy/yolobot/install/yolobot_navigation:/home/jezzy/husky_ws/lintic/install/yolosed:/home/jezzy/husky_ws/lintic/install/visual:/home/jezzy/husky_ws/lintic/install/segnet:/home/jezzy/husky_ws/turtlebot3/install/turtlebot3_teleop:/home/jezzy/husky_ws/turtlebot3/install/turtlebot3_example:/home/jezzy/husky_ws/turtlebot3/install/segtect:/home/jezzy/husky_ws/turtlebot3/install/autonomous_exploration:/opt/ros/humble LD_LIBRARY_PATH=/home/jezzy/yolobot/install/velodyne_msgs/lib:/home/jezzy/yolobot/install/velodyne_pointcloud/lib:/home/jezzy/yolobot/install/velodyne_driver/lib:/home/jezzy/yolobot/install/velodyne_laserscan/lib:/home/jezzy/yolobot/install/yolov8_msgs/lib:/home/jezzy/husky_ws/turtlebot3/install/turtlebot3_msgs/lib:/home/jezzy/husky_ws/turtlebot3/install/dynamixel_sdk_custom_interfaces/lib:/home/jezzy/husky_ws/turtlebot3/install/dynamixel_sdk/lib:/usr/lib/x86_64-linux-gnu/gazebo-11/plugins:/opt/ros/humble/opt/rviz_ogre_vendor/lib:/opt/ros/humble/lib/x86_64-linux-gnu:/opt/ros/humble/lib:/usr/share/gazebo/../../lib/x86_64-linux-gnu/gazebo-11/plugins:/usr/share/gazebo/../../lib/x86_64-linux-gnu/gazebo-11/plugins:/usr/share/gazebo/../../lib/x86_64-linux-gnu/gazebo-11/plugins:/opt/ros/humble/lib:/usr/share/gazebo/../../lib/x86_64-linux-gnu/gazebo-11/plugins:/usr/share/gazebo/../../lib/x86_64-linux-gnu/gazebo-11/plugins:/usr/share/gazebo/../../lib/x86_64-linux-gnu/gazebo-11/plugins:/opt/ros/humble/lib:/opt/ros/humble/lib:/usr/share/gazebo/../../lib/x86_64-linux-gnu/gazebo-11/plugins:/usr/share/gazebo/../../lib/x86_64-linux-gnu/gazebo-11/plugins:/usr/share/gazebo/../../lib/x86_64-linux-gnu/gazebo-11/plugins:/usr/share/gazebo/../../lib/x86_64-linux-gnu/gazebo-11/plugins:/opt/ros/humble/lib:/opt/ros/humble/lib:/opt/ros/humble/lib /usr/bin/cmake --install /home/jezzy/yolobot/build/velodyne_pointcloud
[1.498s] -- Install configuration: ""
[1.584s] -- Up-to-date: /home/jezzy/yolobot/install/velodyne_pointcloud/lib/libvelodyne_cloud_types.so
[1.632s] -- Up-to-date: /home/jezzy/yolobot/install/velodyne_pointcloud/lib/libvelodyne_rawdata.so
[1.702s] -- Up-to-date: /home/jezzy/yolobot/install/velodyne_pointcloud/lib/libtransform.so
[1.721s] -- Up-to-date: /home/jezzy/yolobot/install/velodyne_pointcloud/lib/velodyne_pointcloud/velodyne_transform_node
[1.722s] -- Up-to-date: /home/jezzy/yolobot/install/velodyne_pointcloud/include/velodyne_pointcloud
[1.722s] -- Up-to-date: /home/jezzy/yolobot/install/velodyne_pointcloud/include/velodyne_pointcloud/datacontainerbase.hpp
[1.723s] -- Up-to-date: /home/jezzy/yolobot/install/velodyne_pointcloud/include/velodyne_pointcloud/rawdata.hpp
[1.723s] -- Up-to-date: /home/jezzy/yolobot/install/velodyne_pointcloud/include/velodyne_pointcloud/calibration.hpp
[1.726s] -- Up-to-date: /home/jezzy/yolobot/install/velodyne_pointcloud/include/velodyne_pointcloud/organized_cloudXYZIRT.hpp
[1.726s] -- Up-to-date: /home/jezzy/yolobot/install/velodyne_pointcloud/include/velodyne_pointcloud/transform.hpp
[1.726s] -- Up-to-date: /home/jezzy/yolobot/install/velodyne_pointcloud/include/velodyne_pointcloud/pointcloudXYZIRT.hpp
[1.727s] -- Up-to-date: /home/jezzy/yolobot/install/velodyne_pointcloud/share/velodyne_pointcloud/config
[1.727s] -- Up-to-date: /home/jezzy/yolobot/install/velodyne_pointcloud/share/velodyne_pointcloud/config/VLS128-velodyne_transform_node-params.yaml
[1.727s] -- Up-to-date: /home/jezzy/yolobot/install/velodyne_pointcloud/share/velodyne_pointcloud/config/VLP32C-velodyne_transform_node-params.yaml
[1.728s] -- Up-to-date: /home/jezzy/yolobot/install/velodyne_pointcloud/share/velodyne_pointcloud/config/VLP16-velodyne_transform_node-params.yaml
[1.728s] -- Up-to-date: /home/jezzy/yolobot/install/velodyne_pointcloud/share/velodyne_pointcloud/launch
[1.728s] -- Up-to-date: /home/jezzy/yolobot/install/velodyne_pointcloud/share/velodyne_pointcloud/launch/velodyne_transform_node-VLP32C-launch.py
[1.729s] -- Up-to-date: /home/jezzy/yolobot/install/velodyne_pointcloud/share/velodyne_pointcloud/launch/velodyne_transform_node-VLP16-composed-launch.py
[1.729s] -- Up-to-date: /home/jezzy/yolobot/install/velodyne_pointcloud/share/velodyne_pointcloud/launch/velodyne_transform_node-VLP32C-composed-launch.py
[1.729s] -- Up-to-date: /home/jezzy/yolobot/install/velodyne_pointcloud/share/velodyne_pointcloud/launch/velodyne_transform_node-VLS128-composed-launch.py
[1.729s] -- Up-to-date: /home/jezzy/yolobot/install/velodyne_pointcloud/share/velodyne_pointcloud/launch/velodyne_transform_node-VLS128-launch.py
[1.729s] -- Up-to-date: /home/jezzy/yolobot/install/velodyne_pointcloud/share/velodyne_pointcloud/launch/velodyne_transform_node-VLP16-launch.py
[1.730s] -- Up-to-date: /home/jezzy/yolobot/install/velodyne_pointcloud/share/velodyne_pointcloud/params
[1.730s] -- Up-to-date: /home/jezzy/yolobot/install/velodyne_pointcloud/share/velodyne_pointcloud/params/64e_s2.1-sztaki.yaml
[1.730s] -- Up-to-date: /home/jezzy/yolobot/install/velodyne_pointcloud/share/velodyne_pointcloud/params/64e_s3-xiesc.yaml
[1.730s] -- Up-to-date: /home/jezzy/yolobot/install/velodyne_pointcloud/share/velodyne_pointcloud/params/VLP16db.yaml
[1.730s] -- Up-to-date: /home/jezzy/yolobot/install/velodyne_pointcloud/share/velodyne_pointcloud/params/VLS128.yaml
[1.730s] -- Up-to-date: /home/jezzy/yolobot/install/velodyne_pointcloud/share/velodyne_pointcloud/params/64e_utexas.yaml
[1.731s] -- Up-to-date: /home/jezzy/yolobot/install/velodyne_pointcloud/share/velodyne_pointcloud/params/VeloView-VLP-32C.yaml
[1.731s] -- Up-to-date: /home/jezzy/yolobot/install/velodyne_pointcloud/share/velodyne_pointcloud/params/VLP16_hires_db.yaml
[1.731s] -- Up-to-date: /home/jezzy/yolobot/install/velodyne_pointcloud/share/velodyne_pointcloud/params/rviz_points.vcg
[1.731s] -- Up-to-date: /home/jezzy/yolobot/install/velodyne_pointcloud/share/velodyne_pointcloud/params/issue_84_float_intensities.yaml
[1.731s] -- Up-to-date: /home/jezzy/yolobot/install/velodyne_pointcloud/share/velodyne_pointcloud/params/32db.yaml
[1.731s] -- Up-to-date: /home/jezzy/yolobot/install/velodyne_pointcloud/share/velodyne_pointcloud/environment/library_path.sh
[1.732s] -- Up-to-date: /home/jezzy/yolobot/install/velodyne_pointcloud/share/velodyne_pointcloud/environment/library_path.dsv
[1.732s] -- Up-to-date: /home/jezzy/yolobot/install/velodyne_pointcloud/share/ament_index/resource_index/package_run_dependencies/velodyne_pointcloud
[1.732s] -- Up-to-date: /home/jezzy/yolobot/install/velodyne_pointcloud/share/ament_index/resource_index/parent_prefix_path/velodyne_pointcloud
[1.736s] -- Up-to-date: /home/jezzy/yolobot/install/velodyne_pointcloud/share/velodyne_pointcloud/environment/ament_prefix_path.sh
[1.737s] -- Up-to-date: /home/jezzy/yolobot/install/velodyne_pointcloud/share/velodyne_pointcloud/environment/ament_prefix_path.dsv
[1.737s] -- Up-to-date: /home/jezzy/yolobot/install/velodyne_pointcloud/share/velodyne_pointcloud/environment/path.sh
[1.737s] -- Up-to-date: /home/jezzy/yolobot/install/velodyne_pointcloud/share/velodyne_pointcloud/environment/path.dsv
[1.737s] -- Up-to-date: /home/jezzy/yolobot/install/velodyne_pointcloud/share/velodyne_pointcloud/local_setup.bash
[1.738s] -- Up-to-date: /home/jezzy/yolobot/install/velodyne_pointcloud/share/velodyne_pointcloud/local_setup.sh
[1.738s] -- Up-to-date: /home/jezzy/yolobot/install/velodyne_pointcloud/share/velodyne_pointcloud/local_setup.zsh
[1.739s] -- Up-to-date: /home/jezzy/yolobot/install/velodyne_pointcloud/share/velodyne_pointcloud/local_setup.dsv
[1.739s] -- Installing: /home/jezzy/yolobot/install/velodyne_pointcloud/share/velodyne_pointcloud/package.dsv
[1.740s] -- Up-to-date: /home/jezzy/yolobot/install/velodyne_pointcloud/share/ament_index/resource_index/packages/velodyne_pointcloud
[1.740s] -- Up-to-date: /home/jezzy/yolobot/install/velodyne_pointcloud/share/ament_index/resource_index/rclcpp_components/velodyne_pointcloud
[1.740s] -- Up-to-date: /home/jezzy/yolobot/install/velodyne_pointcloud/share/velodyne_pointcloud/cmake/velodyne_pointcloudExport.cmake
[1.740s] -- Up-to-date: /home/jezzy/yolobot/install/velodyne_pointcloud/share/velodyne_pointcloud/cmake/velodyne_pointcloudExport-noconfig.cmake
[1.740s] -- Up-to-date: /home/jezzy/yolobot/install/velodyne_pointcloud/share/velodyne_pointcloud/cmake/ament_cmake_export_include_directories-extras.cmake
[1.741s] -- Up-to-date: /home/jezzy/yolobot/install/velodyne_pointcloud/share/velodyne_pointcloud/cmake/ament_cmake_export_dependencies-extras.cmake
[1.741s] -- Up-to-date: /home/jezzy/yolobot/install/velodyne_pointcloud/share/velodyne_pointcloud/cmake/ament_cmake_export_libraries-extras.cmake
[1.741s] -- Up-to-date: /home/jezzy/yolobot/install/velodyne_pointcloud/share/velodyne_pointcloud/cmake/ament_cmake_export_targets-extras.cmake
[1.741s] -- Up-to-date: /home/jezzy/yolobot/install/velodyne_pointcloud/share/velodyne_pointcloud/cmake/velodyne_pointcloudConfig.cmake
[1.742s] -- Up-to-date: /home/jezzy/yolobot/install/velodyne_pointcloud/share/velodyne_pointcloud/cmake/velodyne_pointcloudConfig-version.cmake
[1.742s] -- Up-to-date: /home/jezzy/yolobot/install/velodyne_pointcloud/share/velodyne_pointcloud/package.xml
[1.762s] Invoked command in '/home/jezzy/yolobot/build/velodyne_pointcloud' returned '0': CMAKE_PREFIX_PATH=/home/jezzy/yolobot/install/velodyne_msgs:/home/jezzy/yolobot/install/yolobot_mapping:/home/jezzy/yolobot/install/velodyne:/home/jezzy/yolobot/install/velodyne_pointcloud:/home/jezzy/yolobot/install/velodyne_driver:/home/jezzy/yolobot/install/velodyne_laserscan:/home/jezzy/yolobot/install/yolobot_recognition:/home/jezzy/yolobot/install/yolov8_msgs:/home/jezzy/yolobot/install/yolobot_gazebo:/home/jezzy/yolobot/install/yolobot_description:/home/jezzy/yolobot/install/yolobot_control:/home/jezzy/yolobot/install/husky_custom_description:/home/jezzy/husky_ws/turtlebot3/install/turtlebot3:/home/jezzy/husky_ws/turtlebot3/install/turtlebot3_simulations:/home/jezzy/husky_ws/turtlebot3/install/turtlebot3_bringup:/home/jezzy/husky_ws/turtlebot3/install/turtlebot3_node:/home/jezzy/husky_ws/turtlebot3/install/turtlebot3_navigation2:/home/jezzy/husky_ws/turtlebot3/install/turtlebot3_fake_node:/home/jezzy/husky_ws/turtlebot3/install/turtlebot3_msgs:/home/jezzy/husky_ws/turtlebot3/install/turtlebot3_gazebo:/home/jezzy/husky_ws/turtlebot3/install/turtlebot3_description:/home/jezzy/husky_ws/turtlebot3/install/turtlebot3_cartographer:/home/jezzy/husky_ws/turtlebot3/install/dynamixel_sdk_examples:/home/jezzy/husky_ws/turtlebot3/install/dynamixel_sdk_custom_interfaces:/home/jezzy/husky_ws/turtlebot3/install/dynamixel_sdk:/home/jezzy/yolobot/install/yolobot_fusion:/home/jezzy/yolobot/install/yolobot_navigation:/home/jezzy/husky_ws/lintic/install/yolosed:/home/jezzy/husky_ws/lintic/install/visual:/home/jezzy/husky_ws/lintic/install/segnet:/home/jezzy/husky_ws/turtlebot3/install/turtlebot3_teleop:/home/jezzy/husky_ws/turtlebot3/install/turtlebot3_example:/home/jezzy/husky_ws/turtlebot3/install/segtect:/home/jezzy/husky_ws/turtlebot3/install/autonomous_exploration:/opt/ros/humble LD_LIBRARY_PATH=/home/jezzy/yolobot/install/velodyne_msgs/lib:/home/jezzy/yolobot/install/velodyne_pointcloud/lib:/home/jezzy/yolobot/install/velodyne_driver/lib:/home/jezzy/yolobot/install/velodyne_laserscan/lib:/home/jezzy/yolobot/install/yolov8_msgs/lib:/home/jezzy/husky_ws/turtlebot3/install/turtlebot3_msgs/lib:/home/jezzy/husky_ws/turtlebot3/install/dynamixel_sdk_custom_interfaces/lib:/home/jezzy/husky_ws/turtlebot3/install/dynamixel_sdk/lib:/usr/lib/x86_64-linux-gnu/gazebo-11/plugins:/opt/ros/humble/opt/rviz_ogre_vendor/lib:/opt/ros/humble/lib/x86_64-linux-gnu:/opt/ros/humble/lib:/usr/share/gazebo/../../lib/x86_64-linux-gnu/gazebo-11/plugins:/usr/share/gazebo/../../lib/x86_64-linux-gnu/gazebo-11/plugins:/usr/share/gazebo/../../lib/x86_64-linux-gnu/gazebo-11/plugins:/opt/ros/humble/lib:/usr/share/gazebo/../../lib/x86_64-linux-gnu/gazebo-11/plugins:/usr/share/gazebo/../../lib/x86_64-linux-gnu/gazebo-11/plugins:/usr/share/gazebo/../../lib/x86_64-linux-gnu/gazebo-11/plugins:/opt/ros/humble/lib:/opt/ros/humble/lib:/usr/share/gazebo/../../lib/x86_64-linux-gnu/gazebo-11/plugins:/usr/share/gazebo/../../lib/x86_64-linux-gnu/gazebo-11/plugins:/usr/share/gazebo/../../lib/x86_64-linux-gnu/gazebo-11/plugins:/usr/share/gazebo/../../lib/x86_64-linux-gnu/gazebo-11/plugins:/opt/ros/humble/lib:/opt/ros/humble/lib:/opt/ros/humble/lib /usr/bin/cmake --install /home/jezzy/yolobot/build/velodyne_pointcloud
