[0.097s] Invoking command in '/home/jezzy/yolobot/build/yolobot_description': CMAKE_PREFIX_PATH=${CMAKE_PREFIX_PATH}:/home/jezzy/husky_ws/lintic/install/yolosed:/home/jezzy/husky_ws/lintic/install/visual:/home/jezzy/husky_ws/lintic/install/segnet:/home/jezzy/husky_ws/turtlebot3/install/turtlebot3_teleop:/home/jezzy/husky_ws/turtlebot3/install/turtlebot3_example:/home/jezzy/husky_ws/turtlebot3/install/segtect:/home/jezzy/husky_ws/turtlebot3/install/autonomous_exploration:/opt/ros/humble /usr/bin/cmake --build /home/jezzy/yolobot/build/yolobot_description -- -j4 -l4
[0.734s] Invoked command in '/home/jezzy/yolobot/build/yolobot_description' returned '0': CMAKE_PREFIX_PATH=${CMAKE_PREFIX_PATH}:/home/jezzy/husky_ws/lintic/install/yolosed:/home/jezzy/husky_ws/lintic/install/visual:/home/jezzy/husky_ws/lintic/install/segnet:/home/jezzy/husky_ws/turtlebot3/install/turtlebot3_teleop:/home/jezzy/husky_ws/turtlebot3/install/turtlebot3_example:/home/jezzy/husky_ws/turtlebot3/install/segtect:/home/jezzy/husky_ws/turtlebot3/install/autonomous_exploration:/opt/ros/humble /usr/bin/cmake --build /home/jezzy/yolobot/build/yolobot_description -- -j4 -l4
[0.781s] Invoking command in '/home/jezzy/yolobot/build/yolobot_description': CMAKE_PREFIX_PATH=${CMAKE_PREFIX_PATH}:/home/jezzy/husky_ws/lintic/install/yolosed:/home/jezzy/husky_ws/lintic/install/visual:/home/jezzy/husky_ws/lintic/install/segnet:/home/jezzy/husky_ws/turtlebot3/install/turtlebot3_teleop:/home/jezzy/husky_ws/turtlebot3/install/turtlebot3_example:/home/jezzy/husky_ws/turtlebot3/install/segtect:/home/jezzy/husky_ws/turtlebot3/install/autonomous_exploration:/opt/ros/humble /usr/bin/cmake --install /home/jezzy/yolobot/build/yolobot_description
[0.809s] -- Install configuration: ""
[0.810s] -- Up-to-date: /home/jezzy/yolobot/install/yolobot_description/share/yolobot_description//launch
[0.816s] -- Up-to-date: /home/jezzy/yolobot/install/yolobot_description/share/yolobot_description//launch/spawn_yolobot_launch.launch.py
[0.817s] -- Up-to-date: /home/jezzy/yolobot/install/yolobot_description/share/yolobot_description//launch/spawn_yolobot.py
[0.818s] -- Up-to-date: /home/jezzy/yolobot/install/yolobot_description/share/yolobot_description//robot
[0.818s] -- Installing: /home/jezzy/yolobot/install/yolobot_description/share/yolobot_description//robot/husky_with_cameras.xacro
[0.819s] -- Up-to-date: /home/jezzy/yolobot/install/yolobot_description/share/yolobot_description//robot/yolobot.urdf
[0.820s] -- Up-to-date: /home/jezzy/yolobot/install/yolobot_description/lib/yolobot_description/spawn_yolobot.py
[0.820s] -- Up-to-date: /home/jezzy/yolobot/install/yolobot_description/share/ament_index/resource_index/package_run_dependencies/yolobot_description
[0.821s] -- Up-to-date: /home/jezzy/yolobot/install/yolobot_description/share/ament_index/resource_index/parent_prefix_path/yolobot_description
[0.821s] -- Up-to-date: /home/jezzy/yolobot/install/yolobot_description/share/yolobot_description/environment/ament_prefix_path.sh
[0.822s] -- Up-to-date: /home/jezzy/yolobot/install/yolobot_description/share/yolobot_description/environment/ament_prefix_path.dsv
[0.852s] -- Up-to-date: /home/jezzy/yolobot/install/yolobot_description/share/yolobot_description/environment/path.sh
[0.879s] -- Up-to-date: /home/jezzy/yolobot/install/yolobot_description/share/yolobot_description/environment/path.dsv
[0.907s] -- Up-to-date: /home/jezzy/yolobot/install/yolobot_description/share/yolobot_description/local_setup.bash
[0.909s] -- Up-to-date: /home/jezzy/yolobot/install/yolobot_description/share/yolobot_description/local_setup.sh
[0.911s] -- Up-to-date: /home/jezzy/yolobot/install/yolobot_description/share/yolobot_description/local_setup.zsh
[0.912s] -- Up-to-date: /home/jezzy/yolobot/install/yolobot_description/share/yolobot_description/local_setup.dsv
[0.913s] -- Up-to-date: /home/jezzy/yolobot/install/yolobot_description/share/yolobot_description/package.dsv
[0.915s] -- Up-to-date: /home/jezzy/yolobot/install/yolobot_description/share/ament_index/resource_index/packages/yolobot_description
[0.916s] -- Up-to-date: /home/jezzy/yolobot/install/yolobot_description/share/yolobot_description/cmake/yolobot_descriptionConfig.cmake
[0.918s] -- Up-to-date: /home/jezzy/yolobot/install/yolobot_description/share/yolobot_description/cmake/yolobot_descriptionConfig-version.cmake
[0.919s] -- Up-to-date: /home/jezzy/yolobot/install/yolobot_description/share/yolobot_description/package.xml
[0.919s] Invoked command in '/home/jezzy/yolobot/build/yolobot_description' returned '0': CMAKE_PREFIX_PATH=${CMAKE_PREFIX_PATH}:/home/jezzy/husky_ws/lintic/install/yolosed:/home/jezzy/husky_ws/lintic/install/visual:/home/jezzy/husky_ws/lintic/install/segnet:/home/jezzy/husky_ws/turtlebot3/install/turtlebot3_teleop:/home/jezzy/husky_ws/turtlebot3/install/turtlebot3_example:/home/jezzy/husky_ws/turtlebot3/install/segtect:/home/jezzy/husky_ws/turtlebot3/install/autonomous_exploration:/opt/ros/humble /usr/bin/cmake --install /home/jezzy/yolobot/build/yolobot_description
