[0.085s] Invoking command in '/home/jezzy/huskybot/build/velodyne_laserscan': CMAKE_PREFIX_PATH=${CMAKE_PREFIX_PATH}:/home/jezzy/huskybot/install/huskybot_fusion:/home/jezzy/huskybot/install/huskybot_navigation:/home/jezzy/husky_ws/turtlebot3/install/turtlebot3_teleop:/home/jezzy/husky_ws/turtlebot3/install/turtlebot3_example:/home/jezzy/husky_ws/turtlebot3/install/segtect:/home/jezzy/husky_ws/turtlebot3/install/autonomous_exploration:/home/jezzy/husky_ws/lintic/install/yolosed:/home/jezzy/husky_ws/lintic/install/visual:/home/jezzy/husky_ws/lintic/install/segnet:/opt/ros/humble /usr/bin/cmake --build /home/jezzy/huskybot/build/velodyne_laserscan -- -j4 -l4
[0.469s] [ 50%] Built target velodyne_laserscan
[0.814s] [100%] Built target velodyne_laserscan_node
[0.913s] Invoked command in '/home/jezzy/huskybot/build/velodyne_laserscan' returned '0': CMAKE_PREFIX_PATH=${CMAKE_PREFIX_PATH}:/home/jezzy/huskybot/install/huskybot_fusion:/home/jezzy/huskybot/install/huskybot_navigation:/home/jezzy/husky_ws/turtlebot3/install/turtlebot3_teleop:/home/jezzy/husky_ws/turtlebot3/install/turtlebot3_example:/home/jezzy/husky_ws/turtlebot3/install/segtect:/home/jezzy/husky_ws/turtlebot3/install/autonomous_exploration:/home/jezzy/husky_ws/lintic/install/yolosed:/home/jezzy/husky_ws/lintic/install/visual:/home/jezzy/husky_ws/lintic/install/segnet:/opt/ros/humble /usr/bin/cmake --build /home/jezzy/huskybot/build/velodyne_laserscan -- -j4 -l4
[0.914s] Invoking command in '/home/jezzy/huskybot/build/velodyne_laserscan': CMAKE_PREFIX_PATH=${CMAKE_PREFIX_PATH}:/home/jezzy/huskybot/install/huskybot_fusion:/home/jezzy/huskybot/install/huskybot_navigation:/home/jezzy/husky_ws/turtlebot3/install/turtlebot3_teleop:/home/jezzy/husky_ws/turtlebot3/install/turtlebot3_example:/home/jezzy/husky_ws/turtlebot3/install/segtect:/home/jezzy/husky_ws/turtlebot3/install/autonomous_exploration:/home/jezzy/husky_ws/lintic/install/yolosed:/home/jezzy/husky_ws/lintic/install/visual:/home/jezzy/husky_ws/lintic/install/segnet:/opt/ros/humble /usr/bin/cmake --install /home/jezzy/huskybot/build/velodyne_laserscan
[0.963s] -- Install configuration: ""
[0.964s] -- Up-to-date: /home/jezzy/huskybot/install/velodyne_laserscan/lib/libvelodyne_laserscan.so
[0.965s] -- Up-to-date: /home/jezzy/huskybot/install/velodyne_laserscan/lib/velodyne_laserscan/velodyne_laserscan_node
[0.965s] -- Up-to-date: /home/jezzy/huskybot/install/velodyne_laserscan/include/velodyne_laserscan
[0.966s] -- Up-to-date: /home/jezzy/huskybot/install/velodyne_laserscan/include/velodyne_laserscan/velodyne_laserscan.hpp
[0.966s] -- Up-to-date: /home/jezzy/huskybot/install/velodyne_laserscan/share/velodyne_laserscan/config
[0.966s] -- Up-to-date: /home/jezzy/huskybot/install/velodyne_laserscan/share/velodyne_laserscan/config/default-velodyne_laserscan_node-params.yaml
[0.966s] -- Up-to-date: /home/jezzy/huskybot/install/velodyne_laserscan/share/velodyne_laserscan/launch
[0.967s] -- Up-to-date: /home/jezzy/huskybot/install/velodyne_laserscan/share/velodyne_laserscan/launch/velodyne_laserscan_node-composed-launch.py
[0.967s] -- Up-to-date: /home/jezzy/huskybot/install/velodyne_laserscan/share/velodyne_laserscan/launch/velodyne_laserscan_node-launch.py
[0.968s] -- Up-to-date: /home/jezzy/huskybot/install/velodyne_laserscan/share/ament_index/resource_index/package_run_dependencies/velodyne_laserscan
[0.968s] -- Up-to-date: /home/jezzy/huskybot/install/velodyne_laserscan/share/ament_index/resource_index/parent_prefix_path/velodyne_laserscan
[0.968s] -- Up-to-date: /home/jezzy/huskybot/install/velodyne_laserscan/share/velodyne_laserscan/environment/ament_prefix_path.sh
[0.968s] -- Up-to-date: /home/jezzy/huskybot/install/velodyne_laserscan/share/velodyne_laserscan/environment/ament_prefix_path.dsv
[0.969s] -- Up-to-date: /home/jezzy/huskybot/install/velodyne_laserscan/share/velodyne_laserscan/environment/path.sh
[0.969s] -- Up-to-date: /home/jezzy/huskybot/install/velodyne_laserscan/share/velodyne_laserscan/environment/path.dsv
[0.970s] -- Up-to-date: /home/jezzy/huskybot/install/velodyne_laserscan/share/velodyne_laserscan/local_setup.bash
[0.970s] -- Up-to-date: /home/jezzy/huskybot/install/velodyne_laserscan/share/velodyne_laserscan/local_setup.sh
[0.970s] -- Up-to-date: /home/jezzy/huskybot/install/velodyne_laserscan/share/velodyne_laserscan/local_setup.zsh
[0.970s] -- Up-to-date: /home/jezzy/huskybot/install/velodyne_laserscan/share/velodyne_laserscan/local_setup.dsv
[0.970s] -- Installing: /home/jezzy/huskybot/install/velodyne_laserscan/share/velodyne_laserscan/package.dsv
[0.971s] -- Up-to-date: /home/jezzy/huskybot/install/velodyne_laserscan/share/ament_index/resource_index/packages/velodyne_laserscan
[0.971s] -- Up-to-date: /home/jezzy/huskybot/install/velodyne_laserscan/share/ament_index/resource_index/rclcpp_components/velodyne_laserscan
[0.971s] -- Up-to-date: /home/jezzy/huskybot/install/velodyne_laserscan/share/velodyne_laserscan/cmake/velodyne_laserscanExport.cmake
[0.972s] -- Up-to-date: /home/jezzy/huskybot/install/velodyne_laserscan/share/velodyne_laserscan/cmake/velodyne_laserscanExport-noconfig.cmake
[0.973s] -- Up-to-date: /home/jezzy/huskybot/install/velodyne_laserscan/share/velodyne_laserscan/cmake/ament_cmake_export_include_directories-extras.cmake
[0.974s] -- Up-to-date: /home/jezzy/huskybot/install/velodyne_laserscan/share/velodyne_laserscan/cmake/ament_cmake_export_targets-extras.cmake
[0.974s] -- Up-to-date: /home/jezzy/huskybot/install/velodyne_laserscan/share/velodyne_laserscan/cmake/ament_cmake_export_dependencies-extras.cmake
[0.975s] -- Up-to-date: /home/jezzy/huskybot/install/velodyne_laserscan/share/velodyne_laserscan/cmake/velodyne_laserscanConfig.cmake
[0.976s] -- Up-to-date: /home/jezzy/huskybot/install/velodyne_laserscan/share/velodyne_laserscan/cmake/velodyne_laserscanConfig-version.cmake
[0.976s] -- Up-to-date: /home/jezzy/huskybot/install/velodyne_laserscan/share/velodyne_laserscan/package.xml
[0.992s] Invoked command in '/home/jezzy/huskybot/build/velodyne_laserscan' returned '0': CMAKE_PREFIX_PATH=${CMAKE_PREFIX_PATH}:/home/jezzy/huskybot/install/huskybot_fusion:/home/jezzy/huskybot/install/huskybot_navigation:/home/jezzy/husky_ws/turtlebot3/install/turtlebot3_teleop:/home/jezzy/husky_ws/turtlebot3/install/turtlebot3_example:/home/jezzy/husky_ws/turtlebot3/install/segtect:/home/jezzy/husky_ws/turtlebot3/install/autonomous_exploration:/home/jezzy/husky_ws/lintic/install/yolosed:/home/jezzy/husky_ws/lintic/install/visual:/home/jezzy/husky_ws/lintic/install/segnet:/opt/ros/humble /usr/bin/cmake --install /home/jezzy/huskybot/build/velodyne_laserscan
