[0.070s] Invoking command in '/home/jezzy/yolobot/build/husky_navigation': /usr/bin/cmake /home/jezzy/yolobot/src/husky/husky_navigation -DCATKIN_INSTALL_INTO_PREFIX_ROOT=0 -DCMAKE_INSTALL_PREFIX=/home/jezzy/yolobot/install/husky_navigation
[1.003s] -- The C compiler identification is GNU 11.4.0
[3.174s] -- The CXX compiler identification is GNU 11.4.0
[5.149s] -- Detecting C compiler ABI info
[5.836s] -- Detecting C compiler ABI info - done
[5.886s] -- Check for working C compiler: /usr/bin/cc - skipped
[5.886s] -- Detecting C compile features
[5.889s] -- Detecting C compile features - done
[5.910s] -- Detecting CXX compiler ABI info
[7.184s] -- Detecting CXX compiler ABI info - done
[7.368s] -- Check for working CXX compiler: /usr/bin/c++ - skipped
[7.369s] -- Detecting CXX compile features
[7.372s] -- Detecting CXX compile features - done
[13.292s] [31mCMake Error at CMakeLists.txt:4 (find_package):
[13.292s]   By not providing "Findcatkin.cmake" in CMAKE_MODULE_PATH this project has
[13.292s]   asked CMake to find a package configuration file provided by "catkin", but
[13.293s]   CMake did not find one.
[13.293s] 
[13.293s]   Could not find a package configuration file provided by "catkin" with any
[13.293s]   of the following names:
[13.293s] 
[13.293s]     catkinConfig.cmake
[13.293s]     catkin-config.cmake
[13.293s] 
[13.294s]   Add the installation prefix of "catkin" to CMAKE_PREFIX_PATH or set
[13.294s]   "catkin_DIR" to a directory containing one of the above files.  If "catkin"
[13.294s]   provides a separate development package or SDK, be sure it has been
[13.294s]   installed.
[13.294s] 
[13.294s] [0m
[13.294s] -- Configuring incomplete, errors occurred!
[13.294s] See also "/home/jezzy/yolobot/build/husky_navigation/CMakeFiles/CMakeOutput.log".
