[0.047s] Invoking command in '/home/jezzy/yolobot/build/yolobot_gazebo': CMAKE_PREFIX_PATH=${CMAKE_PREFIX_PATH}:/home/jezzy/yolobot/install/yolobot_fusion:/home/jezzy/yolobot/install/yolobot_navigation:/home/jezzy/husky_ws/lintic/install/yolosed:/home/jezzy/husky_ws/lintic/install/visual:/home/jezzy/husky_ws/lintic/install/segnet:/home/jezzy/husky_ws/turtlebot3/install/turtlebot3_teleop:/home/jezzy/husky_ws/turtlebot3/install/turtlebot3_example:/home/jezzy/husky_ws/turtlebot3/install/segtect:/home/jezzy/husky_ws/turtlebot3/install/autonomous_exploration:/opt/ros/humble /usr/bin/cmake /home/jezzy/yolobot/src/yolobot_gazebo -DCMAKE_INSTALL_PREFIX=/home/jezzy/yolobot/install/yolobot_gazebo
[0.632s] -- The C compiler identification is GNU 11.4.0
[2.514s] -- The CXX compiler identification is GNU 11.4.0
[3.956s] -- Detecting C compiler ABI info
[4.516s] -- Detecting C compiler ABI info - done
[4.552s] -- Check for working C compiler: /usr/bin/cc - skipped
[4.553s] -- Detecting C compile features
[4.557s] -- Detecting C compile features - done
[4.564s] -- Detecting CXX compiler ABI info
[5.431s] -- Detecting CXX compiler ABI info - done
[5.487s] -- Check for working CXX compiler: /usr/bin/c++ - skipped
[5.488s] -- Detecting CXX compile features
[5.490s] -- Detecting CXX compile features - done
[5.526s] -- Found ament_cmake: 1.3.11 (/opt/ros/humble/share/ament_cmake/cmake)
[6.619s] -- Found Python3: /usr/bin/python3 (found version "3.10.12") found components: Interpreter 
[7.917s] -- Found rclpy: 3.3.16 (/opt/ros/humble/share/rclpy/cmake)
[7.926s] -- Found ament_lint_auto: 0.12.12 (/opt/ros/humble/share/ament_lint_auto/cmake)
[9.155s] -- Added test 'copyright' to check source files copyright and LICENSE
[9.178s] -- Added test 'flake8' to check Python code syntax and style conventions
[9.182s] -- Added test 'lint_cmake' to check CMake code style
[9.196s] -- Added test 'pep257' to check Python code against some of the docstring style conventions in PEP 257
[9.212s] -- Added test 'xmllint' to check XML markup files
[9.229s] -- Configuring done
[9.266s] -- Generating done
[9.266s] -- Build files have been written to: /home/jezzy/yolobot/build/yolobot_gazebo
[9.297s] Invoked command in '/home/jezzy/yolobot/build/yolobot_gazebo' returned '0': CMAKE_PREFIX_PATH=${CMAKE_PREFIX_PATH}:/home/jezzy/yolobot/install/yolobot_fusion:/home/jezzy/yolobot/install/yolobot_navigation:/home/jezzy/husky_ws/lintic/install/yolosed:/home/jezzy/husky_ws/lintic/install/visual:/home/jezzy/husky_ws/lintic/install/segnet:/home/jezzy/husky_ws/turtlebot3/install/turtlebot3_teleop:/home/jezzy/husky_ws/turtlebot3/install/turtlebot3_example:/home/jezzy/husky_ws/turtlebot3/install/segtect:/home/jezzy/husky_ws/turtlebot3/install/autonomous_exploration:/opt/ros/humble /usr/bin/cmake /home/jezzy/yolobot/src/yolobot_gazebo -DCMAKE_INSTALL_PREFIX=/home/jezzy/yolobot/install/yolobot_gazebo
[9.302s] Invoking command in '/home/jezzy/yolobot/build/yolobot_gazebo': CMAKE_PREFIX_PATH=${CMAKE_PREFIX_PATH}:/home/jezzy/yolobot/install/yolobot_fusion:/home/jezzy/yolobot/install/yolobot_navigation:/home/jezzy/husky_ws/lintic/install/yolosed:/home/jezzy/husky_ws/lintic/install/visual:/home/jezzy/husky_ws/lintic/install/segnet:/home/jezzy/husky_ws/turtlebot3/install/turtlebot3_teleop:/home/jezzy/husky_ws/turtlebot3/install/turtlebot3_example:/home/jezzy/husky_ws/turtlebot3/install/segtect:/home/jezzy/husky_ws/turtlebot3/install/autonomous_exploration:/opt/ros/humble /usr/bin/cmake --build /home/jezzy/yolobot/build/yolobot_gazebo -- -j4 -l4
[9.567s] Invoked command in '/home/jezzy/yolobot/build/yolobot_gazebo' returned '0': CMAKE_PREFIX_PATH=${CMAKE_PREFIX_PATH}:/home/jezzy/yolobot/install/yolobot_fusion:/home/jezzy/yolobot/install/yolobot_navigation:/home/jezzy/husky_ws/lintic/install/yolosed:/home/jezzy/husky_ws/lintic/install/visual:/home/jezzy/husky_ws/lintic/install/segnet:/home/jezzy/husky_ws/turtlebot3/install/turtlebot3_teleop:/home/jezzy/husky_ws/turtlebot3/install/turtlebot3_example:/home/jezzy/husky_ws/turtlebot3/install/segtect:/home/jezzy/husky_ws/turtlebot3/install/autonomous_exploration:/opt/ros/humble /usr/bin/cmake --build /home/jezzy/yolobot/build/yolobot_gazebo -- -j4 -l4
[9.573s] Invoking command in '/home/jezzy/yolobot/build/yolobot_gazebo': CMAKE_PREFIX_PATH=${CMAKE_PREFIX_PATH}:/home/jezzy/yolobot/install/yolobot_fusion:/home/jezzy/yolobot/install/yolobot_navigation:/home/jezzy/husky_ws/lintic/install/yolosed:/home/jezzy/husky_ws/lintic/install/visual:/home/jezzy/husky_ws/lintic/install/segnet:/home/jezzy/husky_ws/turtlebot3/install/turtlebot3_teleop:/home/jezzy/husky_ws/turtlebot3/install/turtlebot3_example:/home/jezzy/husky_ws/turtlebot3/install/segtect:/home/jezzy/husky_ws/turtlebot3/install/autonomous_exploration:/opt/ros/humble /usr/bin/cmake --install /home/jezzy/yolobot/build/yolobot_gazebo
[9.612s] -- Install configuration: ""
[9.613s] -- Installing: /home/jezzy/yolobot/install/yolobot_gazebo/share/yolobot_gazebo//launch
[9.614s] -- Installing: /home/jezzy/yolobot/install/yolobot_gazebo/share/yolobot_gazebo//launch/yolobot_launch.py
[9.614s] -- Installing: /home/jezzy/yolobot/install/yolobot_gazebo/share/yolobot_gazebo//launch/start_world_launch.py
[9.615s] -- Installing: /home/jezzy/yolobot/install/yolobot_gazebo/share/yolobot_gazebo//worlds
[9.615s] -- Installing: /home/jezzy/yolobot/install/yolobot_gazebo/share/yolobot_gazebo//worlds/yolo_test.world
[9.616s] -- Installing: /home/jezzy/yolobot/install/yolobot_gazebo/share/ament_index/resource_index/package_run_dependencies/yolobot_gazebo
[9.628s] -- Installing: /home/jezzy/yolobot/install/yolobot_gazebo/share/ament_index/resource_index/parent_prefix_path/yolobot_gazebo
[9.628s] -- Installing: /home/jezzy/yolobot/install/yolobot_gazebo/share/yolobot_gazebo/environment/ament_prefix_path.sh
[9.629s] -- Installing: /home/jezzy/yolobot/install/yolobot_gazebo/share/yolobot_gazebo/environment/ament_prefix_path.dsv
[9.629s] -- Installing: /home/jezzy/yolobot/install/yolobot_gazebo/share/yolobot_gazebo/environment/path.sh
[9.629s] -- Installing: /home/jezzy/yolobot/install/yolobot_gazebo/share/yolobot_gazebo/environment/path.dsv
[9.630s] -- Installing: /home/jezzy/yolobot/install/yolobot_gazebo/share/yolobot_gazebo/local_setup.bash
[9.630s] -- Installing: /home/jezzy/yolobot/install/yolobot_gazebo/share/yolobot_gazebo/local_setup.sh
[9.630s] -- Installing: /home/jezzy/yolobot/install/yolobot_gazebo/share/yolobot_gazebo/local_setup.zsh
[9.631s] -- Installing: /home/jezzy/yolobot/install/yolobot_gazebo/share/yolobot_gazebo/local_setup.dsv
[9.631s] -- Installing: /home/jezzy/yolobot/install/yolobot_gazebo/share/yolobot_gazebo/package.dsv
[9.632s] -- Installing: /home/jezzy/yolobot/install/yolobot_gazebo/share/ament_index/resource_index/packages/yolobot_gazebo
[9.633s] -- Installing: /home/jezzy/yolobot/install/yolobot_gazebo/share/yolobot_gazebo/cmake/yolobot_gazeboConfig.cmake
[9.633s] -- Installing: /home/jezzy/yolobot/install/yolobot_gazebo/share/yolobot_gazebo/cmake/yolobot_gazeboConfig-version.cmake
[9.633s] -- Installing: /home/jezzy/yolobot/install/yolobot_gazebo/share/yolobot_gazebo/package.xml
[9.650s] Invoked command in '/home/jezzy/yolobot/build/yolobot_gazebo' returned '0': CMAKE_PREFIX_PATH=${CMAKE_PREFIX_PATH}:/home/jezzy/yolobot/install/yolobot_fusion:/home/jezzy/yolobot/install/yolobot_navigation:/home/jezzy/husky_ws/lintic/install/yolosed:/home/jezzy/husky_ws/lintic/install/visual:/home/jezzy/husky_ws/lintic/install/segnet:/home/jezzy/husky_ws/turtlebot3/install/turtlebot3_teleop:/home/jezzy/husky_ws/turtlebot3/install/turtlebot3_example:/home/jezzy/husky_ws/turtlebot3/install/segtect:/home/jezzy/husky_ws/turtlebot3/install/autonomous_exploration:/opt/ros/humble /usr/bin/cmake --install /home/jezzy/yolobot/build/yolobot_gazebo
