[0.366s] Invoking command in '/home/jezzy/huskybot/build/velodyne_pointcloud': CMAKE_PREFIX_PATH=/home/jezzy/huskybot/install/velodyne_msgs:/home/jezzy/huskybot/install/huskybot_recognition:/home/jezzy/huskybot/install/yolov12_msgs:/home/jezzy/huskybot/install/velodyne:/home/jezzy/huskybot/install/velodyne_pointcloud:/home/jezzy/huskybot/install/velodyne_driver:/home/jezzy/huskybot/install/velodyne_laserscan:/home/jezzy/huskybot/install/huskybot_mapping:/home/jezzy/huskybot/install/huskybot_gazebo:/home/jezzy/huskybot/install/huskybot_description:/home/jezzy/huskybot/install/huskybot_control:/home/jezzy/huskybot/install/husky_custom_description:/home/jezzy/husky_ws/turtlebot3/install/turtlebot3:/home/jezzy/husky_ws/turtlebot3/install/turtlebot3_simulations:/home/jezzy/husky_ws/turtlebot3/install/turtlebot3_bringup:/home/jezzy/husky_ws/turtlebot3/install/turtlebot3_node:/home/jezzy/husky_ws/turtlebot3/install/turtlebot3_navigation2:/home/jezzy/husky_ws/turtlebot3/install/turtlebot3_fake_node:/home/jezzy/husky_ws/turtlebot3/install/turtlebot3_msgs:/home/jezzy/husky_ws/turtlebot3/install/turtlebot3_gazebo:/home/jezzy/husky_ws/turtlebot3/install/turtlebot3_description:/home/jezzy/husky_ws/turtlebot3/install/turtlebot3_cartographer:/home/jezzy/husky_ws/turtlebot3/install/dynamixel_sdk_examples:/home/jezzy/husky_ws/turtlebot3/install/dynamixel_sdk_custom_interfaces:/home/jezzy/husky_ws/turtlebot3/install/dynamixel_sdk:/home/jezzy/huskybot/install/huskybot_fusion:/home/jezzy/huskybot/install/huskybot_navigation:/home/jezzy/husky_ws/lintic/install/yolosed:/home/jezzy/husky_ws/lintic/install/visual:/home/jezzy/husky_ws/lintic/install/segnet:/home/jezzy/husky_ws/turtlebot3/install/turtlebot3_teleop:/home/jezzy/husky_ws/turtlebot3/install/turtlebot3_example:/home/jezzy/husky_ws/turtlebot3/install/segtect:/home/jezzy/husky_ws/turtlebot3/install/autonomous_exploration:/opt/ros/humble LD_LIBRARY_PATH=/home/jezzy/huskybot/install/velodyne_msgs/lib:/home/jezzy/huskybot/install/yolov12_msgs/lib:/home/jezzy/huskybot/install/velodyne_pointcloud/lib:/home/jezzy/huskybot/install/velodyne_driver/lib:/home/jezzy/huskybot/install/velodyne_laserscan/lib:/home/jezzy/husky_ws/turtlebot3/install/turtlebot3_msgs/lib:/home/jezzy/husky_ws/turtlebot3/install/dynamixel_sdk_custom_interfaces/lib:/home/jezzy/husky_ws/turtlebot3/install/dynamixel_sdk/lib:/usr/lib/x86_64-linux-gnu/gazebo-11/plugins:/opt/ros/humble/opt/rviz_ogre_vendor/lib:/opt/ros/humble/lib/x86_64-linux-gnu:/opt/ros/humble/lib:/usr/share/gazebo/../../lib/x86_64-linux-gnu/gazebo-11/plugins /usr/bin/cmake /home/jezzy/huskybot/src/velodyne/velodyne_pointcloud -DCMAKE_INSTALL_PREFIX=/home/jezzy/huskybot/install/velodyne_pointcloud
[0.789s] -- The C compiler identification is GNU 11.4.0
[2.177s] -- The CXX compiler identification is GNU 11.4.0
[3.136s] -- Detecting C compiler ABI info
[3.735s] -- Detecting C compiler ABI info - done
[3.786s] -- Check for working C compiler: /usr/bin/cc - skipped
[3.787s] -- Detecting C compile features
[3.789s] -- Detecting C compile features - done
[3.812s] -- Detecting CXX compiler ABI info
[4.521s] -- Detecting CXX compiler ABI info - done
[4.531s] -- Check for working CXX compiler: /usr/bin/c++ - skipped
[4.533s] -- Detecting CXX compile features
[4.535s] -- Detecting CXX compile features - done
[4.552s] -- Found ament_cmake: 1.3.11 (/opt/ros/humble/share/ament_cmake/cmake)
[5.136s] -- Found Python3: /usr/bin/python3 (found version "3.10.12") found components: Interpreter 
[5.575s] -- Found angles: 1.15.0 (/opt/ros/humble/share/angles/cmake)
[5.598s] -- Found diagnostic_updater: 4.0.3 (/opt/ros/humble/share/diagnostic_updater/cmake)
[6.232s] -- Found rosidl_generator_c: 3.1.6 (/opt/ros/humble/share/rosidl_generator_c/cmake)
[6.271s] -- Found rosidl_adapter: 3.1.6 (/opt/ros/humble/share/rosidl_adapter/cmake)
[6.320s] -- Found rosidl_generator_cpp: 3.1.6 (/opt/ros/humble/share/rosidl_generator_cpp/cmake)
[6.398s] -- Using all available rosidl_typesupport_c: rosidl_typesupport_fastrtps_c;rosidl_typesupport_introspection_c
[6.494s] -- Using all available rosidl_typesupport_cpp: rosidl_typesupport_fastrtps_cpp;rosidl_typesupport_introspection_cpp
[7.031s] -- Found rmw_implementation_cmake: 6.1.2 (/opt/ros/humble/share/rmw_implementation_cmake/cmake)
[7.059s] -- Found rmw_fastrtps_cpp: 6.2.7 (/opt/ros/humble/share/rmw_fastrtps_cpp/cmake)
[12.223s] -- Found OpenSSL: /usr/lib/x86_64-linux-gnu/libcrypto.so (found version "3.0.2")  
[17.858s] -- Found FastRTPS: /opt/ros/humble/include  
[27.069s] -- Using RMW implementation 'rmw_fastrtps_cpp' as default
[27.133s] -- Looking for pthread.h
[27.701s] -- Looking for pthread.h - found
[27.701s] -- Performing Test CMAKE_HAVE_LIBC_PTHREAD
[28.258s] -- Performing Test CMAKE_HAVE_LIBC_PTHREAD - Success
[28.258s] -- Found Threads: TRUE  
[28.534s] -- Found geometry_msgs: 4.8.0 (/opt/ros/humble/share/geometry_msgs/cmake)
[28.590s] -- Found message_filters: 4.3.7 (/opt/ros/humble/share/message_filters/cmake)
[28.649s] -- Checking for module 'eigen3'
[28.708s] --   Found eigen3, version 3.4.0
[28.828s] -- Found Eigen: /usr/include/eigen3 (Required is at least version "3.1") 
[28.829s] -- Eigen found (include: /usr/include/eigen3, version: 3.4.0)
[28.937s] -- Found Boost: /usr/lib/x86_64-linux-gnu/cmake/Boost-1.74.0/BoostConfig.cmake (found suitable version "1.74.0", minimum required is "1.65.0") found components: system filesystem date_time iostreams serialization 
[28.944s] -- looking for PCL_COMMON
[28.948s] -- Found PCL_COMMON: /usr/lib/x86_64-linux-gnu/libpcl_common.so  
[28.951s] -- Found PCL: pcl_common;Boost::system;Boost::filesystem;Boost::date_time;Boost::iostreams;Boost::serialization  
[28.965s] -- Found rclcpp_components: 16.0.12 (/opt/ros/humble/share/rclcpp_components/cmake)
[29.082s] -- Found sensor_msgs: 4.8.0 (/opt/ros/humble/share/sensor_msgs/cmake)
[29.153s] -- Found tf2: 0.25.12 (/opt/ros/humble/share/tf2/cmake)
[29.174s] -- Found tf2_ros: 0.25.12 (/opt/ros/humble/share/tf2_ros/cmake)
[29.452s] -- Found velodyne_msgs: 2.5.1 (/home/jezzy/huskybot/install/velodyne_msgs/share/velodyne_msgs/cmake)
[29.551s] -- Found ament_lint_auto: 0.12.12 (/opt/ros/humble/share/ament_lint_auto/cmake)
[29.957s] -- Found gtest sources under '/opt/ros/humble/src/gtest_vendor': C++ tests using 'Google Test' will be built
[30.004s] -- Added test 'copyright' to check source files copyright and LICENSE
[30.014s] -- Added test 'cppcheck' to perform static code analysis on C / C++ code
[30.015s] -- Configured cppcheck include dirs: $<BUILD_INTERFACE:/home/jezzy/huskybot/src/velodyne/velodyne_pointcloud/include>
[30.015s] -- Configured cppcheck exclude dirs and/or files: 
[30.027s] -- Added test 'cpplint' to check C / C++ code against the Google style
[30.028s] -- Configured cpplint exclude dirs and/or files: 
[30.029s] -- Added test 'flake8' to check Python code syntax and style conventions
[30.039s] -- Added test 'lint_cmake' to check CMake code style
[30.044s] -- Added test 'pep257' to check Python code against some of the docstring style conventions in PEP 257
[30.054s] -- Added test 'uncrustify' to check C / C++ code style
[30.054s] -- Configured uncrustify additional arguments: 
[30.079s] -- Configuring done
[30.256s] -- Generating done
[30.326s] -- Build files have been written to: /home/jezzy/huskybot/build/velodyne_pointcloud
[30.364s] Invoked command in '/home/jezzy/huskybot/build/velodyne_pointcloud' returned '0': CMAKE_PREFIX_PATH=/home/jezzy/huskybot/install/velodyne_msgs:/home/jezzy/huskybot/install/huskybot_recognition:/home/jezzy/huskybot/install/yolov12_msgs:/home/jezzy/huskybot/install/velodyne:/home/jezzy/huskybot/install/velodyne_pointcloud:/home/jezzy/huskybot/install/velodyne_driver:/home/jezzy/huskybot/install/velodyne_laserscan:/home/jezzy/huskybot/install/huskybot_mapping:/home/jezzy/huskybot/install/huskybot_gazebo:/home/jezzy/huskybot/install/huskybot_description:/home/jezzy/huskybot/install/huskybot_control:/home/jezzy/huskybot/install/husky_custom_description:/home/jezzy/husky_ws/turtlebot3/install/turtlebot3:/home/jezzy/husky_ws/turtlebot3/install/turtlebot3_simulations:/home/jezzy/husky_ws/turtlebot3/install/turtlebot3_bringup:/home/jezzy/husky_ws/turtlebot3/install/turtlebot3_node:/home/jezzy/husky_ws/turtlebot3/install/turtlebot3_navigation2:/home/jezzy/husky_ws/turtlebot3/install/turtlebot3_fake_node:/home/jezzy/husky_ws/turtlebot3/install/turtlebot3_msgs:/home/jezzy/husky_ws/turtlebot3/install/turtlebot3_gazebo:/home/jezzy/husky_ws/turtlebot3/install/turtlebot3_description:/home/jezzy/husky_ws/turtlebot3/install/turtlebot3_cartographer:/home/jezzy/husky_ws/turtlebot3/install/dynamixel_sdk_examples:/home/jezzy/husky_ws/turtlebot3/install/dynamixel_sdk_custom_interfaces:/home/jezzy/husky_ws/turtlebot3/install/dynamixel_sdk:/home/jezzy/huskybot/install/huskybot_fusion:/home/jezzy/huskybot/install/huskybot_navigation:/home/jezzy/husky_ws/lintic/install/yolosed:/home/jezzy/husky_ws/lintic/install/visual:/home/jezzy/husky_ws/lintic/install/segnet:/home/jezzy/husky_ws/turtlebot3/install/turtlebot3_teleop:/home/jezzy/husky_ws/turtlebot3/install/turtlebot3_example:/home/jezzy/husky_ws/turtlebot3/install/segtect:/home/jezzy/husky_ws/turtlebot3/install/autonomous_exploration:/opt/ros/humble LD_LIBRARY_PATH=/home/jezzy/huskybot/install/velodyne_msgs/lib:/home/jezzy/huskybot/install/yolov12_msgs/lib:/home/jezzy/huskybot/install/velodyne_pointcloud/lib:/home/jezzy/huskybot/install/velodyne_driver/lib:/home/jezzy/huskybot/install/velodyne_laserscan/lib:/home/jezzy/husky_ws/turtlebot3/install/turtlebot3_msgs/lib:/home/jezzy/husky_ws/turtlebot3/install/dynamixel_sdk_custom_interfaces/lib:/home/jezzy/husky_ws/turtlebot3/install/dynamixel_sdk/lib:/usr/lib/x86_64-linux-gnu/gazebo-11/plugins:/opt/ros/humble/opt/rviz_ogre_vendor/lib:/opt/ros/humble/lib/x86_64-linux-gnu:/opt/ros/humble/lib:/usr/share/gazebo/../../lib/x86_64-linux-gnu/gazebo-11/plugins /usr/bin/cmake /home/jezzy/huskybot/src/velodyne/velodyne_pointcloud -DCMAKE_INSTALL_PREFIX=/home/jezzy/huskybot/install/velodyne_pointcloud
[30.365s] Invoking command in '/home/jezzy/huskybot/build/velodyne_pointcloud': CMAKE_PREFIX_PATH=/home/jezzy/huskybot/install/velodyne_msgs:/home/jezzy/huskybot/install/huskybot_recognition:/home/jezzy/huskybot/install/yolov12_msgs:/home/jezzy/huskybot/install/velodyne:/home/jezzy/huskybot/install/velodyne_pointcloud:/home/jezzy/huskybot/install/velodyne_driver:/home/jezzy/huskybot/install/velodyne_laserscan:/home/jezzy/huskybot/install/huskybot_mapping:/home/jezzy/huskybot/install/huskybot_gazebo:/home/jezzy/huskybot/install/huskybot_description:/home/jezzy/huskybot/install/huskybot_control:/home/jezzy/huskybot/install/husky_custom_description:/home/jezzy/husky_ws/turtlebot3/install/turtlebot3:/home/jezzy/husky_ws/turtlebot3/install/turtlebot3_simulations:/home/jezzy/husky_ws/turtlebot3/install/turtlebot3_bringup:/home/jezzy/husky_ws/turtlebot3/install/turtlebot3_node:/home/jezzy/husky_ws/turtlebot3/install/turtlebot3_navigation2:/home/jezzy/husky_ws/turtlebot3/install/turtlebot3_fake_node:/home/jezzy/husky_ws/turtlebot3/install/turtlebot3_msgs:/home/jezzy/husky_ws/turtlebot3/install/turtlebot3_gazebo:/home/jezzy/husky_ws/turtlebot3/install/turtlebot3_description:/home/jezzy/husky_ws/turtlebot3/install/turtlebot3_cartographer:/home/jezzy/husky_ws/turtlebot3/install/dynamixel_sdk_examples:/home/jezzy/husky_ws/turtlebot3/install/dynamixel_sdk_custom_interfaces:/home/jezzy/husky_ws/turtlebot3/install/dynamixel_sdk:/home/jezzy/huskybot/install/huskybot_fusion:/home/jezzy/huskybot/install/huskybot_navigation:/home/jezzy/husky_ws/lintic/install/yolosed:/home/jezzy/husky_ws/lintic/install/visual:/home/jezzy/husky_ws/lintic/install/segnet:/home/jezzy/husky_ws/turtlebot3/install/turtlebot3_teleop:/home/jezzy/husky_ws/turtlebot3/install/turtlebot3_example:/home/jezzy/husky_ws/turtlebot3/install/segtect:/home/jezzy/husky_ws/turtlebot3/install/autonomous_exploration:/opt/ros/humble LD_LIBRARY_PATH=/home/jezzy/huskybot/install/velodyne_msgs/lib:/home/jezzy/huskybot/install/yolov12_msgs/lib:/home/jezzy/huskybot/install/velodyne_pointcloud/lib:/home/jezzy/huskybot/install/velodyne_driver/lib:/home/jezzy/huskybot/install/velodyne_laserscan/lib:/home/jezzy/husky_ws/turtlebot3/install/turtlebot3_msgs/lib:/home/jezzy/husky_ws/turtlebot3/install/dynamixel_sdk_custom_interfaces/lib:/home/jezzy/husky_ws/turtlebot3/install/dynamixel_sdk/lib:/usr/lib/x86_64-linux-gnu/gazebo-11/plugins:/opt/ros/humble/opt/rviz_ogre_vendor/lib:/opt/ros/humble/lib/x86_64-linux-gnu:/opt/ros/humble/lib:/usr/share/gazebo/../../lib/x86_64-linux-gnu/gazebo-11/plugins /usr/bin/cmake --build /home/jezzy/huskybot/build/velodyne_pointcloud -- -j4 -l4
[30.541s] [  5%] [32mBuilding CXX object CMakeFiles/velodyne_rawdata.dir/src/lib/rawdata.cpp.o[0m
[46.747s] [ 11%] [32mBuilding CXX object CMakeFiles/velodyne_rawdata.dir/src/lib/calibration.cpp.o[0m
[54.332s] [ 16%] [32m[1mLinking CXX shared library libvelodyne_rawdata.so[0m
[54.855s] [ 16%] Built target velodyne_rawdata
[54.912s] [ 22%] [32mBuilding CXX object gtest/CMakeFiles/gtest.dir/src/gtest-all.cc.o[0m
[54.913s] [ 27%] [32mBuilding CXX object gtest/CMakeFiles/gtest_main.dir/src/gtest_main.cc.o[0m
[56.393s] [ 33%] [32m[1mLinking CXX static library libgtest_main.a[0m
[56.472s] [ 33%] Built target gtest_main
[56.525s] [ 38%] [32mBuilding CXX object CMakeFiles/velodyne_cloud_types.dir/src/lib/pointcloudXYZIRT.cpp.o[0m
[56.544s] [ 44%] [32mBuilding CXX object CMakeFiles/velodyne_cloud_types.dir/src/lib/organized_cloudXYZIRT.cpp.o[0m
[63.709s] [ 50%] [32m[1mLinking CXX static library libgtest.a[0m
[63.886s] [ 50%] Built target gtest
[63.940s] [ 55%] [32mBuilding CXX object tests/CMakeFiles/test_row_step.dir/test_row_step.cpp.o[0m
[72.400s] [ 61%] [32m[1mLinking CXX shared library libvelodyne_cloud_types.so[0m
[73.089s] [ 61%] Built target velodyne_cloud_types
[73.184s] [ 66%] [32mBuilding CXX object tests/CMakeFiles/test_calibration.dir/test_calibration.cpp.o[0m
[76.522s] [ 72%] [32m[1mLinking CXX executable test_calibration[0m
[77.697s] [ 72%] Built target test_calibration
[77.781s] [ 77%] [32mBuilding CXX object CMakeFiles/transform.dir/src/conversions/transform.cpp.o[0m
[83.678s] [ 83%] [32m[1mLinking CXX executable test_row_step[0m
[84.767s] [ 83%] Built target test_row_step
[107.341s] [ 88%] [32m[1mLinking CXX shared library libtransform.so[0m
[109.198s] [ 88%] Built target transform
[109.274s] [ 94%] [32mBuilding CXX object CMakeFiles/velodyne_transform_node.dir/src/conversions/transform_node.cpp.o[0m
[120.242s] [100%] [32m[1mLinking CXX executable velodyne_transform_node[0m
[121.026s] [100%] Built target velodyne_transform_node
[121.047s] Invoked command in '/home/jezzy/huskybot/build/velodyne_pointcloud' returned '0': CMAKE_PREFIX_PATH=/home/jezzy/huskybot/install/velodyne_msgs:/home/jezzy/huskybot/install/huskybot_recognition:/home/jezzy/huskybot/install/yolov12_msgs:/home/jezzy/huskybot/install/velodyne:/home/jezzy/huskybot/install/velodyne_pointcloud:/home/jezzy/huskybot/install/velodyne_driver:/home/jezzy/huskybot/install/velodyne_laserscan:/home/jezzy/huskybot/install/huskybot_mapping:/home/jezzy/huskybot/install/huskybot_gazebo:/home/jezzy/huskybot/install/huskybot_description:/home/jezzy/huskybot/install/huskybot_control:/home/jezzy/huskybot/install/husky_custom_description:/home/jezzy/husky_ws/turtlebot3/install/turtlebot3:/home/jezzy/husky_ws/turtlebot3/install/turtlebot3_simulations:/home/jezzy/husky_ws/turtlebot3/install/turtlebot3_bringup:/home/jezzy/husky_ws/turtlebot3/install/turtlebot3_node:/home/jezzy/husky_ws/turtlebot3/install/turtlebot3_navigation2:/home/jezzy/husky_ws/turtlebot3/install/turtlebot3_fake_node:/home/jezzy/husky_ws/turtlebot3/install/turtlebot3_msgs:/home/jezzy/husky_ws/turtlebot3/install/turtlebot3_gazebo:/home/jezzy/husky_ws/turtlebot3/install/turtlebot3_description:/home/jezzy/husky_ws/turtlebot3/install/turtlebot3_cartographer:/home/jezzy/husky_ws/turtlebot3/install/dynamixel_sdk_examples:/home/jezzy/husky_ws/turtlebot3/install/dynamixel_sdk_custom_interfaces:/home/jezzy/husky_ws/turtlebot3/install/dynamixel_sdk:/home/jezzy/huskybot/install/huskybot_fusion:/home/jezzy/huskybot/install/huskybot_navigation:/home/jezzy/husky_ws/lintic/install/yolosed:/home/jezzy/husky_ws/lintic/install/visual:/home/jezzy/husky_ws/lintic/install/segnet:/home/jezzy/husky_ws/turtlebot3/install/turtlebot3_teleop:/home/jezzy/husky_ws/turtlebot3/install/turtlebot3_example:/home/jezzy/husky_ws/turtlebot3/install/segtect:/home/jezzy/husky_ws/turtlebot3/install/autonomous_exploration:/opt/ros/humble LD_LIBRARY_PATH=/home/jezzy/huskybot/install/velodyne_msgs/lib:/home/jezzy/huskybot/install/yolov12_msgs/lib:/home/jezzy/huskybot/install/velodyne_pointcloud/lib:/home/jezzy/huskybot/install/velodyne_driver/lib:/home/jezzy/huskybot/install/velodyne_laserscan/lib:/home/jezzy/husky_ws/turtlebot3/install/turtlebot3_msgs/lib:/home/jezzy/husky_ws/turtlebot3/install/dynamixel_sdk_custom_interfaces/lib:/home/jezzy/husky_ws/turtlebot3/install/dynamixel_sdk/lib:/usr/lib/x86_64-linux-gnu/gazebo-11/plugins:/opt/ros/humble/opt/rviz_ogre_vendor/lib:/opt/ros/humble/lib/x86_64-linux-gnu:/opt/ros/humble/lib:/usr/share/gazebo/../../lib/x86_64-linux-gnu/gazebo-11/plugins /usr/bin/cmake --build /home/jezzy/huskybot/build/velodyne_pointcloud -- -j4 -l4
[121.052s] Invoking command in '/home/jezzy/huskybot/build/velodyne_pointcloud': CMAKE_PREFIX_PATH=/home/jezzy/huskybot/install/velodyne_msgs:/home/jezzy/huskybot/install/huskybot_recognition:/home/jezzy/huskybot/install/yolov12_msgs:/home/jezzy/huskybot/install/velodyne:/home/jezzy/huskybot/install/velodyne_pointcloud:/home/jezzy/huskybot/install/velodyne_driver:/home/jezzy/huskybot/install/velodyne_laserscan:/home/jezzy/huskybot/install/huskybot_mapping:/home/jezzy/huskybot/install/huskybot_gazebo:/home/jezzy/huskybot/install/huskybot_description:/home/jezzy/huskybot/install/huskybot_control:/home/jezzy/huskybot/install/husky_custom_description:/home/jezzy/husky_ws/turtlebot3/install/turtlebot3:/home/jezzy/husky_ws/turtlebot3/install/turtlebot3_simulations:/home/jezzy/husky_ws/turtlebot3/install/turtlebot3_bringup:/home/jezzy/husky_ws/turtlebot3/install/turtlebot3_node:/home/jezzy/husky_ws/turtlebot3/install/turtlebot3_navigation2:/home/jezzy/husky_ws/turtlebot3/install/turtlebot3_fake_node:/home/jezzy/husky_ws/turtlebot3/install/turtlebot3_msgs:/home/jezzy/husky_ws/turtlebot3/install/turtlebot3_gazebo:/home/jezzy/husky_ws/turtlebot3/install/turtlebot3_description:/home/jezzy/husky_ws/turtlebot3/install/turtlebot3_cartographer:/home/jezzy/husky_ws/turtlebot3/install/dynamixel_sdk_examples:/home/jezzy/husky_ws/turtlebot3/install/dynamixel_sdk_custom_interfaces:/home/jezzy/husky_ws/turtlebot3/install/dynamixel_sdk:/home/jezzy/huskybot/install/huskybot_fusion:/home/jezzy/huskybot/install/huskybot_navigation:/home/jezzy/husky_ws/lintic/install/yolosed:/home/jezzy/husky_ws/lintic/install/visual:/home/jezzy/husky_ws/lintic/install/segnet:/home/jezzy/husky_ws/turtlebot3/install/turtlebot3_teleop:/home/jezzy/husky_ws/turtlebot3/install/turtlebot3_example:/home/jezzy/husky_ws/turtlebot3/install/segtect:/home/jezzy/husky_ws/turtlebot3/install/autonomous_exploration:/opt/ros/humble LD_LIBRARY_PATH=/home/jezzy/huskybot/install/velodyne_msgs/lib:/home/jezzy/huskybot/install/yolov12_msgs/lib:/home/jezzy/huskybot/install/velodyne_pointcloud/lib:/home/jezzy/huskybot/install/velodyne_driver/lib:/home/jezzy/huskybot/install/velodyne_laserscan/lib:/home/jezzy/husky_ws/turtlebot3/install/turtlebot3_msgs/lib:/home/jezzy/husky_ws/turtlebot3/install/dynamixel_sdk_custom_interfaces/lib:/home/jezzy/husky_ws/turtlebot3/install/dynamixel_sdk/lib:/usr/lib/x86_64-linux-gnu/gazebo-11/plugins:/opt/ros/humble/opt/rviz_ogre_vendor/lib:/opt/ros/humble/lib/x86_64-linux-gnu:/opt/ros/humble/lib:/usr/share/gazebo/../../lib/x86_64-linux-gnu/gazebo-11/plugins /usr/bin/cmake --install /home/jezzy/huskybot/build/velodyne_pointcloud
[121.066s] -- Install configuration: ""
[121.067s] -- Installing: /home/jezzy/huskybot/install/velodyne_pointcloud/lib/libvelodyne_cloud_types.so
[121.070s] -- Set runtime path of "/home/jezzy/huskybot/install/velodyne_pointcloud/lib/libvelodyne_cloud_types.so" to ""
[121.070s] -- Installing: /home/jezzy/huskybot/install/velodyne_pointcloud/lib/libvelodyne_rawdata.so
[121.072s] -- Set runtime path of "/home/jezzy/huskybot/install/velodyne_pointcloud/lib/libvelodyne_rawdata.so" to ""
[121.072s] -- Installing: /home/jezzy/huskybot/install/velodyne_pointcloud/lib/libtransform.so
[121.093s] -- Set runtime path of "/home/jezzy/huskybot/install/velodyne_pointcloud/lib/libtransform.so" to ""
[121.093s] -- Installing: /home/jezzy/huskybot/install/velodyne_pointcloud/lib/velodyne_pointcloud/velodyne_transform_node
[121.095s] -- Set runtime path of "/home/jezzy/huskybot/install/velodyne_pointcloud/lib/velodyne_pointcloud/velodyne_transform_node" to ""
[121.096s] -- Installing: /home/jezzy/huskybot/install/velodyne_pointcloud/include/velodyne_pointcloud
[121.097s] -- Installing: /home/jezzy/huskybot/install/velodyne_pointcloud/include/velodyne_pointcloud/datacontainerbase.hpp
[121.097s] -- Installing: /home/jezzy/huskybot/install/velodyne_pointcloud/include/velodyne_pointcloud/rawdata.hpp
[121.097s] -- Installing: /home/jezzy/huskybot/install/velodyne_pointcloud/include/velodyne_pointcloud/calibration.hpp
[121.098s] -- Installing: /home/jezzy/huskybot/install/velodyne_pointcloud/include/velodyne_pointcloud/organized_cloudXYZIRT.hpp
[121.098s] -- Installing: /home/jezzy/huskybot/install/velodyne_pointcloud/include/velodyne_pointcloud/transform.hpp
[121.099s] -- Installing: /home/jezzy/huskybot/install/velodyne_pointcloud/include/velodyne_pointcloud/pointcloudXYZIRT.hpp
[121.099s] -- Installing: /home/jezzy/huskybot/install/velodyne_pointcloud/share/velodyne_pointcloud/config
[121.100s] -- Installing: /home/jezzy/huskybot/install/velodyne_pointcloud/share/velodyne_pointcloud/config/VLS128-velodyne_transform_node-params.yaml
[121.100s] -- Installing: /home/jezzy/huskybot/install/velodyne_pointcloud/share/velodyne_pointcloud/config/VLP32C-velodyne_transform_node-params.yaml
[121.101s] -- Installing: /home/jezzy/huskybot/install/velodyne_pointcloud/share/velodyne_pointcloud/config/VLP16-velodyne_transform_node-params.yaml
[121.101s] -- Installing: /home/jezzy/huskybot/install/velodyne_pointcloud/share/velodyne_pointcloud/launch
[121.101s] -- Installing: /home/jezzy/huskybot/install/velodyne_pointcloud/share/velodyne_pointcloud/launch/velodyne_transform_node-VLP32C-launch.py
[121.102s] -- Installing: /home/jezzy/huskybot/install/velodyne_pointcloud/share/velodyne_pointcloud/launch/velodyne_transform_node-VLP16-composed-launch.py
[121.102s] -- Installing: /home/jezzy/huskybot/install/velodyne_pointcloud/share/velodyne_pointcloud/launch/velodyne_transform_node-VLP32C-composed-launch.py
[121.102s] -- Installing: /home/jezzy/huskybot/install/velodyne_pointcloud/share/velodyne_pointcloud/launch/velodyne_transform_node-VLS128-composed-launch.py
[121.102s] -- Installing: /home/jezzy/huskybot/install/velodyne_pointcloud/share/velodyne_pointcloud/launch/velodyne_transform_node-VLS128-launch.py
[121.102s] -- Installing: /home/jezzy/huskybot/install/velodyne_pointcloud/share/velodyne_pointcloud/launch/velodyne_transform_node-VLP16-launch.py
[121.103s] -- Installing: /home/jezzy/huskybot/install/velodyne_pointcloud/share/velodyne_pointcloud/params
[121.103s] -- Installing: /home/jezzy/huskybot/install/velodyne_pointcloud/share/velodyne_pointcloud/params/64e_s2.1-sztaki.yaml
[121.103s] -- Installing: /home/jezzy/huskybot/install/velodyne_pointcloud/share/velodyne_pointcloud/params/64e_s3-xiesc.yaml
[121.103s] -- Installing: /home/jezzy/huskybot/install/velodyne_pointcloud/share/velodyne_pointcloud/params/VLP16db.yaml
[121.104s] -- Installing: /home/jezzy/huskybot/install/velodyne_pointcloud/share/velodyne_pointcloud/params/VLS128.yaml
[121.104s] -- Installing: /home/jezzy/huskybot/install/velodyne_pointcloud/share/velodyne_pointcloud/params/64e_utexas.yaml
[121.104s] -- Installing: /home/jezzy/huskybot/install/velodyne_pointcloud/share/velodyne_pointcloud/params/VeloView-VLP-32C.yaml
[121.105s] -- Installing: /home/jezzy/huskybot/install/velodyne_pointcloud/share/velodyne_pointcloud/params/VLP16_hires_db.yaml
[121.105s] -- Installing: /home/jezzy/huskybot/install/velodyne_pointcloud/share/velodyne_pointcloud/params/rviz_points.vcg
[121.106s] -- Installing: /home/jezzy/huskybot/install/velodyne_pointcloud/share/velodyne_pointcloud/params/issue_84_float_intensities.yaml
[121.106s] -- Installing: /home/jezzy/huskybot/install/velodyne_pointcloud/share/velodyne_pointcloud/params/32db.yaml
[121.106s] -- Installing: /home/jezzy/huskybot/install/velodyne_pointcloud/share/velodyne_pointcloud/environment/library_path.sh
[121.107s] -- Installing: /home/jezzy/huskybot/install/velodyne_pointcloud/share/velodyne_pointcloud/environment/library_path.dsv
[121.107s] -- Installing: /home/jezzy/huskybot/install/velodyne_pointcloud/share/ament_index/resource_index/package_run_dependencies/velodyne_pointcloud
[121.107s] -- Installing: /home/jezzy/huskybot/install/velodyne_pointcloud/share/ament_index/resource_index/parent_prefix_path/velodyne_pointcloud
[121.108s] -- Installing: /home/jezzy/huskybot/install/velodyne_pointcloud/share/velodyne_pointcloud/environment/ament_prefix_path.sh
[121.108s] -- Installing: /home/jezzy/huskybot/install/velodyne_pointcloud/share/velodyne_pointcloud/environment/ament_prefix_path.dsv
[121.109s] -- Installing: /home/jezzy/huskybot/install/velodyne_pointcloud/share/velodyne_pointcloud/environment/path.sh
[121.109s] -- Installing: /home/jezzy/huskybot/install/velodyne_pointcloud/share/velodyne_pointcloud/environment/path.dsv
[121.109s] -- Installing: /home/jezzy/huskybot/install/velodyne_pointcloud/share/velodyne_pointcloud/local_setup.bash
[121.110s] -- Installing: /home/jezzy/huskybot/install/velodyne_pointcloud/share/velodyne_pointcloud/local_setup.sh
[121.110s] -- Installing: /home/jezzy/huskybot/install/velodyne_pointcloud/share/velodyne_pointcloud/local_setup.zsh
[121.110s] -- Installing: /home/jezzy/huskybot/install/velodyne_pointcloud/share/velodyne_pointcloud/local_setup.dsv
[121.111s] -- Installing: /home/jezzy/huskybot/install/velodyne_pointcloud/share/velodyne_pointcloud/package.dsv
[121.111s] -- Installing: /home/jezzy/huskybot/install/velodyne_pointcloud/share/ament_index/resource_index/packages/velodyne_pointcloud
[121.112s] -- Installing: /home/jezzy/huskybot/install/velodyne_pointcloud/share/ament_index/resource_index/rclcpp_components/velodyne_pointcloud
[121.112s] -- Installing: /home/jezzy/huskybot/install/velodyne_pointcloud/share/velodyne_pointcloud/cmake/velodyne_pointcloudExport.cmake
[121.112s] -- Installing: /home/jezzy/huskybot/install/velodyne_pointcloud/share/velodyne_pointcloud/cmake/velodyne_pointcloudExport-noconfig.cmake
[121.113s] -- Installing: /home/jezzy/huskybot/install/velodyne_pointcloud/share/velodyne_pointcloud/cmake/ament_cmake_export_include_directories-extras.cmake
[121.113s] -- Installing: /home/jezzy/huskybot/install/velodyne_pointcloud/share/velodyne_pointcloud/cmake/ament_cmake_export_dependencies-extras.cmake
[121.114s] -- Installing: /home/jezzy/huskybot/install/velodyne_pointcloud/share/velodyne_pointcloud/cmake/ament_cmake_export_libraries-extras.cmake
[121.114s] -- Installing: /home/jezzy/huskybot/install/velodyne_pointcloud/share/velodyne_pointcloud/cmake/ament_cmake_export_targets-extras.cmake
[121.115s] -- Installing: /home/jezzy/huskybot/install/velodyne_pointcloud/share/velodyne_pointcloud/cmake/velodyne_pointcloudConfig.cmake
[121.115s] -- Installing: /home/jezzy/huskybot/install/velodyne_pointcloud/share/velodyne_pointcloud/cmake/velodyne_pointcloudConfig-version.cmake
[121.115s] -- Installing: /home/jezzy/huskybot/install/velodyne_pointcloud/share/velodyne_pointcloud/package.xml
[121.120s] Invoked command in '/home/jezzy/huskybot/build/velodyne_pointcloud' returned '0': CMAKE_PREFIX_PATH=/home/jezzy/huskybot/install/velodyne_msgs:/home/jezzy/huskybot/install/huskybot_recognition:/home/jezzy/huskybot/install/yolov12_msgs:/home/jezzy/huskybot/install/velodyne:/home/jezzy/huskybot/install/velodyne_pointcloud:/home/jezzy/huskybot/install/velodyne_driver:/home/jezzy/huskybot/install/velodyne_laserscan:/home/jezzy/huskybot/install/huskybot_mapping:/home/jezzy/huskybot/install/huskybot_gazebo:/home/jezzy/huskybot/install/huskybot_description:/home/jezzy/huskybot/install/huskybot_control:/home/jezzy/huskybot/install/husky_custom_description:/home/jezzy/husky_ws/turtlebot3/install/turtlebot3:/home/jezzy/husky_ws/turtlebot3/install/turtlebot3_simulations:/home/jezzy/husky_ws/turtlebot3/install/turtlebot3_bringup:/home/jezzy/husky_ws/turtlebot3/install/turtlebot3_node:/home/jezzy/husky_ws/turtlebot3/install/turtlebot3_navigation2:/home/jezzy/husky_ws/turtlebot3/install/turtlebot3_fake_node:/home/jezzy/husky_ws/turtlebot3/install/turtlebot3_msgs:/home/jezzy/husky_ws/turtlebot3/install/turtlebot3_gazebo:/home/jezzy/husky_ws/turtlebot3/install/turtlebot3_description:/home/jezzy/husky_ws/turtlebot3/install/turtlebot3_cartographer:/home/jezzy/husky_ws/turtlebot3/install/dynamixel_sdk_examples:/home/jezzy/husky_ws/turtlebot3/install/dynamixel_sdk_custom_interfaces:/home/jezzy/husky_ws/turtlebot3/install/dynamixel_sdk:/home/jezzy/huskybot/install/huskybot_fusion:/home/jezzy/huskybot/install/huskybot_navigation:/home/jezzy/husky_ws/lintic/install/yolosed:/home/jezzy/husky_ws/lintic/install/visual:/home/jezzy/husky_ws/lintic/install/segnet:/home/jezzy/husky_ws/turtlebot3/install/turtlebot3_teleop:/home/jezzy/husky_ws/turtlebot3/install/turtlebot3_example:/home/jezzy/husky_ws/turtlebot3/install/segtect:/home/jezzy/husky_ws/turtlebot3/install/autonomous_exploration:/opt/ros/humble LD_LIBRARY_PATH=/home/jezzy/huskybot/install/velodyne_msgs/lib:/home/jezzy/huskybot/install/yolov12_msgs/lib:/home/jezzy/huskybot/install/velodyne_pointcloud/lib:/home/jezzy/huskybot/install/velodyne_driver/lib:/home/jezzy/huskybot/install/velodyne_laserscan/lib:/home/jezzy/husky_ws/turtlebot3/install/turtlebot3_msgs/lib:/home/jezzy/husky_ws/turtlebot3/install/dynamixel_sdk_custom_interfaces/lib:/home/jezzy/husky_ws/turtlebot3/install/dynamixel_sdk/lib:/usr/lib/x86_64-linux-gnu/gazebo-11/plugins:/opt/ros/humble/opt/rviz_ogre_vendor/lib:/opt/ros/humble/lib/x86_64-linux-gnu:/opt/ros/humble/lib:/usr/share/gazebo/../../lib/x86_64-linux-gnu/gazebo-11/plugins /usr/bin/cmake --install /home/jezzy/huskybot/build/velodyne_pointcloud
