[0.087s] Invoking command in '/home/jezzy/yolobot/build/yolobot_description': CMAKE_PREFIX_PATH=${CMAKE_PREFIX_PATH}:/home/jezzy/yolobot/install/yolobot_fusion:/home/jezzy/yolobot/install/yolobot_navigation:/home/jezzy/husky_ws/lintic/install/yolosed:/home/jezzy/husky_ws/lintic/install/visual:/home/jezzy/husky_ws/lintic/install/segnet:/home/jezzy/husky_ws/turtlebot3/install/turtlebot3_teleop:/home/jezzy/husky_ws/turtlebot3/install/turtlebot3_example:/home/jezzy/husky_ws/turtlebot3/install/segtect:/home/jezzy/husky_ws/turtlebot3/install/autonomous_exploration:/opt/ros/humble /usr/bin/cmake /home/jezzy/yolobot/src/yolobot_description -DCMAKE_INSTALL_PREFIX=/home/jezzy/yolobot/install/yolobot_description
[1.032s] -- The C compiler identification is GNU 11.4.0
[3.647s] -- The CXX compiler identification is GNU 11.4.0
[6.110s] -- Detecting C compiler ABI info
[8.007s] -- Detecting C compiler ABI info - done
[8.137s] -- Check for working C compiler: /usr/bin/cc - skipped
[8.137s] -- Detecting C compile features
[8.158s] -- Detecting C compile features - done
[8.222s] -- Detecting CXX compiler ABI info
[9.864s] -- Detecting CXX compiler ABI info - done
[10.000s] -- Check for working CXX compiler: /usr/bin/c++ - skipped
[10.023s] -- Detecting CXX compile features
[10.029s] -- Detecting CXX compile features - done
[10.086s] -- Found ament_cmake: 1.3.11 (/opt/ros/humble/share/ament_cmake/cmake)
[11.810s] -- Found Python3: /usr/bin/python3 (found version "3.10.12") found components: Interpreter 
[13.160s] -- Found urdf: 2.6.1 (/opt/ros/humble/share/urdf/cmake)
[21.271s] -- Found ament_lint_auto: 0.12.12 (/opt/ros/humble/share/ament_lint_auto/cmake)
[21.667s] -- Added test 'copyright' to check source files copyright and LICENSE
[21.682s] -- Added test 'flake8' to check Python code syntax and style conventions
[21.686s] -- Added test 'lint_cmake' to check CMake code style
[21.691s] -- Added test 'pep257' to check Python code against some of the docstring style conventions in PEP 257
[21.702s] -- Added test 'xmllint' to check XML markup files
[21.715s] -- Configuring done
[21.738s] -- Generating done
[21.750s] -- Build files have been written to: /home/jezzy/yolobot/build/yolobot_description
[21.769s] Invoked command in '/home/jezzy/yolobot/build/yolobot_description' returned '0': CMAKE_PREFIX_PATH=${CMAKE_PREFIX_PATH}:/home/jezzy/yolobot/install/yolobot_fusion:/home/jezzy/yolobot/install/yolobot_navigation:/home/jezzy/husky_ws/lintic/install/yolosed:/home/jezzy/husky_ws/lintic/install/visual:/home/jezzy/husky_ws/lintic/install/segnet:/home/jezzy/husky_ws/turtlebot3/install/turtlebot3_teleop:/home/jezzy/husky_ws/turtlebot3/install/turtlebot3_example:/home/jezzy/husky_ws/turtlebot3/install/segtect:/home/jezzy/husky_ws/turtlebot3/install/autonomous_exploration:/opt/ros/humble /usr/bin/cmake /home/jezzy/yolobot/src/yolobot_description -DCMAKE_INSTALL_PREFIX=/home/jezzy/yolobot/install/yolobot_description
[21.770s] Invoking command in '/home/jezzy/yolobot/build/yolobot_description': CMAKE_PREFIX_PATH=${CMAKE_PREFIX_PATH}:/home/jezzy/yolobot/install/yolobot_fusion:/home/jezzy/yolobot/install/yolobot_navigation:/home/jezzy/husky_ws/lintic/install/yolosed:/home/jezzy/husky_ws/lintic/install/visual:/home/jezzy/husky_ws/lintic/install/segnet:/home/jezzy/husky_ws/turtlebot3/install/turtlebot3_teleop:/home/jezzy/husky_ws/turtlebot3/install/turtlebot3_example:/home/jezzy/husky_ws/turtlebot3/install/segtect:/home/jezzy/husky_ws/turtlebot3/install/autonomous_exploration:/opt/ros/humble /usr/bin/cmake --build /home/jezzy/yolobot/build/yolobot_description -- -j4 -l4
[21.872s] Invoked command in '/home/jezzy/yolobot/build/yolobot_description' returned '0': CMAKE_PREFIX_PATH=${CMAKE_PREFIX_PATH}:/home/jezzy/yolobot/install/yolobot_fusion:/home/jezzy/yolobot/install/yolobot_navigation:/home/jezzy/husky_ws/lintic/install/yolosed:/home/jezzy/husky_ws/lintic/install/visual:/home/jezzy/husky_ws/lintic/install/segnet:/home/jezzy/husky_ws/turtlebot3/install/turtlebot3_teleop:/home/jezzy/husky_ws/turtlebot3/install/turtlebot3_example:/home/jezzy/husky_ws/turtlebot3/install/segtect:/home/jezzy/husky_ws/turtlebot3/install/autonomous_exploration:/opt/ros/humble /usr/bin/cmake --build /home/jezzy/yolobot/build/yolobot_description -- -j4 -l4
[21.873s] Invoking command in '/home/jezzy/yolobot/build/yolobot_description': CMAKE_PREFIX_PATH=${CMAKE_PREFIX_PATH}:/home/jezzy/yolobot/install/yolobot_fusion:/home/jezzy/yolobot/install/yolobot_navigation:/home/jezzy/husky_ws/lintic/install/yolosed:/home/jezzy/husky_ws/lintic/install/visual:/home/jezzy/husky_ws/lintic/install/segnet:/home/jezzy/husky_ws/turtlebot3/install/turtlebot3_teleop:/home/jezzy/husky_ws/turtlebot3/install/turtlebot3_example:/home/jezzy/husky_ws/turtlebot3/install/segtect:/home/jezzy/husky_ws/turtlebot3/install/autonomous_exploration:/opt/ros/humble /usr/bin/cmake --install /home/jezzy/yolobot/build/yolobot_description
[21.897s] -- Install configuration: ""
[21.898s] -- Installing: /home/jezzy/yolobot/install/yolobot_description/share/yolobot_description//launch
[21.900s] -- Installing: /home/jezzy/yolobot/install/yolobot_description/share/yolobot_description//launch/spawn_yolobot_launch.launch.py
[21.901s] -- Installing: /home/jezzy/yolobot/install/yolobot_description/share/yolobot_description//launch/spawn_yolobot.py
[21.902s] -- Installing: /home/jezzy/yolobot/install/yolobot_description/share/yolobot_description//robot
[21.903s] -- Installing: /home/jezzy/yolobot/install/yolobot_description/share/yolobot_description//robot/husky_with_cameras.xacro
[21.904s] -- Installing: /home/jezzy/yolobot/install/yolobot_description/share/yolobot_description//robot/yolobot.urdf
[21.911s] -- Installing: /home/jezzy/yolobot/install/yolobot_description/lib/yolobot_description/spawn_yolobot.py
[21.914s] -- Installing: /home/jezzy/yolobot/install/yolobot_description/share/ament_index/resource_index/package_run_dependencies/yolobot_description
[21.915s] -- Installing: /home/jezzy/yolobot/install/yolobot_description/share/ament_index/resource_index/parent_prefix_path/yolobot_description
[21.916s] -- Installing: /home/jezzy/yolobot/install/yolobot_description/share/yolobot_description/environment/ament_prefix_path.sh
[21.917s] -- Installing: /home/jezzy/yolobot/install/yolobot_description/share/yolobot_description/environment/ament_prefix_path.dsv
[21.918s] -- Installing: /home/jezzy/yolobot/install/yolobot_description/share/yolobot_description/environment/path.sh
[21.919s] -- Installing: /home/jezzy/yolobot/install/yolobot_description/share/yolobot_description/environment/path.dsv
[21.921s] -- Installing: /home/jezzy/yolobot/install/yolobot_description/share/yolobot_description/local_setup.bash
[21.922s] -- Installing: /home/jezzy/yolobot/install/yolobot_description/share/yolobot_description/local_setup.sh
[21.923s] -- Installing: /home/jezzy/yolobot/install/yolobot_description/share/yolobot_description/local_setup.zsh
[21.924s] -- Installing: /home/jezzy/yolobot/install/yolobot_description/share/yolobot_description/local_setup.dsv
[21.924s] -- Installing: /home/jezzy/yolobot/install/yolobot_description/share/yolobot_description/package.dsv
[21.926s] -- Installing: /home/jezzy/yolobot/install/yolobot_description/share/ament_index/resource_index/packages/yolobot_description
[21.927s] -- Installing: /home/jezzy/yolobot/install/yolobot_description/share/yolobot_description/cmake/yolobot_descriptionConfig.cmake
[21.928s] -- Installing: /home/jezzy/yolobot/install/yolobot_description/share/yolobot_description/cmake/yolobot_descriptionConfig-version.cmake
[21.929s] -- Installing: /home/jezzy/yolobot/install/yolobot_description/share/yolobot_description/package.xml
[21.941s] Invoked command in '/home/jezzy/yolobot/build/yolobot_description' returned '0': CMAKE_PREFIX_PATH=${CMAKE_PREFIX_PATH}:/home/jezzy/yolobot/install/yolobot_fusion:/home/jezzy/yolobot/install/yolobot_navigation:/home/jezzy/husky_ws/lintic/install/yolosed:/home/jezzy/husky_ws/lintic/install/visual:/home/jezzy/husky_ws/lintic/install/segnet:/home/jezzy/husky_ws/turtlebot3/install/turtlebot3_teleop:/home/jezzy/husky_ws/turtlebot3/install/turtlebot3_example:/home/jezzy/husky_ws/turtlebot3/install/segtect:/home/jezzy/husky_ws/turtlebot3/install/autonomous_exploration:/opt/ros/humble /usr/bin/cmake --install /home/jezzy/yolobot/build/yolobot_description
