[0.096s] Invoking command in '/home/jezzy/yolobot/build/husky_custom_gazebo': /usr/bin/cmake /home/jezzy/yolobot/src/husky_customization/husky_custom_gazebo -DCATKIN_INSTALL_INTO_PREFIX_ROOT=0 -DCMAKE_INSTALL_PREFIX=/home/jezzy/yolobot/install/husky_custom_gazebo
[0.139s] [0mCMake Deprecation Warning at CMakeLists.txt:1 (cmake_minimum_required):
[0.139s]   Compatibility with CMake < 2.8.12 will be removed from a future version of
[0.139s]   CMake.
[0.139s] 
[0.140s]   Update the VERSION argument <min> value or use a ...<max> suffix to tell
[0.140s]   CMake that the project does not need compatibility with older versions.
[0.140s] 
[0.140s] [0m
[3.226s] -- Configuring incomplete, errors occurred!
[3.226s] See also "/home/jezzy/yolobot/build/husky_custom_gazebo/CMakeFiles/CMakeOutput.log".
[3.227s] [33mCMake Warning at CMakeLists.txt:4 (find_package):
[3.227s]   By not providing "Findcatkin.cmake" in CMAKE_MODULE_PATH this project has
[3.227s]   asked CMake to find a package configuration file provided by "catkin", but
[3.227s]   CMake did not find one.
[3.227s] 
[3.228s]   Could not find a package configuration file provided by "catkin" with any
[3.228s]   of the following names:
[3.228s] 
[3.231s]     catkinConfig.cmake
[3.231s]     catkin-config.cmake
[3.232s] 
[3.233s]   Add the installation prefix of "catkin" to CMAKE_PREFIX_PATH or set
[3.233s]   "catkin_DIR" to a directory containing one of the above files.  If "catkin"
[3.233s]   provides a separate development package or SDK, be sure it has been
[3.234s]   installed.
[3.234s] 
[3.234s] [0m
[3.234s] [31mCMake Error at CMakeLists.txt:6 (catkin_package):
[3.235s]   Unknown CMake command "catkin_package".
[3.235s] 
[3.235s] [0m
[3.236s] Invoked command in '/home/jezzy/yolobot/build/husky_custom_gazebo' returned '1': /usr/bin/cmake /home/jezzy/yolobot/src/husky_customization/husky_custom_gazebo -DCATKIN_INSTALL_INTO_PREFIX_ROOT=0 -DCMAKE_INSTALL_PREFIX=/home/jezzy/yolobot/install/husky_custom_gazebo
