[0.083s] Invoking command in '/home/jezzy/huskybot/build/ros_numpy': /usr/bin/cmake /home/jezzy/huskybot/src/ros_numpy -DCATKIN_INSTALL_INTO_PREFIX_ROOT=0 -DCMAKE_INSTALL_PREFIX=/home/jezzy/huskybot/install/ros_numpy
[0.169s] [0mCMake Deprecation Warning at CMakeLists.txt:1 (cmake_minimum_required):
[0.169s]   Compatibility with CMake < 2.8.12 will be removed from a future version of
[0.169s]   CMake.
[0.169s] 
[0.170s]   Update the VERSION argument <min> value or use a ...<max> suffix to tell
[0.170s]   CMake that the project does not need compatibility with older versions.
[0.170s] 
[0.170s] [0m
[1.570s] -- The C compiler identification is GNU 11.4.0
[10.225s] -- The CXX compiler identification is GNU 11.4.0
[11.569s] -- Detecting C compiler ABI info
[12.089s] -- Detecting C compiler ABI info - done
[12.132s] -- Check for working C compiler: /usr/bin/cc - skipped
[12.133s] -- Detecting C compile features
[12.134s] -- Detecting C compile features - done
[12.145s] -- Detecting CXX compiler ABI info
[12.574s] -- Detecting CXX compiler ABI info - done
[12.600s] -- Check for working CXX compiler: /usr/bin/c++ - skipped
[12.601s] -- Detecting CXX compile features
[12.602s] -- Detecting CXX compile features - done
[16.008s] [31mCMake Error at CMakeLists.txt:7 (find_package):
[16.008s]   By not providing "Findcatkin.cmake" in CMAKE_MODULE_PATH this project has
[16.009s]   asked CMake to find a package configuration file provided by "catkin", but
[16.009s]   CMake did not find one.
[16.009s] 
[16.009s]   Could not find a package configuration file provided by "catkin" with any
[16.009s]   of the following names:
[16.009s] 
[16.009s]     catkinConfig.cmake
[16.010s]     catkin-config.cmake
[16.010s] 
[16.010s]   Add the installation prefix of "catkin" to CMAKE_PREFIX_PATH or set
[16.010s]   "catkin_DIR" to a directory containing one of the above files.  If "catkin"
[16.010s]   provides a separate development package or SDK, be sure it has been
[16.010s]   installed.
[16.010s] 
[16.010s] [0m
[16.010s] -- Configuring incomplete, errors occurred!
[16.010s] See also "/home/jezzy/huskybot/build/ros_numpy/CMakeFiles/CMakeOutput.log".
[16.018s] Invoked command in '/home/jezzy/huskybot/build/ros_numpy' returned '1': /usr/bin/cmake /home/jezzy/huskybot/src/ros_numpy -DCATKIN_INSTALL_INTO_PREFIX_ROOT=0 -DCMAKE_INSTALL_PREFIX=/home/jezzy/huskybot/install/ros_numpy
