[0.122s] Invoking command in '/home/jezzy/yolobot/build/yolobot_description': CMAKE_PREFIX_PATH=${CMAKE_PREFIX_PATH}:/home/jezzy/husky_ws/lintic/install/yolosed:/home/jezzy/husky_ws/lintic/install/visual:/home/jezzy/husky_ws/lintic/install/segnet:/home/jezzy/husky_ws/turtlebot3/install/turtlebot3_teleop:/home/jezzy/husky_ws/turtlebot3/install/turtlebot3_example:/home/jezzy/husky_ws/turtlebot3/install/segtect:/home/jezzy/husky_ws/turtlebot3/install/autonomous_exploration:/opt/ros/humble /usr/bin/cmake --build /home/jezzy/yolobot/build/yolobot_description -- -j4 -l4
[0.315s] Invoked command in '/home/jezzy/yolobot/build/yolobot_description' returned '0': CMAKE_PREFIX_PATH=${CMAKE_PREFIX_PATH}:/home/jezzy/husky_ws/lintic/install/yolosed:/home/jezzy/husky_ws/lintic/install/visual:/home/jezzy/husky_ws/lintic/install/segnet:/home/jezzy/husky_ws/turtlebot3/install/turtlebot3_teleop:/home/jezzy/husky_ws/turtlebot3/install/turtlebot3_example:/home/jezzy/husky_ws/turtlebot3/install/segtect:/home/jezzy/husky_ws/turtlebot3/install/autonomous_exploration:/opt/ros/humble /usr/bin/cmake --build /home/jezzy/yolobot/build/yolobot_description -- -j4 -l4
[0.361s] Invoking command in '/home/jezzy/yolobot/build/yolobot_description': CMAKE_PREFIX_PATH=${CMAKE_PREFIX_PATH}:/home/jezzy/husky_ws/lintic/install/yolosed:/home/jezzy/husky_ws/lintic/install/visual:/home/jezzy/husky_ws/lintic/install/segnet:/home/jezzy/husky_ws/turtlebot3/install/turtlebot3_teleop:/home/jezzy/husky_ws/turtlebot3/install/turtlebot3_example:/home/jezzy/husky_ws/turtlebot3/install/segtect:/home/jezzy/husky_ws/turtlebot3/install/autonomous_exploration:/opt/ros/humble /usr/bin/cmake --install /home/jezzy/yolobot/build/yolobot_description
[0.397s] -- Install configuration: ""
[0.397s] -- Up-to-date: /home/jezzy/yolobot/install/yolobot_description/share/yolobot_description//launch
[0.398s] -- Up-to-date: /home/jezzy/yolobot/install/yolobot_description/share/yolobot_description//launch/spawn_yolobot_launch.launch.py
[0.398s] -- Up-to-date: /home/jezzy/yolobot/install/yolobot_description/share/yolobot_description//launch/spawn_yolobot.py
[0.398s] -- Up-to-date: /home/jezzy/yolobot/install/yolobot_description/share/yolobot_description//robot
[0.407s] -- Installing: /home/jezzy/yolobot/install/yolobot_description/share/yolobot_description//robot/yolobot.urdf
[0.408s] -- Up-to-date: /home/jezzy/yolobot/install/yolobot_description/lib/yolobot_description/spawn_yolobot.py
[0.408s] -- Up-to-date: /home/jezzy/yolobot/install/yolobot_description/share/ament_index/resource_index/package_run_dependencies/yolobot_description
[0.408s] -- Up-to-date: /home/jezzy/yolobot/install/yolobot_description/share/ament_index/resource_index/parent_prefix_path/yolobot_description
[0.408s] -- Up-to-date: /home/jezzy/yolobot/install/yolobot_description/share/yolobot_description/environment/ament_prefix_path.sh
[0.408s] -- Up-to-date: /home/jezzy/yolobot/install/yolobot_description/share/yolobot_description/environment/ament_prefix_path.dsv
[0.409s] -- Up-to-date: /home/jezzy/yolobot/install/yolobot_description/share/yolobot_description/environment/path.sh
[0.409s] -- Up-to-date: /home/jezzy/yolobot/install/yolobot_description/share/yolobot_description/environment/path.dsv
[0.409s] -- Up-to-date: /home/jezzy/yolobot/install/yolobot_description/share/yolobot_description/local_setup.bash
[0.410s] -- Up-to-date: /home/jezzy/yolobot/install/yolobot_description/share/yolobot_description/local_setup.sh
[0.412s] -- Up-to-date: /home/jezzy/yolobot/install/yolobot_description/share/yolobot_description/local_setup.zsh
[0.413s] -- Up-to-date: /home/jezzy/yolobot/install/yolobot_description/share/yolobot_description/local_setup.dsv
[0.414s] -- Installing: /home/jezzy/yolobot/install/yolobot_description/share/yolobot_description/package.dsv
[0.415s] -- Up-to-date: /home/jezzy/yolobot/install/yolobot_description/share/ament_index/resource_index/packages/yolobot_description
[0.415s] -- Up-to-date: /home/jezzy/yolobot/install/yolobot_description/share/yolobot_description/cmake/yolobot_descriptionConfig.cmake
[0.419s] -- Up-to-date: /home/jezzy/yolobot/install/yolobot_description/share/yolobot_description/cmake/yolobot_descriptionConfig-version.cmake
[0.419s] -- Up-to-date: /home/jezzy/yolobot/install/yolobot_description/share/yolobot_description/package.xml
[0.435s] Invoked command in '/home/jezzy/yolobot/build/yolobot_description' returned '0': CMAKE_PREFIX_PATH=${CMAKE_PREFIX_PATH}:/home/jezzy/husky_ws/lintic/install/yolosed:/home/jezzy/husky_ws/lintic/install/visual:/home/jezzy/husky_ws/lintic/install/segnet:/home/jezzy/husky_ws/turtlebot3/install/turtlebot3_teleop:/home/jezzy/husky_ws/turtlebot3/install/turtlebot3_example:/home/jezzy/husky_ws/turtlebot3/install/segtect:/home/jezzy/husky_ws/turtlebot3/install/autonomous_exploration:/opt/ros/humble /usr/bin/cmake --install /home/jezzy/yolobot/build/yolobot_description
