[0.064s] Invoking command in '/home/jezzy/yolobot/build/yolobot_control': CMAKE_PREFIX_PATH=${CMAKE_PREFIX_PATH}:/home/jezzy/husky_ws/lintic/install/yolosed:/home/jezzy/husky_ws/lintic/install/visual:/home/jezzy/husky_ws/lintic/install/segnet:/home/jezzy/husky_ws/turtlebot3/install/turtlebot3_teleop:/home/jezzy/husky_ws/turtlebot3/install/turtlebot3_example:/home/jezzy/husky_ws/turtlebot3/install/segtect:/home/jezzy/husky_ws/turtlebot3/install/autonomous_exploration:/opt/ros/humble /usr/bin/cmake /home/jezzy/yolobot/src/yolobot_control -DCMAKE_INSTALL_PREFIX=/home/jezzy/yolobot/install/yolobot_control
[0.568s] -- The C compiler identification is GNU 11.4.0
[2.090s] -- The CXX compiler identification is GNU 11.4.0
[2.970s] -- Detecting C compiler ABI info
[3.449s] -- Detecting C compiler ABI info - done
[3.484s] -- Check for working C compiler: /usr/bin/cc - skipped
[3.486s] -- Detecting C compile features
[3.488s] -- Detecting C compile features - done
[3.502s] -- Detecting CXX compiler ABI info
[4.040s] -- Detecting CXX compiler ABI info - done
[4.078s] -- Check for working CXX compiler: /usr/bin/c++ - skipped
[4.080s] -- Detecting CXX compile features
[4.081s] -- Detecting CXX compile features - done
[4.096s] -- Found ament_cmake: 1.3.11 (/opt/ros/humble/share/ament_cmake/cmake)
[4.622s] -- Found Python3: /usr/bin/python3 (found version "3.10.12") found components: Interpreter 
[4.967s] -- Found ament_lint_auto: 0.12.12 (/opt/ros/humble/share/ament_lint_auto/cmake)
[5.251s] -- Added test 'copyright' to check source files copyright and LICENSE
[5.258s] -- Added test 'flake8' to check Python code syntax and style conventions
[5.262s] -- Added test 'lint_cmake' to check CMake code style
[5.265s] -- Added test 'pep257' to check Python code against some of the docstring style conventions in PEP 257
[5.270s] -- Added test 'xmllint' to check XML markup files
[5.278s] -- Configuring done
[5.294s] -- Generating done
[5.300s] -- Build files have been written to: /home/jezzy/yolobot/build/yolobot_control
[5.325s] Invoked command in '/home/jezzy/yolobot/build/yolobot_control' returned '0': CMAKE_PREFIX_PATH=${CMAKE_PREFIX_PATH}:/home/jezzy/husky_ws/lintic/install/yolosed:/home/jezzy/husky_ws/lintic/install/visual:/home/jezzy/husky_ws/lintic/install/segnet:/home/jezzy/husky_ws/turtlebot3/install/turtlebot3_teleop:/home/jezzy/husky_ws/turtlebot3/install/turtlebot3_example:/home/jezzy/husky_ws/turtlebot3/install/segtect:/home/jezzy/husky_ws/turtlebot3/install/autonomous_exploration:/opt/ros/humble /usr/bin/cmake /home/jezzy/yolobot/src/yolobot_control -DCMAKE_INSTALL_PREFIX=/home/jezzy/yolobot/install/yolobot_control
[5.326s] Invoking command in '/home/jezzy/yolobot/build/yolobot_control': CMAKE_PREFIX_PATH=${CMAKE_PREFIX_PATH}:/home/jezzy/husky_ws/lintic/install/yolosed:/home/jezzy/husky_ws/lintic/install/visual:/home/jezzy/husky_ws/lintic/install/segnet:/home/jezzy/husky_ws/turtlebot3/install/turtlebot3_teleop:/home/jezzy/husky_ws/turtlebot3/install/turtlebot3_example:/home/jezzy/husky_ws/turtlebot3/install/segtect:/home/jezzy/husky_ws/turtlebot3/install/autonomous_exploration:/opt/ros/humble /usr/bin/cmake --build /home/jezzy/yolobot/build/yolobot_control -- -j4 -l4
[5.443s] Invoked command in '/home/jezzy/yolobot/build/yolobot_control' returned '0': CMAKE_PREFIX_PATH=${CMAKE_PREFIX_PATH}:/home/jezzy/husky_ws/lintic/install/yolosed:/home/jezzy/husky_ws/lintic/install/visual:/home/jezzy/husky_ws/lintic/install/segnet:/home/jezzy/husky_ws/turtlebot3/install/turtlebot3_teleop:/home/jezzy/husky_ws/turtlebot3/install/turtlebot3_example:/home/jezzy/husky_ws/turtlebot3/install/segtect:/home/jezzy/husky_ws/turtlebot3/install/autonomous_exploration:/opt/ros/humble /usr/bin/cmake --build /home/jezzy/yolobot/build/yolobot_control -- -j4 -l4
[5.468s] Invoking command in '/home/jezzy/yolobot/build/yolobot_control': CMAKE_PREFIX_PATH=${CMAKE_PREFIX_PATH}:/home/jezzy/husky_ws/lintic/install/yolosed:/home/jezzy/husky_ws/lintic/install/visual:/home/jezzy/husky_ws/lintic/install/segnet:/home/jezzy/husky_ws/turtlebot3/install/turtlebot3_teleop:/home/jezzy/husky_ws/turtlebot3/install/turtlebot3_example:/home/jezzy/husky_ws/turtlebot3/install/segtect:/home/jezzy/husky_ws/turtlebot3/install/autonomous_exploration:/opt/ros/humble /usr/bin/cmake --install /home/jezzy/yolobot/build/yolobot_control
[5.488s] -- Install configuration: ""
[5.489s] -- Installing: /home/jezzy/yolobot/install/yolobot_control/share/yolobot_control//scripts
[5.490s] -- Installing: /home/jezzy/yolobot/install/yolobot_control/share/yolobot_control//scripts/robot_control.py
[5.497s] -- Installing: /home/jezzy/yolobot/install/yolobot_control/share/yolobot_control//launch
[5.497s] -- Installing: /home/jezzy/yolobot/install/yolobot_control/share/yolobot_control//launch/yolobot_control.launch.py
[5.498s] -- Installing: /home/jezzy/yolobot/install/yolobot_control/lib/yolobot_control/robot_control.py
[5.498s] -- Installing: /home/jezzy/yolobot/install/yolobot_control/lib/yolobot_control/yolobot_control.launch.py
[5.498s] -- Installing: /home/jezzy/yolobot/install/yolobot_control/share/ament_index/resource_index/package_run_dependencies/yolobot_control
[5.503s] -- Installing: /home/jezzy/yolobot/install/yolobot_control/share/ament_index/resource_index/parent_prefix_path/yolobot_control
[5.503s] -- Installing: /home/jezzy/yolobot/install/yolobot_control/share/yolobot_control/environment/ament_prefix_path.sh
[5.503s] -- Installing: /home/jezzy/yolobot/install/yolobot_control/share/yolobot_control/environment/ament_prefix_path.dsv
[5.504s] -- Installing: /home/jezzy/yolobot/install/yolobot_control/share/yolobot_control/environment/path.sh
[5.504s] -- Installing: /home/jezzy/yolobot/install/yolobot_control/share/yolobot_control/environment/path.dsv
[5.524s] -- Installing: /home/jezzy/yolobot/install/yolobot_control/share/yolobot_control/local_setup.bash
[5.524s] -- Installing: /home/jezzy/yolobot/install/yolobot_control/share/yolobot_control/local_setup.sh
[5.524s] -- Installing: /home/jezzy/yolobot/install/yolobot_control/share/yolobot_control/local_setup.zsh
[5.525s] -- Installing: /home/jezzy/yolobot/install/yolobot_control/share/yolobot_control/local_setup.dsv
[5.526s] -- Installing: /home/jezzy/yolobot/install/yolobot_control/share/yolobot_control/package.dsv
[5.527s] -- Installing: /home/jezzy/yolobot/install/yolobot_control/share/ament_index/resource_index/packages/yolobot_control
[5.541s] -- Installing: /home/jezzy/yolobot/install/yolobot_control/share/yolobot_control/cmake/yolobot_controlConfig.cmake
[5.545s] -- Installing: /home/jezzy/yolobot/install/yolobot_control/share/yolobot_control/cmake/yolobot_controlConfig-version.cmake
[5.547s] -- Installing: /home/jezzy/yolobot/install/yolobot_control/share/yolobot_control/package.xml
[5.547s] Invoked command in '/home/jezzy/yolobot/build/yolobot_control' returned '0': CMAKE_PREFIX_PATH=${CMAKE_PREFIX_PATH}:/home/jezzy/husky_ws/lintic/install/yolosed:/home/jezzy/husky_ws/lintic/install/visual:/home/jezzy/husky_ws/lintic/install/segnet:/home/jezzy/husky_ws/turtlebot3/install/turtlebot3_teleop:/home/jezzy/husky_ws/turtlebot3/install/turtlebot3_example:/home/jezzy/husky_ws/turtlebot3/install/segtect:/home/jezzy/husky_ws/turtlebot3/install/autonomous_exploration:/opt/ros/humble /usr/bin/cmake --install /home/jezzy/yolobot/build/yolobot_control
