[0.123s] Invoking command in '/home/jezzy/huskybot/build/huskybot_description': CMAKE_PREFIX_PATH=${CMAKE_PREFIX_PATH}:/home/jezzy/huskybot/install/huskybot_fusion:/home/jezzy/huskybot/install/huskybot_navigation:/home/jezzy/husky_ws/lintic/install/yolosed:/home/jezzy/husky_ws/lintic/install/visual:/home/jezzy/husky_ws/lintic/install/segnet:/home/jezzy/husky_ws/turtlebot3/install/turtlebot3_teleop:/home/jezzy/husky_ws/turtlebot3/install/turtlebot3_example:/home/jezzy/husky_ws/turtlebot3/install/segtect:/home/jezzy/husky_ws/turtlebot3/install/autonomous_exploration:/opt/ros/humble /usr/bin/cmake /home/jezzy/huskybot/src/huskybot_description -DCMAKE_INSTALL_PREFIX=/home/jezzy/huskybot/install/huskybot_description
[0.942s] -- The C compiler identification is GNU 11.4.0
[3.127s] -- The CXX compiler identification is GNU 11.4.0
[4.790s] -- Detecting C compiler ABI info
[6.039s] -- Detecting C compiler ABI info - done
[6.127s] -- Check for working C compiler: /usr/bin/cc - skipped
[6.136s] -- Detecting C compile features
[6.149s] -- Detecting C compile features - done
[6.196s] -- Detecting CXX compiler ABI info
[7.519s] -- Detecting CXX compiler ABI info - done
[7.579s] -- Check for working CXX compiler: /usr/bin/c++ - skipped
[7.582s] -- Detecting CXX compile features
[7.590s] -- Detecting CXX compile features - done
[7.606s] -- Found ament_cmake: 1.3.11 (/opt/ros/humble/share/ament_cmake/cmake)
[9.573s] -- Found Python3: /usr/bin/python3 (found version "3.10.12") found components: Interpreter 
[10.974s] -- Found urdf: 2.6.1 (/opt/ros/humble/share/urdf/cmake)
[17.102s] -- Found ament_lint_auto: 0.12.12 (/opt/ros/humble/share/ament_lint_auto/cmake)
[18.054s] -- Added test 'copyright' to check source files copyright and LICENSE
[18.084s] -- Added test 'flake8' to check Python code syntax and style conventions
[18.091s] -- Added test 'lint_cmake' to check CMake code style
[18.104s] -- Added test 'pep257' to check Python code against some of the docstring style conventions in PEP 257
[18.124s] -- Added test 'xmllint' to check XML markup files
[18.173s] -- Configuring done
[18.213s] -- Generating done
[18.231s] -- Build files have been written to: /home/jezzy/huskybot/build/huskybot_description
[18.281s] Invoked command in '/home/jezzy/huskybot/build/huskybot_description' returned '0': CMAKE_PREFIX_PATH=${CMAKE_PREFIX_PATH}:/home/jezzy/huskybot/install/huskybot_fusion:/home/jezzy/huskybot/install/huskybot_navigation:/home/jezzy/husky_ws/lintic/install/yolosed:/home/jezzy/husky_ws/lintic/install/visual:/home/jezzy/husky_ws/lintic/install/segnet:/home/jezzy/husky_ws/turtlebot3/install/turtlebot3_teleop:/home/jezzy/husky_ws/turtlebot3/install/turtlebot3_example:/home/jezzy/husky_ws/turtlebot3/install/segtect:/home/jezzy/husky_ws/turtlebot3/install/autonomous_exploration:/opt/ros/humble /usr/bin/cmake /home/jezzy/huskybot/src/huskybot_description -DCMAKE_INSTALL_PREFIX=/home/jezzy/huskybot/install/huskybot_description
[18.290s] Invoking command in '/home/jezzy/huskybot/build/huskybot_description': CMAKE_PREFIX_PATH=${CMAKE_PREFIX_PATH}:/home/jezzy/huskybot/install/huskybot_fusion:/home/jezzy/huskybot/install/huskybot_navigation:/home/jezzy/husky_ws/lintic/install/yolosed:/home/jezzy/husky_ws/lintic/install/visual:/home/jezzy/husky_ws/lintic/install/segnet:/home/jezzy/husky_ws/turtlebot3/install/turtlebot3_teleop:/home/jezzy/husky_ws/turtlebot3/install/turtlebot3_example:/home/jezzy/husky_ws/turtlebot3/install/segtect:/home/jezzy/husky_ws/turtlebot3/install/autonomous_exploration:/opt/ros/humble /usr/bin/cmake --build /home/jezzy/huskybot/build/huskybot_description -- -j4 -l4
[18.552s] Invoked command in '/home/jezzy/huskybot/build/huskybot_description' returned '0': CMAKE_PREFIX_PATH=${CMAKE_PREFIX_PATH}:/home/jezzy/huskybot/install/huskybot_fusion:/home/jezzy/huskybot/install/huskybot_navigation:/home/jezzy/husky_ws/lintic/install/yolosed:/home/jezzy/husky_ws/lintic/install/visual:/home/jezzy/husky_ws/lintic/install/segnet:/home/jezzy/husky_ws/turtlebot3/install/turtlebot3_teleop:/home/jezzy/husky_ws/turtlebot3/install/turtlebot3_example:/home/jezzy/husky_ws/turtlebot3/install/segtect:/home/jezzy/husky_ws/turtlebot3/install/autonomous_exploration:/opt/ros/humble /usr/bin/cmake --build /home/jezzy/huskybot/build/huskybot_description -- -j4 -l4
[18.562s] Invoking command in '/home/jezzy/huskybot/build/huskybot_description': CMAKE_PREFIX_PATH=${CMAKE_PREFIX_PATH}:/home/jezzy/huskybot/install/huskybot_fusion:/home/jezzy/huskybot/install/huskybot_navigation:/home/jezzy/husky_ws/lintic/install/yolosed:/home/jezzy/husky_ws/lintic/install/visual:/home/jezzy/husky_ws/lintic/install/segnet:/home/jezzy/husky_ws/turtlebot3/install/turtlebot3_teleop:/home/jezzy/husky_ws/turtlebot3/install/turtlebot3_example:/home/jezzy/husky_ws/turtlebot3/install/segtect:/home/jezzy/husky_ws/turtlebot3/install/autonomous_exploration:/opt/ros/humble /usr/bin/cmake --install /home/jezzy/huskybot/build/huskybot_description
[18.628s] -- Install configuration: ""
[18.628s] -- Installing: /home/jezzy/huskybot/install/huskybot_description/share/huskybot_description//launch
[18.633s] -- Installing: /home/jezzy/huskybot/install/huskybot_description/share/huskybot_description//launch/spawn_huskybot_launch.launch.py
[18.634s] -- Installing: /home/jezzy/huskybot/install/huskybot_description/share/huskybot_description//launch/spawn_huskybot.py
[18.636s] -- Installing: /home/jezzy/huskybot/install/huskybot_description/share/huskybot_description//robot
[18.640s] -- Installing: /home/jezzy/huskybot/install/huskybot_description/share/huskybot_description//robot/huskybot.urdf
[18.643s] -- Installing: /home/jezzy/huskybot/install/huskybot_description/share/huskybot_description//robot/husky_with_cameras.xacro
[18.647s] -- Installing: /home/jezzy/huskybot/install/huskybot_description/lib/huskybot_description/spawn_huskybot.py
[18.654s] -- Installing: /home/jezzy/huskybot/install/huskybot_description/share/ament_index/resource_index/package_run_dependencies/huskybot_description
[18.661s] -- Installing: /home/jezzy/huskybot/install/huskybot_description/share/ament_index/resource_index/parent_prefix_path/huskybot_description
[18.663s] -- Installing: /home/jezzy/huskybot/install/huskybot_description/share/huskybot_description/environment/ament_prefix_path.sh
[18.664s] -- Installing: /home/jezzy/huskybot/install/huskybot_description/share/huskybot_description/environment/ament_prefix_path.dsv
[18.665s] -- Installing: /home/jezzy/huskybot/install/huskybot_description/share/huskybot_description/environment/path.sh
[18.665s] -- Installing: /home/jezzy/huskybot/install/huskybot_description/share/huskybot_description/environment/path.dsv
[18.665s] -- Installing: /home/jezzy/huskybot/install/huskybot_description/share/huskybot_description/local_setup.bash
[18.669s] -- Installing: /home/jezzy/huskybot/install/huskybot_description/share/huskybot_description/local_setup.sh
[18.670s] -- Installing: /home/jezzy/huskybot/install/huskybot_description/share/huskybot_description/local_setup.zsh
[18.672s] -- Installing: /home/jezzy/huskybot/install/huskybot_description/share/huskybot_description/local_setup.dsv
[18.675s] -- Installing: /home/jezzy/huskybot/install/huskybot_description/share/huskybot_description/package.dsv
[18.676s] -- Installing: /home/jezzy/huskybot/install/huskybot_description/share/ament_index/resource_index/packages/huskybot_description
[18.676s] -- Installing: /home/jezzy/huskybot/install/huskybot_description/share/huskybot_description/cmake/huskybot_descriptionConfig.cmake
[18.677s] -- Installing: /home/jezzy/huskybot/install/huskybot_description/share/huskybot_description/cmake/huskybot_descriptionConfig-version.cmake
[18.678s] -- Installing: /home/jezzy/huskybot/install/huskybot_description/share/huskybot_description/package.xml
[18.689s] Invoked command in '/home/jezzy/huskybot/build/huskybot_description' returned '0': CMAKE_PREFIX_PATH=${CMAKE_PREFIX_PATH}:/home/jezzy/huskybot/install/huskybot_fusion:/home/jezzy/huskybot/install/huskybot_navigation:/home/jezzy/husky_ws/lintic/install/yolosed:/home/jezzy/husky_ws/lintic/install/visual:/home/jezzy/husky_ws/lintic/install/segnet:/home/jezzy/husky_ws/turtlebot3/install/turtlebot3_teleop:/home/jezzy/husky_ws/turtlebot3/install/turtlebot3_example:/home/jezzy/husky_ws/turtlebot3/install/segtect:/home/jezzy/husky_ws/turtlebot3/install/autonomous_exploration:/opt/ros/humble /usr/bin/cmake --install /home/jezzy/huskybot/build/huskybot_description
