[0.462s] Invoking command in '/home/jezzy/huskybot/build/huskybot_recognition': AMENT_PREFIX_PATH=/home/jezzy/huskybot/install/yolov12_msgs:${AMENT_PREFIX_PATH} CMAKE_PREFIX_PATH=/home/jezzy/huskybot/install/yolov12_msgs:/home/jezzy/huskybot/install/huskybot_control:/home/jezzy/huskybot/install/husky_custom_description:/home/jezzy/husky_ws/turtlebot3/install/turtlebot3:/home/jezzy/husky_ws/turtlebot3/install/turtlebot3_simulations:/home/jezzy/husky_ws/turtlebot3/install/turtlebot3_bringup:/home/jezzy/husky_ws/turtlebot3/install/turtlebot3_node:/home/jezzy/husky_ws/turtlebot3/install/turtlebot3_navigation2:/home/jezzy/husky_ws/turtlebot3/install/turtlebot3_fake_node:/home/jezzy/husky_ws/turtlebot3/install/turtlebot3_msgs:/home/jezzy/husky_ws/turtlebot3/install/turtlebot3_gazebo:/home/jezzy/husky_ws/turtlebot3/install/turtlebot3_description:/home/jezzy/husky_ws/turtlebot3/install/turtlebot3_cartographer:/home/jezzy/husky_ws/turtlebot3/install/dynamixel_sdk_examples:/home/jezzy/husky_ws/turtlebot3/install/dynamixel_sdk_custom_interfaces:/home/jezzy/husky_ws/turtlebot3/install/dynamixel_sdk:/home/jezzy/husky_ws/lintic/install/yolosed:/home/jezzy/husky_ws/lintic/install/visual:/home/jezzy/husky_ws/lintic/install/segnet:/home/jezzy/husky_ws/turtlebot3/install/turtlebot3_teleop:/home/jezzy/husky_ws/turtlebot3/install/turtlebot3_example:/home/jezzy/husky_ws/turtlebot3/install/segtect:/home/jezzy/husky_ws/turtlebot3/install/autonomous_exploration:/opt/ros/humble LD_LIBRARY_PATH=/home/jezzy/huskybot/install/yolov12_msgs/lib:${LD_LIBRARY_PATH} PYTHONPATH=/home/jezzy/huskybot/install/yolov12_msgs/local/lib/python3.10/dist-packages:${PYTHONPATH} /usr/bin/cmake /home/jezzy/huskybot/src/huskybot_recognition -DCMAKE_INSTALL_PREFIX=/home/jezzy/huskybot/install/huskybot_recognition
[0.976s] -- The C compiler identification is GNU 11.4.0
[2.567s] -- The CXX compiler identification is GNU 11.4.0
[3.622s] -- Detecting C compiler ABI info
[4.182s] -- Detecting C compiler ABI info - done
[4.217s] -- Check for working C compiler: /usr/bin/cc - skipped
[4.219s] -- Detecting C compile features
[4.221s] -- Detecting C compile features - done
[4.232s] -- Detecting CXX compiler ABI info
[4.728s] -- Detecting CXX compiler ABI info - done
[4.765s] -- Check for working CXX compiler: /usr/bin/c++ - skipped
[4.766s] -- Detecting CXX compile features
[4.768s] -- Detecting CXX compile features - done
[4.789s] -- Found ament_cmake: 1.3.11 (/opt/ros/humble/share/ament_cmake/cmake)
[5.318s] -- Found Python3: /usr/bin/python3 (found version "3.10.12") found components: Interpreter 
[5.723s] -- Found rclpy: 3.3.16 (/opt/ros/humble/share/rclpy/cmake)
[5.731s] -- Found sensor_msgs: 4.8.0 (/opt/ros/humble/share/sensor_msgs/cmake)
[6.356s] -- Found rosidl_generator_c: 3.1.6 (/opt/ros/humble/share/rosidl_generator_c/cmake)
[6.382s] -- Found rosidl_adapter: 3.1.6 (/opt/ros/humble/share/rosidl_adapter/cmake)
[6.418s] -- Found rosidl_generator_cpp: 3.1.6 (/opt/ros/humble/share/rosidl_generator_cpp/cmake)
[6.469s] -- Using all available rosidl_typesupport_c: rosidl_typesupport_fastrtps_c;rosidl_typesupport_introspection_c
[6.546s] -- Using all available rosidl_typesupport_cpp: rosidl_typesupport_fastrtps_cpp;rosidl_typesupport_introspection_cpp
[6.790s] -- Found cv_bridge: 3.2.1 (/opt/ros/humble/share/cv_bridge/cmake)
[6.834s] -- Found yolov12_msgs: 0.0.0 (/home/jezzy/huskybot/install/yolov12_msgs/share/yolov12_msgs/cmake)
[6.888s] -- Found ament_lint_auto: 0.12.12 (/opt/ros/humble/share/ament_lint_auto/cmake)
[7.246s] -- Added test 'copyright' to check source files copyright and LICENSE
[7.262s] -- Added test 'flake8' to check Python code syntax and style conventions
[7.273s] -- Added test 'lint_cmake' to check CMake code style
[7.280s] -- Added test 'pep257' to check Python code against some of the docstring style conventions in PEP 257
[7.286s] -- Added test 'xmllint' to check XML markup files
[7.306s] -- Configuring done
[7.354s] -- Generating done
[7.370s] -- Build files have been written to: /home/jezzy/huskybot/build/huskybot_recognition
[7.443s] Invoked command in '/home/jezzy/huskybot/build/huskybot_recognition' returned '0': AMENT_PREFIX_PATH=/home/jezzy/huskybot/install/yolov12_msgs:${AMENT_PREFIX_PATH} CMAKE_PREFIX_PATH=/home/jezzy/huskybot/install/yolov12_msgs:/home/jezzy/huskybot/install/huskybot_control:/home/jezzy/huskybot/install/husky_custom_description:/home/jezzy/husky_ws/turtlebot3/install/turtlebot3:/home/jezzy/husky_ws/turtlebot3/install/turtlebot3_simulations:/home/jezzy/husky_ws/turtlebot3/install/turtlebot3_bringup:/home/jezzy/husky_ws/turtlebot3/install/turtlebot3_node:/home/jezzy/husky_ws/turtlebot3/install/turtlebot3_navigation2:/home/jezzy/husky_ws/turtlebot3/install/turtlebot3_fake_node:/home/jezzy/husky_ws/turtlebot3/install/turtlebot3_msgs:/home/jezzy/husky_ws/turtlebot3/install/turtlebot3_gazebo:/home/jezzy/husky_ws/turtlebot3/install/turtlebot3_description:/home/jezzy/husky_ws/turtlebot3/install/turtlebot3_cartographer:/home/jezzy/husky_ws/turtlebot3/install/dynamixel_sdk_examples:/home/jezzy/husky_ws/turtlebot3/install/dynamixel_sdk_custom_interfaces:/home/jezzy/husky_ws/turtlebot3/install/dynamixel_sdk:/home/jezzy/husky_ws/lintic/install/yolosed:/home/jezzy/husky_ws/lintic/install/visual:/home/jezzy/husky_ws/lintic/install/segnet:/home/jezzy/husky_ws/turtlebot3/install/turtlebot3_teleop:/home/jezzy/husky_ws/turtlebot3/install/turtlebot3_example:/home/jezzy/husky_ws/turtlebot3/install/segtect:/home/jezzy/husky_ws/turtlebot3/install/autonomous_exploration:/opt/ros/humble LD_LIBRARY_PATH=/home/jezzy/huskybot/install/yolov12_msgs/lib:${LD_LIBRARY_PATH} PYTHONPATH=/home/jezzy/huskybot/install/yolov12_msgs/local/lib/python3.10/dist-packages:${PYTHONPATH} /usr/bin/cmake /home/jezzy/huskybot/src/huskybot_recognition -DCMAKE_INSTALL_PREFIX=/home/jezzy/huskybot/install/huskybot_recognition
[7.487s] Invoking command in '/home/jezzy/huskybot/build/huskybot_recognition': AMENT_PREFIX_PATH=/home/jezzy/huskybot/install/yolov12_msgs:${AMENT_PREFIX_PATH} CMAKE_PREFIX_PATH=/home/jezzy/huskybot/install/yolov12_msgs:/home/jezzy/huskybot/install/huskybot_control:/home/jezzy/huskybot/install/husky_custom_description:/home/jezzy/husky_ws/turtlebot3/install/turtlebot3:/home/jezzy/husky_ws/turtlebot3/install/turtlebot3_simulations:/home/jezzy/husky_ws/turtlebot3/install/turtlebot3_bringup:/home/jezzy/husky_ws/turtlebot3/install/turtlebot3_node:/home/jezzy/husky_ws/turtlebot3/install/turtlebot3_navigation2:/home/jezzy/husky_ws/turtlebot3/install/turtlebot3_fake_node:/home/jezzy/husky_ws/turtlebot3/install/turtlebot3_msgs:/home/jezzy/husky_ws/turtlebot3/install/turtlebot3_gazebo:/home/jezzy/husky_ws/turtlebot3/install/turtlebot3_description:/home/jezzy/husky_ws/turtlebot3/install/turtlebot3_cartographer:/home/jezzy/husky_ws/turtlebot3/install/dynamixel_sdk_examples:/home/jezzy/husky_ws/turtlebot3/install/dynamixel_sdk_custom_interfaces:/home/jezzy/husky_ws/turtlebot3/install/dynamixel_sdk:/home/jezzy/husky_ws/lintic/install/yolosed:/home/jezzy/husky_ws/lintic/install/visual:/home/jezzy/husky_ws/lintic/install/segnet:/home/jezzy/husky_ws/turtlebot3/install/turtlebot3_teleop:/home/jezzy/husky_ws/turtlebot3/install/turtlebot3_example:/home/jezzy/husky_ws/turtlebot3/install/segtect:/home/jezzy/husky_ws/turtlebot3/install/autonomous_exploration:/opt/ros/humble LD_LIBRARY_PATH=/home/jezzy/huskybot/install/yolov12_msgs/lib:${LD_LIBRARY_PATH} PYTHONPATH=/home/jezzy/huskybot/install/yolov12_msgs/local/lib/python3.10/dist-packages:${PYTHONPATH} /usr/bin/cmake --build /home/jezzy/huskybot/build/huskybot_recognition -- -j4 -l4
[7.742s] Invoked command in '/home/jezzy/huskybot/build/huskybot_recognition' returned '0': AMENT_PREFIX_PATH=/home/jezzy/huskybot/install/yolov12_msgs:${AMENT_PREFIX_PATH} CMAKE_PREFIX_PATH=/home/jezzy/huskybot/install/yolov12_msgs:/home/jezzy/huskybot/install/huskybot_control:/home/jezzy/huskybot/install/husky_custom_description:/home/jezzy/husky_ws/turtlebot3/install/turtlebot3:/home/jezzy/husky_ws/turtlebot3/install/turtlebot3_simulations:/home/jezzy/husky_ws/turtlebot3/install/turtlebot3_bringup:/home/jezzy/husky_ws/turtlebot3/install/turtlebot3_node:/home/jezzy/husky_ws/turtlebot3/install/turtlebot3_navigation2:/home/jezzy/husky_ws/turtlebot3/install/turtlebot3_fake_node:/home/jezzy/husky_ws/turtlebot3/install/turtlebot3_msgs:/home/jezzy/husky_ws/turtlebot3/install/turtlebot3_gazebo:/home/jezzy/husky_ws/turtlebot3/install/turtlebot3_description:/home/jezzy/husky_ws/turtlebot3/install/turtlebot3_cartographer:/home/jezzy/husky_ws/turtlebot3/install/dynamixel_sdk_examples:/home/jezzy/husky_ws/turtlebot3/install/dynamixel_sdk_custom_interfaces:/home/jezzy/husky_ws/turtlebot3/install/dynamixel_sdk:/home/jezzy/husky_ws/lintic/install/yolosed:/home/jezzy/husky_ws/lintic/install/visual:/home/jezzy/husky_ws/lintic/install/segnet:/home/jezzy/husky_ws/turtlebot3/install/turtlebot3_teleop:/home/jezzy/husky_ws/turtlebot3/install/turtlebot3_example:/home/jezzy/husky_ws/turtlebot3/install/segtect:/home/jezzy/husky_ws/turtlebot3/install/autonomous_exploration:/opt/ros/humble LD_LIBRARY_PATH=/home/jezzy/huskybot/install/yolov12_msgs/lib:${LD_LIBRARY_PATH} PYTHONPATH=/home/jezzy/huskybot/install/yolov12_msgs/local/lib/python3.10/dist-packages:${PYTHONPATH} /usr/bin/cmake --build /home/jezzy/huskybot/build/huskybot_recognition -- -j4 -l4
[7.750s] Invoking command in '/home/jezzy/huskybot/build/huskybot_recognition': AMENT_PREFIX_PATH=/home/jezzy/huskybot/install/yolov12_msgs:${AMENT_PREFIX_PATH} CMAKE_PREFIX_PATH=/home/jezzy/huskybot/install/yolov12_msgs:/home/jezzy/huskybot/install/huskybot_control:/home/jezzy/huskybot/install/husky_custom_description:/home/jezzy/husky_ws/turtlebot3/install/turtlebot3:/home/jezzy/husky_ws/turtlebot3/install/turtlebot3_simulations:/home/jezzy/husky_ws/turtlebot3/install/turtlebot3_bringup:/home/jezzy/husky_ws/turtlebot3/install/turtlebot3_node:/home/jezzy/husky_ws/turtlebot3/install/turtlebot3_navigation2:/home/jezzy/husky_ws/turtlebot3/install/turtlebot3_fake_node:/home/jezzy/husky_ws/turtlebot3/install/turtlebot3_msgs:/home/jezzy/husky_ws/turtlebot3/install/turtlebot3_gazebo:/home/jezzy/husky_ws/turtlebot3/install/turtlebot3_description:/home/jezzy/husky_ws/turtlebot3/install/turtlebot3_cartographer:/home/jezzy/husky_ws/turtlebot3/install/dynamixel_sdk_examples:/home/jezzy/husky_ws/turtlebot3/install/dynamixel_sdk_custom_interfaces:/home/jezzy/husky_ws/turtlebot3/install/dynamixel_sdk:/home/jezzy/husky_ws/lintic/install/yolosed:/home/jezzy/husky_ws/lintic/install/visual:/home/jezzy/husky_ws/lintic/install/segnet:/home/jezzy/husky_ws/turtlebot3/install/turtlebot3_teleop:/home/jezzy/husky_ws/turtlebot3/install/turtlebot3_example:/home/jezzy/husky_ws/turtlebot3/install/segtect:/home/jezzy/husky_ws/turtlebot3/install/autonomous_exploration:/opt/ros/humble LD_LIBRARY_PATH=/home/jezzy/huskybot/install/yolov12_msgs/lib:${LD_LIBRARY_PATH} PYTHONPATH=/home/jezzy/huskybot/install/yolov12_msgs/local/lib/python3.10/dist-packages:${PYTHONPATH} /usr/bin/cmake --install /home/jezzy/huskybot/build/huskybot_recognition
[7.784s] -- Install configuration: ""
[7.785s] -- Installing: /home/jezzy/huskybot/install/huskybot_recognition/share/huskybot_recognition//scripts
[7.787s] -- Installing: /home/jezzy/huskybot/install/huskybot_recognition/share/huskybot_recognition//scripts/yolov12_inference_listener.py
[7.789s] -- Installing: /home/jezzy/huskybot/install/huskybot_recognition/share/huskybot_recognition//scripts/yolov12_detection_logger.py
[7.791s] -- Installing: /home/jezzy/huskybot/install/huskybot_recognition/share/huskybot_recognition//scripts/yolov12n.pt
[7.908s] -- Installing: /home/jezzy/huskybot/install/huskybot_recognition/share/huskybot_recognition//scripts/.gitignore
[7.910s] -- Installing: /home/jezzy/huskybot/install/huskybot_recognition/share/huskybot_recognition//scripts/yolov12_panorama_inference.py
[7.911s] -- Installing: /home/jezzy/huskybot/install/huskybot_recognition/share/huskybot_recognition//scripts/.gitattributes
[7.913s] -- Installing: /home/jezzy/huskybot/install/huskybot_recognition/share/huskybot_recognition//scripts/yolo11n.pt
[8.009s] -- Installing: /home/jezzy/huskybot/install/huskybot_recognition/share/huskybot_recognition//scripts/.dockerignore
[8.011s] -- Installing: /home/jezzy/huskybot/install/huskybot_recognition/share/huskybot_recognition//scripts/yolov12_ros2_pt.py
[8.012s] -- Installing: /home/jezzy/huskybot/install/huskybot_recognition/share/huskybot_recognition//scripts/yolov12_stitcher_node.py
[8.017s] -- Installing: /home/jezzy/huskybot/install/huskybot_recognition/share/huskybot_recognition//scripts/yolov12_ros2_subscriber.py
[8.019s] -- Installing: /home/jezzy/huskybot/install/huskybot_recognition/share/huskybot_recognition//launch
[8.020s] -- Installing: /home/jezzy/huskybot/install/huskybot_recognition/share/huskybot_recognition//launch/launch_yolov12.launch.py
[8.024s] -- Installing: /home/jezzy/huskybot/install/huskybot_recognition/lib/huskybot_recognition/yolov12_ros2_pt.py
[8.025s] -- Installing: /home/jezzy/huskybot/install/huskybot_recognition/lib/huskybot_recognition/yolov12_ros2_subscriber.py
[8.026s] -- Installing: /home/jezzy/huskybot/install/huskybot_recognition/lib/huskybot_recognition/yolov12_stitcher_node.py
[8.027s] -- Installing: /home/jezzy/huskybot/install/huskybot_recognition/lib/huskybot_recognition/yolov12_panorama_inference.py
[8.031s] -- Installing: /home/jezzy/huskybot/install/huskybot_recognition/lib/huskybot_recognition/yolov12_inference_listener.py
[8.032s] -- Installing: /home/jezzy/huskybot/install/huskybot_recognition/share/ament_index/resource_index/package_run_dependencies/huskybot_recognition
[8.034s] -- Installing: /home/jezzy/huskybot/install/huskybot_recognition/share/ament_index/resource_index/parent_prefix_path/huskybot_recognition
[8.035s] -- Installing: /home/jezzy/huskybot/install/huskybot_recognition/share/huskybot_recognition/environment/ament_prefix_path.sh
[8.036s] -- Installing: /home/jezzy/huskybot/install/huskybot_recognition/share/huskybot_recognition/environment/ament_prefix_path.dsv
[8.038s] -- Installing: /home/jezzy/huskybot/install/huskybot_recognition/share/huskybot_recognition/environment/path.sh
[8.042s] -- Installing: /home/jezzy/huskybot/install/huskybot_recognition/share/huskybot_recognition/environment/path.dsv
[8.044s] -- Installing: /home/jezzy/huskybot/install/huskybot_recognition/share/huskybot_recognition/local_setup.bash
[8.045s] -- Installing: /home/jezzy/huskybot/install/huskybot_recognition/share/huskybot_recognition/local_setup.sh
[8.047s] -- Installing: /home/jezzy/huskybot/install/huskybot_recognition/share/huskybot_recognition/local_setup.zsh
[8.048s] -- Installing: /home/jezzy/huskybot/install/huskybot_recognition/share/huskybot_recognition/local_setup.dsv
[8.049s] -- Installing: /home/jezzy/huskybot/install/huskybot_recognition/share/huskybot_recognition/package.dsv
[8.060s] -- Installing: /home/jezzy/huskybot/install/huskybot_recognition/share/ament_index/resource_index/packages/huskybot_recognition
[8.063s] -- Installing: /home/jezzy/huskybot/install/huskybot_recognition/share/huskybot_recognition/cmake/huskybot_recognitionConfig.cmake
[8.064s] -- Installing: /home/jezzy/huskybot/install/huskybot_recognition/share/huskybot_recognition/cmake/huskybot_recognitionConfig-version.cmake
[8.066s] -- Installing: /home/jezzy/huskybot/install/huskybot_recognition/share/huskybot_recognition/package.xml
[8.091s] Invoked command in '/home/jezzy/huskybot/build/huskybot_recognition' returned '0': AMENT_PREFIX_PATH=/home/jezzy/huskybot/install/yolov12_msgs:${AMENT_PREFIX_PATH} CMAKE_PREFIX_PATH=/home/jezzy/huskybot/install/yolov12_msgs:/home/jezzy/huskybot/install/huskybot_control:/home/jezzy/huskybot/install/husky_custom_description:/home/jezzy/husky_ws/turtlebot3/install/turtlebot3:/home/jezzy/husky_ws/turtlebot3/install/turtlebot3_simulations:/home/jezzy/husky_ws/turtlebot3/install/turtlebot3_bringup:/home/jezzy/husky_ws/turtlebot3/install/turtlebot3_node:/home/jezzy/husky_ws/turtlebot3/install/turtlebot3_navigation2:/home/jezzy/husky_ws/turtlebot3/install/turtlebot3_fake_node:/home/jezzy/husky_ws/turtlebot3/install/turtlebot3_msgs:/home/jezzy/husky_ws/turtlebot3/install/turtlebot3_gazebo:/home/jezzy/husky_ws/turtlebot3/install/turtlebot3_description:/home/jezzy/husky_ws/turtlebot3/install/turtlebot3_cartographer:/home/jezzy/husky_ws/turtlebot3/install/dynamixel_sdk_examples:/home/jezzy/husky_ws/turtlebot3/install/dynamixel_sdk_custom_interfaces:/home/jezzy/husky_ws/turtlebot3/install/dynamixel_sdk:/home/jezzy/husky_ws/lintic/install/yolosed:/home/jezzy/husky_ws/lintic/install/visual:/home/jezzy/husky_ws/lintic/install/segnet:/home/jezzy/husky_ws/turtlebot3/install/turtlebot3_teleop:/home/jezzy/husky_ws/turtlebot3/install/turtlebot3_example:/home/jezzy/husky_ws/turtlebot3/install/segtect:/home/jezzy/husky_ws/turtlebot3/install/autonomous_exploration:/opt/ros/humble LD_LIBRARY_PATH=/home/jezzy/huskybot/install/yolov12_msgs/lib:${LD_LIBRARY_PATH} PYTHONPATH=/home/jezzy/huskybot/install/yolov12_msgs/local/lib/python3.10/dist-packages:${PYTHONPATH} /usr/bin/cmake --install /home/jezzy/huskybot/build/huskybot_recognition
