[0.121s] Invoking command in '/home/jezzy/yolobot/build/husky_viz': /usr/bin/cmake /home/jezzy/yolobot/src/husky/husky_viz -DCATKIN_INSTALL_INTO_PREFIX_ROOT=0 -DCMAKE_INSTALL_PREFIX=/home/jezzy/yolobot/install/husky_viz
[2.654s] [31mCMake Error at CMakeLists.txt:4 (find_package):
[2.655s]   By not providing "Findcatkin.cmake" in CMAKE_MODULE_PATH this project has
[2.655s]   asked CMake to find a package configuration file provided by "catkin", but
[2.655s]   CMake did not find one.
[2.661s] 
[2.662s]   Could not find a package configuration file provided by "catkin" with any
[2.663s]   of the following names:
[2.666s] 
[2.667s]     catkinConfig.cmake
[2.668s]     catkin-config.cmake
[2.669s] 
[2.670s]   Add the installation prefix of "catkin" to CMAKE_PREFIX_PATH or set
[2.673s]   "catkin_DIR" to a directory containing one of the above files.  If "catkin"
[2.676s]   provides a separate development package or SDK, be sure it has been
[2.677s]   installed.
[2.679s] 
[2.679s] [0m
[2.680s] -- Configuring incomplete, errors occurred!
[2.680s] See also "/home/jezzy/yolobot/build/husky_viz/CMakeFiles/CMakeOutput.log".
[2.680s] Invoked command in '/home/jezzy/yolobot/build/husky_viz' returned '1': /usr/bin/cmake /home/jezzy/yolobot/src/husky/husky_viz -DCATKIN_INSTALL_INTO_PREFIX_ROOT=0 -DCMAKE_INSTALL_PREFIX=/home/jezzy/yolobot/install/husky_viz
