[5.590s] Invoking command in '/home/jezzy/huskybot/src/huskybot_fusion': CMAKE_PREFIX_PATH=/home/jezzy/huskybot/install/yolov12_msgs:/home/jezzy/huskybot/install/husky_description:/home/jezzy/huskybot/install/huskybot_recognition:/home/jezzy/huskybot/install/velodyne:/home/jezzy/huskybot/install/velodyne_pointcloud:/home/jezzy/huskybot/install/velodyne_driver:/home/jezzy/huskybot/install/velodyne_msgs:/home/jezzy/huskybot/install/velodyne_laserscan:/home/jezzy/huskybot/install/huskybot_mapping:/home/jezzy/huskybot/install/huskybot_gazebo:/home/jezzy/huskybot/install/huskybot_description:/home/jezzy/huskybot/install/huskybot_control:/home/jezzy/huskybot/install/husky_custom_description:/home/jezzy/husky_ws/turtlebot3/install/turtlebot3:/home/jezzy/husky_ws/turtlebot3/install/turtlebot3_simulations:/home/jezzy/husky_ws/turtlebot3/install/turtlebot3_bringup:/home/jezzy/husky_ws/turtlebot3/install/turtlebot3_node:/home/jezzy/husky_ws/turtlebot3/install/turtlebot3_navigation2:/home/jezzy/husky_ws/turtlebot3/install/turtlebot3_fake_node:/home/jezzy/husky_ws/turtlebot3/install/turtlebot3_msgs:/home/jezzy/husky_ws/turtlebot3/install/turtlebot3_gazebo:/home/jezzy/husky_ws/turtlebot3/install/turtlebot3_description:/home/jezzy/husky_ws/turtlebot3/install/turtlebot3_cartographer:/home/jezzy/husky_ws/turtlebot3/install/dynamixel_sdk_examples:/home/jezzy/husky_ws/turtlebot3/install/dynamixel_sdk_custom_interfaces:/home/jezzy/husky_ws/turtlebot3/install/dynamixel_sdk LD_LIBRARY_PATH=/home/jezzy/huskybot/install/yolov12_msgs/lib:/home/jezzy/huskybot/install/velodyne_pointcloud/lib:/home/jezzy/huskybot/install/velodyne_driver/lib:/home/jezzy/huskybot/install/velodyne_msgs/lib:/home/jezzy/huskybot/install/velodyne_laserscan/lib:/home/jezzy/husky_ws/turtlebot3/install/turtlebot3_msgs/lib:/home/jezzy/husky_ws/turtlebot3/install/dynamixel_sdk_custom_interfaces/lib:/home/jezzy/husky_ws/turtlebot3/install/dynamixel_sdk/lib:/usr/lib/x86_64-linux-gnu/gazebo-11/plugins:/opt/ros/humble/opt/rviz_ogre_vendor/lib:/opt/ros/humble/lib/x86_64-linux-gnu:/opt/ros/humble/lib:/usr/share/gazebo/../../lib/x86_64-linux-gnu/gazebo-11/plugins:/usr/share/gazebo/../../lib/x86_64-linux-gnu/gazebo-11/plugins:/usr/share/gazebo/../../lib/x86_64-linux-gnu/gazebo-11/plugins:/opt/ros/humble/lib PYTHONPATH=/home/jezzy/huskybot/build/huskybot_fusion/prefix_override:/usr/lib/python3/dist-packages/colcon_core/task/python/colcon_distutils_commands:/home/jezzy/huskybot/install/huskybot_fusion/lib/python3.10/site-packages:${PYTHONPATH} /usr/bin/python3 -W ignore:setup.py install is deprecated -W ignore:easy_install command is deprecated setup.py egg_info --egg-base ../../build/huskybot_fusion build --build-base /home/jezzy/huskybot/build/huskybot_fusion/build install --record /home/jezzy/huskybot/build/huskybot_fusion/install.log --single-version-externally-managed install_data
[7.258s] running egg_info
[7.263s] creating ../../build/huskybot_fusion/huskybot_fusion.egg-info
[7.266s] writing ../../build/huskybot_fusion/huskybot_fusion.egg-info/PKG-INFO
[7.266s] writing dependency_links to ../../build/huskybot_fusion/huskybot_fusion.egg-info/dependency_links.txt
[7.267s] writing entry points to ../../build/huskybot_fusion/huskybot_fusion.egg-info/entry_points.txt
[7.269s] writing requirements to ../../build/huskybot_fusion/huskybot_fusion.egg-info/requires.txt
[7.271s] writing top-level names to ../../build/huskybot_fusion/huskybot_fusion.egg-info/top_level.txt
[7.272s] writing manifest file '../../build/huskybot_fusion/huskybot_fusion.egg-info/SOURCES.txt'
[7.282s] reading manifest file '../../build/huskybot_fusion/huskybot_fusion.egg-info/SOURCES.txt'
[7.286s] writing manifest file '../../build/huskybot_fusion/huskybot_fusion.egg-info/SOURCES.txt'
[7.287s] running build
[7.287s] running build_py
[7.288s] creating /home/jezzy/huskybot/build/huskybot_fusion/build
[7.289s] creating /home/jezzy/huskybot/build/huskybot_fusion/build/lib
[7.290s] creating /home/jezzy/huskybot/build/huskybot_fusion/build/lib/huskybot_fusion
[7.291s] copying huskybot_fusion/fusion_utils.py -> /home/jezzy/huskybot/build/huskybot_fusion/build/lib/huskybot_fusion
[7.292s] copying huskybot_fusion/fusion_node.py -> /home/jezzy/huskybot/build/huskybot_fusion/build/lib/huskybot_fusion
[7.294s] copying huskybot_fusion/__init__.py -> /home/jezzy/huskybot/build/huskybot_fusion/build/lib/huskybot_fusion
[7.296s] running install
[7.297s] running install_lib
[7.301s] creating /home/jezzy/huskybot/install/huskybot_fusion/lib/python3.10/site-packages/huskybot_fusion
[7.302s] copying /home/jezzy/huskybot/build/huskybot_fusion/build/lib/huskybot_fusion/fusion_utils.py -> /home/jezzy/huskybot/install/huskybot_fusion/lib/python3.10/site-packages/huskybot_fusion
[7.304s] copying /home/jezzy/huskybot/build/huskybot_fusion/build/lib/huskybot_fusion/fusion_node.py -> /home/jezzy/huskybot/install/huskybot_fusion/lib/python3.10/site-packages/huskybot_fusion
[7.306s] copying /home/jezzy/huskybot/build/huskybot_fusion/build/lib/huskybot_fusion/__init__.py -> /home/jezzy/huskybot/install/huskybot_fusion/lib/python3.10/site-packages/huskybot_fusion
[7.313s] byte-compiling /home/jezzy/huskybot/install/huskybot_fusion/lib/python3.10/site-packages/huskybot_fusion/fusion_utils.py to fusion_utils.cpython-310.pyc
[7.317s] byte-compiling /home/jezzy/huskybot/install/huskybot_fusion/lib/python3.10/site-packages/huskybot_fusion/fusion_node.py to fusion_node.cpython-310.pyc
[7.323s] byte-compiling /home/jezzy/huskybot/install/huskybot_fusion/lib/python3.10/site-packages/huskybot_fusion/__init__.py to __init__.cpython-310.pyc
[7.326s] running install_data
[7.327s] creating /home/jezzy/huskybot/install/huskybot_fusion/share/ament_index
[7.333s] creating /home/jezzy/huskybot/install/huskybot_fusion/share/ament_index/resource_index
[7.336s] creating /home/jezzy/huskybot/install/huskybot_fusion/share/ament_index/resource_index/packages
[7.338s] copying resource/huskybot_fusion -> /home/jezzy/huskybot/install/huskybot_fusion/share/ament_index/resource_index/packages
[7.340s] copying package.xml -> /home/jezzy/huskybot/install/huskybot_fusion/share/huskybot_fusion
[7.343s] creating /home/jezzy/huskybot/install/huskybot_fusion/share/huskybot_fusion/msg
[7.344s] copying msg/Object3D.msg -> /home/jezzy/huskybot/install/huskybot_fusion/share/huskybot_fusion/msg
[7.353s] creating /home/jezzy/huskybot/install/huskybot_fusion/share/huskybot_fusion/launch
[7.356s] copying launch/fusion.launch.py -> /home/jezzy/huskybot/install/huskybot_fusion/share/huskybot_fusion/launch
[7.357s] running install_egg_info
[7.378s] Copying ../../build/huskybot_fusion/huskybot_fusion.egg-info to /home/jezzy/huskybot/install/huskybot_fusion/lib/python3.10/site-packages/huskybot_fusion-0.0.0-py3.10.egg-info
[7.388s] running install_scripts
[7.535s] Installing fusion_node.py script to /home/jezzy/huskybot/install/huskybot_fusion/lib/huskybot_fusion
[7.535s] writing list of installed files to '/home/jezzy/huskybot/build/huskybot_fusion/install.log'
[7.675s] Invoked command in '/home/jezzy/huskybot/src/huskybot_fusion' returned '0': CMAKE_PREFIX_PATH=/home/jezzy/huskybot/install/yolov12_msgs:/home/jezzy/huskybot/install/husky_description:/home/jezzy/huskybot/install/huskybot_recognition:/home/jezzy/huskybot/install/velodyne:/home/jezzy/huskybot/install/velodyne_pointcloud:/home/jezzy/huskybot/install/velodyne_driver:/home/jezzy/huskybot/install/velodyne_msgs:/home/jezzy/huskybot/install/velodyne_laserscan:/home/jezzy/huskybot/install/huskybot_mapping:/home/jezzy/huskybot/install/huskybot_gazebo:/home/jezzy/huskybot/install/huskybot_description:/home/jezzy/huskybot/install/huskybot_control:/home/jezzy/huskybot/install/husky_custom_description:/home/jezzy/husky_ws/turtlebot3/install/turtlebot3:/home/jezzy/husky_ws/turtlebot3/install/turtlebot3_simulations:/home/jezzy/husky_ws/turtlebot3/install/turtlebot3_bringup:/home/jezzy/husky_ws/turtlebot3/install/turtlebot3_node:/home/jezzy/husky_ws/turtlebot3/install/turtlebot3_navigation2:/home/jezzy/husky_ws/turtlebot3/install/turtlebot3_fake_node:/home/jezzy/husky_ws/turtlebot3/install/turtlebot3_msgs:/home/jezzy/husky_ws/turtlebot3/install/turtlebot3_gazebo:/home/jezzy/husky_ws/turtlebot3/install/turtlebot3_description:/home/jezzy/husky_ws/turtlebot3/install/turtlebot3_cartographer:/home/jezzy/husky_ws/turtlebot3/install/dynamixel_sdk_examples:/home/jezzy/husky_ws/turtlebot3/install/dynamixel_sdk_custom_interfaces:/home/jezzy/husky_ws/turtlebot3/install/dynamixel_sdk LD_LIBRARY_PATH=/home/jezzy/huskybot/install/yolov12_msgs/lib:/home/jezzy/huskybot/install/velodyne_pointcloud/lib:/home/jezzy/huskybot/install/velodyne_driver/lib:/home/jezzy/huskybot/install/velodyne_msgs/lib:/home/jezzy/huskybot/install/velodyne_laserscan/lib:/home/jezzy/husky_ws/turtlebot3/install/turtlebot3_msgs/lib:/home/jezzy/husky_ws/turtlebot3/install/dynamixel_sdk_custom_interfaces/lib:/home/jezzy/husky_ws/turtlebot3/install/dynamixel_sdk/lib:/usr/lib/x86_64-linux-gnu/gazebo-11/plugins:/opt/ros/humble/opt/rviz_ogre_vendor/lib:/opt/ros/humble/lib/x86_64-linux-gnu:/opt/ros/humble/lib:/usr/share/gazebo/../../lib/x86_64-linux-gnu/gazebo-11/plugins:/usr/share/gazebo/../../lib/x86_64-linux-gnu/gazebo-11/plugins:/usr/share/gazebo/../../lib/x86_64-linux-gnu/gazebo-11/plugins:/opt/ros/humble/lib PYTHONPATH=/home/jezzy/huskybot/build/huskybot_fusion/prefix_override:/usr/lib/python3/dist-packages/colcon_core/task/python/colcon_distutils_commands:/home/jezzy/huskybot/install/huskybot_fusion/lib/python3.10/site-packages:${PYTHONPATH} /usr/bin/python3 -W ignore:setup.py install is deprecated -W ignore:easy_install command is deprecated setup.py egg_info --egg-base ../../build/huskybot_fusion build --build-base /home/jezzy/huskybot/build/huskybot_fusion/build install --record /home/jezzy/huskybot/build/huskybot_fusion/install.log --single-version-externally-managed install_data
