[0.121s] Invoking command in '/home/jezzy/yolobot/build/husky_desktop': /usr/bin/cmake /home/jezzy/yolobot/src/husky/husky_desktop -DCATKIN_INSTALL_INTO_PREFIX_ROOT=0 -DCMAKE_INSTALL_PREFIX=/home/jezzy/yolobot/install/husky_desktop
[0.928s] -- The C compiler identification is GNU 11.4.0
[4.104s] -- The CXX compiler identification is GNU 11.4.0
[6.175s] -- Detecting C compiler ABI info
[7.126s] -- Detecting C compiler ABI info - done
[7.177s] -- Check for working C compiler: /usr/bin/cc - skipped
[7.178s] -- Detecting C compile features
[7.182s] -- Detecting C compile features - done
[7.206s] -- Detecting CXX compiler ABI info
[8.005s] -- Detecting CXX compiler ABI info - done
[8.042s] -- Check for working CXX compiler: /usr/bin/c++ - skipped
[8.044s] -- Detecting CXX compile features
[8.046s] -- Detecting CXX compile features - done
[10.227s] [31mCMake Error at CMakeLists.txt:3 (find_package):
[10.228s]   By not providing "Findcatkin.cmake" in CMAKE_MODULE_PATH this project has
[10.228s]   asked CMake to find a package configuration file provided by "catkin", but
[10.228s]   CMake did not find one.
[10.229s] 
[10.229s]   Could not find a package configuration file provided by "catkin" with any
[10.229s]   of the following names:
[10.230s] 
[10.230s]     catkinConfig.cmake
[10.230s]     catkin-config.cmake
[10.231s] 
[10.231s]   Add the installation prefix of "catkin" to CMAKE_PREFIX_PATH or set
[10.231s]   "catkin_DIR" to a directory containing one of the above files.  If "catkin"
[10.232s]   provides a separate development package or SDK, be sure it has been
[10.232s]   installed.
[10.234s] 
[10.237s] [0m
[10.238s] -- Configuring incomplete, errors occurred!
[10.238s] See also "/home/jezzy/yolobot/build/husky_desktop/CMakeFiles/CMakeOutput.log".
[10.239s] Invoked command in '/home/jezzy/yolobot/build/husky_desktop' returned '1': /usr/bin/cmake /home/jezzy/yolobot/src/husky/husky_desktop -DCATKIN_INSTALL_INTO_PREFIX_ROOT=0 -DCMAKE_INSTALL_PREFIX=/home/jezzy/yolobot/install/husky_desktop
