[0.092s] Invoking command in '/home/jezzy/yolobot/build/husky_custom_description': CMAKE_PREFIX_PATH=${CMAKE_PREFIX_PATH}:/home/jezzy/husky_ws/lintic/install/yolosed:/home/jezzy/husky_ws/lintic/install/visual:/home/jezzy/husky_ws/lintic/install/segnet:/home/jezzy/husky_ws/turtlebot3/install/turtlebot3_teleop:/home/jezzy/husky_ws/turtlebot3/install/turtlebot3_example:/home/jezzy/husky_ws/turtlebot3/install/segtect:/home/jezzy/husky_ws/turtlebot3/install/autonomous_exploration:/opt/ros/humble /usr/bin/cmake --build /home/jezzy/yolobot/build/husky_custom_description -- -j4 -l4
[0.243s] Invoked command in '/home/jezzy/yolobot/build/husky_custom_description' returned '0': CMAKE_PREFIX_PATH=${CMAKE_PREFIX_PATH}:/home/jezzy/husky_ws/lintic/install/yolosed:/home/jezzy/husky_ws/lintic/install/visual:/home/jezzy/husky_ws/lintic/install/segnet:/home/jezzy/husky_ws/turtlebot3/install/turtlebot3_teleop:/home/jezzy/husky_ws/turtlebot3/install/turtlebot3_example:/home/jezzy/husky_ws/turtlebot3/install/segtect:/home/jezzy/husky_ws/turtlebot3/install/autonomous_exploration:/opt/ros/humble /usr/bin/cmake --build /home/jezzy/yolobot/build/husky_custom_description -- -j4 -l4
[0.299s] Invoking command in '/home/jezzy/yolobot/build/husky_custom_description': CMAKE_PREFIX_PATH=${CMAKE_PREFIX_PATH}:/home/jezzy/husky_ws/lintic/install/yolosed:/home/jezzy/husky_ws/lintic/install/visual:/home/jezzy/husky_ws/lintic/install/segnet:/home/jezzy/husky_ws/turtlebot3/install/turtlebot3_teleop:/home/jezzy/husky_ws/turtlebot3/install/turtlebot3_example:/home/jezzy/husky_ws/turtlebot3/install/segtect:/home/jezzy/husky_ws/turtlebot3/install/autonomous_exploration:/opt/ros/humble /usr/bin/cmake --install /home/jezzy/yolobot/build/husky_custom_description
[0.364s] -- Install configuration: ""
[0.364s] -- Up-to-date: /home/jezzy/yolobot/install/husky_custom_description/share/husky_custom_description//urdf
[0.374s] -- Up-to-date: /home/jezzy/yolobot/install/husky_custom_description/share/husky_custom_description//urdf/custom_description.urdf.xacro
[0.376s] -- Up-to-date: /home/jezzy/yolobot/install/husky_custom_description/share/husky_custom_description//urdf/empty.urdf
[0.376s] -- Up-to-date: /home/jezzy/yolobot/install/husky_custom_description/share/husky_custom_description//urdf/wheel.urdf.xacro
[0.377s] -- Up-to-date: /home/jezzy/yolobot/install/husky_custom_description/share/husky_custom_description//urdf/husky.urdf.xacro
[0.378s] -- Up-to-date: /home/jezzy/yolobot/install/husky_custom_description/share/husky_custom_description//urdf/decorations.urdf.xacro
[0.382s] -- Up-to-date: /home/jezzy/yolobot/install/husky_custom_description/share/husky_custom_description//urdf/pacs.urdf.xacro
[0.382s] -- Up-to-date: /home/jezzy/yolobot/install/husky_custom_description/share/husky_custom_description//urdf/accessories
[0.383s] -- Up-to-date: /home/jezzy/yolobot/install/husky_custom_description/share/husky_custom_description//urdf/accessories/hokuyo_ust10.urdf.xacro
[0.388s] -- Installing: /home/jezzy/yolobot/install/husky_custom_description/share/husky_custom_description//urdf/accessories/flir_blackfly_mount.urdf.xacro
[0.388s] -- Up-to-date: /home/jezzy/yolobot/install/husky_custom_description/share/husky_custom_description//urdf/accessories/sick_lms1xx_mount.urdf.xacro
[0.389s] -- Up-to-date: /home/jezzy/yolobot/install/husky_custom_description/share/husky_custom_description//urdf/accessories/intel_realsense.urdf.xacro
[0.392s] -- Up-to-date: /home/jezzy/yolobot/install/husky_custom_description/share/husky_custom_description//urdf/accessories/vlp16_mount.urdf.xacro
[0.394s] -- Up-to-date: /home/jezzy/yolobot/install/husky_custom_description/share/husky_custom_description//urdf/accessories/sensor_arch.urdf.xacro
[0.396s] -- Up-to-date: /home/jezzy/yolobot/install/husky_custom_description/share/ament_index/resource_index/package_run_dependencies/husky_custom_description
[0.396s] -- Up-to-date: /home/jezzy/yolobot/install/husky_custom_description/share/ament_index/resource_index/parent_prefix_path/husky_custom_description
[0.402s] -- Up-to-date: /home/jezzy/yolobot/install/husky_custom_description/share/husky_custom_description/environment/ament_prefix_path.sh
[0.402s] -- Up-to-date: /home/jezzy/yolobot/install/husky_custom_description/share/husky_custom_description/environment/ament_prefix_path.dsv
[0.403s] -- Up-to-date: /home/jezzy/yolobot/install/husky_custom_description/share/husky_custom_description/environment/path.sh
[0.405s] -- Up-to-date: /home/jezzy/yolobot/install/husky_custom_description/share/husky_custom_description/environment/path.dsv
[0.406s] -- Up-to-date: /home/jezzy/yolobot/install/husky_custom_description/share/husky_custom_description/local_setup.bash
[0.433s] -- Up-to-date: /home/jezzy/yolobot/install/husky_custom_description/share/husky_custom_description/local_setup.sh
[0.433s] -- Up-to-date: /home/jezzy/yolobot/install/husky_custom_description/share/husky_custom_description/local_setup.zsh
[0.433s] -- Up-to-date: /home/jezzy/yolobot/install/husky_custom_description/share/husky_custom_description/local_setup.dsv
[0.434s] -- Installing: /home/jezzy/yolobot/install/husky_custom_description/share/husky_custom_description/package.dsv
[0.434s] -- Up-to-date: /home/jezzy/yolobot/install/husky_custom_description/share/ament_index/resource_index/packages/husky_custom_description
[0.434s] -- Up-to-date: /home/jezzy/yolobot/install/husky_custom_description/share/husky_custom_description/cmake/husky_custom_descriptionConfig.cmake
[0.435s] -- Up-to-date: /home/jezzy/yolobot/install/husky_custom_description/share/husky_custom_description/cmake/husky_custom_descriptionConfig-version.cmake
[0.435s] -- Up-to-date: /home/jezzy/yolobot/install/husky_custom_description/share/husky_custom_description/package.xml
[0.436s] Invoked command in '/home/jezzy/yolobot/build/husky_custom_description' returned '0': CMAKE_PREFIX_PATH=${CMAKE_PREFIX_PATH}:/home/jezzy/husky_ws/lintic/install/yolosed:/home/jezzy/husky_ws/lintic/install/visual:/home/jezzy/husky_ws/lintic/install/segnet:/home/jezzy/husky_ws/turtlebot3/install/turtlebot3_teleop:/home/jezzy/husky_ws/turtlebot3/install/turtlebot3_example:/home/jezzy/husky_ws/turtlebot3/install/segtect:/home/jezzy/husky_ws/turtlebot3/install/autonomous_exploration:/opt/ros/humble /usr/bin/cmake --install /home/jezzy/yolobot/build/husky_custom_description
