[0.270s] Invoking command in '/home/jezzy/yolobot/build/yolobot_recognition': CMAKE_PREFIX_PATH=/home/jezzy/yolobot/install/yolov8_msgs:/home/jezzy/yolobot/install/yolobot_recognition:/home/jezzy/yolobot/install/yolobot_gazebo:/home/jezzy/yolobot/install/yolobot_description:/home/jezzy/yolobot/install/yolobot_control:/home/jezzy/husky_ws/turtlebot3/install/turtlebot3:/home/jezzy/husky_ws/turtlebot3/install/turtlebot3_simulations:/home/jezzy/husky_ws/turtlebot3/install/turtlebot3_bringup:/home/jezzy/husky_ws/turtlebot3/install/turtlebot3_node:/home/jezzy/husky_ws/turtlebot3/install/turtlebot3_navigation2:/home/jezzy/husky_ws/turtlebot3/install/turtlebot3_fake_node:/home/jezzy/husky_ws/turtlebot3/install/turtlebot3_msgs:/home/jezzy/husky_ws/turtlebot3/install/turtlebot3_gazebo:/home/jezzy/husky_ws/turtlebot3/install/turtlebot3_description:/home/jezzy/husky_ws/turtlebot3/install/turtlebot3_cartographer:/home/jezzy/husky_ws/turtlebot3/install/dynamixel_sdk_examples:/home/jezzy/husky_ws/turtlebot3/install/dynamixel_sdk_custom_interfaces:/home/jezzy/husky_ws/turtlebot3/install/dynamixel_sdk:/home/jezzy/husky_ws/lintic/install/yolosed:/home/jezzy/husky_ws/lintic/install/visual:/home/jezzy/husky_ws/lintic/install/segnet:/home/jezzy/husky_ws/turtlebot3/install/turtlebot3_teleop:/home/jezzy/husky_ws/turtlebot3/install/turtlebot3_example:/home/jezzy/husky_ws/turtlebot3/install/segtect:/home/jezzy/husky_ws/turtlebot3/install/autonomous_exploration:/opt/ros/humble LD_LIBRARY_PATH=/home/jezzy/yolobot/install/yolov8_msgs/lib:/home/jezzy/husky_ws/turtlebot3/install/turtlebot3_msgs/lib:/home/jezzy/husky_ws/turtlebot3/install/dynamixel_sdk_custom_interfaces/lib:/home/jezzy/husky_ws/turtlebot3/install/dynamixel_sdk/lib:/usr/lib/x86_64-linux-gnu/gazebo-11/plugins:/opt/ros/humble/opt/rviz_ogre_vendor/lib:/opt/ros/humble/lib/x86_64-linux-gnu:/opt/ros/humble/lib:/usr/share/gazebo/../../lib/x86_64-linux-gnu/gazebo-11/plugins:/usr/share/gazebo/../../lib/x86_64-linux-gnu/gazebo-11/plugins:/usr/share/gazebo/../../lib/x86_64-linux-gnu/gazebo-11/plugins /usr/bin/cmake /home/jezzy/yolobot/src/yolobot_recognition -DCMAKE_INSTALL_PREFIX=/home/jezzy/yolobot/install/yolobot_recognition
[0.582s] -- The C compiler identification is GNU 11.4.0
[1.678s] -- The CXX compiler identification is GNU 11.4.0
[2.902s] -- Detecting C compiler ABI info
[3.312s] -- Detecting C compiler ABI info - done
[3.346s] -- Check for working C compiler: /usr/bin/cc - skipped
[3.348s] -- Detecting C compile features
[3.355s] -- Detecting C compile features - done
[3.369s] -- Detecting CXX compiler ABI info
[3.744s] -- Detecting CXX compiler ABI info - done
[3.759s] -- Check for working CXX compiler: /usr/bin/c++ - skipped
[3.759s] -- Detecting CXX compile features
[3.760s] -- Detecting CXX compile features - done
[3.769s] -- Found ament_cmake: 1.3.11 (/opt/ros/humble/share/ament_cmake/cmake)
[4.115s] -- Found Python3: /usr/bin/python3 (found version "3.10.12") found components: Interpreter 
[4.437s] -- Found rclpy: 3.3.16 (/opt/ros/humble/share/rclpy/cmake)
[4.445s] -- Found sensor_msgs: 4.8.0 (/opt/ros/humble/share/sensor_msgs/cmake)
[4.838s] -- Found rosidl_generator_c: 3.1.6 (/opt/ros/humble/share/rosidl_generator_c/cmake)
[4.861s] -- Found rosidl_adapter: 3.1.6 (/opt/ros/humble/share/rosidl_adapter/cmake)
[4.887s] -- Found rosidl_generator_cpp: 3.1.6 (/opt/ros/humble/share/rosidl_generator_cpp/cmake)
[4.930s] -- Using all available rosidl_typesupport_c: rosidl_typesupport_fastrtps_c;rosidl_typesupport_introspection_c
[5.004s] -- Using all available rosidl_typesupport_cpp: rosidl_typesupport_fastrtps_cpp;rosidl_typesupport_introspection_cpp
[5.207s] -- Found cv_bridge: 3.2.1 (/opt/ros/humble/share/cv_bridge/cmake)
[5.236s] -- Found yolov8_msgs: 0.0.0 (/home/jezzy/yolobot/install/yolov8_msgs/share/yolov8_msgs/cmake)
[5.271s] -- Found ament_lint_auto: 0.12.12 (/opt/ros/humble/share/ament_lint_auto/cmake)
[5.461s] -- Added test 'copyright' to check source files copyright and LICENSE
[5.467s] -- Added test 'flake8' to check Python code syntax and style conventions
[5.469s] -- Added test 'lint_cmake' to check CMake code style
[5.471s] -- Added test 'pep257' to check Python code against some of the docstring style conventions in PEP 257
[5.475s] -- Added test 'xmllint' to check XML markup files
[5.479s] -- Configuring done
[5.488s] -- Generating done
[5.494s] -- Build files have been written to: /home/jezzy/yolobot/build/yolobot_recognition
[5.508s] Invoked command in '/home/jezzy/yolobot/build/yolobot_recognition' returned '0': CMAKE_PREFIX_PATH=/home/jezzy/yolobot/install/yolov8_msgs:/home/jezzy/yolobot/install/yolobot_recognition:/home/jezzy/yolobot/install/yolobot_gazebo:/home/jezzy/yolobot/install/yolobot_description:/home/jezzy/yolobot/install/yolobot_control:/home/jezzy/husky_ws/turtlebot3/install/turtlebot3:/home/jezzy/husky_ws/turtlebot3/install/turtlebot3_simulations:/home/jezzy/husky_ws/turtlebot3/install/turtlebot3_bringup:/home/jezzy/husky_ws/turtlebot3/install/turtlebot3_node:/home/jezzy/husky_ws/turtlebot3/install/turtlebot3_navigation2:/home/jezzy/husky_ws/turtlebot3/install/turtlebot3_fake_node:/home/jezzy/husky_ws/turtlebot3/install/turtlebot3_msgs:/home/jezzy/husky_ws/turtlebot3/install/turtlebot3_gazebo:/home/jezzy/husky_ws/turtlebot3/install/turtlebot3_description:/home/jezzy/husky_ws/turtlebot3/install/turtlebot3_cartographer:/home/jezzy/husky_ws/turtlebot3/install/dynamixel_sdk_examples:/home/jezzy/husky_ws/turtlebot3/install/dynamixel_sdk_custom_interfaces:/home/jezzy/husky_ws/turtlebot3/install/dynamixel_sdk:/home/jezzy/husky_ws/lintic/install/yolosed:/home/jezzy/husky_ws/lintic/install/visual:/home/jezzy/husky_ws/lintic/install/segnet:/home/jezzy/husky_ws/turtlebot3/install/turtlebot3_teleop:/home/jezzy/husky_ws/turtlebot3/install/turtlebot3_example:/home/jezzy/husky_ws/turtlebot3/install/segtect:/home/jezzy/husky_ws/turtlebot3/install/autonomous_exploration:/opt/ros/humble LD_LIBRARY_PATH=/home/jezzy/yolobot/install/yolov8_msgs/lib:/home/jezzy/husky_ws/turtlebot3/install/turtlebot3_msgs/lib:/home/jezzy/husky_ws/turtlebot3/install/dynamixel_sdk_custom_interfaces/lib:/home/jezzy/husky_ws/turtlebot3/install/dynamixel_sdk/lib:/usr/lib/x86_64-linux-gnu/gazebo-11/plugins:/opt/ros/humble/opt/rviz_ogre_vendor/lib:/opt/ros/humble/lib/x86_64-linux-gnu:/opt/ros/humble/lib:/usr/share/gazebo/../../lib/x86_64-linux-gnu/gazebo-11/plugins:/usr/share/gazebo/../../lib/x86_64-linux-gnu/gazebo-11/plugins:/usr/share/gazebo/../../lib/x86_64-linux-gnu/gazebo-11/plugins /usr/bin/cmake /home/jezzy/yolobot/src/yolobot_recognition -DCMAKE_INSTALL_PREFIX=/home/jezzy/yolobot/install/yolobot_recognition
[5.512s] Invoking command in '/home/jezzy/yolobot/build/yolobot_recognition': CMAKE_PREFIX_PATH=/home/jezzy/yolobot/install/yolov8_msgs:/home/jezzy/yolobot/install/yolobot_recognition:/home/jezzy/yolobot/install/yolobot_gazebo:/home/jezzy/yolobot/install/yolobot_description:/home/jezzy/yolobot/install/yolobot_control:/home/jezzy/husky_ws/turtlebot3/install/turtlebot3:/home/jezzy/husky_ws/turtlebot3/install/turtlebot3_simulations:/home/jezzy/husky_ws/turtlebot3/install/turtlebot3_bringup:/home/jezzy/husky_ws/turtlebot3/install/turtlebot3_node:/home/jezzy/husky_ws/turtlebot3/install/turtlebot3_navigation2:/home/jezzy/husky_ws/turtlebot3/install/turtlebot3_fake_node:/home/jezzy/husky_ws/turtlebot3/install/turtlebot3_msgs:/home/jezzy/husky_ws/turtlebot3/install/turtlebot3_gazebo:/home/jezzy/husky_ws/turtlebot3/install/turtlebot3_description:/home/jezzy/husky_ws/turtlebot3/install/turtlebot3_cartographer:/home/jezzy/husky_ws/turtlebot3/install/dynamixel_sdk_examples:/home/jezzy/husky_ws/turtlebot3/install/dynamixel_sdk_custom_interfaces:/home/jezzy/husky_ws/turtlebot3/install/dynamixel_sdk:/home/jezzy/husky_ws/lintic/install/yolosed:/home/jezzy/husky_ws/lintic/install/visual:/home/jezzy/husky_ws/lintic/install/segnet:/home/jezzy/husky_ws/turtlebot3/install/turtlebot3_teleop:/home/jezzy/husky_ws/turtlebot3/install/turtlebot3_example:/home/jezzy/husky_ws/turtlebot3/install/segtect:/home/jezzy/husky_ws/turtlebot3/install/autonomous_exploration:/opt/ros/humble LD_LIBRARY_PATH=/home/jezzy/yolobot/install/yolov8_msgs/lib:/home/jezzy/husky_ws/turtlebot3/install/turtlebot3_msgs/lib:/home/jezzy/husky_ws/turtlebot3/install/dynamixel_sdk_custom_interfaces/lib:/home/jezzy/husky_ws/turtlebot3/install/dynamixel_sdk/lib:/usr/lib/x86_64-linux-gnu/gazebo-11/plugins:/opt/ros/humble/opt/rviz_ogre_vendor/lib:/opt/ros/humble/lib/x86_64-linux-gnu:/opt/ros/humble/lib:/usr/share/gazebo/../../lib/x86_64-linux-gnu/gazebo-11/plugins:/usr/share/gazebo/../../lib/x86_64-linux-gnu/gazebo-11/plugins:/usr/share/gazebo/../../lib/x86_64-linux-gnu/gazebo-11/plugins /usr/bin/cmake --build /home/jezzy/yolobot/build/yolobot_recognition -- -j4 -l4
[5.576s] Invoked command in '/home/jezzy/yolobot/build/yolobot_recognition' returned '0': CMAKE_PREFIX_PATH=/home/jezzy/yolobot/install/yolov8_msgs:/home/jezzy/yolobot/install/yolobot_recognition:/home/jezzy/yolobot/install/yolobot_gazebo:/home/jezzy/yolobot/install/yolobot_description:/home/jezzy/yolobot/install/yolobot_control:/home/jezzy/husky_ws/turtlebot3/install/turtlebot3:/home/jezzy/husky_ws/turtlebot3/install/turtlebot3_simulations:/home/jezzy/husky_ws/turtlebot3/install/turtlebot3_bringup:/home/jezzy/husky_ws/turtlebot3/install/turtlebot3_node:/home/jezzy/husky_ws/turtlebot3/install/turtlebot3_navigation2:/home/jezzy/husky_ws/turtlebot3/install/turtlebot3_fake_node:/home/jezzy/husky_ws/turtlebot3/install/turtlebot3_msgs:/home/jezzy/husky_ws/turtlebot3/install/turtlebot3_gazebo:/home/jezzy/husky_ws/turtlebot3/install/turtlebot3_description:/home/jezzy/husky_ws/turtlebot3/install/turtlebot3_cartographer:/home/jezzy/husky_ws/turtlebot3/install/dynamixel_sdk_examples:/home/jezzy/husky_ws/turtlebot3/install/dynamixel_sdk_custom_interfaces:/home/jezzy/husky_ws/turtlebot3/install/dynamixel_sdk:/home/jezzy/husky_ws/lintic/install/yolosed:/home/jezzy/husky_ws/lintic/install/visual:/home/jezzy/husky_ws/lintic/install/segnet:/home/jezzy/husky_ws/turtlebot3/install/turtlebot3_teleop:/home/jezzy/husky_ws/turtlebot3/install/turtlebot3_example:/home/jezzy/husky_ws/turtlebot3/install/segtect:/home/jezzy/husky_ws/turtlebot3/install/autonomous_exploration:/opt/ros/humble LD_LIBRARY_PATH=/home/jezzy/yolobot/install/yolov8_msgs/lib:/home/jezzy/husky_ws/turtlebot3/install/turtlebot3_msgs/lib:/home/jezzy/husky_ws/turtlebot3/install/dynamixel_sdk_custom_interfaces/lib:/home/jezzy/husky_ws/turtlebot3/install/dynamixel_sdk/lib:/usr/lib/x86_64-linux-gnu/gazebo-11/plugins:/opt/ros/humble/opt/rviz_ogre_vendor/lib:/opt/ros/humble/lib/x86_64-linux-gnu:/opt/ros/humble/lib:/usr/share/gazebo/../../lib/x86_64-linux-gnu/gazebo-11/plugins:/usr/share/gazebo/../../lib/x86_64-linux-gnu/gazebo-11/plugins:/usr/share/gazebo/../../lib/x86_64-linux-gnu/gazebo-11/plugins /usr/bin/cmake --build /home/jezzy/yolobot/build/yolobot_recognition -- -j4 -l4
[5.579s] Invoking command in '/home/jezzy/yolobot/build/yolobot_recognition': CMAKE_PREFIX_PATH=/home/jezzy/yolobot/install/yolov8_msgs:/home/jezzy/yolobot/install/yolobot_recognition:/home/jezzy/yolobot/install/yolobot_gazebo:/home/jezzy/yolobot/install/yolobot_description:/home/jezzy/yolobot/install/yolobot_control:/home/jezzy/husky_ws/turtlebot3/install/turtlebot3:/home/jezzy/husky_ws/turtlebot3/install/turtlebot3_simulations:/home/jezzy/husky_ws/turtlebot3/install/turtlebot3_bringup:/home/jezzy/husky_ws/turtlebot3/install/turtlebot3_node:/home/jezzy/husky_ws/turtlebot3/install/turtlebot3_navigation2:/home/jezzy/husky_ws/turtlebot3/install/turtlebot3_fake_node:/home/jezzy/husky_ws/turtlebot3/install/turtlebot3_msgs:/home/jezzy/husky_ws/turtlebot3/install/turtlebot3_gazebo:/home/jezzy/husky_ws/turtlebot3/install/turtlebot3_description:/home/jezzy/husky_ws/turtlebot3/install/turtlebot3_cartographer:/home/jezzy/husky_ws/turtlebot3/install/dynamixel_sdk_examples:/home/jezzy/husky_ws/turtlebot3/install/dynamixel_sdk_custom_interfaces:/home/jezzy/husky_ws/turtlebot3/install/dynamixel_sdk:/home/jezzy/husky_ws/lintic/install/yolosed:/home/jezzy/husky_ws/lintic/install/visual:/home/jezzy/husky_ws/lintic/install/segnet:/home/jezzy/husky_ws/turtlebot3/install/turtlebot3_teleop:/home/jezzy/husky_ws/turtlebot3/install/turtlebot3_example:/home/jezzy/husky_ws/turtlebot3/install/segtect:/home/jezzy/husky_ws/turtlebot3/install/autonomous_exploration:/opt/ros/humble LD_LIBRARY_PATH=/home/jezzy/yolobot/install/yolov8_msgs/lib:/home/jezzy/husky_ws/turtlebot3/install/turtlebot3_msgs/lib:/home/jezzy/husky_ws/turtlebot3/install/dynamixel_sdk_custom_interfaces/lib:/home/jezzy/husky_ws/turtlebot3/install/dynamixel_sdk/lib:/usr/lib/x86_64-linux-gnu/gazebo-11/plugins:/opt/ros/humble/opt/rviz_ogre_vendor/lib:/opt/ros/humble/lib/x86_64-linux-gnu:/opt/ros/humble/lib:/usr/share/gazebo/../../lib/x86_64-linux-gnu/gazebo-11/plugins:/usr/share/gazebo/../../lib/x86_64-linux-gnu/gazebo-11/plugins:/usr/share/gazebo/../../lib/x86_64-linux-gnu/gazebo-11/plugins /usr/bin/cmake --install /home/jezzy/yolobot/build/yolobot_recognition
[5.591s] -- Install configuration: ""
[5.591s] -- Installing: /home/jezzy/yolobot/install/yolobot_recognition/share/yolobot_recognition//scripts
[5.592s] -- Installing: /home/jezzy/yolobot/install/yolobot_recognition/share/yolobot_recognition//scripts/yolov8_stitcher_node.py
[5.592s] -- Installing: /home/jezzy/yolobot/install/yolobot_recognition/share/yolobot_recognition//scripts/yolov8_ros2_subscriber.py
[5.593s] -- Installing: /home/jezzy/yolobot/install/yolobot_recognition/share/yolobot_recognition//scripts/.gitignore
[5.593s] -- Installing: /home/jezzy/yolobot/install/yolobot_recognition/share/yolobot_recognition//scripts/.gitattributes
[5.593s] -- Installing: /home/jezzy/yolobot/install/yolobot_recognition/share/yolobot_recognition//scripts/yolov8_ros2_pt.py
[5.593s] -- Installing: /home/jezzy/yolobot/install/yolobot_recognition/share/yolobot_recognition//scripts/yolo11n.pt
[5.638s] -- Installing: /home/jezzy/yolobot/install/yolobot_recognition/share/yolobot_recognition//scripts/yolov8_inference_listener.py
[5.638s] -- Installing: /home/jezzy/yolobot/install/yolobot_recognition/share/yolobot_recognition//scripts/.dockerignore
[5.638s] -- Installing: /home/jezzy/yolobot/install/yolobot_recognition/share/yolobot_recognition//scripts/yolov8_panorama_inference.py
[5.639s] -- Installing: /home/jezzy/yolobot/install/yolobot_recognition/share/yolobot_recognition//scripts/yolov8n.pt
[5.697s] -- Installing: /home/jezzy/yolobot/install/yolobot_recognition/share/yolobot_recognition//launch
[5.697s] -- Installing: /home/jezzy/yolobot/install/yolobot_recognition/share/yolobot_recognition//launch/launch_yolov8.launch.py
[5.698s] -- Installing: /home/jezzy/yolobot/install/yolobot_recognition/lib/yolobot_recognition/yolov8_ros2_pt.py
[5.699s] -- Installing: /home/jezzy/yolobot/install/yolobot_recognition/lib/yolobot_recognition/yolov8_ros2_subscriber.py
[5.699s] -- Installing: /home/jezzy/yolobot/install/yolobot_recognition/lib/yolobot_recognition/yolov8_stitcher_node.py
[5.700s] -- Installing: /home/jezzy/yolobot/install/yolobot_recognition/lib/yolobot_recognition/yolov8_panorama_inference.py
[5.700s] -- Installing: /home/jezzy/yolobot/install/yolobot_recognition/lib/yolobot_recognition/yolov8_inference_listener.py
[5.700s] -- Installing: /home/jezzy/yolobot/install/yolobot_recognition/share/ament_index/resource_index/package_run_dependencies/yolobot_recognition
[5.701s] -- Installing: /home/jezzy/yolobot/install/yolobot_recognition/share/ament_index/resource_index/parent_prefix_path/yolobot_recognition
[5.702s] -- Installing: /home/jezzy/yolobot/install/yolobot_recognition/share/yolobot_recognition/environment/ament_prefix_path.sh
[5.703s] -- Installing: /home/jezzy/yolobot/install/yolobot_recognition/share/yolobot_recognition/environment/ament_prefix_path.dsv
[5.703s] -- Installing: /home/jezzy/yolobot/install/yolobot_recognition/share/yolobot_recognition/environment/path.sh
[5.704s] -- Installing: /home/jezzy/yolobot/install/yolobot_recognition/share/yolobot_recognition/environment/path.dsv
[5.705s] -- Installing: /home/jezzy/yolobot/install/yolobot_recognition/share/yolobot_recognition/local_setup.bash
[5.705s] -- Installing: /home/jezzy/yolobot/install/yolobot_recognition/share/yolobot_recognition/local_setup.sh
[5.706s] -- Installing: /home/jezzy/yolobot/install/yolobot_recognition/share/yolobot_recognition/local_setup.zsh
[5.706s] -- Installing: /home/jezzy/yolobot/install/yolobot_recognition/share/yolobot_recognition/local_setup.dsv
[5.706s] -- Installing: /home/jezzy/yolobot/install/yolobot_recognition/share/yolobot_recognition/package.dsv
[5.707s] -- Installing: /home/jezzy/yolobot/install/yolobot_recognition/share/ament_index/resource_index/packages/yolobot_recognition
[5.707s] -- Installing: /home/jezzy/yolobot/install/yolobot_recognition/share/yolobot_recognition/cmake/yolobot_recognitionConfig.cmake
[5.707s] -- Installing: /home/jezzy/yolobot/install/yolobot_recognition/share/yolobot_recognition/cmake/yolobot_recognitionConfig-version.cmake
[5.708s] -- Installing: /home/jezzy/yolobot/install/yolobot_recognition/share/yolobot_recognition/package.xml
[5.712s] Invoked command in '/home/jezzy/yolobot/build/yolobot_recognition' returned '0': CMAKE_PREFIX_PATH=/home/jezzy/yolobot/install/yolov8_msgs:/home/jezzy/yolobot/install/yolobot_recognition:/home/jezzy/yolobot/install/yolobot_gazebo:/home/jezzy/yolobot/install/yolobot_description:/home/jezzy/yolobot/install/yolobot_control:/home/jezzy/husky_ws/turtlebot3/install/turtlebot3:/home/jezzy/husky_ws/turtlebot3/install/turtlebot3_simulations:/home/jezzy/husky_ws/turtlebot3/install/turtlebot3_bringup:/home/jezzy/husky_ws/turtlebot3/install/turtlebot3_node:/home/jezzy/husky_ws/turtlebot3/install/turtlebot3_navigation2:/home/jezzy/husky_ws/turtlebot3/install/turtlebot3_fake_node:/home/jezzy/husky_ws/turtlebot3/install/turtlebot3_msgs:/home/jezzy/husky_ws/turtlebot3/install/turtlebot3_gazebo:/home/jezzy/husky_ws/turtlebot3/install/turtlebot3_description:/home/jezzy/husky_ws/turtlebot3/install/turtlebot3_cartographer:/home/jezzy/husky_ws/turtlebot3/install/dynamixel_sdk_examples:/home/jezzy/husky_ws/turtlebot3/install/dynamixel_sdk_custom_interfaces:/home/jezzy/husky_ws/turtlebot3/install/dynamixel_sdk:/home/jezzy/husky_ws/lintic/install/yolosed:/home/jezzy/husky_ws/lintic/install/visual:/home/jezzy/husky_ws/lintic/install/segnet:/home/jezzy/husky_ws/turtlebot3/install/turtlebot3_teleop:/home/jezzy/husky_ws/turtlebot3/install/turtlebot3_example:/home/jezzy/husky_ws/turtlebot3/install/segtect:/home/jezzy/husky_ws/turtlebot3/install/autonomous_exploration:/opt/ros/humble LD_LIBRARY_PATH=/home/jezzy/yolobot/install/yolov8_msgs/lib:/home/jezzy/husky_ws/turtlebot3/install/turtlebot3_msgs/lib:/home/jezzy/husky_ws/turtlebot3/install/dynamixel_sdk_custom_interfaces/lib:/home/jezzy/husky_ws/turtlebot3/install/dynamixel_sdk/lib:/usr/lib/x86_64-linux-gnu/gazebo-11/plugins:/opt/ros/humble/opt/rviz_ogre_vendor/lib:/opt/ros/humble/lib/x86_64-linux-gnu:/opt/ros/humble/lib:/usr/share/gazebo/../../lib/x86_64-linux-gnu/gazebo-11/plugins:/usr/share/gazebo/../../lib/x86_64-linux-gnu/gazebo-11/plugins:/usr/share/gazebo/../../lib/x86_64-linux-gnu/gazebo-11/plugins /usr/bin/cmake --install /home/jezzy/yolobot/build/yolobot_recognition
