[0.089s] Invoking command in '/home/jezzy/yolobot/build/yolobot_control': CMAKE_PREFIX_PATH=${CMAKE_PREFIX_PATH}:/home/jezzy/husky_ws/lintic/install/yolosed:/home/jezzy/husky_ws/lintic/install/visual:/home/jezzy/husky_ws/lintic/install/segnet:/home/jezzy/husky_ws/turtlebot3/install/turtlebot3_teleop:/home/jezzy/husky_ws/turtlebot3/install/turtlebot3_example:/home/jezzy/husky_ws/turtlebot3/install/segtect:/home/jezzy/husky_ws/turtlebot3/install/autonomous_exploration:/opt/ros/humble /usr/bin/cmake /home/jezzy/yolobot/src/yolobot_control -DCMAKE_INSTALL_PREFIX=/home/jezzy/yolobot/install/yolobot_control
[1.699s] -- The C compiler identification is GNU 11.4.0
[4.934s] -- The CXX compiler identification is GNU 11.4.0
[7.251s] -- Detecting C compiler ABI info
[8.554s] -- Detecting C compiler ABI info - done
[8.627s] -- Check for working C compiler: /usr/bin/cc - skipped
[8.628s] -- Detecting C compile features
[8.640s] -- Detecting C compile features - done
[8.648s] -- Detecting CXX compiler ABI info
[9.859s] -- Detecting CXX compiler ABI info - done
[9.919s] -- Check for working CXX compiler: /usr/bin/c++ - skipped
[9.922s] -- Detecting CXX compile features
[9.927s] -- Detecting CXX compile features - done
[9.950s] -- Found ament_cmake: 1.3.11 (/opt/ros/humble/share/ament_cmake/cmake)
[11.553s] -- Found Python3: /usr/bin/python3 (found version "3.10.12") found components: Interpreter 
[12.297s] -- Found ament_lint_auto: 0.12.12 (/opt/ros/humble/share/ament_lint_auto/cmake)
[12.990s] -- Added test 'copyright' to check source files copyright and LICENSE
[13.005s] -- Added test 'flake8' to check Python code syntax and style conventions
[13.008s] -- Added test 'lint_cmake' to check CMake code style
[13.020s] -- Added test 'pep257' to check Python code against some of the docstring style conventions in PEP 257
[13.026s] -- Added test 'xmllint' to check XML markup files
[13.051s] -- Configuring done
[13.077s] -- Generating done
[13.083s] -- Build files have been written to: /home/jezzy/yolobot/build/yolobot_control
[13.108s] Invoked command in '/home/jezzy/yolobot/build/yolobot_control' returned '0': CMAKE_PREFIX_PATH=${CMAKE_PREFIX_PATH}:/home/jezzy/husky_ws/lintic/install/yolosed:/home/jezzy/husky_ws/lintic/install/visual:/home/jezzy/husky_ws/lintic/install/segnet:/home/jezzy/husky_ws/turtlebot3/install/turtlebot3_teleop:/home/jezzy/husky_ws/turtlebot3/install/turtlebot3_example:/home/jezzy/husky_ws/turtlebot3/install/segtect:/home/jezzy/husky_ws/turtlebot3/install/autonomous_exploration:/opt/ros/humble /usr/bin/cmake /home/jezzy/yolobot/src/yolobot_control -DCMAKE_INSTALL_PREFIX=/home/jezzy/yolobot/install/yolobot_control
[13.125s] Invoking command in '/home/jezzy/yolobot/build/yolobot_control': CMAKE_PREFIX_PATH=${CMAKE_PREFIX_PATH}:/home/jezzy/husky_ws/lintic/install/yolosed:/home/jezzy/husky_ws/lintic/install/visual:/home/jezzy/husky_ws/lintic/install/segnet:/home/jezzy/husky_ws/turtlebot3/install/turtlebot3_teleop:/home/jezzy/husky_ws/turtlebot3/install/turtlebot3_example:/home/jezzy/husky_ws/turtlebot3/install/segtect:/home/jezzy/husky_ws/turtlebot3/install/autonomous_exploration:/opt/ros/humble /usr/bin/cmake --build /home/jezzy/yolobot/build/yolobot_control -- -j4 -l4
[13.305s] Invoked command in '/home/jezzy/yolobot/build/yolobot_control' returned '0': CMAKE_PREFIX_PATH=${CMAKE_PREFIX_PATH}:/home/jezzy/husky_ws/lintic/install/yolosed:/home/jezzy/husky_ws/lintic/install/visual:/home/jezzy/husky_ws/lintic/install/segnet:/home/jezzy/husky_ws/turtlebot3/install/turtlebot3_teleop:/home/jezzy/husky_ws/turtlebot3/install/turtlebot3_example:/home/jezzy/husky_ws/turtlebot3/install/segtect:/home/jezzy/husky_ws/turtlebot3/install/autonomous_exploration:/opt/ros/humble /usr/bin/cmake --build /home/jezzy/yolobot/build/yolobot_control -- -j4 -l4
[13.307s] Invoking command in '/home/jezzy/yolobot/build/yolobot_control': CMAKE_PREFIX_PATH=${CMAKE_PREFIX_PATH}:/home/jezzy/husky_ws/lintic/install/yolosed:/home/jezzy/husky_ws/lintic/install/visual:/home/jezzy/husky_ws/lintic/install/segnet:/home/jezzy/husky_ws/turtlebot3/install/turtlebot3_teleop:/home/jezzy/husky_ws/turtlebot3/install/turtlebot3_example:/home/jezzy/husky_ws/turtlebot3/install/segtect:/home/jezzy/husky_ws/turtlebot3/install/autonomous_exploration:/opt/ros/humble /usr/bin/cmake --install /home/jezzy/yolobot/build/yolobot_control
[13.346s] -- Install configuration: ""
[13.346s] -- Installing: /home/jezzy/yolobot/install/yolobot_control/share/yolobot_control//scripts
[13.348s] -- Installing: /home/jezzy/yolobot/install/yolobot_control/share/yolobot_control//scripts/robot_control.py
[13.348s] -- Installing: /home/jezzy/yolobot/install/yolobot_control/share/yolobot_control//launch
[13.349s] -- Installing: /home/jezzy/yolobot/install/yolobot_control/share/yolobot_control//launch/yolobot_control.launch.py
[13.349s] -- Installing: /home/jezzy/yolobot/install/yolobot_control/lib/yolobot_control/robot_control.py
[13.350s] -- Installing: /home/jezzy/yolobot/install/yolobot_control/lib/yolobot_control/yolobot_control.launch.py
[13.351s] -- Installing: /home/jezzy/yolobot/install/yolobot_control/share/ament_index/resource_index/package_run_dependencies/yolobot_control
[13.352s] -- Installing: /home/jezzy/yolobot/install/yolobot_control/share/ament_index/resource_index/parent_prefix_path/yolobot_control
[13.353s] -- Installing: /home/jezzy/yolobot/install/yolobot_control/share/yolobot_control/environment/ament_prefix_path.sh
[13.354s] -- Installing: /home/jezzy/yolobot/install/yolobot_control/share/yolobot_control/environment/ament_prefix_path.dsv
[13.354s] -- Installing: /home/jezzy/yolobot/install/yolobot_control/share/yolobot_control/environment/path.sh
[13.355s] -- Installing: /home/jezzy/yolobot/install/yolobot_control/share/yolobot_control/environment/path.dsv
[13.355s] -- Installing: /home/jezzy/yolobot/install/yolobot_control/share/yolobot_control/local_setup.bash
[13.361s] -- Installing: /home/jezzy/yolobot/install/yolobot_control/share/yolobot_control/local_setup.sh
[13.361s] -- Installing: /home/jezzy/yolobot/install/yolobot_control/share/yolobot_control/local_setup.zsh
[13.372s] -- Installing: /home/jezzy/yolobot/install/yolobot_control/share/yolobot_control/local_setup.dsv
[13.373s] -- Installing: /home/jezzy/yolobot/install/yolobot_control/share/yolobot_control/package.dsv
[13.375s] -- Installing: /home/jezzy/yolobot/install/yolobot_control/share/ament_index/resource_index/packages/yolobot_control
[13.376s] -- Installing: /home/jezzy/yolobot/install/yolobot_control/share/yolobot_control/cmake/yolobot_controlConfig.cmake
[13.377s] -- Installing: /home/jezzy/yolobot/install/yolobot_control/share/yolobot_control/cmake/yolobot_controlConfig-version.cmake
[13.378s] -- Installing: /home/jezzy/yolobot/install/yolobot_control/share/yolobot_control/package.xml
[13.380s] Invoked command in '/home/jezzy/yolobot/build/yolobot_control' returned '0': CMAKE_PREFIX_PATH=${CMAKE_PREFIX_PATH}:/home/jezzy/husky_ws/lintic/install/yolosed:/home/jezzy/husky_ws/lintic/install/visual:/home/jezzy/husky_ws/lintic/install/segnet:/home/jezzy/husky_ws/turtlebot3/install/turtlebot3_teleop:/home/jezzy/husky_ws/turtlebot3/install/turtlebot3_example:/home/jezzy/husky_ws/turtlebot3/install/segtect:/home/jezzy/husky_ws/turtlebot3/install/autonomous_exploration:/opt/ros/humble /usr/bin/cmake --install /home/jezzy/yolobot/build/yolobot_control
