[0.049s] Invoking command in '/home/jezzy/huskybot/build/yolov12_msgs': CMAKE_PREFIX_PATH=${CMAKE_PREFIX_PATH}:/home/jezzy/husky_ws/lintic/install/yolosed:/home/jezzy/husky_ws/lintic/install/visual:/home/jezzy/husky_ws/lintic/install/segnet:/home/jezzy/husky_ws/turtlebot3/install/turtlebot3_teleop:/home/jezzy/husky_ws/turtlebot3/install/turtlebot3_example:/home/jezzy/husky_ws/turtlebot3/install/segtect:/home/jezzy/husky_ws/turtlebot3/install/autonomous_exploration:/opt/ros/humble /usr/bin/cmake /home/jezzy/huskybot/src/yolov12_msgs -DCMAKE_INSTALL_PREFIX=/home/jezzy/huskybot/install/yolov12_msgs
[0.409s] -- The C compiler identification is GNU 11.4.0
[1.682s] -- The CXX compiler identification is GNU 11.4.0
[2.727s] -- Detecting C compiler ABI info
[3.115s] -- Detecting C compiler ABI info - done
[3.144s] -- Check for working C compiler: /usr/bin/cc - skipped
[3.146s] -- Detecting C compile features
[3.152s] -- Detecting C compile features - done
[3.162s] -- Detecting CXX compiler ABI info
[3.680s] -- Detecting CXX compiler ABI info - done
[3.720s] -- Check for working CXX compiler: /usr/bin/c++ - skipped
[3.721s] -- Detecting CXX compile features
[3.722s] -- Detecting CXX compile features - done
[3.731s] -- Found ament_cmake: 1.3.11 (/opt/ros/humble/share/ament_cmake/cmake)
[4.356s] -- Found Python3: /usr/bin/python3 (found version "3.10.12") found components: Interpreter 
[4.736s] -- Found std_msgs: 4.8.0 (/opt/ros/humble/share/std_msgs/cmake)
[5.351s] -- Found rosidl_generator_c: 3.1.6 (/opt/ros/humble/share/rosidl_generator_c/cmake)
[5.382s] -- Found rosidl_adapter: 3.1.6 (/opt/ros/humble/share/rosidl_adapter/cmake)
[5.414s] -- Found rosidl_generator_cpp: 3.1.6 (/opt/ros/humble/share/rosidl_generator_cpp/cmake)
[5.472s] -- Using all available rosidl_typesupport_c: rosidl_typesupport_fastrtps_c;rosidl_typesupport_introspection_c
[5.546s] -- Using all available rosidl_typesupport_cpp: rosidl_typesupport_fastrtps_cpp;rosidl_typesupport_introspection_cpp
[5.658s] -- Found rosidl_default_generators: 1.2.0 (/opt/ros/humble/share/rosidl_default_generators/cmake)
[6.901s] -- Found ament_cmake_ros: 0.10.0 (/opt/ros/humble/share/ament_cmake_ros/cmake)
[8.498s] -- Using all available rosidl_typesupport_c: rosidl_typesupport_fastrtps_c;rosidl_typesupport_introspection_c
[9.166s] -- Using all available rosidl_typesupport_cpp: rosidl_typesupport_fastrtps_cpp;rosidl_typesupport_introspection_cpp
[9.642s] -- Found PythonInterp: /usr/bin/python3 (found suitable version "3.10.12", minimum required is "3.6") 
[9.652s] -- Found python_cmake_module: 0.10.0 (/opt/ros/humble/share/python_cmake_module/cmake)
[11.085s] -- Found PythonLibs: /usr/lib/x86_64-linux-gnu/libpython3.10.so (found suitable version "3.10.12", minimum required is "3.5") 
[11.086s] -- Using PYTHON_EXECUTABLE: /usr/bin/python3
[11.086s] -- Using PYTHON_INCLUDE_DIRS: /usr/include/python3.10
[11.086s] -- Using PYTHON_LIBRARIES: /usr/lib/x86_64-linux-gnu/libpython3.10.so
[11.147s] -- Found PythonExtra: .so  
[11.568s] -- Found ament_lint_auto: 0.12.12 (/opt/ros/humble/share/ament_lint_auto/cmake)
[11.709s] -- Added test 'copyright' to check source files copyright and LICENSE
[11.721s] -- Added test 'lint_cmake' to check CMake code style
[11.726s] -- Added test 'xmllint' to check XML markup files
[11.754s] -- Configuring done
[11.958s] -- Generating done
[12.037s] -- Build files have been written to: /home/jezzy/huskybot/build/yolov12_msgs
[12.083s] Invoked command in '/home/jezzy/huskybot/build/yolov12_msgs' returned '0': CMAKE_PREFIX_PATH=${CMAKE_PREFIX_PATH}:/home/jezzy/husky_ws/lintic/install/yolosed:/home/jezzy/husky_ws/lintic/install/visual:/home/jezzy/husky_ws/lintic/install/segnet:/home/jezzy/husky_ws/turtlebot3/install/turtlebot3_teleop:/home/jezzy/husky_ws/turtlebot3/install/turtlebot3_example:/home/jezzy/husky_ws/turtlebot3/install/segtect:/home/jezzy/husky_ws/turtlebot3/install/autonomous_exploration:/opt/ros/humble /usr/bin/cmake /home/jezzy/huskybot/src/yolov12_msgs -DCMAKE_INSTALL_PREFIX=/home/jezzy/huskybot/install/yolov12_msgs
[12.084s] Invoking command in '/home/jezzy/huskybot/build/yolov12_msgs': CMAKE_PREFIX_PATH=${CMAKE_PREFIX_PATH}:/home/jezzy/husky_ws/lintic/install/yolosed:/home/jezzy/husky_ws/lintic/install/visual:/home/jezzy/husky_ws/lintic/install/segnet:/home/jezzy/husky_ws/turtlebot3/install/turtlebot3_teleop:/home/jezzy/husky_ws/turtlebot3/install/turtlebot3_example:/home/jezzy/husky_ws/turtlebot3/install/segtect:/home/jezzy/husky_ws/turtlebot3/install/autonomous_exploration:/opt/ros/humble /usr/bin/cmake --build /home/jezzy/huskybot/build/yolov12_msgs -- -j4 -l4
[12.323s] [  2%] [34m[1mGenerating C code for ROS interfaces[0m
[12.324s] [  5%] [34m[1mGenerating C++ code for ROS interfaces[0m
[12.490s] [  5%] Built target ament_cmake_python_copy_yolov12_msgs
[14.516s] running egg_info
[14.522s] creating yolov12_msgs.egg-info
[14.523s] writing yolov12_msgs.egg-info/PKG-INFO
[14.524s] writing dependency_links to yolov12_msgs.egg-info/dependency_links.txt
[14.524s] writing top-level names to yolov12_msgs.egg-info/top_level.txt
[14.525s] writing manifest file 'yolov12_msgs.egg-info/SOURCES.txt'
[14.543s] reading manifest file 'yolov12_msgs.egg-info/SOURCES.txt'
[14.549s] writing manifest file 'yolov12_msgs.egg-info/SOURCES.txt'
[14.708s] [  5%] Built target ament_cmake_python_build_yolov12_msgs_egg
[15.027s] [  5%] Built target yolov12_msgs__cpp
[15.094s] [  7%] [34m[1mGenerating C++ type support dispatch for ROS interfaces[0m
[15.119s] [ 12%] [34m[1mGenerating C++ type support for eProsima Fast-RTPS[0m
[15.131s] [ 15%] [34m[1mGenerating C++ introspection for ROS interfaces[0m
[15.133s] [ 15%] [32mBuilding C object CMakeFiles/yolov12_msgs__rosidl_generator_c.dir/rosidl_generator_c/yolov12_msgs/msg/detail/inference_result__functions.c.o[0m
[15.636s] [ 17%] [32mBuilding C object CMakeFiles/yolov12_msgs__rosidl_generator_c.dir/rosidl_generator_c/yolov12_msgs/msg/detail/yolov12_inference__functions.c.o[0m
[15.879s] [ 20%] [32m[1mLinking C shared library libyolov12_msgs__rosidl_generator_c.so[0m
[16.460s] [ 20%] Built target yolov12_msgs__rosidl_generator_c
[16.534s] [ 23%] [34m[1mGenerating C type support for eProsima Fast-RTPS[0m
[18.317s] [ 25%] [32mBuilding CXX object CMakeFiles/yolov12_msgs__rosidl_typesupport_cpp.dir/rosidl_typesupport_cpp/yolov12_msgs/msg/inference_result__type_support.cpp.o[0m
[18.620s] [ 28%] [32mBuilding CXX object CMakeFiles/yolov12_msgs__rosidl_typesupport_fastrtps_cpp.dir/rosidl_typesupport_fastrtps_cpp/yolov12_msgs/msg/detail/dds_fastrtps/inference_result__type_support.cpp.o[0m
[18.831s] [ 30%] [32mBuilding CXX object CMakeFiles/yolov12_msgs__rosidl_typesupport_introspection_cpp.dir/rosidl_typesupport_introspection_cpp/yolov12_msgs/msg/detail/inference_result__type_support.cpp.o[0m
[19.833s] [ 33%] [32mBuilding CXX object CMakeFiles/yolov12_msgs__rosidl_typesupport_fastrtps_c.dir/rosidl_typesupport_fastrtps_c/yolov12_msgs/msg/detail/inference_result__type_support_c.cpp.o[0m
[20.973s] [ 35%] [32mBuilding CXX object CMakeFiles/yolov12_msgs__rosidl_typesupport_cpp.dir/rosidl_typesupport_cpp/yolov12_msgs/msg/yolov12_inference__type_support.cpp.o[0m
[22.739s] [ 38%] [32mBuilding CXX object CMakeFiles/yolov12_msgs__rosidl_typesupport_fastrtps_cpp.dir/rosidl_typesupport_fastrtps_cpp/yolov12_msgs/msg/detail/dds_fastrtps/yolov12_inference__type_support.cpp.o[0m
[23.540s] [ 41%] [32mBuilding CXX object CMakeFiles/yolov12_msgs__rosidl_typesupport_fastrtps_c.dir/rosidl_typesupport_fastrtps_c/yolov12_msgs/msg/detail/yolov12_inference__type_support_c.cpp.o[0m
[23.605s] [ 43%] [32mBuilding CXX object CMakeFiles/yolov12_msgs__rosidl_typesupport_introspection_cpp.dir/rosidl_typesupport_introspection_cpp/yolov12_msgs/msg/detail/yolov12_inference__type_support.cpp.o[0m
[24.069s] [ 46%] [32m[1mLinking CXX shared library libyolov12_msgs__rosidl_typesupport_cpp.so[0m
[24.923s] [ 46%] Built target yolov12_msgs__rosidl_typesupport_cpp
[25.057s] [ 48%] [34m[1mGenerating C introspection for ROS interfaces[0m
[27.524s] [ 51%] [32m[1mLinking CXX shared library libyolov12_msgs__rosidl_typesupport_fastrtps_c.so[0m
[27.808s] [ 53%] [32m[1mLinking CXX shared library libyolov12_msgs__rosidl_typesupport_fastrtps_cpp.so[0m
[28.023s] [ 56%] [32m[1mLinking CXX shared library libyolov12_msgs__rosidl_typesupport_introspection_cpp.so[0m
[28.758s] [ 56%] Built target yolov12_msgs__rosidl_typesupport_fastrtps_c
[28.843s] [ 58%] [34m[1mGenerating C type support dispatch for ROS interfaces[0m
[29.042s] [ 58%] Built target yolov12_msgs__rosidl_typesupport_fastrtps_cpp
[29.168s] [ 61%] [32mBuilding C object CMakeFiles/yolov12_msgs__rosidl_typesupport_introspection_c.dir/rosidl_typesupport_introspection_c/yolov12_msgs/msg/detail/yolov12_inference__type_support.c.o[0m
[29.181s] [ 64%] [32mBuilding C object CMakeFiles/yolov12_msgs__rosidl_typesupport_introspection_c.dir/rosidl_typesupport_introspection_c/yolov12_msgs/msg/detail/inference_result__type_support.c.o[0m
[29.245s] [ 64%] Built target yolov12_msgs__rosidl_typesupport_introspection_cpp
[29.460s] [ 66%] [32m[1mLinking C shared library libyolov12_msgs__rosidl_typesupport_introspection_c.so[0m
[30.085s] [ 66%] Built target yolov12_msgs__rosidl_typesupport_introspection_c
[30.928s] [ 69%] [32mBuilding CXX object CMakeFiles/yolov12_msgs__rosidl_typesupport_c.dir/rosidl_typesupport_c/yolov12_msgs/msg/yolov12_inference__type_support.cpp.o[0m
[30.938s] [ 71%] [32mBuilding CXX object CMakeFiles/yolov12_msgs__rosidl_typesupport_c.dir/rosidl_typesupport_c/yolov12_msgs/msg/inference_result__type_support.cpp.o[0m
[31.073s] [ 74%] [32m[1mLinking CXX shared library libyolov12_msgs__rosidl_typesupport_c.so[0m
[31.491s] [ 74%] Built target yolov12_msgs__rosidl_typesupport_c
[31.552s] [ 74%] Built target yolov12_msgs
[31.611s] [ 76%] [34m[1mGenerating Python code for ROS interfaces[0m
[33.284s] [ 76%] Built target yolov12_msgs__py
[33.349s] [ 79%] [32mBuilding C object CMakeFiles/yolov12_msgs__rosidl_generator_py.dir/rosidl_generator_py/yolov12_msgs/msg/_yolov12_inference_s.c.o[0m
[33.370s] [ 82%] [32mBuilding C object CMakeFiles/yolov12_msgs__rosidl_generator_py.dir/rosidl_generator_py/yolov12_msgs/msg/_inference_result_s.c.o[0m
[33.770s] [ 84%] [32m[1mLinking C shared library rosidl_generator_py/yolov12_msgs/libyolov12_msgs__rosidl_generator_py.so[0m
[34.140s] [ 84%] Built target yolov12_msgs__rosidl_generator_py
[34.223s] [ 87%] [32mBuilding C object CMakeFiles/yolov12_msgs__rosidl_typesupport_fastrtps_c__pyext.dir/rosidl_generator_py/yolov12_msgs/_yolov12_msgs_s.ep.rosidl_typesupport_fastrtps_c.c.o[0m
[34.238s] [ 89%] [32mBuilding C object CMakeFiles/yolov12_msgs__rosidl_typesupport_c__pyext.dir/rosidl_generator_py/yolov12_msgs/_yolov12_msgs_s.ep.rosidl_typesupport_c.c.o[0m
[34.241s] [ 92%] [32mBuilding C object CMakeFiles/yolov12_msgs__rosidl_typesupport_introspection_c__pyext.dir/rosidl_generator_py/yolov12_msgs/_yolov12_msgs_s.ep.rosidl_typesupport_introspection_c.c.o[0m
[34.534s] [ 94%] [32m[1mLinking C shared library rosidl_generator_py/yolov12_msgs/yolov12_msgs_s__rosidl_typesupport_introspection_c.cpython-310-x86_64-linux-gnu.so[0m
[34.586s] [ 97%] [32m[1mLinking C shared library rosidl_generator_py/yolov12_msgs/yolov12_msgs_s__rosidl_typesupport_c.cpython-310-x86_64-linux-gnu.so[0m
[34.683s] [100%] [32m[1mLinking C shared library rosidl_generator_py/yolov12_msgs/yolov12_msgs_s__rosidl_typesupport_fastrtps_c.cpython-310-x86_64-linux-gnu.so[0m
[35.003s] [100%] Built target yolov12_msgs__rosidl_typesupport_introspection_c__pyext
[35.121s] [100%] Built target yolov12_msgs__rosidl_typesupport_c__pyext
[35.122s] [100%] Built target yolov12_msgs__rosidl_typesupport_fastrtps_c__pyext
