[3.833s] Invoking command in '/home/jezzy/huskybot/src/huskybot_navigation': PYTHONPATH=/home/jezzy/huskybot/build/huskybot_navigation/prefix_override:/usr/lib/python3/dist-packages/colcon_core/task/python/colcon_distutils_commands:/home/jezzy/huskybot/install/huskybot_navigation/lib/python3.10/site-packages:${PYTHONPATH} /usr/bin/python3 -W ignore:setup.py install is deprecated -W ignore:easy_install command is deprecated setup.py egg_info --egg-base ../../build/huskybot_navigation build --build-base /home/jezzy/huskybot/build/huskybot_navigation/build install --record /home/jezzy/huskybot/build/huskybot_navigation/install.log --single-version-externally-managed install_data
[5.426s] running egg_info
[5.429s] writing ../../build/huskybot_navigation/huskybot_navigation.egg-info/PKG-INFO
[5.433s] writing dependency_links to ../../build/huskybot_navigation/huskybot_navigation.egg-info/dependency_links.txt
[5.434s] writing entry points to ../../build/huskybot_navigation/huskybot_navigation.egg-info/entry_points.txt
[5.434s] writing requirements to ../../build/huskybot_navigation/huskybot_navigation.egg-info/requires.txt
[5.434s] writing top-level names to ../../build/huskybot_navigation/huskybot_navigation.egg-info/top_level.txt
[5.449s] reading manifest file '../../build/huskybot_navigation/huskybot_navigation.egg-info/SOURCES.txt'
[5.453s] writing manifest file '../../build/huskybot_navigation/huskybot_navigation.egg-info/SOURCES.txt'
[5.455s] running build
[5.456s] running build_py
[5.457s] running install
[5.462s] running install_lib
[5.473s] running install_data
[5.474s] running install_egg_info
[5.481s] removing '/home/jezzy/huskybot/install/huskybot_navigation/lib/python3.10/site-packages/huskybot_navigation-0.0.0-py3.10.egg-info' (and everything under it)
[5.483s] Copying ../../build/huskybot_navigation/huskybot_navigation.egg-info to /home/jezzy/huskybot/install/huskybot_navigation/lib/python3.10/site-packages/huskybot_navigation-0.0.0-py3.10.egg-info
[5.486s] running install_scripts
[5.610s] writing list of installed files to '/home/jezzy/huskybot/build/huskybot_navigation/install.log'
[5.723s] Invoked command in '/home/jezzy/huskybot/src/huskybot_navigation' returned '0': PYTHONPATH=/home/jezzy/huskybot/build/huskybot_navigation/prefix_override:/usr/lib/python3/dist-packages/colcon_core/task/python/colcon_distutils_commands:/home/jezzy/huskybot/install/huskybot_navigation/lib/python3.10/site-packages:${PYTHONPATH} /usr/bin/python3 -W ignore:setup.py install is deprecated -W ignore:easy_install command is deprecated setup.py egg_info --egg-base ../../build/huskybot_navigation build --build-base /home/jezzy/huskybot/build/huskybot_navigation/build install --record /home/jezzy/huskybot/build/huskybot_navigation/install.log --single-version-externally-managed install_data
