[0.061s] Invoking command in '/home/jezzy/huskybot/build/velodyne_laserscan': CMAKE_PREFIX_PATH=${CMAKE_PREFIX_PATH}:/home/jezzy/huskybot/install/huskybot_fusion:/home/jezzy/huskybot/install/huskybot_navigation:/home/jezzy/husky_ws/lintic/install/yolosed:/home/jezzy/husky_ws/lintic/install/visual:/home/jezzy/husky_ws/lintic/install/segnet:/home/jezzy/husky_ws/turtlebot3/install/turtlebot3_teleop:/home/jezzy/husky_ws/turtlebot3/install/turtlebot3_example:/home/jezzy/husky_ws/turtlebot3/install/segtect:/home/jezzy/husky_ws/turtlebot3/install/autonomous_exploration:/opt/ros/humble /usr/bin/cmake /home/jezzy/huskybot/src/velodyne/velodyne_laserscan -DCMAKE_INSTALL_PREFIX=/home/jezzy/huskybot/install/velodyne_laserscan
[0.796s] -- The C compiler identification is GNU 11.4.0
[2.392s] -- The CXX compiler identification is GNU 11.4.0
[3.788s] -- Detecting C compiler ABI info
[4.346s] -- Detecting C compiler ABI info - done
[4.377s] -- Check for working C compiler: /usr/bin/cc - skipped
[4.384s] -- Detecting C compile features
[4.384s] -- Detecting C compile features - done
[4.393s] -- Detecting CXX compiler ABI info
[5.073s] -- Detecting CXX compiler ABI info - done
[5.109s] -- Check for working CXX compiler: /usr/bin/c++ - skipped
[5.111s] -- Detecting CXX compile features
[5.113s] -- Detecting CXX compile features - done
[5.132s] -- Found ament_cmake_ros: 0.10.0 (/opt/ros/humble/share/ament_cmake_ros/cmake)
[5.688s] -- Found Python3: /usr/bin/python3 (found version "3.10.12") found components: Interpreter 
[6.096s] -- Found rclcpp: 16.0.12 (/opt/ros/humble/share/rclcpp/cmake)
[6.823s] -- Found rosidl_generator_c: 3.1.6 (/opt/ros/humble/share/rosidl_generator_c/cmake)
[6.847s] -- Found rosidl_adapter: 3.1.6 (/opt/ros/humble/share/rosidl_adapter/cmake)
[6.891s] -- Found rosidl_generator_cpp: 3.1.6 (/opt/ros/humble/share/rosidl_generator_cpp/cmake)
[6.950s] -- Using all available rosidl_typesupport_c: rosidl_typesupport_fastrtps_c;rosidl_typesupport_introspection_c
[7.008s] -- Using all available rosidl_typesupport_cpp: rosidl_typesupport_fastrtps_cpp;rosidl_typesupport_introspection_cpp
[7.257s] -- Found rmw_implementation_cmake: 6.1.2 (/opt/ros/humble/share/rmw_implementation_cmake/cmake)
[7.276s] -- Found rmw_fastrtps_cpp: 6.2.7 (/opt/ros/humble/share/rmw_fastrtps_cpp/cmake)
[12.806s] -- Found OpenSSL: /usr/lib/x86_64-linux-gnu/libcrypto.so (found version "3.0.2")  
[18.052s] -- Found FastRTPS: /opt/ros/humble/include  
[27.095s] -- Using RMW implementation 'rmw_fastrtps_cpp' as default
[27.402s] -- Looking for pthread.h
[28.767s] -- Looking for pthread.h - found
[28.768s] -- Performing Test CMAKE_HAVE_LIBC_PTHREAD
[29.954s] -- Performing Test CMAKE_HAVE_LIBC_PTHREAD - Success
[29.960s] -- Found Threads: TRUE  
[31.096s] -- Found rclcpp_components: 16.0.12 (/opt/ros/humble/share/rclcpp_components/cmake)
[31.593s] -- Found sensor_msgs: 4.8.0 (/opt/ros/humble/share/sensor_msgs/cmake)
[31.966s] -- Found ament_lint_auto: 0.12.12 (/opt/ros/humble/share/ament_lint_auto/cmake)
[32.929s] -- Added test 'copyright' to check source files copyright and LICENSE
[32.941s] -- Added test 'cppcheck' to perform static code analysis on C / C++ code
[32.943s] -- Configured cppcheck include dirs: $<BUILD_INTERFACE:/home/jezzy/huskybot/src/velodyne/velodyne_laserscan/include>
[32.944s] -- Configured cppcheck exclude dirs and/or files: 
[32.963s] -- Added test 'cpplint' to check C / C++ code against the Google style
[32.964s] -- Configured cpplint exclude dirs and/or files: 
[32.977s] -- Added test 'flake8' to check Python code syntax and style conventions
[32.993s] -- Added test 'lint_cmake' to check CMake code style
[33.002s] -- Added test 'pep257' to check Python code against some of the docstring style conventions in PEP 257
[33.008s] -- Added test 'uncrustify' to check C / C++ code style
[33.012s] -- Configured uncrustify additional arguments: 
[33.021s] -- Added test 'xmllint' to check XML markup files
[33.058s] -- Configuring done
[33.141s] -- Generating done
[33.187s] -- Build files have been written to: /home/jezzy/huskybot/build/velodyne_laserscan
[33.275s] Invoked command in '/home/jezzy/huskybot/build/velodyne_laserscan' returned '0': CMAKE_PREFIX_PATH=${CMAKE_PREFIX_PATH}:/home/jezzy/huskybot/install/huskybot_fusion:/home/jezzy/huskybot/install/huskybot_navigation:/home/jezzy/husky_ws/lintic/install/yolosed:/home/jezzy/husky_ws/lintic/install/visual:/home/jezzy/husky_ws/lintic/install/segnet:/home/jezzy/husky_ws/turtlebot3/install/turtlebot3_teleop:/home/jezzy/husky_ws/turtlebot3/install/turtlebot3_example:/home/jezzy/husky_ws/turtlebot3/install/segtect:/home/jezzy/husky_ws/turtlebot3/install/autonomous_exploration:/opt/ros/humble /usr/bin/cmake /home/jezzy/huskybot/src/velodyne/velodyne_laserscan -DCMAKE_INSTALL_PREFIX=/home/jezzy/huskybot/install/velodyne_laserscan
[33.286s] Invoking command in '/home/jezzy/huskybot/build/velodyne_laserscan': CMAKE_PREFIX_PATH=${CMAKE_PREFIX_PATH}:/home/jezzy/huskybot/install/huskybot_fusion:/home/jezzy/huskybot/install/huskybot_navigation:/home/jezzy/husky_ws/lintic/install/yolosed:/home/jezzy/husky_ws/lintic/install/visual:/home/jezzy/husky_ws/lintic/install/segnet:/home/jezzy/husky_ws/turtlebot3/install/turtlebot3_teleop:/home/jezzy/husky_ws/turtlebot3/install/turtlebot3_example:/home/jezzy/husky_ws/turtlebot3/install/segtect:/home/jezzy/husky_ws/turtlebot3/install/autonomous_exploration:/opt/ros/humble /usr/bin/cmake --build /home/jezzy/huskybot/build/velodyne_laserscan -- -j4 -l4
[33.879s] [ 25%] [32mBuilding CXX object CMakeFiles/velodyne_laserscan.dir/src/velodyne_laserscan.cpp.o[0m
[74.186s] [ 50%] [32m[1mLinking CXX shared library libvelodyne_laserscan.so[0m
[76.278s] [ 50%] Built target velodyne_laserscan
[76.362s] [ 75%] [32mBuilding CXX object CMakeFiles/velodyne_laserscan_node.dir/src/node.cpp.o[0m
[86.831s] [100%] [32m[1mLinking CXX executable velodyne_laserscan_node[0m
[87.808s] [100%] Built target velodyne_laserscan_node
[87.838s] Invoked command in '/home/jezzy/huskybot/build/velodyne_laserscan' returned '0': CMAKE_PREFIX_PATH=${CMAKE_PREFIX_PATH}:/home/jezzy/huskybot/install/huskybot_fusion:/home/jezzy/huskybot/install/huskybot_navigation:/home/jezzy/husky_ws/lintic/install/yolosed:/home/jezzy/husky_ws/lintic/install/visual:/home/jezzy/husky_ws/lintic/install/segnet:/home/jezzy/husky_ws/turtlebot3/install/turtlebot3_teleop:/home/jezzy/husky_ws/turtlebot3/install/turtlebot3_example:/home/jezzy/husky_ws/turtlebot3/install/segtect:/home/jezzy/husky_ws/turtlebot3/install/autonomous_exploration:/opt/ros/humble /usr/bin/cmake --build /home/jezzy/huskybot/build/velodyne_laserscan -- -j4 -l4
[87.842s] Invoking command in '/home/jezzy/huskybot/build/velodyne_laserscan': CMAKE_PREFIX_PATH=${CMAKE_PREFIX_PATH}:/home/jezzy/huskybot/install/huskybot_fusion:/home/jezzy/huskybot/install/huskybot_navigation:/home/jezzy/husky_ws/lintic/install/yolosed:/home/jezzy/husky_ws/lintic/install/visual:/home/jezzy/husky_ws/lintic/install/segnet:/home/jezzy/husky_ws/turtlebot3/install/turtlebot3_teleop:/home/jezzy/husky_ws/turtlebot3/install/turtlebot3_example:/home/jezzy/husky_ws/turtlebot3/install/segtect:/home/jezzy/husky_ws/turtlebot3/install/autonomous_exploration:/opt/ros/humble /usr/bin/cmake --install /home/jezzy/huskybot/build/velodyne_laserscan
[87.865s] -- Install configuration: ""
[87.867s] -- Installing: /home/jezzy/huskybot/install/velodyne_laserscan/lib/libvelodyne_laserscan.so
[87.890s] -- Set runtime path of "/home/jezzy/huskybot/install/velodyne_laserscan/lib/libvelodyne_laserscan.so" to ""
[87.891s] -- Installing: /home/jezzy/huskybot/install/velodyne_laserscan/lib/velodyne_laserscan/velodyne_laserscan_node
[87.893s] -- Set runtime path of "/home/jezzy/huskybot/install/velodyne_laserscan/lib/velodyne_laserscan/velodyne_laserscan_node" to ""
[87.895s] -- Installing: /home/jezzy/huskybot/install/velodyne_laserscan/include/velodyne_laserscan
[87.896s] -- Installing: /home/jezzy/huskybot/install/velodyne_laserscan/include/velodyne_laserscan/velodyne_laserscan.hpp
[87.897s] -- Installing: /home/jezzy/huskybot/install/velodyne_laserscan/share/velodyne_laserscan/config
[87.899s] -- Installing: /home/jezzy/huskybot/install/velodyne_laserscan/share/velodyne_laserscan/config/default-velodyne_laserscan_node-params.yaml
[87.900s] -- Installing: /home/jezzy/huskybot/install/velodyne_laserscan/share/velodyne_laserscan/launch
[87.901s] -- Installing: /home/jezzy/huskybot/install/velodyne_laserscan/share/velodyne_laserscan/launch/velodyne_laserscan_node-composed-launch.py
[87.902s] -- Installing: /home/jezzy/huskybot/install/velodyne_laserscan/share/velodyne_laserscan/launch/velodyne_laserscan_node-launch.py
[87.904s] -- Installing: /home/jezzy/huskybot/install/velodyne_laserscan/share/ament_index/resource_index/package_run_dependencies/velodyne_laserscan
[87.911s] -- Installing: /home/jezzy/huskybot/install/velodyne_laserscan/share/ament_index/resource_index/parent_prefix_path/velodyne_laserscan
[87.912s] -- Installing: /home/jezzy/huskybot/install/velodyne_laserscan/share/velodyne_laserscan/environment/ament_prefix_path.sh
[87.913s] -- Installing: /home/jezzy/huskybot/install/velodyne_laserscan/share/velodyne_laserscan/environment/ament_prefix_path.dsv
[87.915s] -- Installing: /home/jezzy/huskybot/install/velodyne_laserscan/share/velodyne_laserscan/environment/path.sh
[87.916s] -- Installing: /home/jezzy/huskybot/install/velodyne_laserscan/share/velodyne_laserscan/environment/path.dsv
[87.917s] -- Installing: /home/jezzy/huskybot/install/velodyne_laserscan/share/velodyne_laserscan/local_setup.bash
[87.918s] -- Installing: /home/jezzy/huskybot/install/velodyne_laserscan/share/velodyne_laserscan/local_setup.sh
[87.919s] -- Installing: /home/jezzy/huskybot/install/velodyne_laserscan/share/velodyne_laserscan/local_setup.zsh
[87.920s] -- Installing: /home/jezzy/huskybot/install/velodyne_laserscan/share/velodyne_laserscan/local_setup.dsv
[87.920s] -- Installing: /home/jezzy/huskybot/install/velodyne_laserscan/share/velodyne_laserscan/package.dsv
[87.922s] -- Installing: /home/jezzy/huskybot/install/velodyne_laserscan/share/ament_index/resource_index/packages/velodyne_laserscan
[87.923s] -- Installing: /home/jezzy/huskybot/install/velodyne_laserscan/share/ament_index/resource_index/rclcpp_components/velodyne_laserscan
[87.924s] -- Installing: /home/jezzy/huskybot/install/velodyne_laserscan/share/velodyne_laserscan/cmake/velodyne_laserscanExport.cmake
[87.925s] -- Installing: /home/jezzy/huskybot/install/velodyne_laserscan/share/velodyne_laserscan/cmake/velodyne_laserscanExport-noconfig.cmake
[87.926s] -- Installing: /home/jezzy/huskybot/install/velodyne_laserscan/share/velodyne_laserscan/cmake/ament_cmake_export_include_directories-extras.cmake
[87.927s] -- Installing: /home/jezzy/huskybot/install/velodyne_laserscan/share/velodyne_laserscan/cmake/ament_cmake_export_targets-extras.cmake
[87.928s] -- Installing: /home/jezzy/huskybot/install/velodyne_laserscan/share/velodyne_laserscan/cmake/ament_cmake_export_dependencies-extras.cmake
[87.929s] -- Installing: /home/jezzy/huskybot/install/velodyne_laserscan/share/velodyne_laserscan/cmake/velodyne_laserscanConfig.cmake
[87.930s] -- Installing: /home/jezzy/huskybot/install/velodyne_laserscan/share/velodyne_laserscan/cmake/velodyne_laserscanConfig-version.cmake
[87.931s] -- Installing: /home/jezzy/huskybot/install/velodyne_laserscan/share/velodyne_laserscan/package.xml
[87.938s] Invoked command in '/home/jezzy/huskybot/build/velodyne_laserscan' returned '0': CMAKE_PREFIX_PATH=${CMAKE_PREFIX_PATH}:/home/jezzy/huskybot/install/huskybot_fusion:/home/jezzy/huskybot/install/huskybot_navigation:/home/jezzy/husky_ws/lintic/install/yolosed:/home/jezzy/husky_ws/lintic/install/visual:/home/jezzy/husky_ws/lintic/install/segnet:/home/jezzy/husky_ws/turtlebot3/install/turtlebot3_teleop:/home/jezzy/husky_ws/turtlebot3/install/turtlebot3_example:/home/jezzy/husky_ws/turtlebot3/install/segtect:/home/jezzy/husky_ws/turtlebot3/install/autonomous_exploration:/opt/ros/humble /usr/bin/cmake --install /home/jezzy/huskybot/build/velodyne_laserscan
