[1.561s] Invoking command in '/home/jezzy/yolobot/build/velodyne_pointcloud': CMAKE_PREFIX_PATH=/home/jezzy/yolobot/install/velodyne_msgs:/home/jezzy/yolobot/install/yolobot_mapping:/home/jezzy/yolobot/install/velodyne:/home/jezzy/yolobot/install/velodyne_pointcloud:/home/jezzy/yolobot/install/velodyne_driver:/home/jezzy/yolobot/install/velodyne_laserscan:/home/jezzy/yolobot/install/yolobot_recognition:/home/jezzy/yolobot/install/yolov8_msgs:/home/jezzy/yolobot/install/yolobot_gazebo:/home/jezzy/yolobot/install/yolobot_description:/home/jezzy/yolobot/install/yolobot_control:/home/jezzy/yolobot/install/husky_custom_description:/home/jezzy/husky_ws/turtlebot3/install/turtlebot3:/home/jezzy/husky_ws/turtlebot3/install/turtlebot3_simulations:/home/jezzy/husky_ws/turtlebot3/install/turtlebot3_bringup:/home/jezzy/husky_ws/turtlebot3/install/turtlebot3_node:/home/jezzy/husky_ws/turtlebot3/install/turtlebot3_navigation2:/home/jezzy/husky_ws/turtlebot3/install/turtlebot3_fake_node:/home/jezzy/husky_ws/turtlebot3/install/turtlebot3_msgs:/home/jezzy/husky_ws/turtlebot3/install/turtlebot3_gazebo:/home/jezzy/husky_ws/turtlebot3/install/turtlebot3_description:/home/jezzy/husky_ws/turtlebot3/install/turtlebot3_cartographer:/home/jezzy/husky_ws/turtlebot3/install/dynamixel_sdk_examples:/home/jezzy/husky_ws/turtlebot3/install/dynamixel_sdk_custom_interfaces:/home/jezzy/husky_ws/turtlebot3/install/dynamixel_sdk:/home/jezzy/yolobot/install/yolobot_fusion:/home/jezzy/yolobot/install/yolobot_navigation:/home/jezzy/husky_ws/lintic/install/yolosed:/home/jezzy/husky_ws/lintic/install/visual:/home/jezzy/husky_ws/lintic/install/segnet:/home/jezzy/husky_ws/turtlebot3/install/turtlebot3_teleop:/home/jezzy/husky_ws/turtlebot3/install/turtlebot3_example:/home/jezzy/husky_ws/turtlebot3/install/segtect:/home/jezzy/husky_ws/turtlebot3/install/autonomous_exploration:/opt/ros/humble LD_LIBRARY_PATH=/home/jezzy/yolobot/install/velodyne_msgs/lib:/home/jezzy/yolobot/install/velodyne_pointcloud/lib:/home/jezzy/yolobot/install/velodyne_driver/lib:/home/jezzy/yolobot/install/velodyne_laserscan/lib:/home/jezzy/yolobot/install/yolov8_msgs/lib:/home/jezzy/husky_ws/turtlebot3/install/turtlebot3_msgs/lib:/home/jezzy/husky_ws/turtlebot3/install/dynamixel_sdk_custom_interfaces/lib:/home/jezzy/husky_ws/turtlebot3/install/dynamixel_sdk/lib:/usr/lib/x86_64-linux-gnu/gazebo-11/plugins:/opt/ros/humble/opt/rviz_ogre_vendor/lib:/opt/ros/humble/lib/x86_64-linux-gnu:/opt/ros/humble/lib:/usr/share/gazebo/../../lib/x86_64-linux-gnu/gazebo-11/plugins:/usr/share/gazebo/../../lib/x86_64-linux-gnu/gazebo-11/plugins:/usr/share/gazebo/../../lib/x86_64-linux-gnu/gazebo-11/plugins:/opt/ros/humble/lib:/usr/share/gazebo/../../lib/x86_64-linux-gnu/gazebo-11/plugins:/usr/share/gazebo/../../lib/x86_64-linux-gnu/gazebo-11/plugins:/usr/share/gazebo/../../lib/x86_64-linux-gnu/gazebo-11/plugins:/opt/ros/humble/lib:/opt/ros/humble/lib /usr/bin/cmake /home/jezzy/yolobot/src/velodyne/velodyne_pointcloud -DCMAKE_INSTALL_PREFIX=/home/jezzy/yolobot/install/velodyne_pointcloud
[2.786s] -- The C compiler identification is GNU 11.4.0
[5.890s] -- The CXX compiler identification is GNU 11.4.0
[7.537s] -- Detecting C compiler ABI info
[8.251s] -- Detecting C compiler ABI info - done
[8.290s] -- Check for working C compiler: /usr/bin/cc - skipped
[8.290s] -- Detecting C compile features
[8.292s] -- Detecting C compile features - done
[8.306s] -- Detecting CXX compiler ABI info
[8.959s] -- Detecting CXX compiler ABI info - done
[9.031s] -- Check for working CXX compiler: /usr/bin/c++ - skipped
[9.037s] -- Detecting CXX compile features
[9.039s] -- Detecting CXX compile features - done
[9.062s] -- Found ament_cmake: 1.3.11 (/opt/ros/humble/share/ament_cmake/cmake)
[10.044s] -- Found Python3: /usr/bin/python3 (found version "3.10.12") found components: Interpreter 
[10.656s] -- Found angles: 1.15.0 (/opt/ros/humble/share/angles/cmake)
[10.681s] -- Found diagnostic_updater: 4.0.2 (/opt/ros/humble/share/diagnostic_updater/cmake)
[12.252s] -- Found rosidl_generator_c: 3.1.6 (/opt/ros/humble/share/rosidl_generator_c/cmake)
[12.328s] -- Found rosidl_adapter: 3.1.6 (/opt/ros/humble/share/rosidl_adapter/cmake)
[12.416s] -- Found rosidl_generator_cpp: 3.1.6 (/opt/ros/humble/share/rosidl_generator_cpp/cmake)
[12.576s] -- Using all available rosidl_typesupport_c: rosidl_typesupport_fastrtps_c;rosidl_typesupport_introspection_c
[12.753s] -- Using all available rosidl_typesupport_cpp: rosidl_typesupport_fastrtps_cpp;rosidl_typesupport_introspection_cpp
[13.517s] -- Found rmw_implementation_cmake: 6.1.2 (/opt/ros/humble/share/rmw_implementation_cmake/cmake)
[13.551s] -- Found rmw_fastrtps_cpp: 6.2.7 (/opt/ros/humble/share/rmw_fastrtps_cpp/cmake)
[16.833s] -- Found OpenSSL: /usr/lib/x86_64-linux-gnu/libcrypto.so (found version "3.0.2")  
[19.415s] -- Found FastRTPS: /opt/ros/humble/include  
[28.444s] -- Using RMW implementation 'rmw_fastrtps_cpp' as default
[28.559s] -- Looking for pthread.h
[29.136s] -- Looking for pthread.h - found
[29.136s] -- Performing Test CMAKE_HAVE_LIBC_PTHREAD
[30.559s] -- Performing Test CMAKE_HAVE_LIBC_PTHREAD - Success
[30.562s] -- Found Threads: TRUE  
[31.356s] -- Found geometry_msgs: 4.8.0 (/opt/ros/humble/share/geometry_msgs/cmake)
[31.600s] -- Found message_filters: 4.3.6 (/opt/ros/humble/share/message_filters/cmake)
[31.797s] -- Checking for module 'eigen3'
[31.961s] --   Found eigen3, version 3.4.0
[32.253s] -- Found Eigen: /usr/include/eigen3 (Required is at least version "3.1") 
[32.254s] -- Eigen found (include: /usr/include/eigen3, version: 3.4.0)
[32.674s] -- Found Boost: /usr/lib/x86_64-linux-gnu/cmake/Boost-1.74.0/BoostConfig.cmake (found suitable version "1.74.0", minimum required is "1.65.0") found components: system filesystem date_time iostreams serialization 
[32.692s] -- looking for PCL_COMMON
[32.707s] -- Found PCL_COMMON: /usr/lib/x86_64-linux-gnu/libpcl_common.so  
[32.709s] -- Found PCL: pcl_common;Boost::system;Boost::filesystem;Boost::date_time;Boost::iostreams;Boost::serialization  
[32.756s] -- Found rclcpp_components: 16.0.12 (/opt/ros/humble/share/rclcpp_components/cmake)
[33.243s] -- Found sensor_msgs: 4.8.0 (/opt/ros/humble/share/sensor_msgs/cmake)
[33.506s] -- Found tf2: 0.25.12 (/opt/ros/humble/share/tf2/cmake)
[33.572s] -- Found tf2_ros: 0.25.12 (/opt/ros/humble/share/tf2_ros/cmake)
[34.291s] -- Found velodyne_msgs: 2.5.1 (/home/jezzy/yolobot/install/velodyne_msgs/share/velodyne_msgs/cmake)
[34.544s] -- Found ament_lint_auto: 0.12.12 (/opt/ros/humble/share/ament_lint_auto/cmake)
[35.876s] -- Found gtest sources under '/opt/ros/humble/src/gtest_vendor': C++ tests using 'Google Test' will be built
[36.021s] -- Added test 'copyright' to check source files copyright and LICENSE
[36.055s] -- Added test 'cppcheck' to perform static code analysis on C / C++ code
[36.056s] -- Configured cppcheck include dirs: $<BUILD_INTERFACE:/home/jezzy/yolobot/src/velodyne/velodyne_pointcloud/include>
[36.057s] -- Configured cppcheck exclude dirs and/or files: 
[36.088s] -- Added test 'cpplint' to check C / C++ code against the Google style
[36.089s] -- Configured cpplint exclude dirs and/or files: 
[36.104s] -- Added test 'flake8' to check Python code syntax and style conventions
[36.122s] -- Added test 'lint_cmake' to check CMake code style
[36.137s] -- Added test 'pep257' to check Python code against some of the docstring style conventions in PEP 257
[36.170s] -- Added test 'uncrustify' to check C / C++ code style
[36.171s] -- Configured uncrustify additional arguments: 
[36.249s] -- Configuring done
[36.946s] -- Generating done
[37.138s] -- Build files have been written to: /home/jezzy/yolobot/build/velodyne_pointcloud
[37.227s] Invoked command in '/home/jezzy/yolobot/build/velodyne_pointcloud' returned '0': CMAKE_PREFIX_PATH=/home/jezzy/yolobot/install/velodyne_msgs:/home/jezzy/yolobot/install/yolobot_mapping:/home/jezzy/yolobot/install/velodyne:/home/jezzy/yolobot/install/velodyne_pointcloud:/home/jezzy/yolobot/install/velodyne_driver:/home/jezzy/yolobot/install/velodyne_laserscan:/home/jezzy/yolobot/install/yolobot_recognition:/home/jezzy/yolobot/install/yolov8_msgs:/home/jezzy/yolobot/install/yolobot_gazebo:/home/jezzy/yolobot/install/yolobot_description:/home/jezzy/yolobot/install/yolobot_control:/home/jezzy/yolobot/install/husky_custom_description:/home/jezzy/husky_ws/turtlebot3/install/turtlebot3:/home/jezzy/husky_ws/turtlebot3/install/turtlebot3_simulations:/home/jezzy/husky_ws/turtlebot3/install/turtlebot3_bringup:/home/jezzy/husky_ws/turtlebot3/install/turtlebot3_node:/home/jezzy/husky_ws/turtlebot3/install/turtlebot3_navigation2:/home/jezzy/husky_ws/turtlebot3/install/turtlebot3_fake_node:/home/jezzy/husky_ws/turtlebot3/install/turtlebot3_msgs:/home/jezzy/husky_ws/turtlebot3/install/turtlebot3_gazebo:/home/jezzy/husky_ws/turtlebot3/install/turtlebot3_description:/home/jezzy/husky_ws/turtlebot3/install/turtlebot3_cartographer:/home/jezzy/husky_ws/turtlebot3/install/dynamixel_sdk_examples:/home/jezzy/husky_ws/turtlebot3/install/dynamixel_sdk_custom_interfaces:/home/jezzy/husky_ws/turtlebot3/install/dynamixel_sdk:/home/jezzy/yolobot/install/yolobot_fusion:/home/jezzy/yolobot/install/yolobot_navigation:/home/jezzy/husky_ws/lintic/install/yolosed:/home/jezzy/husky_ws/lintic/install/visual:/home/jezzy/husky_ws/lintic/install/segnet:/home/jezzy/husky_ws/turtlebot3/install/turtlebot3_teleop:/home/jezzy/husky_ws/turtlebot3/install/turtlebot3_example:/home/jezzy/husky_ws/turtlebot3/install/segtect:/home/jezzy/husky_ws/turtlebot3/install/autonomous_exploration:/opt/ros/humble LD_LIBRARY_PATH=/home/jezzy/yolobot/install/velodyne_msgs/lib:/home/jezzy/yolobot/install/velodyne_pointcloud/lib:/home/jezzy/yolobot/install/velodyne_driver/lib:/home/jezzy/yolobot/install/velodyne_laserscan/lib:/home/jezzy/yolobot/install/yolov8_msgs/lib:/home/jezzy/husky_ws/turtlebot3/install/turtlebot3_msgs/lib:/home/jezzy/husky_ws/turtlebot3/install/dynamixel_sdk_custom_interfaces/lib:/home/jezzy/husky_ws/turtlebot3/install/dynamixel_sdk/lib:/usr/lib/x86_64-linux-gnu/gazebo-11/plugins:/opt/ros/humble/opt/rviz_ogre_vendor/lib:/opt/ros/humble/lib/x86_64-linux-gnu:/opt/ros/humble/lib:/usr/share/gazebo/../../lib/x86_64-linux-gnu/gazebo-11/plugins:/usr/share/gazebo/../../lib/x86_64-linux-gnu/gazebo-11/plugins:/usr/share/gazebo/../../lib/x86_64-linux-gnu/gazebo-11/plugins:/opt/ros/humble/lib:/usr/share/gazebo/../../lib/x86_64-linux-gnu/gazebo-11/plugins:/usr/share/gazebo/../../lib/x86_64-linux-gnu/gazebo-11/plugins:/usr/share/gazebo/../../lib/x86_64-linux-gnu/gazebo-11/plugins:/opt/ros/humble/lib:/opt/ros/humble/lib /usr/bin/cmake /home/jezzy/yolobot/src/velodyne/velodyne_pointcloud -DCMAKE_INSTALL_PREFIX=/home/jezzy/yolobot/install/velodyne_pointcloud
[37.229s] Invoking command in '/home/jezzy/yolobot/build/velodyne_pointcloud': CMAKE_PREFIX_PATH=/home/jezzy/yolobot/install/velodyne_msgs:/home/jezzy/yolobot/install/yolobot_mapping:/home/jezzy/yolobot/install/velodyne:/home/jezzy/yolobot/install/velodyne_pointcloud:/home/jezzy/yolobot/install/velodyne_driver:/home/jezzy/yolobot/install/velodyne_laserscan:/home/jezzy/yolobot/install/yolobot_recognition:/home/jezzy/yolobot/install/yolov8_msgs:/home/jezzy/yolobot/install/yolobot_gazebo:/home/jezzy/yolobot/install/yolobot_description:/home/jezzy/yolobot/install/yolobot_control:/home/jezzy/yolobot/install/husky_custom_description:/home/jezzy/husky_ws/turtlebot3/install/turtlebot3:/home/jezzy/husky_ws/turtlebot3/install/turtlebot3_simulations:/home/jezzy/husky_ws/turtlebot3/install/turtlebot3_bringup:/home/jezzy/husky_ws/turtlebot3/install/turtlebot3_node:/home/jezzy/husky_ws/turtlebot3/install/turtlebot3_navigation2:/home/jezzy/husky_ws/turtlebot3/install/turtlebot3_fake_node:/home/jezzy/husky_ws/turtlebot3/install/turtlebot3_msgs:/home/jezzy/husky_ws/turtlebot3/install/turtlebot3_gazebo:/home/jezzy/husky_ws/turtlebot3/install/turtlebot3_description:/home/jezzy/husky_ws/turtlebot3/install/turtlebot3_cartographer:/home/jezzy/husky_ws/turtlebot3/install/dynamixel_sdk_examples:/home/jezzy/husky_ws/turtlebot3/install/dynamixel_sdk_custom_interfaces:/home/jezzy/husky_ws/turtlebot3/install/dynamixel_sdk:/home/jezzy/yolobot/install/yolobot_fusion:/home/jezzy/yolobot/install/yolobot_navigation:/home/jezzy/husky_ws/lintic/install/yolosed:/home/jezzy/husky_ws/lintic/install/visual:/home/jezzy/husky_ws/lintic/install/segnet:/home/jezzy/husky_ws/turtlebot3/install/turtlebot3_teleop:/home/jezzy/husky_ws/turtlebot3/install/turtlebot3_example:/home/jezzy/husky_ws/turtlebot3/install/segtect:/home/jezzy/husky_ws/turtlebot3/install/autonomous_exploration:/opt/ros/humble LD_LIBRARY_PATH=/home/jezzy/yolobot/install/velodyne_msgs/lib:/home/jezzy/yolobot/install/velodyne_pointcloud/lib:/home/jezzy/yolobot/install/velodyne_driver/lib:/home/jezzy/yolobot/install/velodyne_laserscan/lib:/home/jezzy/yolobot/install/yolov8_msgs/lib:/home/jezzy/husky_ws/turtlebot3/install/turtlebot3_msgs/lib:/home/jezzy/husky_ws/turtlebot3/install/dynamixel_sdk_custom_interfaces/lib:/home/jezzy/husky_ws/turtlebot3/install/dynamixel_sdk/lib:/usr/lib/x86_64-linux-gnu/gazebo-11/plugins:/opt/ros/humble/opt/rviz_ogre_vendor/lib:/opt/ros/humble/lib/x86_64-linux-gnu:/opt/ros/humble/lib:/usr/share/gazebo/../../lib/x86_64-linux-gnu/gazebo-11/plugins:/usr/share/gazebo/../../lib/x86_64-linux-gnu/gazebo-11/plugins:/usr/share/gazebo/../../lib/x86_64-linux-gnu/gazebo-11/plugins:/opt/ros/humble/lib:/usr/share/gazebo/../../lib/x86_64-linux-gnu/gazebo-11/plugins:/usr/share/gazebo/../../lib/x86_64-linux-gnu/gazebo-11/plugins:/usr/share/gazebo/../../lib/x86_64-linux-gnu/gazebo-11/plugins:/opt/ros/humble/lib:/opt/ros/humble/lib /usr/bin/cmake --build /home/jezzy/yolobot/build/velodyne_pointcloud -- -j4 -l4
[37.542s] [  5%] [32mBuilding CXX object CMakeFiles/velodyne_rawdata.dir/src/lib/rawdata.cpp.o[0m
[57.777s] [ 11%] [32mBuilding CXX object CMakeFiles/velodyne_rawdata.dir/src/lib/calibration.cpp.o[0m
[67.389s] [ 16%] [32m[1mLinking CXX shared library libvelodyne_rawdata.so[0m
[68.112s] [ 16%] Built target velodyne_rawdata
[68.164s] [ 22%] [32mBuilding CXX object gtest/CMakeFiles/gtest.dir/src/gtest-all.cc.o[0m
[68.172s] [ 27%] [32mBuilding CXX object gtest/CMakeFiles/gtest_main.dir/src/gtest_main.cc.o[0m
[70.364s] [ 33%] [32m[1mLinking CXX static library libgtest_main.a[0m
[70.507s] [ 33%] Built target gtest_main
[70.563s] [ 44%] [32mBuilding CXX object CMakeFiles/velodyne_cloud_types.dir/src/lib/organized_cloudXYZIRT.cpp.o[0m
[70.564s] [ 44%] [32mBuilding CXX object CMakeFiles/velodyne_cloud_types.dir/src/lib/pointcloudXYZIRT.cpp.o[0m
[81.010s] [ 50%] [32m[1mLinking CXX static library libgtest.a[0m
[81.227s] [ 50%] Built target gtest
[81.351s] [ 55%] [32mBuilding CXX object tests/CMakeFiles/test_row_step.dir/test_row_step.cpp.o[0m
[91.225s] [ 61%] [32m[1mLinking CXX shared library libvelodyne_cloud_types.so[0m
[91.916s] [ 61%] Built target velodyne_cloud_types
[91.963s] [ 66%] [32mBuilding CXX object tests/CMakeFiles/test_calibration.dir/test_calibration.cpp.o[0m
[96.310s] [ 72%] [32m[1mLinking CXX executable test_calibration[0m
[97.283s] [ 72%] Built target test_calibration
[97.359s] [ 77%] [32mBuilding CXX object CMakeFiles/transform.dir/src/conversions/transform.cpp.o[0m
[103.389s] [ 83%] [32m[1mLinking CXX executable test_row_step[0m
[104.712s] [ 83%] Built target test_row_step
[129.764s] [ 88%] [32m[1mLinking CXX shared library libtransform.so[0m
[131.142s] [ 88%] Built target transform
[131.176s] [ 94%] [32mBuilding CXX object CMakeFiles/velodyne_transform_node.dir/src/conversions/transform_node.cpp.o[0m
[143.643s] [100%] [32m[1mLinking CXX executable velodyne_transform_node[0m
[144.521s] [100%] Built target velodyne_transform_node
[144.543s] Invoked command in '/home/jezzy/yolobot/build/velodyne_pointcloud' returned '0': CMAKE_PREFIX_PATH=/home/jezzy/yolobot/install/velodyne_msgs:/home/jezzy/yolobot/install/yolobot_mapping:/home/jezzy/yolobot/install/velodyne:/home/jezzy/yolobot/install/velodyne_pointcloud:/home/jezzy/yolobot/install/velodyne_driver:/home/jezzy/yolobot/install/velodyne_laserscan:/home/jezzy/yolobot/install/yolobot_recognition:/home/jezzy/yolobot/install/yolov8_msgs:/home/jezzy/yolobot/install/yolobot_gazebo:/home/jezzy/yolobot/install/yolobot_description:/home/jezzy/yolobot/install/yolobot_control:/home/jezzy/yolobot/install/husky_custom_description:/home/jezzy/husky_ws/turtlebot3/install/turtlebot3:/home/jezzy/husky_ws/turtlebot3/install/turtlebot3_simulations:/home/jezzy/husky_ws/turtlebot3/install/turtlebot3_bringup:/home/jezzy/husky_ws/turtlebot3/install/turtlebot3_node:/home/jezzy/husky_ws/turtlebot3/install/turtlebot3_navigation2:/home/jezzy/husky_ws/turtlebot3/install/turtlebot3_fake_node:/home/jezzy/husky_ws/turtlebot3/install/turtlebot3_msgs:/home/jezzy/husky_ws/turtlebot3/install/turtlebot3_gazebo:/home/jezzy/husky_ws/turtlebot3/install/turtlebot3_description:/home/jezzy/husky_ws/turtlebot3/install/turtlebot3_cartographer:/home/jezzy/husky_ws/turtlebot3/install/dynamixel_sdk_examples:/home/jezzy/husky_ws/turtlebot3/install/dynamixel_sdk_custom_interfaces:/home/jezzy/husky_ws/turtlebot3/install/dynamixel_sdk:/home/jezzy/yolobot/install/yolobot_fusion:/home/jezzy/yolobot/install/yolobot_navigation:/home/jezzy/husky_ws/lintic/install/yolosed:/home/jezzy/husky_ws/lintic/install/visual:/home/jezzy/husky_ws/lintic/install/segnet:/home/jezzy/husky_ws/turtlebot3/install/turtlebot3_teleop:/home/jezzy/husky_ws/turtlebot3/install/turtlebot3_example:/home/jezzy/husky_ws/turtlebot3/install/segtect:/home/jezzy/husky_ws/turtlebot3/install/autonomous_exploration:/opt/ros/humble LD_LIBRARY_PATH=/home/jezzy/yolobot/install/velodyne_msgs/lib:/home/jezzy/yolobot/install/velodyne_pointcloud/lib:/home/jezzy/yolobot/install/velodyne_driver/lib:/home/jezzy/yolobot/install/velodyne_laserscan/lib:/home/jezzy/yolobot/install/yolov8_msgs/lib:/home/jezzy/husky_ws/turtlebot3/install/turtlebot3_msgs/lib:/home/jezzy/husky_ws/turtlebot3/install/dynamixel_sdk_custom_interfaces/lib:/home/jezzy/husky_ws/turtlebot3/install/dynamixel_sdk/lib:/usr/lib/x86_64-linux-gnu/gazebo-11/plugins:/opt/ros/humble/opt/rviz_ogre_vendor/lib:/opt/ros/humble/lib/x86_64-linux-gnu:/opt/ros/humble/lib:/usr/share/gazebo/../../lib/x86_64-linux-gnu/gazebo-11/plugins:/usr/share/gazebo/../../lib/x86_64-linux-gnu/gazebo-11/plugins:/usr/share/gazebo/../../lib/x86_64-linux-gnu/gazebo-11/plugins:/opt/ros/humble/lib:/usr/share/gazebo/../../lib/x86_64-linux-gnu/gazebo-11/plugins:/usr/share/gazebo/../../lib/x86_64-linux-gnu/gazebo-11/plugins:/usr/share/gazebo/../../lib/x86_64-linux-gnu/gazebo-11/plugins:/opt/ros/humble/lib:/opt/ros/humble/lib /usr/bin/cmake --build /home/jezzy/yolobot/build/velodyne_pointcloud -- -j4 -l4
[144.548s] Invoking command in '/home/jezzy/yolobot/build/velodyne_pointcloud': CMAKE_PREFIX_PATH=/home/jezzy/yolobot/install/velodyne_msgs:/home/jezzy/yolobot/install/yolobot_mapping:/home/jezzy/yolobot/install/velodyne:/home/jezzy/yolobot/install/velodyne_pointcloud:/home/jezzy/yolobot/install/velodyne_driver:/home/jezzy/yolobot/install/velodyne_laserscan:/home/jezzy/yolobot/install/yolobot_recognition:/home/jezzy/yolobot/install/yolov8_msgs:/home/jezzy/yolobot/install/yolobot_gazebo:/home/jezzy/yolobot/install/yolobot_description:/home/jezzy/yolobot/install/yolobot_control:/home/jezzy/yolobot/install/husky_custom_description:/home/jezzy/husky_ws/turtlebot3/install/turtlebot3:/home/jezzy/husky_ws/turtlebot3/install/turtlebot3_simulations:/home/jezzy/husky_ws/turtlebot3/install/turtlebot3_bringup:/home/jezzy/husky_ws/turtlebot3/install/turtlebot3_node:/home/jezzy/husky_ws/turtlebot3/install/turtlebot3_navigation2:/home/jezzy/husky_ws/turtlebot3/install/turtlebot3_fake_node:/home/jezzy/husky_ws/turtlebot3/install/turtlebot3_msgs:/home/jezzy/husky_ws/turtlebot3/install/turtlebot3_gazebo:/home/jezzy/husky_ws/turtlebot3/install/turtlebot3_description:/home/jezzy/husky_ws/turtlebot3/install/turtlebot3_cartographer:/home/jezzy/husky_ws/turtlebot3/install/dynamixel_sdk_examples:/home/jezzy/husky_ws/turtlebot3/install/dynamixel_sdk_custom_interfaces:/home/jezzy/husky_ws/turtlebot3/install/dynamixel_sdk:/home/jezzy/yolobot/install/yolobot_fusion:/home/jezzy/yolobot/install/yolobot_navigation:/home/jezzy/husky_ws/lintic/install/yolosed:/home/jezzy/husky_ws/lintic/install/visual:/home/jezzy/husky_ws/lintic/install/segnet:/home/jezzy/husky_ws/turtlebot3/install/turtlebot3_teleop:/home/jezzy/husky_ws/turtlebot3/install/turtlebot3_example:/home/jezzy/husky_ws/turtlebot3/install/segtect:/home/jezzy/husky_ws/turtlebot3/install/autonomous_exploration:/opt/ros/humble LD_LIBRARY_PATH=/home/jezzy/yolobot/install/velodyne_msgs/lib:/home/jezzy/yolobot/install/velodyne_pointcloud/lib:/home/jezzy/yolobot/install/velodyne_driver/lib:/home/jezzy/yolobot/install/velodyne_laserscan/lib:/home/jezzy/yolobot/install/yolov8_msgs/lib:/home/jezzy/husky_ws/turtlebot3/install/turtlebot3_msgs/lib:/home/jezzy/husky_ws/turtlebot3/install/dynamixel_sdk_custom_interfaces/lib:/home/jezzy/husky_ws/turtlebot3/install/dynamixel_sdk/lib:/usr/lib/x86_64-linux-gnu/gazebo-11/plugins:/opt/ros/humble/opt/rviz_ogre_vendor/lib:/opt/ros/humble/lib/x86_64-linux-gnu:/opt/ros/humble/lib:/usr/share/gazebo/../../lib/x86_64-linux-gnu/gazebo-11/plugins:/usr/share/gazebo/../../lib/x86_64-linux-gnu/gazebo-11/plugins:/usr/share/gazebo/../../lib/x86_64-linux-gnu/gazebo-11/plugins:/opt/ros/humble/lib:/usr/share/gazebo/../../lib/x86_64-linux-gnu/gazebo-11/plugins:/usr/share/gazebo/../../lib/x86_64-linux-gnu/gazebo-11/plugins:/usr/share/gazebo/../../lib/x86_64-linux-gnu/gazebo-11/plugins:/opt/ros/humble/lib:/opt/ros/humble/lib /usr/bin/cmake --install /home/jezzy/yolobot/build/velodyne_pointcloud
[144.563s] -- Install configuration: ""
[144.564s] -- Installing: /home/jezzy/yolobot/install/velodyne_pointcloud/lib/libvelodyne_cloud_types.so
[144.566s] -- Set runtime path of "/home/jezzy/yolobot/install/velodyne_pointcloud/lib/libvelodyne_cloud_types.so" to ""
[144.567s] -- Installing: /home/jezzy/yolobot/install/velodyne_pointcloud/lib/libvelodyne_rawdata.so
[144.569s] -- Set runtime path of "/home/jezzy/yolobot/install/velodyne_pointcloud/lib/libvelodyne_rawdata.so" to ""
[144.569s] -- Installing: /home/jezzy/yolobot/install/velodyne_pointcloud/lib/libtransform.so
[144.585s] -- Set runtime path of "/home/jezzy/yolobot/install/velodyne_pointcloud/lib/libtransform.so" to ""
[144.586s] -- Installing: /home/jezzy/yolobot/install/velodyne_pointcloud/lib/velodyne_pointcloud/velodyne_transform_node
[144.588s] -- Set runtime path of "/home/jezzy/yolobot/install/velodyne_pointcloud/lib/velodyne_pointcloud/velodyne_transform_node" to ""
[144.588s] -- Installing: /home/jezzy/yolobot/install/velodyne_pointcloud/include/velodyne_pointcloud
[144.589s] -- Installing: /home/jezzy/yolobot/install/velodyne_pointcloud/include/velodyne_pointcloud/datacontainerbase.hpp
[144.589s] -- Installing: /home/jezzy/yolobot/install/velodyne_pointcloud/include/velodyne_pointcloud/rawdata.hpp
[144.590s] -- Installing: /home/jezzy/yolobot/install/velodyne_pointcloud/include/velodyne_pointcloud/calibration.hpp
[144.590s] -- Installing: /home/jezzy/yolobot/install/velodyne_pointcloud/include/velodyne_pointcloud/organized_cloudXYZIRT.hpp
[144.590s] -- Installing: /home/jezzy/yolobot/install/velodyne_pointcloud/include/velodyne_pointcloud/transform.hpp
[144.591s] -- Installing: /home/jezzy/yolobot/install/velodyne_pointcloud/include/velodyne_pointcloud/pointcloudXYZIRT.hpp
[144.591s] -- Installing: /home/jezzy/yolobot/install/velodyne_pointcloud/share/velodyne_pointcloud/config
[144.591s] -- Installing: /home/jezzy/yolobot/install/velodyne_pointcloud/share/velodyne_pointcloud/config/VLS128-velodyne_transform_node-params.yaml
[144.592s] -- Installing: /home/jezzy/yolobot/install/velodyne_pointcloud/share/velodyne_pointcloud/config/VLP32C-velodyne_transform_node-params.yaml
[144.592s] -- Installing: /home/jezzy/yolobot/install/velodyne_pointcloud/share/velodyne_pointcloud/config/VLP16-velodyne_transform_node-params.yaml
[144.593s] -- Installing: /home/jezzy/yolobot/install/velodyne_pointcloud/share/velodyne_pointcloud/launch
[144.594s] -- Installing: /home/jezzy/yolobot/install/velodyne_pointcloud/share/velodyne_pointcloud/launch/velodyne_transform_node-VLP32C-launch.py
[144.594s] -- Installing: /home/jezzy/yolobot/install/velodyne_pointcloud/share/velodyne_pointcloud/launch/velodyne_transform_node-VLP16-composed-launch.py
[144.594s] -- Installing: /home/jezzy/yolobot/install/velodyne_pointcloud/share/velodyne_pointcloud/launch/velodyne_transform_node-VLP32C-composed-launch.py
[144.595s] -- Installing: /home/jezzy/yolobot/install/velodyne_pointcloud/share/velodyne_pointcloud/launch/velodyne_transform_node-VLS128-composed-launch.py
[144.595s] -- Installing: /home/jezzy/yolobot/install/velodyne_pointcloud/share/velodyne_pointcloud/launch/velodyne_transform_node-VLS128-launch.py
[144.596s] -- Installing: /home/jezzy/yolobot/install/velodyne_pointcloud/share/velodyne_pointcloud/launch/velodyne_transform_node-VLP16-launch.py
[144.596s] -- Installing: /home/jezzy/yolobot/install/velodyne_pointcloud/share/velodyne_pointcloud/params
[144.597s] -- Installing: /home/jezzy/yolobot/install/velodyne_pointcloud/share/velodyne_pointcloud/params/64e_s2.1-sztaki.yaml
[144.597s] -- Installing: /home/jezzy/yolobot/install/velodyne_pointcloud/share/velodyne_pointcloud/params/64e_s3-xiesc.yaml
[144.597s] -- Installing: /home/jezzy/yolobot/install/velodyne_pointcloud/share/velodyne_pointcloud/params/VLP16db.yaml
[144.598s] -- Installing: /home/jezzy/yolobot/install/velodyne_pointcloud/share/velodyne_pointcloud/params/VLS128.yaml
[144.598s] -- Installing: /home/jezzy/yolobot/install/velodyne_pointcloud/share/velodyne_pointcloud/params/64e_utexas.yaml
[144.598s] -- Installing: /home/jezzy/yolobot/install/velodyne_pointcloud/share/velodyne_pointcloud/params/VeloView-VLP-32C.yaml
[144.599s] -- Installing: /home/jezzy/yolobot/install/velodyne_pointcloud/share/velodyne_pointcloud/params/VLP16_hires_db.yaml
[144.599s] -- Installing: /home/jezzy/yolobot/install/velodyne_pointcloud/share/velodyne_pointcloud/params/rviz_points.vcg
[144.599s] -- Installing: /home/jezzy/yolobot/install/velodyne_pointcloud/share/velodyne_pointcloud/params/issue_84_float_intensities.yaml
[144.599s] -- Installing: /home/jezzy/yolobot/install/velodyne_pointcloud/share/velodyne_pointcloud/params/32db.yaml
[144.600s] -- Installing: /home/jezzy/yolobot/install/velodyne_pointcloud/share/velodyne_pointcloud/environment/library_path.sh
[144.600s] -- Installing: /home/jezzy/yolobot/install/velodyne_pointcloud/share/velodyne_pointcloud/environment/library_path.dsv
[144.600s] -- Installing: /home/jezzy/yolobot/install/velodyne_pointcloud/share/ament_index/resource_index/package_run_dependencies/velodyne_pointcloud
[144.601s] -- Installing: /home/jezzy/yolobot/install/velodyne_pointcloud/share/ament_index/resource_index/parent_prefix_path/velodyne_pointcloud
[144.601s] -- Installing: /home/jezzy/yolobot/install/velodyne_pointcloud/share/velodyne_pointcloud/environment/ament_prefix_path.sh
[144.602s] -- Installing: /home/jezzy/yolobot/install/velodyne_pointcloud/share/velodyne_pointcloud/environment/ament_prefix_path.dsv
[144.602s] -- Installing: /home/jezzy/yolobot/install/velodyne_pointcloud/share/velodyne_pointcloud/environment/path.sh
[144.603s] -- Installing: /home/jezzy/yolobot/install/velodyne_pointcloud/share/velodyne_pointcloud/environment/path.dsv
[144.603s] -- Installing: /home/jezzy/yolobot/install/velodyne_pointcloud/share/velodyne_pointcloud/local_setup.bash
[144.603s] -- Installing: /home/jezzy/yolobot/install/velodyne_pointcloud/share/velodyne_pointcloud/local_setup.sh
[144.603s] -- Installing: /home/jezzy/yolobot/install/velodyne_pointcloud/share/velodyne_pointcloud/local_setup.zsh
[144.604s] -- Installing: /home/jezzy/yolobot/install/velodyne_pointcloud/share/velodyne_pointcloud/local_setup.dsv
[144.604s] -- Installing: /home/jezzy/yolobot/install/velodyne_pointcloud/share/velodyne_pointcloud/package.dsv
[144.604s] -- Installing: /home/jezzy/yolobot/install/velodyne_pointcloud/share/ament_index/resource_index/packages/velodyne_pointcloud
[144.604s] -- Installing: /home/jezzy/yolobot/install/velodyne_pointcloud/share/ament_index/resource_index/rclcpp_components/velodyne_pointcloud
[144.605s] -- Installing: /home/jezzy/yolobot/install/velodyne_pointcloud/share/velodyne_pointcloud/cmake/velodyne_pointcloudExport.cmake
[144.605s] -- Installing: /home/jezzy/yolobot/install/velodyne_pointcloud/share/velodyne_pointcloud/cmake/velodyne_pointcloudExport-noconfig.cmake
[144.606s] -- Installing: /home/jezzy/yolobot/install/velodyne_pointcloud/share/velodyne_pointcloud/cmake/ament_cmake_export_include_directories-extras.cmake
[144.606s] -- Installing: /home/jezzy/yolobot/install/velodyne_pointcloud/share/velodyne_pointcloud/cmake/ament_cmake_export_dependencies-extras.cmake
[144.606s] -- Installing: /home/jezzy/yolobot/install/velodyne_pointcloud/share/velodyne_pointcloud/cmake/ament_cmake_export_libraries-extras.cmake
[144.607s] -- Installing: /home/jezzy/yolobot/install/velodyne_pointcloud/share/velodyne_pointcloud/cmake/ament_cmake_export_targets-extras.cmake
[144.607s] -- Installing: /home/jezzy/yolobot/install/velodyne_pointcloud/share/velodyne_pointcloud/cmake/velodyne_pointcloudConfig.cmake
[144.607s] -- Installing: /home/jezzy/yolobot/install/velodyne_pointcloud/share/velodyne_pointcloud/cmake/velodyne_pointcloudConfig-version.cmake
[144.608s] -- Installing: /home/jezzy/yolobot/install/velodyne_pointcloud/share/velodyne_pointcloud/package.xml
[144.612s] Invoked command in '/home/jezzy/yolobot/build/velodyne_pointcloud' returned '0': CMAKE_PREFIX_PATH=/home/jezzy/yolobot/install/velodyne_msgs:/home/jezzy/yolobot/install/yolobot_mapping:/home/jezzy/yolobot/install/velodyne:/home/jezzy/yolobot/install/velodyne_pointcloud:/home/jezzy/yolobot/install/velodyne_driver:/home/jezzy/yolobot/install/velodyne_laserscan:/home/jezzy/yolobot/install/yolobot_recognition:/home/jezzy/yolobot/install/yolov8_msgs:/home/jezzy/yolobot/install/yolobot_gazebo:/home/jezzy/yolobot/install/yolobot_description:/home/jezzy/yolobot/install/yolobot_control:/home/jezzy/yolobot/install/husky_custom_description:/home/jezzy/husky_ws/turtlebot3/install/turtlebot3:/home/jezzy/husky_ws/turtlebot3/install/turtlebot3_simulations:/home/jezzy/husky_ws/turtlebot3/install/turtlebot3_bringup:/home/jezzy/husky_ws/turtlebot3/install/turtlebot3_node:/home/jezzy/husky_ws/turtlebot3/install/turtlebot3_navigation2:/home/jezzy/husky_ws/turtlebot3/install/turtlebot3_fake_node:/home/jezzy/husky_ws/turtlebot3/install/turtlebot3_msgs:/home/jezzy/husky_ws/turtlebot3/install/turtlebot3_gazebo:/home/jezzy/husky_ws/turtlebot3/install/turtlebot3_description:/home/jezzy/husky_ws/turtlebot3/install/turtlebot3_cartographer:/home/jezzy/husky_ws/turtlebot3/install/dynamixel_sdk_examples:/home/jezzy/husky_ws/turtlebot3/install/dynamixel_sdk_custom_interfaces:/home/jezzy/husky_ws/turtlebot3/install/dynamixel_sdk:/home/jezzy/yolobot/install/yolobot_fusion:/home/jezzy/yolobot/install/yolobot_navigation:/home/jezzy/husky_ws/lintic/install/yolosed:/home/jezzy/husky_ws/lintic/install/visual:/home/jezzy/husky_ws/lintic/install/segnet:/home/jezzy/husky_ws/turtlebot3/install/turtlebot3_teleop:/home/jezzy/husky_ws/turtlebot3/install/turtlebot3_example:/home/jezzy/husky_ws/turtlebot3/install/segtect:/home/jezzy/husky_ws/turtlebot3/install/autonomous_exploration:/opt/ros/humble LD_LIBRARY_PATH=/home/jezzy/yolobot/install/velodyne_msgs/lib:/home/jezzy/yolobot/install/velodyne_pointcloud/lib:/home/jezzy/yolobot/install/velodyne_driver/lib:/home/jezzy/yolobot/install/velodyne_laserscan/lib:/home/jezzy/yolobot/install/yolov8_msgs/lib:/home/jezzy/husky_ws/turtlebot3/install/turtlebot3_msgs/lib:/home/jezzy/husky_ws/turtlebot3/install/dynamixel_sdk_custom_interfaces/lib:/home/jezzy/husky_ws/turtlebot3/install/dynamixel_sdk/lib:/usr/lib/x86_64-linux-gnu/gazebo-11/plugins:/opt/ros/humble/opt/rviz_ogre_vendor/lib:/opt/ros/humble/lib/x86_64-linux-gnu:/opt/ros/humble/lib:/usr/share/gazebo/../../lib/x86_64-linux-gnu/gazebo-11/plugins:/usr/share/gazebo/../../lib/x86_64-linux-gnu/gazebo-11/plugins:/usr/share/gazebo/../../lib/x86_64-linux-gnu/gazebo-11/plugins:/opt/ros/humble/lib:/usr/share/gazebo/../../lib/x86_64-linux-gnu/gazebo-11/plugins:/usr/share/gazebo/../../lib/x86_64-linux-gnu/gazebo-11/plugins:/usr/share/gazebo/../../lib/x86_64-linux-gnu/gazebo-11/plugins:/opt/ros/humble/lib:/opt/ros/humble/lib /usr/bin/cmake --install /home/jezzy/yolobot/build/velodyne_pointcloud
