[0.410s] Invoking command in '/home/jezzy/huskybot/build/velodyne_driver': CMAKE_PREFIX_PATH=/home/jezzy/huskybot/install/velodyne_msgs:/home/jezzy/huskybot/install/husky_description:/home/jezzy/huskybot/install/huskybot_recognition:/home/jezzy/huskybot/install/yolov12_msgs:/home/jezzy/huskybot/install/velodyne:/home/jezzy/huskybot/install/velodyne_pointcloud:/home/jezzy/huskybot/install/velodyne_driver:/home/jezzy/huskybot/install/velodyne_laserscan:/home/jezzy/huskybot/install/huskybot_mapping:/home/jezzy/huskybot/install/huskybot_gazebo:/home/jezzy/huskybot/install/huskybot_description:/home/jezzy/huskybot/install/huskybot_control:/home/jezzy/huskybot/install/husky_custom_description:/home/jezzy/husky_ws/turtlebot3/install/turtlebot3:/home/jezzy/husky_ws/turtlebot3/install/turtlebot3_simulations:/home/jezzy/husky_ws/turtlebot3/install/turtlebot3_bringup:/home/jezzy/husky_ws/turtlebot3/install/turtlebot3_node:/home/jezzy/husky_ws/turtlebot3/install/turtlebot3_navigation2:/home/jezzy/husky_ws/turtlebot3/install/turtlebot3_fake_node:/home/jezzy/husky_ws/turtlebot3/install/turtlebot3_msgs:/home/jezzy/husky_ws/turtlebot3/install/turtlebot3_gazebo:/home/jezzy/husky_ws/turtlebot3/install/turtlebot3_description:/home/jezzy/husky_ws/turtlebot3/install/turtlebot3_cartographer:/home/jezzy/husky_ws/turtlebot3/install/dynamixel_sdk_examples:/home/jezzy/husky_ws/turtlebot3/install/dynamixel_sdk_custom_interfaces:/home/jezzy/husky_ws/turtlebot3/install/dynamixel_sdk:/home/jezzy/huskybot/install/huskybot_fusion:/home/jezzy/huskybot/install/huskybot_navigation:/home/jezzy/husky_ws/turtlebot3/install/turtlebot3_teleop:/home/jezzy/husky_ws/turtlebot3/install/turtlebot3_example:/home/jezzy/husky_ws/turtlebot3/install/segtect:/home/jezzy/husky_ws/turtlebot3/install/autonomous_exploration:/home/jezzy/husky_ws/lintic/install/yolosed:/home/jezzy/husky_ws/lintic/install/visual:/home/jezzy/husky_ws/lintic/install/segnet:/opt/ros/humble LD_LIBRARY_PATH=/home/jezzy/huskybot/install/velodyne_msgs/lib:/home/jezzy/huskybot/install/yolov12_msgs/lib:/home/jezzy/huskybot/install/velodyne_pointcloud/lib:/home/jezzy/huskybot/install/velodyne_driver/lib:/home/jezzy/huskybot/install/velodyne_laserscan/lib:/home/jezzy/husky_ws/turtlebot3/install/turtlebot3_msgs/lib:/home/jezzy/husky_ws/turtlebot3/install/dynamixel_sdk_custom_interfaces/lib:/home/jezzy/husky_ws/turtlebot3/install/dynamixel_sdk/lib:/usr/lib/x86_64-linux-gnu/gazebo-11/plugins:/opt/ros/humble/opt/rviz_ogre_vendor/lib:/opt/ros/humble/lib/x86_64-linux-gnu:/opt/ros/humble/lib:/usr/share/gazebo/../../lib/x86_64-linux-gnu/gazebo-11/plugins:/usr/share/gazebo/../../lib/x86_64-linux-gnu/gazebo-11/plugins:/usr/share/gazebo/../../lib/x86_64-linux-gnu/gazebo-11/plugins:/opt/ros/humble/lib /usr/bin/cmake /home/jezzy/huskybot/src/velodyne/velodyne_driver -DCMAKE_INSTALL_PREFIX=/home/jezzy/huskybot/install/velodyne_driver
[1.085s] -- The C compiler identification is GNU 11.4.0
[4.179s] -- The CXX compiler identification is GNU 11.4.0
[6.524s] -- Detecting C compiler ABI info
[7.523s] -- Detecting C compiler ABI info - done
[7.607s] -- Check for working C compiler: /usr/bin/cc - skipped
[7.608s] -- Detecting C compile features
[7.609s] -- Detecting C compile features - done
[7.629s] -- Detecting CXX compiler ABI info
[8.371s] -- Detecting CXX compiler ABI info - done
[8.419s] -- Check for working CXX compiler: /usr/bin/c++ - skipped
[8.420s] -- Detecting CXX compile features
[8.421s] -- Detecting CXX compile features - done
[8.439s] -- Found ament_cmake_ros: 0.10.0 (/opt/ros/humble/share/ament_cmake_ros/cmake)
[9.325s] -- Found Python3: /usr/bin/python3 (found version "3.10.12") found components: Interpreter 
[9.951s] -- Found diagnostic_updater: 4.0.3 (/opt/ros/humble/share/diagnostic_updater/cmake)
[10.739s] -- Found rosidl_generator_c: 3.1.6 (/opt/ros/humble/share/rosidl_generator_c/cmake)
[10.785s] -- Found rosidl_adapter: 3.1.6 (/opt/ros/humble/share/rosidl_adapter/cmake)
[10.838s] -- Found rosidl_generator_cpp: 3.1.6 (/opt/ros/humble/share/rosidl_generator_cpp/cmake)
[10.938s] -- Using all available rosidl_typesupport_c: rosidl_typesupport_fastrtps_c;rosidl_typesupport_introspection_c
[11.072s] -- Using all available rosidl_typesupport_cpp: rosidl_typesupport_fastrtps_cpp;rosidl_typesupport_introspection_cpp
[11.636s] -- Found rmw_implementation_cmake: 6.1.2 (/opt/ros/humble/share/rmw_implementation_cmake/cmake)
[11.666s] -- Found rmw_fastrtps_cpp: 6.2.7 (/opt/ros/humble/share/rmw_fastrtps_cpp/cmake)
[19.087s] -- Found OpenSSL: /usr/lib/x86_64-linux-gnu/libcrypto.so (found version "3.0.2")  
[27.612s] -- Found FastRTPS: /opt/ros/humble/include  
[43.520s] -- Using RMW implementation 'rmw_fastrtps_cpp' as default
[43.631s] -- Looking for pthread.h
[44.501s] -- Looking for pthread.h - found
[44.502s] -- Performing Test CMAKE_HAVE_LIBC_PTHREAD
[45.274s] -- Performing Test CMAKE_HAVE_LIBC_PTHREAD - Success
[45.274s] -- Found Threads: TRUE  
[45.621s] -- Found rclcpp_components: 16.0.12 (/opt/ros/humble/share/rclcpp_components/cmake)
[45.853s] -- Found tf2_ros: 0.25.12 (/opt/ros/humble/share/tf2_ros/cmake)
[46.502s] -- Found velodyne_msgs: 2.5.1 (/home/jezzy/huskybot/install/velodyne_msgs/share/velodyne_msgs/cmake)
[46.609s] -- Found ament_lint_auto: 0.12.12 (/opt/ros/humble/share/ament_lint_auto/cmake)
[47.277s] -- Found gtest sources under '/opt/ros/humble/src/gtest_vendor': C++ tests using 'Google Test' will be built
[47.326s] -- Added test 'copyright' to check source files copyright and LICENSE
[47.334s] -- Added test 'cppcheck' to perform static code analysis on C / C++ code
[47.334s] -- Configured cppcheck include dirs: $<BUILD_INTERFACE:/home/jezzy/huskybot/src/velodyne/velodyne_driver/include>
[47.335s] -- Configured cppcheck exclude dirs and/or files: 
[47.366s] -- Added test 'cpplint' to check C / C++ code against the Google style
[47.366s] -- Configured cpplint exclude dirs and/or files: 
[47.370s] -- Added test 'flake8' to check Python code syntax and style conventions
[47.381s] -- Added test 'lint_cmake' to check CMake code style
[47.402s] -- Added test 'pep257' to check Python code against some of the docstring style conventions in PEP 257
[47.421s] -- Added test 'uncrustify' to check C / C++ code style
[47.421s] -- Configured uncrustify additional arguments: 
[47.426s] -- Added test 'xmllint' to check XML markup files
[47.451s] -- Configuring done
[47.617s] -- Generating done
[47.671s] -- Build files have been written to: /home/jezzy/huskybot/build/velodyne_driver
[47.722s] Invoked command in '/home/jezzy/huskybot/build/velodyne_driver' returned '0': CMAKE_PREFIX_PATH=/home/jezzy/huskybot/install/velodyne_msgs:/home/jezzy/huskybot/install/husky_description:/home/jezzy/huskybot/install/huskybot_recognition:/home/jezzy/huskybot/install/yolov12_msgs:/home/jezzy/huskybot/install/velodyne:/home/jezzy/huskybot/install/velodyne_pointcloud:/home/jezzy/huskybot/install/velodyne_driver:/home/jezzy/huskybot/install/velodyne_laserscan:/home/jezzy/huskybot/install/huskybot_mapping:/home/jezzy/huskybot/install/huskybot_gazebo:/home/jezzy/huskybot/install/huskybot_description:/home/jezzy/huskybot/install/huskybot_control:/home/jezzy/huskybot/install/husky_custom_description:/home/jezzy/husky_ws/turtlebot3/install/turtlebot3:/home/jezzy/husky_ws/turtlebot3/install/turtlebot3_simulations:/home/jezzy/husky_ws/turtlebot3/install/turtlebot3_bringup:/home/jezzy/husky_ws/turtlebot3/install/turtlebot3_node:/home/jezzy/husky_ws/turtlebot3/install/turtlebot3_navigation2:/home/jezzy/husky_ws/turtlebot3/install/turtlebot3_fake_node:/home/jezzy/husky_ws/turtlebot3/install/turtlebot3_msgs:/home/jezzy/husky_ws/turtlebot3/install/turtlebot3_gazebo:/home/jezzy/husky_ws/turtlebot3/install/turtlebot3_description:/home/jezzy/husky_ws/turtlebot3/install/turtlebot3_cartographer:/home/jezzy/husky_ws/turtlebot3/install/dynamixel_sdk_examples:/home/jezzy/husky_ws/turtlebot3/install/dynamixel_sdk_custom_interfaces:/home/jezzy/husky_ws/turtlebot3/install/dynamixel_sdk:/home/jezzy/huskybot/install/huskybot_fusion:/home/jezzy/huskybot/install/huskybot_navigation:/home/jezzy/husky_ws/turtlebot3/install/turtlebot3_teleop:/home/jezzy/husky_ws/turtlebot3/install/turtlebot3_example:/home/jezzy/husky_ws/turtlebot3/install/segtect:/home/jezzy/husky_ws/turtlebot3/install/autonomous_exploration:/home/jezzy/husky_ws/lintic/install/yolosed:/home/jezzy/husky_ws/lintic/install/visual:/home/jezzy/husky_ws/lintic/install/segnet:/opt/ros/humble LD_LIBRARY_PATH=/home/jezzy/huskybot/install/velodyne_msgs/lib:/home/jezzy/huskybot/install/yolov12_msgs/lib:/home/jezzy/huskybot/install/velodyne_pointcloud/lib:/home/jezzy/huskybot/install/velodyne_driver/lib:/home/jezzy/huskybot/install/velodyne_laserscan/lib:/home/jezzy/husky_ws/turtlebot3/install/turtlebot3_msgs/lib:/home/jezzy/husky_ws/turtlebot3/install/dynamixel_sdk_custom_interfaces/lib:/home/jezzy/husky_ws/turtlebot3/install/dynamixel_sdk/lib:/usr/lib/x86_64-linux-gnu/gazebo-11/plugins:/opt/ros/humble/opt/rviz_ogre_vendor/lib:/opt/ros/humble/lib/x86_64-linux-gnu:/opt/ros/humble/lib:/usr/share/gazebo/../../lib/x86_64-linux-gnu/gazebo-11/plugins:/usr/share/gazebo/../../lib/x86_64-linux-gnu/gazebo-11/plugins:/usr/share/gazebo/../../lib/x86_64-linux-gnu/gazebo-11/plugins:/opt/ros/humble/lib /usr/bin/cmake /home/jezzy/huskybot/src/velodyne/velodyne_driver -DCMAKE_INSTALL_PREFIX=/home/jezzy/huskybot/install/velodyne_driver
[47.723s] Invoking command in '/home/jezzy/huskybot/build/velodyne_driver': CMAKE_PREFIX_PATH=/home/jezzy/huskybot/install/velodyne_msgs:/home/jezzy/huskybot/install/husky_description:/home/jezzy/huskybot/install/huskybot_recognition:/home/jezzy/huskybot/install/yolov12_msgs:/home/jezzy/huskybot/install/velodyne:/home/jezzy/huskybot/install/velodyne_pointcloud:/home/jezzy/huskybot/install/velodyne_driver:/home/jezzy/huskybot/install/velodyne_laserscan:/home/jezzy/huskybot/install/huskybot_mapping:/home/jezzy/huskybot/install/huskybot_gazebo:/home/jezzy/huskybot/install/huskybot_description:/home/jezzy/huskybot/install/huskybot_control:/home/jezzy/huskybot/install/husky_custom_description:/home/jezzy/husky_ws/turtlebot3/install/turtlebot3:/home/jezzy/husky_ws/turtlebot3/install/turtlebot3_simulations:/home/jezzy/husky_ws/turtlebot3/install/turtlebot3_bringup:/home/jezzy/husky_ws/turtlebot3/install/turtlebot3_node:/home/jezzy/husky_ws/turtlebot3/install/turtlebot3_navigation2:/home/jezzy/husky_ws/turtlebot3/install/turtlebot3_fake_node:/home/jezzy/husky_ws/turtlebot3/install/turtlebot3_msgs:/home/jezzy/husky_ws/turtlebot3/install/turtlebot3_gazebo:/home/jezzy/husky_ws/turtlebot3/install/turtlebot3_description:/home/jezzy/husky_ws/turtlebot3/install/turtlebot3_cartographer:/home/jezzy/husky_ws/turtlebot3/install/dynamixel_sdk_examples:/home/jezzy/husky_ws/turtlebot3/install/dynamixel_sdk_custom_interfaces:/home/jezzy/husky_ws/turtlebot3/install/dynamixel_sdk:/home/jezzy/huskybot/install/huskybot_fusion:/home/jezzy/huskybot/install/huskybot_navigation:/home/jezzy/husky_ws/turtlebot3/install/turtlebot3_teleop:/home/jezzy/husky_ws/turtlebot3/install/turtlebot3_example:/home/jezzy/husky_ws/turtlebot3/install/segtect:/home/jezzy/husky_ws/turtlebot3/install/autonomous_exploration:/home/jezzy/husky_ws/lintic/install/yolosed:/home/jezzy/husky_ws/lintic/install/visual:/home/jezzy/husky_ws/lintic/install/segnet:/opt/ros/humble LD_LIBRARY_PATH=/home/jezzy/huskybot/install/velodyne_msgs/lib:/home/jezzy/huskybot/install/yolov12_msgs/lib:/home/jezzy/huskybot/install/velodyne_pointcloud/lib:/home/jezzy/huskybot/install/velodyne_driver/lib:/home/jezzy/huskybot/install/velodyne_laserscan/lib:/home/jezzy/husky_ws/turtlebot3/install/turtlebot3_msgs/lib:/home/jezzy/husky_ws/turtlebot3/install/dynamixel_sdk_custom_interfaces/lib:/home/jezzy/husky_ws/turtlebot3/install/dynamixel_sdk/lib:/usr/lib/x86_64-linux-gnu/gazebo-11/plugins:/opt/ros/humble/opt/rviz_ogre_vendor/lib:/opt/ros/humble/lib/x86_64-linux-gnu:/opt/ros/humble/lib:/usr/share/gazebo/../../lib/x86_64-linux-gnu/gazebo-11/plugins:/usr/share/gazebo/../../lib/x86_64-linux-gnu/gazebo-11/plugins:/usr/share/gazebo/../../lib/x86_64-linux-gnu/gazebo-11/plugins:/opt/ros/humble/lib /usr/bin/cmake --build /home/jezzy/huskybot/build/velodyne_driver -- -j4 -l4
[47.876s] [  8%] [32mBuilding CXX object CMakeFiles/velodyne_input.dir/src/lib/input.cpp.o[0m
[58.517s] [ 16%] [32m[1mLinking CXX shared library libvelodyne_input.so[0m
[59.241s] [ 16%] Built target velodyne_input
[59.302s] [ 25%] [32mBuilding CXX object gtest/CMakeFiles/gtest.dir/src/gtest-all.cc.o[0m
[68.251s] [ 33%] [32m[1mLinking CXX static library libgtest.a[0m
[68.466s] [ 33%] Built target gtest
[68.512s] [ 41%] [32mBuilding CXX object CMakeFiles/velodyne_driver.dir/src/driver/driver.cpp.o[0m
[101.416s] [ 50%] [32m[1mLinking CXX shared library libvelodyne_driver.so[0m
[103.476s] [ 50%] Built target velodyne_driver
[103.523s] [ 58%] [32mBuilding CXX object gtest/CMakeFiles/gtest_main.dir/src/gtest_main.cc.o[0m
[105.463s] [ 66%] [32m[1mLinking CXX static library libgtest_main.a[0m
[105.548s] [ 66%] Built target gtest_main
[105.595s] [ 75%] [32mBuilding CXX object CMakeFiles/velodyne_driver_node.dir/src/driver/velodyne_node.cpp.o[0m
[115.787s] [ 83%] [32m[1mLinking CXX executable velodyne_driver_node[0m
[116.754s] [ 83%] Built target velodyne_driver_node
[116.822s] [ 91%] [32mBuilding CXX object CMakeFiles/time_test.dir/tests/timeconversiontest.cpp.o[0m
[128.168s] [100%] [32m[1mLinking CXX executable time_test[0m
[129.101s] [100%] Built target time_test
[129.141s] Invoked command in '/home/jezzy/huskybot/build/velodyne_driver' returned '0': CMAKE_PREFIX_PATH=/home/jezzy/huskybot/install/velodyne_msgs:/home/jezzy/huskybot/install/husky_description:/home/jezzy/huskybot/install/huskybot_recognition:/home/jezzy/huskybot/install/yolov12_msgs:/home/jezzy/huskybot/install/velodyne:/home/jezzy/huskybot/install/velodyne_pointcloud:/home/jezzy/huskybot/install/velodyne_driver:/home/jezzy/huskybot/install/velodyne_laserscan:/home/jezzy/huskybot/install/huskybot_mapping:/home/jezzy/huskybot/install/huskybot_gazebo:/home/jezzy/huskybot/install/huskybot_description:/home/jezzy/huskybot/install/huskybot_control:/home/jezzy/huskybot/install/husky_custom_description:/home/jezzy/husky_ws/turtlebot3/install/turtlebot3:/home/jezzy/husky_ws/turtlebot3/install/turtlebot3_simulations:/home/jezzy/husky_ws/turtlebot3/install/turtlebot3_bringup:/home/jezzy/husky_ws/turtlebot3/install/turtlebot3_node:/home/jezzy/husky_ws/turtlebot3/install/turtlebot3_navigation2:/home/jezzy/husky_ws/turtlebot3/install/turtlebot3_fake_node:/home/jezzy/husky_ws/turtlebot3/install/turtlebot3_msgs:/home/jezzy/husky_ws/turtlebot3/install/turtlebot3_gazebo:/home/jezzy/husky_ws/turtlebot3/install/turtlebot3_description:/home/jezzy/husky_ws/turtlebot3/install/turtlebot3_cartographer:/home/jezzy/husky_ws/turtlebot3/install/dynamixel_sdk_examples:/home/jezzy/husky_ws/turtlebot3/install/dynamixel_sdk_custom_interfaces:/home/jezzy/husky_ws/turtlebot3/install/dynamixel_sdk:/home/jezzy/huskybot/install/huskybot_fusion:/home/jezzy/huskybot/install/huskybot_navigation:/home/jezzy/husky_ws/turtlebot3/install/turtlebot3_teleop:/home/jezzy/husky_ws/turtlebot3/install/turtlebot3_example:/home/jezzy/husky_ws/turtlebot3/install/segtect:/home/jezzy/husky_ws/turtlebot3/install/autonomous_exploration:/home/jezzy/husky_ws/lintic/install/yolosed:/home/jezzy/husky_ws/lintic/install/visual:/home/jezzy/husky_ws/lintic/install/segnet:/opt/ros/humble LD_LIBRARY_PATH=/home/jezzy/huskybot/install/velodyne_msgs/lib:/home/jezzy/huskybot/install/yolov12_msgs/lib:/home/jezzy/huskybot/install/velodyne_pointcloud/lib:/home/jezzy/huskybot/install/velodyne_driver/lib:/home/jezzy/huskybot/install/velodyne_laserscan/lib:/home/jezzy/husky_ws/turtlebot3/install/turtlebot3_msgs/lib:/home/jezzy/husky_ws/turtlebot3/install/dynamixel_sdk_custom_interfaces/lib:/home/jezzy/husky_ws/turtlebot3/install/dynamixel_sdk/lib:/usr/lib/x86_64-linux-gnu/gazebo-11/plugins:/opt/ros/humble/opt/rviz_ogre_vendor/lib:/opt/ros/humble/lib/x86_64-linux-gnu:/opt/ros/humble/lib:/usr/share/gazebo/../../lib/x86_64-linux-gnu/gazebo-11/plugins:/usr/share/gazebo/../../lib/x86_64-linux-gnu/gazebo-11/plugins:/usr/share/gazebo/../../lib/x86_64-linux-gnu/gazebo-11/plugins:/opt/ros/humble/lib /usr/bin/cmake --build /home/jezzy/huskybot/build/velodyne_driver -- -j4 -l4
[129.142s] Invoking command in '/home/jezzy/huskybot/build/velodyne_driver': CMAKE_PREFIX_PATH=/home/jezzy/huskybot/install/velodyne_msgs:/home/jezzy/huskybot/install/husky_description:/home/jezzy/huskybot/install/huskybot_recognition:/home/jezzy/huskybot/install/yolov12_msgs:/home/jezzy/huskybot/install/velodyne:/home/jezzy/huskybot/install/velodyne_pointcloud:/home/jezzy/huskybot/install/velodyne_driver:/home/jezzy/huskybot/install/velodyne_laserscan:/home/jezzy/huskybot/install/huskybot_mapping:/home/jezzy/huskybot/install/huskybot_gazebo:/home/jezzy/huskybot/install/huskybot_description:/home/jezzy/huskybot/install/huskybot_control:/home/jezzy/huskybot/install/husky_custom_description:/home/jezzy/husky_ws/turtlebot3/install/turtlebot3:/home/jezzy/husky_ws/turtlebot3/install/turtlebot3_simulations:/home/jezzy/husky_ws/turtlebot3/install/turtlebot3_bringup:/home/jezzy/husky_ws/turtlebot3/install/turtlebot3_node:/home/jezzy/husky_ws/turtlebot3/install/turtlebot3_navigation2:/home/jezzy/husky_ws/turtlebot3/install/turtlebot3_fake_node:/home/jezzy/husky_ws/turtlebot3/install/turtlebot3_msgs:/home/jezzy/husky_ws/turtlebot3/install/turtlebot3_gazebo:/home/jezzy/husky_ws/turtlebot3/install/turtlebot3_description:/home/jezzy/husky_ws/turtlebot3/install/turtlebot3_cartographer:/home/jezzy/husky_ws/turtlebot3/install/dynamixel_sdk_examples:/home/jezzy/husky_ws/turtlebot3/install/dynamixel_sdk_custom_interfaces:/home/jezzy/husky_ws/turtlebot3/install/dynamixel_sdk:/home/jezzy/huskybot/install/huskybot_fusion:/home/jezzy/huskybot/install/huskybot_navigation:/home/jezzy/husky_ws/turtlebot3/install/turtlebot3_teleop:/home/jezzy/husky_ws/turtlebot3/install/turtlebot3_example:/home/jezzy/husky_ws/turtlebot3/install/segtect:/home/jezzy/husky_ws/turtlebot3/install/autonomous_exploration:/home/jezzy/husky_ws/lintic/install/yolosed:/home/jezzy/husky_ws/lintic/install/visual:/home/jezzy/husky_ws/lintic/install/segnet:/opt/ros/humble LD_LIBRARY_PATH=/home/jezzy/huskybot/install/velodyne_msgs/lib:/home/jezzy/huskybot/install/yolov12_msgs/lib:/home/jezzy/huskybot/install/velodyne_pointcloud/lib:/home/jezzy/huskybot/install/velodyne_driver/lib:/home/jezzy/huskybot/install/velodyne_laserscan/lib:/home/jezzy/husky_ws/turtlebot3/install/turtlebot3_msgs/lib:/home/jezzy/husky_ws/turtlebot3/install/dynamixel_sdk_custom_interfaces/lib:/home/jezzy/husky_ws/turtlebot3/install/dynamixel_sdk/lib:/usr/lib/x86_64-linux-gnu/gazebo-11/plugins:/opt/ros/humble/opt/rviz_ogre_vendor/lib:/opt/ros/humble/lib/x86_64-linux-gnu:/opt/ros/humble/lib:/usr/share/gazebo/../../lib/x86_64-linux-gnu/gazebo-11/plugins:/usr/share/gazebo/../../lib/x86_64-linux-gnu/gazebo-11/plugins:/usr/share/gazebo/../../lib/x86_64-linux-gnu/gazebo-11/plugins:/opt/ros/humble/lib /usr/bin/cmake --install /home/jezzy/huskybot/build/velodyne_driver
[129.163s] -- Install configuration: ""
[129.164s] -- Installing: /home/jezzy/huskybot/install/velodyne_driver/lib/libvelodyne_input.so
[129.165s] -- Set runtime path of "/home/jezzy/huskybot/install/velodyne_driver/lib/libvelodyne_input.so" to ""
[129.165s] -- Installing: /home/jezzy/huskybot/install/velodyne_driver/lib/libvelodyne_driver.so
[129.185s] -- Set runtime path of "/home/jezzy/huskybot/install/velodyne_driver/lib/libvelodyne_driver.so" to ""
[129.186s] -- Installing: /home/jezzy/huskybot/install/velodyne_driver/lib/velodyne_driver/velodyne_driver_node
[129.187s] -- Set runtime path of "/home/jezzy/huskybot/install/velodyne_driver/lib/velodyne_driver/velodyne_driver_node" to ""
[129.187s] -- Installing: /home/jezzy/huskybot/install/velodyne_driver/include/velodyne_driver
[129.188s] -- Installing: /home/jezzy/huskybot/install/velodyne_driver/include/velodyne_driver/time_conversion.hpp
[129.188s] -- Installing: /home/jezzy/huskybot/install/velodyne_driver/include/velodyne_driver/input.hpp
[129.188s] -- Installing: /home/jezzy/huskybot/install/velodyne_driver/include/velodyne_driver/driver.hpp
[129.189s] -- Installing: /home/jezzy/huskybot/install/velodyne_driver/share/velodyne_driver/config
[129.190s] -- Installing: /home/jezzy/huskybot/install/velodyne_driver/share/velodyne_driver/config/VLP16-velodyne_driver_node-params.yaml
[129.190s] -- Installing: /home/jezzy/huskybot/install/velodyne_driver/share/velodyne_driver/config/VLS128-velodyne_driver_node-params.yaml
[129.191s] -- Installing: /home/jezzy/huskybot/install/velodyne_driver/share/velodyne_driver/config/VLP32C-velodyne_driver_node-params.yaml
[129.191s] -- Installing: /home/jezzy/huskybot/install/velodyne_driver/share/velodyne_driver/launch
[129.192s] -- Installing: /home/jezzy/huskybot/install/velodyne_driver/share/velodyne_driver/launch/velodyne_driver_node-VLP16-composed-launch.py
[129.192s] -- Installing: /home/jezzy/huskybot/install/velodyne_driver/share/velodyne_driver/launch/velodyne_driver_node-VLS128-composed-launch.py
[129.193s] -- Installing: /home/jezzy/huskybot/install/velodyne_driver/share/velodyne_driver/launch/velodyne_driver_node-VLP32C-launch.py
[129.193s] -- Installing: /home/jezzy/huskybot/install/velodyne_driver/share/velodyne_driver/launch/velodyne_driver_node-VLP16-launch.py
[129.193s] -- Installing: /home/jezzy/huskybot/install/velodyne_driver/share/velodyne_driver/launch/velodyne_driver_node-VLP32C-composed-launch.py
[129.193s] -- Installing: /home/jezzy/huskybot/install/velodyne_driver/share/velodyne_driver/launch/velodyne_driver_node-VLS128-launch.py
[129.194s] -- Installing: /home/jezzy/huskybot/install/velodyne_driver/lib/velodyne_driver/vdump
[129.194s] -- Installing: /home/jezzy/huskybot/install/velodyne_driver/share/ament_index/resource_index/package_run_dependencies/velodyne_driver
[129.197s] -- Installing: /home/jezzy/huskybot/install/velodyne_driver/share/ament_index/resource_index/parent_prefix_path/velodyne_driver
[129.197s] -- Installing: /home/jezzy/huskybot/install/velodyne_driver/share/velodyne_driver/environment/ament_prefix_path.sh
[129.198s] -- Installing: /home/jezzy/huskybot/install/velodyne_driver/share/velodyne_driver/environment/ament_prefix_path.dsv
[129.198s] -- Installing: /home/jezzy/huskybot/install/velodyne_driver/share/velodyne_driver/environment/path.sh
[129.200s] -- Installing: /home/jezzy/huskybot/install/velodyne_driver/share/velodyne_driver/environment/path.dsv
[129.201s] -- Installing: /home/jezzy/huskybot/install/velodyne_driver/share/velodyne_driver/local_setup.bash
[129.201s] -- Installing: /home/jezzy/huskybot/install/velodyne_driver/share/velodyne_driver/local_setup.sh
[129.202s] -- Installing: /home/jezzy/huskybot/install/velodyne_driver/share/velodyne_driver/local_setup.zsh
[129.202s] -- Installing: /home/jezzy/huskybot/install/velodyne_driver/share/velodyne_driver/local_setup.dsv
[129.203s] -- Installing: /home/jezzy/huskybot/install/velodyne_driver/share/velodyne_driver/package.dsv
[129.205s] -- Installing: /home/jezzy/huskybot/install/velodyne_driver/share/ament_index/resource_index/packages/velodyne_driver
[129.205s] -- Installing: /home/jezzy/huskybot/install/velodyne_driver/share/ament_index/resource_index/rclcpp_components/velodyne_driver
[129.205s] -- Installing: /home/jezzy/huskybot/install/velodyne_driver/share/velodyne_driver/cmake/velodyne_driverExport.cmake
[129.206s] -- Installing: /home/jezzy/huskybot/install/velodyne_driver/share/velodyne_driver/cmake/velodyne_driverExport-noconfig.cmake
[129.206s] -- Installing: /home/jezzy/huskybot/install/velodyne_driver/share/velodyne_driver/cmake/ament_cmake_export_include_directories-extras.cmake
[129.206s] -- Installing: /home/jezzy/huskybot/install/velodyne_driver/share/velodyne_driver/cmake/ament_cmake_export_targets-extras.cmake
[129.206s] -- Installing: /home/jezzy/huskybot/install/velodyne_driver/share/velodyne_driver/cmake/ament_cmake_export_dependencies-extras.cmake
[129.207s] -- Installing: /home/jezzy/huskybot/install/velodyne_driver/share/velodyne_driver/cmake/velodyne_driverConfig.cmake
[129.207s] -- Installing: /home/jezzy/huskybot/install/velodyne_driver/share/velodyne_driver/cmake/velodyne_driverConfig-version.cmake
[129.208s] -- Installing: /home/jezzy/huskybot/install/velodyne_driver/share/velodyne_driver/package.xml
[129.211s] Invoked command in '/home/jezzy/huskybot/build/velodyne_driver' returned '0': CMAKE_PREFIX_PATH=/home/jezzy/huskybot/install/velodyne_msgs:/home/jezzy/huskybot/install/husky_description:/home/jezzy/huskybot/install/huskybot_recognition:/home/jezzy/huskybot/install/yolov12_msgs:/home/jezzy/huskybot/install/velodyne:/home/jezzy/huskybot/install/velodyne_pointcloud:/home/jezzy/huskybot/install/velodyne_driver:/home/jezzy/huskybot/install/velodyne_laserscan:/home/jezzy/huskybot/install/huskybot_mapping:/home/jezzy/huskybot/install/huskybot_gazebo:/home/jezzy/huskybot/install/huskybot_description:/home/jezzy/huskybot/install/huskybot_control:/home/jezzy/huskybot/install/husky_custom_description:/home/jezzy/husky_ws/turtlebot3/install/turtlebot3:/home/jezzy/husky_ws/turtlebot3/install/turtlebot3_simulations:/home/jezzy/husky_ws/turtlebot3/install/turtlebot3_bringup:/home/jezzy/husky_ws/turtlebot3/install/turtlebot3_node:/home/jezzy/husky_ws/turtlebot3/install/turtlebot3_navigation2:/home/jezzy/husky_ws/turtlebot3/install/turtlebot3_fake_node:/home/jezzy/husky_ws/turtlebot3/install/turtlebot3_msgs:/home/jezzy/husky_ws/turtlebot3/install/turtlebot3_gazebo:/home/jezzy/husky_ws/turtlebot3/install/turtlebot3_description:/home/jezzy/husky_ws/turtlebot3/install/turtlebot3_cartographer:/home/jezzy/husky_ws/turtlebot3/install/dynamixel_sdk_examples:/home/jezzy/husky_ws/turtlebot3/install/dynamixel_sdk_custom_interfaces:/home/jezzy/husky_ws/turtlebot3/install/dynamixel_sdk:/home/jezzy/huskybot/install/huskybot_fusion:/home/jezzy/huskybot/install/huskybot_navigation:/home/jezzy/husky_ws/turtlebot3/install/turtlebot3_teleop:/home/jezzy/husky_ws/turtlebot3/install/turtlebot3_example:/home/jezzy/husky_ws/turtlebot3/install/segtect:/home/jezzy/husky_ws/turtlebot3/install/autonomous_exploration:/home/jezzy/husky_ws/lintic/install/yolosed:/home/jezzy/husky_ws/lintic/install/visual:/home/jezzy/husky_ws/lintic/install/segnet:/opt/ros/humble LD_LIBRARY_PATH=/home/jezzy/huskybot/install/velodyne_msgs/lib:/home/jezzy/huskybot/install/yolov12_msgs/lib:/home/jezzy/huskybot/install/velodyne_pointcloud/lib:/home/jezzy/huskybot/install/velodyne_driver/lib:/home/jezzy/huskybot/install/velodyne_laserscan/lib:/home/jezzy/husky_ws/turtlebot3/install/turtlebot3_msgs/lib:/home/jezzy/husky_ws/turtlebot3/install/dynamixel_sdk_custom_interfaces/lib:/home/jezzy/husky_ws/turtlebot3/install/dynamixel_sdk/lib:/usr/lib/x86_64-linux-gnu/gazebo-11/plugins:/opt/ros/humble/opt/rviz_ogre_vendor/lib:/opt/ros/humble/lib/x86_64-linux-gnu:/opt/ros/humble/lib:/usr/share/gazebo/../../lib/x86_64-linux-gnu/gazebo-11/plugins:/usr/share/gazebo/../../lib/x86_64-linux-gnu/gazebo-11/plugins:/usr/share/gazebo/../../lib/x86_64-linux-gnu/gazebo-11/plugins:/opt/ros/humble/lib /usr/bin/cmake --install /home/jezzy/huskybot/build/velodyne_driver
