[0.060s] Invoking command in '/home/jezzy/yolobot/build/yolobot_description': CMAKE_PREFIX_PATH=${CMAKE_PREFIX_PATH}:/home/jezzy/husky_ws/lintic/install/yolosed:/home/jezzy/husky_ws/lintic/install/visual:/home/jezzy/husky_ws/lintic/install/segnet:/home/jezzy/husky_ws/turtlebot3/install/turtlebot3_teleop:/home/jezzy/husky_ws/turtlebot3/install/turtlebot3_example:/home/jezzy/husky_ws/turtlebot3/install/segtect:/home/jezzy/husky_ws/turtlebot3/install/autonomous_exploration:/opt/ros/humble /usr/bin/cmake /home/jezzy/yolobot/src/yolobot_description -DCMAKE_INSTALL_PREFIX=/home/jezzy/yolobot/install/yolobot_description
[0.523s] -- The C compiler identification is GNU 11.4.0
[1.965s] -- The CXX compiler identification is GNU 11.4.0
[3.394s] -- Detecting C compiler ABI info
[3.888s] -- Detecting C compiler ABI info - done
[3.926s] -- Check for working C compiler: /usr/bin/cc - skipped
[3.927s] -- Detecting C compile features
[3.928s] -- Detecting C compile features - done
[3.943s] -- Detecting CXX compiler ABI info
[4.530s] -- Detecting CXX compiler ABI info - done
[4.566s] -- Check for working CXX compiler: /usr/bin/c++ - skipped
[4.567s] -- Detecting CXX compile features
[4.569s] -- Detecting CXX compile features - done
[4.587s] -- Found ament_cmake: 1.3.11 (/opt/ros/humble/share/ament_cmake/cmake)
[5.144s] -- Found Python3: /usr/bin/python3 (found version "3.10.12") found components: Interpreter 
[5.588s] -- Found urdf: 2.6.1 (/opt/ros/humble/share/urdf/cmake)
[10.053s] -- Found ament_lint_auto: 0.12.12 (/opt/ros/humble/share/ament_lint_auto/cmake)
[10.376s] -- Added test 'copyright' to check source files copyright and LICENSE
[10.386s] -- Added test 'flake8' to check Python code syntax and style conventions
[10.392s] -- Added test 'lint_cmake' to check CMake code style
[10.396s] -- Added test 'pep257' to check Python code against some of the docstring style conventions in PEP 257
[10.406s] -- Added test 'xmllint' to check XML markup files
[10.419s] -- Configuring done
[10.434s] -- Generating done
[10.444s] -- Build files have been written to: /home/jezzy/yolobot/build/yolobot_description
[10.458s] Invoked command in '/home/jezzy/yolobot/build/yolobot_description' returned '0': CMAKE_PREFIX_PATH=${CMAKE_PREFIX_PATH}:/home/jezzy/husky_ws/lintic/install/yolosed:/home/jezzy/husky_ws/lintic/install/visual:/home/jezzy/husky_ws/lintic/install/segnet:/home/jezzy/husky_ws/turtlebot3/install/turtlebot3_teleop:/home/jezzy/husky_ws/turtlebot3/install/turtlebot3_example:/home/jezzy/husky_ws/turtlebot3/install/segtect:/home/jezzy/husky_ws/turtlebot3/install/autonomous_exploration:/opt/ros/humble /usr/bin/cmake /home/jezzy/yolobot/src/yolobot_description -DCMAKE_INSTALL_PREFIX=/home/jezzy/yolobot/install/yolobot_description
[10.463s] Invoking command in '/home/jezzy/yolobot/build/yolobot_description': CMAKE_PREFIX_PATH=${CMAKE_PREFIX_PATH}:/home/jezzy/husky_ws/lintic/install/yolosed:/home/jezzy/husky_ws/lintic/install/visual:/home/jezzy/husky_ws/lintic/install/segnet:/home/jezzy/husky_ws/turtlebot3/install/turtlebot3_teleop:/home/jezzy/husky_ws/turtlebot3/install/turtlebot3_example:/home/jezzy/husky_ws/turtlebot3/install/segtect:/home/jezzy/husky_ws/turtlebot3/install/autonomous_exploration:/opt/ros/humble /usr/bin/cmake --build /home/jezzy/yolobot/build/yolobot_description -- -j4 -l4
[10.545s] Invoked command in '/home/jezzy/yolobot/build/yolobot_description' returned '0': CMAKE_PREFIX_PATH=${CMAKE_PREFIX_PATH}:/home/jezzy/husky_ws/lintic/install/yolosed:/home/jezzy/husky_ws/lintic/install/visual:/home/jezzy/husky_ws/lintic/install/segnet:/home/jezzy/husky_ws/turtlebot3/install/turtlebot3_teleop:/home/jezzy/husky_ws/turtlebot3/install/turtlebot3_example:/home/jezzy/husky_ws/turtlebot3/install/segtect:/home/jezzy/husky_ws/turtlebot3/install/autonomous_exploration:/opt/ros/humble /usr/bin/cmake --build /home/jezzy/yolobot/build/yolobot_description -- -j4 -l4
[10.551s] Invoking command in '/home/jezzy/yolobot/build/yolobot_description': CMAKE_PREFIX_PATH=${CMAKE_PREFIX_PATH}:/home/jezzy/husky_ws/lintic/install/yolosed:/home/jezzy/husky_ws/lintic/install/visual:/home/jezzy/husky_ws/lintic/install/segnet:/home/jezzy/husky_ws/turtlebot3/install/turtlebot3_teleop:/home/jezzy/husky_ws/turtlebot3/install/turtlebot3_example:/home/jezzy/husky_ws/turtlebot3/install/segtect:/home/jezzy/husky_ws/turtlebot3/install/autonomous_exploration:/opt/ros/humble /usr/bin/cmake --install /home/jezzy/yolobot/build/yolobot_description
[10.565s] -- Install configuration: ""
[10.565s] -- Installing: /home/jezzy/yolobot/install/yolobot_description/share/yolobot_description//launch
[10.567s] -- Installing: /home/jezzy/yolobot/install/yolobot_description/share/yolobot_description//launch/spawn_yolobot_launch.launch.py
[10.568s] -- Installing: /home/jezzy/yolobot/install/yolobot_description/share/yolobot_description//launch/spawn_yolobot.py
[10.568s] -- Installing: /home/jezzy/yolobot/install/yolobot_description/share/yolobot_description//robot
[10.568s] -- Installing: /home/jezzy/yolobot/install/yolobot_description/share/yolobot_description//robot/husky_with_cameras.xacro
[10.568s] -- Installing: /home/jezzy/yolobot/install/yolobot_description/share/yolobot_description//robot/yolobot.urdf
[10.569s] -- Installing: /home/jezzy/yolobot/install/yolobot_description/lib/yolobot_description/spawn_yolobot.py
[10.570s] -- Installing: /home/jezzy/yolobot/install/yolobot_description/share/ament_index/resource_index/package_run_dependencies/yolobot_description
[10.571s] -- Installing: /home/jezzy/yolobot/install/yolobot_description/share/ament_index/resource_index/parent_prefix_path/yolobot_description
[10.572s] -- Installing: /home/jezzy/yolobot/install/yolobot_description/share/yolobot_description/environment/ament_prefix_path.sh
[10.573s] -- Installing: /home/jezzy/yolobot/install/yolobot_description/share/yolobot_description/environment/ament_prefix_path.dsv
[10.574s] -- Installing: /home/jezzy/yolobot/install/yolobot_description/share/yolobot_description/environment/path.sh
[10.575s] -- Installing: /home/jezzy/yolobot/install/yolobot_description/share/yolobot_description/environment/path.dsv
[10.575s] -- Installing: /home/jezzy/yolobot/install/yolobot_description/share/yolobot_description/local_setup.bash
[10.576s] -- Installing: /home/jezzy/yolobot/install/yolobot_description/share/yolobot_description/local_setup.sh
[10.577s] -- Installing: /home/jezzy/yolobot/install/yolobot_description/share/yolobot_description/local_setup.zsh
[10.577s] -- Installing: /home/jezzy/yolobot/install/yolobot_description/share/yolobot_description/local_setup.dsv
[10.578s] -- Installing: /home/jezzy/yolobot/install/yolobot_description/share/yolobot_description/package.dsv
[10.578s] -- Installing: /home/jezzy/yolobot/install/yolobot_description/share/ament_index/resource_index/packages/yolobot_description
[10.579s] -- Installing: /home/jezzy/yolobot/install/yolobot_description/share/yolobot_description/cmake/yolobot_descriptionConfig.cmake
[10.579s] -- Installing: /home/jezzy/yolobot/install/yolobot_description/share/yolobot_description/cmake/yolobot_descriptionConfig-version.cmake
[10.580s] -- Installing: /home/jezzy/yolobot/install/yolobot_description/share/yolobot_description/package.xml
[10.584s] Invoked command in '/home/jezzy/yolobot/build/yolobot_description' returned '0': CMAKE_PREFIX_PATH=${CMAKE_PREFIX_PATH}:/home/jezzy/husky_ws/lintic/install/yolosed:/home/jezzy/husky_ws/lintic/install/visual:/home/jezzy/husky_ws/lintic/install/segnet:/home/jezzy/husky_ws/turtlebot3/install/turtlebot3_teleop:/home/jezzy/husky_ws/turtlebot3/install/turtlebot3_example:/home/jezzy/husky_ws/turtlebot3/install/segtect:/home/jezzy/husky_ws/turtlebot3/install/autonomous_exploration:/opt/ros/humble /usr/bin/cmake --install /home/jezzy/yolobot/build/yolobot_description
