[0.524s] DEBUG:colcon:Command line arguments: ['/usr/bin/colcon', 'list', '-p', '--base-paths', '/home/jezzy/yolobot']
[0.524s] DEBUG:colcon:Parsed command line arguments: Namespace(log_base=None, log_level=None, verb_name='list', build_base='build', ignore_user_meta=False, metas=['./colcon.meta'], base_paths=['/home/jezzy/yolobot'], packages_ignore=None, packages_ignore_regex=None, paths=None, packages_up_to=None, packages_up_to_regex=None, packages_above=None, packages_above_and_dependencies=None, packages_above_depth=None, packages_select_by_dep=None, packages_skip_by_dep=None, packages_skip_up_to=None, packages_select_build_failed=False, packages_skip_build_finished=False, packages_select_test_failures=False, packages_skip_test_passed=False, packages_select=None, packages_skip=None, packages_select_regex=None, packages_skip_regex=None, packages_start=None, packages_end=None, allow_overriding=[], topological_order=False, names_only=False, paths_only=True, topological_graph=False, topological_graph_dot=False, topological_graph_density=False, topological_graph_legend=False, topological_graph_dot_cluster=False, topological_graph_dot_include_skipped=False, mixin_files=None, mixin=None, verb_parser=<colcon_mixin.mixin.mixin_argument.MixinArgumentDecorator object at 0x7f7ead731180>, verb_extension=<colcon_package_information.verb.list.ListVerb object at 0x7f7ead6bd450>, main=<bound method ListVerb.main of <colcon_package_information.verb.list.ListVerb object at 0x7f7ead6bd450>>, mixin_verb=('list',))
[1.123s] Level 1:colcon.colcon_core.package_discovery:discover_packages(colcon_meta) check parameters
[1.123s] Level 1:colcon.colcon_core.package_discovery:discover_packages(recursive) check parameters
[1.123s] Level 1:colcon.colcon_core.package_discovery:discover_packages(ignore) check parameters
[1.123s] Level 1:colcon.colcon_core.package_discovery:discover_packages(path) check parameters
[1.123s] Level 1:colcon.colcon_core.package_discovery:discover_packages(recursive) discover
[1.123s] INFO:colcon.colcon_core.package_discovery:Crawling recursively for packages in '/home/jezzy/yolobot'
[1.124s] Level 1:colcon.colcon_core.package_identification:_identify(/home/jezzy/yolobot) by extensions ['ignore', 'ignore_ament_install']
[1.124s] Level 1:colcon.colcon_core.package_identification:_identify(/home/jezzy/yolobot) by extension 'ignore'
[1.125s] Level 1:colcon.colcon_core.package_identification:_identify(/home/jezzy/yolobot) by extension 'ignore_ament_install'
[1.125s] Level 1:colcon.colcon_core.package_identification:_identify(/home/jezzy/yolobot) by extensions ['colcon_pkg']
[1.125s] Level 1:colcon.colcon_core.package_identification:_identify(/home/jezzy/yolobot) by extension 'colcon_pkg'
[1.125s] Level 1:colcon.colcon_core.package_identification:_identify(/home/jezzy/yolobot) by extensions ['colcon_meta']
[1.125s] Level 1:colcon.colcon_core.package_identification:_identify(/home/jezzy/yolobot) by extension 'colcon_meta'
[1.125s] Level 1:colcon.colcon_core.package_identification:_identify(/home/jezzy/yolobot) by extensions ['ros']
[1.125s] Level 1:colcon.colcon_core.package_identification:_identify(/home/jezzy/yolobot) by extension 'ros'
[1.152s] Level 1:colcon.colcon_core.package_identification:_identify(/home/jezzy/yolobot) by extensions ['cmake', 'python']
[1.153s] Level 1:colcon.colcon_core.package_identification:_identify(/home/jezzy/yolobot) by extension 'cmake'
[1.153s] Level 1:colcon.colcon_core.package_identification:_identify(/home/jezzy/yolobot) by extension 'python'
[1.153s] Level 1:colcon.colcon_core.package_identification:_identify(/home/jezzy/yolobot) by extensions ['python_setup_py']
[1.153s] Level 1:colcon.colcon_core.package_identification:_identify(/home/jezzy/yolobot) by extension 'python_setup_py'
[1.153s] Level 1:colcon.colcon_core.package_identification:_identify(/home/jezzy/yolobot/build) by extensions ['ignore', 'ignore_ament_install']
[1.153s] Level 1:colcon.colcon_core.package_identification:_identify(/home/jezzy/yolobot/build) by extension 'ignore'
[1.153s] Level 1:colcon.colcon_core.package_identification:_identify(/home/jezzy/yolobot/build) ignored
[1.154s] Level 1:colcon.colcon_core.package_identification:_identify(/home/jezzy/yolobot/install) by extensions ['ignore', 'ignore_ament_install']
[1.154s] Level 1:colcon.colcon_core.package_identification:_identify(/home/jezzy/yolobot/install) by extension 'ignore'
[1.154s] Level 1:colcon.colcon_core.package_identification:_identify(/home/jezzy/yolobot/install) ignored
[1.154s] Level 1:colcon.colcon_core.package_identification:_identify(/home/jezzy/yolobot/log) by extensions ['ignore', 'ignore_ament_install']
[1.154s] Level 1:colcon.colcon_core.package_identification:_identify(/home/jezzy/yolobot/log) by extension 'ignore'
[1.154s] Level 1:colcon.colcon_core.package_identification:_identify(/home/jezzy/yolobot/log) ignored
[1.155s] Level 1:colcon.colcon_core.package_identification:_identify(/home/jezzy/yolobot/models) by extensions ['ignore', 'ignore_ament_install']
[1.155s] Level 1:colcon.colcon_core.package_identification:_identify(/home/jezzy/yolobot/models) by extension 'ignore'
[1.155s] Level 1:colcon.colcon_core.package_identification:_identify(/home/jezzy/yolobot/models) by extension 'ignore_ament_install'
[1.155s] Level 1:colcon.colcon_core.package_identification:_identify(/home/jezzy/yolobot/models) by extensions ['colcon_pkg']
[1.155s] Level 1:colcon.colcon_core.package_identification:_identify(/home/jezzy/yolobot/models) by extension 'colcon_pkg'
[1.155s] Level 1:colcon.colcon_core.package_identification:_identify(/home/jezzy/yolobot/models) by extensions ['colcon_meta']
[1.155s] Level 1:colcon.colcon_core.package_identification:_identify(/home/jezzy/yolobot/models) by extension 'colcon_meta'
[1.155s] Level 1:colcon.colcon_core.package_identification:_identify(/home/jezzy/yolobot/models) by extensions ['ros']
[1.155s] Level 1:colcon.colcon_core.package_identification:_identify(/home/jezzy/yolobot/models) by extension 'ros'
[1.155s] Level 1:colcon.colcon_core.package_identification:_identify(/home/jezzy/yolobot/models) by extensions ['cmake', 'python']
[1.155s] Level 1:colcon.colcon_core.package_identification:_identify(/home/jezzy/yolobot/models) by extension 'cmake'
[1.155s] Level 1:colcon.colcon_core.package_identification:_identify(/home/jezzy/yolobot/models) by extension 'python'
[1.156s] Level 1:colcon.colcon_core.package_identification:_identify(/home/jezzy/yolobot/models) by extensions ['python_setup_py']
[1.156s] Level 1:colcon.colcon_core.package_identification:_identify(/home/jezzy/yolobot/models) by extension 'python_setup_py'
[1.156s] Level 1:colcon.colcon_core.package_identification:_identify(/home/jezzy/yolobot/models/bus) by extensions ['ignore', 'ignore_ament_install']
[1.156s] Level 1:colcon.colcon_core.package_identification:_identify(/home/jezzy/yolobot/models/bus) by extension 'ignore'
[1.156s] Level 1:colcon.colcon_core.package_identification:_identify(/home/jezzy/yolobot/models/bus) by extension 'ignore_ament_install'
[1.156s] Level 1:colcon.colcon_core.package_identification:_identify(/home/jezzy/yolobot/models/bus) by extensions ['colcon_pkg']
[1.156s] Level 1:colcon.colcon_core.package_identification:_identify(/home/jezzy/yolobot/models/bus) by extension 'colcon_pkg'
[1.156s] Level 1:colcon.colcon_core.package_identification:_identify(/home/jezzy/yolobot/models/bus) by extensions ['colcon_meta']
[1.156s] Level 1:colcon.colcon_core.package_identification:_identify(/home/jezzy/yolobot/models/bus) by extension 'colcon_meta'
[1.156s] Level 1:colcon.colcon_core.package_identification:_identify(/home/jezzy/yolobot/models/bus) by extensions ['ros']
[1.156s] Level 1:colcon.colcon_core.package_identification:_identify(/home/jezzy/yolobot/models/bus) by extension 'ros'
[1.157s] Level 1:colcon.colcon_core.package_identification:_identify(/home/jezzy/yolobot/models/bus) by extensions ['cmake', 'python']
[1.157s] Level 1:colcon.colcon_core.package_identification:_identify(/home/jezzy/yolobot/models/bus) by extension 'cmake'
[1.157s] Level 1:colcon.colcon_core.package_identification:_identify(/home/jezzy/yolobot/models/bus) by extension 'python'
[1.157s] Level 1:colcon.colcon_core.package_identification:_identify(/home/jezzy/yolobot/models/bus) by extensions ['python_setup_py']
[1.157s] Level 1:colcon.colcon_core.package_identification:_identify(/home/jezzy/yolobot/models/bus) by extension 'python_setup_py'
[1.157s] Level 1:colcon.colcon_core.package_identification:_identify(/home/jezzy/yolobot/models/bus/materials) by extensions ['ignore', 'ignore_ament_install']
[1.157s] Level 1:colcon.colcon_core.package_identification:_identify(/home/jezzy/yolobot/models/bus/materials) by extension 'ignore'
[1.157s] Level 1:colcon.colcon_core.package_identification:_identify(/home/jezzy/yolobot/models/bus/materials) by extension 'ignore_ament_install'
[1.158s] Level 1:colcon.colcon_core.package_identification:_identify(/home/jezzy/yolobot/models/bus/materials) by extensions ['colcon_pkg']
[1.158s] Level 1:colcon.colcon_core.package_identification:_identify(/home/jezzy/yolobot/models/bus/materials) by extension 'colcon_pkg'
[1.158s] Level 1:colcon.colcon_core.package_identification:_identify(/home/jezzy/yolobot/models/bus/materials) by extensions ['colcon_meta']
[1.158s] Level 1:colcon.colcon_core.package_identification:_identify(/home/jezzy/yolobot/models/bus/materials) by extension 'colcon_meta'
[1.158s] Level 1:colcon.colcon_core.package_identification:_identify(/home/jezzy/yolobot/models/bus/materials) by extensions ['ros']
[1.158s] Level 1:colcon.colcon_core.package_identification:_identify(/home/jezzy/yolobot/models/bus/materials) by extension 'ros'
[1.158s] Level 1:colcon.colcon_core.package_identification:_identify(/home/jezzy/yolobot/models/bus/materials) by extensions ['cmake', 'python']
[1.158s] Level 1:colcon.colcon_core.package_identification:_identify(/home/jezzy/yolobot/models/bus/materials) by extension 'cmake'
[1.158s] Level 1:colcon.colcon_core.package_identification:_identify(/home/jezzy/yolobot/models/bus/materials) by extension 'python'
[1.158s] Level 1:colcon.colcon_core.package_identification:_identify(/home/jezzy/yolobot/models/bus/materials) by extensions ['python_setup_py']
[1.158s] Level 1:colcon.colcon_core.package_identification:_identify(/home/jezzy/yolobot/models/bus/materials) by extension 'python_setup_py'
[1.158s] Level 1:colcon.colcon_core.package_identification:_identify(/home/jezzy/yolobot/models/bus/materials/textures) by extensions ['ignore', 'ignore_ament_install']
[1.159s] Level 1:colcon.colcon_core.package_identification:_identify(/home/jezzy/yolobot/models/bus/materials/textures) by extension 'ignore'
[1.159s] Level 1:colcon.colcon_core.package_identification:_identify(/home/jezzy/yolobot/models/bus/materials/textures) by extension 'ignore_ament_install'
[1.159s] Level 1:colcon.colcon_core.package_identification:_identify(/home/jezzy/yolobot/models/bus/materials/textures) by extensions ['colcon_pkg']
[1.159s] Level 1:colcon.colcon_core.package_identification:_identify(/home/jezzy/yolobot/models/bus/materials/textures) by extension 'colcon_pkg'
[1.159s] Level 1:colcon.colcon_core.package_identification:_identify(/home/jezzy/yolobot/models/bus/materials/textures) by extensions ['colcon_meta']
[1.159s] Level 1:colcon.colcon_core.package_identification:_identify(/home/jezzy/yolobot/models/bus/materials/textures) by extension 'colcon_meta'
[1.159s] Level 1:colcon.colcon_core.package_identification:_identify(/home/jezzy/yolobot/models/bus/materials/textures) by extensions ['ros']
[1.159s] Level 1:colcon.colcon_core.package_identification:_identify(/home/jezzy/yolobot/models/bus/materials/textures) by extension 'ros'
[1.159s] Level 1:colcon.colcon_core.package_identification:_identify(/home/jezzy/yolobot/models/bus/materials/textures) by extensions ['cmake', 'python']
[1.159s] Level 1:colcon.colcon_core.package_identification:_identify(/home/jezzy/yolobot/models/bus/materials/textures) by extension 'cmake'
[1.159s] Level 1:colcon.colcon_core.package_identification:_identify(/home/jezzy/yolobot/models/bus/materials/textures) by extension 'python'
[1.159s] Level 1:colcon.colcon_core.package_identification:_identify(/home/jezzy/yolobot/models/bus/materials/textures) by extensions ['python_setup_py']
[1.160s] Level 1:colcon.colcon_core.package_identification:_identify(/home/jezzy/yolobot/models/bus/materials/textures) by extension 'python_setup_py'
[1.160s] Level 1:colcon.colcon_core.package_identification:_identify(/home/jezzy/yolobot/models/bus/meshes) by extensions ['ignore', 'ignore_ament_install']
[1.160s] Level 1:colcon.colcon_core.package_identification:_identify(/home/jezzy/yolobot/models/bus/meshes) by extension 'ignore'
[1.160s] Level 1:colcon.colcon_core.package_identification:_identify(/home/jezzy/yolobot/models/bus/meshes) by extension 'ignore_ament_install'
[1.161s] Level 1:colcon.colcon_core.package_identification:_identify(/home/jezzy/yolobot/models/bus/meshes) by extensions ['colcon_pkg']
[1.161s] Level 1:colcon.colcon_core.package_identification:_identify(/home/jezzy/yolobot/models/bus/meshes) by extension 'colcon_pkg'
[1.161s] Level 1:colcon.colcon_core.package_identification:_identify(/home/jezzy/yolobot/models/bus/meshes) by extensions ['colcon_meta']
[1.161s] Level 1:colcon.colcon_core.package_identification:_identify(/home/jezzy/yolobot/models/bus/meshes) by extension 'colcon_meta'
[1.161s] Level 1:colcon.colcon_core.package_identification:_identify(/home/jezzy/yolobot/models/bus/meshes) by extensions ['ros']
[1.161s] Level 1:colcon.colcon_core.package_identification:_identify(/home/jezzy/yolobot/models/bus/meshes) by extension 'ros'
[1.162s] Level 1:colcon.colcon_core.package_identification:_identify(/home/jezzy/yolobot/models/bus/meshes) by extensions ['cmake', 'python']
[1.162s] Level 1:colcon.colcon_core.package_identification:_identify(/home/jezzy/yolobot/models/bus/meshes) by extension 'cmake'
[1.162s] Level 1:colcon.colcon_core.package_identification:_identify(/home/jezzy/yolobot/models/bus/meshes) by extension 'python'
[1.162s] Level 1:colcon.colcon_core.package_identification:_identify(/home/jezzy/yolobot/models/bus/meshes) by extensions ['python_setup_py']
[1.162s] Level 1:colcon.colcon_core.package_identification:_identify(/home/jezzy/yolobot/models/bus/meshes) by extension 'python_setup_py'
[1.163s] Level 1:colcon.colcon_core.package_identification:_identify(/home/jezzy/yolobot/models/person_standing) by extensions ['ignore', 'ignore_ament_install']
[1.163s] Level 1:colcon.colcon_core.package_identification:_identify(/home/jezzy/yolobot/models/person_standing) by extension 'ignore'
[1.163s] Level 1:colcon.colcon_core.package_identification:_identify(/home/jezzy/yolobot/models/person_standing) by extension 'ignore_ament_install'
[1.163s] Level 1:colcon.colcon_core.package_identification:_identify(/home/jezzy/yolobot/models/person_standing) by extensions ['colcon_pkg']
[1.163s] Level 1:colcon.colcon_core.package_identification:_identify(/home/jezzy/yolobot/models/person_standing) by extension 'colcon_pkg'
[1.163s] Level 1:colcon.colcon_core.package_identification:_identify(/home/jezzy/yolobot/models/person_standing) by extensions ['colcon_meta']
[1.164s] Level 1:colcon.colcon_core.package_identification:_identify(/home/jezzy/yolobot/models/person_standing) by extension 'colcon_meta'
[1.164s] Level 1:colcon.colcon_core.package_identification:_identify(/home/jezzy/yolobot/models/person_standing) by extensions ['ros']
[1.164s] Level 1:colcon.colcon_core.package_identification:_identify(/home/jezzy/yolobot/models/person_standing) by extension 'ros'
[1.164s] Level 1:colcon.colcon_core.package_identification:_identify(/home/jezzy/yolobot/models/person_standing) by extensions ['cmake', 'python']
[1.164s] Level 1:colcon.colcon_core.package_identification:_identify(/home/jezzy/yolobot/models/person_standing) by extension 'cmake'
[1.164s] Level 1:colcon.colcon_core.package_identification:_identify(/home/jezzy/yolobot/models/person_standing) by extension 'python'
[1.164s] Level 1:colcon.colcon_core.package_identification:_identify(/home/jezzy/yolobot/models/person_standing) by extensions ['python_setup_py']
[1.164s] Level 1:colcon.colcon_core.package_identification:_identify(/home/jezzy/yolobot/models/person_standing) by extension 'python_setup_py'
[1.165s] Level 1:colcon.colcon_core.package_identification:_identify(/home/jezzy/yolobot/models/person_standing/materials) by extensions ['ignore', 'ignore_ament_install']
[1.165s] Level 1:colcon.colcon_core.package_identification:_identify(/home/jezzy/yolobot/models/person_standing/materials) by extension 'ignore'
[1.165s] Level 1:colcon.colcon_core.package_identification:_identify(/home/jezzy/yolobot/models/person_standing/materials) by extension 'ignore_ament_install'
[1.165s] Level 1:colcon.colcon_core.package_identification:_identify(/home/jezzy/yolobot/models/person_standing/materials) by extensions ['colcon_pkg']
[1.165s] Level 1:colcon.colcon_core.package_identification:_identify(/home/jezzy/yolobot/models/person_standing/materials) by extension 'colcon_pkg'
[1.166s] Level 1:colcon.colcon_core.package_identification:_identify(/home/jezzy/yolobot/models/person_standing/materials) by extensions ['colcon_meta']
[1.166s] Level 1:colcon.colcon_core.package_identification:_identify(/home/jezzy/yolobot/models/person_standing/materials) by extension 'colcon_meta'
[1.166s] Level 1:colcon.colcon_core.package_identification:_identify(/home/jezzy/yolobot/models/person_standing/materials) by extensions ['ros']
[1.166s] Level 1:colcon.colcon_core.package_identification:_identify(/home/jezzy/yolobot/models/person_standing/materials) by extension 'ros'
[1.166s] Level 1:colcon.colcon_core.package_identification:_identify(/home/jezzy/yolobot/models/person_standing/materials) by extensions ['cmake', 'python']
[1.166s] Level 1:colcon.colcon_core.package_identification:_identify(/home/jezzy/yolobot/models/person_standing/materials) by extension 'cmake'
[1.166s] Level 1:colcon.colcon_core.package_identification:_identify(/home/jezzy/yolobot/models/person_standing/materials) by extension 'python'
[1.166s] Level 1:colcon.colcon_core.package_identification:_identify(/home/jezzy/yolobot/models/person_standing/materials) by extensions ['python_setup_py']
[1.167s] Level 1:colcon.colcon_core.package_identification:_identify(/home/jezzy/yolobot/models/person_standing/materials) by extension 'python_setup_py'
[1.167s] Level 1:colcon.colcon_core.package_identification:_identify(/home/jezzy/yolobot/models/person_standing/materials/textures) by extensions ['ignore', 'ignore_ament_install']
[1.167s] Level 1:colcon.colcon_core.package_identification:_identify(/home/jezzy/yolobot/models/person_standing/materials/textures) by extension 'ignore'
[1.167s] Level 1:colcon.colcon_core.package_identification:_identify(/home/jezzy/yolobot/models/person_standing/materials/textures) by extension 'ignore_ament_install'
[1.167s] Level 1:colcon.colcon_core.package_identification:_identify(/home/jezzy/yolobot/models/person_standing/materials/textures) by extensions ['colcon_pkg']
[1.168s] Level 1:colcon.colcon_core.package_identification:_identify(/home/jezzy/yolobot/models/person_standing/materials/textures) by extension 'colcon_pkg'
[1.168s] Level 1:colcon.colcon_core.package_identification:_identify(/home/jezzy/yolobot/models/person_standing/materials/textures) by extensions ['colcon_meta']
[1.168s] Level 1:colcon.colcon_core.package_identification:_identify(/home/jezzy/yolobot/models/person_standing/materials/textures) by extension 'colcon_meta'
[1.168s] Level 1:colcon.colcon_core.package_identification:_identify(/home/jezzy/yolobot/models/person_standing/materials/textures) by extensions ['ros']
[1.168s] Level 1:colcon.colcon_core.package_identification:_identify(/home/jezzy/yolobot/models/person_standing/materials/textures) by extension 'ros'
[1.168s] Level 1:colcon.colcon_core.package_identification:_identify(/home/jezzy/yolobot/models/person_standing/materials/textures) by extensions ['cmake', 'python']
[1.168s] Level 1:colcon.colcon_core.package_identification:_identify(/home/jezzy/yolobot/models/person_standing/materials/textures) by extension 'cmake'
[1.168s] Level 1:colcon.colcon_core.package_identification:_identify(/home/jezzy/yolobot/models/person_standing/materials/textures) by extension 'python'
[1.169s] Level 1:colcon.colcon_core.package_identification:_identify(/home/jezzy/yolobot/models/person_standing/materials/textures) by extensions ['python_setup_py']
[1.169s] Level 1:colcon.colcon_core.package_identification:_identify(/home/jezzy/yolobot/models/person_standing/materials/textures) by extension 'python_setup_py'
[1.169s] Level 1:colcon.colcon_core.package_identification:_identify(/home/jezzy/yolobot/models/person_standing/meshes) by extensions ['ignore', 'ignore_ament_install']
[1.169s] Level 1:colcon.colcon_core.package_identification:_identify(/home/jezzy/yolobot/models/person_standing/meshes) by extension 'ignore'
[1.169s] Level 1:colcon.colcon_core.package_identification:_identify(/home/jezzy/yolobot/models/person_standing/meshes) by extension 'ignore_ament_install'
[1.170s] Level 1:colcon.colcon_core.package_identification:_identify(/home/jezzy/yolobot/models/person_standing/meshes) by extensions ['colcon_pkg']
[1.170s] Level 1:colcon.colcon_core.package_identification:_identify(/home/jezzy/yolobot/models/person_standing/meshes) by extension 'colcon_pkg'
[1.170s] Level 1:colcon.colcon_core.package_identification:_identify(/home/jezzy/yolobot/models/person_standing/meshes) by extensions ['colcon_meta']
[1.170s] Level 1:colcon.colcon_core.package_identification:_identify(/home/jezzy/yolobot/models/person_standing/meshes) by extension 'colcon_meta'
[1.170s] Level 1:colcon.colcon_core.package_identification:_identify(/home/jezzy/yolobot/models/person_standing/meshes) by extensions ['ros']
[1.170s] Level 1:colcon.colcon_core.package_identification:_identify(/home/jezzy/yolobot/models/person_standing/meshes) by extension 'ros'
[1.170s] Level 1:colcon.colcon_core.package_identification:_identify(/home/jezzy/yolobot/models/person_standing/meshes) by extensions ['cmake', 'python']
[1.170s] Level 1:colcon.colcon_core.package_identification:_identify(/home/jezzy/yolobot/models/person_standing/meshes) by extension 'cmake'
[1.171s] Level 1:colcon.colcon_core.package_identification:_identify(/home/jezzy/yolobot/models/person_standing/meshes) by extension 'python'
[1.171s] Level 1:colcon.colcon_core.package_identification:_identify(/home/jezzy/yolobot/models/person_standing/meshes) by extensions ['python_setup_py']
[1.171s] Level 1:colcon.colcon_core.package_identification:_identify(/home/jezzy/yolobot/models/person_standing/meshes) by extension 'python_setup_py'
[1.171s] Level 1:colcon.colcon_core.package_identification:_identify(/home/jezzy/yolobot/models/postbox) by extensions ['ignore', 'ignore_ament_install']
[1.171s] Level 1:colcon.colcon_core.package_identification:_identify(/home/jezzy/yolobot/models/postbox) by extension 'ignore'
[1.172s] Level 1:colcon.colcon_core.package_identification:_identify(/home/jezzy/yolobot/models/postbox) by extension 'ignore_ament_install'
[1.172s] Level 1:colcon.colcon_core.package_identification:_identify(/home/jezzy/yolobot/models/postbox) by extensions ['colcon_pkg']
[1.172s] Level 1:colcon.colcon_core.package_identification:_identify(/home/jezzy/yolobot/models/postbox) by extension 'colcon_pkg'
[1.172s] Level 1:colcon.colcon_core.package_identification:_identify(/home/jezzy/yolobot/models/postbox) by extensions ['colcon_meta']
[1.172s] Level 1:colcon.colcon_core.package_identification:_identify(/home/jezzy/yolobot/models/postbox) by extension 'colcon_meta'
[1.172s] Level 1:colcon.colcon_core.package_identification:_identify(/home/jezzy/yolobot/models/postbox) by extensions ['ros']
[1.172s] Level 1:colcon.colcon_core.package_identification:_identify(/home/jezzy/yolobot/models/postbox) by extension 'ros'
[1.173s] Level 1:colcon.colcon_core.package_identification:_identify(/home/jezzy/yolobot/models/postbox) by extensions ['cmake', 'python']
[1.173s] Level 1:colcon.colcon_core.package_identification:_identify(/home/jezzy/yolobot/models/postbox) by extension 'cmake'
[1.173s] Level 1:colcon.colcon_core.package_identification:_identify(/home/jezzy/yolobot/models/postbox) by extension 'python'
[1.173s] Level 1:colcon.colcon_core.package_identification:_identify(/home/jezzy/yolobot/models/postbox) by extensions ['python_setup_py']
[1.173s] Level 1:colcon.colcon_core.package_identification:_identify(/home/jezzy/yolobot/models/postbox) by extension 'python_setup_py'
[1.173s] Level 1:colcon.colcon_core.package_identification:_identify(/home/jezzy/yolobot/models/postbox/materials) by extensions ['ignore', 'ignore_ament_install']
[1.174s] Level 1:colcon.colcon_core.package_identification:_identify(/home/jezzy/yolobot/models/postbox/materials) by extension 'ignore'
[1.174s] Level 1:colcon.colcon_core.package_identification:_identify(/home/jezzy/yolobot/models/postbox/materials) by extension 'ignore_ament_install'
[1.174s] Level 1:colcon.colcon_core.package_identification:_identify(/home/jezzy/yolobot/models/postbox/materials) by extensions ['colcon_pkg']
[1.174s] Level 1:colcon.colcon_core.package_identification:_identify(/home/jezzy/yolobot/models/postbox/materials) by extension 'colcon_pkg'
[1.174s] Level 1:colcon.colcon_core.package_identification:_identify(/home/jezzy/yolobot/models/postbox/materials) by extensions ['colcon_meta']
[1.174s] Level 1:colcon.colcon_core.package_identification:_identify(/home/jezzy/yolobot/models/postbox/materials) by extension 'colcon_meta'
[1.174s] Level 1:colcon.colcon_core.package_identification:_identify(/home/jezzy/yolobot/models/postbox/materials) by extensions ['ros']
[1.174s] Level 1:colcon.colcon_core.package_identification:_identify(/home/jezzy/yolobot/models/postbox/materials) by extension 'ros'
[1.175s] Level 1:colcon.colcon_core.package_identification:_identify(/home/jezzy/yolobot/models/postbox/materials) by extensions ['cmake', 'python']
[1.175s] Level 1:colcon.colcon_core.package_identification:_identify(/home/jezzy/yolobot/models/postbox/materials) by extension 'cmake'
[1.175s] Level 1:colcon.colcon_core.package_identification:_identify(/home/jezzy/yolobot/models/postbox/materials) by extension 'python'
[1.175s] Level 1:colcon.colcon_core.package_identification:_identify(/home/jezzy/yolobot/models/postbox/materials) by extensions ['python_setup_py']
[1.175s] Level 1:colcon.colcon_core.package_identification:_identify(/home/jezzy/yolobot/models/postbox/materials) by extension 'python_setup_py'
[1.175s] Level 1:colcon.colcon_core.package_identification:_identify(/home/jezzy/yolobot/models/postbox/materials/textures) by extensions ['ignore', 'ignore_ament_install']
[1.176s] Level 1:colcon.colcon_core.package_identification:_identify(/home/jezzy/yolobot/models/postbox/materials/textures) by extension 'ignore'
[1.176s] Level 1:colcon.colcon_core.package_identification:_identify(/home/jezzy/yolobot/models/postbox/materials/textures) by extension 'ignore_ament_install'
[1.176s] Level 1:colcon.colcon_core.package_identification:_identify(/home/jezzy/yolobot/models/postbox/materials/textures) by extensions ['colcon_pkg']
[1.176s] Level 1:colcon.colcon_core.package_identification:_identify(/home/jezzy/yolobot/models/postbox/materials/textures) by extension 'colcon_pkg'
[1.176s] Level 1:colcon.colcon_core.package_identification:_identify(/home/jezzy/yolobot/models/postbox/materials/textures) by extensions ['colcon_meta']
[1.176s] Level 1:colcon.colcon_core.package_identification:_identify(/home/jezzy/yolobot/models/postbox/materials/textures) by extension 'colcon_meta'
[1.176s] Level 1:colcon.colcon_core.package_identification:_identify(/home/jezzy/yolobot/models/postbox/materials/textures) by extensions ['ros']
[1.177s] Level 1:colcon.colcon_core.package_identification:_identify(/home/jezzy/yolobot/models/postbox/materials/textures) by extension 'ros'
[1.177s] Level 1:colcon.colcon_core.package_identification:_identify(/home/jezzy/yolobot/models/postbox/materials/textures) by extensions ['cmake', 'python']
[1.177s] Level 1:colcon.colcon_core.package_identification:_identify(/home/jezzy/yolobot/models/postbox/materials/textures) by extension 'cmake'
[1.177s] Level 1:colcon.colcon_core.package_identification:_identify(/home/jezzy/yolobot/models/postbox/materials/textures) by extension 'python'
[1.177s] Level 1:colcon.colcon_core.package_identification:_identify(/home/jezzy/yolobot/models/postbox/materials/textures) by extensions ['python_setup_py']
[1.177s] Level 1:colcon.colcon_core.package_identification:_identify(/home/jezzy/yolobot/models/postbox/materials/textures) by extension 'python_setup_py'
[1.178s] Level 1:colcon.colcon_core.package_identification:_identify(/home/jezzy/yolobot/models/postbox/meshes) by extensions ['ignore', 'ignore_ament_install']
[1.178s] Level 1:colcon.colcon_core.package_identification:_identify(/home/jezzy/yolobot/models/postbox/meshes) by extension 'ignore'
[1.178s] Level 1:colcon.colcon_core.package_identification:_identify(/home/jezzy/yolobot/models/postbox/meshes) by extension 'ignore_ament_install'
[1.179s] Level 1:colcon.colcon_core.package_identification:_identify(/home/jezzy/yolobot/models/postbox/meshes) by extensions ['colcon_pkg']
[1.179s] Level 1:colcon.colcon_core.package_identification:_identify(/home/jezzy/yolobot/models/postbox/meshes) by extension 'colcon_pkg'
[1.179s] Level 1:colcon.colcon_core.package_identification:_identify(/home/jezzy/yolobot/models/postbox/meshes) by extensions ['colcon_meta']
[1.179s] Level 1:colcon.colcon_core.package_identification:_identify(/home/jezzy/yolobot/models/postbox/meshes) by extension 'colcon_meta'
[1.179s] Level 1:colcon.colcon_core.package_identification:_identify(/home/jezzy/yolobot/models/postbox/meshes) by extensions ['ros']
[1.179s] Level 1:colcon.colcon_core.package_identification:_identify(/home/jezzy/yolobot/models/postbox/meshes) by extension 'ros'
[1.179s] Level 1:colcon.colcon_core.package_identification:_identify(/home/jezzy/yolobot/models/postbox/meshes) by extensions ['cmake', 'python']
[1.180s] Level 1:colcon.colcon_core.package_identification:_identify(/home/jezzy/yolobot/models/postbox/meshes) by extension 'cmake'
[1.180s] Level 1:colcon.colcon_core.package_identification:_identify(/home/jezzy/yolobot/models/postbox/meshes) by extension 'python'
[1.180s] Level 1:colcon.colcon_core.package_identification:_identify(/home/jezzy/yolobot/models/postbox/meshes) by extensions ['python_setup_py']
[1.180s] Level 1:colcon.colcon_core.package_identification:_identify(/home/jezzy/yolobot/models/postbox/meshes) by extension 'python_setup_py'
[1.180s] Level 1:colcon.colcon_core.package_identification:_identify(/home/jezzy/yolobot/models/prius_hybrid) by extensions ['ignore', 'ignore_ament_install']
[1.181s] Level 1:colcon.colcon_core.package_identification:_identify(/home/jezzy/yolobot/models/prius_hybrid) by extension 'ignore'
[1.181s] Level 1:colcon.colcon_core.package_identification:_identify(/home/jezzy/yolobot/models/prius_hybrid) by extension 'ignore_ament_install'
[1.181s] Level 1:colcon.colcon_core.package_identification:_identify(/home/jezzy/yolobot/models/prius_hybrid) by extensions ['colcon_pkg']
[1.181s] Level 1:colcon.colcon_core.package_identification:_identify(/home/jezzy/yolobot/models/prius_hybrid) by extension 'colcon_pkg'
[1.181s] Level 1:colcon.colcon_core.package_identification:_identify(/home/jezzy/yolobot/models/prius_hybrid) by extensions ['colcon_meta']
[1.181s] Level 1:colcon.colcon_core.package_identification:_identify(/home/jezzy/yolobot/models/prius_hybrid) by extension 'colcon_meta'
[1.181s] Level 1:colcon.colcon_core.package_identification:_identify(/home/jezzy/yolobot/models/prius_hybrid) by extensions ['ros']
[1.182s] Level 1:colcon.colcon_core.package_identification:_identify(/home/jezzy/yolobot/models/prius_hybrid) by extension 'ros'
[1.182s] Level 1:colcon.colcon_core.package_identification:_identify(/home/jezzy/yolobot/models/prius_hybrid) by extensions ['cmake', 'python']
[1.182s] Level 1:colcon.colcon_core.package_identification:_identify(/home/jezzy/yolobot/models/prius_hybrid) by extension 'cmake'
[1.182s] Level 1:colcon.colcon_core.package_identification:_identify(/home/jezzy/yolobot/models/prius_hybrid) by extension 'python'
[1.183s] Level 1:colcon.colcon_core.package_identification:_identify(/home/jezzy/yolobot/models/prius_hybrid) by extensions ['python_setup_py']
[1.183s] Level 1:colcon.colcon_core.package_identification:_identify(/home/jezzy/yolobot/models/prius_hybrid) by extension 'python_setup_py'
[1.184s] Level 1:colcon.colcon_core.package_identification:_identify(/home/jezzy/yolobot/models/prius_hybrid/materials) by extensions ['ignore', 'ignore_ament_install']
[1.188s] Level 1:colcon.colcon_core.package_identification:_identify(/home/jezzy/yolobot/models/prius_hybrid/materials) by extension 'ignore'
[1.188s] Level 1:colcon.colcon_core.package_identification:_identify(/home/jezzy/yolobot/models/prius_hybrid/materials) by extension 'ignore_ament_install'
[1.188s] Level 1:colcon.colcon_core.package_identification:_identify(/home/jezzy/yolobot/models/prius_hybrid/materials) by extensions ['colcon_pkg']
[1.188s] Level 1:colcon.colcon_core.package_identification:_identify(/home/jezzy/yolobot/models/prius_hybrid/materials) by extension 'colcon_pkg'
[1.189s] Level 1:colcon.colcon_core.package_identification:_identify(/home/jezzy/yolobot/models/prius_hybrid/materials) by extensions ['colcon_meta']
[1.189s] Level 1:colcon.colcon_core.package_identification:_identify(/home/jezzy/yolobot/models/prius_hybrid/materials) by extension 'colcon_meta'
[1.189s] Level 1:colcon.colcon_core.package_identification:_identify(/home/jezzy/yolobot/models/prius_hybrid/materials) by extensions ['ros']
[1.189s] Level 1:colcon.colcon_core.package_identification:_identify(/home/jezzy/yolobot/models/prius_hybrid/materials) by extension 'ros'
[1.189s] Level 1:colcon.colcon_core.package_identification:_identify(/home/jezzy/yolobot/models/prius_hybrid/materials) by extensions ['cmake', 'python']
[1.189s] Level 1:colcon.colcon_core.package_identification:_identify(/home/jezzy/yolobot/models/prius_hybrid/materials) by extension 'cmake'
[1.190s] Level 1:colcon.colcon_core.package_identification:_identify(/home/jezzy/yolobot/models/prius_hybrid/materials) by extension 'python'
[1.190s] Level 1:colcon.colcon_core.package_identification:_identify(/home/jezzy/yolobot/models/prius_hybrid/materials) by extensions ['python_setup_py']
[1.190s] Level 1:colcon.colcon_core.package_identification:_identify(/home/jezzy/yolobot/models/prius_hybrid/materials) by extension 'python_setup_py'
[1.190s] Level 1:colcon.colcon_core.package_identification:_identify(/home/jezzy/yolobot/models/prius_hybrid/materials/textures) by extensions ['ignore', 'ignore_ament_install']
[1.191s] Level 1:colcon.colcon_core.package_identification:_identify(/home/jezzy/yolobot/models/prius_hybrid/materials/textures) by extension 'ignore'
[1.191s] Level 1:colcon.colcon_core.package_identification:_identify(/home/jezzy/yolobot/models/prius_hybrid/materials/textures) by extension 'ignore_ament_install'
[1.191s] Level 1:colcon.colcon_core.package_identification:_identify(/home/jezzy/yolobot/models/prius_hybrid/materials/textures) by extensions ['colcon_pkg']
[1.191s] Level 1:colcon.colcon_core.package_identification:_identify(/home/jezzy/yolobot/models/prius_hybrid/materials/textures) by extension 'colcon_pkg'
[1.191s] Level 1:colcon.colcon_core.package_identification:_identify(/home/jezzy/yolobot/models/prius_hybrid/materials/textures) by extensions ['colcon_meta']
[1.192s] Level 1:colcon.colcon_core.package_identification:_identify(/home/jezzy/yolobot/models/prius_hybrid/materials/textures) by extension 'colcon_meta'
[1.192s] Level 1:colcon.colcon_core.package_identification:_identify(/home/jezzy/yolobot/models/prius_hybrid/materials/textures) by extensions ['ros']
[1.192s] Level 1:colcon.colcon_core.package_identification:_identify(/home/jezzy/yolobot/models/prius_hybrid/materials/textures) by extension 'ros'
[1.193s] Level 1:colcon.colcon_core.package_identification:_identify(/home/jezzy/yolobot/models/prius_hybrid/materials/textures) by extensions ['cmake', 'python']
[1.193s] Level 1:colcon.colcon_core.package_identification:_identify(/home/jezzy/yolobot/models/prius_hybrid/materials/textures) by extension 'cmake'
[1.193s] Level 1:colcon.colcon_core.package_identification:_identify(/home/jezzy/yolobot/models/prius_hybrid/materials/textures) by extension 'python'
[1.193s] Level 1:colcon.colcon_core.package_identification:_identify(/home/jezzy/yolobot/models/prius_hybrid/materials/textures) by extensions ['python_setup_py']
[1.193s] Level 1:colcon.colcon_core.package_identification:_identify(/home/jezzy/yolobot/models/prius_hybrid/materials/textures) by extension 'python_setup_py'
[1.194s] Level 1:colcon.colcon_core.package_identification:_identify(/home/jezzy/yolobot/models/prius_hybrid/meshes) by extensions ['ignore', 'ignore_ament_install']
[1.194s] Level 1:colcon.colcon_core.package_identification:_identify(/home/jezzy/yolobot/models/prius_hybrid/meshes) by extension 'ignore'
[1.195s] Level 1:colcon.colcon_core.package_identification:_identify(/home/jezzy/yolobot/models/prius_hybrid/meshes) by extension 'ignore_ament_install'
[1.195s] Level 1:colcon.colcon_core.package_identification:_identify(/home/jezzy/yolobot/models/prius_hybrid/meshes) by extensions ['colcon_pkg']
[1.195s] Level 1:colcon.colcon_core.package_identification:_identify(/home/jezzy/yolobot/models/prius_hybrid/meshes) by extension 'colcon_pkg'
[1.195s] Level 1:colcon.colcon_core.package_identification:_identify(/home/jezzy/yolobot/models/prius_hybrid/meshes) by extensions ['colcon_meta']
[1.195s] Level 1:colcon.colcon_core.package_identification:_identify(/home/jezzy/yolobot/models/prius_hybrid/meshes) by extension 'colcon_meta'
[1.196s] Level 1:colcon.colcon_core.package_identification:_identify(/home/jezzy/yolobot/models/prius_hybrid/meshes) by extensions ['ros']
[1.196s] Level 1:colcon.colcon_core.package_identification:_identify(/home/jezzy/yolobot/models/prius_hybrid/meshes) by extension 'ros'
[1.196s] Level 1:colcon.colcon_core.package_identification:_identify(/home/jezzy/yolobot/models/prius_hybrid/meshes) by extensions ['cmake', 'python']
[1.204s] Level 1:colcon.colcon_core.package_identification:_identify(/home/jezzy/yolobot/models/prius_hybrid/meshes) by extension 'cmake'
[1.205s] Level 1:colcon.colcon_core.package_identification:_identify(/home/jezzy/yolobot/models/prius_hybrid/meshes) by extension 'python'
[1.205s] Level 1:colcon.colcon_core.package_identification:_identify(/home/jezzy/yolobot/models/prius_hybrid/meshes) by extensions ['python_setup_py']
[1.205s] Level 1:colcon.colcon_core.package_identification:_identify(/home/jezzy/yolobot/models/prius_hybrid/meshes) by extension 'python_setup_py'
[1.205s] Level 1:colcon.colcon_core.package_identification:_identify(/home/jezzy/yolobot/models/stop_sign) by extensions ['ignore', 'ignore_ament_install']
[1.205s] Level 1:colcon.colcon_core.package_identification:_identify(/home/jezzy/yolobot/models/stop_sign) by extension 'ignore'
[1.206s] Level 1:colcon.colcon_core.package_identification:_identify(/home/jezzy/yolobot/models/stop_sign) by extension 'ignore_ament_install'
[1.206s] Level 1:colcon.colcon_core.package_identification:_identify(/home/jezzy/yolobot/models/stop_sign) by extensions ['colcon_pkg']
[1.206s] Level 1:colcon.colcon_core.package_identification:_identify(/home/jezzy/yolobot/models/stop_sign) by extension 'colcon_pkg'
[1.206s] Level 1:colcon.colcon_core.package_identification:_identify(/home/jezzy/yolobot/models/stop_sign) by extensions ['colcon_meta']
[1.206s] Level 1:colcon.colcon_core.package_identification:_identify(/home/jezzy/yolobot/models/stop_sign) by extension 'colcon_meta'
[1.206s] Level 1:colcon.colcon_core.package_identification:_identify(/home/jezzy/yolobot/models/stop_sign) by extensions ['ros']
[1.206s] Level 1:colcon.colcon_core.package_identification:_identify(/home/jezzy/yolobot/models/stop_sign) by extension 'ros'
[1.206s] Level 1:colcon.colcon_core.package_identification:_identify(/home/jezzy/yolobot/models/stop_sign) by extensions ['cmake', 'python']
[1.206s] Level 1:colcon.colcon_core.package_identification:_identify(/home/jezzy/yolobot/models/stop_sign) by extension 'cmake'
[1.206s] Level 1:colcon.colcon_core.package_identification:_identify(/home/jezzy/yolobot/models/stop_sign) by extension 'python'
[1.206s] Level 1:colcon.colcon_core.package_identification:_identify(/home/jezzy/yolobot/models/stop_sign) by extensions ['python_setup_py']
[1.207s] Level 1:colcon.colcon_core.package_identification:_identify(/home/jezzy/yolobot/models/stop_sign) by extension 'python_setup_py'
[1.207s] Level 1:colcon.colcon_core.package_identification:_identify(/home/jezzy/yolobot/models/stop_sign/materials) by extensions ['ignore', 'ignore_ament_install']
[1.207s] Level 1:colcon.colcon_core.package_identification:_identify(/home/jezzy/yolobot/models/stop_sign/materials) by extension 'ignore'
[1.208s] Level 1:colcon.colcon_core.package_identification:_identify(/home/jezzy/yolobot/models/stop_sign/materials) by extension 'ignore_ament_install'
[1.208s] Level 1:colcon.colcon_core.package_identification:_identify(/home/jezzy/yolobot/models/stop_sign/materials) by extensions ['colcon_pkg']
[1.208s] Level 1:colcon.colcon_core.package_identification:_identify(/home/jezzy/yolobot/models/stop_sign/materials) by extension 'colcon_pkg'
[1.208s] Level 1:colcon.colcon_core.package_identification:_identify(/home/jezzy/yolobot/models/stop_sign/materials) by extensions ['colcon_meta']
[1.208s] Level 1:colcon.colcon_core.package_identification:_identify(/home/jezzy/yolobot/models/stop_sign/materials) by extension 'colcon_meta'
[1.209s] Level 1:colcon.colcon_core.package_identification:_identify(/home/jezzy/yolobot/models/stop_sign/materials) by extensions ['ros']
[1.209s] Level 1:colcon.colcon_core.package_identification:_identify(/home/jezzy/yolobot/models/stop_sign/materials) by extension 'ros'
[1.209s] Level 1:colcon.colcon_core.package_identification:_identify(/home/jezzy/yolobot/models/stop_sign/materials) by extensions ['cmake', 'python']
[1.209s] Level 1:colcon.colcon_core.package_identification:_identify(/home/jezzy/yolobot/models/stop_sign/materials) by extension 'cmake'
[1.209s] Level 1:colcon.colcon_core.package_identification:_identify(/home/jezzy/yolobot/models/stop_sign/materials) by extension 'python'
[1.209s] Level 1:colcon.colcon_core.package_identification:_identify(/home/jezzy/yolobot/models/stop_sign/materials) by extensions ['python_setup_py']
[1.210s] Level 1:colcon.colcon_core.package_identification:_identify(/home/jezzy/yolobot/models/stop_sign/materials) by extension 'python_setup_py'
[1.210s] Level 1:colcon.colcon_core.package_identification:_identify(/home/jezzy/yolobot/models/stop_sign/materials/scripts) by extensions ['ignore', 'ignore_ament_install']
[1.211s] Level 1:colcon.colcon_core.package_identification:_identify(/home/jezzy/yolobot/models/stop_sign/materials/scripts) by extension 'ignore'
[1.211s] Level 1:colcon.colcon_core.package_identification:_identify(/home/jezzy/yolobot/models/stop_sign/materials/scripts) by extension 'ignore_ament_install'
[1.211s] Level 1:colcon.colcon_core.package_identification:_identify(/home/jezzy/yolobot/models/stop_sign/materials/scripts) by extensions ['colcon_pkg']
[1.211s] Level 1:colcon.colcon_core.package_identification:_identify(/home/jezzy/yolobot/models/stop_sign/materials/scripts) by extension 'colcon_pkg'
[1.211s] Level 1:colcon.colcon_core.package_identification:_identify(/home/jezzy/yolobot/models/stop_sign/materials/scripts) by extensions ['colcon_meta']
[1.212s] Level 1:colcon.colcon_core.package_identification:_identify(/home/jezzy/yolobot/models/stop_sign/materials/scripts) by extension 'colcon_meta'
[1.212s] Level 1:colcon.colcon_core.package_identification:_identify(/home/jezzy/yolobot/models/stop_sign/materials/scripts) by extensions ['ros']
[1.212s] Level 1:colcon.colcon_core.package_identification:_identify(/home/jezzy/yolobot/models/stop_sign/materials/scripts) by extension 'ros'
[1.212s] Level 1:colcon.colcon_core.package_identification:_identify(/home/jezzy/yolobot/models/stop_sign/materials/scripts) by extensions ['cmake', 'python']
[1.212s] Level 1:colcon.colcon_core.package_identification:_identify(/home/jezzy/yolobot/models/stop_sign/materials/scripts) by extension 'cmake'
[1.213s] Level 1:colcon.colcon_core.package_identification:_identify(/home/jezzy/yolobot/models/stop_sign/materials/scripts) by extension 'python'
[1.216s] Level 1:colcon.colcon_core.package_identification:_identify(/home/jezzy/yolobot/models/stop_sign/materials/scripts) by extensions ['python_setup_py']
[1.217s] Level 1:colcon.colcon_core.package_identification:_identify(/home/jezzy/yolobot/models/stop_sign/materials/scripts) by extension 'python_setup_py'
[1.224s] Level 1:colcon.colcon_core.package_identification:_identify(/home/jezzy/yolobot/models/stop_sign/materials/textures) by extensions ['ignore', 'ignore_ament_install']
[1.225s] Level 1:colcon.colcon_core.package_identification:_identify(/home/jezzy/yolobot/models/stop_sign/materials/textures) by extension 'ignore'
[1.225s] Level 1:colcon.colcon_core.package_identification:_identify(/home/jezzy/yolobot/models/stop_sign/materials/textures) by extension 'ignore_ament_install'
[1.226s] Level 1:colcon.colcon_core.package_identification:_identify(/home/jezzy/yolobot/models/stop_sign/materials/textures) by extensions ['colcon_pkg']
[1.226s] Level 1:colcon.colcon_core.package_identification:_identify(/home/jezzy/yolobot/models/stop_sign/materials/textures) by extension 'colcon_pkg'
[1.226s] Level 1:colcon.colcon_core.package_identification:_identify(/home/jezzy/yolobot/models/stop_sign/materials/textures) by extensions ['colcon_meta']
[1.226s] Level 1:colcon.colcon_core.package_identification:_identify(/home/jezzy/yolobot/models/stop_sign/materials/textures) by extension 'colcon_meta'
[1.226s] Level 1:colcon.colcon_core.package_identification:_identify(/home/jezzy/yolobot/models/stop_sign/materials/textures) by extensions ['ros']
[1.227s] Level 1:colcon.colcon_core.package_identification:_identify(/home/jezzy/yolobot/models/stop_sign/materials/textures) by extension 'ros'
[1.227s] Level 1:colcon.colcon_core.package_identification:_identify(/home/jezzy/yolobot/models/stop_sign/materials/textures) by extensions ['cmake', 'python']
[1.227s] Level 1:colcon.colcon_core.package_identification:_identify(/home/jezzy/yolobot/models/stop_sign/materials/textures) by extension 'cmake'
[1.227s] Level 1:colcon.colcon_core.package_identification:_identify(/home/jezzy/yolobot/models/stop_sign/materials/textures) by extension 'python'
[1.227s] Level 1:colcon.colcon_core.package_identification:_identify(/home/jezzy/yolobot/models/stop_sign/materials/textures) by extensions ['python_setup_py']
[1.227s] Level 1:colcon.colcon_core.package_identification:_identify(/home/jezzy/yolobot/models/stop_sign/materials/textures) by extension 'python_setup_py'
[1.228s] Level 1:colcon.colcon_core.package_identification:_identify(/home/jezzy/yolobot/models/stop_sign/meshes) by extensions ['ignore', 'ignore_ament_install']
[1.228s] Level 1:colcon.colcon_core.package_identification:_identify(/home/jezzy/yolobot/models/stop_sign/meshes) by extension 'ignore'
[1.228s] Level 1:colcon.colcon_core.package_identification:_identify(/home/jezzy/yolobot/models/stop_sign/meshes) by extension 'ignore_ament_install'
[1.229s] Level 1:colcon.colcon_core.package_identification:_identify(/home/jezzy/yolobot/models/stop_sign/meshes) by extensions ['colcon_pkg']
[1.229s] Level 1:colcon.colcon_core.package_identification:_identify(/home/jezzy/yolobot/models/stop_sign/meshes) by extension 'colcon_pkg'
[1.229s] Level 1:colcon.colcon_core.package_identification:_identify(/home/jezzy/yolobot/models/stop_sign/meshes) by extensions ['colcon_meta']
[1.229s] Level 1:colcon.colcon_core.package_identification:_identify(/home/jezzy/yolobot/models/stop_sign/meshes) by extension 'colcon_meta'
[1.229s] Level 1:colcon.colcon_core.package_identification:_identify(/home/jezzy/yolobot/models/stop_sign/meshes) by extensions ['ros']
[1.229s] Level 1:colcon.colcon_core.package_identification:_identify(/home/jezzy/yolobot/models/stop_sign/meshes) by extension 'ros'
[1.230s] Level 1:colcon.colcon_core.package_identification:_identify(/home/jezzy/yolobot/models/stop_sign/meshes) by extensions ['cmake', 'python']
[1.230s] Level 1:colcon.colcon_core.package_identification:_identify(/home/jezzy/yolobot/models/stop_sign/meshes) by extension 'cmake'
[1.230s] Level 1:colcon.colcon_core.package_identification:_identify(/home/jezzy/yolobot/models/stop_sign/meshes) by extension 'python'
[1.230s] Level 1:colcon.colcon_core.package_identification:_identify(/home/jezzy/yolobot/models/stop_sign/meshes) by extensions ['python_setup_py']
[1.230s] Level 1:colcon.colcon_core.package_identification:_identify(/home/jezzy/yolobot/models/stop_sign/meshes) by extension 'python_setup_py'
[1.230s] Level 1:colcon.colcon_core.package_identification:_identify(/home/jezzy/yolobot/models/suv) by extensions ['ignore', 'ignore_ament_install']
[1.231s] Level 1:colcon.colcon_core.package_identification:_identify(/home/jezzy/yolobot/models/suv) by extension 'ignore'
[1.231s] Level 1:colcon.colcon_core.package_identification:_identify(/home/jezzy/yolobot/models/suv) by extension 'ignore_ament_install'
[1.231s] Level 1:colcon.colcon_core.package_identification:_identify(/home/jezzy/yolobot/models/suv) by extensions ['colcon_pkg']
[1.231s] Level 1:colcon.colcon_core.package_identification:_identify(/home/jezzy/yolobot/models/suv) by extension 'colcon_pkg'
[1.231s] Level 1:colcon.colcon_core.package_identification:_identify(/home/jezzy/yolobot/models/suv) by extensions ['colcon_meta']
[1.231s] Level 1:colcon.colcon_core.package_identification:_identify(/home/jezzy/yolobot/models/suv) by extension 'colcon_meta'
[1.232s] Level 1:colcon.colcon_core.package_identification:_identify(/home/jezzy/yolobot/models/suv) by extensions ['ros']
[1.232s] Level 1:colcon.colcon_core.package_identification:_identify(/home/jezzy/yolobot/models/suv) by extension 'ros'
[1.232s] Level 1:colcon.colcon_core.package_identification:_identify(/home/jezzy/yolobot/models/suv) by extensions ['cmake', 'python']
[1.232s] Level 1:colcon.colcon_core.package_identification:_identify(/home/jezzy/yolobot/models/suv) by extension 'cmake'
[1.232s] Level 1:colcon.colcon_core.package_identification:_identify(/home/jezzy/yolobot/models/suv) by extension 'python'
[1.232s] Level 1:colcon.colcon_core.package_identification:_identify(/home/jezzy/yolobot/models/suv) by extensions ['python_setup_py']
[1.232s] Level 1:colcon.colcon_core.package_identification:_identify(/home/jezzy/yolobot/models/suv) by extension 'python_setup_py'
[1.233s] Level 1:colcon.colcon_core.package_identification:_identify(/home/jezzy/yolobot/models/suv/materials) by extensions ['ignore', 'ignore_ament_install']
[1.233s] Level 1:colcon.colcon_core.package_identification:_identify(/home/jezzy/yolobot/models/suv/materials) by extension 'ignore'
[1.233s] Level 1:colcon.colcon_core.package_identification:_identify(/home/jezzy/yolobot/models/suv/materials) by extension 'ignore_ament_install'
[1.234s] Level 1:colcon.colcon_core.package_identification:_identify(/home/jezzy/yolobot/models/suv/materials) by extensions ['colcon_pkg']
[1.234s] Level 1:colcon.colcon_core.package_identification:_identify(/home/jezzy/yolobot/models/suv/materials) by extension 'colcon_pkg'
[1.234s] Level 1:colcon.colcon_core.package_identification:_identify(/home/jezzy/yolobot/models/suv/materials) by extensions ['colcon_meta']
[1.234s] Level 1:colcon.colcon_core.package_identification:_identify(/home/jezzy/yolobot/models/suv/materials) by extension 'colcon_meta'
[1.234s] Level 1:colcon.colcon_core.package_identification:_identify(/home/jezzy/yolobot/models/suv/materials) by extensions ['ros']
[1.234s] Level 1:colcon.colcon_core.package_identification:_identify(/home/jezzy/yolobot/models/suv/materials) by extension 'ros'
[1.235s] Level 1:colcon.colcon_core.package_identification:_identify(/home/jezzy/yolobot/models/suv/materials) by extensions ['cmake', 'python']
[1.235s] Level 1:colcon.colcon_core.package_identification:_identify(/home/jezzy/yolobot/models/suv/materials) by extension 'cmake'
[1.235s] Level 1:colcon.colcon_core.package_identification:_identify(/home/jezzy/yolobot/models/suv/materials) by extension 'python'
[1.235s] Level 1:colcon.colcon_core.package_identification:_identify(/home/jezzy/yolobot/models/suv/materials) by extensions ['python_setup_py']
[1.235s] Level 1:colcon.colcon_core.package_identification:_identify(/home/jezzy/yolobot/models/suv/materials) by extension 'python_setup_py'
[1.235s] Level 1:colcon.colcon_core.package_identification:_identify(/home/jezzy/yolobot/models/suv/materials/textures) by extensions ['ignore', 'ignore_ament_install']
[1.236s] Level 1:colcon.colcon_core.package_identification:_identify(/home/jezzy/yolobot/models/suv/materials/textures) by extension 'ignore'
[1.236s] Level 1:colcon.colcon_core.package_identification:_identify(/home/jezzy/yolobot/models/suv/materials/textures) by extension 'ignore_ament_install'
[1.236s] Level 1:colcon.colcon_core.package_identification:_identify(/home/jezzy/yolobot/models/suv/materials/textures) by extensions ['colcon_pkg']
[1.236s] Level 1:colcon.colcon_core.package_identification:_identify(/home/jezzy/yolobot/models/suv/materials/textures) by extension 'colcon_pkg'
[1.237s] Level 1:colcon.colcon_core.package_identification:_identify(/home/jezzy/yolobot/models/suv/materials/textures) by extensions ['colcon_meta']
[1.237s] Level 1:colcon.colcon_core.package_identification:_identify(/home/jezzy/yolobot/models/suv/materials/textures) by extension 'colcon_meta'
[1.237s] Level 1:colcon.colcon_core.package_identification:_identify(/home/jezzy/yolobot/models/suv/materials/textures) by extensions ['ros']
[1.237s] Level 1:colcon.colcon_core.package_identification:_identify(/home/jezzy/yolobot/models/suv/materials/textures) by extension 'ros'
[1.237s] Level 1:colcon.colcon_core.package_identification:_identify(/home/jezzy/yolobot/models/suv/materials/textures) by extensions ['cmake', 'python']
[1.237s] Level 1:colcon.colcon_core.package_identification:_identify(/home/jezzy/yolobot/models/suv/materials/textures) by extension 'cmake'
[1.237s] Level 1:colcon.colcon_core.package_identification:_identify(/home/jezzy/yolobot/models/suv/materials/textures) by extension 'python'
[1.238s] Level 1:colcon.colcon_core.package_identification:_identify(/home/jezzy/yolobot/models/suv/materials/textures) by extensions ['python_setup_py']
[1.238s] Level 1:colcon.colcon_core.package_identification:_identify(/home/jezzy/yolobot/models/suv/materials/textures) by extension 'python_setup_py'
[1.238s] Level 1:colcon.colcon_core.package_identification:_identify(/home/jezzy/yolobot/models/suv/meshes) by extensions ['ignore', 'ignore_ament_install']
[1.238s] Level 1:colcon.colcon_core.package_identification:_identify(/home/jezzy/yolobot/models/suv/meshes) by extension 'ignore'
[1.238s] Level 1:colcon.colcon_core.package_identification:_identify(/home/jezzy/yolobot/models/suv/meshes) by extension 'ignore_ament_install'
[1.239s] Level 1:colcon.colcon_core.package_identification:_identify(/home/jezzy/yolobot/models/suv/meshes) by extensions ['colcon_pkg']
[1.239s] Level 1:colcon.colcon_core.package_identification:_identify(/home/jezzy/yolobot/models/suv/meshes) by extension 'colcon_pkg'
[1.239s] Level 1:colcon.colcon_core.package_identification:_identify(/home/jezzy/yolobot/models/suv/meshes) by extensions ['colcon_meta']
[1.239s] Level 1:colcon.colcon_core.package_identification:_identify(/home/jezzy/yolobot/models/suv/meshes) by extension 'colcon_meta'
[1.239s] Level 1:colcon.colcon_core.package_identification:_identify(/home/jezzy/yolobot/models/suv/meshes) by extensions ['ros']
[1.239s] Level 1:colcon.colcon_core.package_identification:_identify(/home/jezzy/yolobot/models/suv/meshes) by extension 'ros'
[1.240s] Level 1:colcon.colcon_core.package_identification:_identify(/home/jezzy/yolobot/models/suv/meshes) by extensions ['cmake', 'python']
[1.240s] Level 1:colcon.colcon_core.package_identification:_identify(/home/jezzy/yolobot/models/suv/meshes) by extension 'cmake'
[1.240s] Level 1:colcon.colcon_core.package_identification:_identify(/home/jezzy/yolobot/models/suv/meshes) by extension 'python'
[1.240s] Level 1:colcon.colcon_core.package_identification:_identify(/home/jezzy/yolobot/models/suv/meshes) by extensions ['python_setup_py']
[1.240s] Level 1:colcon.colcon_core.package_identification:_identify(/home/jezzy/yolobot/models/suv/meshes) by extension 'python_setup_py'
[1.240s] Level 1:colcon.colcon_core.package_identification:_identify(/home/jezzy/yolobot/src) by extensions ['ignore', 'ignore_ament_install']
[1.241s] Level 1:colcon.colcon_core.package_identification:_identify(/home/jezzy/yolobot/src) by extension 'ignore'
[1.241s] Level 1:colcon.colcon_core.package_identification:_identify(/home/jezzy/yolobot/src) by extension 'ignore_ament_install'
[1.242s] Level 1:colcon.colcon_core.package_identification:_identify(/home/jezzy/yolobot/src) by extensions ['colcon_pkg']
[1.242s] Level 1:colcon.colcon_core.package_identification:_identify(/home/jezzy/yolobot/src) by extension 'colcon_pkg'
[1.242s] Level 1:colcon.colcon_core.package_identification:_identify(/home/jezzy/yolobot/src) by extensions ['colcon_meta']
[1.242s] Level 1:colcon.colcon_core.package_identification:_identify(/home/jezzy/yolobot/src) by extension 'colcon_meta'
[1.242s] Level 1:colcon.colcon_core.package_identification:_identify(/home/jezzy/yolobot/src) by extensions ['ros']
[1.242s] Level 1:colcon.colcon_core.package_identification:_identify(/home/jezzy/yolobot/src) by extension 'ros'
[1.243s] Level 1:colcon.colcon_core.package_identification:_identify(/home/jezzy/yolobot/src) by extensions ['cmake', 'python']
[1.243s] Level 1:colcon.colcon_core.package_identification:_identify(/home/jezzy/yolobot/src) by extension 'cmake'
[1.243s] Level 1:colcon.colcon_core.package_identification:_identify(/home/jezzy/yolobot/src) by extension 'python'
[1.243s] Level 1:colcon.colcon_core.package_identification:_identify(/home/jezzy/yolobot/src) by extensions ['python_setup_py']
[1.243s] Level 1:colcon.colcon_core.package_identification:_identify(/home/jezzy/yolobot/src) by extension 'python_setup_py'
[1.243s] Level 1:colcon.colcon_core.package_identification:_identify(/home/jezzy/yolobot/src/yolobot_control) by extensions ['ignore', 'ignore_ament_install']
[1.243s] Level 1:colcon.colcon_core.package_identification:_identify(/home/jezzy/yolobot/src/yolobot_control) by extension 'ignore'
[1.243s] Level 1:colcon.colcon_core.package_identification:_identify(/home/jezzy/yolobot/src/yolobot_control) by extension 'ignore_ament_install'
[1.244s] Level 1:colcon.colcon_core.package_identification:_identify(/home/jezzy/yolobot/src/yolobot_control) by extensions ['colcon_pkg']
[1.244s] Level 1:colcon.colcon_core.package_identification:_identify(/home/jezzy/yolobot/src/yolobot_control) by extension 'colcon_pkg'
[1.244s] Level 1:colcon.colcon_core.package_identification:_identify(/home/jezzy/yolobot/src/yolobot_control) by extensions ['colcon_meta']
[1.244s] Level 1:colcon.colcon_core.package_identification:_identify(/home/jezzy/yolobot/src/yolobot_control) by extension 'colcon_meta'
[1.244s] Level 1:colcon.colcon_core.package_identification:_identify(/home/jezzy/yolobot/src/yolobot_control) by extensions ['ros']
[1.244s] Level 1:colcon.colcon_core.package_identification:_identify(/home/jezzy/yolobot/src/yolobot_control) by extension 'ros'
[1.248s] DEBUG:colcon.colcon_core.package_identification:Package '/home/jezzy/yolobot/src/yolobot_control' with type 'ros.ament_cmake' and name 'yolobot_control'
[1.248s] Level 1:colcon.colcon_core.package_identification:_identify(/home/jezzy/yolobot/src/yolobot_description) by extensions ['ignore', 'ignore_ament_install']
[1.248s] Level 1:colcon.colcon_core.package_identification:_identify(/home/jezzy/yolobot/src/yolobot_description) by extension 'ignore'
[1.248s] Level 1:colcon.colcon_core.package_identification:_identify(/home/jezzy/yolobot/src/yolobot_description) by extension 'ignore_ament_install'
[1.249s] Level 1:colcon.colcon_core.package_identification:_identify(/home/jezzy/yolobot/src/yolobot_description) by extensions ['colcon_pkg']
[1.249s] Level 1:colcon.colcon_core.package_identification:_identify(/home/jezzy/yolobot/src/yolobot_description) by extension 'colcon_pkg'
[1.249s] Level 1:colcon.colcon_core.package_identification:_identify(/home/jezzy/yolobot/src/yolobot_description) by extensions ['colcon_meta']
[1.249s] Level 1:colcon.colcon_core.package_identification:_identify(/home/jezzy/yolobot/src/yolobot_description) by extension 'colcon_meta'
[1.249s] Level 1:colcon.colcon_core.package_identification:_identify(/home/jezzy/yolobot/src/yolobot_description) by extensions ['ros']
[1.249s] Level 1:colcon.colcon_core.package_identification:_identify(/home/jezzy/yolobot/src/yolobot_description) by extension 'ros'
[1.250s] DEBUG:colcon.colcon_core.package_identification:Package '/home/jezzy/yolobot/src/yolobot_description' with type 'ros.ament_cmake' and name 'yolobot_description'
[1.250s] Level 1:colcon.colcon_core.package_identification:_identify(/home/jezzy/yolobot/src/yolobot_gazebo) by extensions ['ignore', 'ignore_ament_install']
[1.250s] Level 1:colcon.colcon_core.package_identification:_identify(/home/jezzy/yolobot/src/yolobot_gazebo) by extension 'ignore'
[1.251s] Level 1:colcon.colcon_core.package_identification:_identify(/home/jezzy/yolobot/src/yolobot_gazebo) by extension 'ignore_ament_install'
[1.251s] Level 1:colcon.colcon_core.package_identification:_identify(/home/jezzy/yolobot/src/yolobot_gazebo) by extensions ['colcon_pkg']
[1.251s] Level 1:colcon.colcon_core.package_identification:_identify(/home/jezzy/yolobot/src/yolobot_gazebo) by extension 'colcon_pkg'
[1.251s] Level 1:colcon.colcon_core.package_identification:_identify(/home/jezzy/yolobot/src/yolobot_gazebo) by extensions ['colcon_meta']
[1.251s] Level 1:colcon.colcon_core.package_identification:_identify(/home/jezzy/yolobot/src/yolobot_gazebo) by extension 'colcon_meta'
[1.251s] Level 1:colcon.colcon_core.package_identification:_identify(/home/jezzy/yolobot/src/yolobot_gazebo) by extensions ['ros']
[1.251s] Level 1:colcon.colcon_core.package_identification:_identify(/home/jezzy/yolobot/src/yolobot_gazebo) by extension 'ros'
[1.252s] DEBUG:colcon.colcon_core.package_identification:Package '/home/jezzy/yolobot/src/yolobot_gazebo' with type 'ros.ament_cmake' and name 'yolobot_gazebo'
[1.252s] Level 1:colcon.colcon_core.package_identification:_identify(/home/jezzy/yolobot/src/yolobot_recognition) by extensions ['ignore', 'ignore_ament_install']
[1.253s] Level 1:colcon.colcon_core.package_identification:_identify(/home/jezzy/yolobot/src/yolobot_recognition) by extension 'ignore'
[1.253s] Level 1:colcon.colcon_core.package_identification:_identify(/home/jezzy/yolobot/src/yolobot_recognition) by extension 'ignore_ament_install'
[1.253s] Level 1:colcon.colcon_core.package_identification:_identify(/home/jezzy/yolobot/src/yolobot_recognition) by extensions ['colcon_pkg']
[1.253s] Level 1:colcon.colcon_core.package_identification:_identify(/home/jezzy/yolobot/src/yolobot_recognition) by extension 'colcon_pkg'
[1.253s] Level 1:colcon.colcon_core.package_identification:_identify(/home/jezzy/yolobot/src/yolobot_recognition) by extensions ['colcon_meta']
[1.253s] Level 1:colcon.colcon_core.package_identification:_identify(/home/jezzy/yolobot/src/yolobot_recognition) by extension 'colcon_meta'
[1.253s] Level 1:colcon.colcon_core.package_identification:_identify(/home/jezzy/yolobot/src/yolobot_recognition) by extensions ['ros']
[1.253s] Level 1:colcon.colcon_core.package_identification:_identify(/home/jezzy/yolobot/src/yolobot_recognition) by extension 'ros'
[1.254s] DEBUG:colcon.colcon_core.package_identification:Package '/home/jezzy/yolobot/src/yolobot_recognition' with type 'ros.ament_cmake' and name 'yolobot_recognition'
[1.254s] Level 1:colcon.colcon_core.package_identification:_identify(/home/jezzy/yolobot/src/yolov8_msgs) by extensions ['ignore', 'ignore_ament_install']
[1.255s] Level 1:colcon.colcon_core.package_identification:_identify(/home/jezzy/yolobot/src/yolov8_msgs) by extension 'ignore'
[1.255s] Level 1:colcon.colcon_core.package_identification:_identify(/home/jezzy/yolobot/src/yolov8_msgs) by extension 'ignore_ament_install'
[1.256s] Level 1:colcon.colcon_core.package_identification:_identify(/home/jezzy/yolobot/src/yolov8_msgs) by extensions ['colcon_pkg']
[1.256s] Level 1:colcon.colcon_core.package_identification:_identify(/home/jezzy/yolobot/src/yolov8_msgs) by extension 'colcon_pkg'
[1.256s] Level 1:colcon.colcon_core.package_identification:_identify(/home/jezzy/yolobot/src/yolov8_msgs) by extensions ['colcon_meta']
[1.257s] Level 1:colcon.colcon_core.package_identification:_identify(/home/jezzy/yolobot/src/yolov8_msgs) by extension 'colcon_meta'
[1.257s] Level 1:colcon.colcon_core.package_identification:_identify(/home/jezzy/yolobot/src/yolov8_msgs) by extensions ['ros']
[1.258s] Level 1:colcon.colcon_core.package_identification:_identify(/home/jezzy/yolobot/src/yolov8_msgs) by extension 'ros'
[1.260s] DEBUG:colcon.colcon_core.package_identification:Package '/home/jezzy/yolobot/src/yolov8_msgs' with type 'ros.ament_cmake' and name 'yolov8_msgs'
[1.260s] Level 1:colcon.colcon_core.package_discovery:discover_packages(recursive) using defaults
