-- Install configuration: ""
-- Up-to-date: /home/jezzy/huskybot/install/huskybot_description/share/huskybot_description//launch
-- Up-to-date: /home/jezzy/huskybot/install/huskybot_description/share/huskybot_description//launch/spawn_huskybot_launch.launch.py
-- Up-to-date: /home/jezzy/huskybot/install/huskybot_description/share/huskybot_description//launch/spawn_huskybot.py
-- Up-to-date: /home/jezzy/huskybot/install/huskybot_description/share/huskybot_description//robot
-- Up-to-date: /home/jezzy/huskybot/install/huskybot_description/share/huskybot_description//robot/huskybot.urdf
-- Up-to-date: /home/jezzy/huskybot/install/huskybot_description/share/huskybot_description//robot/husky_with_cameras.xacro
-- Up-to-date: /home/jezzy/huskybot/install/huskybot_description/lib/huskybot_description/spawn_huskybot.py
-- Up-to-date: /home/jezzy/huskybot/install/huskybot_description/share/ament_index/resource_index/package_run_dependencies/huskybot_description
-- Up-to-date: /home/jezzy/huskybot/install/huskybot_description/share/ament_index/resource_index/parent_prefix_path/huskybot_description
-- Up-to-date: /home/jezzy/huskybot/install/huskybot_description/share/huskybot_description/environment/ament_prefix_path.sh
-- Up-to-date: /home/jezzy/huskybot/install/huskybot_description/share/huskybot_description/environment/ament_prefix_path.dsv
-- Up-to-date: /home/jezzy/huskybot/install/huskybot_description/share/huskybot_description/environment/path.sh
-- Up-to-date: /home/jezzy/huskybot/install/huskybot_description/share/huskybot_description/environment/path.dsv
-- Up-to-date: /home/jezzy/huskybot/install/huskybot_description/share/huskybot_description/local_setup.bash
-- Up-to-date: /home/jezzy/huskybot/install/huskybot_description/share/huskybot_description/local_setup.sh
-- Up-to-date: /home/jezzy/huskybot/install/huskybot_description/share/huskybot_description/local_setup.zsh
-- Up-to-date: /home/jezzy/huskybot/install/huskybot_description/share/huskybot_description/local_setup.dsv
-- Up-to-date: /home/jezzy/huskybot/install/huskybot_description/share/huskybot_description/package.dsv
-- Up-to-date: /home/jezzy/huskybot/install/huskybot_description/share/ament_index/resource_index/packages/huskybot_description
-- Up-to-date: /home/jezzy/huskybot/install/huskybot_description/share/huskybot_description/cmake/huskybot_descriptionConfig.cmake
-- Up-to-date: /home/jezzy/huskybot/install/huskybot_description/share/huskybot_description/cmake/huskybot_descriptionConfig-version.cmake
-- Up-to-date: /home/jezzy/huskybot/install/huskybot_description/share/huskybot_description/package.xml
