[0.124s] Invoking command in '/home/jezzy/huskybot/build/huskybot_control': CMAKE_PREFIX_PATH=${CMAKE_PREFIX_PATH}:/home/jezzy/huskybot/install/huskybot_fusion:/home/jezzy/huskybot/install/huskybot_navigation:/home/jezzy/husky_ws/turtlebot3/install/turtlebot3_teleop:/home/jezzy/husky_ws/turtlebot3/install/turtlebot3_example:/home/jezzy/husky_ws/turtlebot3/install/segtect:/home/jezzy/husky_ws/turtlebot3/install/autonomous_exploration:/home/jezzy/husky_ws/lintic/install/yolosed:/home/jezzy/husky_ws/lintic/install/visual:/home/jezzy/husky_ws/lintic/install/segnet:/opt/ros/humble /usr/bin/cmake --build /home/jezzy/huskybot/build/huskybot_control -- -j4 -l4
[0.526s] Invoked command in '/home/jezzy/huskybot/build/huskybot_control' returned '0': CMAKE_PREFIX_PATH=${CMAKE_PREFIX_PATH}:/home/jezzy/huskybot/install/huskybot_fusion:/home/jezzy/huskybot/install/huskybot_navigation:/home/jezzy/husky_ws/turtlebot3/install/turtlebot3_teleop:/home/jezzy/husky_ws/turtlebot3/install/turtlebot3_example:/home/jezzy/husky_ws/turtlebot3/install/segtect:/home/jezzy/husky_ws/turtlebot3/install/autonomous_exploration:/home/jezzy/husky_ws/lintic/install/yolosed:/home/jezzy/husky_ws/lintic/install/visual:/home/jezzy/husky_ws/lintic/install/segnet:/opt/ros/humble /usr/bin/cmake --build /home/jezzy/huskybot/build/huskybot_control -- -j4 -l4
[0.527s] Invoking command in '/home/jezzy/huskybot/build/huskybot_control': CMAKE_PREFIX_PATH=${CMAKE_PREFIX_PATH}:/home/jezzy/huskybot/install/huskybot_fusion:/home/jezzy/huskybot/install/huskybot_navigation:/home/jezzy/husky_ws/turtlebot3/install/turtlebot3_teleop:/home/jezzy/husky_ws/turtlebot3/install/turtlebot3_example:/home/jezzy/husky_ws/turtlebot3/install/segtect:/home/jezzy/husky_ws/turtlebot3/install/autonomous_exploration:/home/jezzy/husky_ws/lintic/install/yolosed:/home/jezzy/husky_ws/lintic/install/visual:/home/jezzy/husky_ws/lintic/install/segnet:/opt/ros/humble /usr/bin/cmake --install /home/jezzy/huskybot/build/huskybot_control
[0.565s] -- Install configuration: ""
[0.574s] -- Up-to-date: /home/jezzy/huskybot/install/huskybot_control/share/huskybot_control//scripts
[0.576s] -- Up-to-date: /home/jezzy/huskybot/install/huskybot_control/share/huskybot_control//scripts/robot_control.py
[0.578s] -- Up-to-date: /home/jezzy/huskybot/install/huskybot_control/share/huskybot_control//launch
[0.579s] -- Up-to-date: /home/jezzy/huskybot/install/huskybot_control/share/huskybot_control//launch/huskybot_control.launch.py
[0.584s] -- Up-to-date: /home/jezzy/huskybot/install/huskybot_control/lib/huskybot_control/robot_control.py
[0.586s] -- Up-to-date: /home/jezzy/huskybot/install/huskybot_control/lib/huskybot_control/huskybot_control.launch.py
[0.596s] -- Up-to-date: /home/jezzy/huskybot/install/huskybot_control/share/ament_index/resource_index/package_run_dependencies/huskybot_control
[0.618s] -- Up-to-date: /home/jezzy/huskybot/install/huskybot_control/share/ament_index/resource_index/parent_prefix_path/huskybot_control
[0.618s] -- Up-to-date: /home/jezzy/huskybot/install/huskybot_control/share/huskybot_control/environment/ament_prefix_path.sh
[0.619s] -- Up-to-date: /home/jezzy/huskybot/install/huskybot_control/share/huskybot_control/environment/ament_prefix_path.dsv
[0.619s] -- Up-to-date: /home/jezzy/huskybot/install/huskybot_control/share/huskybot_control/environment/path.sh
[0.619s] -- Up-to-date: /home/jezzy/huskybot/install/huskybot_control/share/huskybot_control/environment/path.dsv
[0.620s] -- Up-to-date: /home/jezzy/huskybot/install/huskybot_control/share/huskybot_control/local_setup.bash
[0.620s] -- Up-to-date: /home/jezzy/huskybot/install/huskybot_control/share/huskybot_control/local_setup.sh
[0.620s] -- Up-to-date: /home/jezzy/huskybot/install/huskybot_control/share/huskybot_control/local_setup.zsh
[0.620s] -- Up-to-date: /home/jezzy/huskybot/install/huskybot_control/share/huskybot_control/local_setup.dsv
[0.620s] -- Installing: /home/jezzy/huskybot/install/huskybot_control/share/huskybot_control/package.dsv
[0.621s] -- Up-to-date: /home/jezzy/huskybot/install/huskybot_control/share/ament_index/resource_index/packages/huskybot_control
[0.621s] -- Up-to-date: /home/jezzy/huskybot/install/huskybot_control/share/huskybot_control/cmake/huskybot_controlConfig.cmake
[0.621s] -- Up-to-date: /home/jezzy/huskybot/install/huskybot_control/share/huskybot_control/cmake/huskybot_controlConfig-version.cmake
[0.622s] -- Up-to-date: /home/jezzy/huskybot/install/huskybot_control/share/huskybot_control/package.xml
[0.622s] Invoked command in '/home/jezzy/huskybot/build/huskybot_control' returned '0': CMAKE_PREFIX_PATH=${CMAKE_PREFIX_PATH}:/home/jezzy/huskybot/install/huskybot_fusion:/home/jezzy/huskybot/install/huskybot_navigation:/home/jezzy/husky_ws/turtlebot3/install/turtlebot3_teleop:/home/jezzy/husky_ws/turtlebot3/install/turtlebot3_example:/home/jezzy/husky_ws/turtlebot3/install/segtect:/home/jezzy/husky_ws/turtlebot3/install/autonomous_exploration:/home/jezzy/husky_ws/lintic/install/yolosed:/home/jezzy/husky_ws/lintic/install/visual:/home/jezzy/husky_ws/lintic/install/segnet:/opt/ros/humble /usr/bin/cmake --install /home/jezzy/huskybot/build/huskybot_control
