[2.851s] Invoking command in '/home/jezzy/huskybot/src/huskybot_navigation': PYTHONPATH=/home/jezzy/huskybot/build/huskybot_navigation/prefix_override:/usr/lib/python3/dist-packages/colcon_core/task/python/colcon_distutils_commands:/home/jezzy/huskybot/install/huskybot_navigation/lib/python3.10/site-packages:${PYTHONPATH} /usr/bin/python3 -W ignore:setup.py install is deprecated -W ignore:easy_install command is deprecated setup.py egg_info --egg-base ../../build/huskybot_navigation build --build-base /home/jezzy/huskybot/build/huskybot_navigation/build install --record /home/jezzy/huskybot/build/huskybot_navigation/install.log --single-version-externally-managed install_data
[4.069s] running egg_info
[4.071s] creating ../../build/huskybot_navigation/huskybot_navigation.egg-info
[4.074s] writing ../../build/huskybot_navigation/huskybot_navigation.egg-info/PKG-INFO
[4.076s] writing dependency_links to ../../build/huskybot_navigation/huskybot_navigation.egg-info/dependency_links.txt
[4.078s] writing entry points to ../../build/huskybot_navigation/huskybot_navigation.egg-info/entry_points.txt
[4.080s] writing requirements to ../../build/huskybot_navigation/huskybot_navigation.egg-info/requires.txt
[4.081s] writing top-level names to ../../build/huskybot_navigation/huskybot_navigation.egg-info/top_level.txt
[4.083s] writing manifest file '../../build/huskybot_navigation/huskybot_navigation.egg-info/SOURCES.txt'
[4.089s] reading manifest file '../../build/huskybot_navigation/huskybot_navigation.egg-info/SOURCES.txt'
[4.092s] writing manifest file '../../build/huskybot_navigation/huskybot_navigation.egg-info/SOURCES.txt'
[4.093s] running build
[4.093s] running build_py
[4.095s] creating /home/jezzy/huskybot/build/huskybot_navigation/build
[4.096s] creating /home/jezzy/huskybot/build/huskybot_navigation/build/lib
[4.097s] creating /home/jezzy/huskybot/build/huskybot_navigation/build/lib/huskybot_navigation
[4.098s] copying huskybot_navigation/navigation_node.py -> /home/jezzy/huskybot/build/huskybot_navigation/build/lib/huskybot_navigation
[4.101s] copying huskybot_navigation/__init__.py -> /home/jezzy/huskybot/build/huskybot_navigation/build/lib/huskybot_navigation
[4.102s] running install
[4.104s] running install_lib
[4.109s] creating /home/jezzy/huskybot/install/huskybot_navigation/lib/python3.10/site-packages/huskybot_navigation
[4.111s] copying /home/jezzy/huskybot/build/huskybot_navigation/build/lib/huskybot_navigation/navigation_node.py -> /home/jezzy/huskybot/install/huskybot_navigation/lib/python3.10/site-packages/huskybot_navigation
[4.112s] copying /home/jezzy/huskybot/build/huskybot_navigation/build/lib/huskybot_navigation/__init__.py -> /home/jezzy/huskybot/install/huskybot_navigation/lib/python3.10/site-packages/huskybot_navigation
[4.116s] byte-compiling /home/jezzy/huskybot/install/huskybot_navigation/lib/python3.10/site-packages/huskybot_navigation/navigation_node.py to navigation_node.cpython-310.pyc
[4.120s] byte-compiling /home/jezzy/huskybot/install/huskybot_navigation/lib/python3.10/site-packages/huskybot_navigation/__init__.py to __init__.cpython-310.pyc
[4.123s] running install_data
[4.124s] creating /home/jezzy/huskybot/install/huskybot_navigation/share/ament_index
[4.125s] creating /home/jezzy/huskybot/install/huskybot_navigation/share/ament_index/resource_index
[4.126s] creating /home/jezzy/huskybot/install/huskybot_navigation/share/ament_index/resource_index/packages
[4.128s] copying resource/huskybot_navigation -> /home/jezzy/huskybot/install/huskybot_navigation/share/ament_index/resource_index/packages
[4.130s] copying package.xml -> /home/jezzy/huskybot/install/huskybot_navigation/share/huskybot_navigation
[4.132s] running install_egg_info
[4.140s] Copying ../../build/huskybot_navigation/huskybot_navigation.egg-info to /home/jezzy/huskybot/install/huskybot_navigation/lib/python3.10/site-packages/huskybot_navigation-0.0.0-py3.10.egg-info
[4.156s] running install_scripts
[4.228s] writing list of installed files to '/home/jezzy/huskybot/build/huskybot_navigation/install.log'
[4.310s] Invoked command in '/home/jezzy/huskybot/src/huskybot_navigation' returned '0': PYTHONPATH=/home/jezzy/huskybot/build/huskybot_navigation/prefix_override:/usr/lib/python3/dist-packages/colcon_core/task/python/colcon_distutils_commands:/home/jezzy/huskybot/install/huskybot_navigation/lib/python3.10/site-packages:${PYTHONPATH} /usr/bin/python3 -W ignore:setup.py install is deprecated -W ignore:easy_install command is deprecated setup.py egg_info --egg-base ../../build/huskybot_navigation build --build-base /home/jezzy/huskybot/build/huskybot_navigation/build install --record /home/jezzy/huskybot/build/huskybot_navigation/install.log --single-version-externally-managed install_data
