[0.111s] Invoking command in '/home/jezzy/yolobot/build/yolobot_description': CMAKE_PREFIX_PATH=${CMAKE_PREFIX_PATH}:/home/jezzy/husky_ws/lintic/install/yolosed:/home/jezzy/husky_ws/lintic/install/visual:/home/jezzy/husky_ws/lintic/install/segnet:/home/jezzy/husky_ws/turtlebot3/install/turtlebot3_teleop:/home/jezzy/husky_ws/turtlebot3/install/turtlebot3_example:/home/jezzy/husky_ws/turtlebot3/install/segtect:/home/jezzy/husky_ws/turtlebot3/install/autonomous_exploration:/opt/ros/humble /usr/bin/cmake /home/jezzy/yolobot/src/yolobot_description -DCMAKE_INSTALL_PREFIX=/home/jezzy/yolobot/install/yolobot_description
[2.168s] -- The C compiler identification is GNU 11.4.0
[4.978s] -- The CXX compiler identification is GNU 11.4.0
[6.538s] -- Detecting C compiler ABI info
[7.789s] -- Detecting C compiler ABI info - done
[7.845s] -- Check for working C compiler: /usr/bin/cc - skipped
[7.846s] -- Detecting C compile features
[7.858s] -- Detecting C compile features - done
[7.879s] -- Detecting CXX compiler ABI info
[9.241s] -- Detecting CXX compiler ABI info - done
[9.306s] -- Check for working CXX compiler: /usr/bin/c++ - skipped
[9.307s] -- Detecting CXX compile features
[9.319s] -- Detecting CXX compile features - done
[9.354s] -- Found ament_cmake: 1.3.11 (/opt/ros/humble/share/ament_cmake/cmake)
[10.360s] -- Found Python3: /usr/bin/python3 (found version "3.10.12") found components: Interpreter 
[11.500s] -- Found urdf: 2.6.1 (/opt/ros/humble/share/urdf/cmake)
[21.644s] -- Found ament_lint_auto: 0.12.12 (/opt/ros/humble/share/ament_lint_auto/cmake)
[22.321s] -- Added test 'copyright' to check source files copyright and LICENSE
[22.339s] -- Added test 'flake8' to check Python code syntax and style conventions
[22.356s] -- Added test 'lint_cmake' to check CMake code style
[22.358s] -- Added test 'pep257' to check Python code against some of the docstring style conventions in PEP 257
[22.364s] -- Added test 'xmllint' to check XML markup files
[22.382s] -- Configuring done
[22.401s] -- Generating done
[22.422s] -- Build files have been written to: /home/jezzy/yolobot/build/yolobot_description
[22.441s] Invoked command in '/home/jezzy/yolobot/build/yolobot_description' returned '0': CMAKE_PREFIX_PATH=${CMAKE_PREFIX_PATH}:/home/jezzy/husky_ws/lintic/install/yolosed:/home/jezzy/husky_ws/lintic/install/visual:/home/jezzy/husky_ws/lintic/install/segnet:/home/jezzy/husky_ws/turtlebot3/install/turtlebot3_teleop:/home/jezzy/husky_ws/turtlebot3/install/turtlebot3_example:/home/jezzy/husky_ws/turtlebot3/install/segtect:/home/jezzy/husky_ws/turtlebot3/install/autonomous_exploration:/opt/ros/humble /usr/bin/cmake /home/jezzy/yolobot/src/yolobot_description -DCMAKE_INSTALL_PREFIX=/home/jezzy/yolobot/install/yolobot_description
[22.454s] Invoking command in '/home/jezzy/yolobot/build/yolobot_description': CMAKE_PREFIX_PATH=${CMAKE_PREFIX_PATH}:/home/jezzy/husky_ws/lintic/install/yolosed:/home/jezzy/husky_ws/lintic/install/visual:/home/jezzy/husky_ws/lintic/install/segnet:/home/jezzy/husky_ws/turtlebot3/install/turtlebot3_teleop:/home/jezzy/husky_ws/turtlebot3/install/turtlebot3_example:/home/jezzy/husky_ws/turtlebot3/install/segtect:/home/jezzy/husky_ws/turtlebot3/install/autonomous_exploration:/opt/ros/humble /usr/bin/cmake --build /home/jezzy/yolobot/build/yolobot_description -- -j4 -l4
[22.644s] Invoked command in '/home/jezzy/yolobot/build/yolobot_description' returned '0': CMAKE_PREFIX_PATH=${CMAKE_PREFIX_PATH}:/home/jezzy/husky_ws/lintic/install/yolosed:/home/jezzy/husky_ws/lintic/install/visual:/home/jezzy/husky_ws/lintic/install/segnet:/home/jezzy/husky_ws/turtlebot3/install/turtlebot3_teleop:/home/jezzy/husky_ws/turtlebot3/install/turtlebot3_example:/home/jezzy/husky_ws/turtlebot3/install/segtect:/home/jezzy/husky_ws/turtlebot3/install/autonomous_exploration:/opt/ros/humble /usr/bin/cmake --build /home/jezzy/yolobot/build/yolobot_description -- -j4 -l4
[22.649s] Invoking command in '/home/jezzy/yolobot/build/yolobot_description': CMAKE_PREFIX_PATH=${CMAKE_PREFIX_PATH}:/home/jezzy/husky_ws/lintic/install/yolosed:/home/jezzy/husky_ws/lintic/install/visual:/home/jezzy/husky_ws/lintic/install/segnet:/home/jezzy/husky_ws/turtlebot3/install/turtlebot3_teleop:/home/jezzy/husky_ws/turtlebot3/install/turtlebot3_example:/home/jezzy/husky_ws/turtlebot3/install/segtect:/home/jezzy/husky_ws/turtlebot3/install/autonomous_exploration:/opt/ros/humble /usr/bin/cmake --install /home/jezzy/yolobot/build/yolobot_description
[22.686s] -- Install configuration: ""
[22.686s] -- Installing: /home/jezzy/yolobot/install/yolobot_description/share/yolobot_description//launch
[22.687s] -- Installing: /home/jezzy/yolobot/install/yolobot_description/share/yolobot_description//launch/spawn_yolobot_launch.launch.py
[22.690s] -- Installing: /home/jezzy/yolobot/install/yolobot_description/share/yolobot_description//launch/spawn_yolobot.py
[22.691s] -- Installing: /home/jezzy/yolobot/install/yolobot_description/share/yolobot_description//robot
[22.691s] -- Installing: /home/jezzy/yolobot/install/yolobot_description/share/yolobot_description//robot/husky_with_cameras.xacro
[22.692s] -- Installing: /home/jezzy/yolobot/install/yolobot_description/share/yolobot_description//robot/yolobot.urdf
[22.692s] -- Installing: /home/jezzy/yolobot/install/yolobot_description/lib/yolobot_description/spawn_yolobot.py
[22.700s] -- Installing: /home/jezzy/yolobot/install/yolobot_description/share/ament_index/resource_index/package_run_dependencies/yolobot_description
[22.702s] -- Installing: /home/jezzy/yolobot/install/yolobot_description/share/ament_index/resource_index/parent_prefix_path/yolobot_description
[22.703s] -- Installing: /home/jezzy/yolobot/install/yolobot_description/share/yolobot_description/environment/ament_prefix_path.sh
[22.704s] -- Installing: /home/jezzy/yolobot/install/yolobot_description/share/yolobot_description/environment/ament_prefix_path.dsv
[22.704s] -- Installing: /home/jezzy/yolobot/install/yolobot_description/share/yolobot_description/environment/path.sh
[22.705s] -- Installing: /home/jezzy/yolobot/install/yolobot_description/share/yolobot_description/environment/path.dsv
[22.706s] -- Installing: /home/jezzy/yolobot/install/yolobot_description/share/yolobot_description/local_setup.bash
[22.706s] -- Installing: /home/jezzy/yolobot/install/yolobot_description/share/yolobot_description/local_setup.sh
[22.707s] -- Installing: /home/jezzy/yolobot/install/yolobot_description/share/yolobot_description/local_setup.zsh
[22.708s] -- Installing: /home/jezzy/yolobot/install/yolobot_description/share/yolobot_description/local_setup.dsv
[22.708s] -- Installing: /home/jezzy/yolobot/install/yolobot_description/share/yolobot_description/package.dsv
[22.709s] -- Installing: /home/jezzy/yolobot/install/yolobot_description/share/ament_index/resource_index/packages/yolobot_description
[22.710s] -- Installing: /home/jezzy/yolobot/install/yolobot_description/share/yolobot_description/cmake/yolobot_descriptionConfig.cmake
[22.710s] -- Installing: /home/jezzy/yolobot/install/yolobot_description/share/yolobot_description/cmake/yolobot_descriptionConfig-version.cmake
[22.711s] -- Installing: /home/jezzy/yolobot/install/yolobot_description/share/yolobot_description/package.xml
[22.720s] Invoked command in '/home/jezzy/yolobot/build/yolobot_description' returned '0': CMAKE_PREFIX_PATH=${CMAKE_PREFIX_PATH}:/home/jezzy/husky_ws/lintic/install/yolosed:/home/jezzy/husky_ws/lintic/install/visual:/home/jezzy/husky_ws/lintic/install/segnet:/home/jezzy/husky_ws/turtlebot3/install/turtlebot3_teleop:/home/jezzy/husky_ws/turtlebot3/install/turtlebot3_example:/home/jezzy/husky_ws/turtlebot3/install/segtect:/home/jezzy/husky_ws/turtlebot3/install/autonomous_exploration:/opt/ros/humble /usr/bin/cmake --install /home/jezzy/yolobot/build/yolobot_description
