[0.107s] Invoking command in '/home/jezzy/huskybot/build/velodyne_msgs': CMAKE_PREFIX_PATH=${CMAKE_PREFIX_PATH}:/home/jezzy/huskybot/install/huskybot_fusion:/home/jezzy/huskybot/install/huskybot_navigation:/home/jezzy/husky_ws/turtlebot3/install/turtlebot3_teleop:/home/jezzy/husky_ws/turtlebot3/install/turtlebot3_example:/home/jezzy/husky_ws/turtlebot3/install/segtect:/home/jezzy/husky_ws/turtlebot3/install/autonomous_exploration:/home/jezzy/husky_ws/lintic/install/yolosed:/home/jezzy/husky_ws/lintic/install/visual:/home/jezzy/husky_ws/lintic/install/segnet:/opt/ros/humble /usr/bin/cmake --build /home/jezzy/huskybot/build/velodyne_msgs -- -j4 -l4
[0.298s] [  2%] Built target velodyne_msgs__cpp
[0.426s] [ 12%] Built target velodyne_msgs__rosidl_generator_c
[0.445s] [ 12%] Built target ament_cmake_python_copy_velodyne_msgs
[0.618s] [ 23%] Built target velodyne_msgs__rosidl_typesupport_cpp
[0.680s] [ 33%] Built target velodyne_msgs__rosidl_typesupport_fastrtps_cpp
[0.727s] [ 43%] Built target velodyne_msgs__rosidl_typesupport_introspection_cpp
[0.928s] [ 53%] Built target velodyne_msgs__rosidl_typesupport_fastrtps_c
[0.942s] [ 64%] Built target velodyne_msgs__rosidl_typesupport_introspection_c
[0.990s] [ 74%] Built target velodyne_msgs__rosidl_typesupport_c
[1.198s] [ 74%] Built target velodyne_msgs
[1.428s] [ 76%] Built target velodyne_msgs__py
[1.595s] [ 84%] Built target velodyne_msgs__rosidl_generator_py
[1.710s] [ 89%] Built target velodyne_msgs__rosidl_typesupport_introspection_c__pyext
[1.776s] [ 94%] Built target velodyne_msgs__rosidl_typesupport_fastrtps_c__pyext
[1.824s] [100%] Built target velodyne_msgs__rosidl_typesupport_c__pyext
[2.606s] running egg_info
[2.608s] writing velodyne_msgs.egg-info/PKG-INFO
[2.608s] writing dependency_links to velodyne_msgs.egg-info/dependency_links.txt
[2.608s] writing top-level names to velodyne_msgs.egg-info/top_level.txt
[2.617s] reading manifest file 'velodyne_msgs.egg-info/SOURCES.txt'
[2.621s] writing manifest file 'velodyne_msgs.egg-info/SOURCES.txt'
[2.710s] [100%] Built target ament_cmake_python_build_velodyne_msgs_egg
[3.983s] Invoked command in '/home/jezzy/huskybot/build/velodyne_msgs' returned '0': CMAKE_PREFIX_PATH=${CMAKE_PREFIX_PATH}:/home/jezzy/huskybot/install/huskybot_fusion:/home/jezzy/huskybot/install/huskybot_navigation:/home/jezzy/husky_ws/turtlebot3/install/turtlebot3_teleop:/home/jezzy/husky_ws/turtlebot3/install/turtlebot3_example:/home/jezzy/husky_ws/turtlebot3/install/segtect:/home/jezzy/husky_ws/turtlebot3/install/autonomous_exploration:/home/jezzy/husky_ws/lintic/install/yolosed:/home/jezzy/husky_ws/lintic/install/visual:/home/jezzy/husky_ws/lintic/install/segnet:/opt/ros/humble /usr/bin/cmake --build /home/jezzy/huskybot/build/velodyne_msgs -- -j4 -l4
[3.989s] Invoking command in '/home/jezzy/huskybot/build/velodyne_msgs': CMAKE_PREFIX_PATH=${CMAKE_PREFIX_PATH}:/home/jezzy/huskybot/install/huskybot_fusion:/home/jezzy/huskybot/install/huskybot_navigation:/home/jezzy/husky_ws/turtlebot3/install/turtlebot3_teleop:/home/jezzy/husky_ws/turtlebot3/install/turtlebot3_example:/home/jezzy/husky_ws/turtlebot3/install/segtect:/home/jezzy/husky_ws/turtlebot3/install/autonomous_exploration:/home/jezzy/husky_ws/lintic/install/yolosed:/home/jezzy/husky_ws/lintic/install/visual:/home/jezzy/husky_ws/lintic/install/segnet:/opt/ros/humble /usr/bin/cmake --install /home/jezzy/huskybot/build/velodyne_msgs
[4.040s] -- Install configuration: ""
[4.041s] -- Up-to-date: /home/jezzy/huskybot/install/velodyne_msgs/share/ament_index/resource_index/rosidl_interfaces/velodyne_msgs
[4.041s] -- Up-to-date: /home/jezzy/huskybot/install/velodyne_msgs/include/velodyne_msgs/velodyne_msgs
[4.041s] -- Up-to-date: /home/jezzy/huskybot/install/velodyne_msgs/include/velodyne_msgs/velodyne_msgs/msg
[4.046s] -- Up-to-date: /home/jezzy/huskybot/install/velodyne_msgs/include/velodyne_msgs/velodyne_msgs/msg/velodyne_scan.h
[4.047s] -- Up-to-date: /home/jezzy/huskybot/install/velodyne_msgs/include/velodyne_msgs/velodyne_msgs/msg/rosidl_generator_c__visibility_control.h
[4.047s] -- Up-to-date: /home/jezzy/huskybot/install/velodyne_msgs/include/velodyne_msgs/velodyne_msgs/msg/velodyne_packet.h
[4.047s] -- Up-to-date: /home/jezzy/huskybot/install/velodyne_msgs/include/velodyne_msgs/velodyne_msgs/msg/detail
[4.047s] -- Up-to-date: /home/jezzy/huskybot/install/velodyne_msgs/include/velodyne_msgs/velodyne_msgs/msg/detail/velodyne_packet__struct.h
[4.048s] -- Up-to-date: /home/jezzy/huskybot/install/velodyne_msgs/include/velodyne_msgs/velodyne_msgs/msg/detail/velodyne_scan__type_support.h
[4.048s] -- Up-to-date: /home/jezzy/huskybot/install/velodyne_msgs/include/velodyne_msgs/velodyne_msgs/msg/detail/velodyne_scan__functions.h
[4.049s] -- Up-to-date: /home/jezzy/huskybot/install/velodyne_msgs/include/velodyne_msgs/velodyne_msgs/msg/detail/velodyne_packet__type_support.h
[4.050s] -- Up-to-date: /home/jezzy/huskybot/install/velodyne_msgs/include/velodyne_msgs/velodyne_msgs/msg/detail/velodyne_scan__struct.h
[4.050s] -- Up-to-date: /home/jezzy/huskybot/install/velodyne_msgs/include/velodyne_msgs/velodyne_msgs/msg/detail/velodyne_packet__functions.h
[4.052s] -- Up-to-date: /home/jezzy/huskybot/install/velodyne_msgs/include/velodyne_msgs/velodyne_msgs/msg/detail/velodyne_scan__functions.c
[4.052s] -- Up-to-date: /home/jezzy/huskybot/install/velodyne_msgs/include/velodyne_msgs/velodyne_msgs/msg/detail/velodyne_packet__functions.c
[4.054s] -- Up-to-date: /home/jezzy/huskybot/install/velodyne_msgs/share/velodyne_msgs/environment/library_path.sh
[4.055s] -- Up-to-date: /home/jezzy/huskybot/install/velodyne_msgs/share/velodyne_msgs/environment/library_path.dsv
[4.056s] -- Up-to-date: /home/jezzy/huskybot/install/velodyne_msgs/lib/libvelodyne_msgs__rosidl_generator_c.so
[4.056s] -- Up-to-date: /home/jezzy/huskybot/install/velodyne_msgs/include/velodyne_msgs/velodyne_msgs
[4.057s] -- Up-to-date: /home/jezzy/huskybot/install/velodyne_msgs/include/velodyne_msgs/velodyne_msgs/msg
[4.057s] -- Up-to-date: /home/jezzy/huskybot/install/velodyne_msgs/include/velodyne_msgs/velodyne_msgs/msg/detail
[4.059s] -- Up-to-date: /home/jezzy/huskybot/install/velodyne_msgs/include/velodyne_msgs/velodyne_msgs/msg/detail/velodyne_scan__rosidl_typesupport_fastrtps_c.h
[4.060s] -- Up-to-date: /home/jezzy/huskybot/install/velodyne_msgs/include/velodyne_msgs/velodyne_msgs/msg/detail/velodyne_packet__rosidl_typesupport_fastrtps_c.h
[4.063s] -- Up-to-date: /home/jezzy/huskybot/install/velodyne_msgs/include/velodyne_msgs/velodyne_msgs/msg/rosidl_typesupport_fastrtps_c__visibility_control.h
[4.065s] -- Up-to-date: /home/jezzy/huskybot/install/velodyne_msgs/lib/libvelodyne_msgs__rosidl_typesupport_fastrtps_c.so
[4.066s] -- Up-to-date: /home/jezzy/huskybot/install/velodyne_msgs/include/velodyne_msgs/velodyne_msgs
[4.066s] -- Up-to-date: /home/jezzy/huskybot/install/velodyne_msgs/include/velodyne_msgs/velodyne_msgs/msg
[4.067s] -- Up-to-date: /home/jezzy/huskybot/install/velodyne_msgs/include/velodyne_msgs/velodyne_msgs/msg/detail
[4.068s] -- Up-to-date: /home/jezzy/huskybot/install/velodyne_msgs/include/velodyne_msgs/velodyne_msgs/msg/detail/velodyne_packet__traits.hpp
[4.069s] -- Up-to-date: /home/jezzy/huskybot/install/velodyne_msgs/include/velodyne_msgs/velodyne_msgs/msg/detail/velodyne_packet__struct.hpp
[4.069s] -- Up-to-date: /home/jezzy/huskybot/install/velodyne_msgs/include/velodyne_msgs/velodyne_msgs/msg/detail/velodyne_scan__traits.hpp
[4.070s] -- Up-to-date: /home/jezzy/huskybot/install/velodyne_msgs/include/velodyne_msgs/velodyne_msgs/msg/detail/velodyne_packet__builder.hpp
[4.071s] -- Up-to-date: /home/jezzy/huskybot/install/velodyne_msgs/include/velodyne_msgs/velodyne_msgs/msg/detail/velodyne_scan__builder.hpp
[4.071s] -- Up-to-date: /home/jezzy/huskybot/install/velodyne_msgs/include/velodyne_msgs/velodyne_msgs/msg/detail/velodyne_packet__type_support.hpp
[4.072s] -- Up-to-date: /home/jezzy/huskybot/install/velodyne_msgs/include/velodyne_msgs/velodyne_msgs/msg/detail/velodyne_scan__struct.hpp
[4.074s] -- Up-to-date: /home/jezzy/huskybot/install/velodyne_msgs/include/velodyne_msgs/velodyne_msgs/msg/detail/velodyne_scan__type_support.hpp
[4.074s] -- Up-to-date: /home/jezzy/huskybot/install/velodyne_msgs/include/velodyne_msgs/velodyne_msgs/msg/velodyne_packet.hpp
[4.074s] -- Up-to-date: /home/jezzy/huskybot/install/velodyne_msgs/include/velodyne_msgs/velodyne_msgs/msg/rosidl_generator_cpp__visibility_control.hpp
[4.075s] -- Up-to-date: /home/jezzy/huskybot/install/velodyne_msgs/include/velodyne_msgs/velodyne_msgs/msg/velodyne_scan.hpp
[4.079s] -- Up-to-date: /home/jezzy/huskybot/install/velodyne_msgs/include/velodyne_msgs/velodyne_msgs
[4.080s] -- Up-to-date: /home/jezzy/huskybot/install/velodyne_msgs/include/velodyne_msgs/velodyne_msgs/msg
[4.081s] -- Up-to-date: /home/jezzy/huskybot/install/velodyne_msgs/include/velodyne_msgs/velodyne_msgs/msg/rosidl_typesupport_fastrtps_cpp__visibility_control.h
[4.086s] -- Up-to-date: /home/jezzy/huskybot/install/velodyne_msgs/include/velodyne_msgs/velodyne_msgs/msg/detail
[4.086s] -- Up-to-date: /home/jezzy/huskybot/install/velodyne_msgs/include/velodyne_msgs/velodyne_msgs/msg/detail/velodyne_packet__rosidl_typesupport_fastrtps_cpp.hpp
[4.087s] -- Up-to-date: /home/jezzy/huskybot/install/velodyne_msgs/include/velodyne_msgs/velodyne_msgs/msg/detail/velodyne_scan__rosidl_typesupport_fastrtps_cpp.hpp
[4.087s] -- Up-to-date: /home/jezzy/huskybot/install/velodyne_msgs/include/velodyne_msgs/velodyne_msgs/msg/detail/dds_fastrtps
[4.087s] -- Up-to-date: /home/jezzy/huskybot/install/velodyne_msgs/lib/libvelodyne_msgs__rosidl_typesupport_fastrtps_cpp.so
[4.094s] -- Up-to-date: /home/jezzy/huskybot/install/velodyne_msgs/include/velodyne_msgs/velodyne_msgs
[4.099s] -- Up-to-date: /home/jezzy/huskybot/install/velodyne_msgs/include/velodyne_msgs/velodyne_msgs/msg
[4.099s] -- Up-to-date: /home/jezzy/huskybot/install/velodyne_msgs/include/velodyne_msgs/velodyne_msgs/msg/rosidl_typesupport_introspection_c__visibility_control.h
[4.099s] -- Up-to-date: /home/jezzy/huskybot/install/velodyne_msgs/include/velodyne_msgs/velodyne_msgs/msg/detail
[4.100s] -- Up-to-date: /home/jezzy/huskybot/install/velodyne_msgs/include/velodyne_msgs/velodyne_msgs/msg/detail/velodyne_scan__type_support.c
[4.100s] -- Up-to-date: /home/jezzy/huskybot/install/velodyne_msgs/include/velodyne_msgs/velodyne_msgs/msg/detail/velodyne_scan__rosidl_typesupport_introspection_c.h
[4.100s] -- Up-to-date: /home/jezzy/huskybot/install/velodyne_msgs/include/velodyne_msgs/velodyne_msgs/msg/detail/velodyne_packet__type_support.c
[4.101s] -- Up-to-date: /home/jezzy/huskybot/install/velodyne_msgs/include/velodyne_msgs/velodyne_msgs/msg/detail/velodyne_packet__rosidl_typesupport_introspection_c.h
[4.101s] -- Up-to-date: /home/jezzy/huskybot/install/velodyne_msgs/lib/libvelodyne_msgs__rosidl_typesupport_introspection_c.so
[4.101s] -- Up-to-date: /home/jezzy/huskybot/install/velodyne_msgs/lib/libvelodyne_msgs__rosidl_typesupport_c.so
[4.102s] -- Up-to-date: /home/jezzy/huskybot/install/velodyne_msgs/include/velodyne_msgs/velodyne_msgs
[4.102s] -- Up-to-date: /home/jezzy/huskybot/install/velodyne_msgs/include/velodyne_msgs/velodyne_msgs/msg
[4.103s] -- Up-to-date: /home/jezzy/huskybot/install/velodyne_msgs/include/velodyne_msgs/velodyne_msgs/msg/detail
[4.103s] -- Up-to-date: /home/jezzy/huskybot/install/velodyne_msgs/include/velodyne_msgs/velodyne_msgs/msg/detail/velodyne_packet__rosidl_typesupport_introspection_cpp.hpp
[4.107s] -- Up-to-date: /home/jezzy/huskybot/install/velodyne_msgs/include/velodyne_msgs/velodyne_msgs/msg/detail/velodyne_scan__type_support.cpp
[4.107s] -- Up-to-date: /home/jezzy/huskybot/install/velodyne_msgs/include/velodyne_msgs/velodyne_msgs/msg/detail/velodyne_packet__type_support.cpp
[4.108s] -- Up-to-date: /home/jezzy/huskybot/install/velodyne_msgs/include/velodyne_msgs/velodyne_msgs/msg/detail/velodyne_scan__rosidl_typesupport_introspection_cpp.hpp
[4.108s] -- Up-to-date: /home/jezzy/huskybot/install/velodyne_msgs/lib/libvelodyne_msgs__rosidl_typesupport_introspection_cpp.so
[4.108s] -- Up-to-date: /home/jezzy/huskybot/install/velodyne_msgs/lib/libvelodyne_msgs__rosidl_typesupport_cpp.so
[4.114s] -- Up-to-date: /home/jezzy/huskybot/install/velodyne_msgs/share/velodyne_msgs/environment/pythonpath.sh
[4.117s] -- Up-to-date: /home/jezzy/huskybot/install/velodyne_msgs/share/velodyne_msgs/environment/pythonpath.dsv
[4.117s] -- Up-to-date: /home/jezzy/huskybot/install/velodyne_msgs/local/lib/python3.10/dist-packages/velodyne_msgs-2.5.1-py3.10.egg-info
[4.118s] -- Installing: /home/jezzy/huskybot/install/velodyne_msgs/local/lib/python3.10/dist-packages/velodyne_msgs-2.5.1-py3.10.egg-info/top_level.txt
[4.118s] -- Installing: /home/jezzy/huskybot/install/velodyne_msgs/local/lib/python3.10/dist-packages/velodyne_msgs-2.5.1-py3.10.egg-info/SOURCES.txt
[4.118s] -- Installing: /home/jezzy/huskybot/install/velodyne_msgs/local/lib/python3.10/dist-packages/velodyne_msgs-2.5.1-py3.10.egg-info/dependency_links.txt
[4.119s] -- Installing: /home/jezzy/huskybot/install/velodyne_msgs/local/lib/python3.10/dist-packages/velodyne_msgs-2.5.1-py3.10.egg-info/PKG-INFO
[4.120s] -- Up-to-date: /home/jezzy/huskybot/install/velodyne_msgs/local/lib/python3.10/dist-packages/velodyne_msgs
[4.122s] -- Up-to-date: /home/jezzy/huskybot/install/velodyne_msgs/local/lib/python3.10/dist-packages/velodyne_msgs/_velodyne_msgs_s.ep.rosidl_typesupport_introspection_c.c
[4.126s] -- Up-to-date: /home/jezzy/huskybot/install/velodyne_msgs/local/lib/python3.10/dist-packages/velodyne_msgs/_velodyne_msgs_s.ep.rosidl_typesupport_fastrtps_c.c
[4.127s] -- Up-to-date: /home/jezzy/huskybot/install/velodyne_msgs/local/lib/python3.10/dist-packages/velodyne_msgs/velodyne_msgs_s__rosidl_typesupport_fastrtps_c.cpython-310-x86_64-linux-gnu.so
[4.127s] -- Up-to-date: /home/jezzy/huskybot/install/velodyne_msgs/local/lib/python3.10/dist-packages/velodyne_msgs/msg
[4.131s] -- Up-to-date: /home/jezzy/huskybot/install/velodyne_msgs/local/lib/python3.10/dist-packages/velodyne_msgs/msg/_velodyne_scan.py
[4.131s] -- Up-to-date: /home/jezzy/huskybot/install/velodyne_msgs/local/lib/python3.10/dist-packages/velodyne_msgs/msg/_velodyne_scan_s.c
[4.132s] -- Up-to-date: /home/jezzy/huskybot/install/velodyne_msgs/local/lib/python3.10/dist-packages/velodyne_msgs/msg/_velodyne_packet_s.c
[4.133s] -- Up-to-date: /home/jezzy/huskybot/install/velodyne_msgs/local/lib/python3.10/dist-packages/velodyne_msgs/msg/__init__.py
[4.133s] -- Up-to-date: /home/jezzy/huskybot/install/velodyne_msgs/local/lib/python3.10/dist-packages/velodyne_msgs/msg/_velodyne_packet.py
[4.133s] -- Up-to-date: /home/jezzy/huskybot/install/velodyne_msgs/local/lib/python3.10/dist-packages/velodyne_msgs/velodyne_msgs_s__rosidl_typesupport_c.cpython-310-x86_64-linux-gnu.so
[4.134s] -- Up-to-date: /home/jezzy/huskybot/install/velodyne_msgs/local/lib/python3.10/dist-packages/velodyne_msgs/_velodyne_msgs_s.ep.rosidl_typesupport_c.c
[4.134s] -- Up-to-date: /home/jezzy/huskybot/install/velodyne_msgs/local/lib/python3.10/dist-packages/velodyne_msgs/velodyne_msgs_s__rosidl_typesupport_introspection_c.cpython-310-x86_64-linux-gnu.so
[4.135s] -- Up-to-date: /home/jezzy/huskybot/install/velodyne_msgs/local/lib/python3.10/dist-packages/velodyne_msgs/libvelodyne_msgs__rosidl_generator_py.so
[4.142s] -- Up-to-date: /home/jezzy/huskybot/install/velodyne_msgs/local/lib/python3.10/dist-packages/velodyne_msgs/__init__.py
[4.284s] Listing '/home/jezzy/huskybot/install/velodyne_msgs/local/lib/python3.10/dist-packages/velodyne_msgs'...
[4.284s] Listing '/home/jezzy/huskybot/install/velodyne_msgs/local/lib/python3.10/dist-packages/velodyne_msgs/msg'...
[4.286s] -- Up-to-date: /home/jezzy/huskybot/install/velodyne_msgs/local/lib/python3.10/dist-packages/velodyne_msgs/velodyne_msgs_s__rosidl_typesupport_fastrtps_c.cpython-310-x86_64-linux-gnu.so
[4.287s] -- Up-to-date: /home/jezzy/huskybot/install/velodyne_msgs/local/lib/python3.10/dist-packages/velodyne_msgs/velodyne_msgs_s__rosidl_typesupport_introspection_c.cpython-310-x86_64-linux-gnu.so
[4.288s] -- Up-to-date: /home/jezzy/huskybot/install/velodyne_msgs/local/lib/python3.10/dist-packages/velodyne_msgs/velodyne_msgs_s__rosidl_typesupport_c.cpython-310-x86_64-linux-gnu.so
[4.289s] -- Up-to-date: /home/jezzy/huskybot/install/velodyne_msgs/lib/libvelodyne_msgs__rosidl_generator_py.so
[4.289s] -- Up-to-date: /home/jezzy/huskybot/install/velodyne_msgs/share/velodyne_msgs/msg/VelodynePacket.idl
[4.290s] -- Up-to-date: /home/jezzy/huskybot/install/velodyne_msgs/share/velodyne_msgs/msg/VelodyneScan.idl
[4.291s] -- Up-to-date: /home/jezzy/huskybot/install/velodyne_msgs/share/velodyne_msgs/msg/VelodynePacket.msg
[4.293s] -- Up-to-date: /home/jezzy/huskybot/install/velodyne_msgs/share/velodyne_msgs/msg/VelodyneScan.msg
[4.293s] -- Up-to-date: /home/jezzy/huskybot/install/velodyne_msgs/share/ament_index/resource_index/package_run_dependencies/velodyne_msgs
[4.294s] -- Up-to-date: /home/jezzy/huskybot/install/velodyne_msgs/share/ament_index/resource_index/parent_prefix_path/velodyne_msgs
[4.296s] -- Up-to-date: /home/jezzy/huskybot/install/velodyne_msgs/share/velodyne_msgs/environment/ament_prefix_path.sh
[4.303s] -- Up-to-date: /home/jezzy/huskybot/install/velodyne_msgs/share/velodyne_msgs/environment/ament_prefix_path.dsv
[4.305s] -- Up-to-date: /home/jezzy/huskybot/install/velodyne_msgs/share/velodyne_msgs/environment/path.sh
[4.306s] -- Up-to-date: /home/jezzy/huskybot/install/velodyne_msgs/share/velodyne_msgs/environment/path.dsv
[4.307s] -- Up-to-date: /home/jezzy/huskybot/install/velodyne_msgs/share/velodyne_msgs/local_setup.bash
[4.307s] -- Up-to-date: /home/jezzy/huskybot/install/velodyne_msgs/share/velodyne_msgs/local_setup.sh
[4.308s] -- Up-to-date: /home/jezzy/huskybot/install/velodyne_msgs/share/velodyne_msgs/local_setup.zsh
[4.308s] -- Up-to-date: /home/jezzy/huskybot/install/velodyne_msgs/share/velodyne_msgs/local_setup.dsv
[4.309s] -- Installing: /home/jezzy/huskybot/install/velodyne_msgs/share/velodyne_msgs/package.dsv
[4.309s] -- Up-to-date: /home/jezzy/huskybot/install/velodyne_msgs/share/ament_index/resource_index/packages/velodyne_msgs
[4.309s] -- Up-to-date: /home/jezzy/huskybot/install/velodyne_msgs/share/velodyne_msgs/cmake/export_velodyne_msgs__rosidl_generator_cExport.cmake
[4.310s] -- Up-to-date: /home/jezzy/huskybot/install/velodyne_msgs/share/velodyne_msgs/cmake/export_velodyne_msgs__rosidl_generator_cExport-noconfig.cmake
[4.310s] -- Up-to-date: /home/jezzy/huskybot/install/velodyne_msgs/share/velodyne_msgs/cmake/export_velodyne_msgs__rosidl_typesupport_fastrtps_cExport.cmake
[4.310s] -- Up-to-date: /home/jezzy/huskybot/install/velodyne_msgs/share/velodyne_msgs/cmake/export_velodyne_msgs__rosidl_typesupport_fastrtps_cExport-noconfig.cmake
[4.310s] -- Up-to-date: /home/jezzy/huskybot/install/velodyne_msgs/share/velodyne_msgs/cmake/export_velodyne_msgs__rosidl_generator_cppExport.cmake
[4.311s] -- Up-to-date: /home/jezzy/huskybot/install/velodyne_msgs/share/velodyne_msgs/cmake/export_velodyne_msgs__rosidl_typesupport_fastrtps_cppExport.cmake
[4.311s] -- Up-to-date: /home/jezzy/huskybot/install/velodyne_msgs/share/velodyne_msgs/cmake/export_velodyne_msgs__rosidl_typesupport_fastrtps_cppExport-noconfig.cmake
[4.311s] -- Up-to-date: /home/jezzy/huskybot/install/velodyne_msgs/share/velodyne_msgs/cmake/velodyne_msgs__rosidl_typesupport_introspection_cExport.cmake
[4.311s] -- Up-to-date: /home/jezzy/huskybot/install/velodyne_msgs/share/velodyne_msgs/cmake/velodyne_msgs__rosidl_typesupport_introspection_cExport-noconfig.cmake
[4.312s] -- Up-to-date: /home/jezzy/huskybot/install/velodyne_msgs/share/velodyne_msgs/cmake/velodyne_msgs__rosidl_typesupport_cExport.cmake
[4.313s] -- Up-to-date: /home/jezzy/huskybot/install/velodyne_msgs/share/velodyne_msgs/cmake/velodyne_msgs__rosidl_typesupport_cExport-noconfig.cmake
[4.313s] -- Up-to-date: /home/jezzy/huskybot/install/velodyne_msgs/share/velodyne_msgs/cmake/velodyne_msgs__rosidl_typesupport_introspection_cppExport.cmake
[4.313s] -- Up-to-date: /home/jezzy/huskybot/install/velodyne_msgs/share/velodyne_msgs/cmake/velodyne_msgs__rosidl_typesupport_introspection_cppExport-noconfig.cmake
[4.313s] -- Up-to-date: /home/jezzy/huskybot/install/velodyne_msgs/share/velodyne_msgs/cmake/velodyne_msgs__rosidl_typesupport_cppExport.cmake
[4.313s] -- Up-to-date: /home/jezzy/huskybot/install/velodyne_msgs/share/velodyne_msgs/cmake/velodyne_msgs__rosidl_typesupport_cppExport-noconfig.cmake
[4.314s] -- Up-to-date: /home/jezzy/huskybot/install/velodyne_msgs/share/velodyne_msgs/cmake/export_velodyne_msgs__rosidl_generator_pyExport.cmake
[4.315s] -- Up-to-date: /home/jezzy/huskybot/install/velodyne_msgs/share/velodyne_msgs/cmake/export_velodyne_msgs__rosidl_generator_pyExport-noconfig.cmake
[4.315s] -- Up-to-date: /home/jezzy/huskybot/install/velodyne_msgs/share/velodyne_msgs/cmake/rosidl_cmake-extras.cmake
[4.316s] -- Up-to-date: /home/jezzy/huskybot/install/velodyne_msgs/share/velodyne_msgs/cmake/ament_cmake_export_dependencies-extras.cmake
[4.316s] -- Up-to-date: /home/jezzy/huskybot/install/velodyne_msgs/share/velodyne_msgs/cmake/ament_cmake_export_include_directories-extras.cmake
[4.317s] -- Up-to-date: /home/jezzy/huskybot/install/velodyne_msgs/share/velodyne_msgs/cmake/ament_cmake_export_libraries-extras.cmake
[4.317s] -- Up-to-date: /home/jezzy/huskybot/install/velodyne_msgs/share/velodyne_msgs/cmake/ament_cmake_export_targets-extras.cmake
[4.318s] -- Up-to-date: /home/jezzy/huskybot/install/velodyne_msgs/share/velodyne_msgs/cmake/rosidl_cmake_export_typesupport_targets-extras.cmake
[4.318s] -- Up-to-date: /home/jezzy/huskybot/install/velodyne_msgs/share/velodyne_msgs/cmake/rosidl_cmake_export_typesupport_libraries-extras.cmake
[4.319s] -- Up-to-date: /home/jezzy/huskybot/install/velodyne_msgs/share/velodyne_msgs/cmake/velodyne_msgsConfig.cmake
[4.324s] -- Up-to-date: /home/jezzy/huskybot/install/velodyne_msgs/share/velodyne_msgs/cmake/velodyne_msgsConfig-version.cmake
[4.325s] -- Up-to-date: /home/jezzy/huskybot/install/velodyne_msgs/share/velodyne_msgs/package.xml
[4.415s] Invoked command in '/home/jezzy/huskybot/build/velodyne_msgs' returned '0': CMAKE_PREFIX_PATH=${CMAKE_PREFIX_PATH}:/home/jezzy/huskybot/install/huskybot_fusion:/home/jezzy/huskybot/install/huskybot_navigation:/home/jezzy/husky_ws/turtlebot3/install/turtlebot3_teleop:/home/jezzy/husky_ws/turtlebot3/install/turtlebot3_example:/home/jezzy/husky_ws/turtlebot3/install/segtect:/home/jezzy/husky_ws/turtlebot3/install/autonomous_exploration:/home/jezzy/husky_ws/lintic/install/yolosed:/home/jezzy/husky_ws/lintic/install/visual:/home/jezzy/husky_ws/lintic/install/segnet:/opt/ros/humble /usr/bin/cmake --install /home/jezzy/huskybot/build/velodyne_msgs
