[0.098s] Invoking command in '/home/jezzy/yolobot/build/husky_control': /usr/bin/cmake /home/jezzy/yolobot/src/husky/husky_control -DCATKIN_INSTALL_INTO_PREFIX_ROOT=0 -DCMAKE_INSTALL_PREFIX=/home/jezzy/yolobot/install/husky_control
[0.941s] -- The C compiler identification is GNU 11.4.0
[3.389s] -- The CXX compiler identification is GNU 11.4.0
[4.419s] -- Detecting C compiler ABI info
[4.970s] -- Detecting C compiler ABI info - done
[5.004s] -- Check for working C compiler: /usr/bin/cc - skipped
[5.004s] -- Detecting C compile features
[5.005s] -- Detecting C compile features - done
[5.017s] -- Detecting CXX compiler ABI info
[5.493s] -- Detecting CXX compiler ABI info - done
[5.540s] -- Check for working CXX compiler: /usr/bin/c++ - skipped
[5.545s] -- Detecting CXX compile features
[5.546s] -- Detecting CXX compile features - done
[7.417s] [31mCMake Error at CMakeLists.txt:4 (find_package):
[7.417s]   By not providing "Findcatkin.cmake" in CMAKE_MODULE_PATH this project has
[7.417s]   asked CMake to find a package configuration file provided by "catkin", but
[7.418s]   CMake did not find one.
[7.418s] 
[7.418s]   Could not find a package configuration file provided by "catkin" with any
[7.418s]   of the following names:
[7.419s] 
[7.419s]     catkinConfig.cmake
[7.419s]     catkin-config.cmake
[7.419s] 
[7.419s]   Add the installation prefix of "catkin" to CMAKE_PREFIX_PATH or set
[7.419s]   "catkin_DIR" to a directory containing one of the above files.  If "catkin"
[7.420s]   provides a separate development package or SDK, be sure it has been
[7.420s]   installed.
[7.420s] 
[7.421s] [0m
[7.421s] -- Configuring incomplete, errors occurred!
[7.421s] See also "/home/jezzy/yolobot/build/husky_control/CMakeFiles/CMakeOutput.log".
[7.426s] Invoked command in '/home/jezzy/yolobot/build/husky_control' returned '1': /usr/bin/cmake /home/jezzy/yolobot/src/husky/husky_control -DCATKIN_INSTALL_INTO_PREFIX_ROOT=0 -DCMAKE_INSTALL_PREFIX=/home/jezzy/yolobot/install/husky_control
