[0.114s] Invoking command in '/home/jezzy/huskybot/build/huskybot_gazebo': CMAKE_PREFIX_PATH=${CMAKE_PREFIX_PATH}:/home/jezzy/huskybot/install/huskybot_fusion:/home/jezzy/huskybot/install/huskybot_navigation:/home/jezzy/husky_ws/lintic/install/yolosed:/home/jezzy/husky_ws/lintic/install/visual:/home/jezzy/husky_ws/lintic/install/segnet:/home/jezzy/husky_ws/turtlebot3/install/turtlebot3_teleop:/home/jezzy/husky_ws/turtlebot3/install/turtlebot3_example:/home/jezzy/husky_ws/turtlebot3/install/segtect:/home/jezzy/husky_ws/turtlebot3/install/autonomous_exploration:/opt/ros/humble /usr/bin/cmake /home/jezzy/huskybot/src/huskybot_gazebo -DCMAKE_INSTALL_PREFIX=/home/jezzy/huskybot/install/huskybot_gazebo
[0.844s] -- The C compiler identification is GNU 11.4.0
[3.055s] -- The CXX compiler identification is GNU 11.4.0
[6.388s] -- Detecting C compiler ABI info
[7.575s] -- Detecting C compiler ABI info - done
[7.674s] -- Check for working C compiler: /usr/bin/cc - skipped
[7.674s] -- Detecting C compile features
[7.675s] -- Detecting C compile features - done
[7.732s] -- Detecting CXX compiler ABI info
[9.947s] -- Detecting CXX compiler ABI info - done
[10.130s] -- Check for working CXX compiler: /usr/bin/c++ - skipped
[10.131s] -- Detecting CXX compile features
[10.134s] -- Detecting CXX compile features - done
[10.199s] -- Found ament_cmake: 1.3.11 (/opt/ros/humble/share/ament_cmake/cmake)
[12.562s] -- Found Python3: /usr/bin/python3 (found version "3.10.12") found components: Interpreter 
[15.840s] -- Found rclpy: 3.3.16 (/opt/ros/humble/share/rclpy/cmake)
[15.967s] -- Found ament_lint_auto: 0.12.12 (/opt/ros/humble/share/ament_lint_auto/cmake)
[17.807s] -- Added test 'copyright' to check source files copyright and LICENSE
[17.825s] -- Added test 'flake8' to check Python code syntax and style conventions
[17.830s] -- Added test 'lint_cmake' to check CMake code style
[17.846s] -- Added test 'pep257' to check Python code against some of the docstring style conventions in PEP 257
[17.862s] -- Added test 'xmllint' to check XML markup files
[17.899s] -- Configuring done
[17.954s] -- Generating done
[18.017s] -- Build files have been written to: /home/jezzy/huskybot/build/huskybot_gazebo
[18.075s] Invoked command in '/home/jezzy/huskybot/build/huskybot_gazebo' returned '0': CMAKE_PREFIX_PATH=${CMAKE_PREFIX_PATH}:/home/jezzy/huskybot/install/huskybot_fusion:/home/jezzy/huskybot/install/huskybot_navigation:/home/jezzy/husky_ws/lintic/install/yolosed:/home/jezzy/husky_ws/lintic/install/visual:/home/jezzy/husky_ws/lintic/install/segnet:/home/jezzy/husky_ws/turtlebot3/install/turtlebot3_teleop:/home/jezzy/husky_ws/turtlebot3/install/turtlebot3_example:/home/jezzy/husky_ws/turtlebot3/install/segtect:/home/jezzy/husky_ws/turtlebot3/install/autonomous_exploration:/opt/ros/humble /usr/bin/cmake /home/jezzy/huskybot/src/huskybot_gazebo -DCMAKE_INSTALL_PREFIX=/home/jezzy/huskybot/install/huskybot_gazebo
[18.087s] Invoking command in '/home/jezzy/huskybot/build/huskybot_gazebo': CMAKE_PREFIX_PATH=${CMAKE_PREFIX_PATH}:/home/jezzy/huskybot/install/huskybot_fusion:/home/jezzy/huskybot/install/huskybot_navigation:/home/jezzy/husky_ws/lintic/install/yolosed:/home/jezzy/husky_ws/lintic/install/visual:/home/jezzy/husky_ws/lintic/install/segnet:/home/jezzy/husky_ws/turtlebot3/install/turtlebot3_teleop:/home/jezzy/husky_ws/turtlebot3/install/turtlebot3_example:/home/jezzy/husky_ws/turtlebot3/install/segtect:/home/jezzy/husky_ws/turtlebot3/install/autonomous_exploration:/opt/ros/humble /usr/bin/cmake --build /home/jezzy/huskybot/build/huskybot_gazebo -- -j4 -l4
[18.472s] Invoked command in '/home/jezzy/huskybot/build/huskybot_gazebo' returned '0': CMAKE_PREFIX_PATH=${CMAKE_PREFIX_PATH}:/home/jezzy/huskybot/install/huskybot_fusion:/home/jezzy/huskybot/install/huskybot_navigation:/home/jezzy/husky_ws/lintic/install/yolosed:/home/jezzy/husky_ws/lintic/install/visual:/home/jezzy/husky_ws/lintic/install/segnet:/home/jezzy/husky_ws/turtlebot3/install/turtlebot3_teleop:/home/jezzy/husky_ws/turtlebot3/install/turtlebot3_example:/home/jezzy/husky_ws/turtlebot3/install/segtect:/home/jezzy/husky_ws/turtlebot3/install/autonomous_exploration:/opt/ros/humble /usr/bin/cmake --build /home/jezzy/huskybot/build/huskybot_gazebo -- -j4 -l4
[18.474s] Invoking command in '/home/jezzy/huskybot/build/huskybot_gazebo': CMAKE_PREFIX_PATH=${CMAKE_PREFIX_PATH}:/home/jezzy/huskybot/install/huskybot_fusion:/home/jezzy/huskybot/install/huskybot_navigation:/home/jezzy/husky_ws/lintic/install/yolosed:/home/jezzy/husky_ws/lintic/install/visual:/home/jezzy/husky_ws/lintic/install/segnet:/home/jezzy/husky_ws/turtlebot3/install/turtlebot3_teleop:/home/jezzy/husky_ws/turtlebot3/install/turtlebot3_example:/home/jezzy/husky_ws/turtlebot3/install/segtect:/home/jezzy/husky_ws/turtlebot3/install/autonomous_exploration:/opt/ros/humble /usr/bin/cmake --install /home/jezzy/huskybot/build/huskybot_gazebo
[18.556s] -- Install configuration: ""
[18.557s] -- Installing: /home/jezzy/huskybot/install/huskybot_gazebo/share/huskybot_gazebo//launch
[18.557s] -- Installing: /home/jezzy/huskybot/install/huskybot_gazebo/share/huskybot_gazebo//launch/start_world_launch.py
[18.558s] -- Installing: /home/jezzy/huskybot/install/huskybot_gazebo/share/huskybot_gazebo//launch/huskybot_launch.py
[18.558s] -- Installing: /home/jezzy/huskybot/install/huskybot_gazebo/share/huskybot_gazebo//worlds
[18.558s] -- Installing: /home/jezzy/huskybot/install/huskybot_gazebo/share/huskybot_gazebo//worlds/yolo_test.world
[18.560s] -- Installing: /home/jezzy/huskybot/install/huskybot_gazebo/share/ament_index/resource_index/package_run_dependencies/huskybot_gazebo
[18.560s] -- Installing: /home/jezzy/huskybot/install/huskybot_gazebo/share/ament_index/resource_index/parent_prefix_path/huskybot_gazebo
[18.562s] -- Installing: /home/jezzy/huskybot/install/huskybot_gazebo/share/huskybot_gazebo/environment/ament_prefix_path.sh
[18.585s] -- Installing: /home/jezzy/huskybot/install/huskybot_gazebo/share/huskybot_gazebo/environment/ament_prefix_path.dsv
[18.585s] -- Installing: /home/jezzy/huskybot/install/huskybot_gazebo/share/huskybot_gazebo/environment/path.sh
[18.585s] -- Installing: /home/jezzy/huskybot/install/huskybot_gazebo/share/huskybot_gazebo/environment/path.dsv
[18.586s] -- Installing: /home/jezzy/huskybot/install/huskybot_gazebo/share/huskybot_gazebo/local_setup.bash
[18.593s] -- Installing: /home/jezzy/huskybot/install/huskybot_gazebo/share/huskybot_gazebo/local_setup.sh
[18.594s] -- Installing: /home/jezzy/huskybot/install/huskybot_gazebo/share/huskybot_gazebo/local_setup.zsh
[18.594s] -- Installing: /home/jezzy/huskybot/install/huskybot_gazebo/share/huskybot_gazebo/local_setup.dsv
[18.594s] -- Installing: /home/jezzy/huskybot/install/huskybot_gazebo/share/huskybot_gazebo/package.dsv
[18.596s] -- Installing: /home/jezzy/huskybot/install/huskybot_gazebo/share/ament_index/resource_index/packages/huskybot_gazebo
[18.598s] -- Installing: /home/jezzy/huskybot/install/huskybot_gazebo/share/huskybot_gazebo/cmake/huskybot_gazeboConfig.cmake
[18.599s] -- Installing: /home/jezzy/huskybot/install/huskybot_gazebo/share/huskybot_gazebo/cmake/huskybot_gazeboConfig-version.cmake
[18.599s] -- Installing: /home/jezzy/huskybot/install/huskybot_gazebo/share/huskybot_gazebo/package.xml
[18.628s] Invoked command in '/home/jezzy/huskybot/build/huskybot_gazebo' returned '0': CMAKE_PREFIX_PATH=${CMAKE_PREFIX_PATH}:/home/jezzy/huskybot/install/huskybot_fusion:/home/jezzy/huskybot/install/huskybot_navigation:/home/jezzy/husky_ws/lintic/install/yolosed:/home/jezzy/husky_ws/lintic/install/visual:/home/jezzy/husky_ws/lintic/install/segnet:/home/jezzy/husky_ws/turtlebot3/install/turtlebot3_teleop:/home/jezzy/husky_ws/turtlebot3/install/turtlebot3_example:/home/jezzy/husky_ws/turtlebot3/install/segtect:/home/jezzy/husky_ws/turtlebot3/install/autonomous_exploration:/opt/ros/humble /usr/bin/cmake --install /home/jezzy/huskybot/build/huskybot_gazebo
