running egg_info
creating ../../build/yolobot_navigation/yolobot_navigation.egg-info
writing ../../build/yolobot_navigation/yolobot_navigation.egg-info/PKG-INFO
writing dependency_links to ../../build/yolobot_navigation/yolobot_navigation.egg-info/dependency_links.txt
writing entry points to ../../build/yolobot_navigation/yolobot_navigation.egg-info/entry_points.txt
writing requirements to ../../build/yolobot_navigation/yolobot_navigation.egg-info/requires.txt
writing top-level names to ../../build/yolobot_navigation/yolobot_navigation.egg-info/top_level.txt
writing manifest file '../../build/yolobot_navigation/yolobot_navigation.egg-info/SOURCES.txt'
reading manifest file '../../build/yolobot_navigation/yolobot_navigation.egg-info/SOURCES.txt'
writing manifest file '../../build/yolobot_navigation/yolobot_navigation.egg-info/SOURCES.txt'
running build
running build_py
creating /home/jezzy/yolobot/build/yolobot_navigation/build
creating /home/jezzy/yolobot/build/yolobot_navigation/build/lib
creating /home/jezzy/yolobot/build/yolobot_navigation/build/lib/yolobot_navigation
copying yolobot_navigation/navigation_node.py -> /home/jezzy/yolobot/build/yolobot_navigation/build/lib/yolobot_navigation
copying yolobot_navigation/__init__.py -> /home/jezzy/yolobot/build/yolobot_navigation/build/lib/yolobot_navigation
running install
running install_lib
creating /home/jezzy/yolobot/install/yolobot_navigation/lib/python3.10/site-packages/yolobot_navigation
copying /home/jezzy/yolobot/build/yolobot_navigation/build/lib/yolobot_navigation/navigation_node.py -> /home/jezzy/yolobot/install/yolobot_navigation/lib/python3.10/site-packages/yolobot_navigation
copying /home/jezzy/yolobot/build/yolobot_navigation/build/lib/yolobot_navigation/__init__.py -> /home/jezzy/yolobot/install/yolobot_navigation/lib/python3.10/site-packages/yolobot_navigation
byte-compiling /home/jezzy/yolobot/install/yolobot_navigation/lib/python3.10/site-packages/yolobot_navigation/navigation_node.py to navigation_node.cpython-310.pyc
byte-compiling /home/jezzy/yolobot/install/yolobot_navigation/lib/python3.10/site-packages/yolobot_navigation/__init__.py to __init__.cpython-310.pyc
running install_data
creating /home/jezzy/yolobot/install/yolobot_navigation/share/ament_index
creating /home/jezzy/yolobot/install/yolobot_navigation/share/ament_index/resource_index
creating /home/jezzy/yolobot/install/yolobot_navigation/share/ament_index/resource_index/packages
copying resource/yolobot_navigation -> /home/jezzy/yolobot/install/yolobot_navigation/share/ament_index/resource_index/packages
copying package.xml -> /home/jezzy/yolobot/install/yolobot_navigation/share/yolobot_navigation
running install_egg_info
Copying ../../build/yolobot_navigation/yolobot_navigation.egg-info to /home/jezzy/yolobot/install/yolobot_navigation/lib/python3.10/site-packages/yolobot_navigation-0.0.0-py3.10.egg-info
running install_scripts
writing list of installed files to '/home/jezzy/yolobot/build/yolobot_navigation/install.log'
