[7.487s] Invoking command in '/home/jezzy/yolobot/src/yolobot_navigation': PYTHONPATH=/home/jezzy/yolobot/build/yolobot_navigation/prefix_override:/usr/lib/python3/dist-packages/colcon_core/task/python/colcon_distutils_commands:/home/jezzy/yolobot/install/yolobot_navigation/lib/python3.10/site-packages:${PYTHONPATH} /usr/bin/python3 -W ignore:setup.py install is deprecated -W ignore:easy_install command is deprecated setup.py egg_info --egg-base ../../build/yolobot_navigation build --build-base /home/jezzy/yolobot/build/yolobot_navigation/build install --record /home/jezzy/yolobot/build/yolobot_navigation/install.log --single-version-externally-managed install_data
[10.637s] running egg_info
[10.651s] creating ../../build/yolobot_navigation/yolobot_navigation.egg-info
[10.653s] writing ../../build/yolobot_navigation/yolobot_navigation.egg-info/PKG-INFO
[10.666s] writing dependency_links to ../../build/yolobot_navigation/yolobot_navigation.egg-info/dependency_links.txt
[10.666s] writing entry points to ../../build/yolobot_navigation/yolobot_navigation.egg-info/entry_points.txt
[10.666s] writing requirements to ../../build/yolobot_navigation/yolobot_navigation.egg-info/requires.txt
[10.666s] writing top-level names to ../../build/yolobot_navigation/yolobot_navigation.egg-info/top_level.txt
[10.667s] writing manifest file '../../build/yolobot_navigation/yolobot_navigation.egg-info/SOURCES.txt'
[10.674s] reading manifest file '../../build/yolobot_navigation/yolobot_navigation.egg-info/SOURCES.txt'
[10.688s] writing manifest file '../../build/yolobot_navigation/yolobot_navigation.egg-info/SOURCES.txt'
[10.688s] running build
[10.688s] running build_py
[10.689s] creating /home/jezzy/yolobot/build/yolobot_navigation/build
[10.689s] creating /home/jezzy/yolobot/build/yolobot_navigation/build/lib
[10.690s] creating /home/jezzy/yolobot/build/yolobot_navigation/build/lib/yolobot_navigation
[10.691s] copying yolobot_navigation/navigation_node.py -> /home/jezzy/yolobot/build/yolobot_navigation/build/lib/yolobot_navigation
[10.691s] copying yolobot_navigation/__init__.py -> /home/jezzy/yolobot/build/yolobot_navigation/build/lib/yolobot_navigation
[10.691s] running install
[10.698s] running install_lib
[10.700s] creating /home/jezzy/yolobot/install/yolobot_navigation/lib/python3.10/site-packages/yolobot_navigation
[10.701s] copying /home/jezzy/yolobot/build/yolobot_navigation/build/lib/yolobot_navigation/navigation_node.py -> /home/jezzy/yolobot/install/yolobot_navigation/lib/python3.10/site-packages/yolobot_navigation
[10.716s] copying /home/jezzy/yolobot/build/yolobot_navigation/build/lib/yolobot_navigation/__init__.py -> /home/jezzy/yolobot/install/yolobot_navigation/lib/python3.10/site-packages/yolobot_navigation
[10.716s] byte-compiling /home/jezzy/yolobot/install/yolobot_navigation/lib/python3.10/site-packages/yolobot_navigation/navigation_node.py to navigation_node.cpython-310.pyc
[10.717s] byte-compiling /home/jezzy/yolobot/install/yolobot_navigation/lib/python3.10/site-packages/yolobot_navigation/__init__.py to __init__.cpython-310.pyc
[10.717s] running install_data
[10.717s] creating /home/jezzy/yolobot/install/yolobot_navigation/share/ament_index
[10.717s] creating /home/jezzy/yolobot/install/yolobot_navigation/share/ament_index/resource_index
[10.718s] creating /home/jezzy/yolobot/install/yolobot_navigation/share/ament_index/resource_index/packages
[10.718s] copying resource/yolobot_navigation -> /home/jezzy/yolobot/install/yolobot_navigation/share/ament_index/resource_index/packages
[10.718s] copying package.xml -> /home/jezzy/yolobot/install/yolobot_navigation/share/yolobot_navigation
[10.718s] running install_egg_info
[10.736s] Copying ../../build/yolobot_navigation/yolobot_navigation.egg-info to /home/jezzy/yolobot/install/yolobot_navigation/lib/python3.10/site-packages/yolobot_navigation-0.0.0-py3.10.egg-info
[10.736s] running install_scripts
[10.880s] writing list of installed files to '/home/jezzy/yolobot/build/yolobot_navigation/install.log'
[11.043s] Invoked command in '/home/jezzy/yolobot/src/yolobot_navigation' returned '0': PYTHONPATH=/home/jezzy/yolobot/build/yolobot_navigation/prefix_override:/usr/lib/python3/dist-packages/colcon_core/task/python/colcon_distutils_commands:/home/jezzy/yolobot/install/yolobot_navigation/lib/python3.10/site-packages:${PYTHONPATH} /usr/bin/python3 -W ignore:setup.py install is deprecated -W ignore:easy_install command is deprecated setup.py egg_info --egg-base ../../build/yolobot_navigation build --build-base /home/jezzy/yolobot/build/yolobot_navigation/build install --record /home/jezzy/yolobot/build/yolobot_navigation/install.log --single-version-externally-managed install_data
