[0.114s] Invoking command in '/home/jezzy/yolobot/build/yolov8_msgs': CMAKE_PREFIX_PATH=${CMAKE_PREFIX_PATH}:/home/jezzy/husky_ws/lintic/install/yolosed:/home/jezzy/husky_ws/lintic/install/visual:/home/jezzy/husky_ws/lintic/install/segnet:/home/jezzy/husky_ws/turtlebot3/install/turtlebot3_teleop:/home/jezzy/husky_ws/turtlebot3/install/turtlebot3_example:/home/jezzy/husky_ws/turtlebot3/install/segtect:/home/jezzy/husky_ws/turtlebot3/install/autonomous_exploration:/opt/ros/humble /usr/bin/cmake --build /home/jezzy/yolobot/build/yolov8_msgs -- -j4 -l4
[0.425s] [  2%] Built target yolov8_msgs__cpp
[0.446s] [ 12%] Built target yolov8_msgs__rosidl_generator_c
[0.516s] [ 12%] Built target ament_cmake_python_copy_yolov8_msgs
[0.602s] [ 23%] Built target yolov8_msgs__rosidl_typesupport_introspection_cpp
[0.641s] [ 33%] Built target yolov8_msgs__rosidl_typesupport_cpp
[0.682s] [ 43%] Built target yolov8_msgs__rosidl_typesupport_fastrtps_cpp
[0.726s] [ 53%] Built target yolov8_msgs__rosidl_typesupport_fastrtps_c
[0.751s] [ 64%] Built target yolov8_msgs__rosidl_typesupport_introspection_c
[0.839s] [ 74%] Built target yolov8_msgs__rosidl_typesupport_c
[0.908s] [ 74%] Built target yolov8_msgs
[1.014s] [ 76%] Built target yolov8_msgs__py
[1.096s] [ 84%] Built target yolov8_msgs__rosidl_generator_py
[1.202s] [ 89%] Built target yolov8_msgs__rosidl_typesupport_fastrtps_c__pyext
[1.229s] [ 94%] Built target yolov8_msgs__rosidl_typesupport_c__pyext
[1.253s] [100%] Built target yolov8_msgs__rosidl_typesupport_introspection_c__pyext
[1.762s] running egg_info
[1.764s] writing yolov8_msgs.egg-info/PKG-INFO
[1.765s] writing dependency_links to yolov8_msgs.egg-info/dependency_links.txt
[1.765s] writing top-level names to yolov8_msgs.egg-info/top_level.txt
[1.772s] reading manifest file 'yolov8_msgs.egg-info/SOURCES.txt'
[1.774s] writing manifest file 'yolov8_msgs.egg-info/SOURCES.txt'
[1.859s] [100%] Built target ament_cmake_python_build_yolov8_msgs_egg
[1.896s] Invoked command in '/home/jezzy/yolobot/build/yolov8_msgs' returned '0': CMAKE_PREFIX_PATH=${CMAKE_PREFIX_PATH}:/home/jezzy/husky_ws/lintic/install/yolosed:/home/jezzy/husky_ws/lintic/install/visual:/home/jezzy/husky_ws/lintic/install/segnet:/home/jezzy/husky_ws/turtlebot3/install/turtlebot3_teleop:/home/jezzy/husky_ws/turtlebot3/install/turtlebot3_example:/home/jezzy/husky_ws/turtlebot3/install/segtect:/home/jezzy/husky_ws/turtlebot3/install/autonomous_exploration:/opt/ros/humble /usr/bin/cmake --build /home/jezzy/yolobot/build/yolov8_msgs -- -j4 -l4
[1.900s] Invoking command in '/home/jezzy/yolobot/build/yolov8_msgs': CMAKE_PREFIX_PATH=${CMAKE_PREFIX_PATH}:/home/jezzy/husky_ws/lintic/install/yolosed:/home/jezzy/husky_ws/lintic/install/visual:/home/jezzy/husky_ws/lintic/install/segnet:/home/jezzy/husky_ws/turtlebot3/install/turtlebot3_teleop:/home/jezzy/husky_ws/turtlebot3/install/turtlebot3_example:/home/jezzy/husky_ws/turtlebot3/install/segtect:/home/jezzy/husky_ws/turtlebot3/install/autonomous_exploration:/opt/ros/humble /usr/bin/cmake --install /home/jezzy/yolobot/build/yolov8_msgs
[1.923s] -- Install configuration: ""
[1.924s] -- Up-to-date: /home/jezzy/yolobot/install/yolov8_msgs/share/ament_index/resource_index/rosidl_interfaces/yolov8_msgs
[1.924s] -- Up-to-date: /home/jezzy/yolobot/install/yolov8_msgs/include/yolov8_msgs/yolov8_msgs
[1.924s] -- Up-to-date: /home/jezzy/yolobot/install/yolov8_msgs/include/yolov8_msgs/yolov8_msgs/msg
[1.924s] -- Up-to-date: /home/jezzy/yolobot/install/yolov8_msgs/include/yolov8_msgs/yolov8_msgs/msg/yolov8_inference.h
[1.925s] -- Up-to-date: /home/jezzy/yolobot/install/yolov8_msgs/include/yolov8_msgs/yolov8_msgs/msg/rosidl_generator_c__visibility_control.h
[1.925s] -- Up-to-date: /home/jezzy/yolobot/install/yolov8_msgs/include/yolov8_msgs/yolov8_msgs/msg/detail
[1.925s] -- Up-to-date: /home/jezzy/yolobot/install/yolov8_msgs/include/yolov8_msgs/yolov8_msgs/msg/detail/yolov8_inference__functions.h
[1.926s] -- Up-to-date: /home/jezzy/yolobot/install/yolov8_msgs/include/yolov8_msgs/yolov8_msgs/msg/detail/inference_result__type_support.h
[1.927s] -- Up-to-date: /home/jezzy/yolobot/install/yolov8_msgs/include/yolov8_msgs/yolov8_msgs/msg/detail/inference_result__functions.h
[1.927s] -- Up-to-date: /home/jezzy/yolobot/install/yolov8_msgs/include/yolov8_msgs/yolov8_msgs/msg/detail/yolov8_inference__functions.c
[1.927s] -- Up-to-date: /home/jezzy/yolobot/install/yolov8_msgs/include/yolov8_msgs/yolov8_msgs/msg/detail/yolov8_inference__type_support.h
[1.927s] -- Up-to-date: /home/jezzy/yolobot/install/yolov8_msgs/include/yolov8_msgs/yolov8_msgs/msg/detail/inference_result__struct.h
[1.928s] -- Up-to-date: /home/jezzy/yolobot/install/yolov8_msgs/include/yolov8_msgs/yolov8_msgs/msg/detail/inference_result__functions.c
[1.928s] -- Up-to-date: /home/jezzy/yolobot/install/yolov8_msgs/include/yolov8_msgs/yolov8_msgs/msg/detail/yolov8_inference__struct.h
[1.928s] -- Up-to-date: /home/jezzy/yolobot/install/yolov8_msgs/include/yolov8_msgs/yolov8_msgs/msg/inference_result.h
[1.929s] -- Up-to-date: /home/jezzy/yolobot/install/yolov8_msgs/share/yolov8_msgs/environment/library_path.sh
[1.929s] -- Up-to-date: /home/jezzy/yolobot/install/yolov8_msgs/share/yolov8_msgs/environment/library_path.dsv
[1.929s] -- Up-to-date: /home/jezzy/yolobot/install/yolov8_msgs/lib/libyolov8_msgs__rosidl_generator_c.so
[1.929s] -- Up-to-date: /home/jezzy/yolobot/install/yolov8_msgs/include/yolov8_msgs/yolov8_msgs
[1.930s] -- Up-to-date: /home/jezzy/yolobot/install/yolov8_msgs/include/yolov8_msgs/yolov8_msgs/msg
[1.930s] -- Up-to-date: /home/jezzy/yolobot/install/yolov8_msgs/include/yolov8_msgs/yolov8_msgs/msg/detail
[1.930s] -- Up-to-date: /home/jezzy/yolobot/install/yolov8_msgs/include/yolov8_msgs/yolov8_msgs/msg/detail/inference_result__rosidl_typesupport_fastrtps_c.h
[1.931s] -- Up-to-date: /home/jezzy/yolobot/install/yolov8_msgs/include/yolov8_msgs/yolov8_msgs/msg/detail/yolov8_inference__rosidl_typesupport_fastrtps_c.h
[1.932s] -- Up-to-date: /home/jezzy/yolobot/install/yolov8_msgs/include/yolov8_msgs/yolov8_msgs/msg/rosidl_typesupport_fastrtps_c__visibility_control.h
[1.932s] -- Up-to-date: /home/jezzy/yolobot/install/yolov8_msgs/lib/libyolov8_msgs__rosidl_typesupport_fastrtps_c.so
[1.934s] -- Up-to-date: /home/jezzy/yolobot/install/yolov8_msgs/include/yolov8_msgs/yolov8_msgs
[1.935s] -- Up-to-date: /home/jezzy/yolobot/install/yolov8_msgs/include/yolov8_msgs/yolov8_msgs/msg
[1.943s] -- Up-to-date: /home/jezzy/yolobot/install/yolov8_msgs/include/yolov8_msgs/yolov8_msgs/msg/yolov8_inference.hpp
[1.943s] -- Up-to-date: /home/jezzy/yolobot/install/yolov8_msgs/include/yolov8_msgs/yolov8_msgs/msg/detail
[1.944s] -- Up-to-date: /home/jezzy/yolobot/install/yolov8_msgs/include/yolov8_msgs/yolov8_msgs/msg/detail/inference_result__struct.hpp
[1.944s] -- Up-to-date: /home/jezzy/yolobot/install/yolov8_msgs/include/yolov8_msgs/yolov8_msgs/msg/detail/yolov8_inference__traits.hpp
[1.944s] -- Up-to-date: /home/jezzy/yolobot/install/yolov8_msgs/include/yolov8_msgs/yolov8_msgs/msg/detail/yolov8_inference__builder.hpp
[1.947s] -- Up-to-date: /home/jezzy/yolobot/install/yolov8_msgs/include/yolov8_msgs/yolov8_msgs/msg/detail/inference_result__builder.hpp
[1.948s] -- Up-to-date: /home/jezzy/yolobot/install/yolov8_msgs/include/yolov8_msgs/yolov8_msgs/msg/detail/inference_result__traits.hpp
[1.948s] -- Up-to-date: /home/jezzy/yolobot/install/yolov8_msgs/include/yolov8_msgs/yolov8_msgs/msg/detail/yolov8_inference__type_support.hpp
[1.948s] -- Up-to-date: /home/jezzy/yolobot/install/yolov8_msgs/include/yolov8_msgs/yolov8_msgs/msg/detail/yolov8_inference__struct.hpp
[1.949s] -- Up-to-date: /home/jezzy/yolobot/install/yolov8_msgs/include/yolov8_msgs/yolov8_msgs/msg/detail/inference_result__type_support.hpp
[1.949s] -- Up-to-date: /home/jezzy/yolobot/install/yolov8_msgs/include/yolov8_msgs/yolov8_msgs/msg/inference_result.hpp
[1.949s] -- Up-to-date: /home/jezzy/yolobot/install/yolov8_msgs/include/yolov8_msgs/yolov8_msgs/msg/rosidl_generator_cpp__visibility_control.hpp
[1.949s] -- Up-to-date: /home/jezzy/yolobot/install/yolov8_msgs/include/yolov8_msgs/yolov8_msgs
[1.949s] -- Up-to-date: /home/jezzy/yolobot/install/yolov8_msgs/include/yolov8_msgs/yolov8_msgs/msg
[1.950s] -- Up-to-date: /home/jezzy/yolobot/install/yolov8_msgs/include/yolov8_msgs/yolov8_msgs/msg/rosidl_typesupport_fastrtps_cpp__visibility_control.h
[1.950s] -- Up-to-date: /home/jezzy/yolobot/install/yolov8_msgs/include/yolov8_msgs/yolov8_msgs/msg/detail
[1.950s] -- Up-to-date: /home/jezzy/yolobot/install/yolov8_msgs/include/yolov8_msgs/yolov8_msgs/msg/detail/yolov8_inference__rosidl_typesupport_fastrtps_cpp.hpp
[1.950s] -- Up-to-date: /home/jezzy/yolobot/install/yolov8_msgs/include/yolov8_msgs/yolov8_msgs/msg/detail/dds_fastrtps
[1.950s] -- Up-to-date: /home/jezzy/yolobot/install/yolov8_msgs/include/yolov8_msgs/yolov8_msgs/msg/detail/inference_result__rosidl_typesupport_fastrtps_cpp.hpp
[1.950s] -- Up-to-date: /home/jezzy/yolobot/install/yolov8_msgs/lib/libyolov8_msgs__rosidl_typesupport_fastrtps_cpp.so
[1.951s] -- Up-to-date: /home/jezzy/yolobot/install/yolov8_msgs/include/yolov8_msgs/yolov8_msgs
[1.951s] -- Up-to-date: /home/jezzy/yolobot/install/yolov8_msgs/include/yolov8_msgs/yolov8_msgs/msg
[1.951s] -- Up-to-date: /home/jezzy/yolobot/install/yolov8_msgs/include/yolov8_msgs/yolov8_msgs/msg/rosidl_typesupport_introspection_c__visibility_control.h
[1.951s] -- Up-to-date: /home/jezzy/yolobot/install/yolov8_msgs/include/yolov8_msgs/yolov8_msgs/msg/detail
[1.952s] -- Up-to-date: /home/jezzy/yolobot/install/yolov8_msgs/include/yolov8_msgs/yolov8_msgs/msg/detail/yolov8_inference__rosidl_typesupport_introspection_c.h
[1.952s] -- Up-to-date: /home/jezzy/yolobot/install/yolov8_msgs/include/yolov8_msgs/yolov8_msgs/msg/detail/yolov8_inference__type_support.c
[1.952s] -- Up-to-date: /home/jezzy/yolobot/install/yolov8_msgs/include/yolov8_msgs/yolov8_msgs/msg/detail/inference_result__rosidl_typesupport_introspection_c.h
[1.952s] -- Up-to-date: /home/jezzy/yolobot/install/yolov8_msgs/include/yolov8_msgs/yolov8_msgs/msg/detail/inference_result__type_support.c
[1.952s] -- Up-to-date: /home/jezzy/yolobot/install/yolov8_msgs/lib/libyolov8_msgs__rosidl_typesupport_introspection_c.so
[1.952s] -- Up-to-date: /home/jezzy/yolobot/install/yolov8_msgs/lib/libyolov8_msgs__rosidl_typesupport_c.so
[1.952s] -- Up-to-date: /home/jezzy/yolobot/install/yolov8_msgs/include/yolov8_msgs/yolov8_msgs
[1.953s] -- Up-to-date: /home/jezzy/yolobot/install/yolov8_msgs/include/yolov8_msgs/yolov8_msgs/msg
[1.953s] -- Up-to-date: /home/jezzy/yolobot/install/yolov8_msgs/include/yolov8_msgs/yolov8_msgs/msg/detail
[1.953s] -- Up-to-date: /home/jezzy/yolobot/install/yolov8_msgs/include/yolov8_msgs/yolov8_msgs/msg/detail/yolov8_inference__type_support.cpp
[1.953s] -- Up-to-date: /home/jezzy/yolobot/install/yolov8_msgs/include/yolov8_msgs/yolov8_msgs/msg/detail/inference_result__type_support.cpp
[1.953s] -- Up-to-date: /home/jezzy/yolobot/install/yolov8_msgs/include/yolov8_msgs/yolov8_msgs/msg/detail/yolov8_inference__rosidl_typesupport_introspection_cpp.hpp
[1.953s] -- Up-to-date: /home/jezzy/yolobot/install/yolov8_msgs/include/yolov8_msgs/yolov8_msgs/msg/detail/inference_result__rosidl_typesupport_introspection_cpp.hpp
[1.954s] -- Up-to-date: /home/jezzy/yolobot/install/yolov8_msgs/lib/libyolov8_msgs__rosidl_typesupport_introspection_cpp.so
[1.954s] -- Up-to-date: /home/jezzy/yolobot/install/yolov8_msgs/lib/libyolov8_msgs__rosidl_typesupport_cpp.so
[1.954s] -- Up-to-date: /home/jezzy/yolobot/install/yolov8_msgs/share/yolov8_msgs/environment/pythonpath.sh
[1.954s] -- Up-to-date: /home/jezzy/yolobot/install/yolov8_msgs/share/yolov8_msgs/environment/pythonpath.dsv
[1.955s] -- Up-to-date: /home/jezzy/yolobot/install/yolov8_msgs/local/lib/python3.10/dist-packages/yolov8_msgs-0.0.0-py3.10.egg-info
[1.955s] -- Installing: /home/jezzy/yolobot/install/yolov8_msgs/local/lib/python3.10/dist-packages/yolov8_msgs-0.0.0-py3.10.egg-info/top_level.txt
[1.956s] -- Installing: /home/jezzy/yolobot/install/yolov8_msgs/local/lib/python3.10/dist-packages/yolov8_msgs-0.0.0-py3.10.egg-info/SOURCES.txt
[1.956s] -- Installing: /home/jezzy/yolobot/install/yolov8_msgs/local/lib/python3.10/dist-packages/yolov8_msgs-0.0.0-py3.10.egg-info/dependency_links.txt
[1.957s] -- Installing: /home/jezzy/yolobot/install/yolov8_msgs/local/lib/python3.10/dist-packages/yolov8_msgs-0.0.0-py3.10.egg-info/PKG-INFO
[1.957s] -- Up-to-date: /home/jezzy/yolobot/install/yolov8_msgs/local/lib/python3.10/dist-packages/yolov8_msgs
[1.957s] -- Up-to-date: /home/jezzy/yolobot/install/yolov8_msgs/local/lib/python3.10/dist-packages/yolov8_msgs/_yolov8_msgs_s.ep.rosidl_typesupport_introspection_c.c
[1.957s] -- Up-to-date: /home/jezzy/yolobot/install/yolov8_msgs/local/lib/python3.10/dist-packages/yolov8_msgs/yolov8_msgs_s__rosidl_typesupport_c.cpython-310-x86_64-linux-gnu.so
[1.958s] -- Up-to-date: /home/jezzy/yolobot/install/yolov8_msgs/local/lib/python3.10/dist-packages/yolov8_msgs/yolov8_msgs_s__rosidl_typesupport_introspection_c.cpython-310-x86_64-linux-gnu.so
[1.958s] -- Up-to-date: /home/jezzy/yolobot/install/yolov8_msgs/local/lib/python3.10/dist-packages/yolov8_msgs/_yolov8_msgs_s.ep.rosidl_typesupport_c.c
[1.958s] -- Up-to-date: /home/jezzy/yolobot/install/yolov8_msgs/local/lib/python3.10/dist-packages/yolov8_msgs/msg
[1.958s] -- Up-to-date: /home/jezzy/yolobot/install/yolov8_msgs/local/lib/python3.10/dist-packages/yolov8_msgs/msg/_inference_result_s.c
[1.959s] -- Up-to-date: /home/jezzy/yolobot/install/yolov8_msgs/local/lib/python3.10/dist-packages/yolov8_msgs/msg/_inference_result.py
[1.959s] -- Up-to-date: /home/jezzy/yolobot/install/yolov8_msgs/local/lib/python3.10/dist-packages/yolov8_msgs/msg/__init__.py
[1.959s] -- Up-to-date: /home/jezzy/yolobot/install/yolov8_msgs/local/lib/python3.10/dist-packages/yolov8_msgs/msg/_yolov8_inference.py
[1.959s] -- Up-to-date: /home/jezzy/yolobot/install/yolov8_msgs/local/lib/python3.10/dist-packages/yolov8_msgs/msg/_yolov8_inference_s.c
[1.959s] -- Up-to-date: /home/jezzy/yolobot/install/yolov8_msgs/local/lib/python3.10/dist-packages/yolov8_msgs/libyolov8_msgs__rosidl_generator_py.so
[1.960s] -- Up-to-date: /home/jezzy/yolobot/install/yolov8_msgs/local/lib/python3.10/dist-packages/yolov8_msgs/__init__.py
[1.960s] -- Up-to-date: /home/jezzy/yolobot/install/yolov8_msgs/local/lib/python3.10/dist-packages/yolov8_msgs/_yolov8_msgs_s.ep.rosidl_typesupport_fastrtps_c.c
[1.960s] -- Up-to-date: /home/jezzy/yolobot/install/yolov8_msgs/local/lib/python3.10/dist-packages/yolov8_msgs/yolov8_msgs_s__rosidl_typesupport_fastrtps_c.cpython-310-x86_64-linux-gnu.so
[2.066s] Listing '/home/jezzy/yolobot/install/yolov8_msgs/local/lib/python3.10/dist-packages/yolov8_msgs'...
[2.067s] Listing '/home/jezzy/yolobot/install/yolov8_msgs/local/lib/python3.10/dist-packages/yolov8_msgs/msg'...
[2.091s] -- Up-to-date: /home/jezzy/yolobot/install/yolov8_msgs/local/lib/python3.10/dist-packages/yolov8_msgs/yolov8_msgs_s__rosidl_typesupport_fastrtps_c.cpython-310-x86_64-linux-gnu.so
[2.091s] -- Up-to-date: /home/jezzy/yolobot/install/yolov8_msgs/local/lib/python3.10/dist-packages/yolov8_msgs/yolov8_msgs_s__rosidl_typesupport_introspection_c.cpython-310-x86_64-linux-gnu.so
[2.091s] -- Up-to-date: /home/jezzy/yolobot/install/yolov8_msgs/local/lib/python3.10/dist-packages/yolov8_msgs/yolov8_msgs_s__rosidl_typesupport_c.cpython-310-x86_64-linux-gnu.so
[2.091s] -- Up-to-date: /home/jezzy/yolobot/install/yolov8_msgs/lib/libyolov8_msgs__rosidl_generator_py.so
[2.091s] -- Up-to-date: /home/jezzy/yolobot/install/yolov8_msgs/share/yolov8_msgs/msg/InferenceResult.idl
[2.091s] -- Up-to-date: /home/jezzy/yolobot/install/yolov8_msgs/share/yolov8_msgs/msg/Yolov8Inference.idl
[2.091s] -- Up-to-date: /home/jezzy/yolobot/install/yolov8_msgs/share/yolov8_msgs/msg/InferenceResult.msg
[2.092s] -- Up-to-date: /home/jezzy/yolobot/install/yolov8_msgs/share/yolov8_msgs/msg/Yolov8Inference.msg
[2.092s] -- Up-to-date: /home/jezzy/yolobot/install/yolov8_msgs/share/ament_index/resource_index/package_run_dependencies/yolov8_msgs
[2.092s] -- Up-to-date: /home/jezzy/yolobot/install/yolov8_msgs/share/ament_index/resource_index/parent_prefix_path/yolov8_msgs
[2.093s] -- Up-to-date: /home/jezzy/yolobot/install/yolov8_msgs/share/yolov8_msgs/environment/ament_prefix_path.sh
[2.093s] -- Up-to-date: /home/jezzy/yolobot/install/yolov8_msgs/share/yolov8_msgs/environment/ament_prefix_path.dsv
[2.093s] -- Up-to-date: /home/jezzy/yolobot/install/yolov8_msgs/share/yolov8_msgs/environment/path.sh
[2.093s] -- Up-to-date: /home/jezzy/yolobot/install/yolov8_msgs/share/yolov8_msgs/environment/path.dsv
[2.094s] -- Up-to-date: /home/jezzy/yolobot/install/yolov8_msgs/share/yolov8_msgs/local_setup.bash
[2.094s] -- Up-to-date: /home/jezzy/yolobot/install/yolov8_msgs/share/yolov8_msgs/local_setup.sh
[2.094s] -- Up-to-date: /home/jezzy/yolobot/install/yolov8_msgs/share/yolov8_msgs/local_setup.zsh
[2.094s] -- Up-to-date: /home/jezzy/yolobot/install/yolov8_msgs/share/yolov8_msgs/local_setup.dsv
[2.095s] -- Installing: /home/jezzy/yolobot/install/yolov8_msgs/share/yolov8_msgs/package.dsv
[2.095s] -- Up-to-date: /home/jezzy/yolobot/install/yolov8_msgs/share/ament_index/resource_index/packages/yolov8_msgs
[2.095s] -- Up-to-date: /home/jezzy/yolobot/install/yolov8_msgs/share/yolov8_msgs/cmake/export_yolov8_msgs__rosidl_generator_cExport.cmake
[2.095s] -- Up-to-date: /home/jezzy/yolobot/install/yolov8_msgs/share/yolov8_msgs/cmake/export_yolov8_msgs__rosidl_generator_cExport-noconfig.cmake
[2.095s] -- Up-to-date: /home/jezzy/yolobot/install/yolov8_msgs/share/yolov8_msgs/cmake/export_yolov8_msgs__rosidl_typesupport_fastrtps_cExport.cmake
[2.095s] -- Up-to-date: /home/jezzy/yolobot/install/yolov8_msgs/share/yolov8_msgs/cmake/export_yolov8_msgs__rosidl_typesupport_fastrtps_cExport-noconfig.cmake
[2.095s] -- Up-to-date: /home/jezzy/yolobot/install/yolov8_msgs/share/yolov8_msgs/cmake/export_yolov8_msgs__rosidl_generator_cppExport.cmake
[2.095s] -- Up-to-date: /home/jezzy/yolobot/install/yolov8_msgs/share/yolov8_msgs/cmake/export_yolov8_msgs__rosidl_typesupport_fastrtps_cppExport.cmake
[2.096s] -- Up-to-date: /home/jezzy/yolobot/install/yolov8_msgs/share/yolov8_msgs/cmake/export_yolov8_msgs__rosidl_typesupport_fastrtps_cppExport-noconfig.cmake
[2.096s] -- Up-to-date: /home/jezzy/yolobot/install/yolov8_msgs/share/yolov8_msgs/cmake/yolov8_msgs__rosidl_typesupport_introspection_cExport.cmake
[2.096s] -- Up-to-date: /home/jezzy/yolobot/install/yolov8_msgs/share/yolov8_msgs/cmake/yolov8_msgs__rosidl_typesupport_introspection_cExport-noconfig.cmake
[2.096s] -- Up-to-date: /home/jezzy/yolobot/install/yolov8_msgs/share/yolov8_msgs/cmake/yolov8_msgs__rosidl_typesupport_cExport.cmake
[2.096s] -- Up-to-date: /home/jezzy/yolobot/install/yolov8_msgs/share/yolov8_msgs/cmake/yolov8_msgs__rosidl_typesupport_cExport-noconfig.cmake
[2.096s] -- Up-to-date: /home/jezzy/yolobot/install/yolov8_msgs/share/yolov8_msgs/cmake/yolov8_msgs__rosidl_typesupport_introspection_cppExport.cmake
[2.096s] -- Up-to-date: /home/jezzy/yolobot/install/yolov8_msgs/share/yolov8_msgs/cmake/yolov8_msgs__rosidl_typesupport_introspection_cppExport-noconfig.cmake
[2.097s] -- Up-to-date: /home/jezzy/yolobot/install/yolov8_msgs/share/yolov8_msgs/cmake/yolov8_msgs__rosidl_typesupport_cppExport.cmake
[2.097s] -- Up-to-date: /home/jezzy/yolobot/install/yolov8_msgs/share/yolov8_msgs/cmake/yolov8_msgs__rosidl_typesupport_cppExport-noconfig.cmake
[2.097s] -- Up-to-date: /home/jezzy/yolobot/install/yolov8_msgs/share/yolov8_msgs/cmake/export_yolov8_msgs__rosidl_generator_pyExport.cmake
[2.099s] -- Up-to-date: /home/jezzy/yolobot/install/yolov8_msgs/share/yolov8_msgs/cmake/export_yolov8_msgs__rosidl_generator_pyExport-noconfig.cmake
[2.100s] -- Up-to-date: /home/jezzy/yolobot/install/yolov8_msgs/share/yolov8_msgs/cmake/rosidl_cmake-extras.cmake
[2.101s] -- Up-to-date: /home/jezzy/yolobot/install/yolov8_msgs/share/yolov8_msgs/cmake/ament_cmake_export_dependencies-extras.cmake
[2.101s] -- Up-to-date: /home/jezzy/yolobot/install/yolov8_msgs/share/yolov8_msgs/cmake/ament_cmake_export_include_directories-extras.cmake
[2.103s] -- Up-to-date: /home/jezzy/yolobot/install/yolov8_msgs/share/yolov8_msgs/cmake/ament_cmake_export_libraries-extras.cmake
[2.104s] -- Up-to-date: /home/jezzy/yolobot/install/yolov8_msgs/share/yolov8_msgs/cmake/ament_cmake_export_targets-extras.cmake
[2.104s] -- Up-to-date: /home/jezzy/yolobot/install/yolov8_msgs/share/yolov8_msgs/cmake/rosidl_cmake_export_typesupport_targets-extras.cmake
[2.105s] -- Up-to-date: /home/jezzy/yolobot/install/yolov8_msgs/share/yolov8_msgs/cmake/rosidl_cmake_export_typesupport_libraries-extras.cmake
[2.105s] -- Up-to-date: /home/jezzy/yolobot/install/yolov8_msgs/share/yolov8_msgs/cmake/yolov8_msgsConfig.cmake
[2.105s] -- Up-to-date: /home/jezzy/yolobot/install/yolov8_msgs/share/yolov8_msgs/cmake/yolov8_msgsConfig-version.cmake
[2.106s] -- Up-to-date: /home/jezzy/yolobot/install/yolov8_msgs/share/yolov8_msgs/package.xml
[2.121s] Invoked command in '/home/jezzy/yolobot/build/yolov8_msgs' returned '0': CMAKE_PREFIX_PATH=${CMAKE_PREFIX_PATH}:/home/jezzy/husky_ws/lintic/install/yolosed:/home/jezzy/husky_ws/lintic/install/visual:/home/jezzy/husky_ws/lintic/install/segnet:/home/jezzy/husky_ws/turtlebot3/install/turtlebot3_teleop:/home/jezzy/husky_ws/turtlebot3/install/turtlebot3_example:/home/jezzy/husky_ws/turtlebot3/install/segtect:/home/jezzy/husky_ws/turtlebot3/install/autonomous_exploration:/opt/ros/humble /usr/bin/cmake --install /home/jezzy/yolobot/build/yolov8_msgs
