[0.041s] Invoking command in '/home/jezzy/huskybot/build/huskybot_gazebo': CMAKE_PREFIX_PATH=${CMAKE_PREFIX_PATH}:/home/jezzy/huskybot/install/huskybot_fusion:/home/jezzy/huskybot/install/huskybot_navigation:/home/jezzy/husky_ws/turtlebot3/install/turtlebot3_teleop:/home/jezzy/husky_ws/turtlebot3/install/turtlebot3_example:/home/jezzy/husky_ws/turtlebot3/install/segtect:/home/jezzy/husky_ws/turtlebot3/install/autonomous_exploration:/home/jezzy/husky_ws/lintic/install/yolosed:/home/jezzy/husky_ws/lintic/install/visual:/home/jezzy/husky_ws/lintic/install/segnet:/opt/ros/humble /usr/bin/cmake /home/jezzy/huskybot/src/huskybot_gazebo -DCMAKE_INSTALL_PREFIX=/home/jezzy/huskybot/install/huskybot_gazebo
[0.608s] -- The C compiler identification is GNU 11.4.0
[2.779s] -- The CXX compiler identification is GNU 11.4.0
[4.424s] -- Detecting C compiler ABI info
[5.002s] -- Detecting C compiler ABI info - done
[5.028s] -- Check for working C compiler: /usr/bin/cc - skipped
[5.030s] -- Detecting C compile features
[5.032s] -- Detecting C compile features - done
[5.042s] -- Detecting CXX compiler ABI info
[5.672s] -- Detecting CXX compiler ABI info - done
[5.701s] -- Check for working CXX compiler: /usr/bin/c++ - skipped
[5.702s] -- Detecting CXX compile features
[5.704s] -- Detecting CXX compile features - done
[5.719s] -- Found ament_cmake: 1.3.11 (/opt/ros/humble/share/ament_cmake/cmake)
[6.302s] -- Found Python3: /usr/bin/python3 (found version "3.10.12") found components: Interpreter 
[6.746s] -- Found rclpy: 3.3.16 (/opt/ros/humble/share/rclpy/cmake)
[6.759s] -- Found ament_lint_auto: 0.12.12 (/opt/ros/humble/share/ament_lint_auto/cmake)
[7.106s] -- Added test 'copyright' to check source files copyright and LICENSE
[7.113s] -- Added test 'flake8' to check Python code syntax and style conventions
[7.118s] -- Added test 'lint_cmake' to check CMake code style
[7.123s] -- Added test 'pep257' to check Python code against some of the docstring style conventions in PEP 257
[7.130s] -- Added test 'xmllint' to check XML markup files
[7.140s] -- Configuring done
[7.152s] -- Generating done
[7.163s] -- Build files have been written to: /home/jezzy/huskybot/build/huskybot_gazebo
[7.179s] Invoked command in '/home/jezzy/huskybot/build/huskybot_gazebo' returned '0': CMAKE_PREFIX_PATH=${CMAKE_PREFIX_PATH}:/home/jezzy/huskybot/install/huskybot_fusion:/home/jezzy/huskybot/install/huskybot_navigation:/home/jezzy/husky_ws/turtlebot3/install/turtlebot3_teleop:/home/jezzy/husky_ws/turtlebot3/install/turtlebot3_example:/home/jezzy/husky_ws/turtlebot3/install/segtect:/home/jezzy/husky_ws/turtlebot3/install/autonomous_exploration:/home/jezzy/husky_ws/lintic/install/yolosed:/home/jezzy/husky_ws/lintic/install/visual:/home/jezzy/husky_ws/lintic/install/segnet:/opt/ros/humble /usr/bin/cmake /home/jezzy/huskybot/src/huskybot_gazebo -DCMAKE_INSTALL_PREFIX=/home/jezzy/huskybot/install/huskybot_gazebo
[7.180s] Invoking command in '/home/jezzy/huskybot/build/huskybot_gazebo': CMAKE_PREFIX_PATH=${CMAKE_PREFIX_PATH}:/home/jezzy/huskybot/install/huskybot_fusion:/home/jezzy/huskybot/install/huskybot_navigation:/home/jezzy/husky_ws/turtlebot3/install/turtlebot3_teleop:/home/jezzy/husky_ws/turtlebot3/install/turtlebot3_example:/home/jezzy/husky_ws/turtlebot3/install/segtect:/home/jezzy/husky_ws/turtlebot3/install/autonomous_exploration:/home/jezzy/husky_ws/lintic/install/yolosed:/home/jezzy/husky_ws/lintic/install/visual:/home/jezzy/husky_ws/lintic/install/segnet:/opt/ros/humble /usr/bin/cmake --build /home/jezzy/huskybot/build/huskybot_gazebo -- -j4 -l4
[7.325s] Invoked command in '/home/jezzy/huskybot/build/huskybot_gazebo' returned '0': CMAKE_PREFIX_PATH=${CMAKE_PREFIX_PATH}:/home/jezzy/huskybot/install/huskybot_fusion:/home/jezzy/huskybot/install/huskybot_navigation:/home/jezzy/husky_ws/turtlebot3/install/turtlebot3_teleop:/home/jezzy/husky_ws/turtlebot3/install/turtlebot3_example:/home/jezzy/husky_ws/turtlebot3/install/segtect:/home/jezzy/husky_ws/turtlebot3/install/autonomous_exploration:/home/jezzy/husky_ws/lintic/install/yolosed:/home/jezzy/husky_ws/lintic/install/visual:/home/jezzy/husky_ws/lintic/install/segnet:/opt/ros/humble /usr/bin/cmake --build /home/jezzy/huskybot/build/huskybot_gazebo -- -j4 -l4
[7.329s] Invoking command in '/home/jezzy/huskybot/build/huskybot_gazebo': CMAKE_PREFIX_PATH=${CMAKE_PREFIX_PATH}:/home/jezzy/huskybot/install/huskybot_fusion:/home/jezzy/huskybot/install/huskybot_navigation:/home/jezzy/husky_ws/turtlebot3/install/turtlebot3_teleop:/home/jezzy/husky_ws/turtlebot3/install/turtlebot3_example:/home/jezzy/husky_ws/turtlebot3/install/segtect:/home/jezzy/husky_ws/turtlebot3/install/autonomous_exploration:/home/jezzy/husky_ws/lintic/install/yolosed:/home/jezzy/husky_ws/lintic/install/visual:/home/jezzy/husky_ws/lintic/install/segnet:/opt/ros/humble /usr/bin/cmake --install /home/jezzy/huskybot/build/huskybot_gazebo
[7.360s] -- Install configuration: ""
[7.361s] -- Installing: /home/jezzy/huskybot/install/huskybot_gazebo/share/huskybot_gazebo//launch
[7.363s] -- Installing: /home/jezzy/huskybot/install/huskybot_gazebo/share/huskybot_gazebo//launch/start_world_launch.py
[7.364s] -- Installing: /home/jezzy/huskybot/install/huskybot_gazebo/share/huskybot_gazebo//launch/huskybot_launch.py
[7.365s] -- Installing: /home/jezzy/huskybot/install/huskybot_gazebo/share/huskybot_gazebo//worlds
[7.366s] -- Installing: /home/jezzy/huskybot/install/huskybot_gazebo/share/huskybot_gazebo//worlds/yolo_test.world
[7.368s] -- Installing: /home/jezzy/huskybot/install/huskybot_gazebo/share/ament_index/resource_index/package_run_dependencies/huskybot_gazebo
[7.370s] -- Installing: /home/jezzy/huskybot/install/huskybot_gazebo/share/ament_index/resource_index/parent_prefix_path/huskybot_gazebo
[7.371s] -- Installing: /home/jezzy/huskybot/install/huskybot_gazebo/share/huskybot_gazebo/environment/ament_prefix_path.sh
[7.372s] -- Installing: /home/jezzy/huskybot/install/huskybot_gazebo/share/huskybot_gazebo/environment/ament_prefix_path.dsv
[7.373s] -- Installing: /home/jezzy/huskybot/install/huskybot_gazebo/share/huskybot_gazebo/environment/path.sh
[7.374s] -- Installing: /home/jezzy/huskybot/install/huskybot_gazebo/share/huskybot_gazebo/environment/path.dsv
[7.375s] -- Installing: /home/jezzy/huskybot/install/huskybot_gazebo/share/huskybot_gazebo/local_setup.bash
[7.377s] -- Installing: /home/jezzy/huskybot/install/huskybot_gazebo/share/huskybot_gazebo/local_setup.sh
[7.378s] -- Installing: /home/jezzy/huskybot/install/huskybot_gazebo/share/huskybot_gazebo/local_setup.zsh
[7.379s] -- Installing: /home/jezzy/huskybot/install/huskybot_gazebo/share/huskybot_gazebo/local_setup.dsv
[7.380s] -- Installing: /home/jezzy/huskybot/install/huskybot_gazebo/share/huskybot_gazebo/package.dsv
[7.381s] -- Installing: /home/jezzy/huskybot/install/huskybot_gazebo/share/ament_index/resource_index/packages/huskybot_gazebo
[7.383s] -- Installing: /home/jezzy/huskybot/install/huskybot_gazebo/share/huskybot_gazebo/cmake/huskybot_gazeboConfig.cmake
[7.384s] -- Installing: /home/jezzy/huskybot/install/huskybot_gazebo/share/huskybot_gazebo/cmake/huskybot_gazeboConfig-version.cmake
[7.385s] -- Installing: /home/jezzy/huskybot/install/huskybot_gazebo/share/huskybot_gazebo/package.xml
[7.402s] Invoked command in '/home/jezzy/huskybot/build/huskybot_gazebo' returned '0': CMAKE_PREFIX_PATH=${CMAKE_PREFIX_PATH}:/home/jezzy/huskybot/install/huskybot_fusion:/home/jezzy/huskybot/install/huskybot_navigation:/home/jezzy/husky_ws/turtlebot3/install/turtlebot3_teleop:/home/jezzy/husky_ws/turtlebot3/install/turtlebot3_example:/home/jezzy/husky_ws/turtlebot3/install/segtect:/home/jezzy/husky_ws/turtlebot3/install/autonomous_exploration:/home/jezzy/husky_ws/lintic/install/yolosed:/home/jezzy/husky_ws/lintic/install/visual:/home/jezzy/husky_ws/lintic/install/segnet:/opt/ros/humble /usr/bin/cmake --install /home/jezzy/huskybot/build/huskybot_gazebo
