[0.061s] Invoking command in '/home/jezzy/huskybot/build/huskybot_description': CMAKE_PREFIX_PATH=${CMAKE_PREFIX_PATH}:/home/jezzy/huskybot/install/huskybot_fusion:/home/jezzy/huskybot/install/huskybot_navigation:/home/jezzy/husky_ws/turtlebot3/install/turtlebot3_teleop:/home/jezzy/husky_ws/turtlebot3/install/turtlebot3_example:/home/jezzy/husky_ws/turtlebot3/install/segtect:/home/jezzy/husky_ws/turtlebot3/install/autonomous_exploration:/home/jezzy/husky_ws/lintic/install/yolosed:/home/jezzy/husky_ws/lintic/install/visual:/home/jezzy/husky_ws/lintic/install/segnet:/opt/ros/humble /usr/bin/cmake --build /home/jezzy/huskybot/build/huskybot_description -- -j4 -l4
[0.430s] Invoked command in '/home/jezzy/huskybot/build/huskybot_description' returned '0': CMAKE_PREFIX_PATH=${CMAKE_PREFIX_PATH}:/home/jezzy/huskybot/install/huskybot_fusion:/home/jezzy/huskybot/install/huskybot_navigation:/home/jezzy/husky_ws/turtlebot3/install/turtlebot3_teleop:/home/jezzy/husky_ws/turtlebot3/install/turtlebot3_example:/home/jezzy/husky_ws/turtlebot3/install/segtect:/home/jezzy/husky_ws/turtlebot3/install/autonomous_exploration:/home/jezzy/husky_ws/lintic/install/yolosed:/home/jezzy/husky_ws/lintic/install/visual:/home/jezzy/husky_ws/lintic/install/segnet:/opt/ros/humble /usr/bin/cmake --build /home/jezzy/huskybot/build/huskybot_description -- -j4 -l4
[0.431s] Invoking command in '/home/jezzy/huskybot/build/huskybot_description': CMAKE_PREFIX_PATH=${CMAKE_PREFIX_PATH}:/home/jezzy/huskybot/install/huskybot_fusion:/home/jezzy/huskybot/install/huskybot_navigation:/home/jezzy/husky_ws/turtlebot3/install/turtlebot3_teleop:/home/jezzy/husky_ws/turtlebot3/install/turtlebot3_example:/home/jezzy/husky_ws/turtlebot3/install/segtect:/home/jezzy/husky_ws/turtlebot3/install/autonomous_exploration:/home/jezzy/husky_ws/lintic/install/yolosed:/home/jezzy/husky_ws/lintic/install/visual:/home/jezzy/husky_ws/lintic/install/segnet:/opt/ros/humble /usr/bin/cmake --install /home/jezzy/huskybot/build/huskybot_description
[0.467s] -- Install configuration: ""
[0.470s] -- Up-to-date: /home/jezzy/huskybot/install/huskybot_description/share/huskybot_description//launch
[0.470s] -- Up-to-date: /home/jezzy/huskybot/install/huskybot_description/share/huskybot_description//launch/spawn_huskybot_launch.launch.py
[0.470s] -- Up-to-date: /home/jezzy/huskybot/install/huskybot_description/share/huskybot_description//launch/spawn_huskybot.py
[0.470s] -- Up-to-date: /home/jezzy/huskybot/install/huskybot_description/share/huskybot_description//robot
[0.471s] -- Up-to-date: /home/jezzy/huskybot/install/huskybot_description/share/huskybot_description//robot/huskybot.urdf
[0.472s] -- Up-to-date: /home/jezzy/huskybot/install/huskybot_description/share/huskybot_description//robot/husky_with_cameras.xacro
[0.472s] -- Up-to-date: /home/jezzy/huskybot/install/huskybot_description/lib/huskybot_description/spawn_huskybot.py
[0.474s] -- Up-to-date: /home/jezzy/huskybot/install/huskybot_description/share/ament_index/resource_index/package_run_dependencies/huskybot_description
[0.477s] -- Up-to-date: /home/jezzy/huskybot/install/huskybot_description/share/ament_index/resource_index/parent_prefix_path/huskybot_description
[0.478s] -- Up-to-date: /home/jezzy/huskybot/install/huskybot_description/share/huskybot_description/environment/ament_prefix_path.sh
[0.479s] -- Up-to-date: /home/jezzy/huskybot/install/huskybot_description/share/huskybot_description/environment/ament_prefix_path.dsv
[0.480s] -- Up-to-date: /home/jezzy/huskybot/install/huskybot_description/share/huskybot_description/environment/path.sh
[0.480s] -- Up-to-date: /home/jezzy/huskybot/install/huskybot_description/share/huskybot_description/environment/path.dsv
[0.481s] -- Up-to-date: /home/jezzy/huskybot/install/huskybot_description/share/huskybot_description/local_setup.bash
[0.482s] -- Up-to-date: /home/jezzy/huskybot/install/huskybot_description/share/huskybot_description/local_setup.sh
[0.483s] -- Up-to-date: /home/jezzy/huskybot/install/huskybot_description/share/huskybot_description/local_setup.zsh
[0.484s] -- Up-to-date: /home/jezzy/huskybot/install/huskybot_description/share/huskybot_description/local_setup.dsv
[0.485s] -- Installing: /home/jezzy/huskybot/install/huskybot_description/share/huskybot_description/package.dsv
[0.486s] -- Up-to-date: /home/jezzy/huskybot/install/huskybot_description/share/ament_index/resource_index/packages/huskybot_description
[0.487s] -- Up-to-date: /home/jezzy/huskybot/install/huskybot_description/share/huskybot_description/cmake/huskybot_descriptionConfig.cmake
[0.491s] -- Up-to-date: /home/jezzy/huskybot/install/huskybot_description/share/huskybot_description/cmake/huskybot_descriptionConfig-version.cmake
[0.504s] -- Up-to-date: /home/jezzy/huskybot/install/huskybot_description/share/huskybot_description/package.xml
[0.506s] Invoked command in '/home/jezzy/huskybot/build/huskybot_description' returned '0': CMAKE_PREFIX_PATH=${CMAKE_PREFIX_PATH}:/home/jezzy/huskybot/install/huskybot_fusion:/home/jezzy/huskybot/install/huskybot_navigation:/home/jezzy/husky_ws/turtlebot3/install/turtlebot3_teleop:/home/jezzy/husky_ws/turtlebot3/install/turtlebot3_example:/home/jezzy/husky_ws/turtlebot3/install/segtect:/home/jezzy/husky_ws/turtlebot3/install/autonomous_exploration:/home/jezzy/husky_ws/lintic/install/yolosed:/home/jezzy/husky_ws/lintic/install/visual:/home/jezzy/husky_ws/lintic/install/segnet:/opt/ros/humble /usr/bin/cmake --install /home/jezzy/huskybot/build/huskybot_description
