[0.052s] Invoking command in '/home/jezzy/huskybot/build/huskybot_control': CMAKE_PREFIX_PATH=${CMAKE_PREFIX_PATH}:/home/jezzy/huskybot/install/huskybot_fusion:/home/jezzy/huskybot/install/huskybot_navigation:/home/jezzy/husky_ws/lintic/install/yolosed:/home/jezzy/husky_ws/lintic/install/visual:/home/jezzy/husky_ws/lintic/install/segnet:/home/jezzy/husky_ws/turtlebot3/install/turtlebot3_teleop:/home/jezzy/husky_ws/turtlebot3/install/turtlebot3_example:/home/jezzy/husky_ws/turtlebot3/install/segtect:/home/jezzy/husky_ws/turtlebot3/install/autonomous_exploration:/opt/ros/humble /usr/bin/cmake /home/jezzy/huskybot/src/huskybot_control -DCMAKE_INSTALL_PREFIX=/home/jezzy/huskybot/install/huskybot_control
[0.499s] -- The C compiler identification is GNU 11.4.0
[2.433s] -- The CXX compiler identification is GNU 11.4.0
[4.304s] -- Detecting C compiler ABI info
[4.845s] -- Detecting C compiler ABI info - done
[4.888s] -- Check for working C compiler: /usr/bin/cc - skipped
[4.891s] -- Detecting C compile features
[4.896s] -- Detecting C compile features - done
[4.911s] -- Detecting CXX compiler ABI info
[5.573s] -- Detecting CXX compiler ABI info - done
[5.597s] -- Check for working CXX compiler: /usr/bin/c++ - skipped
[5.598s] -- Detecting CXX compile features
[5.600s] -- Detecting CXX compile features - done
[5.614s] -- Found ament_cmake: 1.3.11 (/opt/ros/humble/share/ament_cmake/cmake)
[6.315s] -- Found Python3: /usr/bin/python3 (found version "3.10.12") found components: Interpreter 
[6.745s] -- Found ament_lint_auto: 0.12.12 (/opt/ros/humble/share/ament_lint_auto/cmake)
[7.208s] -- Added test 'copyright' to check source files copyright and LICENSE
[7.230s] -- Added test 'flake8' to check Python code syntax and style conventions
[7.243s] -- Added test 'lint_cmake' to check CMake code style
[7.257s] -- Added test 'pep257' to check Python code against some of the docstring style conventions in PEP 257
[7.274s] -- Added test 'xmllint' to check XML markup files
[7.294s] -- Configuring done
[7.320s] -- Generating done
[7.344s] -- Build files have been written to: /home/jezzy/huskybot/build/huskybot_control
[7.393s] Invoked command in '/home/jezzy/huskybot/build/huskybot_control' returned '0': CMAKE_PREFIX_PATH=${CMAKE_PREFIX_PATH}:/home/jezzy/huskybot/install/huskybot_fusion:/home/jezzy/huskybot/install/huskybot_navigation:/home/jezzy/husky_ws/lintic/install/yolosed:/home/jezzy/husky_ws/lintic/install/visual:/home/jezzy/husky_ws/lintic/install/segnet:/home/jezzy/husky_ws/turtlebot3/install/turtlebot3_teleop:/home/jezzy/husky_ws/turtlebot3/install/turtlebot3_example:/home/jezzy/husky_ws/turtlebot3/install/segtect:/home/jezzy/husky_ws/turtlebot3/install/autonomous_exploration:/opt/ros/humble /usr/bin/cmake /home/jezzy/huskybot/src/huskybot_control -DCMAKE_INSTALL_PREFIX=/home/jezzy/huskybot/install/huskybot_control
[7.395s] Invoking command in '/home/jezzy/huskybot/build/huskybot_control': CMAKE_PREFIX_PATH=${CMAKE_PREFIX_PATH}:/home/jezzy/huskybot/install/huskybot_fusion:/home/jezzy/huskybot/install/huskybot_navigation:/home/jezzy/husky_ws/lintic/install/yolosed:/home/jezzy/husky_ws/lintic/install/visual:/home/jezzy/husky_ws/lintic/install/segnet:/home/jezzy/husky_ws/turtlebot3/install/turtlebot3_teleop:/home/jezzy/husky_ws/turtlebot3/install/turtlebot3_example:/home/jezzy/husky_ws/turtlebot3/install/segtect:/home/jezzy/husky_ws/turtlebot3/install/autonomous_exploration:/opt/ros/humble /usr/bin/cmake --build /home/jezzy/huskybot/build/huskybot_control -- -j4 -l4
[7.732s] Invoked command in '/home/jezzy/huskybot/build/huskybot_control' returned '0': CMAKE_PREFIX_PATH=${CMAKE_PREFIX_PATH}:/home/jezzy/huskybot/install/huskybot_fusion:/home/jezzy/huskybot/install/huskybot_navigation:/home/jezzy/husky_ws/lintic/install/yolosed:/home/jezzy/husky_ws/lintic/install/visual:/home/jezzy/husky_ws/lintic/install/segnet:/home/jezzy/husky_ws/turtlebot3/install/turtlebot3_teleop:/home/jezzy/husky_ws/turtlebot3/install/turtlebot3_example:/home/jezzy/husky_ws/turtlebot3/install/segtect:/home/jezzy/husky_ws/turtlebot3/install/autonomous_exploration:/opt/ros/humble /usr/bin/cmake --build /home/jezzy/huskybot/build/huskybot_control -- -j4 -l4
[7.745s] Invoking command in '/home/jezzy/huskybot/build/huskybot_control': CMAKE_PREFIX_PATH=${CMAKE_PREFIX_PATH}:/home/jezzy/huskybot/install/huskybot_fusion:/home/jezzy/huskybot/install/huskybot_navigation:/home/jezzy/husky_ws/lintic/install/yolosed:/home/jezzy/husky_ws/lintic/install/visual:/home/jezzy/husky_ws/lintic/install/segnet:/home/jezzy/husky_ws/turtlebot3/install/turtlebot3_teleop:/home/jezzy/husky_ws/turtlebot3/install/turtlebot3_example:/home/jezzy/husky_ws/turtlebot3/install/segtect:/home/jezzy/husky_ws/turtlebot3/install/autonomous_exploration:/opt/ros/humble /usr/bin/cmake --install /home/jezzy/huskybot/build/huskybot_control
[7.826s] -- Install configuration: ""
[7.829s] -- Installing: /home/jezzy/huskybot/install/huskybot_control/share/huskybot_control//scripts
[7.831s] -- Installing: /home/jezzy/huskybot/install/huskybot_control/share/huskybot_control//scripts/robot_control.py
[7.831s] -- Installing: /home/jezzy/huskybot/install/huskybot_control/share/huskybot_control//launch
[7.831s] -- Installing: /home/jezzy/huskybot/install/huskybot_control/share/huskybot_control//launch/huskybot_control.launch.py
[7.832s] -- Installing: /home/jezzy/huskybot/install/huskybot_control/lib/huskybot_control/robot_control.py
[7.838s] -- Installing: /home/jezzy/huskybot/install/huskybot_control/lib/huskybot_control/huskybot_control.launch.py
[7.854s] -- Installing: /home/jezzy/huskybot/install/huskybot_control/share/ament_index/resource_index/package_run_dependencies/huskybot_control
[7.859s] -- Installing: /home/jezzy/huskybot/install/huskybot_control/share/ament_index/resource_index/parent_prefix_path/huskybot_control
[7.859s] -- Installing: /home/jezzy/huskybot/install/huskybot_control/share/huskybot_control/environment/ament_prefix_path.sh
[7.861s] -- Installing: /home/jezzy/huskybot/install/huskybot_control/share/huskybot_control/environment/ament_prefix_path.dsv
[7.861s] -- Installing: /home/jezzy/huskybot/install/huskybot_control/share/huskybot_control/environment/path.sh
[7.861s] -- Installing: /home/jezzy/huskybot/install/huskybot_control/share/huskybot_control/environment/path.dsv
[7.870s] -- Installing: /home/jezzy/huskybot/install/huskybot_control/share/huskybot_control/local_setup.bash
[7.871s] -- Installing: /home/jezzy/huskybot/install/huskybot_control/share/huskybot_control/local_setup.sh
[7.888s] -- Installing: /home/jezzy/huskybot/install/huskybot_control/share/huskybot_control/local_setup.zsh
[7.889s] -- Installing: /home/jezzy/huskybot/install/huskybot_control/share/huskybot_control/local_setup.dsv
[7.889s] -- Installing: /home/jezzy/huskybot/install/huskybot_control/share/huskybot_control/package.dsv
[7.892s] -- Installing: /home/jezzy/huskybot/install/huskybot_control/share/ament_index/resource_index/packages/huskybot_control
[7.897s] -- Installing: /home/jezzy/huskybot/install/huskybot_control/share/huskybot_control/cmake/huskybot_controlConfig.cmake
[7.897s] -- Installing: /home/jezzy/huskybot/install/huskybot_control/share/huskybot_control/cmake/huskybot_controlConfig-version.cmake
[7.898s] -- Installing: /home/jezzy/huskybot/install/huskybot_control/share/huskybot_control/package.xml
[7.901s] Invoked command in '/home/jezzy/huskybot/build/huskybot_control' returned '0': CMAKE_PREFIX_PATH=${CMAKE_PREFIX_PATH}:/home/jezzy/huskybot/install/huskybot_fusion:/home/jezzy/huskybot/install/huskybot_navigation:/home/jezzy/husky_ws/lintic/install/yolosed:/home/jezzy/husky_ws/lintic/install/visual:/home/jezzy/husky_ws/lintic/install/segnet:/home/jezzy/husky_ws/turtlebot3/install/turtlebot3_teleop:/home/jezzy/husky_ws/turtlebot3/install/turtlebot3_example:/home/jezzy/husky_ws/turtlebot3/install/segtect:/home/jezzy/husky_ws/turtlebot3/install/autonomous_exploration:/opt/ros/humble /usr/bin/cmake --install /home/jezzy/huskybot/build/huskybot_control
