[0.038s] Invoking command in '/home/jezzy/huskybot/build/huskybot_gazebo': CMAKE_PREFIX_PATH=${CMAKE_PREFIX_PATH}:/home/jezzy/huskybot/install/huskybot_fusion:/home/jezzy/huskybot/install/huskybot_navigation:/home/jezzy/husky_ws/lintic/install/yolosed:/home/jezzy/husky_ws/lintic/install/visual:/home/jezzy/husky_ws/lintic/install/segnet:/home/jezzy/husky_ws/turtlebot3/install/turtlebot3_teleop:/home/jezzy/husky_ws/turtlebot3/install/turtlebot3_example:/home/jezzy/husky_ws/turtlebot3/install/segtect:/home/jezzy/husky_ws/turtlebot3/install/autonomous_exploration:/opt/ros/humble /usr/bin/cmake /home/jezzy/huskybot/src/huskybot_gazebo -DCMAKE_INSTALL_PREFIX=/home/jezzy/huskybot/install/huskybot_gazebo
[0.563s] -- The C compiler identification is GNU 11.4.0
[2.315s] -- The CXX compiler identification is GNU 11.4.0
[3.630s] -- Detecting C compiler ABI info
[4.114s] -- Detecting C compiler ABI info - done
[4.147s] -- Check for working C compiler: /usr/bin/cc - skipped
[4.149s] -- Detecting C compile features
[4.151s] -- Detecting C compile features - done
[4.162s] -- Detecting CXX compiler ABI info
[4.782s] -- Detecting CXX compiler ABI info - done
[4.814s] -- Check for working CXX compiler: /usr/bin/c++ - skipped
[4.816s] -- Detecting CXX compile features
[4.817s] -- Detecting CXX compile features - done
[4.832s] -- Found ament_cmake: 1.3.11 (/opt/ros/humble/share/ament_cmake/cmake)
[5.796s] -- Found Python3: /usr/bin/python3 (found version "3.10.12") found components: Interpreter 
[6.315s] -- Found rclpy: 3.3.16 (/opt/ros/humble/share/rclpy/cmake)
[6.325s] -- Found ament_lint_auto: 0.12.12 (/opt/ros/humble/share/ament_lint_auto/cmake)
[6.652s] -- Added test 'copyright' to check source files copyright and LICENSE
[6.660s] -- Added test 'flake8' to check Python code syntax and style conventions
[6.665s] -- Added test 'lint_cmake' to check CMake code style
[6.672s] -- Added test 'pep257' to check Python code against some of the docstring style conventions in PEP 257
[6.678s] -- Added test 'xmllint' to check XML markup files
[6.694s] -- Configuring done
[6.708s] -- Generating done
[6.718s] -- Build files have been written to: /home/jezzy/huskybot/build/huskybot_gazebo
[6.733s] Invoked command in '/home/jezzy/huskybot/build/huskybot_gazebo' returned '0': CMAKE_PREFIX_PATH=${CMAKE_PREFIX_PATH}:/home/jezzy/huskybot/install/huskybot_fusion:/home/jezzy/huskybot/install/huskybot_navigation:/home/jezzy/husky_ws/lintic/install/yolosed:/home/jezzy/husky_ws/lintic/install/visual:/home/jezzy/husky_ws/lintic/install/segnet:/home/jezzy/husky_ws/turtlebot3/install/turtlebot3_teleop:/home/jezzy/husky_ws/turtlebot3/install/turtlebot3_example:/home/jezzy/husky_ws/turtlebot3/install/segtect:/home/jezzy/husky_ws/turtlebot3/install/autonomous_exploration:/opt/ros/humble /usr/bin/cmake /home/jezzy/huskybot/src/huskybot_gazebo -DCMAKE_INSTALL_PREFIX=/home/jezzy/huskybot/install/huskybot_gazebo
[6.736s] Invoking command in '/home/jezzy/huskybot/build/huskybot_gazebo': CMAKE_PREFIX_PATH=${CMAKE_PREFIX_PATH}:/home/jezzy/huskybot/install/huskybot_fusion:/home/jezzy/huskybot/install/huskybot_navigation:/home/jezzy/husky_ws/lintic/install/yolosed:/home/jezzy/husky_ws/lintic/install/visual:/home/jezzy/husky_ws/lintic/install/segnet:/home/jezzy/husky_ws/turtlebot3/install/turtlebot3_teleop:/home/jezzy/husky_ws/turtlebot3/install/turtlebot3_example:/home/jezzy/husky_ws/turtlebot3/install/segtect:/home/jezzy/husky_ws/turtlebot3/install/autonomous_exploration:/opt/ros/humble /usr/bin/cmake --build /home/jezzy/huskybot/build/huskybot_gazebo -- -j4 -l4
[6.856s] Invoked command in '/home/jezzy/huskybot/build/huskybot_gazebo' returned '0': CMAKE_PREFIX_PATH=${CMAKE_PREFIX_PATH}:/home/jezzy/huskybot/install/huskybot_fusion:/home/jezzy/huskybot/install/huskybot_navigation:/home/jezzy/husky_ws/lintic/install/yolosed:/home/jezzy/husky_ws/lintic/install/visual:/home/jezzy/husky_ws/lintic/install/segnet:/home/jezzy/husky_ws/turtlebot3/install/turtlebot3_teleop:/home/jezzy/husky_ws/turtlebot3/install/turtlebot3_example:/home/jezzy/husky_ws/turtlebot3/install/segtect:/home/jezzy/husky_ws/turtlebot3/install/autonomous_exploration:/opt/ros/humble /usr/bin/cmake --build /home/jezzy/huskybot/build/huskybot_gazebo -- -j4 -l4
[6.862s] Invoking command in '/home/jezzy/huskybot/build/huskybot_gazebo': CMAKE_PREFIX_PATH=${CMAKE_PREFIX_PATH}:/home/jezzy/huskybot/install/huskybot_fusion:/home/jezzy/huskybot/install/huskybot_navigation:/home/jezzy/husky_ws/lintic/install/yolosed:/home/jezzy/husky_ws/lintic/install/visual:/home/jezzy/husky_ws/lintic/install/segnet:/home/jezzy/husky_ws/turtlebot3/install/turtlebot3_teleop:/home/jezzy/husky_ws/turtlebot3/install/turtlebot3_example:/home/jezzy/husky_ws/turtlebot3/install/segtect:/home/jezzy/husky_ws/turtlebot3/install/autonomous_exploration:/opt/ros/humble /usr/bin/cmake --install /home/jezzy/huskybot/build/huskybot_gazebo
[6.887s] -- Install configuration: ""
[6.889s] -- Installing: /home/jezzy/huskybot/install/huskybot_gazebo/share/huskybot_gazebo//launch
[6.894s] -- Installing: /home/jezzy/huskybot/install/huskybot_gazebo/share/huskybot_gazebo//launch/start_world_launch.py
[6.895s] -- Installing: /home/jezzy/huskybot/install/huskybot_gazebo/share/huskybot_gazebo//launch/huskybot_launch.py
[6.895s] -- Installing: /home/jezzy/huskybot/install/huskybot_gazebo/share/huskybot_gazebo//worlds
[6.895s] -- Installing: /home/jezzy/huskybot/install/huskybot_gazebo/share/huskybot_gazebo//worlds/yolo_test.world
[6.895s] -- Installing: /home/jezzy/huskybot/install/huskybot_gazebo/share/ament_index/resource_index/package_run_dependencies/huskybot_gazebo
[6.897s] -- Installing: /home/jezzy/huskybot/install/huskybot_gazebo/share/ament_index/resource_index/parent_prefix_path/huskybot_gazebo
[6.898s] -- Installing: /home/jezzy/huskybot/install/huskybot_gazebo/share/huskybot_gazebo/environment/ament_prefix_path.sh
[6.899s] -- Installing: /home/jezzy/huskybot/install/huskybot_gazebo/share/huskybot_gazebo/environment/ament_prefix_path.dsv
[6.900s] -- Installing: /home/jezzy/huskybot/install/huskybot_gazebo/share/huskybot_gazebo/environment/path.sh
[6.900s] -- Installing: /home/jezzy/huskybot/install/huskybot_gazebo/share/huskybot_gazebo/environment/path.dsv
[6.900s] -- Installing: /home/jezzy/huskybot/install/huskybot_gazebo/share/huskybot_gazebo/local_setup.bash
[6.900s] -- Installing: /home/jezzy/huskybot/install/huskybot_gazebo/share/huskybot_gazebo/local_setup.sh
[6.901s] -- Installing: /home/jezzy/huskybot/install/huskybot_gazebo/share/huskybot_gazebo/local_setup.zsh
[6.901s] -- Installing: /home/jezzy/huskybot/install/huskybot_gazebo/share/huskybot_gazebo/local_setup.dsv
[6.901s] -- Installing: /home/jezzy/huskybot/install/huskybot_gazebo/share/huskybot_gazebo/package.dsv
[6.901s] -- Installing: /home/jezzy/huskybot/install/huskybot_gazebo/share/ament_index/resource_index/packages/huskybot_gazebo
[6.901s] -- Installing: /home/jezzy/huskybot/install/huskybot_gazebo/share/huskybot_gazebo/cmake/huskybot_gazeboConfig.cmake
[6.901s] -- Installing: /home/jezzy/huskybot/install/huskybot_gazebo/share/huskybot_gazebo/cmake/huskybot_gazeboConfig-version.cmake
[6.902s] -- Installing: /home/jezzy/huskybot/install/huskybot_gazebo/share/huskybot_gazebo/package.xml
[6.909s] Invoked command in '/home/jezzy/huskybot/build/huskybot_gazebo' returned '0': CMAKE_PREFIX_PATH=${CMAKE_PREFIX_PATH}:/home/jezzy/huskybot/install/huskybot_fusion:/home/jezzy/huskybot/install/huskybot_navigation:/home/jezzy/husky_ws/lintic/install/yolosed:/home/jezzy/husky_ws/lintic/install/visual:/home/jezzy/husky_ws/lintic/install/segnet:/home/jezzy/husky_ws/turtlebot3/install/turtlebot3_teleop:/home/jezzy/husky_ws/turtlebot3/install/turtlebot3_example:/home/jezzy/husky_ws/turtlebot3/install/segtect:/home/jezzy/husky_ws/turtlebot3/install/autonomous_exploration:/opt/ros/humble /usr/bin/cmake --install /home/jezzy/huskybot/build/huskybot_gazebo
