[0.091s] Invoking command in '/home/jezzy/huskybot/build/huskybot_description': CMAKE_PREFIX_PATH=${CMAKE_PREFIX_PATH}:/home/jezzy/husky_ws/lintic/install/yolosed:/home/jezzy/husky_ws/lintic/install/visual:/home/jezzy/husky_ws/lintic/install/segnet:/home/jezzy/husky_ws/turtlebot3/install/turtlebot3_teleop:/home/jezzy/husky_ws/turtlebot3/install/turtlebot3_example:/home/jezzy/husky_ws/turtlebot3/install/segtect:/home/jezzy/husky_ws/turtlebot3/install/autonomous_exploration:/opt/ros/humble /usr/bin/cmake /home/jezzy/huskybot/src/huskybot_description -DCMAKE_INSTALL_PREFIX=/home/jezzy/huskybot/install/huskybot_description
[0.918s] -- The C compiler identification is GNU 11.4.0
[3.176s] -- The CXX compiler identification is GNU 11.4.0
[5.061s] -- Detecting C compiler ABI info
[6.054s] -- Detecting C compiler ABI info - done
[6.155s] -- Check for working C compiler: /usr/bin/cc - skipped
[6.161s] -- Detecting C compile features
[6.174s] -- Detecting C compile features - done
[6.204s] -- Detecting CXX compiler ABI info
[7.404s] -- Detecting CXX compiler ABI info - done
[7.507s] -- Check for working CXX compiler: /usr/bin/c++ - skipped
[7.512s] -- Detecting CXX compile features
[7.522s] -- Detecting CXX compile features - done
[7.574s] -- Found ament_cmake: 1.3.11 (/opt/ros/humble/share/ament_cmake/cmake)
[9.502s] -- Found Python3: /usr/bin/python3 (found version "3.10.12") found components: Interpreter 
[10.815s] -- Found urdf: 2.6.1 (/opt/ros/humble/share/urdf/cmake)
[17.091s] -- Found ament_lint_auto: 0.12.12 (/opt/ros/humble/share/ament_lint_auto/cmake)
[17.452s] -- Added test 'copyright' to check source files copyright and LICENSE
[17.465s] -- Added test 'flake8' to check Python code syntax and style conventions
[17.474s] -- Added test 'lint_cmake' to check CMake code style
[17.478s] -- Added test 'pep257' to check Python code against some of the docstring style conventions in PEP 257
[17.484s] -- Added test 'xmllint' to check XML markup files
[17.494s] -- Configuring done
[17.507s] -- Generating done
[17.520s] -- Build files have been written to: /home/jezzy/huskybot/build/huskybot_description
[17.539s] Invoked command in '/home/jezzy/huskybot/build/huskybot_description' returned '0': CMAKE_PREFIX_PATH=${CMAKE_PREFIX_PATH}:/home/jezzy/husky_ws/lintic/install/yolosed:/home/jezzy/husky_ws/lintic/install/visual:/home/jezzy/husky_ws/lintic/install/segnet:/home/jezzy/husky_ws/turtlebot3/install/turtlebot3_teleop:/home/jezzy/husky_ws/turtlebot3/install/turtlebot3_example:/home/jezzy/husky_ws/turtlebot3/install/segtect:/home/jezzy/husky_ws/turtlebot3/install/autonomous_exploration:/opt/ros/humble /usr/bin/cmake /home/jezzy/huskybot/src/huskybot_description -DCMAKE_INSTALL_PREFIX=/home/jezzy/huskybot/install/huskybot_description
[17.542s] Invoking command in '/home/jezzy/huskybot/build/huskybot_description': CMAKE_PREFIX_PATH=${CMAKE_PREFIX_PATH}:/home/jezzy/husky_ws/lintic/install/yolosed:/home/jezzy/husky_ws/lintic/install/visual:/home/jezzy/husky_ws/lintic/install/segnet:/home/jezzy/husky_ws/turtlebot3/install/turtlebot3_teleop:/home/jezzy/husky_ws/turtlebot3/install/turtlebot3_example:/home/jezzy/husky_ws/turtlebot3/install/segtect:/home/jezzy/husky_ws/turtlebot3/install/autonomous_exploration:/opt/ros/humble /usr/bin/cmake --build /home/jezzy/huskybot/build/huskybot_description -- -j4 -l4
[17.637s] Invoked command in '/home/jezzy/huskybot/build/huskybot_description' returned '0': CMAKE_PREFIX_PATH=${CMAKE_PREFIX_PATH}:/home/jezzy/husky_ws/lintic/install/yolosed:/home/jezzy/husky_ws/lintic/install/visual:/home/jezzy/husky_ws/lintic/install/segnet:/home/jezzy/husky_ws/turtlebot3/install/turtlebot3_teleop:/home/jezzy/husky_ws/turtlebot3/install/turtlebot3_example:/home/jezzy/husky_ws/turtlebot3/install/segtect:/home/jezzy/husky_ws/turtlebot3/install/autonomous_exploration:/opt/ros/humble /usr/bin/cmake --build /home/jezzy/huskybot/build/huskybot_description -- -j4 -l4
[17.638s] Invoking command in '/home/jezzy/huskybot/build/huskybot_description': CMAKE_PREFIX_PATH=${CMAKE_PREFIX_PATH}:/home/jezzy/husky_ws/lintic/install/yolosed:/home/jezzy/husky_ws/lintic/install/visual:/home/jezzy/husky_ws/lintic/install/segnet:/home/jezzy/husky_ws/turtlebot3/install/turtlebot3_teleop:/home/jezzy/husky_ws/turtlebot3/install/turtlebot3_example:/home/jezzy/husky_ws/turtlebot3/install/segtect:/home/jezzy/husky_ws/turtlebot3/install/autonomous_exploration:/opt/ros/humble /usr/bin/cmake --install /home/jezzy/huskybot/build/huskybot_description
[17.654s] -- Install configuration: ""
[17.654s] -- Installing: /home/jezzy/huskybot/install/huskybot_description/share/huskybot_description//launch
[17.655s] -- Installing: /home/jezzy/huskybot/install/huskybot_description/share/huskybot_description//launch/spawn_huskybot_launch.launch.py
[17.655s] -- Installing: /home/jezzy/huskybot/install/huskybot_description/share/huskybot_description//launch/spawn_huskybot.py
[17.655s] -- Installing: /home/jezzy/huskybot/install/huskybot_description/share/huskybot_description//robot
[17.656s] -- Installing: /home/jezzy/huskybot/install/huskybot_description/share/huskybot_description//robot/huskybot.urdf
[17.659s] -- Installing: /home/jezzy/huskybot/install/huskybot_description/share/huskybot_description//robot/husky_with_cameras.xacro
[17.661s] -- Installing: /home/jezzy/huskybot/install/huskybot_description/lib/huskybot_description/spawn_huskybot.py
[17.662s] -- Installing: /home/jezzy/huskybot/install/huskybot_description/share/ament_index/resource_index/package_run_dependencies/huskybot_description
[17.663s] -- Installing: /home/jezzy/huskybot/install/huskybot_description/share/ament_index/resource_index/parent_prefix_path/huskybot_description
[17.663s] -- Installing: /home/jezzy/huskybot/install/huskybot_description/share/huskybot_description/environment/ament_prefix_path.sh
[17.664s] -- Installing: /home/jezzy/huskybot/install/huskybot_description/share/huskybot_description/environment/ament_prefix_path.dsv
[17.664s] -- Installing: /home/jezzy/huskybot/install/huskybot_description/share/huskybot_description/environment/path.sh
[17.665s] -- Installing: /home/jezzy/huskybot/install/huskybot_description/share/huskybot_description/environment/path.dsv
[17.665s] -- Installing: /home/jezzy/huskybot/install/huskybot_description/share/huskybot_description/local_setup.bash
[17.665s] -- Installing: /home/jezzy/huskybot/install/huskybot_description/share/huskybot_description/local_setup.sh
[17.666s] -- Installing: /home/jezzy/huskybot/install/huskybot_description/share/huskybot_description/local_setup.zsh
[17.666s] -- Installing: /home/jezzy/huskybot/install/huskybot_description/share/huskybot_description/local_setup.dsv
[17.667s] -- Installing: /home/jezzy/huskybot/install/huskybot_description/share/huskybot_description/package.dsv
[17.667s] -- Installing: /home/jezzy/huskybot/install/huskybot_description/share/ament_index/resource_index/packages/huskybot_description
[17.667s] -- Installing: /home/jezzy/huskybot/install/huskybot_description/share/huskybot_description/cmake/huskybot_descriptionConfig.cmake
[17.668s] -- Installing: /home/jezzy/huskybot/install/huskybot_description/share/huskybot_description/cmake/huskybot_descriptionConfig-version.cmake
[17.668s] -- Installing: /home/jezzy/huskybot/install/huskybot_description/share/huskybot_description/package.xml
[17.694s] Invoked command in '/home/jezzy/huskybot/build/huskybot_description' returned '0': CMAKE_PREFIX_PATH=${CMAKE_PREFIX_PATH}:/home/jezzy/husky_ws/lintic/install/yolosed:/home/jezzy/husky_ws/lintic/install/visual:/home/jezzy/husky_ws/lintic/install/segnet:/home/jezzy/husky_ws/turtlebot3/install/turtlebot3_teleop:/home/jezzy/husky_ws/turtlebot3/install/turtlebot3_example:/home/jezzy/husky_ws/turtlebot3/install/segtect:/home/jezzy/husky_ws/turtlebot3/install/autonomous_exploration:/opt/ros/humble /usr/bin/cmake --install /home/jezzy/huskybot/build/huskybot_description
