[0.145s] Invoking command in '/home/jezzy/yolobot/build/yolobot_description': CMAKE_PREFIX_PATH=${CMAKE_PREFIX_PATH}:/home/jezzy/husky_ws/lintic/install/yolosed:/home/jezzy/husky_ws/lintic/install/visual:/home/jezzy/husky_ws/lintic/install/segnet:/home/jezzy/husky_ws/turtlebot3/install/turtlebot3_teleop:/home/jezzy/husky_ws/turtlebot3/install/turtlebot3_example:/home/jezzy/husky_ws/turtlebot3/install/segtect:/home/jezzy/husky_ws/turtlebot3/install/autonomous_exploration:/opt/ros/humble /usr/bin/cmake --build /home/jezzy/yolobot/build/yolobot_description -- -j4 -l4
[0.354s] Invoked command in '/home/jezzy/yolobot/build/yolobot_description' returned '0': CMAKE_PREFIX_PATH=${CMAKE_PREFIX_PATH}:/home/jezzy/husky_ws/lintic/install/yolosed:/home/jezzy/husky_ws/lintic/install/visual:/home/jezzy/husky_ws/lintic/install/segnet:/home/jezzy/husky_ws/turtlebot3/install/turtlebot3_teleop:/home/jezzy/husky_ws/turtlebot3/install/turtlebot3_example:/home/jezzy/husky_ws/turtlebot3/install/segtect:/home/jezzy/husky_ws/turtlebot3/install/autonomous_exploration:/opt/ros/humble /usr/bin/cmake --build /home/jezzy/yolobot/build/yolobot_description -- -j4 -l4
[0.459s] Invoking command in '/home/jezzy/yolobot/build/yolobot_description': CMAKE_PREFIX_PATH=${CMAKE_PREFIX_PATH}:/home/jezzy/husky_ws/lintic/install/yolosed:/home/jezzy/husky_ws/lintic/install/visual:/home/jezzy/husky_ws/lintic/install/segnet:/home/jezzy/husky_ws/turtlebot3/install/turtlebot3_teleop:/home/jezzy/husky_ws/turtlebot3/install/turtlebot3_example:/home/jezzy/husky_ws/turtlebot3/install/segtect:/home/jezzy/husky_ws/turtlebot3/install/autonomous_exploration:/opt/ros/humble /usr/bin/cmake --install /home/jezzy/yolobot/build/yolobot_description
[0.540s] -- Install configuration: ""
[0.541s] -- Up-to-date: /home/jezzy/yolobot/install/yolobot_description/share/yolobot_description//launch
[0.541s] -- Up-to-date: /home/jezzy/yolobot/install/yolobot_description/share/yolobot_description//launch/spawn_yolobot_launch.launch.py
[0.541s] -- Up-to-date: /home/jezzy/yolobot/install/yolobot_description/share/yolobot_description//launch/spawn_yolobot.py
[0.542s] -- Up-to-date: /home/jezzy/yolobot/install/yolobot_description/share/yolobot_description//robot
[0.542s] -- Up-to-date: /home/jezzy/yolobot/install/yolobot_description/share/yolobot_description//robot/yolobot.urdf
[0.542s] -- Up-to-date: /home/jezzy/yolobot/install/yolobot_description/lib/yolobot_description/spawn_yolobot.py
[0.543s] -- Up-to-date: /home/jezzy/yolobot/install/yolobot_description/share/ament_index/resource_index/package_run_dependencies/yolobot_description
[0.543s] -- Up-to-date: /home/jezzy/yolobot/install/yolobot_description/share/ament_index/resource_index/parent_prefix_path/yolobot_description
[0.543s] -- Up-to-date: /home/jezzy/yolobot/install/yolobot_description/share/yolobot_description/environment/ament_prefix_path.sh
[0.543s] -- Up-to-date: /home/jezzy/yolobot/install/yolobot_description/share/yolobot_description/environment/ament_prefix_path.dsv
[0.544s] -- Up-to-date: /home/jezzy/yolobot/install/yolobot_description/share/yolobot_description/environment/path.sh
[0.545s] -- Up-to-date: /home/jezzy/yolobot/install/yolobot_description/share/yolobot_description/environment/path.dsv
[0.545s] -- Up-to-date: /home/jezzy/yolobot/install/yolobot_description/share/yolobot_description/local_setup.bash
[0.545s] -- Up-to-date: /home/jezzy/yolobot/install/yolobot_description/share/yolobot_description/local_setup.sh
[0.546s] -- Up-to-date: /home/jezzy/yolobot/install/yolobot_description/share/yolobot_description/local_setup.zsh
[0.546s] -- Up-to-date: /home/jezzy/yolobot/install/yolobot_description/share/yolobot_description/local_setup.dsv
[0.546s] -- Installing: /home/jezzy/yolobot/install/yolobot_description/share/yolobot_description/package.dsv
[0.547s] -- Up-to-date: /home/jezzy/yolobot/install/yolobot_description/share/ament_index/resource_index/packages/yolobot_description
[0.547s] -- Up-to-date: /home/jezzy/yolobot/install/yolobot_description/share/yolobot_description/cmake/yolobot_descriptionConfig.cmake
[0.547s] -- Up-to-date: /home/jezzy/yolobot/install/yolobot_description/share/yolobot_description/cmake/yolobot_descriptionConfig-version.cmake
[0.548s] -- Up-to-date: /home/jezzy/yolobot/install/yolobot_description/share/yolobot_description/package.xml
[0.578s] Invoked command in '/home/jezzy/yolobot/build/yolobot_description' returned '0': CMAKE_PREFIX_PATH=${CMAKE_PREFIX_PATH}:/home/jezzy/husky_ws/lintic/install/yolosed:/home/jezzy/husky_ws/lintic/install/visual:/home/jezzy/husky_ws/lintic/install/segnet:/home/jezzy/husky_ws/turtlebot3/install/turtlebot3_teleop:/home/jezzy/husky_ws/turtlebot3/install/turtlebot3_example:/home/jezzy/husky_ws/turtlebot3/install/segtect:/home/jezzy/husky_ws/turtlebot3/install/autonomous_exploration:/opt/ros/humble /usr/bin/cmake --install /home/jezzy/yolobot/build/yolobot_description
