[0.384s] Invoking command in '/home/jezzy/yolobot/build/yolobot_recognition': CMAKE_PREFIX_PATH=/home/jezzy/yolobot/install/yolov8_msgs:/home/jezzy/yolobot/install/yolobot_recognition:/home/jezzy/yolobot/install/yolobot_gazebo:/home/jezzy/yolobot/install/yolobot_description:/home/jezzy/yolobot/install/yolobot_control:/home/jezzy/husky_ws/turtlebot3/install/turtlebot3:/home/jezzy/husky_ws/turtlebot3/install/turtlebot3_simulations:/home/jezzy/husky_ws/turtlebot3/install/turtlebot3_bringup:/home/jezzy/husky_ws/turtlebot3/install/turtlebot3_node:/home/jezzy/husky_ws/turtlebot3/install/turtlebot3_navigation2:/home/jezzy/husky_ws/turtlebot3/install/turtlebot3_fake_node:/home/jezzy/husky_ws/turtlebot3/install/turtlebot3_msgs:/home/jezzy/husky_ws/turtlebot3/install/turtlebot3_gazebo:/home/jezzy/husky_ws/turtlebot3/install/turtlebot3_description:/home/jezzy/husky_ws/turtlebot3/install/turtlebot3_cartographer:/home/jezzy/husky_ws/turtlebot3/install/dynamixel_sdk_examples:/home/jezzy/husky_ws/turtlebot3/install/dynamixel_sdk_custom_interfaces:/home/jezzy/husky_ws/turtlebot3/install/dynamixel_sdk:/home/jezzy/husky_ws/lintic/install/yolosed:/home/jezzy/husky_ws/lintic/install/visual:/home/jezzy/husky_ws/lintic/install/segnet:/home/jezzy/husky_ws/turtlebot3/install/turtlebot3_teleop:/home/jezzy/husky_ws/turtlebot3/install/turtlebot3_example:/home/jezzy/husky_ws/turtlebot3/install/segtect:/home/jezzy/husky_ws/turtlebot3/install/autonomous_exploration:/opt/ros/humble LD_LIBRARY_PATH=/home/jezzy/yolobot/install/yolov8_msgs/lib:/home/jezzy/husky_ws/turtlebot3/install/turtlebot3_msgs/lib:/home/jezzy/husky_ws/turtlebot3/install/dynamixel_sdk_custom_interfaces/lib:/home/jezzy/husky_ws/turtlebot3/install/dynamixel_sdk/lib:/usr/lib/x86_64-linux-gnu/gazebo-11/plugins:/opt/ros/humble/opt/rviz_ogre_vendor/lib:/opt/ros/humble/lib/x86_64-linux-gnu:/opt/ros/humble/lib:/usr/share/gazebo/../../lib/x86_64-linux-gnu/gazebo-11/plugins /usr/bin/cmake /home/jezzy/yolobot/src/yolobot_recognition -DCMAKE_INSTALL_PREFIX=/home/jezzy/yolobot/install/yolobot_recognition
[0.809s] -- The C compiler identification is GNU 11.4.0
[2.464s] -- The CXX compiler identification is GNU 11.4.0
[3.817s] -- Detecting C compiler ABI info
[4.289s] -- Detecting C compiler ABI info - done
[4.310s] -- Check for working C compiler: /usr/bin/cc - skipped
[4.311s] -- Detecting C compile features
[4.312s] -- Detecting C compile features - done
[4.321s] -- Detecting CXX compiler ABI info
[4.848s] -- Detecting CXX compiler ABI info - done
[4.869s] -- Check for working CXX compiler: /usr/bin/c++ - skipped
[4.870s] -- Detecting CXX compile features
[4.871s] -- Detecting CXX compile features - done
[4.884s] -- Found ament_cmake: 1.3.11 (/opt/ros/humble/share/ament_cmake/cmake)
[5.434s] -- Found Python3: /usr/bin/python3 (found version "3.10.12") found components: Interpreter 
[5.900s] -- Found rclpy: 3.3.16 (/opt/ros/humble/share/rclpy/cmake)
[5.911s] -- Found sensor_msgs: 4.8.0 (/opt/ros/humble/share/sensor_msgs/cmake)
[6.420s] -- Found rosidl_generator_c: 3.1.6 (/opt/ros/humble/share/rosidl_generator_c/cmake)
[6.445s] -- Found rosidl_adapter: 3.1.6 (/opt/ros/humble/share/rosidl_adapter/cmake)
[6.482s] -- Found rosidl_generator_cpp: 3.1.6 (/opt/ros/humble/share/rosidl_generator_cpp/cmake)
[6.531s] -- Using all available rosidl_typesupport_c: rosidl_typesupport_fastrtps_c;rosidl_typesupport_introspection_c
[6.599s] -- Using all available rosidl_typesupport_cpp: rosidl_typesupport_fastrtps_cpp;rosidl_typesupport_introspection_cpp
[6.817s] -- Found cv_bridge: 3.2.1 (/opt/ros/humble/share/cv_bridge/cmake)
[6.849s] -- Found yolov8_msgs: 0.0.0 (/home/jezzy/yolobot/install/yolov8_msgs/share/yolov8_msgs/cmake)
[6.901s] -- Found ament_lint_auto: 0.12.12 (/opt/ros/humble/share/ament_lint_auto/cmake)
[7.154s] -- Added test 'copyright' to check source files copyright and LICENSE
[7.160s] -- Added test 'flake8' to check Python code syntax and style conventions
[7.163s] -- Added test 'lint_cmake' to check CMake code style
[7.167s] -- Added test 'pep257' to check Python code against some of the docstring style conventions in PEP 257
[7.173s] -- Added test 'xmllint' to check XML markup files
[7.179s] -- Configuring done
[7.195s] -- Generating done
[7.201s] -- Build files have been written to: /home/jezzy/yolobot/build/yolobot_recognition
[7.222s] Invoked command in '/home/jezzy/yolobot/build/yolobot_recognition' returned '0': CMAKE_PREFIX_PATH=/home/jezzy/yolobot/install/yolov8_msgs:/home/jezzy/yolobot/install/yolobot_recognition:/home/jezzy/yolobot/install/yolobot_gazebo:/home/jezzy/yolobot/install/yolobot_description:/home/jezzy/yolobot/install/yolobot_control:/home/jezzy/husky_ws/turtlebot3/install/turtlebot3:/home/jezzy/husky_ws/turtlebot3/install/turtlebot3_simulations:/home/jezzy/husky_ws/turtlebot3/install/turtlebot3_bringup:/home/jezzy/husky_ws/turtlebot3/install/turtlebot3_node:/home/jezzy/husky_ws/turtlebot3/install/turtlebot3_navigation2:/home/jezzy/husky_ws/turtlebot3/install/turtlebot3_fake_node:/home/jezzy/husky_ws/turtlebot3/install/turtlebot3_msgs:/home/jezzy/husky_ws/turtlebot3/install/turtlebot3_gazebo:/home/jezzy/husky_ws/turtlebot3/install/turtlebot3_description:/home/jezzy/husky_ws/turtlebot3/install/turtlebot3_cartographer:/home/jezzy/husky_ws/turtlebot3/install/dynamixel_sdk_examples:/home/jezzy/husky_ws/turtlebot3/install/dynamixel_sdk_custom_interfaces:/home/jezzy/husky_ws/turtlebot3/install/dynamixel_sdk:/home/jezzy/husky_ws/lintic/install/yolosed:/home/jezzy/husky_ws/lintic/install/visual:/home/jezzy/husky_ws/lintic/install/segnet:/home/jezzy/husky_ws/turtlebot3/install/turtlebot3_teleop:/home/jezzy/husky_ws/turtlebot3/install/turtlebot3_example:/home/jezzy/husky_ws/turtlebot3/install/segtect:/home/jezzy/husky_ws/turtlebot3/install/autonomous_exploration:/opt/ros/humble LD_LIBRARY_PATH=/home/jezzy/yolobot/install/yolov8_msgs/lib:/home/jezzy/husky_ws/turtlebot3/install/turtlebot3_msgs/lib:/home/jezzy/husky_ws/turtlebot3/install/dynamixel_sdk_custom_interfaces/lib:/home/jezzy/husky_ws/turtlebot3/install/dynamixel_sdk/lib:/usr/lib/x86_64-linux-gnu/gazebo-11/plugins:/opt/ros/humble/opt/rviz_ogre_vendor/lib:/opt/ros/humble/lib/x86_64-linux-gnu:/opt/ros/humble/lib:/usr/share/gazebo/../../lib/x86_64-linux-gnu/gazebo-11/plugins /usr/bin/cmake /home/jezzy/yolobot/src/yolobot_recognition -DCMAKE_INSTALL_PREFIX=/home/jezzy/yolobot/install/yolobot_recognition
[7.226s] Invoking command in '/home/jezzy/yolobot/build/yolobot_recognition': CMAKE_PREFIX_PATH=/home/jezzy/yolobot/install/yolov8_msgs:/home/jezzy/yolobot/install/yolobot_recognition:/home/jezzy/yolobot/install/yolobot_gazebo:/home/jezzy/yolobot/install/yolobot_description:/home/jezzy/yolobot/install/yolobot_control:/home/jezzy/husky_ws/turtlebot3/install/turtlebot3:/home/jezzy/husky_ws/turtlebot3/install/turtlebot3_simulations:/home/jezzy/husky_ws/turtlebot3/install/turtlebot3_bringup:/home/jezzy/husky_ws/turtlebot3/install/turtlebot3_node:/home/jezzy/husky_ws/turtlebot3/install/turtlebot3_navigation2:/home/jezzy/husky_ws/turtlebot3/install/turtlebot3_fake_node:/home/jezzy/husky_ws/turtlebot3/install/turtlebot3_msgs:/home/jezzy/husky_ws/turtlebot3/install/turtlebot3_gazebo:/home/jezzy/husky_ws/turtlebot3/install/turtlebot3_description:/home/jezzy/husky_ws/turtlebot3/install/turtlebot3_cartographer:/home/jezzy/husky_ws/turtlebot3/install/dynamixel_sdk_examples:/home/jezzy/husky_ws/turtlebot3/install/dynamixel_sdk_custom_interfaces:/home/jezzy/husky_ws/turtlebot3/install/dynamixel_sdk:/home/jezzy/husky_ws/lintic/install/yolosed:/home/jezzy/husky_ws/lintic/install/visual:/home/jezzy/husky_ws/lintic/install/segnet:/home/jezzy/husky_ws/turtlebot3/install/turtlebot3_teleop:/home/jezzy/husky_ws/turtlebot3/install/turtlebot3_example:/home/jezzy/husky_ws/turtlebot3/install/segtect:/home/jezzy/husky_ws/turtlebot3/install/autonomous_exploration:/opt/ros/humble LD_LIBRARY_PATH=/home/jezzy/yolobot/install/yolov8_msgs/lib:/home/jezzy/husky_ws/turtlebot3/install/turtlebot3_msgs/lib:/home/jezzy/husky_ws/turtlebot3/install/dynamixel_sdk_custom_interfaces/lib:/home/jezzy/husky_ws/turtlebot3/install/dynamixel_sdk/lib:/usr/lib/x86_64-linux-gnu/gazebo-11/plugins:/opt/ros/humble/opt/rviz_ogre_vendor/lib:/opt/ros/humble/lib/x86_64-linux-gnu:/opt/ros/humble/lib:/usr/share/gazebo/../../lib/x86_64-linux-gnu/gazebo-11/plugins /usr/bin/cmake --build /home/jezzy/yolobot/build/yolobot_recognition -- -j4 -l4
[7.326s] Invoked command in '/home/jezzy/yolobot/build/yolobot_recognition' returned '0': CMAKE_PREFIX_PATH=/home/jezzy/yolobot/install/yolov8_msgs:/home/jezzy/yolobot/install/yolobot_recognition:/home/jezzy/yolobot/install/yolobot_gazebo:/home/jezzy/yolobot/install/yolobot_description:/home/jezzy/yolobot/install/yolobot_control:/home/jezzy/husky_ws/turtlebot3/install/turtlebot3:/home/jezzy/husky_ws/turtlebot3/install/turtlebot3_simulations:/home/jezzy/husky_ws/turtlebot3/install/turtlebot3_bringup:/home/jezzy/husky_ws/turtlebot3/install/turtlebot3_node:/home/jezzy/husky_ws/turtlebot3/install/turtlebot3_navigation2:/home/jezzy/husky_ws/turtlebot3/install/turtlebot3_fake_node:/home/jezzy/husky_ws/turtlebot3/install/turtlebot3_msgs:/home/jezzy/husky_ws/turtlebot3/install/turtlebot3_gazebo:/home/jezzy/husky_ws/turtlebot3/install/turtlebot3_description:/home/jezzy/husky_ws/turtlebot3/install/turtlebot3_cartographer:/home/jezzy/husky_ws/turtlebot3/install/dynamixel_sdk_examples:/home/jezzy/husky_ws/turtlebot3/install/dynamixel_sdk_custom_interfaces:/home/jezzy/husky_ws/turtlebot3/install/dynamixel_sdk:/home/jezzy/husky_ws/lintic/install/yolosed:/home/jezzy/husky_ws/lintic/install/visual:/home/jezzy/husky_ws/lintic/install/segnet:/home/jezzy/husky_ws/turtlebot3/install/turtlebot3_teleop:/home/jezzy/husky_ws/turtlebot3/install/turtlebot3_example:/home/jezzy/husky_ws/turtlebot3/install/segtect:/home/jezzy/husky_ws/turtlebot3/install/autonomous_exploration:/opt/ros/humble LD_LIBRARY_PATH=/home/jezzy/yolobot/install/yolov8_msgs/lib:/home/jezzy/husky_ws/turtlebot3/install/turtlebot3_msgs/lib:/home/jezzy/husky_ws/turtlebot3/install/dynamixel_sdk_custom_interfaces/lib:/home/jezzy/husky_ws/turtlebot3/install/dynamixel_sdk/lib:/usr/lib/x86_64-linux-gnu/gazebo-11/plugins:/opt/ros/humble/opt/rviz_ogre_vendor/lib:/opt/ros/humble/lib/x86_64-linux-gnu:/opt/ros/humble/lib:/usr/share/gazebo/../../lib/x86_64-linux-gnu/gazebo-11/plugins /usr/bin/cmake --build /home/jezzy/yolobot/build/yolobot_recognition -- -j4 -l4
[7.332s] Invoking command in '/home/jezzy/yolobot/build/yolobot_recognition': CMAKE_PREFIX_PATH=/home/jezzy/yolobot/install/yolov8_msgs:/home/jezzy/yolobot/install/yolobot_recognition:/home/jezzy/yolobot/install/yolobot_gazebo:/home/jezzy/yolobot/install/yolobot_description:/home/jezzy/yolobot/install/yolobot_control:/home/jezzy/husky_ws/turtlebot3/install/turtlebot3:/home/jezzy/husky_ws/turtlebot3/install/turtlebot3_simulations:/home/jezzy/husky_ws/turtlebot3/install/turtlebot3_bringup:/home/jezzy/husky_ws/turtlebot3/install/turtlebot3_node:/home/jezzy/husky_ws/turtlebot3/install/turtlebot3_navigation2:/home/jezzy/husky_ws/turtlebot3/install/turtlebot3_fake_node:/home/jezzy/husky_ws/turtlebot3/install/turtlebot3_msgs:/home/jezzy/husky_ws/turtlebot3/install/turtlebot3_gazebo:/home/jezzy/husky_ws/turtlebot3/install/turtlebot3_description:/home/jezzy/husky_ws/turtlebot3/install/turtlebot3_cartographer:/home/jezzy/husky_ws/turtlebot3/install/dynamixel_sdk_examples:/home/jezzy/husky_ws/turtlebot3/install/dynamixel_sdk_custom_interfaces:/home/jezzy/husky_ws/turtlebot3/install/dynamixel_sdk:/home/jezzy/husky_ws/lintic/install/yolosed:/home/jezzy/husky_ws/lintic/install/visual:/home/jezzy/husky_ws/lintic/install/segnet:/home/jezzy/husky_ws/turtlebot3/install/turtlebot3_teleop:/home/jezzy/husky_ws/turtlebot3/install/turtlebot3_example:/home/jezzy/husky_ws/turtlebot3/install/segtect:/home/jezzy/husky_ws/turtlebot3/install/autonomous_exploration:/opt/ros/humble LD_LIBRARY_PATH=/home/jezzy/yolobot/install/yolov8_msgs/lib:/home/jezzy/husky_ws/turtlebot3/install/turtlebot3_msgs/lib:/home/jezzy/husky_ws/turtlebot3/install/dynamixel_sdk_custom_interfaces/lib:/home/jezzy/husky_ws/turtlebot3/install/dynamixel_sdk/lib:/usr/lib/x86_64-linux-gnu/gazebo-11/plugins:/opt/ros/humble/opt/rviz_ogre_vendor/lib:/opt/ros/humble/lib/x86_64-linux-gnu:/opt/ros/humble/lib:/usr/share/gazebo/../../lib/x86_64-linux-gnu/gazebo-11/plugins /usr/bin/cmake --install /home/jezzy/yolobot/build/yolobot_recognition
[7.349s] -- Install configuration: ""
[7.351s] -- Installing: /home/jezzy/yolobot/install/yolobot_recognition/share/yolobot_recognition//scripts
[7.353s] -- Installing: /home/jezzy/yolobot/install/yolobot_recognition/share/yolobot_recognition//scripts/yolov8_stitcher_node.py
[7.353s] -- Installing: /home/jezzy/yolobot/install/yolobot_recognition/share/yolobot_recognition//scripts/yolov8_ros2_subscriber.py
[7.354s] -- Installing: /home/jezzy/yolobot/install/yolobot_recognition/share/yolobot_recognition//scripts/.gitignore
[7.355s] -- Installing: /home/jezzy/yolobot/install/yolobot_recognition/share/yolobot_recognition//scripts/.gitattributes
[7.355s] -- Installing: /home/jezzy/yolobot/install/yolobot_recognition/share/yolobot_recognition//scripts/yolov8_ros2_pt.py
[7.355s] -- Installing: /home/jezzy/yolobot/install/yolobot_recognition/share/yolobot_recognition//scripts/yolo11n.pt
[7.368s] -- Installing: /home/jezzy/yolobot/install/yolobot_recognition/share/yolobot_recognition//scripts/yolov8_inference_listener.py
[7.369s] -- Installing: /home/jezzy/yolobot/install/yolobot_recognition/share/yolobot_recognition//scripts/.dockerignore
[7.369s] -- Installing: /home/jezzy/yolobot/install/yolobot_recognition/share/yolobot_recognition//scripts/yolov8_panorama_inference.py
[7.370s] -- Installing: /home/jezzy/yolobot/install/yolobot_recognition/share/yolobot_recognition//scripts/yolov8n.pt
[7.387s] -- Installing: /home/jezzy/yolobot/install/yolobot_recognition/share/yolobot_recognition//launch
[7.388s] -- Installing: /home/jezzy/yolobot/install/yolobot_recognition/share/yolobot_recognition//launch/launch_yolov8.launch.py
[7.390s] -- Installing: /home/jezzy/yolobot/install/yolobot_recognition/lib/yolobot_recognition/yolov8_ros2_pt.py
[7.390s] -- Installing: /home/jezzy/yolobot/install/yolobot_recognition/lib/yolobot_recognition/yolov8_ros2_subscriber.py
[7.391s] -- Installing: /home/jezzy/yolobot/install/yolobot_recognition/lib/yolobot_recognition/yolov8_stitcher_node.py
[7.391s] -- Installing: /home/jezzy/yolobot/install/yolobot_recognition/lib/yolobot_recognition/yolov8_panorama_inference.py
[7.391s] -- Installing: /home/jezzy/yolobot/install/yolobot_recognition/lib/yolobot_recognition/yolov8_inference_listener.py
[7.392s] -- Installing: /home/jezzy/yolobot/install/yolobot_recognition/share/ament_index/resource_index/package_run_dependencies/yolobot_recognition
[7.393s] -- Installing: /home/jezzy/yolobot/install/yolobot_recognition/share/ament_index/resource_index/parent_prefix_path/yolobot_recognition
[7.394s] -- Installing: /home/jezzy/yolobot/install/yolobot_recognition/share/yolobot_recognition/environment/ament_prefix_path.sh
[7.394s] -- Installing: /home/jezzy/yolobot/install/yolobot_recognition/share/yolobot_recognition/environment/ament_prefix_path.dsv
[7.395s] -- Installing: /home/jezzy/yolobot/install/yolobot_recognition/share/yolobot_recognition/environment/path.sh
[7.396s] -- Installing: /home/jezzy/yolobot/install/yolobot_recognition/share/yolobot_recognition/environment/path.dsv
[7.396s] -- Installing: /home/jezzy/yolobot/install/yolobot_recognition/share/yolobot_recognition/local_setup.bash
[7.396s] -- Installing: /home/jezzy/yolobot/install/yolobot_recognition/share/yolobot_recognition/local_setup.sh
[7.397s] -- Installing: /home/jezzy/yolobot/install/yolobot_recognition/share/yolobot_recognition/local_setup.zsh
[7.397s] -- Installing: /home/jezzy/yolobot/install/yolobot_recognition/share/yolobot_recognition/local_setup.dsv
[7.397s] -- Installing: /home/jezzy/yolobot/install/yolobot_recognition/share/yolobot_recognition/package.dsv
[7.399s] -- Installing: /home/jezzy/yolobot/install/yolobot_recognition/share/ament_index/resource_index/packages/yolobot_recognition
[7.403s] -- Installing: /home/jezzy/yolobot/install/yolobot_recognition/share/yolobot_recognition/cmake/yolobot_recognitionConfig.cmake
[7.405s] -- Installing: /home/jezzy/yolobot/install/yolobot_recognition/share/yolobot_recognition/cmake/yolobot_recognitionConfig-version.cmake
[7.405s] -- Installing: /home/jezzy/yolobot/install/yolobot_recognition/share/yolobot_recognition/package.xml
[7.411s] Invoked command in '/home/jezzy/yolobot/build/yolobot_recognition' returned '0': CMAKE_PREFIX_PATH=/home/jezzy/yolobot/install/yolov8_msgs:/home/jezzy/yolobot/install/yolobot_recognition:/home/jezzy/yolobot/install/yolobot_gazebo:/home/jezzy/yolobot/install/yolobot_description:/home/jezzy/yolobot/install/yolobot_control:/home/jezzy/husky_ws/turtlebot3/install/turtlebot3:/home/jezzy/husky_ws/turtlebot3/install/turtlebot3_simulations:/home/jezzy/husky_ws/turtlebot3/install/turtlebot3_bringup:/home/jezzy/husky_ws/turtlebot3/install/turtlebot3_node:/home/jezzy/husky_ws/turtlebot3/install/turtlebot3_navigation2:/home/jezzy/husky_ws/turtlebot3/install/turtlebot3_fake_node:/home/jezzy/husky_ws/turtlebot3/install/turtlebot3_msgs:/home/jezzy/husky_ws/turtlebot3/install/turtlebot3_gazebo:/home/jezzy/husky_ws/turtlebot3/install/turtlebot3_description:/home/jezzy/husky_ws/turtlebot3/install/turtlebot3_cartographer:/home/jezzy/husky_ws/turtlebot3/install/dynamixel_sdk_examples:/home/jezzy/husky_ws/turtlebot3/install/dynamixel_sdk_custom_interfaces:/home/jezzy/husky_ws/turtlebot3/install/dynamixel_sdk:/home/jezzy/husky_ws/lintic/install/yolosed:/home/jezzy/husky_ws/lintic/install/visual:/home/jezzy/husky_ws/lintic/install/segnet:/home/jezzy/husky_ws/turtlebot3/install/turtlebot3_teleop:/home/jezzy/husky_ws/turtlebot3/install/turtlebot3_example:/home/jezzy/husky_ws/turtlebot3/install/segtect:/home/jezzy/husky_ws/turtlebot3/install/autonomous_exploration:/opt/ros/humble LD_LIBRARY_PATH=/home/jezzy/yolobot/install/yolov8_msgs/lib:/home/jezzy/husky_ws/turtlebot3/install/turtlebot3_msgs/lib:/home/jezzy/husky_ws/turtlebot3/install/dynamixel_sdk_custom_interfaces/lib:/home/jezzy/husky_ws/turtlebot3/install/dynamixel_sdk/lib:/usr/lib/x86_64-linux-gnu/gazebo-11/plugins:/opt/ros/humble/opt/rviz_ogre_vendor/lib:/opt/ros/humble/lib/x86_64-linux-gnu:/opt/ros/humble/lib:/usr/share/gazebo/../../lib/x86_64-linux-gnu/gazebo-11/plugins /usr/bin/cmake --install /home/jezzy/yolobot/build/yolobot_recognition
