[0.070s] Invoking command in '/home/jezzy/huskybot/build/husky_custom_description': CMAKE_PREFIX_PATH=${CMAKE_PREFIX_PATH}:/home/jezzy/huskybot/install/huskybot_fusion:/home/jezzy/huskybot/install/huskybot_navigation:/home/jezzy/husky_ws/lintic/install/yolosed:/home/jezzy/husky_ws/lintic/install/visual:/home/jezzy/husky_ws/lintic/install/segnet:/home/jezzy/husky_ws/turtlebot3/install/turtlebot3_teleop:/home/jezzy/husky_ws/turtlebot3/install/turtlebot3_example:/home/jezzy/husky_ws/turtlebot3/install/segtect:/home/jezzy/husky_ws/turtlebot3/install/autonomous_exploration:/opt/ros/humble /usr/bin/cmake /home/jezzy/huskybot/src/husky_custom_description -DCMAKE_INSTALL_PREFIX=/home/jezzy/huskybot/install/husky_custom_description
[0.545s] -- The C compiler identification is GNU 11.4.0
[2.811s] -- The CXX compiler identification is GNU 11.4.0
[4.335s] -- Detecting C compiler ABI info
[5.027s] -- Detecting C compiler ABI info - done
[5.063s] -- Check for working C compiler: /usr/bin/cc - skipped
[5.065s] -- Detecting C compile features
[5.067s] -- Detecting C compile features - done
[5.082s] -- Detecting CXX compiler ABI info
[5.733s] -- Detecting CXX compiler ABI info - done
[5.765s] -- Check for working CXX compiler: /usr/bin/c++ - skipped
[5.766s] -- Detecting CXX compile features
[5.771s] -- Detecting CXX compile features - done
[5.790s] -- Found ament_cmake: 1.3.11 (/opt/ros/humble/share/ament_cmake/cmake)
[6.622s] -- Found Python3: /usr/bin/python3 (found version "3.10.12") found components: Interpreter 
[7.233s] -- Found ament_lint_auto: 0.12.12 (/opt/ros/humble/share/ament_lint_auto/cmake)
[7.673s] -- Added test 'lint_cmake' to check CMake code style
[7.682s] -- Added test 'xmllint' to check XML markup files
[7.700s] -- Configuring done
[7.719s] -- Generating done
[7.733s] -- Build files have been written to: /home/jezzy/huskybot/build/husky_custom_description
[7.747s] Invoked command in '/home/jezzy/huskybot/build/husky_custom_description' returned '0': CMAKE_PREFIX_PATH=${CMAKE_PREFIX_PATH}:/home/jezzy/huskybot/install/huskybot_fusion:/home/jezzy/huskybot/install/huskybot_navigation:/home/jezzy/husky_ws/lintic/install/yolosed:/home/jezzy/husky_ws/lintic/install/visual:/home/jezzy/husky_ws/lintic/install/segnet:/home/jezzy/husky_ws/turtlebot3/install/turtlebot3_teleop:/home/jezzy/husky_ws/turtlebot3/install/turtlebot3_example:/home/jezzy/husky_ws/turtlebot3/install/segtect:/home/jezzy/husky_ws/turtlebot3/install/autonomous_exploration:/opt/ros/humble /usr/bin/cmake /home/jezzy/huskybot/src/husky_custom_description -DCMAKE_INSTALL_PREFIX=/home/jezzy/huskybot/install/husky_custom_description
[7.752s] Invoking command in '/home/jezzy/huskybot/build/husky_custom_description': CMAKE_PREFIX_PATH=${CMAKE_PREFIX_PATH}:/home/jezzy/huskybot/install/huskybot_fusion:/home/jezzy/huskybot/install/huskybot_navigation:/home/jezzy/husky_ws/lintic/install/yolosed:/home/jezzy/husky_ws/lintic/install/visual:/home/jezzy/husky_ws/lintic/install/segnet:/home/jezzy/husky_ws/turtlebot3/install/turtlebot3_teleop:/home/jezzy/husky_ws/turtlebot3/install/turtlebot3_example:/home/jezzy/husky_ws/turtlebot3/install/segtect:/home/jezzy/husky_ws/turtlebot3/install/autonomous_exploration:/opt/ros/humble /usr/bin/cmake --build /home/jezzy/huskybot/build/husky_custom_description -- -j4 -l4
[7.878s] Invoked command in '/home/jezzy/huskybot/build/husky_custom_description' returned '0': CMAKE_PREFIX_PATH=${CMAKE_PREFIX_PATH}:/home/jezzy/huskybot/install/huskybot_fusion:/home/jezzy/huskybot/install/huskybot_navigation:/home/jezzy/husky_ws/lintic/install/yolosed:/home/jezzy/husky_ws/lintic/install/visual:/home/jezzy/husky_ws/lintic/install/segnet:/home/jezzy/husky_ws/turtlebot3/install/turtlebot3_teleop:/home/jezzy/husky_ws/turtlebot3/install/turtlebot3_example:/home/jezzy/husky_ws/turtlebot3/install/segtect:/home/jezzy/husky_ws/turtlebot3/install/autonomous_exploration:/opt/ros/humble /usr/bin/cmake --build /home/jezzy/huskybot/build/husky_custom_description -- -j4 -l4
[7.918s] Invoking command in '/home/jezzy/huskybot/build/husky_custom_description': CMAKE_PREFIX_PATH=${CMAKE_PREFIX_PATH}:/home/jezzy/huskybot/install/huskybot_fusion:/home/jezzy/huskybot/install/huskybot_navigation:/home/jezzy/husky_ws/lintic/install/yolosed:/home/jezzy/husky_ws/lintic/install/visual:/home/jezzy/husky_ws/lintic/install/segnet:/home/jezzy/husky_ws/turtlebot3/install/turtlebot3_teleop:/home/jezzy/husky_ws/turtlebot3/install/turtlebot3_example:/home/jezzy/husky_ws/turtlebot3/install/segtect:/home/jezzy/husky_ws/turtlebot3/install/autonomous_exploration:/opt/ros/humble /usr/bin/cmake --install /home/jezzy/huskybot/build/husky_custom_description
[7.942s] -- Install configuration: ""
[7.943s] -- Installing: /home/jezzy/huskybot/install/husky_custom_description/share/husky_custom_description//urdf
[7.944s] -- Installing: /home/jezzy/huskybot/install/husky_custom_description/share/husky_custom_description//urdf/custom_description.urdf.xacro
[7.945s] -- Installing: /home/jezzy/huskybot/install/husky_custom_description/share/husky_custom_description//urdf/empty.urdf
[7.945s] -- Installing: /home/jezzy/huskybot/install/husky_custom_description/share/husky_custom_description//urdf/wheel.urdf.xacro
[7.945s] -- Installing: /home/jezzy/huskybot/install/husky_custom_description/share/husky_custom_description//urdf/husky.urdf.xacro
[7.945s] -- Installing: /home/jezzy/huskybot/install/husky_custom_description/share/husky_custom_description//urdf/decorations.urdf.xacro
[7.946s] -- Installing: /home/jezzy/huskybot/install/husky_custom_description/share/husky_custom_description//urdf/pacs.urdf.xacro
[7.946s] -- Installing: /home/jezzy/huskybot/install/husky_custom_description/share/husky_custom_description//urdf/accessories
[7.947s] -- Installing: /home/jezzy/huskybot/install/husky_custom_description/share/husky_custom_description//urdf/accessories/hokuyo_ust10.urdf.xacro
[7.948s] -- Installing: /home/jezzy/huskybot/install/husky_custom_description/share/husky_custom_description//urdf/accessories/flir_blackfly_mount.urdf.xacro
[7.949s] -- Installing: /home/jezzy/huskybot/install/husky_custom_description/share/husky_custom_description//urdf/accessories/sick_lms1xx_mount.urdf.xacro
[7.950s] -- Installing: /home/jezzy/huskybot/install/husky_custom_description/share/husky_custom_description//urdf/accessories/intel_realsense.urdf.xacro
[7.951s] -- Installing: /home/jezzy/huskybot/install/husky_custom_description/share/husky_custom_description//urdf/accessories/vlp16_mount.urdf.xacro
[7.951s] -- Installing: /home/jezzy/huskybot/install/husky_custom_description/share/husky_custom_description//urdf/accessories/sensor_arch.urdf.xacro
[7.951s] -- Installing: /home/jezzy/huskybot/install/husky_custom_description/share/ament_index/resource_index/package_run_dependencies/husky_custom_description
[7.953s] -- Installing: /home/jezzy/huskybot/install/husky_custom_description/share/ament_index/resource_index/parent_prefix_path/husky_custom_description
[7.955s] -- Installing: /home/jezzy/huskybot/install/husky_custom_description/share/husky_custom_description/environment/ament_prefix_path.sh
[7.957s] -- Installing: /home/jezzy/huskybot/install/husky_custom_description/share/husky_custom_description/environment/ament_prefix_path.dsv
[7.957s] -- Installing: /home/jezzy/huskybot/install/husky_custom_description/share/husky_custom_description/environment/path.sh
[7.957s] -- Installing: /home/jezzy/huskybot/install/husky_custom_description/share/husky_custom_description/environment/path.dsv
[7.959s] -- Installing: /home/jezzy/huskybot/install/husky_custom_description/share/husky_custom_description/local_setup.bash
[7.959s] -- Installing: /home/jezzy/huskybot/install/husky_custom_description/share/husky_custom_description/local_setup.sh
[7.959s] -- Installing: /home/jezzy/huskybot/install/husky_custom_description/share/husky_custom_description/local_setup.zsh
[7.960s] -- Installing: /home/jezzy/huskybot/install/husky_custom_description/share/husky_custom_description/local_setup.dsv
[7.960s] -- Installing: /home/jezzy/huskybot/install/husky_custom_description/share/husky_custom_description/package.dsv
[7.960s] -- Installing: /home/jezzy/huskybot/install/husky_custom_description/share/ament_index/resource_index/packages/husky_custom_description
[7.960s] -- Installing: /home/jezzy/huskybot/install/husky_custom_description/share/husky_custom_description/cmake/husky_custom_descriptionConfig.cmake
[7.961s] -- Installing: /home/jezzy/huskybot/install/husky_custom_description/share/husky_custom_description/cmake/husky_custom_descriptionConfig-version.cmake
[7.961s] -- Installing: /home/jezzy/huskybot/install/husky_custom_description/share/husky_custom_description/package.xml
[7.979s] Invoked command in '/home/jezzy/huskybot/build/husky_custom_description' returned '0': CMAKE_PREFIX_PATH=${CMAKE_PREFIX_PATH}:/home/jezzy/huskybot/install/huskybot_fusion:/home/jezzy/huskybot/install/huskybot_navigation:/home/jezzy/husky_ws/lintic/install/yolosed:/home/jezzy/husky_ws/lintic/install/visual:/home/jezzy/husky_ws/lintic/install/segnet:/home/jezzy/husky_ws/turtlebot3/install/turtlebot3_teleop:/home/jezzy/husky_ws/turtlebot3/install/turtlebot3_example:/home/jezzy/husky_ws/turtlebot3/install/segtect:/home/jezzy/husky_ws/turtlebot3/install/autonomous_exploration:/opt/ros/humble /usr/bin/cmake --install /home/jezzy/huskybot/build/husky_custom_description
