[0.061s] Invoking command in '/home/jezzy/yolobot/build/husky_custom_description': CMAKE_PREFIX_PATH=${CMAKE_PREFIX_PATH}:/home/jezzy/yolobot/install/yolobot_fusion:/home/jezzy/yolobot/install/yolobot_navigation:/home/jezzy/husky_ws/lintic/install/yolosed:/home/jezzy/husky_ws/lintic/install/visual:/home/jezzy/husky_ws/lintic/install/segnet:/home/jezzy/husky_ws/turtlebot3/install/turtlebot3_teleop:/home/jezzy/husky_ws/turtlebot3/install/turtlebot3_example:/home/jezzy/husky_ws/turtlebot3/install/segtect:/home/jezzy/husky_ws/turtlebot3/install/autonomous_exploration:/opt/ros/humble /usr/bin/cmake /home/jezzy/yolobot/src/husky_custom_description -DCMAKE_INSTALL_PREFIX=/home/jezzy/yolobot/install/husky_custom_description
[0.565s] -- The C compiler identification is GNU 11.4.0
[2.106s] -- The CXX compiler identification is GNU 11.4.0
[3.683s] -- Detecting C compiler ABI info
[4.271s] -- Detecting C compiler ABI info - done
[4.313s] -- Check for working C compiler: /usr/bin/cc - skipped
[4.313s] -- Detecting C compile features
[4.315s] -- Detecting C compile features - done
[4.331s] -- Detecting CXX compiler ABI info
[4.937s] -- Detecting CXX compiler ABI info - done
[4.974s] -- Check for working CXX compiler: /usr/bin/c++ - skipped
[4.976s] -- Detecting CXX compile features
[4.978s] -- Detecting CXX compile features - done
[4.992s] -- Found ament_cmake: 1.3.11 (/opt/ros/humble/share/ament_cmake/cmake)
[5.574s] -- Found Python3: /usr/bin/python3 (found version "3.10.12") found components: Interpreter 
[6.228s] -- Found ament_lint_auto: 0.12.12 (/opt/ros/humble/share/ament_lint_auto/cmake)
[6.608s] -- Added test 'lint_cmake' to check CMake code style
[6.615s] -- Added test 'xmllint' to check XML markup files
[6.632s] -- Configuring done
[6.650s] -- Generating done
[6.655s] -- Build files have been written to: /home/jezzy/yolobot/build/husky_custom_description
[6.678s] Invoked command in '/home/jezzy/yolobot/build/husky_custom_description' returned '0': CMAKE_PREFIX_PATH=${CMAKE_PREFIX_PATH}:/home/jezzy/yolobot/install/yolobot_fusion:/home/jezzy/yolobot/install/yolobot_navigation:/home/jezzy/husky_ws/lintic/install/yolosed:/home/jezzy/husky_ws/lintic/install/visual:/home/jezzy/husky_ws/lintic/install/segnet:/home/jezzy/husky_ws/turtlebot3/install/turtlebot3_teleop:/home/jezzy/husky_ws/turtlebot3/install/turtlebot3_example:/home/jezzy/husky_ws/turtlebot3/install/segtect:/home/jezzy/husky_ws/turtlebot3/install/autonomous_exploration:/opt/ros/humble /usr/bin/cmake /home/jezzy/yolobot/src/husky_custom_description -DCMAKE_INSTALL_PREFIX=/home/jezzy/yolobot/install/husky_custom_description
[6.690s] Invoking command in '/home/jezzy/yolobot/build/husky_custom_description': CMAKE_PREFIX_PATH=${CMAKE_PREFIX_PATH}:/home/jezzy/yolobot/install/yolobot_fusion:/home/jezzy/yolobot/install/yolobot_navigation:/home/jezzy/husky_ws/lintic/install/yolosed:/home/jezzy/husky_ws/lintic/install/visual:/home/jezzy/husky_ws/lintic/install/segnet:/home/jezzy/husky_ws/turtlebot3/install/turtlebot3_teleop:/home/jezzy/husky_ws/turtlebot3/install/turtlebot3_example:/home/jezzy/husky_ws/turtlebot3/install/segtect:/home/jezzy/husky_ws/turtlebot3/install/autonomous_exploration:/opt/ros/humble /usr/bin/cmake --build /home/jezzy/yolobot/build/husky_custom_description -- -j4 -l4
[6.791s] Invoked command in '/home/jezzy/yolobot/build/husky_custom_description' returned '0': CMAKE_PREFIX_PATH=${CMAKE_PREFIX_PATH}:/home/jezzy/yolobot/install/yolobot_fusion:/home/jezzy/yolobot/install/yolobot_navigation:/home/jezzy/husky_ws/lintic/install/yolosed:/home/jezzy/husky_ws/lintic/install/visual:/home/jezzy/husky_ws/lintic/install/segnet:/home/jezzy/husky_ws/turtlebot3/install/turtlebot3_teleop:/home/jezzy/husky_ws/turtlebot3/install/turtlebot3_example:/home/jezzy/husky_ws/turtlebot3/install/segtect:/home/jezzy/husky_ws/turtlebot3/install/autonomous_exploration:/opt/ros/humble /usr/bin/cmake --build /home/jezzy/yolobot/build/husky_custom_description -- -j4 -l4
[6.820s] Invoking command in '/home/jezzy/yolobot/build/husky_custom_description': CMAKE_PREFIX_PATH=${CMAKE_PREFIX_PATH}:/home/jezzy/yolobot/install/yolobot_fusion:/home/jezzy/yolobot/install/yolobot_navigation:/home/jezzy/husky_ws/lintic/install/yolosed:/home/jezzy/husky_ws/lintic/install/visual:/home/jezzy/husky_ws/lintic/install/segnet:/home/jezzy/husky_ws/turtlebot3/install/turtlebot3_teleop:/home/jezzy/husky_ws/turtlebot3/install/turtlebot3_example:/home/jezzy/husky_ws/turtlebot3/install/segtect:/home/jezzy/husky_ws/turtlebot3/install/autonomous_exploration:/opt/ros/humble /usr/bin/cmake --install /home/jezzy/yolobot/build/husky_custom_description
[6.841s] -- Install configuration: ""
[6.841s] -- Installing: /home/jezzy/yolobot/install/husky_custom_description/share/husky_custom_description//urdf
[6.842s] -- Installing: /home/jezzy/yolobot/install/husky_custom_description/share/husky_custom_description//urdf/custom_description.urdf.xacro
[6.843s] -- Installing: /home/jezzy/yolobot/install/husky_custom_description/share/husky_custom_description//urdf/empty.urdf
[6.843s] -- Installing: /home/jezzy/yolobot/install/husky_custom_description/share/husky_custom_description//urdf/wheel.urdf.xacro
[6.843s] -- Installing: /home/jezzy/yolobot/install/husky_custom_description/share/husky_custom_description//urdf/husky.urdf.xacro
[6.844s] -- Installing: /home/jezzy/yolobot/install/husky_custom_description/share/husky_custom_description//urdf/decorations.urdf.xacro
[6.844s] -- Installing: /home/jezzy/yolobot/install/husky_custom_description/share/husky_custom_description//urdf/pacs.urdf.xacro
[6.844s] -- Installing: /home/jezzy/yolobot/install/husky_custom_description/share/husky_custom_description//urdf/accessories
[6.845s] -- Installing: /home/jezzy/yolobot/install/husky_custom_description/share/husky_custom_description//urdf/accessories/hokuyo_ust10.urdf.xacro
[6.845s] -- Installing: /home/jezzy/yolobot/install/husky_custom_description/share/husky_custom_description//urdf/accessories/flir_blackfly_mount.urdf.xacro
[6.845s] -- Installing: /home/jezzy/yolobot/install/husky_custom_description/share/husky_custom_description//urdf/accessories/sick_lms1xx_mount.urdf.xacro
[6.845s] -- Installing: /home/jezzy/yolobot/install/husky_custom_description/share/husky_custom_description//urdf/accessories/intel_realsense.urdf.xacro
[6.845s] -- Installing: /home/jezzy/yolobot/install/husky_custom_description/share/husky_custom_description//urdf/accessories/vlp16_mount.urdf.xacro
[6.846s] -- Installing: /home/jezzy/yolobot/install/husky_custom_description/share/husky_custom_description//urdf/accessories/sensor_arch.urdf.xacro
[6.847s] -- Installing: /home/jezzy/yolobot/install/husky_custom_description/share/ament_index/resource_index/package_run_dependencies/husky_custom_description
[6.847s] -- Installing: /home/jezzy/yolobot/install/husky_custom_description/share/ament_index/resource_index/parent_prefix_path/husky_custom_description
[6.848s] -- Installing: /home/jezzy/yolobot/install/husky_custom_description/share/husky_custom_description/environment/ament_prefix_path.sh
[6.848s] -- Installing: /home/jezzy/yolobot/install/husky_custom_description/share/husky_custom_description/environment/ament_prefix_path.dsv
[6.849s] -- Installing: /home/jezzy/yolobot/install/husky_custom_description/share/husky_custom_description/environment/path.sh
[6.849s] -- Installing: /home/jezzy/yolobot/install/husky_custom_description/share/husky_custom_description/environment/path.dsv
[6.849s] -- Installing: /home/jezzy/yolobot/install/husky_custom_description/share/husky_custom_description/local_setup.bash
[6.850s] -- Installing: /home/jezzy/yolobot/install/husky_custom_description/share/husky_custom_description/local_setup.sh
[6.850s] -- Installing: /home/jezzy/yolobot/install/husky_custom_description/share/husky_custom_description/local_setup.zsh
[6.850s] -- Installing: /home/jezzy/yolobot/install/husky_custom_description/share/husky_custom_description/local_setup.dsv
[6.851s] -- Installing: /home/jezzy/yolobot/install/husky_custom_description/share/husky_custom_description/package.dsv
[6.851s] -- Installing: /home/jezzy/yolobot/install/husky_custom_description/share/ament_index/resource_index/packages/husky_custom_description
[6.852s] -- Installing: /home/jezzy/yolobot/install/husky_custom_description/share/husky_custom_description/cmake/husky_custom_descriptionConfig.cmake
[6.852s] -- Installing: /home/jezzy/yolobot/install/husky_custom_description/share/husky_custom_description/cmake/husky_custom_descriptionConfig-version.cmake
[6.852s] -- Installing: /home/jezzy/yolobot/install/husky_custom_description/share/husky_custom_description/package.xml
[6.858s] Invoked command in '/home/jezzy/yolobot/build/husky_custom_description' returned '0': CMAKE_PREFIX_PATH=${CMAKE_PREFIX_PATH}:/home/jezzy/yolobot/install/yolobot_fusion:/home/jezzy/yolobot/install/yolobot_navigation:/home/jezzy/husky_ws/lintic/install/yolosed:/home/jezzy/husky_ws/lintic/install/visual:/home/jezzy/husky_ws/lintic/install/segnet:/home/jezzy/husky_ws/turtlebot3/install/turtlebot3_teleop:/home/jezzy/husky_ws/turtlebot3/install/turtlebot3_example:/home/jezzy/husky_ws/turtlebot3/install/segtect:/home/jezzy/husky_ws/turtlebot3/install/autonomous_exploration:/opt/ros/humble /usr/bin/cmake --install /home/jezzy/yolobot/build/husky_custom_description
