[3.462s] Invoking command in '/home/jezzy/huskybot/src/huskybot_navigation': PYTHONPATH=/home/jezzy/huskybot/build/huskybot_navigation/prefix_override:/usr/lib/python3/dist-packages/colcon_core/task/python/colcon_distutils_commands:/home/jezzy/huskybot/install/huskybot_navigation/lib/python3.10/site-packages:${PYTHONPATH} /usr/bin/python3 -W ignore:setup.py install is deprecated -W ignore:easy_install command is deprecated setup.py egg_info --egg-base ../../build/huskybot_navigation build --build-base /home/jezzy/huskybot/build/huskybot_navigation/build install --record /home/jezzy/huskybot/build/huskybot_navigation/install.log --single-version-externally-managed install_data
[4.473s] running egg_info
[4.475s] creating ../../build/huskybot_navigation/huskybot_navigation.egg-info
[4.477s] writing ../../build/huskybot_navigation/huskybot_navigation.egg-info/PKG-INFO
[4.478s] writing dependency_links to ../../build/huskybot_navigation/huskybot_navigation.egg-info/dependency_links.txt
[4.479s] writing entry points to ../../build/huskybot_navigation/huskybot_navigation.egg-info/entry_points.txt
[4.480s] writing requirements to ../../build/huskybot_navigation/huskybot_navigation.egg-info/requires.txt
[4.481s] writing top-level names to ../../build/huskybot_navigation/huskybot_navigation.egg-info/top_level.txt
[4.482s] writing manifest file '../../build/huskybot_navigation/huskybot_navigation.egg-info/SOURCES.txt'
[4.490s] reading manifest file '../../build/huskybot_navigation/huskybot_navigation.egg-info/SOURCES.txt'
[4.494s] writing manifest file '../../build/huskybot_navigation/huskybot_navigation.egg-info/SOURCES.txt'
[4.494s] running build
[4.495s] running build_py
[4.496s] creating /home/jezzy/huskybot/build/huskybot_navigation/build
[4.497s] creating /home/jezzy/huskybot/build/huskybot_navigation/build/lib
[4.498s] creating /home/jezzy/huskybot/build/huskybot_navigation/build/lib/huskybot_navigation
[4.499s] copying huskybot_navigation/navigation_node.py -> /home/jezzy/huskybot/build/huskybot_navigation/build/lib/huskybot_navigation
[4.500s] copying huskybot_navigation/__init__.py -> /home/jezzy/huskybot/build/huskybot_navigation/build/lib/huskybot_navigation
[4.501s] running install
[4.502s] running install_lib
[4.506s] creating /home/jezzy/huskybot/install/huskybot_navigation/lib/python3.10/site-packages/huskybot_navigation
[4.506s] copying /home/jezzy/huskybot/build/huskybot_navigation/build/lib/huskybot_navigation/navigation_node.py -> /home/jezzy/huskybot/install/huskybot_navigation/lib/python3.10/site-packages/huskybot_navigation
[4.507s] copying /home/jezzy/huskybot/build/huskybot_navigation/build/lib/huskybot_navigation/__init__.py -> /home/jezzy/huskybot/install/huskybot_navigation/lib/python3.10/site-packages/huskybot_navigation
[4.511s] byte-compiling /home/jezzy/huskybot/install/huskybot_navigation/lib/python3.10/site-packages/huskybot_navigation/navigation_node.py to navigation_node.cpython-310.pyc
[4.512s] byte-compiling /home/jezzy/huskybot/install/huskybot_navigation/lib/python3.10/site-packages/huskybot_navigation/__init__.py to __init__.cpython-310.pyc
[4.513s] running install_data
[4.513s] creating /home/jezzy/huskybot/install/huskybot_navigation/share/ament_index
[4.514s] creating /home/jezzy/huskybot/install/huskybot_navigation/share/ament_index/resource_index
[4.514s] creating /home/jezzy/huskybot/install/huskybot_navigation/share/ament_index/resource_index/packages
[4.515s] copying resource/huskybot_navigation -> /home/jezzy/huskybot/install/huskybot_navigation/share/ament_index/resource_index/packages
[4.516s] copying package.xml -> /home/jezzy/huskybot/install/huskybot_navigation/share/huskybot_navigation
[4.516s] running install_egg_info
[4.522s] Copying ../../build/huskybot_navigation/huskybot_navigation.egg-info to /home/jezzy/huskybot/install/huskybot_navigation/lib/python3.10/site-packages/huskybot_navigation-0.0.0-py3.10.egg-info
[4.525s] running install_scripts
[4.593s] writing list of installed files to '/home/jezzy/huskybot/build/huskybot_navigation/install.log'
[4.683s] Invoked command in '/home/jezzy/huskybot/src/huskybot_navigation' returned '0': PYTHONPATH=/home/jezzy/huskybot/build/huskybot_navigation/prefix_override:/usr/lib/python3/dist-packages/colcon_core/task/python/colcon_distutils_commands:/home/jezzy/huskybot/install/huskybot_navigation/lib/python3.10/site-packages:${PYTHONPATH} /usr/bin/python3 -W ignore:setup.py install is deprecated -W ignore:easy_install command is deprecated setup.py egg_info --egg-base ../../build/huskybot_navigation build --build-base /home/jezzy/huskybot/build/huskybot_navigation/build install --record /home/jezzy/huskybot/build/huskybot_navigation/install.log --single-version-externally-managed install_data
