[0.094s] Invoking command in '/home/jezzy/yolobot/build/yolov8_msgs': CMAKE_PREFIX_PATH=${CMAKE_PREFIX_PATH}:/home/jezzy/husky_ws/lintic/install/yolosed:/home/jezzy/husky_ws/lintic/install/visual:/home/jezzy/husky_ws/lintic/install/segnet:/home/jezzy/husky_ws/turtlebot3/install/turtlebot3_teleop:/home/jezzy/husky_ws/turtlebot3/install/turtlebot3_example:/home/jezzy/husky_ws/turtlebot3/install/segtect:/home/jezzy/husky_ws/turtlebot3/install/autonomous_exploration:/opt/ros/humble /usr/bin/cmake --build /home/jezzy/yolobot/build/yolov8_msgs -- -j4 -l4
[0.185s] [  2%] Built target yolov8_msgs__cpp
[0.191s] [ 12%] Built target yolov8_msgs__rosidl_generator_c
[0.197s] [ 12%] Built target ament_cmake_python_copy_yolov8_msgs
[0.237s] [ 23%] Built target yolov8_msgs__rosidl_typesupport_cpp
[0.242s] [ 33%] Built target yolov8_msgs__rosidl_typesupport_fastrtps_cpp
[0.253s] [ 53%] Built target yolov8_msgs__rosidl_typesupport_introspection_cpp
[0.253s] [ 53%] Built target yolov8_msgs__rosidl_typesupport_fastrtps_c
[0.290s] [ 64%] Built target yolov8_msgs__rosidl_typesupport_introspection_c
[0.296s] [ 74%] Built target yolov8_msgs__rosidl_typesupport_c
[0.329s] [ 74%] Built target yolov8_msgs
[0.365s] [ 76%] Built target yolov8_msgs__py
[0.407s] [ 84%] Built target yolov8_msgs__rosidl_generator_py
[0.464s] [ 92%] Built target yolov8_msgs__rosidl_typesupport_fastrtps_c__pyext
[0.465s] [ 94%] Built target yolov8_msgs__rosidl_typesupport_introspection_c__pyext
[0.466s] [100%] Built target yolov8_msgs__rosidl_typesupport_c__pyext
[0.735s] running egg_info
[0.736s] writing yolov8_msgs.egg-info/PKG-INFO
[0.736s] writing dependency_links to yolov8_msgs.egg-info/dependency_links.txt
[0.737s] writing top-level names to yolov8_msgs.egg-info/top_level.txt
[0.740s] reading manifest file 'yolov8_msgs.egg-info/SOURCES.txt'
[0.742s] writing manifest file 'yolov8_msgs.egg-info/SOURCES.txt'
[0.782s] [100%] Built target ament_cmake_python_build_yolov8_msgs_egg
[0.800s] Invoked command in '/home/jezzy/yolobot/build/yolov8_msgs' returned '0': CMAKE_PREFIX_PATH=${CMAKE_PREFIX_PATH}:/home/jezzy/husky_ws/lintic/install/yolosed:/home/jezzy/husky_ws/lintic/install/visual:/home/jezzy/husky_ws/lintic/install/segnet:/home/jezzy/husky_ws/turtlebot3/install/turtlebot3_teleop:/home/jezzy/husky_ws/turtlebot3/install/turtlebot3_example:/home/jezzy/husky_ws/turtlebot3/install/segtect:/home/jezzy/husky_ws/turtlebot3/install/autonomous_exploration:/opt/ros/humble /usr/bin/cmake --build /home/jezzy/yolobot/build/yolov8_msgs -- -j4 -l4
[0.803s] Invoking command in '/home/jezzy/yolobot/build/yolov8_msgs': CMAKE_PREFIX_PATH=${CMAKE_PREFIX_PATH}:/home/jezzy/husky_ws/lintic/install/yolosed:/home/jezzy/husky_ws/lintic/install/visual:/home/jezzy/husky_ws/lintic/install/segnet:/home/jezzy/husky_ws/turtlebot3/install/turtlebot3_teleop:/home/jezzy/husky_ws/turtlebot3/install/turtlebot3_example:/home/jezzy/husky_ws/turtlebot3/install/segtect:/home/jezzy/husky_ws/turtlebot3/install/autonomous_exploration:/opt/ros/humble /usr/bin/cmake --install /home/jezzy/yolobot/build/yolov8_msgs
[0.815s] -- Install configuration: ""
[0.815s] -- Up-to-date: /home/jezzy/yolobot/install/yolov8_msgs/share/ament_index/resource_index/rosidl_interfaces/yolov8_msgs
[0.815s] -- Up-to-date: /home/jezzy/yolobot/install/yolov8_msgs/include/yolov8_msgs/yolov8_msgs
[0.816s] -- Up-to-date: /home/jezzy/yolobot/install/yolov8_msgs/include/yolov8_msgs/yolov8_msgs/msg
[0.816s] -- Up-to-date: /home/jezzy/yolobot/install/yolov8_msgs/include/yolov8_msgs/yolov8_msgs/msg/yolov8_inference.h
[0.816s] -- Up-to-date: /home/jezzy/yolobot/install/yolov8_msgs/include/yolov8_msgs/yolov8_msgs/msg/rosidl_generator_c__visibility_control.h
[0.816s] -- Up-to-date: /home/jezzy/yolobot/install/yolov8_msgs/include/yolov8_msgs/yolov8_msgs/msg/detail
[0.817s] -- Up-to-date: /home/jezzy/yolobot/install/yolov8_msgs/include/yolov8_msgs/yolov8_msgs/msg/detail/yolov8_inference__functions.h
[0.817s] -- Up-to-date: /home/jezzy/yolobot/install/yolov8_msgs/include/yolov8_msgs/yolov8_msgs/msg/detail/inference_result__type_support.h
[0.817s] -- Up-to-date: /home/jezzy/yolobot/install/yolov8_msgs/include/yolov8_msgs/yolov8_msgs/msg/detail/inference_result__functions.h
[0.818s] -- Up-to-date: /home/jezzy/yolobot/install/yolov8_msgs/include/yolov8_msgs/yolov8_msgs/msg/detail/yolov8_inference__functions.c
[0.818s] -- Up-to-date: /home/jezzy/yolobot/install/yolov8_msgs/include/yolov8_msgs/yolov8_msgs/msg/detail/yolov8_inference__type_support.h
[0.818s] -- Up-to-date: /home/jezzy/yolobot/install/yolov8_msgs/include/yolov8_msgs/yolov8_msgs/msg/detail/inference_result__struct.h
[0.819s] -- Up-to-date: /home/jezzy/yolobot/install/yolov8_msgs/include/yolov8_msgs/yolov8_msgs/msg/detail/inference_result__functions.c
[0.819s] -- Up-to-date: /home/jezzy/yolobot/install/yolov8_msgs/include/yolov8_msgs/yolov8_msgs/msg/detail/yolov8_inference__struct.h
[0.819s] -- Up-to-date: /home/jezzy/yolobot/install/yolov8_msgs/include/yolov8_msgs/yolov8_msgs/msg/inference_result.h
[0.820s] -- Up-to-date: /home/jezzy/yolobot/install/yolov8_msgs/share/yolov8_msgs/environment/library_path.sh
[0.821s] -- Up-to-date: /home/jezzy/yolobot/install/yolov8_msgs/share/yolov8_msgs/environment/library_path.dsv
[0.822s] -- Up-to-date: /home/jezzy/yolobot/install/yolov8_msgs/lib/libyolov8_msgs__rosidl_generator_c.so
[0.822s] -- Up-to-date: /home/jezzy/yolobot/install/yolov8_msgs/include/yolov8_msgs/yolov8_msgs
[0.823s] -- Up-to-date: /home/jezzy/yolobot/install/yolov8_msgs/include/yolov8_msgs/yolov8_msgs/msg
[0.823s] -- Up-to-date: /home/jezzy/yolobot/install/yolov8_msgs/include/yolov8_msgs/yolov8_msgs/msg/detail
[0.823s] -- Up-to-date: /home/jezzy/yolobot/install/yolov8_msgs/include/yolov8_msgs/yolov8_msgs/msg/detail/inference_result__rosidl_typesupport_fastrtps_c.h
[0.824s] -- Up-to-date: /home/jezzy/yolobot/install/yolov8_msgs/include/yolov8_msgs/yolov8_msgs/msg/detail/yolov8_inference__rosidl_typesupport_fastrtps_c.h
[0.824s] -- Up-to-date: /home/jezzy/yolobot/install/yolov8_msgs/include/yolov8_msgs/yolov8_msgs/msg/rosidl_typesupport_fastrtps_c__visibility_control.h
[0.824s] -- Up-to-date: /home/jezzy/yolobot/install/yolov8_msgs/lib/libyolov8_msgs__rosidl_typesupport_fastrtps_c.so
[0.825s] -- Up-to-date: /home/jezzy/yolobot/install/yolov8_msgs/include/yolov8_msgs/yolov8_msgs
[0.825s] -- Up-to-date: /home/jezzy/yolobot/install/yolov8_msgs/include/yolov8_msgs/yolov8_msgs/msg
[0.825s] -- Up-to-date: /home/jezzy/yolobot/install/yolov8_msgs/include/yolov8_msgs/yolov8_msgs/msg/yolov8_inference.hpp
[0.826s] -- Up-to-date: /home/jezzy/yolobot/install/yolov8_msgs/include/yolov8_msgs/yolov8_msgs/msg/detail
[0.826s] -- Up-to-date: /home/jezzy/yolobot/install/yolov8_msgs/include/yolov8_msgs/yolov8_msgs/msg/detail/inference_result__struct.hpp
[0.826s] -- Up-to-date: /home/jezzy/yolobot/install/yolov8_msgs/include/yolov8_msgs/yolov8_msgs/msg/detail/yolov8_inference__traits.hpp
[0.826s] -- Up-to-date: /home/jezzy/yolobot/install/yolov8_msgs/include/yolov8_msgs/yolov8_msgs/msg/detail/yolov8_inference__builder.hpp
[0.827s] -- Up-to-date: /home/jezzy/yolobot/install/yolov8_msgs/include/yolov8_msgs/yolov8_msgs/msg/detail/inference_result__builder.hpp
[0.827s] -- Up-to-date: /home/jezzy/yolobot/install/yolov8_msgs/include/yolov8_msgs/yolov8_msgs/msg/detail/inference_result__traits.hpp
[0.827s] -- Up-to-date: /home/jezzy/yolobot/install/yolov8_msgs/include/yolov8_msgs/yolov8_msgs/msg/detail/yolov8_inference__type_support.hpp
[0.828s] -- Up-to-date: /home/jezzy/yolobot/install/yolov8_msgs/include/yolov8_msgs/yolov8_msgs/msg/detail/yolov8_inference__struct.hpp
[0.828s] -- Up-to-date: /home/jezzy/yolobot/install/yolov8_msgs/include/yolov8_msgs/yolov8_msgs/msg/detail/inference_result__type_support.hpp
[0.828s] -- Up-to-date: /home/jezzy/yolobot/install/yolov8_msgs/include/yolov8_msgs/yolov8_msgs/msg/inference_result.hpp
[0.829s] -- Up-to-date: /home/jezzy/yolobot/install/yolov8_msgs/include/yolov8_msgs/yolov8_msgs/msg/rosidl_generator_cpp__visibility_control.hpp
[0.829s] -- Up-to-date: /home/jezzy/yolobot/install/yolov8_msgs/include/yolov8_msgs/yolov8_msgs
[0.830s] -- Up-to-date: /home/jezzy/yolobot/install/yolov8_msgs/include/yolov8_msgs/yolov8_msgs/msg
[0.830s] -- Up-to-date: /home/jezzy/yolobot/install/yolov8_msgs/include/yolov8_msgs/yolov8_msgs/msg/rosidl_typesupport_fastrtps_cpp__visibility_control.h
[0.830s] -- Up-to-date: /home/jezzy/yolobot/install/yolov8_msgs/include/yolov8_msgs/yolov8_msgs/msg/detail
[0.831s] -- Up-to-date: /home/jezzy/yolobot/install/yolov8_msgs/include/yolov8_msgs/yolov8_msgs/msg/detail/yolov8_inference__rosidl_typesupport_fastrtps_cpp.hpp
[0.831s] -- Up-to-date: /home/jezzy/yolobot/install/yolov8_msgs/include/yolov8_msgs/yolov8_msgs/msg/detail/dds_fastrtps
[0.831s] -- Up-to-date: /home/jezzy/yolobot/install/yolov8_msgs/include/yolov8_msgs/yolov8_msgs/msg/detail/inference_result__rosidl_typesupport_fastrtps_cpp.hpp
[0.831s] -- Up-to-date: /home/jezzy/yolobot/install/yolov8_msgs/lib/libyolov8_msgs__rosidl_typesupport_fastrtps_cpp.so
[0.831s] -- Up-to-date: /home/jezzy/yolobot/install/yolov8_msgs/include/yolov8_msgs/yolov8_msgs
[0.831s] -- Up-to-date: /home/jezzy/yolobot/install/yolov8_msgs/include/yolov8_msgs/yolov8_msgs/msg
[0.832s] -- Up-to-date: /home/jezzy/yolobot/install/yolov8_msgs/include/yolov8_msgs/yolov8_msgs/msg/rosidl_typesupport_introspection_c__visibility_control.h
[0.832s] -- Up-to-date: /home/jezzy/yolobot/install/yolov8_msgs/include/yolov8_msgs/yolov8_msgs/msg/detail
[0.832s] -- Up-to-date: /home/jezzy/yolobot/install/yolov8_msgs/include/yolov8_msgs/yolov8_msgs/msg/detail/yolov8_inference__rosidl_typesupport_introspection_c.h
[0.832s] -- Up-to-date: /home/jezzy/yolobot/install/yolov8_msgs/include/yolov8_msgs/yolov8_msgs/msg/detail/yolov8_inference__type_support.c
[0.832s] -- Up-to-date: /home/jezzy/yolobot/install/yolov8_msgs/include/yolov8_msgs/yolov8_msgs/msg/detail/inference_result__rosidl_typesupport_introspection_c.h
[0.832s] -- Up-to-date: /home/jezzy/yolobot/install/yolov8_msgs/include/yolov8_msgs/yolov8_msgs/msg/detail/inference_result__type_support.c
[0.832s] -- Up-to-date: /home/jezzy/yolobot/install/yolov8_msgs/lib/libyolov8_msgs__rosidl_typesupport_introspection_c.so
[0.832s] -- Up-to-date: /home/jezzy/yolobot/install/yolov8_msgs/lib/libyolov8_msgs__rosidl_typesupport_c.so
[0.833s] -- Up-to-date: /home/jezzy/yolobot/install/yolov8_msgs/include/yolov8_msgs/yolov8_msgs
[0.833s] -- Up-to-date: /home/jezzy/yolobot/install/yolov8_msgs/include/yolov8_msgs/yolov8_msgs/msg
[0.833s] -- Up-to-date: /home/jezzy/yolobot/install/yolov8_msgs/include/yolov8_msgs/yolov8_msgs/msg/detail
[0.833s] -- Up-to-date: /home/jezzy/yolobot/install/yolov8_msgs/include/yolov8_msgs/yolov8_msgs/msg/detail/yolov8_inference__type_support.cpp
[0.833s] -- Up-to-date: /home/jezzy/yolobot/install/yolov8_msgs/include/yolov8_msgs/yolov8_msgs/msg/detail/inference_result__type_support.cpp
[0.833s] -- Up-to-date: /home/jezzy/yolobot/install/yolov8_msgs/include/yolov8_msgs/yolov8_msgs/msg/detail/yolov8_inference__rosidl_typesupport_introspection_cpp.hpp
[0.833s] -- Up-to-date: /home/jezzy/yolobot/install/yolov8_msgs/include/yolov8_msgs/yolov8_msgs/msg/detail/inference_result__rosidl_typesupport_introspection_cpp.hpp
[0.833s] -- Up-to-date: /home/jezzy/yolobot/install/yolov8_msgs/lib/libyolov8_msgs__rosidl_typesupport_introspection_cpp.so
[0.833s] -- Up-to-date: /home/jezzy/yolobot/install/yolov8_msgs/lib/libyolov8_msgs__rosidl_typesupport_cpp.so
[0.834s] -- Up-to-date: /home/jezzy/yolobot/install/yolov8_msgs/share/yolov8_msgs/environment/pythonpath.sh
[0.834s] -- Up-to-date: /home/jezzy/yolobot/install/yolov8_msgs/share/yolov8_msgs/environment/pythonpath.dsv
[0.834s] -- Up-to-date: /home/jezzy/yolobot/install/yolov8_msgs/local/lib/python3.10/dist-packages/yolov8_msgs-0.0.0-py3.10.egg-info
[0.834s] -- Installing: /home/jezzy/yolobot/install/yolov8_msgs/local/lib/python3.10/dist-packages/yolov8_msgs-0.0.0-py3.10.egg-info/top_level.txt
[0.834s] -- Installing: /home/jezzy/yolobot/install/yolov8_msgs/local/lib/python3.10/dist-packages/yolov8_msgs-0.0.0-py3.10.egg-info/SOURCES.txt
[0.835s] -- Installing: /home/jezzy/yolobot/install/yolov8_msgs/local/lib/python3.10/dist-packages/yolov8_msgs-0.0.0-py3.10.egg-info/dependency_links.txt
[0.835s] -- Installing: /home/jezzy/yolobot/install/yolov8_msgs/local/lib/python3.10/dist-packages/yolov8_msgs-0.0.0-py3.10.egg-info/PKG-INFO
[0.835s] -- Up-to-date: /home/jezzy/yolobot/install/yolov8_msgs/local/lib/python3.10/dist-packages/yolov8_msgs
[0.835s] -- Up-to-date: /home/jezzy/yolobot/install/yolov8_msgs/local/lib/python3.10/dist-packages/yolov8_msgs/_yolov8_msgs_s.ep.rosidl_typesupport_introspection_c.c
[0.835s] -- Up-to-date: /home/jezzy/yolobot/install/yolov8_msgs/local/lib/python3.10/dist-packages/yolov8_msgs/yolov8_msgs_s__rosidl_typesupport_c.cpython-310-x86_64-linux-gnu.so
[0.835s] -- Up-to-date: /home/jezzy/yolobot/install/yolov8_msgs/local/lib/python3.10/dist-packages/yolov8_msgs/yolov8_msgs_s__rosidl_typesupport_introspection_c.cpython-310-x86_64-linux-gnu.so
[0.835s] -- Up-to-date: /home/jezzy/yolobot/install/yolov8_msgs/local/lib/python3.10/dist-packages/yolov8_msgs/_yolov8_msgs_s.ep.rosidl_typesupport_c.c
[0.835s] -- Up-to-date: /home/jezzy/yolobot/install/yolov8_msgs/local/lib/python3.10/dist-packages/yolov8_msgs/msg
[0.835s] -- Up-to-date: /home/jezzy/yolobot/install/yolov8_msgs/local/lib/python3.10/dist-packages/yolov8_msgs/msg/_inference_result_s.c
[0.835s] -- Up-to-date: /home/jezzy/yolobot/install/yolov8_msgs/local/lib/python3.10/dist-packages/yolov8_msgs/msg/_inference_result.py
[0.835s] -- Up-to-date: /home/jezzy/yolobot/install/yolov8_msgs/local/lib/python3.10/dist-packages/yolov8_msgs/msg/__init__.py
[0.836s] -- Up-to-date: /home/jezzy/yolobot/install/yolov8_msgs/local/lib/python3.10/dist-packages/yolov8_msgs/msg/_yolov8_inference.py
[0.836s] -- Up-to-date: /home/jezzy/yolobot/install/yolov8_msgs/local/lib/python3.10/dist-packages/yolov8_msgs/msg/_yolov8_inference_s.c
[0.836s] -- Up-to-date: /home/jezzy/yolobot/install/yolov8_msgs/local/lib/python3.10/dist-packages/yolov8_msgs/libyolov8_msgs__rosidl_generator_py.so
[0.836s] -- Up-to-date: /home/jezzy/yolobot/install/yolov8_msgs/local/lib/python3.10/dist-packages/yolov8_msgs/__init__.py
[0.836s] -- Up-to-date: /home/jezzy/yolobot/install/yolov8_msgs/local/lib/python3.10/dist-packages/yolov8_msgs/_yolov8_msgs_s.ep.rosidl_typesupport_fastrtps_c.c
[0.836s] -- Up-to-date: /home/jezzy/yolobot/install/yolov8_msgs/local/lib/python3.10/dist-packages/yolov8_msgs/yolov8_msgs_s__rosidl_typesupport_fastrtps_c.cpython-310-x86_64-linux-gnu.so
[0.902s] Listing '/home/jezzy/yolobot/install/yolov8_msgs/local/lib/python3.10/dist-packages/yolov8_msgs'...
[0.902s] Listing '/home/jezzy/yolobot/install/yolov8_msgs/local/lib/python3.10/dist-packages/yolov8_msgs/msg'...
[0.918s] -- Up-to-date: /home/jezzy/yolobot/install/yolov8_msgs/local/lib/python3.10/dist-packages/yolov8_msgs/yolov8_msgs_s__rosidl_typesupport_fastrtps_c.cpython-310-x86_64-linux-gnu.so
[0.919s] -- Up-to-date: /home/jezzy/yolobot/install/yolov8_msgs/local/lib/python3.10/dist-packages/yolov8_msgs/yolov8_msgs_s__rosidl_typesupport_introspection_c.cpython-310-x86_64-linux-gnu.so
[0.919s] -- Up-to-date: /home/jezzy/yolobot/install/yolov8_msgs/local/lib/python3.10/dist-packages/yolov8_msgs/yolov8_msgs_s__rosidl_typesupport_c.cpython-310-x86_64-linux-gnu.so
[0.920s] -- Up-to-date: /home/jezzy/yolobot/install/yolov8_msgs/lib/libyolov8_msgs__rosidl_generator_py.so
[0.923s] -- Up-to-date: /home/jezzy/yolobot/install/yolov8_msgs/share/yolov8_msgs/msg/InferenceResult.idl
[0.924s] -- Up-to-date: /home/jezzy/yolobot/install/yolov8_msgs/share/yolov8_msgs/msg/Yolov8Inference.idl
[0.924s] -- Up-to-date: /home/jezzy/yolobot/install/yolov8_msgs/share/yolov8_msgs/msg/InferenceResult.msg
[0.925s] -- Up-to-date: /home/jezzy/yolobot/install/yolov8_msgs/share/yolov8_msgs/msg/Yolov8Inference.msg
[0.925s] -- Up-to-date: /home/jezzy/yolobot/install/yolov8_msgs/share/ament_index/resource_index/package_run_dependencies/yolov8_msgs
[0.925s] -- Up-to-date: /home/jezzy/yolobot/install/yolov8_msgs/share/ament_index/resource_index/parent_prefix_path/yolov8_msgs
[0.925s] -- Up-to-date: /home/jezzy/yolobot/install/yolov8_msgs/share/yolov8_msgs/environment/ament_prefix_path.sh
[0.925s] -- Up-to-date: /home/jezzy/yolobot/install/yolov8_msgs/share/yolov8_msgs/environment/ament_prefix_path.dsv
[0.926s] -- Up-to-date: /home/jezzy/yolobot/install/yolov8_msgs/share/yolov8_msgs/environment/path.sh
[0.926s] -- Up-to-date: /home/jezzy/yolobot/install/yolov8_msgs/share/yolov8_msgs/environment/path.dsv
[0.926s] -- Up-to-date: /home/jezzy/yolobot/install/yolov8_msgs/share/yolov8_msgs/local_setup.bash
[0.926s] -- Up-to-date: /home/jezzy/yolobot/install/yolov8_msgs/share/yolov8_msgs/local_setup.sh
[0.926s] -- Up-to-date: /home/jezzy/yolobot/install/yolov8_msgs/share/yolov8_msgs/local_setup.zsh
[0.927s] -- Up-to-date: /home/jezzy/yolobot/install/yolov8_msgs/share/yolov8_msgs/local_setup.dsv
[0.927s] -- Installing: /home/jezzy/yolobot/install/yolov8_msgs/share/yolov8_msgs/package.dsv
[0.931s] -- Up-to-date: /home/jezzy/yolobot/install/yolov8_msgs/share/ament_index/resource_index/packages/yolov8_msgs
[0.933s] -- Up-to-date: /home/jezzy/yolobot/install/yolov8_msgs/share/yolov8_msgs/cmake/export_yolov8_msgs__rosidl_generator_cExport.cmake
[0.936s] -- Up-to-date: /home/jezzy/yolobot/install/yolov8_msgs/share/yolov8_msgs/cmake/export_yolov8_msgs__rosidl_generator_cExport-noconfig.cmake
[0.937s] -- Up-to-date: /home/jezzy/yolobot/install/yolov8_msgs/share/yolov8_msgs/cmake/export_yolov8_msgs__rosidl_typesupport_fastrtps_cExport.cmake
[0.937s] -- Up-to-date: /home/jezzy/yolobot/install/yolov8_msgs/share/yolov8_msgs/cmake/export_yolov8_msgs__rosidl_typesupport_fastrtps_cExport-noconfig.cmake
[0.938s] -- Up-to-date: /home/jezzy/yolobot/install/yolov8_msgs/share/yolov8_msgs/cmake/export_yolov8_msgs__rosidl_generator_cppExport.cmake
[0.938s] -- Up-to-date: /home/jezzy/yolobot/install/yolov8_msgs/share/yolov8_msgs/cmake/export_yolov8_msgs__rosidl_typesupport_fastrtps_cppExport.cmake
[0.938s] -- Up-to-date: /home/jezzy/yolobot/install/yolov8_msgs/share/yolov8_msgs/cmake/export_yolov8_msgs__rosidl_typesupport_fastrtps_cppExport-noconfig.cmake
[0.939s] -- Up-to-date: /home/jezzy/yolobot/install/yolov8_msgs/share/yolov8_msgs/cmake/yolov8_msgs__rosidl_typesupport_introspection_cExport.cmake
[0.939s] -- Up-to-date: /home/jezzy/yolobot/install/yolov8_msgs/share/yolov8_msgs/cmake/yolov8_msgs__rosidl_typesupport_introspection_cExport-noconfig.cmake
[0.940s] -- Up-to-date: /home/jezzy/yolobot/install/yolov8_msgs/share/yolov8_msgs/cmake/yolov8_msgs__rosidl_typesupport_cExport.cmake
[0.940s] -- Up-to-date: /home/jezzy/yolobot/install/yolov8_msgs/share/yolov8_msgs/cmake/yolov8_msgs__rosidl_typesupport_cExport-noconfig.cmake
[0.941s] -- Up-to-date: /home/jezzy/yolobot/install/yolov8_msgs/share/yolov8_msgs/cmake/yolov8_msgs__rosidl_typesupport_introspection_cppExport.cmake
[0.941s] -- Up-to-date: /home/jezzy/yolobot/install/yolov8_msgs/share/yolov8_msgs/cmake/yolov8_msgs__rosidl_typesupport_introspection_cppExport-noconfig.cmake
[0.942s] -- Up-to-date: /home/jezzy/yolobot/install/yolov8_msgs/share/yolov8_msgs/cmake/yolov8_msgs__rosidl_typesupport_cppExport.cmake
[0.943s] -- Up-to-date: /home/jezzy/yolobot/install/yolov8_msgs/share/yolov8_msgs/cmake/yolov8_msgs__rosidl_typesupport_cppExport-noconfig.cmake
[0.944s] -- Up-to-date: /home/jezzy/yolobot/install/yolov8_msgs/share/yolov8_msgs/cmake/export_yolov8_msgs__rosidl_generator_pyExport.cmake
[0.946s] -- Up-to-date: /home/jezzy/yolobot/install/yolov8_msgs/share/yolov8_msgs/cmake/export_yolov8_msgs__rosidl_generator_pyExport-noconfig.cmake
[0.947s] -- Up-to-date: /home/jezzy/yolobot/install/yolov8_msgs/share/yolov8_msgs/cmake/rosidl_cmake-extras.cmake
[0.948s] -- Up-to-date: /home/jezzy/yolobot/install/yolov8_msgs/share/yolov8_msgs/cmake/ament_cmake_export_dependencies-extras.cmake
[0.949s] -- Up-to-date: /home/jezzy/yolobot/install/yolov8_msgs/share/yolov8_msgs/cmake/ament_cmake_export_include_directories-extras.cmake
[0.949s] -- Up-to-date: /home/jezzy/yolobot/install/yolov8_msgs/share/yolov8_msgs/cmake/ament_cmake_export_libraries-extras.cmake
[0.950s] -- Up-to-date: /home/jezzy/yolobot/install/yolov8_msgs/share/yolov8_msgs/cmake/ament_cmake_export_targets-extras.cmake
[0.951s] -- Up-to-date: /home/jezzy/yolobot/install/yolov8_msgs/share/yolov8_msgs/cmake/rosidl_cmake_export_typesupport_targets-extras.cmake
[0.951s] -- Up-to-date: /home/jezzy/yolobot/install/yolov8_msgs/share/yolov8_msgs/cmake/rosidl_cmake_export_typesupport_libraries-extras.cmake
[0.952s] -- Up-to-date: /home/jezzy/yolobot/install/yolov8_msgs/share/yolov8_msgs/cmake/yolov8_msgsConfig.cmake
[0.952s] -- Up-to-date: /home/jezzy/yolobot/install/yolov8_msgs/share/yolov8_msgs/cmake/yolov8_msgsConfig-version.cmake
[0.952s] -- Up-to-date: /home/jezzy/yolobot/install/yolov8_msgs/share/yolov8_msgs/package.xml
[0.953s] Invoked command in '/home/jezzy/yolobot/build/yolov8_msgs' returned '0': CMAKE_PREFIX_PATH=${CMAKE_PREFIX_PATH}:/home/jezzy/husky_ws/lintic/install/yolosed:/home/jezzy/husky_ws/lintic/install/visual:/home/jezzy/husky_ws/lintic/install/segnet:/home/jezzy/husky_ws/turtlebot3/install/turtlebot3_teleop:/home/jezzy/husky_ws/turtlebot3/install/turtlebot3_example:/home/jezzy/husky_ws/turtlebot3/install/segtect:/home/jezzy/husky_ws/turtlebot3/install/autonomous_exploration:/opt/ros/humble /usr/bin/cmake --install /home/jezzy/yolobot/build/yolov8_msgs
