[0.028s] Invoking command in '/home/jezzy/huskybot/build/huskybot_control': CMAKE_PREFIX_PATH=${CMAKE_PREFIX_PATH}:/home/jezzy/husky_ws/lintic/install/yolosed:/home/jezzy/husky_ws/lintic/install/visual:/home/jezzy/husky_ws/lintic/install/segnet:/home/jezzy/husky_ws/turtlebot3/install/turtlebot3_teleop:/home/jezzy/husky_ws/turtlebot3/install/turtlebot3_example:/home/jezzy/husky_ws/turtlebot3/install/segtect:/home/jezzy/husky_ws/turtlebot3/install/autonomous_exploration:/opt/ros/humble /usr/bin/cmake /home/jezzy/huskybot/src/huskybot_control -DCMAKE_INSTALL_PREFIX=/home/jezzy/huskybot/install/huskybot_control
[0.494s] -- The C compiler identification is GNU 11.4.0
[2.190s] -- The CXX compiler identification is GNU 11.4.0
[3.465s] -- Detecting C compiler ABI info
[3.964s] -- Detecting C compiler ABI info - done
[3.981s] -- Check for working C compiler: /usr/bin/cc - skipped
[3.981s] -- Detecting C compile features
[3.984s] -- Detecting C compile features - done
[4.000s] -- Detecting CXX compiler ABI info
[4.560s] -- Detecting CXX compiler ABI info - done
[4.593s] -- Check for working CXX compiler: /usr/bin/c++ - skipped
[4.595s] -- Detecting CXX compile features
[4.597s] -- Detecting CXX compile features - done
[4.607s] -- Found ament_cmake: 1.3.11 (/opt/ros/humble/share/ament_cmake/cmake)
[5.240s] -- Found Python3: /usr/bin/python3 (found version "3.10.12") found components: Interpreter 
[5.697s] -- Found ament_lint_auto: 0.12.12 (/opt/ros/humble/share/ament_lint_auto/cmake)
[6.089s] -- Added test 'copyright' to check source files copyright and LICENSE
[6.095s] -- Added test 'flake8' to check Python code syntax and style conventions
[6.101s] -- Added test 'lint_cmake' to check CMake code style
[6.105s] -- Added test 'pep257' to check Python code against some of the docstring style conventions in PEP 257
[6.110s] -- Added test 'xmllint' to check XML markup files
[6.119s] -- Configuring done
[6.130s] -- Generating done
[6.144s] -- Build files have been written to: /home/jezzy/huskybot/build/huskybot_control
[6.163s] Invoked command in '/home/jezzy/huskybot/build/huskybot_control' returned '0': CMAKE_PREFIX_PATH=${CMAKE_PREFIX_PATH}:/home/jezzy/husky_ws/lintic/install/yolosed:/home/jezzy/husky_ws/lintic/install/visual:/home/jezzy/husky_ws/lintic/install/segnet:/home/jezzy/husky_ws/turtlebot3/install/turtlebot3_teleop:/home/jezzy/husky_ws/turtlebot3/install/turtlebot3_example:/home/jezzy/husky_ws/turtlebot3/install/segtect:/home/jezzy/husky_ws/turtlebot3/install/autonomous_exploration:/opt/ros/humble /usr/bin/cmake /home/jezzy/huskybot/src/huskybot_control -DCMAKE_INSTALL_PREFIX=/home/jezzy/huskybot/install/huskybot_control
[6.164s] Invoking command in '/home/jezzy/huskybot/build/huskybot_control': CMAKE_PREFIX_PATH=${CMAKE_PREFIX_PATH}:/home/jezzy/husky_ws/lintic/install/yolosed:/home/jezzy/husky_ws/lintic/install/visual:/home/jezzy/husky_ws/lintic/install/segnet:/home/jezzy/husky_ws/turtlebot3/install/turtlebot3_teleop:/home/jezzy/husky_ws/turtlebot3/install/turtlebot3_example:/home/jezzy/husky_ws/turtlebot3/install/segtect:/home/jezzy/husky_ws/turtlebot3/install/autonomous_exploration:/opt/ros/humble /usr/bin/cmake --build /home/jezzy/huskybot/build/huskybot_control -- -j4 -l4
[6.299s] Invoked command in '/home/jezzy/huskybot/build/huskybot_control' returned '0': CMAKE_PREFIX_PATH=${CMAKE_PREFIX_PATH}:/home/jezzy/husky_ws/lintic/install/yolosed:/home/jezzy/husky_ws/lintic/install/visual:/home/jezzy/husky_ws/lintic/install/segnet:/home/jezzy/husky_ws/turtlebot3/install/turtlebot3_teleop:/home/jezzy/husky_ws/turtlebot3/install/turtlebot3_example:/home/jezzy/husky_ws/turtlebot3/install/segtect:/home/jezzy/husky_ws/turtlebot3/install/autonomous_exploration:/opt/ros/humble /usr/bin/cmake --build /home/jezzy/huskybot/build/huskybot_control -- -j4 -l4
[6.300s] Invoking command in '/home/jezzy/huskybot/build/huskybot_control': CMAKE_PREFIX_PATH=${CMAKE_PREFIX_PATH}:/home/jezzy/husky_ws/lintic/install/yolosed:/home/jezzy/husky_ws/lintic/install/visual:/home/jezzy/husky_ws/lintic/install/segnet:/home/jezzy/husky_ws/turtlebot3/install/turtlebot3_teleop:/home/jezzy/husky_ws/turtlebot3/install/turtlebot3_example:/home/jezzy/husky_ws/turtlebot3/install/segtect:/home/jezzy/husky_ws/turtlebot3/install/autonomous_exploration:/opt/ros/humble /usr/bin/cmake --install /home/jezzy/huskybot/build/huskybot_control
[6.320s] -- Install configuration: ""
[6.320s] -- Installing: /home/jezzy/huskybot/install/huskybot_control/share/huskybot_control//scripts
[6.322s] -- Installing: /home/jezzy/huskybot/install/huskybot_control/share/huskybot_control//scripts/robot_control.py
[6.323s] -- Installing: /home/jezzy/huskybot/install/huskybot_control/share/huskybot_control//launch
[6.323s] -- Installing: /home/jezzy/huskybot/install/huskybot_control/share/huskybot_control//launch/huskybot_control.launch.py
[6.323s] -- Installing: /home/jezzy/huskybot/install/huskybot_control/lib/huskybot_control/robot_control.py
[6.324s] -- Installing: /home/jezzy/huskybot/install/huskybot_control/lib/huskybot_control/huskybot_control.launch.py
[6.325s] -- Installing: /home/jezzy/huskybot/install/huskybot_control/share/ament_index/resource_index/package_run_dependencies/huskybot_control
[6.326s] -- Installing: /home/jezzy/huskybot/install/huskybot_control/share/ament_index/resource_index/parent_prefix_path/huskybot_control
[6.327s] -- Installing: /home/jezzy/huskybot/install/huskybot_control/share/huskybot_control/environment/ament_prefix_path.sh
[6.328s] -- Installing: /home/jezzy/huskybot/install/huskybot_control/share/huskybot_control/environment/ament_prefix_path.dsv
[6.329s] -- Installing: /home/jezzy/huskybot/install/huskybot_control/share/huskybot_control/environment/path.sh
[6.329s] -- Installing: /home/jezzy/huskybot/install/huskybot_control/share/huskybot_control/environment/path.dsv
[6.330s] -- Installing: /home/jezzy/huskybot/install/huskybot_control/share/huskybot_control/local_setup.bash
[6.331s] -- Installing: /home/jezzy/huskybot/install/huskybot_control/share/huskybot_control/local_setup.sh
[6.331s] -- Installing: /home/jezzy/huskybot/install/huskybot_control/share/huskybot_control/local_setup.zsh
[6.333s] -- Installing: /home/jezzy/huskybot/install/huskybot_control/share/huskybot_control/local_setup.dsv
[6.335s] -- Installing: /home/jezzy/huskybot/install/huskybot_control/share/huskybot_control/package.dsv
[6.337s] -- Installing: /home/jezzy/huskybot/install/huskybot_control/share/ament_index/resource_index/packages/huskybot_control
[6.338s] -- Installing: /home/jezzy/huskybot/install/huskybot_control/share/huskybot_control/cmake/huskybot_controlConfig.cmake
[6.351s] -- Installing: /home/jezzy/huskybot/install/huskybot_control/share/huskybot_control/cmake/huskybot_controlConfig-version.cmake
[6.351s] -- Installing: /home/jezzy/huskybot/install/huskybot_control/share/huskybot_control/package.xml
[6.352s] Invoked command in '/home/jezzy/huskybot/build/huskybot_control' returned '0': CMAKE_PREFIX_PATH=${CMAKE_PREFIX_PATH}:/home/jezzy/husky_ws/lintic/install/yolosed:/home/jezzy/husky_ws/lintic/install/visual:/home/jezzy/husky_ws/lintic/install/segnet:/home/jezzy/husky_ws/turtlebot3/install/turtlebot3_teleop:/home/jezzy/husky_ws/turtlebot3/install/turtlebot3_example:/home/jezzy/husky_ws/turtlebot3/install/segtect:/home/jezzy/husky_ws/turtlebot3/install/autonomous_exploration:/opt/ros/humble /usr/bin/cmake --install /home/jezzy/huskybot/build/huskybot_control
