[0.373s] Invoking command in '/home/jezzy/huskybot/build/huskybot_recognition': AMENT_PREFIX_PATH=/home/jezzy/huskybot/install/yolov12_msgs:${AMENT_PREFIX_PATH} CMAKE_PREFIX_PATH=/home/jezzy/huskybot/install/yolov12_msgs:/home/jezzy/husky_ws/turtlebot3/install/turtlebot3:/home/jezzy/husky_ws/turtlebot3/install/turtlebot3_simulations:/home/jezzy/husky_ws/turtlebot3/install/turtlebot3_bringup:/home/jezzy/husky_ws/turtlebot3/install/turtlebot3_node:/home/jezzy/husky_ws/turtlebot3/install/turtlebot3_navigation2:/home/jezzy/husky_ws/turtlebot3/install/turtlebot3_fake_node:/home/jezzy/husky_ws/turtlebot3/install/turtlebot3_msgs:/home/jezzy/husky_ws/turtlebot3/install/turtlebot3_gazebo:/home/jezzy/husky_ws/turtlebot3/install/turtlebot3_description:/home/jezzy/husky_ws/turtlebot3/install/turtlebot3_cartographer:/home/jezzy/husky_ws/turtlebot3/install/dynamixel_sdk_examples:/home/jezzy/husky_ws/turtlebot3/install/dynamixel_sdk_custom_interfaces:/home/jezzy/husky_ws/turtlebot3/install/dynamixel_sdk:/home/jezzy/husky_ws/lintic/install/yolosed:/home/jezzy/husky_ws/lintic/install/visual:/home/jezzy/husky_ws/lintic/install/segnet:/home/jezzy/husky_ws/turtlebot3/install/turtlebot3_teleop:/home/jezzy/husky_ws/turtlebot3/install/turtlebot3_example:/home/jezzy/husky_ws/turtlebot3/install/segtect:/home/jezzy/husky_ws/turtlebot3/install/autonomous_exploration:/opt/ros/humble LD_LIBRARY_PATH=/home/jezzy/huskybot/install/yolov12_msgs/lib:/home/jezzy/husky_ws/turtlebot3/install/turtlebot3_msgs/lib:/home/jezzy/husky_ws/turtlebot3/install/dynamixel_sdk_custom_interfaces/lib:/home/jezzy/husky_ws/turtlebot3/install/dynamixel_sdk/lib:/usr/lib/x86_64-linux-gnu/gazebo-11/plugins:/opt/ros/humble/opt/rviz_ogre_vendor/lib:/opt/ros/humble/lib/x86_64-linux-gnu:/opt/ros/humble/lib:/usr/share/gazebo/../../lib/x86_64-linux-gnu/gazebo-11/plugins PYTHONPATH=/home/jezzy/huskybot/install/yolov12_msgs/local/lib/python3.10/dist-packages:${PYTHONPATH} /usr/bin/cmake /home/jezzy/huskybot/src/huskybot_recognition -DCMAKE_INSTALL_PREFIX=/home/jezzy/huskybot/install/huskybot_recognition
[0.867s] -- The C compiler identification is GNU 11.4.0
[2.563s] -- The CXX compiler identification is GNU 11.4.0
[3.733s] -- Detecting C compiler ABI info
[4.476s] -- Detecting C compiler ABI info - done
[4.547s] -- Check for working C compiler: /usr/bin/cc - skipped
[4.548s] -- Detecting C compile features
[4.548s] -- Detecting C compile features - done
[4.575s] -- Detecting CXX compiler ABI info
[5.490s] -- Detecting CXX compiler ABI info - done
[5.516s] -- Check for working CXX compiler: /usr/bin/c++ - skipped
[5.524s] -- Detecting CXX compile features
[5.524s] -- Detecting CXX compile features - done
[5.534s] -- Found ament_cmake: 1.3.11 (/opt/ros/humble/share/ament_cmake/cmake)
[6.259s] -- Found Python3: /usr/bin/python3 (found version "3.10.12") found components: Interpreter 
[6.779s] -- Found rclpy: 3.3.16 (/opt/ros/humble/share/rclpy/cmake)
[6.795s] -- Found sensor_msgs: 4.8.0 (/opt/ros/humble/share/sensor_msgs/cmake)
[7.363s] -- Found rosidl_generator_c: 3.1.6 (/opt/ros/humble/share/rosidl_generator_c/cmake)
[7.388s] -- Found rosidl_adapter: 3.1.6 (/opt/ros/humble/share/rosidl_adapter/cmake)
[7.427s] -- Found rosidl_generator_cpp: 3.1.6 (/opt/ros/humble/share/rosidl_generator_cpp/cmake)
[7.473s] -- Using all available rosidl_typesupport_c: rosidl_typesupport_fastrtps_c;rosidl_typesupport_introspection_c
[7.544s] -- Using all available rosidl_typesupport_cpp: rosidl_typesupport_fastrtps_cpp;rosidl_typesupport_introspection_cpp
[7.767s] -- Found cv_bridge: 3.2.1 (/opt/ros/humble/share/cv_bridge/cmake)
[7.820s] -- Found yolov12_msgs: 0.0.0 (/home/jezzy/huskybot/install/yolov12_msgs/share/yolov12_msgs/cmake)
[7.894s] -- Found ament_lint_auto: 0.12.12 (/opt/ros/humble/share/ament_lint_auto/cmake)
[8.274s] -- Added test 'copyright' to check source files copyright and LICENSE
[8.281s] -- Added test 'flake8' to check Python code syntax and style conventions
[8.288s] -- Added test 'lint_cmake' to check CMake code style
[8.288s] -- Added test 'pep257' to check Python code against some of the docstring style conventions in PEP 257
[8.296s] -- Added test 'xmllint' to check XML markup files
[8.300s] -- Configuring done
[8.320s] -- Generating done
[8.329s] -- Build files have been written to: /home/jezzy/huskybot/build/huskybot_recognition
[8.356s] Invoked command in '/home/jezzy/huskybot/build/huskybot_recognition' returned '0': AMENT_PREFIX_PATH=/home/jezzy/huskybot/install/yolov12_msgs:${AMENT_PREFIX_PATH} CMAKE_PREFIX_PATH=/home/jezzy/huskybot/install/yolov12_msgs:/home/jezzy/husky_ws/turtlebot3/install/turtlebot3:/home/jezzy/husky_ws/turtlebot3/install/turtlebot3_simulations:/home/jezzy/husky_ws/turtlebot3/install/turtlebot3_bringup:/home/jezzy/husky_ws/turtlebot3/install/turtlebot3_node:/home/jezzy/husky_ws/turtlebot3/install/turtlebot3_navigation2:/home/jezzy/husky_ws/turtlebot3/install/turtlebot3_fake_node:/home/jezzy/husky_ws/turtlebot3/install/turtlebot3_msgs:/home/jezzy/husky_ws/turtlebot3/install/turtlebot3_gazebo:/home/jezzy/husky_ws/turtlebot3/install/turtlebot3_description:/home/jezzy/husky_ws/turtlebot3/install/turtlebot3_cartographer:/home/jezzy/husky_ws/turtlebot3/install/dynamixel_sdk_examples:/home/jezzy/husky_ws/turtlebot3/install/dynamixel_sdk_custom_interfaces:/home/jezzy/husky_ws/turtlebot3/install/dynamixel_sdk:/home/jezzy/husky_ws/lintic/install/yolosed:/home/jezzy/husky_ws/lintic/install/visual:/home/jezzy/husky_ws/lintic/install/segnet:/home/jezzy/husky_ws/turtlebot3/install/turtlebot3_teleop:/home/jezzy/husky_ws/turtlebot3/install/turtlebot3_example:/home/jezzy/husky_ws/turtlebot3/install/segtect:/home/jezzy/husky_ws/turtlebot3/install/autonomous_exploration:/opt/ros/humble LD_LIBRARY_PATH=/home/jezzy/huskybot/install/yolov12_msgs/lib:/home/jezzy/husky_ws/turtlebot3/install/turtlebot3_msgs/lib:/home/jezzy/husky_ws/turtlebot3/install/dynamixel_sdk_custom_interfaces/lib:/home/jezzy/husky_ws/turtlebot3/install/dynamixel_sdk/lib:/usr/lib/x86_64-linux-gnu/gazebo-11/plugins:/opt/ros/humble/opt/rviz_ogre_vendor/lib:/opt/ros/humble/lib/x86_64-linux-gnu:/opt/ros/humble/lib:/usr/share/gazebo/../../lib/x86_64-linux-gnu/gazebo-11/plugins PYTHONPATH=/home/jezzy/huskybot/install/yolov12_msgs/local/lib/python3.10/dist-packages:${PYTHONPATH} /usr/bin/cmake /home/jezzy/huskybot/src/huskybot_recognition -DCMAKE_INSTALL_PREFIX=/home/jezzy/huskybot/install/huskybot_recognition
[8.357s] Invoking command in '/home/jezzy/huskybot/build/huskybot_recognition': AMENT_PREFIX_PATH=/home/jezzy/huskybot/install/yolov12_msgs:${AMENT_PREFIX_PATH} CMAKE_PREFIX_PATH=/home/jezzy/huskybot/install/yolov12_msgs:/home/jezzy/husky_ws/turtlebot3/install/turtlebot3:/home/jezzy/husky_ws/turtlebot3/install/turtlebot3_simulations:/home/jezzy/husky_ws/turtlebot3/install/turtlebot3_bringup:/home/jezzy/husky_ws/turtlebot3/install/turtlebot3_node:/home/jezzy/husky_ws/turtlebot3/install/turtlebot3_navigation2:/home/jezzy/husky_ws/turtlebot3/install/turtlebot3_fake_node:/home/jezzy/husky_ws/turtlebot3/install/turtlebot3_msgs:/home/jezzy/husky_ws/turtlebot3/install/turtlebot3_gazebo:/home/jezzy/husky_ws/turtlebot3/install/turtlebot3_description:/home/jezzy/husky_ws/turtlebot3/install/turtlebot3_cartographer:/home/jezzy/husky_ws/turtlebot3/install/dynamixel_sdk_examples:/home/jezzy/husky_ws/turtlebot3/install/dynamixel_sdk_custom_interfaces:/home/jezzy/husky_ws/turtlebot3/install/dynamixel_sdk:/home/jezzy/husky_ws/lintic/install/yolosed:/home/jezzy/husky_ws/lintic/install/visual:/home/jezzy/husky_ws/lintic/install/segnet:/home/jezzy/husky_ws/turtlebot3/install/turtlebot3_teleop:/home/jezzy/husky_ws/turtlebot3/install/turtlebot3_example:/home/jezzy/husky_ws/turtlebot3/install/segtect:/home/jezzy/husky_ws/turtlebot3/install/autonomous_exploration:/opt/ros/humble LD_LIBRARY_PATH=/home/jezzy/huskybot/install/yolov12_msgs/lib:/home/jezzy/husky_ws/turtlebot3/install/turtlebot3_msgs/lib:/home/jezzy/husky_ws/turtlebot3/install/dynamixel_sdk_custom_interfaces/lib:/home/jezzy/husky_ws/turtlebot3/install/dynamixel_sdk/lib:/usr/lib/x86_64-linux-gnu/gazebo-11/plugins:/opt/ros/humble/opt/rviz_ogre_vendor/lib:/opt/ros/humble/lib/x86_64-linux-gnu:/opt/ros/humble/lib:/usr/share/gazebo/../../lib/x86_64-linux-gnu/gazebo-11/plugins PYTHONPATH=/home/jezzy/huskybot/install/yolov12_msgs/local/lib/python3.10/dist-packages:${PYTHONPATH} /usr/bin/cmake --build /home/jezzy/huskybot/build/huskybot_recognition -- -j4 -l4
[8.469s] Invoked command in '/home/jezzy/huskybot/build/huskybot_recognition' returned '0': AMENT_PREFIX_PATH=/home/jezzy/huskybot/install/yolov12_msgs:${AMENT_PREFIX_PATH} CMAKE_PREFIX_PATH=/home/jezzy/huskybot/install/yolov12_msgs:/home/jezzy/husky_ws/turtlebot3/install/turtlebot3:/home/jezzy/husky_ws/turtlebot3/install/turtlebot3_simulations:/home/jezzy/husky_ws/turtlebot3/install/turtlebot3_bringup:/home/jezzy/husky_ws/turtlebot3/install/turtlebot3_node:/home/jezzy/husky_ws/turtlebot3/install/turtlebot3_navigation2:/home/jezzy/husky_ws/turtlebot3/install/turtlebot3_fake_node:/home/jezzy/husky_ws/turtlebot3/install/turtlebot3_msgs:/home/jezzy/husky_ws/turtlebot3/install/turtlebot3_gazebo:/home/jezzy/husky_ws/turtlebot3/install/turtlebot3_description:/home/jezzy/husky_ws/turtlebot3/install/turtlebot3_cartographer:/home/jezzy/husky_ws/turtlebot3/install/dynamixel_sdk_examples:/home/jezzy/husky_ws/turtlebot3/install/dynamixel_sdk_custom_interfaces:/home/jezzy/husky_ws/turtlebot3/install/dynamixel_sdk:/home/jezzy/husky_ws/lintic/install/yolosed:/home/jezzy/husky_ws/lintic/install/visual:/home/jezzy/husky_ws/lintic/install/segnet:/home/jezzy/husky_ws/turtlebot3/install/turtlebot3_teleop:/home/jezzy/husky_ws/turtlebot3/install/turtlebot3_example:/home/jezzy/husky_ws/turtlebot3/install/segtect:/home/jezzy/husky_ws/turtlebot3/install/autonomous_exploration:/opt/ros/humble LD_LIBRARY_PATH=/home/jezzy/huskybot/install/yolov12_msgs/lib:/home/jezzy/husky_ws/turtlebot3/install/turtlebot3_msgs/lib:/home/jezzy/husky_ws/turtlebot3/install/dynamixel_sdk_custom_interfaces/lib:/home/jezzy/husky_ws/turtlebot3/install/dynamixel_sdk/lib:/usr/lib/x86_64-linux-gnu/gazebo-11/plugins:/opt/ros/humble/opt/rviz_ogre_vendor/lib:/opt/ros/humble/lib/x86_64-linux-gnu:/opt/ros/humble/lib:/usr/share/gazebo/../../lib/x86_64-linux-gnu/gazebo-11/plugins PYTHONPATH=/home/jezzy/huskybot/install/yolov12_msgs/local/lib/python3.10/dist-packages:${PYTHONPATH} /usr/bin/cmake --build /home/jezzy/huskybot/build/huskybot_recognition -- -j4 -l4
[8.477s] Invoking command in '/home/jezzy/huskybot/build/huskybot_recognition': AMENT_PREFIX_PATH=/home/jezzy/huskybot/install/yolov12_msgs:${AMENT_PREFIX_PATH} CMAKE_PREFIX_PATH=/home/jezzy/huskybot/install/yolov12_msgs:/home/jezzy/husky_ws/turtlebot3/install/turtlebot3:/home/jezzy/husky_ws/turtlebot3/install/turtlebot3_simulations:/home/jezzy/husky_ws/turtlebot3/install/turtlebot3_bringup:/home/jezzy/husky_ws/turtlebot3/install/turtlebot3_node:/home/jezzy/husky_ws/turtlebot3/install/turtlebot3_navigation2:/home/jezzy/husky_ws/turtlebot3/install/turtlebot3_fake_node:/home/jezzy/husky_ws/turtlebot3/install/turtlebot3_msgs:/home/jezzy/husky_ws/turtlebot3/install/turtlebot3_gazebo:/home/jezzy/husky_ws/turtlebot3/install/turtlebot3_description:/home/jezzy/husky_ws/turtlebot3/install/turtlebot3_cartographer:/home/jezzy/husky_ws/turtlebot3/install/dynamixel_sdk_examples:/home/jezzy/husky_ws/turtlebot3/install/dynamixel_sdk_custom_interfaces:/home/jezzy/husky_ws/turtlebot3/install/dynamixel_sdk:/home/jezzy/husky_ws/lintic/install/yolosed:/home/jezzy/husky_ws/lintic/install/visual:/home/jezzy/husky_ws/lintic/install/segnet:/home/jezzy/husky_ws/turtlebot3/install/turtlebot3_teleop:/home/jezzy/husky_ws/turtlebot3/install/turtlebot3_example:/home/jezzy/husky_ws/turtlebot3/install/segtect:/home/jezzy/husky_ws/turtlebot3/install/autonomous_exploration:/opt/ros/humble LD_LIBRARY_PATH=/home/jezzy/huskybot/install/yolov12_msgs/lib:/home/jezzy/husky_ws/turtlebot3/install/turtlebot3_msgs/lib:/home/jezzy/husky_ws/turtlebot3/install/dynamixel_sdk_custom_interfaces/lib:/home/jezzy/husky_ws/turtlebot3/install/dynamixel_sdk/lib:/usr/lib/x86_64-linux-gnu/gazebo-11/plugins:/opt/ros/humble/opt/rviz_ogre_vendor/lib:/opt/ros/humble/lib/x86_64-linux-gnu:/opt/ros/humble/lib:/usr/share/gazebo/../../lib/x86_64-linux-gnu/gazebo-11/plugins PYTHONPATH=/home/jezzy/huskybot/install/yolov12_msgs/local/lib/python3.10/dist-packages:${PYTHONPATH} /usr/bin/cmake --install /home/jezzy/huskybot/build/huskybot_recognition
[8.505s] -- Install configuration: ""
[8.507s] -- Installing: /home/jezzy/huskybot/install/huskybot_recognition/share/huskybot_recognition//scripts
[8.513s] -- Installing: /home/jezzy/huskybot/install/huskybot_recognition/share/huskybot_recognition//scripts/yolov12_inference_listener.py
[8.517s] -- Installing: /home/jezzy/huskybot/install/huskybot_recognition/share/huskybot_recognition//scripts/yolov12_detection_logger.py
[8.517s] -- Installing: /home/jezzy/huskybot/install/huskybot_recognition/share/huskybot_recognition//scripts/yolov12n.pt
[8.604s] -- Installing: /home/jezzy/huskybot/install/huskybot_recognition/share/huskybot_recognition//scripts/.gitignore
[8.607s] -- Installing: /home/jezzy/huskybot/install/huskybot_recognition/share/huskybot_recognition//scripts/yolov12_panorama_inference.py
[8.609s] -- Installing: /home/jezzy/huskybot/install/huskybot_recognition/share/huskybot_recognition//scripts/.gitattributes
[8.612s] -- Installing: /home/jezzy/huskybot/install/huskybot_recognition/share/huskybot_recognition//scripts/yolo11n.pt
[8.676s] -- Installing: /home/jezzy/huskybot/install/huskybot_recognition/share/huskybot_recognition//scripts/.dockerignore
[8.677s] -- Installing: /home/jezzy/huskybot/install/huskybot_recognition/share/huskybot_recognition//scripts/yolov12_ros2_pt.py
[8.679s] -- Installing: /home/jezzy/huskybot/install/huskybot_recognition/share/huskybot_recognition//scripts/yolov12_stitcher_node.py
[8.681s] -- Installing: /home/jezzy/huskybot/install/huskybot_recognition/share/huskybot_recognition//scripts/yolov12_ros2_subscriber.py
[8.681s] -- Installing: /home/jezzy/huskybot/install/huskybot_recognition/share/huskybot_recognition//launch
[8.684s] -- Installing: /home/jezzy/huskybot/install/huskybot_recognition/share/huskybot_recognition//launch/launch_yolov12.launch.py
[8.690s] -- Installing: /home/jezzy/huskybot/install/huskybot_recognition/lib/huskybot_recognition/yolov12_ros2_pt.py
[8.690s] -- Installing: /home/jezzy/huskybot/install/huskybot_recognition/lib/huskybot_recognition/yolov12_ros2_subscriber.py
[8.690s] -- Installing: /home/jezzy/huskybot/install/huskybot_recognition/lib/huskybot_recognition/yolov12_stitcher_node.py
[8.690s] -- Installing: /home/jezzy/huskybot/install/huskybot_recognition/lib/huskybot_recognition/yolov12_panorama_inference.py
[8.690s] -- Installing: /home/jezzy/huskybot/install/huskybot_recognition/lib/huskybot_recognition/yolov12_inference_listener.py
[8.691s] -- Installing: /home/jezzy/huskybot/install/huskybot_recognition/share/ament_index/resource_index/package_run_dependencies/huskybot_recognition
[8.691s] -- Installing: /home/jezzy/huskybot/install/huskybot_recognition/share/ament_index/resource_index/parent_prefix_path/huskybot_recognition
[8.691s] -- Installing: /home/jezzy/huskybot/install/huskybot_recognition/share/huskybot_recognition/environment/ament_prefix_path.sh
[8.691s] -- Installing: /home/jezzy/huskybot/install/huskybot_recognition/share/huskybot_recognition/environment/ament_prefix_path.dsv
[8.692s] -- Installing: /home/jezzy/huskybot/install/huskybot_recognition/share/huskybot_recognition/environment/path.sh
[8.692s] -- Installing: /home/jezzy/huskybot/install/huskybot_recognition/share/huskybot_recognition/environment/path.dsv
[8.692s] -- Installing: /home/jezzy/huskybot/install/huskybot_recognition/share/huskybot_recognition/local_setup.bash
[8.692s] -- Installing: /home/jezzy/huskybot/install/huskybot_recognition/share/huskybot_recognition/local_setup.sh
[8.692s] -- Installing: /home/jezzy/huskybot/install/huskybot_recognition/share/huskybot_recognition/local_setup.zsh
[8.692s] -- Installing: /home/jezzy/huskybot/install/huskybot_recognition/share/huskybot_recognition/local_setup.dsv
[8.693s] -- Installing: /home/jezzy/huskybot/install/huskybot_recognition/share/huskybot_recognition/package.dsv
[8.693s] -- Installing: /home/jezzy/huskybot/install/huskybot_recognition/share/ament_index/resource_index/packages/huskybot_recognition
[8.693s] -- Installing: /home/jezzy/huskybot/install/huskybot_recognition/share/huskybot_recognition/cmake/huskybot_recognitionConfig.cmake
[8.693s] -- Installing: /home/jezzy/huskybot/install/huskybot_recognition/share/huskybot_recognition/cmake/huskybot_recognitionConfig-version.cmake
[8.693s] -- Installing: /home/jezzy/huskybot/install/huskybot_recognition/share/huskybot_recognition/package.xml
[8.710s] Invoked command in '/home/jezzy/huskybot/build/huskybot_recognition' returned '0': AMENT_PREFIX_PATH=/home/jezzy/huskybot/install/yolov12_msgs:${AMENT_PREFIX_PATH} CMAKE_PREFIX_PATH=/home/jezzy/huskybot/install/yolov12_msgs:/home/jezzy/husky_ws/turtlebot3/install/turtlebot3:/home/jezzy/husky_ws/turtlebot3/install/turtlebot3_simulations:/home/jezzy/husky_ws/turtlebot3/install/turtlebot3_bringup:/home/jezzy/husky_ws/turtlebot3/install/turtlebot3_node:/home/jezzy/husky_ws/turtlebot3/install/turtlebot3_navigation2:/home/jezzy/husky_ws/turtlebot3/install/turtlebot3_fake_node:/home/jezzy/husky_ws/turtlebot3/install/turtlebot3_msgs:/home/jezzy/husky_ws/turtlebot3/install/turtlebot3_gazebo:/home/jezzy/husky_ws/turtlebot3/install/turtlebot3_description:/home/jezzy/husky_ws/turtlebot3/install/turtlebot3_cartographer:/home/jezzy/husky_ws/turtlebot3/install/dynamixel_sdk_examples:/home/jezzy/husky_ws/turtlebot3/install/dynamixel_sdk_custom_interfaces:/home/jezzy/husky_ws/turtlebot3/install/dynamixel_sdk:/home/jezzy/husky_ws/lintic/install/yolosed:/home/jezzy/husky_ws/lintic/install/visual:/home/jezzy/husky_ws/lintic/install/segnet:/home/jezzy/husky_ws/turtlebot3/install/turtlebot3_teleop:/home/jezzy/husky_ws/turtlebot3/install/turtlebot3_example:/home/jezzy/husky_ws/turtlebot3/install/segtect:/home/jezzy/husky_ws/turtlebot3/install/autonomous_exploration:/opt/ros/humble LD_LIBRARY_PATH=/home/jezzy/huskybot/install/yolov12_msgs/lib:/home/jezzy/husky_ws/turtlebot3/install/turtlebot3_msgs/lib:/home/jezzy/husky_ws/turtlebot3/install/dynamixel_sdk_custom_interfaces/lib:/home/jezzy/husky_ws/turtlebot3/install/dynamixel_sdk/lib:/usr/lib/x86_64-linux-gnu/gazebo-11/plugins:/opt/ros/humble/opt/rviz_ogre_vendor/lib:/opt/ros/humble/lib/x86_64-linux-gnu:/opt/ros/humble/lib:/usr/share/gazebo/../../lib/x86_64-linux-gnu/gazebo-11/plugins PYTHONPATH=/home/jezzy/huskybot/install/yolov12_msgs/local/lib/python3.10/dist-packages:${PYTHONPATH} /usr/bin/cmake --install /home/jezzy/huskybot/build/huskybot_recognition
