[0.386s] Invoking command in '/home/jezzy/huskybot/build/velodyne_driver': CMAKE_PREFIX_PATH=/home/jezzy/huskybot/install/velodyne_msgs:/home/jezzy/huskybot/install/huskybot_recognition:/home/jezzy/huskybot/install/yolov12_msgs:/home/jezzy/huskybot/install/velodyne:/home/jezzy/huskybot/install/velodyne_pointcloud:/home/jezzy/huskybot/install/velodyne_driver:/home/jezzy/huskybot/install/velodyne_laserscan:/home/jezzy/huskybot/install/huskybot_mapping:/home/jezzy/huskybot/install/huskybot_gazebo:/home/jezzy/huskybot/install/huskybot_description:/home/jezzy/huskybot/install/huskybot_control:/home/jezzy/huskybot/install/husky_custom_description:/home/jezzy/husky_ws/turtlebot3/install/turtlebot3:/home/jezzy/husky_ws/turtlebot3/install/turtlebot3_simulations:/home/jezzy/husky_ws/turtlebot3/install/turtlebot3_bringup:/home/jezzy/husky_ws/turtlebot3/install/turtlebot3_node:/home/jezzy/husky_ws/turtlebot3/install/turtlebot3_navigation2:/home/jezzy/husky_ws/turtlebot3/install/turtlebot3_fake_node:/home/jezzy/husky_ws/turtlebot3/install/turtlebot3_msgs:/home/jezzy/husky_ws/turtlebot3/install/turtlebot3_gazebo:/home/jezzy/husky_ws/turtlebot3/install/turtlebot3_description:/home/jezzy/husky_ws/turtlebot3/install/turtlebot3_cartographer:/home/jezzy/husky_ws/turtlebot3/install/dynamixel_sdk_examples:/home/jezzy/husky_ws/turtlebot3/install/dynamixel_sdk_custom_interfaces:/home/jezzy/husky_ws/turtlebot3/install/dynamixel_sdk:/home/jezzy/huskybot/install/huskybot_fusion:/home/jezzy/huskybot/install/huskybot_navigation:/home/jezzy/husky_ws/turtlebot3/install/turtlebot3_teleop:/home/jezzy/husky_ws/turtlebot3/install/turtlebot3_example:/home/jezzy/husky_ws/turtlebot3/install/segtect:/home/jezzy/husky_ws/turtlebot3/install/autonomous_exploration:/home/jezzy/husky_ws/lintic/install/yolosed:/home/jezzy/husky_ws/lintic/install/visual:/home/jezzy/husky_ws/lintic/install/segnet:/opt/ros/humble LD_LIBRARY_PATH=/home/jezzy/huskybot/install/velodyne_msgs/lib:/home/jezzy/huskybot/install/yolov12_msgs/lib:/home/jezzy/huskybot/install/velodyne_pointcloud/lib:/home/jezzy/huskybot/install/velodyne_driver/lib:/home/jezzy/huskybot/install/velodyne_laserscan/lib:/home/jezzy/husky_ws/turtlebot3/install/turtlebot3_msgs/lib:/home/jezzy/husky_ws/turtlebot3/install/dynamixel_sdk_custom_interfaces/lib:/home/jezzy/husky_ws/turtlebot3/install/dynamixel_sdk/lib:/usr/lib/x86_64-linux-gnu/gazebo-11/plugins:/opt/ros/humble/opt/rviz_ogre_vendor/lib:/opt/ros/humble/lib/x86_64-linux-gnu:/opt/ros/humble/lib:/usr/share/gazebo/../../lib/x86_64-linux-gnu/gazebo-11/plugins /usr/bin/cmake /home/jezzy/huskybot/src/velodyne/velodyne_driver -DCMAKE_INSTALL_PREFIX=/home/jezzy/huskybot/install/velodyne_driver
[0.917s] -- The C compiler identification is GNU 11.4.0
[3.508s] -- The CXX compiler identification is GNU 11.4.0
[5.016s] -- Detecting C compiler ABI info
[5.546s] -- Detecting C compiler ABI info - done
[5.573s] -- Check for working C compiler: /usr/bin/cc - skipped
[5.574s] -- Detecting C compile features
[5.575s] -- Detecting C compile features - done
[5.593s] -- Detecting CXX compiler ABI info
[6.277s] -- Detecting CXX compiler ABI info - done
[6.325s] -- Check for working CXX compiler: /usr/bin/c++ - skipped
[6.326s] -- Detecting CXX compile features
[6.328s] -- Detecting CXX compile features - done
[6.342s] -- Found ament_cmake_ros: 0.10.0 (/opt/ros/humble/share/ament_cmake_ros/cmake)
[7.223s] -- Found Python3: /usr/bin/python3 (found version "3.10.12") found components: Interpreter 
[7.713s] -- Found diagnostic_updater: 4.0.3 (/opt/ros/humble/share/diagnostic_updater/cmake)
[8.388s] -- Found rosidl_generator_c: 3.1.6 (/opt/ros/humble/share/rosidl_generator_c/cmake)
[8.448s] -- Found rosidl_adapter: 3.1.6 (/opt/ros/humble/share/rosidl_adapter/cmake)
[8.522s] -- Found rosidl_generator_cpp: 3.1.6 (/opt/ros/humble/share/rosidl_generator_cpp/cmake)
[8.611s] -- Using all available rosidl_typesupport_c: rosidl_typesupport_fastrtps_c;rosidl_typesupport_introspection_c
[8.716s] -- Using all available rosidl_typesupport_cpp: rosidl_typesupport_fastrtps_cpp;rosidl_typesupport_introspection_cpp
[9.306s] -- Found rmw_implementation_cmake: 6.1.2 (/opt/ros/humble/share/rmw_implementation_cmake/cmake)
[9.331s] -- Found rmw_fastrtps_cpp: 6.2.7 (/opt/ros/humble/share/rmw_fastrtps_cpp/cmake)
[14.838s] -- Found OpenSSL: /usr/lib/x86_64-linux-gnu/libcrypto.so (found version "3.0.2")  
[20.674s] -- Found FastRTPS: /opt/ros/humble/include  
[31.488s] -- Using RMW implementation 'rmw_fastrtps_cpp' as default
[31.542s] -- Looking for pthread.h
[32.139s] -- Looking for pthread.h - found
[32.140s] -- Performing Test CMAKE_HAVE_LIBC_PTHREAD
[32.776s] -- Performing Test CMAKE_HAVE_LIBC_PTHREAD - Success
[32.780s] -- Found Threads: TRUE  
[33.093s] -- Found rclcpp_components: 16.0.12 (/opt/ros/humble/share/rclcpp_components/cmake)
[33.269s] -- Found tf2_ros: 0.25.12 (/opt/ros/humble/share/tf2_ros/cmake)
[33.892s] -- Found velodyne_msgs: 2.5.1 (/home/jezzy/huskybot/install/velodyne_msgs/share/velodyne_msgs/cmake)
[33.947s] -- Found ament_lint_auto: 0.12.12 (/opt/ros/humble/share/ament_lint_auto/cmake)
[34.407s] -- Found gtest sources under '/opt/ros/humble/src/gtest_vendor': C++ tests using 'Google Test' will be built
[34.428s] -- Added test 'copyright' to check source files copyright and LICENSE
[34.441s] -- Added test 'cppcheck' to perform static code analysis on C / C++ code
[34.443s] -- Configured cppcheck include dirs: $<BUILD_INTERFACE:/home/jezzy/huskybot/src/velodyne/velodyne_driver/include>
[34.443s] -- Configured cppcheck exclude dirs and/or files: 
[34.452s] -- Added test 'cpplint' to check C / C++ code against the Google style
[34.452s] -- Configured cpplint exclude dirs and/or files: 
[34.456s] -- Added test 'flake8' to check Python code syntax and style conventions
[34.460s] -- Added test 'lint_cmake' to check CMake code style
[34.464s] -- Added test 'pep257' to check Python code against some of the docstring style conventions in PEP 257
[34.470s] -- Added test 'uncrustify' to check C / C++ code style
[34.470s] -- Configured uncrustify additional arguments: 
[34.473s] -- Added test 'xmllint' to check XML markup files
[34.485s] -- Configuring done
[34.569s] -- Generating done
[34.600s] -- Build files have been written to: /home/jezzy/huskybot/build/velodyne_driver
[34.634s] Invoked command in '/home/jezzy/huskybot/build/velodyne_driver' returned '0': CMAKE_PREFIX_PATH=/home/jezzy/huskybot/install/velodyne_msgs:/home/jezzy/huskybot/install/huskybot_recognition:/home/jezzy/huskybot/install/yolov12_msgs:/home/jezzy/huskybot/install/velodyne:/home/jezzy/huskybot/install/velodyne_pointcloud:/home/jezzy/huskybot/install/velodyne_driver:/home/jezzy/huskybot/install/velodyne_laserscan:/home/jezzy/huskybot/install/huskybot_mapping:/home/jezzy/huskybot/install/huskybot_gazebo:/home/jezzy/huskybot/install/huskybot_description:/home/jezzy/huskybot/install/huskybot_control:/home/jezzy/huskybot/install/husky_custom_description:/home/jezzy/husky_ws/turtlebot3/install/turtlebot3:/home/jezzy/husky_ws/turtlebot3/install/turtlebot3_simulations:/home/jezzy/husky_ws/turtlebot3/install/turtlebot3_bringup:/home/jezzy/husky_ws/turtlebot3/install/turtlebot3_node:/home/jezzy/husky_ws/turtlebot3/install/turtlebot3_navigation2:/home/jezzy/husky_ws/turtlebot3/install/turtlebot3_fake_node:/home/jezzy/husky_ws/turtlebot3/install/turtlebot3_msgs:/home/jezzy/husky_ws/turtlebot3/install/turtlebot3_gazebo:/home/jezzy/husky_ws/turtlebot3/install/turtlebot3_description:/home/jezzy/husky_ws/turtlebot3/install/turtlebot3_cartographer:/home/jezzy/husky_ws/turtlebot3/install/dynamixel_sdk_examples:/home/jezzy/husky_ws/turtlebot3/install/dynamixel_sdk_custom_interfaces:/home/jezzy/husky_ws/turtlebot3/install/dynamixel_sdk:/home/jezzy/huskybot/install/huskybot_fusion:/home/jezzy/huskybot/install/huskybot_navigation:/home/jezzy/husky_ws/turtlebot3/install/turtlebot3_teleop:/home/jezzy/husky_ws/turtlebot3/install/turtlebot3_example:/home/jezzy/husky_ws/turtlebot3/install/segtect:/home/jezzy/husky_ws/turtlebot3/install/autonomous_exploration:/home/jezzy/husky_ws/lintic/install/yolosed:/home/jezzy/husky_ws/lintic/install/visual:/home/jezzy/husky_ws/lintic/install/segnet:/opt/ros/humble LD_LIBRARY_PATH=/home/jezzy/huskybot/install/velodyne_msgs/lib:/home/jezzy/huskybot/install/yolov12_msgs/lib:/home/jezzy/huskybot/install/velodyne_pointcloud/lib:/home/jezzy/huskybot/install/velodyne_driver/lib:/home/jezzy/huskybot/install/velodyne_laserscan/lib:/home/jezzy/husky_ws/turtlebot3/install/turtlebot3_msgs/lib:/home/jezzy/husky_ws/turtlebot3/install/dynamixel_sdk_custom_interfaces/lib:/home/jezzy/husky_ws/turtlebot3/install/dynamixel_sdk/lib:/usr/lib/x86_64-linux-gnu/gazebo-11/plugins:/opt/ros/humble/opt/rviz_ogre_vendor/lib:/opt/ros/humble/lib/x86_64-linux-gnu:/opt/ros/humble/lib:/usr/share/gazebo/../../lib/x86_64-linux-gnu/gazebo-11/plugins /usr/bin/cmake /home/jezzy/huskybot/src/velodyne/velodyne_driver -DCMAKE_INSTALL_PREFIX=/home/jezzy/huskybot/install/velodyne_driver
[34.635s] Invoking command in '/home/jezzy/huskybot/build/velodyne_driver': CMAKE_PREFIX_PATH=/home/jezzy/huskybot/install/velodyne_msgs:/home/jezzy/huskybot/install/huskybot_recognition:/home/jezzy/huskybot/install/yolov12_msgs:/home/jezzy/huskybot/install/velodyne:/home/jezzy/huskybot/install/velodyne_pointcloud:/home/jezzy/huskybot/install/velodyne_driver:/home/jezzy/huskybot/install/velodyne_laserscan:/home/jezzy/huskybot/install/huskybot_mapping:/home/jezzy/huskybot/install/huskybot_gazebo:/home/jezzy/huskybot/install/huskybot_description:/home/jezzy/huskybot/install/huskybot_control:/home/jezzy/huskybot/install/husky_custom_description:/home/jezzy/husky_ws/turtlebot3/install/turtlebot3:/home/jezzy/husky_ws/turtlebot3/install/turtlebot3_simulations:/home/jezzy/husky_ws/turtlebot3/install/turtlebot3_bringup:/home/jezzy/husky_ws/turtlebot3/install/turtlebot3_node:/home/jezzy/husky_ws/turtlebot3/install/turtlebot3_navigation2:/home/jezzy/husky_ws/turtlebot3/install/turtlebot3_fake_node:/home/jezzy/husky_ws/turtlebot3/install/turtlebot3_msgs:/home/jezzy/husky_ws/turtlebot3/install/turtlebot3_gazebo:/home/jezzy/husky_ws/turtlebot3/install/turtlebot3_description:/home/jezzy/husky_ws/turtlebot3/install/turtlebot3_cartographer:/home/jezzy/husky_ws/turtlebot3/install/dynamixel_sdk_examples:/home/jezzy/husky_ws/turtlebot3/install/dynamixel_sdk_custom_interfaces:/home/jezzy/husky_ws/turtlebot3/install/dynamixel_sdk:/home/jezzy/huskybot/install/huskybot_fusion:/home/jezzy/huskybot/install/huskybot_navigation:/home/jezzy/husky_ws/turtlebot3/install/turtlebot3_teleop:/home/jezzy/husky_ws/turtlebot3/install/turtlebot3_example:/home/jezzy/husky_ws/turtlebot3/install/segtect:/home/jezzy/husky_ws/turtlebot3/install/autonomous_exploration:/home/jezzy/husky_ws/lintic/install/yolosed:/home/jezzy/husky_ws/lintic/install/visual:/home/jezzy/husky_ws/lintic/install/segnet:/opt/ros/humble LD_LIBRARY_PATH=/home/jezzy/huskybot/install/velodyne_msgs/lib:/home/jezzy/huskybot/install/yolov12_msgs/lib:/home/jezzy/huskybot/install/velodyne_pointcloud/lib:/home/jezzy/huskybot/install/velodyne_driver/lib:/home/jezzy/huskybot/install/velodyne_laserscan/lib:/home/jezzy/husky_ws/turtlebot3/install/turtlebot3_msgs/lib:/home/jezzy/husky_ws/turtlebot3/install/dynamixel_sdk_custom_interfaces/lib:/home/jezzy/husky_ws/turtlebot3/install/dynamixel_sdk/lib:/usr/lib/x86_64-linux-gnu/gazebo-11/plugins:/opt/ros/humble/opt/rviz_ogre_vendor/lib:/opt/ros/humble/lib/x86_64-linux-gnu:/opt/ros/humble/lib:/usr/share/gazebo/../../lib/x86_64-linux-gnu/gazebo-11/plugins /usr/bin/cmake --build /home/jezzy/huskybot/build/velodyne_driver -- -j4 -l4
[34.746s] [  8%] [32mBuilding CXX object CMakeFiles/velodyne_input.dir/src/lib/input.cpp.o[0m
[48.014s] [ 16%] [32m[1mLinking CXX shared library libvelodyne_input.so[0m
[49.349s] [ 16%] Built target velodyne_input
[49.474s] [ 25%] [32mBuilding CXX object gtest/CMakeFiles/gtest.dir/src/gtest-all.cc.o[0m
[59.559s] [ 33%] [32m[1mLinking CXX static library libgtest.a[0m
[60.128s] [ 33%] Built target gtest
[60.286s] [ 41%] [32mBuilding CXX object CMakeFiles/velodyne_driver.dir/src/driver/driver.cpp.o[0m
[84.907s] [ 50%] [32m[1mLinking CXX shared library libvelodyne_driver.so[0m
[86.617s] [ 50%] Built target velodyne_driver
[86.661s] [ 58%] [32mBuilding CXX object gtest/CMakeFiles/gtest_main.dir/src/gtest_main.cc.o[0m
[86.661s] [ 66%] [32mBuilding CXX object CMakeFiles/velodyne_driver_node.dir/src/driver/velodyne_node.cpp.o[0m
[88.664s] [ 75%] [32m[1mLinking CXX static library libgtest_main.a[0m
[88.721s] [ 75%] Built target gtest_main
[88.764s] [ 83%] [32mBuilding CXX object CMakeFiles/time_test.dir/tests/timeconversiontest.cpp.o[0m
[96.894s] [ 91%] [32m[1mLinking CXX executable velodyne_driver_node[0m
[97.956s] [ 91%] Built target velodyne_driver_node
[98.969s] [100%] [32m[1mLinking CXX executable time_test[0m
[99.698s] [100%] Built target time_test
[99.724s] Invoked command in '/home/jezzy/huskybot/build/velodyne_driver' returned '0': CMAKE_PREFIX_PATH=/home/jezzy/huskybot/install/velodyne_msgs:/home/jezzy/huskybot/install/huskybot_recognition:/home/jezzy/huskybot/install/yolov12_msgs:/home/jezzy/huskybot/install/velodyne:/home/jezzy/huskybot/install/velodyne_pointcloud:/home/jezzy/huskybot/install/velodyne_driver:/home/jezzy/huskybot/install/velodyne_laserscan:/home/jezzy/huskybot/install/huskybot_mapping:/home/jezzy/huskybot/install/huskybot_gazebo:/home/jezzy/huskybot/install/huskybot_description:/home/jezzy/huskybot/install/huskybot_control:/home/jezzy/huskybot/install/husky_custom_description:/home/jezzy/husky_ws/turtlebot3/install/turtlebot3:/home/jezzy/husky_ws/turtlebot3/install/turtlebot3_simulations:/home/jezzy/husky_ws/turtlebot3/install/turtlebot3_bringup:/home/jezzy/husky_ws/turtlebot3/install/turtlebot3_node:/home/jezzy/husky_ws/turtlebot3/install/turtlebot3_navigation2:/home/jezzy/husky_ws/turtlebot3/install/turtlebot3_fake_node:/home/jezzy/husky_ws/turtlebot3/install/turtlebot3_msgs:/home/jezzy/husky_ws/turtlebot3/install/turtlebot3_gazebo:/home/jezzy/husky_ws/turtlebot3/install/turtlebot3_description:/home/jezzy/husky_ws/turtlebot3/install/turtlebot3_cartographer:/home/jezzy/husky_ws/turtlebot3/install/dynamixel_sdk_examples:/home/jezzy/husky_ws/turtlebot3/install/dynamixel_sdk_custom_interfaces:/home/jezzy/husky_ws/turtlebot3/install/dynamixel_sdk:/home/jezzy/huskybot/install/huskybot_fusion:/home/jezzy/huskybot/install/huskybot_navigation:/home/jezzy/husky_ws/turtlebot3/install/turtlebot3_teleop:/home/jezzy/husky_ws/turtlebot3/install/turtlebot3_example:/home/jezzy/husky_ws/turtlebot3/install/segtect:/home/jezzy/husky_ws/turtlebot3/install/autonomous_exploration:/home/jezzy/husky_ws/lintic/install/yolosed:/home/jezzy/husky_ws/lintic/install/visual:/home/jezzy/husky_ws/lintic/install/segnet:/opt/ros/humble LD_LIBRARY_PATH=/home/jezzy/huskybot/install/velodyne_msgs/lib:/home/jezzy/huskybot/install/yolov12_msgs/lib:/home/jezzy/huskybot/install/velodyne_pointcloud/lib:/home/jezzy/huskybot/install/velodyne_driver/lib:/home/jezzy/huskybot/install/velodyne_laserscan/lib:/home/jezzy/husky_ws/turtlebot3/install/turtlebot3_msgs/lib:/home/jezzy/husky_ws/turtlebot3/install/dynamixel_sdk_custom_interfaces/lib:/home/jezzy/husky_ws/turtlebot3/install/dynamixel_sdk/lib:/usr/lib/x86_64-linux-gnu/gazebo-11/plugins:/opt/ros/humble/opt/rviz_ogre_vendor/lib:/opt/ros/humble/lib/x86_64-linux-gnu:/opt/ros/humble/lib:/usr/share/gazebo/../../lib/x86_64-linux-gnu/gazebo-11/plugins /usr/bin/cmake --build /home/jezzy/huskybot/build/velodyne_driver -- -j4 -l4
[99.730s] Invoking command in '/home/jezzy/huskybot/build/velodyne_driver': CMAKE_PREFIX_PATH=/home/jezzy/huskybot/install/velodyne_msgs:/home/jezzy/huskybot/install/huskybot_recognition:/home/jezzy/huskybot/install/yolov12_msgs:/home/jezzy/huskybot/install/velodyne:/home/jezzy/huskybot/install/velodyne_pointcloud:/home/jezzy/huskybot/install/velodyne_driver:/home/jezzy/huskybot/install/velodyne_laserscan:/home/jezzy/huskybot/install/huskybot_mapping:/home/jezzy/huskybot/install/huskybot_gazebo:/home/jezzy/huskybot/install/huskybot_description:/home/jezzy/huskybot/install/huskybot_control:/home/jezzy/huskybot/install/husky_custom_description:/home/jezzy/husky_ws/turtlebot3/install/turtlebot3:/home/jezzy/husky_ws/turtlebot3/install/turtlebot3_simulations:/home/jezzy/husky_ws/turtlebot3/install/turtlebot3_bringup:/home/jezzy/husky_ws/turtlebot3/install/turtlebot3_node:/home/jezzy/husky_ws/turtlebot3/install/turtlebot3_navigation2:/home/jezzy/husky_ws/turtlebot3/install/turtlebot3_fake_node:/home/jezzy/husky_ws/turtlebot3/install/turtlebot3_msgs:/home/jezzy/husky_ws/turtlebot3/install/turtlebot3_gazebo:/home/jezzy/husky_ws/turtlebot3/install/turtlebot3_description:/home/jezzy/husky_ws/turtlebot3/install/turtlebot3_cartographer:/home/jezzy/husky_ws/turtlebot3/install/dynamixel_sdk_examples:/home/jezzy/husky_ws/turtlebot3/install/dynamixel_sdk_custom_interfaces:/home/jezzy/husky_ws/turtlebot3/install/dynamixel_sdk:/home/jezzy/huskybot/install/huskybot_fusion:/home/jezzy/huskybot/install/huskybot_navigation:/home/jezzy/husky_ws/turtlebot3/install/turtlebot3_teleop:/home/jezzy/husky_ws/turtlebot3/install/turtlebot3_example:/home/jezzy/husky_ws/turtlebot3/install/segtect:/home/jezzy/husky_ws/turtlebot3/install/autonomous_exploration:/home/jezzy/husky_ws/lintic/install/yolosed:/home/jezzy/husky_ws/lintic/install/visual:/home/jezzy/husky_ws/lintic/install/segnet:/opt/ros/humble LD_LIBRARY_PATH=/home/jezzy/huskybot/install/velodyne_msgs/lib:/home/jezzy/huskybot/install/yolov12_msgs/lib:/home/jezzy/huskybot/install/velodyne_pointcloud/lib:/home/jezzy/huskybot/install/velodyne_driver/lib:/home/jezzy/huskybot/install/velodyne_laserscan/lib:/home/jezzy/husky_ws/turtlebot3/install/turtlebot3_msgs/lib:/home/jezzy/husky_ws/turtlebot3/install/dynamixel_sdk_custom_interfaces/lib:/home/jezzy/husky_ws/turtlebot3/install/dynamixel_sdk/lib:/usr/lib/x86_64-linux-gnu/gazebo-11/plugins:/opt/ros/humble/opt/rviz_ogre_vendor/lib:/opt/ros/humble/lib/x86_64-linux-gnu:/opt/ros/humble/lib:/usr/share/gazebo/../../lib/x86_64-linux-gnu/gazebo-11/plugins /usr/bin/cmake --install /home/jezzy/huskybot/build/velodyne_driver
[99.745s] -- Install configuration: ""
[99.746s] -- Installing: /home/jezzy/huskybot/install/velodyne_driver/lib/libvelodyne_input.so
[99.747s] -- Set runtime path of "/home/jezzy/huskybot/install/velodyne_driver/lib/libvelodyne_input.so" to ""
[99.748s] -- Installing: /home/jezzy/huskybot/install/velodyne_driver/lib/libvelodyne_driver.so
[99.767s] -- Set runtime path of "/home/jezzy/huskybot/install/velodyne_driver/lib/libvelodyne_driver.so" to ""
[99.767s] -- Installing: /home/jezzy/huskybot/install/velodyne_driver/lib/velodyne_driver/velodyne_driver_node
[99.768s] -- Set runtime path of "/home/jezzy/huskybot/install/velodyne_driver/lib/velodyne_driver/velodyne_driver_node" to ""
[99.769s] -- Installing: /home/jezzy/huskybot/install/velodyne_driver/include/velodyne_driver
[99.769s] -- Installing: /home/jezzy/huskybot/install/velodyne_driver/include/velodyne_driver/time_conversion.hpp
[99.770s] -- Installing: /home/jezzy/huskybot/install/velodyne_driver/include/velodyne_driver/input.hpp
[99.770s] -- Installing: /home/jezzy/huskybot/install/velodyne_driver/include/velodyne_driver/driver.hpp
[99.770s] -- Installing: /home/jezzy/huskybot/install/velodyne_driver/share/velodyne_driver/config
[99.771s] -- Installing: /home/jezzy/huskybot/install/velodyne_driver/share/velodyne_driver/config/VLP16-velodyne_driver_node-params.yaml
[99.771s] -- Installing: /home/jezzy/huskybot/install/velodyne_driver/share/velodyne_driver/config/VLS128-velodyne_driver_node-params.yaml
[99.772s] -- Installing: /home/jezzy/huskybot/install/velodyne_driver/share/velodyne_driver/config/VLP32C-velodyne_driver_node-params.yaml
[99.772s] -- Installing: /home/jezzy/huskybot/install/velodyne_driver/share/velodyne_driver/launch
[99.772s] -- Installing: /home/jezzy/huskybot/install/velodyne_driver/share/velodyne_driver/launch/velodyne_driver_node-VLP16-composed-launch.py
[99.773s] -- Installing: /home/jezzy/huskybot/install/velodyne_driver/share/velodyne_driver/launch/velodyne_driver_node-VLS128-composed-launch.py
[99.773s] -- Installing: /home/jezzy/huskybot/install/velodyne_driver/share/velodyne_driver/launch/velodyne_driver_node-VLP32C-launch.py
[99.775s] -- Installing: /home/jezzy/huskybot/install/velodyne_driver/share/velodyne_driver/launch/velodyne_driver_node-VLP16-launch.py
[99.777s] -- Installing: /home/jezzy/huskybot/install/velodyne_driver/share/velodyne_driver/launch/velodyne_driver_node-VLP32C-composed-launch.py
[99.777s] -- Installing: /home/jezzy/huskybot/install/velodyne_driver/share/velodyne_driver/launch/velodyne_driver_node-VLS128-launch.py
[99.777s] -- Installing: /home/jezzy/huskybot/install/velodyne_driver/lib/velodyne_driver/vdump
[99.782s] -- Installing: /home/jezzy/huskybot/install/velodyne_driver/share/ament_index/resource_index/package_run_dependencies/velodyne_driver
[99.783s] -- Installing: /home/jezzy/huskybot/install/velodyne_driver/share/ament_index/resource_index/parent_prefix_path/velodyne_driver
[99.784s] -- Installing: /home/jezzy/huskybot/install/velodyne_driver/share/velodyne_driver/environment/ament_prefix_path.sh
[99.784s] -- Installing: /home/jezzy/huskybot/install/velodyne_driver/share/velodyne_driver/environment/ament_prefix_path.dsv
[99.784s] -- Installing: /home/jezzy/huskybot/install/velodyne_driver/share/velodyne_driver/environment/path.sh
[99.785s] -- Installing: /home/jezzy/huskybot/install/velodyne_driver/share/velodyne_driver/environment/path.dsv
[99.785s] -- Installing: /home/jezzy/huskybot/install/velodyne_driver/share/velodyne_driver/local_setup.bash
[99.785s] -- Installing: /home/jezzy/huskybot/install/velodyne_driver/share/velodyne_driver/local_setup.sh
[99.786s] -- Installing: /home/jezzy/huskybot/install/velodyne_driver/share/velodyne_driver/local_setup.zsh
[99.786s] -- Installing: /home/jezzy/huskybot/install/velodyne_driver/share/velodyne_driver/local_setup.dsv
[99.786s] -- Installing: /home/jezzy/huskybot/install/velodyne_driver/share/velodyne_driver/package.dsv
[99.786s] -- Installing: /home/jezzy/huskybot/install/velodyne_driver/share/ament_index/resource_index/packages/velodyne_driver
[99.787s] -- Installing: /home/jezzy/huskybot/install/velodyne_driver/share/ament_index/resource_index/rclcpp_components/velodyne_driver
[99.788s] -- Installing: /home/jezzy/huskybot/install/velodyne_driver/share/velodyne_driver/cmake/velodyne_driverExport.cmake
[99.788s] -- Installing: /home/jezzy/huskybot/install/velodyne_driver/share/velodyne_driver/cmake/velodyne_driverExport-noconfig.cmake
[99.789s] -- Installing: /home/jezzy/huskybot/install/velodyne_driver/share/velodyne_driver/cmake/ament_cmake_export_include_directories-extras.cmake
[99.789s] -- Installing: /home/jezzy/huskybot/install/velodyne_driver/share/velodyne_driver/cmake/ament_cmake_export_targets-extras.cmake
[99.789s] -- Installing: /home/jezzy/huskybot/install/velodyne_driver/share/velodyne_driver/cmake/ament_cmake_export_dependencies-extras.cmake
[99.789s] -- Installing: /home/jezzy/huskybot/install/velodyne_driver/share/velodyne_driver/cmake/velodyne_driverConfig.cmake
[99.790s] -- Installing: /home/jezzy/huskybot/install/velodyne_driver/share/velodyne_driver/cmake/velodyne_driverConfig-version.cmake
[99.790s] -- Installing: /home/jezzy/huskybot/install/velodyne_driver/share/velodyne_driver/package.xml
[99.797s] Invoked command in '/home/jezzy/huskybot/build/velodyne_driver' returned '0': CMAKE_PREFIX_PATH=/home/jezzy/huskybot/install/velodyne_msgs:/home/jezzy/huskybot/install/huskybot_recognition:/home/jezzy/huskybot/install/yolov12_msgs:/home/jezzy/huskybot/install/velodyne:/home/jezzy/huskybot/install/velodyne_pointcloud:/home/jezzy/huskybot/install/velodyne_driver:/home/jezzy/huskybot/install/velodyne_laserscan:/home/jezzy/huskybot/install/huskybot_mapping:/home/jezzy/huskybot/install/huskybot_gazebo:/home/jezzy/huskybot/install/huskybot_description:/home/jezzy/huskybot/install/huskybot_control:/home/jezzy/huskybot/install/husky_custom_description:/home/jezzy/husky_ws/turtlebot3/install/turtlebot3:/home/jezzy/husky_ws/turtlebot3/install/turtlebot3_simulations:/home/jezzy/husky_ws/turtlebot3/install/turtlebot3_bringup:/home/jezzy/husky_ws/turtlebot3/install/turtlebot3_node:/home/jezzy/husky_ws/turtlebot3/install/turtlebot3_navigation2:/home/jezzy/husky_ws/turtlebot3/install/turtlebot3_fake_node:/home/jezzy/husky_ws/turtlebot3/install/turtlebot3_msgs:/home/jezzy/husky_ws/turtlebot3/install/turtlebot3_gazebo:/home/jezzy/husky_ws/turtlebot3/install/turtlebot3_description:/home/jezzy/husky_ws/turtlebot3/install/turtlebot3_cartographer:/home/jezzy/husky_ws/turtlebot3/install/dynamixel_sdk_examples:/home/jezzy/husky_ws/turtlebot3/install/dynamixel_sdk_custom_interfaces:/home/jezzy/husky_ws/turtlebot3/install/dynamixel_sdk:/home/jezzy/huskybot/install/huskybot_fusion:/home/jezzy/huskybot/install/huskybot_navigation:/home/jezzy/husky_ws/turtlebot3/install/turtlebot3_teleop:/home/jezzy/husky_ws/turtlebot3/install/turtlebot3_example:/home/jezzy/husky_ws/turtlebot3/install/segtect:/home/jezzy/husky_ws/turtlebot3/install/autonomous_exploration:/home/jezzy/husky_ws/lintic/install/yolosed:/home/jezzy/husky_ws/lintic/install/visual:/home/jezzy/husky_ws/lintic/install/segnet:/opt/ros/humble LD_LIBRARY_PATH=/home/jezzy/huskybot/install/velodyne_msgs/lib:/home/jezzy/huskybot/install/yolov12_msgs/lib:/home/jezzy/huskybot/install/velodyne_pointcloud/lib:/home/jezzy/huskybot/install/velodyne_driver/lib:/home/jezzy/huskybot/install/velodyne_laserscan/lib:/home/jezzy/husky_ws/turtlebot3/install/turtlebot3_msgs/lib:/home/jezzy/husky_ws/turtlebot3/install/dynamixel_sdk_custom_interfaces/lib:/home/jezzy/husky_ws/turtlebot3/install/dynamixel_sdk/lib:/usr/lib/x86_64-linux-gnu/gazebo-11/plugins:/opt/ros/humble/opt/rviz_ogre_vendor/lib:/opt/ros/humble/lib/x86_64-linux-gnu:/opt/ros/humble/lib:/usr/share/gazebo/../../lib/x86_64-linux-gnu/gazebo-11/plugins /usr/bin/cmake --install /home/jezzy/huskybot/build/velodyne_driver
