[4.602s] Invoking command in '/home/jezzy/yolobot/src/yolobot_navigation': PYTHONPATH=/home/jezzy/yolobot/build/yolobot_navigation/prefix_override:/usr/lib/python3/dist-packages/colcon_core/task/python/colcon_distutils_commands:/home/jezzy/yolobot/install/yolobot_navigation/lib/python3.10/site-packages:${PYTHONPATH} /usr/bin/python3 -W ignore:setup.py install is deprecated -W ignore:easy_install command is deprecated setup.py egg_info --egg-base ../../build/yolobot_navigation build --build-base /home/jezzy/yolobot/build/yolobot_navigation/build install --record /home/jezzy/yolobot/build/yolobot_navigation/install.log --single-version-externally-managed install_data
[6.033s] running egg_info
[6.038s] writing ../../build/yolobot_navigation/yolobot_navigation.egg-info/PKG-INFO
[6.043s] writing dependency_links to ../../build/yolobot_navigation/yolobot_navigation.egg-info/dependency_links.txt
[6.045s] writing entry points to ../../build/yolobot_navigation/yolobot_navigation.egg-info/entry_points.txt
[6.047s] writing requirements to ../../build/yolobot_navigation/yolobot_navigation.egg-info/requires.txt
[6.047s] writing top-level names to ../../build/yolobot_navigation/yolobot_navigation.egg-info/top_level.txt
[6.057s] reading manifest file '../../build/yolobot_navigation/yolobot_navigation.egg-info/SOURCES.txt'
[6.061s] writing manifest file '../../build/yolobot_navigation/yolobot_navigation.egg-info/SOURCES.txt'
[6.062s] running build
[6.064s] running build_py
[6.064s] running install
[6.067s] running install_lib
[6.071s] running install_data
[6.071s] running install_egg_info
[6.077s] removing '/home/jezzy/yolobot/install/yolobot_navigation/lib/python3.10/site-packages/yolobot_navigation-0.0.0-py3.10.egg-info' (and everything under it)
[6.081s] Copying ../../build/yolobot_navigation/yolobot_navigation.egg-info to /home/jezzy/yolobot/install/yolobot_navigation/lib/python3.10/site-packages/yolobot_navigation-0.0.0-py3.10.egg-info
[6.089s] running install_scripts
[6.234s] writing list of installed files to '/home/jezzy/yolobot/build/yolobot_navigation/install.log'
[6.333s] Invoked command in '/home/jezzy/yolobot/src/yolobot_navigation' returned '0': PYTHONPATH=/home/jezzy/yolobot/build/yolobot_navigation/prefix_override:/usr/lib/python3/dist-packages/colcon_core/task/python/colcon_distutils_commands:/home/jezzy/yolobot/install/yolobot_navigation/lib/python3.10/site-packages:${PYTHONPATH} /usr/bin/python3 -W ignore:setup.py install is deprecated -W ignore:easy_install command is deprecated setup.py egg_info --egg-base ../../build/yolobot_navigation build --build-base /home/jezzy/yolobot/build/yolobot_navigation/build install --record /home/jezzy/yolobot/build/yolobot_navigation/install.log --single-version-externally-managed install_data
