[0.046s] Invoking command in '/home/jezzy/huskybot/build/huskybot_gazebo': CMAKE_PREFIX_PATH=${CMAKE_PREFIX_PATH}:/home/jezzy/huskybot/install/huskybot_fusion:/home/jezzy/huskybot/install/huskybot_navigation:/home/jezzy/husky_ws/turtlebot3/install/turtlebot3_teleop:/home/jezzy/husky_ws/turtlebot3/install/turtlebot3_example:/home/jezzy/husky_ws/turtlebot3/install/segtect:/home/jezzy/husky_ws/turtlebot3/install/autonomous_exploration:/home/jezzy/husky_ws/lintic/install/yolosed:/home/jezzy/husky_ws/lintic/install/visual:/home/jezzy/husky_ws/lintic/install/segnet:/opt/ros/humble /usr/bin/cmake /home/jezzy/huskybot/src/huskybot_gazebo -DCMAKE_INSTALL_PREFIX=/home/jezzy/huskybot/install/huskybot_gazebo
[0.959s] -- The C compiler identification is GNU 11.4.0
[2.824s] -- The CXX compiler identification is GNU 11.4.0
[4.520s] -- Detecting C compiler ABI info
[5.109s] -- Detecting C compiler ABI info - done
[5.125s] -- Check for working C compiler: /usr/bin/cc - skipped
[5.126s] -- Detecting C compile features
[5.129s] -- Detecting C compile features - done
[5.142s] -- Detecting CXX compiler ABI info
[5.680s] -- Detecting CXX compiler ABI info - done
[5.705s] -- Check for working CXX compiler: /usr/bin/c++ - skipped
[5.706s] -- Detecting CXX compile features
[5.710s] -- Detecting CXX compile features - done
[5.725s] -- Found ament_cmake: 1.3.11 (/opt/ros/humble/share/ament_cmake/cmake)
[6.283s] -- Found Python3: /usr/bin/python3 (found version "3.10.12") found components: Interpreter 
[6.767s] -- Found rclpy: 3.3.16 (/opt/ros/humble/share/rclpy/cmake)
[6.773s] -- Found ament_lint_auto: 0.12.12 (/opt/ros/humble/share/ament_lint_auto/cmake)
[7.218s] -- Added test 'copyright' to check source files copyright and LICENSE
[7.228s] -- Added test 'flake8' to check Python code syntax and style conventions
[7.236s] -- Added test 'lint_cmake' to check CMake code style
[7.247s] -- Added test 'pep257' to check Python code against some of the docstring style conventions in PEP 257
[7.254s] -- Added test 'xmllint' to check XML markup files
[7.263s] -- Configuring done
[7.277s] -- Generating done
[7.284s] -- Build files have been written to: /home/jezzy/huskybot/build/huskybot_gazebo
[7.301s] Invoked command in '/home/jezzy/huskybot/build/huskybot_gazebo' returned '0': CMAKE_PREFIX_PATH=${CMAKE_PREFIX_PATH}:/home/jezzy/huskybot/install/huskybot_fusion:/home/jezzy/huskybot/install/huskybot_navigation:/home/jezzy/husky_ws/turtlebot3/install/turtlebot3_teleop:/home/jezzy/husky_ws/turtlebot3/install/turtlebot3_example:/home/jezzy/husky_ws/turtlebot3/install/segtect:/home/jezzy/husky_ws/turtlebot3/install/autonomous_exploration:/home/jezzy/husky_ws/lintic/install/yolosed:/home/jezzy/husky_ws/lintic/install/visual:/home/jezzy/husky_ws/lintic/install/segnet:/opt/ros/humble /usr/bin/cmake /home/jezzy/huskybot/src/huskybot_gazebo -DCMAKE_INSTALL_PREFIX=/home/jezzy/huskybot/install/huskybot_gazebo
[7.303s] Invoking command in '/home/jezzy/huskybot/build/huskybot_gazebo': CMAKE_PREFIX_PATH=${CMAKE_PREFIX_PATH}:/home/jezzy/huskybot/install/huskybot_fusion:/home/jezzy/huskybot/install/huskybot_navigation:/home/jezzy/husky_ws/turtlebot3/install/turtlebot3_teleop:/home/jezzy/husky_ws/turtlebot3/install/turtlebot3_example:/home/jezzy/husky_ws/turtlebot3/install/segtect:/home/jezzy/husky_ws/turtlebot3/install/autonomous_exploration:/home/jezzy/husky_ws/lintic/install/yolosed:/home/jezzy/husky_ws/lintic/install/visual:/home/jezzy/husky_ws/lintic/install/segnet:/opt/ros/humble /usr/bin/cmake --build /home/jezzy/huskybot/build/huskybot_gazebo -- -j4 -l4
[7.436s] Invoked command in '/home/jezzy/huskybot/build/huskybot_gazebo' returned '0': CMAKE_PREFIX_PATH=${CMAKE_PREFIX_PATH}:/home/jezzy/huskybot/install/huskybot_fusion:/home/jezzy/huskybot/install/huskybot_navigation:/home/jezzy/husky_ws/turtlebot3/install/turtlebot3_teleop:/home/jezzy/husky_ws/turtlebot3/install/turtlebot3_example:/home/jezzy/husky_ws/turtlebot3/install/segtect:/home/jezzy/husky_ws/turtlebot3/install/autonomous_exploration:/home/jezzy/husky_ws/lintic/install/yolosed:/home/jezzy/husky_ws/lintic/install/visual:/home/jezzy/husky_ws/lintic/install/segnet:/opt/ros/humble /usr/bin/cmake --build /home/jezzy/huskybot/build/huskybot_gazebo -- -j4 -l4
[7.449s] Invoking command in '/home/jezzy/huskybot/build/huskybot_gazebo': CMAKE_PREFIX_PATH=${CMAKE_PREFIX_PATH}:/home/jezzy/huskybot/install/huskybot_fusion:/home/jezzy/huskybot/install/huskybot_navigation:/home/jezzy/husky_ws/turtlebot3/install/turtlebot3_teleop:/home/jezzy/husky_ws/turtlebot3/install/turtlebot3_example:/home/jezzy/husky_ws/turtlebot3/install/segtect:/home/jezzy/husky_ws/turtlebot3/install/autonomous_exploration:/home/jezzy/husky_ws/lintic/install/yolosed:/home/jezzy/husky_ws/lintic/install/visual:/home/jezzy/husky_ws/lintic/install/segnet:/opt/ros/humble /usr/bin/cmake --install /home/jezzy/huskybot/build/huskybot_gazebo
[7.499s] -- Install configuration: ""
[7.501s] -- Installing: /home/jezzy/huskybot/install/huskybot_gazebo/share/huskybot_gazebo//launch
[7.501s] -- Installing: /home/jezzy/huskybot/install/huskybot_gazebo/share/huskybot_gazebo//launch/start_world_launch.py
[7.504s] -- Installing: /home/jezzy/huskybot/install/huskybot_gazebo/share/huskybot_gazebo//launch/huskybot_launch.py
[7.505s] -- Installing: /home/jezzy/huskybot/install/huskybot_gazebo/share/huskybot_gazebo//worlds
[7.505s] -- Installing: /home/jezzy/huskybot/install/huskybot_gazebo/share/huskybot_gazebo//worlds/yolo_test.world
[7.507s] -- Installing: /home/jezzy/huskybot/install/huskybot_gazebo/share/ament_index/resource_index/package_run_dependencies/huskybot_gazebo
[7.508s] -- Installing: /home/jezzy/huskybot/install/huskybot_gazebo/share/ament_index/resource_index/parent_prefix_path/huskybot_gazebo
[7.510s] -- Installing: /home/jezzy/huskybot/install/huskybot_gazebo/share/huskybot_gazebo/environment/ament_prefix_path.sh
[7.513s] -- Installing: /home/jezzy/huskybot/install/huskybot_gazebo/share/huskybot_gazebo/environment/ament_prefix_path.dsv
[7.516s] -- Installing: /home/jezzy/huskybot/install/huskybot_gazebo/share/huskybot_gazebo/environment/path.sh
[7.517s] -- Installing: /home/jezzy/huskybot/install/huskybot_gazebo/share/huskybot_gazebo/environment/path.dsv
[7.519s] -- Installing: /home/jezzy/huskybot/install/huskybot_gazebo/share/huskybot_gazebo/local_setup.bash
[7.520s] -- Installing: /home/jezzy/huskybot/install/huskybot_gazebo/share/huskybot_gazebo/local_setup.sh
[7.521s] -- Installing: /home/jezzy/huskybot/install/huskybot_gazebo/share/huskybot_gazebo/local_setup.zsh
[7.522s] -- Installing: /home/jezzy/huskybot/install/huskybot_gazebo/share/huskybot_gazebo/local_setup.dsv
[7.524s] -- Installing: /home/jezzy/huskybot/install/huskybot_gazebo/share/huskybot_gazebo/package.dsv
[7.531s] -- Installing: /home/jezzy/huskybot/install/huskybot_gazebo/share/ament_index/resource_index/packages/huskybot_gazebo
[7.531s] -- Installing: /home/jezzy/huskybot/install/huskybot_gazebo/share/huskybot_gazebo/cmake/huskybot_gazeboConfig.cmake
[7.532s] -- Installing: /home/jezzy/huskybot/install/huskybot_gazebo/share/huskybot_gazebo/cmake/huskybot_gazeboConfig-version.cmake
[7.533s] -- Installing: /home/jezzy/huskybot/install/huskybot_gazebo/share/huskybot_gazebo/package.xml
[7.533s] Invoked command in '/home/jezzy/huskybot/build/huskybot_gazebo' returned '0': CMAKE_PREFIX_PATH=${CMAKE_PREFIX_PATH}:/home/jezzy/huskybot/install/huskybot_fusion:/home/jezzy/huskybot/install/huskybot_navigation:/home/jezzy/husky_ws/turtlebot3/install/turtlebot3_teleop:/home/jezzy/husky_ws/turtlebot3/install/turtlebot3_example:/home/jezzy/husky_ws/turtlebot3/install/segtect:/home/jezzy/husky_ws/turtlebot3/install/autonomous_exploration:/home/jezzy/husky_ws/lintic/install/yolosed:/home/jezzy/husky_ws/lintic/install/visual:/home/jezzy/husky_ws/lintic/install/segnet:/opt/ros/humble /usr/bin/cmake --install /home/jezzy/huskybot/build/huskybot_gazebo
