[0.073s] Invoking command in '/home/jezzy/yolobot/build/lio_sam': CMAKE_PREFIX_PATH=${CMAKE_PREFIX_PATH}:/home/jezzy/yolobot/install/yolobot_fusion:/home/jezzy/yolobot/install/yolobot_navigation:/home/jezzy/husky_ws/lintic/install/yolosed:/home/jezzy/husky_ws/lintic/install/visual:/home/jezzy/husky_ws/lintic/install/segnet:/home/jezzy/husky_ws/turtlebot3/install/turtlebot3_teleop:/home/jezzy/husky_ws/turtlebot3/install/turtlebot3_example:/home/jezzy/husky_ws/turtlebot3/install/segtect:/home/jezzy/husky_ws/turtlebot3/install/autonomous_exploration:/opt/ros/humble /usr/bin/cmake /home/jezzy/yolobot/src/LIO-SAM -DCMAKE_INSTALL_PREFIX=/home/jezzy/yolobot/install/lio_sam
[1.160s] -- The C compiler identification is GNU 11.4.0
[3.028s] -- The CXX compiler identification is GNU 11.4.0
[4.708s] -- Detecting C compiler ABI info
[5.509s] -- Detecting C compiler ABI info - done
[5.546s] -- Check for working C compiler: /usr/bin/cc - skipped
[5.550s] -- Detecting C compile features
[5.553s] -- Detecting C compile features - done
[5.570s] -- Detecting CXX compiler ABI info
[7.086s] -- Detecting CXX compiler ABI info - done
[7.123s] -- Check for working CXX compiler: /usr/bin/c++ - skipped
[7.123s] -- Detecting CXX compile features
[7.125s] -- Detecting CXX compile features - done
[7.146s] -- Found ament_cmake: 1.3.11 (/opt/ros/humble/share/ament_cmake/cmake)
[8.219s] -- Found Python3: /usr/bin/python3 (found version "3.10.12") found components: Interpreter 
[9.519s] -- Found rosidl_default_generators: 1.2.0 (/opt/ros/humble/share/rosidl_default_generators/cmake)
[9.644s] -- Using all available rosidl_typesupport_c: rosidl_typesupport_fastrtps_c;rosidl_typesupport_introspection_c
[9.723s] -- Found rosidl_adapter: 3.1.6 (/opt/ros/humble/share/rosidl_adapter/cmake)
[11.073s] -- Using all available rosidl_typesupport_cpp: rosidl_typesupport_fastrtps_cpp;rosidl_typesupport_introspection_cpp
[11.478s] -- Found rclcpp: 16.0.12 (/opt/ros/humble/share/rclcpp/cmake)
[12.394s] -- Found rmw_implementation_cmake: 6.1.2 (/opt/ros/humble/share/rmw_implementation_cmake/cmake)
[12.453s] -- Found rmw_fastrtps_cpp: 6.2.7 (/opt/ros/humble/share/rmw_fastrtps_cpp/cmake)
[21.009s] -- Found OpenSSL: /usr/lib/x86_64-linux-gnu/libcrypto.so (found version "3.0.2")  
[26.765s] -- Found FastRTPS: /opt/ros/humble/include  
[37.517s] -- Using RMW implementation 'rmw_fastrtps_cpp' as default
[37.548s] -- Looking for pthread.h
[37.868s] -- Looking for pthread.h - found
[37.868s] -- Performing Test CMAKE_HAVE_LIBC_PTHREAD
[38.230s] -- Performing Test CMAKE_HAVE_LIBC_PTHREAD - Success
[38.232s] -- Found Threads: TRUE  
[38.357s] -- Found rclpy: 3.3.16 (/opt/ros/humble/share/rclpy/cmake)
[38.367s] -- Found cv_bridge: 3.2.1 (/opt/ros/humble/share/cv_bridge/cmake)
[38.477s] -- Found nav_msgs: 4.8.0 (/opt/ros/humble/share/nav_msgs/cmake)
[38.528s] -- Found visualization_msgs: 4.8.0 (/opt/ros/humble/share/visualization_msgs/cmake)
[38.593s] -- Found pcl_conversions: 2.4.5 (/opt/ros/humble/share/pcl_conversions/cmake)
[38.698s] -- Checking for module 'eigen3'
[38.724s] --   Found eigen3, version 3.4.0
[38.786s] -- Found Eigen: /usr/include/eigen3 (Required is at least version "3.1") 
[38.786s] -- Eigen found (include: /usr/include/eigen3, version: 3.4.0)
[41.678s] -- Checking for module 'flann'
[41.710s] --   Found flann, version 1.9.1
[42.584s] -- Found FLANN: /usr/lib/x86_64-linux-gnu/libflann_cpp.so  
[42.584s] -- FLANN found (include: /usr/include, lib: /usr/lib/x86_64-linux-gnu/libflann_cpp.so)
[55.123s] -- Checking for module 'libusb-1.0'
[55.150s] --   Found libusb-1.0, version 1.0.25
[55.392s] -- Found libusb: /usr/lib/x86_64-linux-gnu/libusb-1.0.so  
[55.395s] -- OpenNI found (version: 1.5.4.0, include: /usr/include/ni, lib: /usr/lib/libOpenNI.so;libusb::libusb)
[55.904s] -- OpenNI2 found (version: 2.2.0.33, include: /usr/include/openni2, lib: /usr/lib/x86_64-linux-gnu/libOpenNI2.so;libusb::libusb)
[60.945s] -- Eigen found (include: /usr/include/eigen3, version: 3.4.0)
[60.960s] -- OpenNI found (version: 1.5.4.0, include: /usr/include/ni, lib: /usr/lib/libOpenNI.so;libusb::libusb)
[60.971s] -- OpenNI2 found (version: 2.2.0.33, include: /usr/include/openni2, lib: /usr/lib/x86_64-linux-gnu/libOpenNI2.so;libusb::libusb)
[65.793s] -- Found Qhull version 8.0.2
[71.424s] -- OpenNI found (version: 1.5.4.0, include: /usr/include/ni, lib: /usr/lib/libOpenNI.so;libusb::libusb)
[77.304s] -- Found PCL_COMMON: /usr/lib/x86_64-linux-gnu/libpcl_common.so  
[77.306s] -- Found PCL_KDTREE: /usr/lib/x86_64-linux-gnu/libpcl_kdtree.so  
[77.309s] -- Found PCL_OCTREE: /usr/lib/x86_64-linux-gnu/libpcl_octree.so  
[77.311s] -- Found PCL_SEARCH: /usr/lib/x86_64-linux-gnu/libpcl_search.so  
[77.313s] -- Found PCL_SAMPLE_CONSENSUS: /usr/lib/x86_64-linux-gnu/libpcl_sample_consensus.so  
[77.315s] -- Found PCL_FILTERS: /usr/lib/x86_64-linux-gnu/libpcl_filters.so  
[77.316s] -- Found PCL_2D: /usr/include/pcl-1.12  
[77.317s] -- Found PCL_GEOMETRY: /usr/include/pcl-1.12  
[77.319s] -- Found PCL_IO: /usr/lib/x86_64-linux-gnu/libpcl_io.so  
[77.321s] -- Found PCL_FEATURES: /usr/lib/x86_64-linux-gnu/libpcl_features.so  
[77.323s] -- Found PCL_ML: /usr/lib/x86_64-linux-gnu/libpcl_ml.so  
[77.325s] -- Found PCL_SEGMENTATION: /usr/lib/x86_64-linux-gnu/libpcl_segmentation.so  
[77.327s] -- Found PCL_VISUALIZATION: /usr/lib/x86_64-linux-gnu/libpcl_visualization.so  
[77.329s] -- Found PCL_SURFACE: /usr/lib/x86_64-linux-gnu/libpcl_surface.so  
[77.331s] -- Found PCL_REGISTRATION: /usr/lib/x86_64-linux-gnu/libpcl_registration.so  
[77.334s] -- Found PCL_KEYPOINTS: /usr/lib/x86_64-linux-gnu/libpcl_keypoints.so  
[77.336s] -- Found PCL_TRACKING: /usr/lib/x86_64-linux-gnu/libpcl_tracking.so  
[77.340s] -- Found PCL_RECOGNITION: /usr/lib/x86_64-linux-gnu/libpcl_recognition.so  
[77.346s] -- Found PCL_STEREO: /usr/lib/x86_64-linux-gnu/libpcl_stereo.so  
[77.347s] -- Found PCL_APPS: /usr/lib/x86_64-linux-gnu/libpcl_apps.so  
[77.349s] -- Found PCL_IN_HAND_SCANNER: /usr/include/pcl-1.12  
[77.350s] -- Found PCL_MODELER: /usr/include/pcl-1.12  
[77.352s] -- Found PCL_POINT_CLOUD_EDITOR: /usr/include/pcl-1.12  
[77.354s] -- Found PCL_OUTOFCORE: /usr/lib/x86_64-linux-gnu/libpcl_outofcore.so  
[77.356s] -- Found PCL_PEOPLE: /usr/lib/x86_64-linux-gnu/libpcl_people.so  
[77.370s] -- Found tf2: 0.25.12 (/opt/ros/humble/share/tf2/cmake)
[77.403s] -- Found tf2_geometry_msgs: 0.25.12 (/opt/ros/humble/share/tf2_geometry_msgs/cmake)
[77.598s] -- Found eigen3_cmake_module: 0.1.1 (/opt/ros/humble/share/eigen3_cmake_module/cmake)
[77.606s] -- Found Eigen3: TRUE (found version "3.4.0") 
[77.606s] -- Ensuring Eigen3 include directory is part of orocos-kdl CMake target
[77.975s] -- Found tf2_sensor_msgs: 0.25.12 (/opt/ros/humble/share/tf2_sensor_msgs/cmake)
[77.993s] -- Found tf2_eigen: 0.25.12 (/opt/ros/humble/share/tf2_eigen/cmake)
[78.007s] -- Found OpenCV: /usr (found version "4.5.4") 
[78.007s] [33mCMake Warning (dev) at CMakeLists.txt:29 (find_package):
[78.007s]   Policy CMP0074 is not set: find_package uses <PackageName>_ROOT variables.
[78.007s]   Run "cmake --help-policy CMP0074" for policy details.  Use the cmake_policy
[78.007s]   command to set the policy and suppress this warning.
[78.007s] 
[78.007s]   CMake variable PCL_ROOT is set to:
[78.007s] 
[78.008s]     /usr
[78.008s] 
[78.008s]   For compatibility, CMake is ignoring the variable.
[78.008s] This warning is for project developers.  Use -Wno-dev to suppress it.
[78.008s] [0m
[78.115s] -- Found Boost: /usr/lib/x86_64-linux-gnu/cmake/Boost-1.74.0/BoostConfig.cmake (found suitable version "1.74.0", minimum required is "1.65") found components: serialization system filesystem thread program_options date_time timer chrono regex 
[78.121s] -- GTSAM include directory:  /opt/ros/humble/lib/cmake/GTSAM/../../../include
[78.133s] -- Found Eigen: /usr/include/eigen3  
[78.133s] -- Eigen found (include: /usr/include/eigen3, version: 3.4.0)
[79.308s] -- Found OpenMP_C: -fopenmp (found version "4.5") 
[79.632s] -- Found OpenMP_CXX: -fopenmp (found version "4.5") 
[79.633s] -- Found OpenMP: TRUE (found version "4.5")  
[80.353s] -- Found ament_cmake_ros: 0.10.0 (/opt/ros/humble/share/ament_cmake_ros/cmake)
[80.915s] -- Using all available rosidl_typesupport_c: rosidl_typesupport_fastrtps_c;rosidl_typesupport_introspection_c
[81.618s] -- Using all available rosidl_typesupport_cpp: rosidl_typesupport_fastrtps_cpp;rosidl_typesupport_introspection_cpp
[81.930s] -- Found PythonInterp: /usr/bin/python3 (found suitable version "3.10.12", minimum required is "3.6") 
[81.941s] -- Found python_cmake_module: 0.10.0 (/opt/ros/humble/share/python_cmake_module/cmake)
[82.971s] -- Found PythonLibs: /usr/lib/x86_64-linux-gnu/libpython3.10.so (found suitable version "3.10.12", minimum required is "3.5") 
[82.971s] -- Using PYTHON_EXECUTABLE: /usr/bin/python3
[82.972s] -- Using PYTHON_INCLUDE_DIRS: /usr/include/python3.10
[82.972s] -- Using PYTHON_LIBRARIES: /usr/lib/x86_64-linux-gnu/libpython3.10.so
[83.012s] -- Found PythonExtra: .so  
[83.533s] -- Found ament_lint_auto: 0.12.12 (/opt/ros/humble/share/ament_lint_auto/cmake)
[83.641s] -- Added test 'copyright' to check source files copyright and LICENSE
[83.651s] -- Added test 'cppcheck' to perform static code analysis on C / C++ code
[83.656s] -- Configured cppcheck include dirs: /home/jezzy/yolobot/src/LIO-SAM/include/lio_sam
[83.656s] -- Configured cppcheck exclude dirs and/or files: 
[83.666s] -- Added test 'cpplint' to check C / C++ code against the Google style
[83.666s] -- Configured cpplint exclude dirs and/or files: 
[83.670s] -- Added test 'flake8' to check Python code syntax and style conventions
[83.680s] -- Added test 'lint_cmake' to check CMake code style
[83.684s] -- Added test 'pep257' to check Python code against some of the docstring style conventions in PEP 257
[83.696s] -- Added test 'uncrustify' to check C / C++ code style
[83.697s] -- Configured uncrustify additional arguments: 
[83.702s] -- Added test 'xmllint' to check XML markup files
[83.715s] -- Configuring done
[84.253s] -- Generating done
[84.341s] -- Build files have been written to: /home/jezzy/yolobot/build/lio_sam
[84.381s] Invoked command in '/home/jezzy/yolobot/build/lio_sam' returned '0': CMAKE_PREFIX_PATH=${CMAKE_PREFIX_PATH}:/home/jezzy/yolobot/install/yolobot_fusion:/home/jezzy/yolobot/install/yolobot_navigation:/home/jezzy/husky_ws/lintic/install/yolosed:/home/jezzy/husky_ws/lintic/install/visual:/home/jezzy/husky_ws/lintic/install/segnet:/home/jezzy/husky_ws/turtlebot3/install/turtlebot3_teleop:/home/jezzy/husky_ws/turtlebot3/install/turtlebot3_example:/home/jezzy/husky_ws/turtlebot3/install/segtect:/home/jezzy/husky_ws/turtlebot3/install/autonomous_exploration:/opt/ros/humble /usr/bin/cmake /home/jezzy/yolobot/src/LIO-SAM -DCMAKE_INSTALL_PREFIX=/home/jezzy/yolobot/install/lio_sam
[84.385s] Invoking command in '/home/jezzy/yolobot/build/lio_sam': CMAKE_PREFIX_PATH=${CMAKE_PREFIX_PATH}:/home/jezzy/yolobot/install/yolobot_fusion:/home/jezzy/yolobot/install/yolobot_navigation:/home/jezzy/husky_ws/lintic/install/yolosed:/home/jezzy/husky_ws/lintic/install/visual:/home/jezzy/husky_ws/lintic/install/segnet:/home/jezzy/husky_ws/turtlebot3/install/turtlebot3_teleop:/home/jezzy/husky_ws/turtlebot3/install/turtlebot3_example:/home/jezzy/husky_ws/turtlebot3/install/segtect:/home/jezzy/husky_ws/turtlebot3/install/autonomous_exploration:/opt/ros/humble /usr/bin/cmake --build /home/jezzy/yolobot/build/lio_sam -- -j4 -l4
[84.463s] [  2%] [34m[1mGenerating C code for ROS interfaces[0m
[84.492s] [  4%] [34m[1mGenerating C++ code for ROS interfaces[0m
[84.501s] [  4%] Built target ament_cmake_python_copy_lio_sam
[85.207s] running egg_info
[85.209s] creating lio_sam.egg-info
[85.211s] writing lio_sam.egg-info/PKG-INFO
[85.212s] writing dependency_links to lio_sam.egg-info/dependency_links.txt
[85.213s] writing top-level names to lio_sam.egg-info/top_level.txt
[85.214s] writing manifest file 'lio_sam.egg-info/SOURCES.txt'
[85.218s] reading manifest file 'lio_sam.egg-info/SOURCES.txt'
[85.224s] writing manifest file 'lio_sam.egg-info/SOURCES.txt'
[85.287s] [  4%] Built target ament_cmake_python_build_lio_sam_egg
[85.642s] [  4%] Built target lio_sam__cpp
[85.665s] [  6%] [32mBuilding C object CMakeFiles/lio_sam__rosidl_generator_c.dir/rosidl_generator_c/lio_sam/msg/detail/cloud_info__functions.c.o[0m
[85.669s] [  8%] [34m[1mGenerating C++ type support dispatch for ROS interfaces[0m
[85.685s] [ 10%] [34m[1mGenerating C++ type support for eProsima Fast-RTPS[0m
[85.692s] [ 12%] [34m[1mGenerating C++ introspection for ROS interfaces[0m
[86.141s] [ 14%] [32mBuilding C object CMakeFiles/lio_sam__rosidl_generator_c.dir/rosidl_generator_c/lio_sam/srv/detail/save_map__functions.c.o[0m
[86.496s] [ 17%] [32m[1mLinking C shared library liblio_sam__rosidl_generator_c.so[0m
[86.875s] [ 17%] Built target lio_sam__rosidl_generator_c
[86.900s] [ 19%] [34m[1mGenerating C type support for eProsima Fast-RTPS[0m
[86.935s] [ 21%] [32mBuilding CXX object CMakeFiles/lio_sam__rosidl_typesupport_cpp.dir/rosidl_typesupport_cpp/lio_sam/msg/cloud_info__type_support.cpp.o[0m
[87.123s] [ 23%] [32mBuilding CXX object CMakeFiles/lio_sam__rosidl_typesupport_introspection_cpp.dir/rosidl_typesupport_introspection_cpp/lio_sam/msg/detail/cloud_info__type_support.cpp.o[0m
[87.246s] [ 25%] [32mBuilding CXX object CMakeFiles/lio_sam__rosidl_typesupport_fastrtps_cpp.dir/rosidl_typesupport_fastrtps_cpp/lio_sam/msg/detail/dds_fastrtps/cloud_info__type_support.cpp.o[0m
[87.799s] [ 27%] [32mBuilding CXX object CMakeFiles/lio_sam__rosidl_typesupport_cpp.dir/rosidl_typesupport_cpp/lio_sam/srv/save_map__type_support.cpp.o[0m
[88.376s] [ 29%] [32mBuilding CXX object CMakeFiles/lio_sam__rosidl_typesupport_fastrtps_c.dir/rosidl_typesupport_fastrtps_c/lio_sam/msg/detail/cloud_info__type_support_c.cpp.o[0m
[88.693s] [ 31%] [32m[1mLinking CXX shared library liblio_sam__rosidl_typesupport_cpp.so[0m
[88.917s] [ 34%] [32mBuilding CXX object CMakeFiles/lio_sam__rosidl_typesupport_introspection_cpp.dir/rosidl_typesupport_introspection_cpp/lio_sam/srv/detail/save_map__type_support.cpp.o[0m
[89.091s] [ 36%] [32mBuilding CXX object CMakeFiles/lio_sam__rosidl_typesupport_fastrtps_cpp.dir/rosidl_typesupport_fastrtps_cpp/lio_sam/srv/detail/dds_fastrtps/save_map__type_support.cpp.o[0m
[89.225s] [ 36%] Built target lio_sam__rosidl_typesupport_cpp
[89.250s] [ 38%] [34m[1mGenerating C introspection for ROS interfaces[0m
[89.751s] [ 40%] [32mBuilding CXX object CMakeFiles/lio_sam__rosidl_typesupport_fastrtps_c.dir/rosidl_typesupport_fastrtps_c/lio_sam/srv/detail/save_map__type_support_c.cpp.o[0m
[90.401s] [ 42%] [32m[1mLinking CXX shared library liblio_sam__rosidl_typesupport_introspection_cpp.so[0m
[90.737s] [ 44%] [32m[1mLinking CXX shared library liblio_sam__rosidl_typesupport_fastrtps_cpp.so[0m
[90.878s] [ 46%] [32mBuilding C object CMakeFiles/lio_sam__rosidl_typesupport_introspection_c.dir/rosidl_typesupport_introspection_c/lio_sam/msg/detail/cloud_info__type_support.c.o[0m
[90.951s] [ 46%] Built target lio_sam__rosidl_typesupport_introspection_cpp
[90.984s] [ 48%] [34m[1mGenerating C type support dispatch for ROS interfaces[0m
[91.099s] [ 51%] [32m[1mLinking CXX shared library liblio_sam__rosidl_typesupport_fastrtps_c.so[0m
[91.111s] [ 53%] [32mBuilding C object CMakeFiles/lio_sam__rosidl_typesupport_introspection_c.dir/rosidl_typesupport_introspection_c/lio_sam/srv/detail/save_map__type_support.c.o[0m
[91.244s] [ 55%] [32m[1mLinking C shared library liblio_sam__rosidl_typesupport_introspection_c.so[0m
[91.288s] [ 55%] Built target lio_sam__rosidl_typesupport_fastrtps_cpp
[91.354s] [ 57%] [32mBuilding CXX object CMakeFiles/lio_sam_featureExtraction.dir/src/featureExtraction.cpp.o[0m
[91.702s] [ 57%] Built target lio_sam__rosidl_typesupport_introspection_c
[91.711s] [ 57%] Built target lio_sam__rosidl_typesupport_fastrtps_c
[91.772s] [ 59%] [32mBuilding CXX object CMakeFiles/lio_sam_imuPreintegration.dir/src/imuPreintegration.cpp.o[0m
[91.778s] [ 61%] [32mBuilding CXX object CMakeFiles/lio_sam_imageProjection.dir/src/imageProjection.cpp.o[0m
[92.661s] [ 63%] [32mBuilding CXX object CMakeFiles/lio_sam__rosidl_typesupport_c.dir/rosidl_typesupport_c/lio_sam/msg/cloud_info__type_support.cpp.o[0m
[92.759s] [ 65%] [32mBuilding CXX object CMakeFiles/lio_sam__rosidl_typesupport_c.dir/rosidl_typesupport_c/lio_sam/srv/save_map__type_support.cpp.o[0m
[92.853s] [ 68%] [32m[1mLinking CXX shared library liblio_sam__rosidl_typesupport_c.so[0m
[93.242s] [ 68%] Built target lio_sam__rosidl_typesupport_c
[93.321s] [ 70%] [32mBuilding CXX object CMakeFiles/lio_sam_mapOptimization.dir/src/mapOptmization.cpp.o[0m
[184.313s] [ 72%] [32m[1mLinking CXX executable lio_sam_featureExtraction[0m
[189.212s] [ 72%] Built target lio_sam_featureExtraction
[205.859s] [ 74%] [32m[1mLinking CXX executable lio_sam_imageProjection[0m
[208.590s] [ 74%] Built target lio_sam_imageProjection
[226.108s] [ 76%] [32m[1mLinking CXX executable lio_sam_imuPreintegration[0m
[228.071s] [ 76%] Built target lio_sam_imuPreintegration
[228.148s] [ 76%] Built target lio_sam
[228.215s] [ 78%] [34m[1mGenerating Python code for ROS interfaces[0m
[231.681s] [ 78%] Built target lio_sam__py
[231.779s] [ 80%] [32mBuilding C object CMakeFiles/lio_sam__rosidl_generator_py.dir/rosidl_generator_py/lio_sam/msg/_cloud_info_s.c.o[0m
[231.785s] [ 82%] [32mBuilding C object CMakeFiles/lio_sam__rosidl_generator_py.dir/rosidl_generator_py/lio_sam/srv/_save_map_s.c.o[0m
[232.758s] [ 85%] [32m[1mLinking C shared library rosidl_generator_py/lio_sam/liblio_sam__rosidl_generator_py.so[0m
[233.098s] [ 85%] Built target lio_sam__rosidl_generator_py
[233.152s] [ 87%] [32mBuilding C object CMakeFiles/lio_sam__rosidl_typesupport_fastrtps_c__pyext.dir/rosidl_generator_py/lio_sam/_lio_sam_s.ep.rosidl_typesupport_fastrtps_c.c.o[0m
[233.158s] [ 89%] [32mBuilding C object CMakeFiles/lio_sam__rosidl_typesupport_introspection_c__pyext.dir/rosidl_generator_py/lio_sam/_lio_sam_s.ep.rosidl_typesupport_introspection_c.c.o[0m
[233.532s] [ 91%] [32m[1mLinking C shared library rosidl_generator_py/lio_sam/lio_sam_s__rosidl_typesupport_introspection_c.cpython-310-x86_64-linux-gnu.so[0m
[233.552s] [ 93%] [32m[1mLinking C shared library rosidl_generator_py/lio_sam/lio_sam_s__rosidl_typesupport_fastrtps_c.cpython-310-x86_64-linux-gnu.so[0m
[233.949s] [ 93%] Built target lio_sam__rosidl_typesupport_introspection_c__pyext
[233.957s] [ 93%] Built target lio_sam__rosidl_typesupport_fastrtps_c__pyext
[233.997s] [ 95%] [32mBuilding C object CMakeFiles/lio_sam__rosidl_typesupport_c__pyext.dir/rosidl_generator_py/lio_sam/_lio_sam_s.ep.rosidl_typesupport_c.c.o[0m
[234.312s] [ 97%] [32m[1mLinking C shared library rosidl_generator_py/lio_sam/lio_sam_s__rosidl_typesupport_c.cpython-310-x86_64-linux-gnu.so[0m
[234.659s] [ 97%] Built target lio_sam__rosidl_typesupport_c__pyext
[285.448s] [100%] [32m[1mLinking CXX executable lio_sam_mapOptimization[0m
[287.049s] /usr/bin/ld: warning: libtbb.so.2, needed by /usr/lib/x86_64-linux-gnu/libopencv_core.so.4.5.4d, may conflict with libtbb.so.12
[287.686s] [100%] Built target lio_sam_mapOptimization
[287.717s] Invoked command in '/home/jezzy/yolobot/build/lio_sam' returned '0': CMAKE_PREFIX_PATH=${CMAKE_PREFIX_PATH}:/home/jezzy/yolobot/install/yolobot_fusion:/home/jezzy/yolobot/install/yolobot_navigation:/home/jezzy/husky_ws/lintic/install/yolosed:/home/jezzy/husky_ws/lintic/install/visual:/home/jezzy/husky_ws/lintic/install/segnet:/home/jezzy/husky_ws/turtlebot3/install/turtlebot3_teleop:/home/jezzy/husky_ws/turtlebot3/install/turtlebot3_example:/home/jezzy/husky_ws/turtlebot3/install/segtect:/home/jezzy/husky_ws/turtlebot3/install/autonomous_exploration:/opt/ros/humble /usr/bin/cmake --build /home/jezzy/yolobot/build/lio_sam -- -j4 -l4
[287.730s] Invoking command in '/home/jezzy/yolobot/build/lio_sam': CMAKE_PREFIX_PATH=${CMAKE_PREFIX_PATH}:/home/jezzy/yolobot/install/yolobot_fusion:/home/jezzy/yolobot/install/yolobot_navigation:/home/jezzy/husky_ws/lintic/install/yolosed:/home/jezzy/husky_ws/lintic/install/visual:/home/jezzy/husky_ws/lintic/install/segnet:/home/jezzy/husky_ws/turtlebot3/install/turtlebot3_teleop:/home/jezzy/husky_ws/turtlebot3/install/turtlebot3_example:/home/jezzy/husky_ws/turtlebot3/install/segtect:/home/jezzy/husky_ws/turtlebot3/install/autonomous_exploration:/opt/ros/humble /usr/bin/cmake --install /home/jezzy/yolobot/build/lio_sam
[287.746s] -- Install configuration: "Release"
[287.749s] -- Installing: /home/jezzy/yolobot/install/lio_sam/share/ament_index/resource_index/rosidl_interfaces/lio_sam
[287.750s] -- Installing: /home/jezzy/yolobot/install/lio_sam/include/lio_sam/lio_sam
[287.752s] -- Installing: /home/jezzy/yolobot/install/lio_sam/include/lio_sam/lio_sam/msg
[287.753s] -- Installing: /home/jezzy/yolobot/install/lio_sam/include/lio_sam/lio_sam/msg/rosidl_generator_c__visibility_control.h
[287.753s] -- Installing: /home/jezzy/yolobot/install/lio_sam/include/lio_sam/lio_sam/msg/detail
[287.754s] -- Installing: /home/jezzy/yolobot/install/lio_sam/include/lio_sam/lio_sam/msg/detail/cloud_info__type_support.h
[287.755s] -- Installing: /home/jezzy/yolobot/install/lio_sam/include/lio_sam/lio_sam/msg/detail/cloud_info__functions.h
[287.757s] -- Installing: /home/jezzy/yolobot/install/lio_sam/include/lio_sam/lio_sam/msg/detail/cloud_info__functions.c
[287.759s] -- Installing: /home/jezzy/yolobot/install/lio_sam/include/lio_sam/lio_sam/msg/detail/cloud_info__struct.h
[287.760s] -- Installing: /home/jezzy/yolobot/install/lio_sam/include/lio_sam/lio_sam/msg/cloud_info.h
[287.761s] -- Installing: /home/jezzy/yolobot/install/lio_sam/include/lio_sam/lio_sam/srv
[287.761s] -- Installing: /home/jezzy/yolobot/install/lio_sam/include/lio_sam/lio_sam/srv/detail
[287.762s] -- Installing: /home/jezzy/yolobot/install/lio_sam/include/lio_sam/lio_sam/srv/detail/save_map__functions.c
[287.763s] -- Installing: /home/jezzy/yolobot/install/lio_sam/include/lio_sam/lio_sam/srv/detail/save_map__struct.h
[287.764s] -- Installing: /home/jezzy/yolobot/install/lio_sam/include/lio_sam/lio_sam/srv/detail/save_map__type_support.h
[287.764s] -- Installing: /home/jezzy/yolobot/install/lio_sam/include/lio_sam/lio_sam/srv/detail/save_map__functions.h
[287.764s] -- Installing: /home/jezzy/yolobot/install/lio_sam/include/lio_sam/lio_sam/srv/save_map.h
[287.767s] -- Installing: /home/jezzy/yolobot/install/lio_sam/share/lio_sam/environment/library_path.sh
[287.768s] -- Installing: /home/jezzy/yolobot/install/lio_sam/share/lio_sam/environment/library_path.dsv
[287.769s] -- Installing: /home/jezzy/yolobot/install/lio_sam/lib/liblio_sam__rosidl_generator_c.so
[287.772s] -- Set runtime path of "/home/jezzy/yolobot/install/lio_sam/lib/liblio_sam__rosidl_generator_c.so" to ""
[287.772s] -- Up-to-date: /home/jezzy/yolobot/install/lio_sam/include/lio_sam/lio_sam
[287.772s] -- Up-to-date: /home/jezzy/yolobot/install/lio_sam/include/lio_sam/lio_sam/msg
[287.772s] -- Up-to-date: /home/jezzy/yolobot/install/lio_sam/include/lio_sam/lio_sam/msg/detail
[287.772s] -- Installing: /home/jezzy/yolobot/install/lio_sam/include/lio_sam/lio_sam/msg/detail/cloud_info__rosidl_typesupport_fastrtps_c.h
[287.773s] -- Installing: /home/jezzy/yolobot/install/lio_sam/include/lio_sam/lio_sam/msg/rosidl_typesupport_fastrtps_c__visibility_control.h
[287.773s] -- Up-to-date: /home/jezzy/yolobot/install/lio_sam/include/lio_sam/lio_sam/srv
[287.774s] -- Up-to-date: /home/jezzy/yolobot/install/lio_sam/include/lio_sam/lio_sam/srv/detail
[287.774s] -- Installing: /home/jezzy/yolobot/install/lio_sam/include/lio_sam/lio_sam/srv/detail/save_map__rosidl_typesupport_fastrtps_c.h
[287.774s] -- Installing: /home/jezzy/yolobot/install/lio_sam/lib/liblio_sam__rosidl_typesupport_fastrtps_c.so
[287.776s] -- Set runtime path of "/home/jezzy/yolobot/install/lio_sam/lib/liblio_sam__rosidl_typesupport_fastrtps_c.so" to ""
[287.777s] -- Up-to-date: /home/jezzy/yolobot/install/lio_sam/include/lio_sam/lio_sam
[287.777s] -- Up-to-date: /home/jezzy/yolobot/install/lio_sam/include/lio_sam/lio_sam/msg
[287.777s] -- Installing: /home/jezzy/yolobot/install/lio_sam/include/lio_sam/lio_sam/msg/rosidl_typesupport_introspection_c__visibility_control.h
[287.777s] -- Up-to-date: /home/jezzy/yolobot/install/lio_sam/include/lio_sam/lio_sam/msg/detail
[287.778s] -- Installing: /home/jezzy/yolobot/install/lio_sam/include/lio_sam/lio_sam/msg/detail/cloud_info__rosidl_typesupport_introspection_c.h
[287.778s] -- Installing: /home/jezzy/yolobot/install/lio_sam/include/lio_sam/lio_sam/msg/detail/cloud_info__type_support.c
[287.779s] -- Up-to-date: /home/jezzy/yolobot/install/lio_sam/include/lio_sam/lio_sam/srv
[287.779s] -- Up-to-date: /home/jezzy/yolobot/install/lio_sam/include/lio_sam/lio_sam/srv/detail
[287.780s] -- Installing: /home/jezzy/yolobot/install/lio_sam/include/lio_sam/lio_sam/srv/detail/save_map__rosidl_typesupport_introspection_c.h
[287.780s] -- Installing: /home/jezzy/yolobot/install/lio_sam/include/lio_sam/lio_sam/srv/detail/save_map__type_support.c
[287.780s] -- Installing: /home/jezzy/yolobot/install/lio_sam/lib/liblio_sam__rosidl_typesupport_introspection_c.so
[287.782s] -- Set runtime path of "/home/jezzy/yolobot/install/lio_sam/lib/liblio_sam__rosidl_typesupport_introspection_c.so" to ""
[287.782s] -- Installing: /home/jezzy/yolobot/install/lio_sam/lib/liblio_sam__rosidl_typesupport_c.so
[287.783s] -- Set runtime path of "/home/jezzy/yolobot/install/lio_sam/lib/liblio_sam__rosidl_typesupport_c.so" to ""
[287.784s] -- Up-to-date: /home/jezzy/yolobot/install/lio_sam/include/lio_sam/lio_sam
[287.784s] -- Up-to-date: /home/jezzy/yolobot/install/lio_sam/include/lio_sam/lio_sam/msg
[287.785s] -- Up-to-date: /home/jezzy/yolobot/install/lio_sam/include/lio_sam/lio_sam/msg/detail
[287.785s] -- Installing: /home/jezzy/yolobot/install/lio_sam/include/lio_sam/lio_sam/msg/detail/cloud_info__traits.hpp
[287.786s] -- Installing: /home/jezzy/yolobot/install/lio_sam/include/lio_sam/lio_sam/msg/detail/cloud_info__type_support.hpp
[287.786s] -- Installing: /home/jezzy/yolobot/install/lio_sam/include/lio_sam/lio_sam/msg/detail/cloud_info__builder.hpp
[287.786s] -- Installing: /home/jezzy/yolobot/install/lio_sam/include/lio_sam/lio_sam/msg/detail/cloud_info__struct.hpp
[287.786s] -- Installing: /home/jezzy/yolobot/install/lio_sam/include/lio_sam/lio_sam/msg/cloud_info.hpp
[287.787s] -- Installing: /home/jezzy/yolobot/install/lio_sam/include/lio_sam/lio_sam/msg/rosidl_generator_cpp__visibility_control.hpp
[287.787s] -- Up-to-date: /home/jezzy/yolobot/install/lio_sam/include/lio_sam/lio_sam/srv
[287.787s] -- Up-to-date: /home/jezzy/yolobot/install/lio_sam/include/lio_sam/lio_sam/srv/detail
[287.787s] -- Installing: /home/jezzy/yolobot/install/lio_sam/include/lio_sam/lio_sam/srv/detail/save_map__builder.hpp
[287.787s] -- Installing: /home/jezzy/yolobot/install/lio_sam/include/lio_sam/lio_sam/srv/detail/save_map__traits.hpp
[287.788s] -- Installing: /home/jezzy/yolobot/install/lio_sam/include/lio_sam/lio_sam/srv/detail/save_map__struct.hpp
[287.788s] -- Installing: /home/jezzy/yolobot/install/lio_sam/include/lio_sam/lio_sam/srv/detail/save_map__type_support.hpp
[287.789s] -- Installing: /home/jezzy/yolobot/install/lio_sam/include/lio_sam/lio_sam/srv/save_map.hpp
[287.790s] -- Up-to-date: /home/jezzy/yolobot/install/lio_sam/include/lio_sam/lio_sam
[287.792s] -- Up-to-date: /home/jezzy/yolobot/install/lio_sam/include/lio_sam/lio_sam/msg
[287.793s] -- Installing: /home/jezzy/yolobot/install/lio_sam/include/lio_sam/lio_sam/msg/rosidl_typesupport_fastrtps_cpp__visibility_control.h
[287.793s] -- Up-to-date: /home/jezzy/yolobot/install/lio_sam/include/lio_sam/lio_sam/msg/detail
[287.794s] -- Installing: /home/jezzy/yolobot/install/lio_sam/include/lio_sam/lio_sam/msg/detail/dds_fastrtps
[287.794s] -- Installing: /home/jezzy/yolobot/install/lio_sam/include/lio_sam/lio_sam/msg/detail/cloud_info__rosidl_typesupport_fastrtps_cpp.hpp
[287.795s] -- Up-to-date: /home/jezzy/yolobot/install/lio_sam/include/lio_sam/lio_sam/srv
[287.796s] -- Up-to-date: /home/jezzy/yolobot/install/lio_sam/include/lio_sam/lio_sam/srv/detail
[287.796s] -- Installing: /home/jezzy/yolobot/install/lio_sam/include/lio_sam/lio_sam/srv/detail/save_map__rosidl_typesupport_fastrtps_cpp.hpp
[287.796s] -- Installing: /home/jezzy/yolobot/install/lio_sam/include/lio_sam/lio_sam/srv/detail/dds_fastrtps
[287.797s] -- Installing: /home/jezzy/yolobot/install/lio_sam/lib/liblio_sam__rosidl_typesupport_fastrtps_cpp.so
[287.807s] -- Set runtime path of "/home/jezzy/yolobot/install/lio_sam/lib/liblio_sam__rosidl_typesupport_fastrtps_cpp.so" to ""
[287.807s] -- Up-to-date: /home/jezzy/yolobot/install/lio_sam/include/lio_sam/lio_sam
[287.807s] -- Up-to-date: /home/jezzy/yolobot/install/lio_sam/include/lio_sam/lio_sam/msg
[287.807s] -- Up-to-date: /home/jezzy/yolobot/install/lio_sam/include/lio_sam/lio_sam/msg/detail
[287.807s] -- Installing: /home/jezzy/yolobot/install/lio_sam/include/lio_sam/lio_sam/msg/detail/cloud_info__rosidl_typesupport_introspection_cpp.hpp
[287.811s] -- Installing: /home/jezzy/yolobot/install/lio_sam/include/lio_sam/lio_sam/msg/detail/cloud_info__type_support.cpp
[287.813s] -- Up-to-date: /home/jezzy/yolobot/install/lio_sam/include/lio_sam/lio_sam/srv
[287.813s] -- Up-to-date: /home/jezzy/yolobot/install/lio_sam/include/lio_sam/lio_sam/srv/detail
[287.813s] -- Installing: /home/jezzy/yolobot/install/lio_sam/include/lio_sam/lio_sam/srv/detail/save_map__type_support.cpp
[287.814s] -- Installing: /home/jezzy/yolobot/install/lio_sam/include/lio_sam/lio_sam/srv/detail/save_map__rosidl_typesupport_introspection_cpp.hpp
[287.815s] -- Installing: /home/jezzy/yolobot/install/lio_sam/lib/liblio_sam__rosidl_typesupport_introspection_cpp.so
[287.817s] -- Set runtime path of "/home/jezzy/yolobot/install/lio_sam/lib/liblio_sam__rosidl_typesupport_introspection_cpp.so" to ""
[287.817s] -- Installing: /home/jezzy/yolobot/install/lio_sam/lib/liblio_sam__rosidl_typesupport_cpp.so
[287.819s] -- Set runtime path of "/home/jezzy/yolobot/install/lio_sam/lib/liblio_sam__rosidl_typesupport_cpp.so" to ""
[287.819s] -- Installing: /home/jezzy/yolobot/install/lio_sam/share/lio_sam/environment/pythonpath.sh
[287.820s] -- Installing: /home/jezzy/yolobot/install/lio_sam/share/lio_sam/environment/pythonpath.dsv
[287.822s] -- Installing: /home/jezzy/yolobot/install/lio_sam/local/lib/python3.10/dist-packages/lio_sam-1.0.0-py3.10.egg-info
[287.825s] -- Installing: /home/jezzy/yolobot/install/lio_sam/local/lib/python3.10/dist-packages/lio_sam-1.0.0-py3.10.egg-info/top_level.txt
[287.831s] -- Installing: /home/jezzy/yolobot/install/lio_sam/local/lib/python3.10/dist-packages/lio_sam-1.0.0-py3.10.egg-info/SOURCES.txt
[287.831s] -- Installing: /home/jezzy/yolobot/install/lio_sam/local/lib/python3.10/dist-packages/lio_sam-1.0.0-py3.10.egg-info/dependency_links.txt
[287.832s] -- Installing: /home/jezzy/yolobot/install/lio_sam/local/lib/python3.10/dist-packages/lio_sam-1.0.0-py3.10.egg-info/PKG-INFO
[287.833s] -- Installing: /home/jezzy/yolobot/install/lio_sam/local/lib/python3.10/dist-packages/lio_sam
[287.833s] -- Installing: /home/jezzy/yolobot/install/lio_sam/local/lib/python3.10/dist-packages/lio_sam/lio_sam_s__rosidl_typesupport_c.cpython-310-x86_64-linux-gnu.so
[287.834s] -- Installing: /home/jezzy/yolobot/install/lio_sam/local/lib/python3.10/dist-packages/lio_sam/_lio_sam_s.ep.rosidl_typesupport_introspection_c.c
[287.834s] -- Installing: /home/jezzy/yolobot/install/lio_sam/local/lib/python3.10/dist-packages/lio_sam/msg
[287.835s] -- Installing: /home/jezzy/yolobot/install/lio_sam/local/lib/python3.10/dist-packages/lio_sam/msg/_cloud_info_s.c
[287.835s] -- Installing: /home/jezzy/yolobot/install/lio_sam/local/lib/python3.10/dist-packages/lio_sam/msg/__init__.py
[287.835s] -- Installing: /home/jezzy/yolobot/install/lio_sam/local/lib/python3.10/dist-packages/lio_sam/msg/_cloud_info.py
[287.836s] -- Installing: /home/jezzy/yolobot/install/lio_sam/local/lib/python3.10/dist-packages/lio_sam/liblio_sam__rosidl_generator_py.so
[287.836s] -- Installing: /home/jezzy/yolobot/install/lio_sam/local/lib/python3.10/dist-packages/lio_sam/lio_sam_s__rosidl_typesupport_fastrtps_c.cpython-310-x86_64-linux-gnu.so
[287.837s] -- Installing: /home/jezzy/yolobot/install/lio_sam/local/lib/python3.10/dist-packages/lio_sam/_lio_sam_s.ep.rosidl_typesupport_fastrtps_c.c
[287.838s] -- Installing: /home/jezzy/yolobot/install/lio_sam/local/lib/python3.10/dist-packages/lio_sam/lio_sam_s__rosidl_typesupport_introspection_c.cpython-310-x86_64-linux-gnu.so
[287.838s] -- Installing: /home/jezzy/yolobot/install/lio_sam/local/lib/python3.10/dist-packages/lio_sam/_lio_sam_s.ep.rosidl_typesupport_c.c
[287.838s] -- Installing: /home/jezzy/yolobot/install/lio_sam/local/lib/python3.10/dist-packages/lio_sam/srv
[287.838s] -- Installing: /home/jezzy/yolobot/install/lio_sam/local/lib/python3.10/dist-packages/lio_sam/srv/_save_map_s.c
[287.839s] -- Installing: /home/jezzy/yolobot/install/lio_sam/local/lib/python3.10/dist-packages/lio_sam/srv/__init__.py
[287.839s] -- Installing: /home/jezzy/yolobot/install/lio_sam/local/lib/python3.10/dist-packages/lio_sam/srv/_save_map.py
[287.839s] -- Installing: /home/jezzy/yolobot/install/lio_sam/local/lib/python3.10/dist-packages/lio_sam/__init__.py
[287.941s] Listing '/home/jezzy/yolobot/install/lio_sam/local/lib/python3.10/dist-packages/lio_sam'...
[287.941s] Compiling '/home/jezzy/yolobot/install/lio_sam/local/lib/python3.10/dist-packages/lio_sam/__init__.py'...
[287.941s] Listing '/home/jezzy/yolobot/install/lio_sam/local/lib/python3.10/dist-packages/lio_sam/msg'...
[287.941s] Compiling '/home/jezzy/yolobot/install/lio_sam/local/lib/python3.10/dist-packages/lio_sam/msg/__init__.py'...
[287.941s] Compiling '/home/jezzy/yolobot/install/lio_sam/local/lib/python3.10/dist-packages/lio_sam/msg/_cloud_info.py'...
[287.942s] Listing '/home/jezzy/yolobot/install/lio_sam/local/lib/python3.10/dist-packages/lio_sam/srv'...
[287.942s] Compiling '/home/jezzy/yolobot/install/lio_sam/local/lib/python3.10/dist-packages/lio_sam/srv/__init__.py'...
[287.942s] Compiling '/home/jezzy/yolobot/install/lio_sam/local/lib/python3.10/dist-packages/lio_sam/srv/_save_map.py'...
[287.957s] -- Installing: /home/jezzy/yolobot/install/lio_sam/local/lib/python3.10/dist-packages/lio_sam/lio_sam_s__rosidl_typesupport_fastrtps_c.cpython-310-x86_64-linux-gnu.so
[287.958s] -- Set runtime path of "/home/jezzy/yolobot/install/lio_sam/local/lib/python3.10/dist-packages/lio_sam/lio_sam_s__rosidl_typesupport_fastrtps_c.cpython-310-x86_64-linux-gnu.so" to ""
[287.963s] -- Installing: /home/jezzy/yolobot/install/lio_sam/local/lib/python3.10/dist-packages/lio_sam/lio_sam_s__rosidl_typesupport_introspection_c.cpython-310-x86_64-linux-gnu.so
[287.964s] -- Set runtime path of "/home/jezzy/yolobot/install/lio_sam/local/lib/python3.10/dist-packages/lio_sam/lio_sam_s__rosidl_typesupport_introspection_c.cpython-310-x86_64-linux-gnu.so" to ""
[287.966s] -- Installing: /home/jezzy/yolobot/install/lio_sam/local/lib/python3.10/dist-packages/lio_sam/lio_sam_s__rosidl_typesupport_c.cpython-310-x86_64-linux-gnu.so
[287.972s] -- Set runtime path of "/home/jezzy/yolobot/install/lio_sam/local/lib/python3.10/dist-packages/lio_sam/lio_sam_s__rosidl_typesupport_c.cpython-310-x86_64-linux-gnu.so" to ""
[287.972s] -- Installing: /home/jezzy/yolobot/install/lio_sam/lib/liblio_sam__rosidl_generator_py.so
[287.972s] -- Set runtime path of "/home/jezzy/yolobot/install/lio_sam/lib/liblio_sam__rosidl_generator_py.so" to ""
[287.973s] -- Installing: /home/jezzy/yolobot/install/lio_sam/share/lio_sam/msg/CloudInfo.idl
[287.973s] -- Installing: /home/jezzy/yolobot/install/lio_sam/share/lio_sam/srv/SaveMap.idl
[287.977s] -- Installing: /home/jezzy/yolobot/install/lio_sam/share/lio_sam/msg/CloudInfo.msg
[287.977s] -- Installing: /home/jezzy/yolobot/install/lio_sam/share/lio_sam/srv/SaveMap.srv
[287.981s] -- Installing: /home/jezzy/yolobot/install/lio_sam/share/lio_sam/srv/SaveMap_Request.msg
[287.981s] -- Installing: /home/jezzy/yolobot/install/lio_sam/share/lio_sam/srv/SaveMap_Response.msg
[287.982s] -- Installing: /home/jezzy/yolobot/install/lio_sam/share/lio_sam//launch
[287.983s] -- Installing: /home/jezzy/yolobot/install/lio_sam/share/lio_sam//launch/run.launch.py
[287.983s] -- Installing: /home/jezzy/yolobot/install/lio_sam/share/lio_sam//config
[287.983s] -- Installing: /home/jezzy/yolobot/install/lio_sam/share/lio_sam//config/doc
[287.984s] -- Installing: /home/jezzy/yolobot/install/lio_sam/share/lio_sam//config/doc/device-jackal.png
[287.986s] -- Installing: /home/jezzy/yolobot/install/lio_sam/share/lio_sam//config/doc/ouster-device.jpg
[287.987s] -- Installing: /home/jezzy/yolobot/install/lio_sam/share/lio_sam//config/doc/kitti-map.png
[287.996s] -- Installing: /home/jezzy/yolobot/install/lio_sam/share/lio_sam//config/doc/loop-closure.gif
[288.023s] -- Installing: /home/jezzy/yolobot/install/lio_sam/share/lio_sam//config/doc/imu-transform.png
[288.040s] -- Installing: /home/jezzy/yolobot/install/lio_sam/share/lio_sam//config/doc/system.png
[288.042s] -- Installing: /home/jezzy/yolobot/install/lio_sam/share/lio_sam//config/doc/device-hand-2.png
[288.050s] -- Installing: /home/jezzy/yolobot/install/lio_sam/share/lio_sam//config/doc/ouster-demo.gif
[288.069s] -- Installing: /home/jezzy/yolobot/install/lio_sam/share/lio_sam//config/doc/paper.pdf
[288.079s] -- Installing: /home/jezzy/yolobot/install/lio_sam/share/lio_sam//config/doc/kitti-demo.gif
[288.133s] -- Installing: /home/jezzy/yolobot/install/lio_sam/share/lio_sam//config/doc/gps-demo.gif
[288.175s] -- Installing: /home/jezzy/yolobot/install/lio_sam/share/lio_sam//config/doc/device-hand.png
[288.178s] -- Installing: /home/jezzy/yolobot/install/lio_sam/share/lio_sam//config/doc/device-boat.png
[288.180s] -- Installing: /home/jezzy/yolobot/install/lio_sam/share/lio_sam//config/doc/loop-closure-2.gif
[288.204s] -- Installing: /home/jezzy/yolobot/install/lio_sam/share/lio_sam//config/doc/kitti2bag
[288.204s] -- Installing: /home/jezzy/yolobot/install/lio_sam/share/lio_sam//config/doc/kitti2bag/README.md
[288.205s] -- Installing: /home/jezzy/yolobot/install/lio_sam/share/lio_sam//config/doc/kitti2bag/kitti2bag.py
[288.208s] -- Installing: /home/jezzy/yolobot/install/lio_sam/share/lio_sam//config/doc/demo.gif
[288.245s] -- Installing: /home/jezzy/yolobot/install/lio_sam/share/lio_sam//config/doc/imu-debug.gif
[288.262s] -- Installing: /home/jezzy/yolobot/install/lio_sam/share/lio_sam//config/params.yaml
[288.262s] -- Installing: /home/jezzy/yolobot/install/lio_sam/share/lio_sam//config/rviz2.rviz
[288.263s] -- Installing: /home/jezzy/yolobot/install/lio_sam/share/lio_sam//config/robot.urdf.xacro
[288.263s] -- Installing: /home/jezzy/yolobot/install/lio_sam/lib/lio_sam/lio_sam_imageProjection
[288.269s] -- Set runtime path of "/home/jezzy/yolobot/install/lio_sam/lib/lio_sam/lio_sam_imageProjection" to ""
[288.269s] -- Installing: /home/jezzy/yolobot/install/lio_sam/lib/lio_sam/lio_sam_imuPreintegration
[288.275s] -- Set runtime path of "/home/jezzy/yolobot/install/lio_sam/lib/lio_sam/lio_sam_imuPreintegration" to ""
[288.276s] -- Installing: /home/jezzy/yolobot/install/lio_sam/lib/lio_sam/lio_sam_featureExtraction
[288.279s] -- Set runtime path of "/home/jezzy/yolobot/install/lio_sam/lib/lio_sam/lio_sam_featureExtraction" to ""
[288.280s] -- Installing: /home/jezzy/yolobot/install/lio_sam/lib/lio_sam/lio_sam_mapOptimization
[288.285s] -- Set runtime path of "/home/jezzy/yolobot/install/lio_sam/lib/lio_sam/lio_sam_mapOptimization" to ""
[288.285s] -- Up-to-date: /home/jezzy/yolobot/install/lio_sam/include
[288.285s] -- Up-to-date: /home/jezzy/yolobot/install/lio_sam/include/lio_sam
[288.285s] -- Installing: /home/jezzy/yolobot/install/lio_sam/include/lio_sam/utility.hpp
[288.286s] -- Installing: /home/jezzy/yolobot/install/lio_sam/share/ament_index/resource_index/package_run_dependencies/lio_sam
[288.287s] -- Installing: /home/jezzy/yolobot/install/lio_sam/share/ament_index/resource_index/parent_prefix_path/lio_sam
[288.289s] -- Installing: /home/jezzy/yolobot/install/lio_sam/share/lio_sam/environment/ament_prefix_path.sh
[288.289s] -- Installing: /home/jezzy/yolobot/install/lio_sam/share/lio_sam/environment/ament_prefix_path.dsv
[288.290s] -- Installing: /home/jezzy/yolobot/install/lio_sam/share/lio_sam/environment/path.sh
[288.290s] -- Installing: /home/jezzy/yolobot/install/lio_sam/share/lio_sam/environment/path.dsv
[288.291s] -- Installing: /home/jezzy/yolobot/install/lio_sam/share/lio_sam/local_setup.bash
[288.291s] -- Installing: /home/jezzy/yolobot/install/lio_sam/share/lio_sam/local_setup.sh
[288.292s] -- Installing: /home/jezzy/yolobot/install/lio_sam/share/lio_sam/local_setup.zsh
[288.293s] -- Installing: /home/jezzy/yolobot/install/lio_sam/share/lio_sam/local_setup.dsv
[288.294s] -- Installing: /home/jezzy/yolobot/install/lio_sam/share/lio_sam/package.dsv
[288.297s] -- Installing: /home/jezzy/yolobot/install/lio_sam/share/ament_index/resource_index/packages/lio_sam
[288.298s] -- Installing: /home/jezzy/yolobot/install/lio_sam/share/lio_sam/cmake/export_lio_sam__rosidl_generator_cExport.cmake
[288.300s] -- Installing: /home/jezzy/yolobot/install/lio_sam/share/lio_sam/cmake/export_lio_sam__rosidl_generator_cExport-release.cmake
[288.302s] -- Installing: /home/jezzy/yolobot/install/lio_sam/share/lio_sam/cmake/export_lio_sam__rosidl_typesupport_fastrtps_cExport.cmake
[288.302s] -- Installing: /home/jezzy/yolobot/install/lio_sam/share/lio_sam/cmake/export_lio_sam__rosidl_typesupport_fastrtps_cExport-release.cmake
[288.303s] -- Installing: /home/jezzy/yolobot/install/lio_sam/share/lio_sam/cmake/lio_sam__rosidl_typesupport_introspection_cExport.cmake
[288.304s] -- Installing: /home/jezzy/yolobot/install/lio_sam/share/lio_sam/cmake/lio_sam__rosidl_typesupport_introspection_cExport-release.cmake
[288.305s] -- Installing: /home/jezzy/yolobot/install/lio_sam/share/lio_sam/cmake/lio_sam__rosidl_typesupport_cExport.cmake
[288.306s] -- Installing: /home/jezzy/yolobot/install/lio_sam/share/lio_sam/cmake/lio_sam__rosidl_typesupport_cExport-release.cmake
[288.307s] -- Installing: /home/jezzy/yolobot/install/lio_sam/share/lio_sam/cmake/export_lio_sam__rosidl_generator_cppExport.cmake
[288.308s] -- Installing: /home/jezzy/yolobot/install/lio_sam/share/lio_sam/cmake/export_lio_sam__rosidl_typesupport_fastrtps_cppExport.cmake
[288.309s] -- Installing: /home/jezzy/yolobot/install/lio_sam/share/lio_sam/cmake/export_lio_sam__rosidl_typesupport_fastrtps_cppExport-release.cmake
[288.311s] -- Installing: /home/jezzy/yolobot/install/lio_sam/share/lio_sam/cmake/lio_sam__rosidl_typesupport_introspection_cppExport.cmake
[288.313s] -- Installing: /home/jezzy/yolobot/install/lio_sam/share/lio_sam/cmake/lio_sam__rosidl_typesupport_introspection_cppExport-release.cmake
[288.314s] -- Installing: /home/jezzy/yolobot/install/lio_sam/share/lio_sam/cmake/lio_sam__rosidl_typesupport_cppExport.cmake
[288.315s] -- Installing: /home/jezzy/yolobot/install/lio_sam/share/lio_sam/cmake/lio_sam__rosidl_typesupport_cppExport-release.cmake
[288.315s] -- Installing: /home/jezzy/yolobot/install/lio_sam/share/lio_sam/cmake/export_lio_sam__rosidl_generator_pyExport.cmake
[288.317s] -- Installing: /home/jezzy/yolobot/install/lio_sam/share/lio_sam/cmake/export_lio_sam__rosidl_generator_pyExport-release.cmake
[288.318s] -- Installing: /home/jezzy/yolobot/install/lio_sam/share/lio_sam/cmake/rosidl_cmake-extras.cmake
[288.319s] -- Installing: /home/jezzy/yolobot/install/lio_sam/share/lio_sam/cmake/ament_cmake_export_dependencies-extras.cmake
[288.321s] -- Installing: /home/jezzy/yolobot/install/lio_sam/share/lio_sam/cmake/ament_cmake_export_include_directories-extras.cmake
[288.323s] -- Installing: /home/jezzy/yolobot/install/lio_sam/share/lio_sam/cmake/ament_cmake_export_libraries-extras.cmake
[288.323s] -- Installing: /home/jezzy/yolobot/install/lio_sam/share/lio_sam/cmake/ament_cmake_export_targets-extras.cmake
[288.323s] -- Installing: /home/jezzy/yolobot/install/lio_sam/share/lio_sam/cmake/rosidl_cmake_export_typesupport_targets-extras.cmake
[288.324s] -- Installing: /home/jezzy/yolobot/install/lio_sam/share/lio_sam/cmake/rosidl_cmake_export_typesupport_libraries-extras.cmake
[288.326s] -- Installing: /home/jezzy/yolobot/install/lio_sam/share/lio_sam/cmake/lio_samConfig.cmake
[288.327s] -- Installing: /home/jezzy/yolobot/install/lio_sam/share/lio_sam/cmake/lio_samConfig-version.cmake
[288.328s] -- Installing: /home/jezzy/yolobot/install/lio_sam/share/lio_sam/package.xml
[288.336s] Invoked command in '/home/jezzy/yolobot/build/lio_sam' returned '0': CMAKE_PREFIX_PATH=${CMAKE_PREFIX_PATH}:/home/jezzy/yolobot/install/yolobot_fusion:/home/jezzy/yolobot/install/yolobot_navigation:/home/jezzy/husky_ws/lintic/install/yolosed:/home/jezzy/husky_ws/lintic/install/visual:/home/jezzy/husky_ws/lintic/install/segnet:/home/jezzy/husky_ws/turtlebot3/install/turtlebot3_teleop:/home/jezzy/husky_ws/turtlebot3/install/turtlebot3_example:/home/jezzy/husky_ws/turtlebot3/install/segtect:/home/jezzy/husky_ws/turtlebot3/install/autonomous_exploration:/opt/ros/humble /usr/bin/cmake --install /home/jezzy/yolobot/build/lio_sam
