[0.098s] Invoking command in '/home/jezzy/huskybot/build/yolov12_msgs': CMAKE_PREFIX_PATH=${CMAKE_PREFIX_PATH}:/home/jezzy/huskybot/install/huskybot_fusion:/home/jezzy/huskybot/install/huskybot_navigation:/home/jezzy/husky_ws/turtlebot3/install/turtlebot3_teleop:/home/jezzy/husky_ws/turtlebot3/install/turtlebot3_example:/home/jezzy/husky_ws/turtlebot3/install/segtect:/home/jezzy/husky_ws/turtlebot3/install/autonomous_exploration:/home/jezzy/husky_ws/lintic/install/yolosed:/home/jezzy/husky_ws/lintic/install/visual:/home/jezzy/husky_ws/lintic/install/segnet:/opt/ros/humble /usr/bin/cmake --build /home/jezzy/huskybot/build/yolov12_msgs -- -j4 -l4
[0.292s] [35m[1mConsolidate compiler generated dependencies of target yolov12_msgs__rosidl_generator_c[0m
[0.435s] [  2%] Built target yolov12_msgs__cpp
[0.479s] [  2%] Built target ament_cmake_python_copy_yolov12_msgs
[0.515s] [ 12%] Built target yolov12_msgs__rosidl_generator_c
[0.563s] [35m[1mConsolidate compiler generated dependencies of target yolov12_msgs__rosidl_typesupport_cpp[0m
[0.576s] [35m[1mConsolidate compiler generated dependencies of target yolov12_msgs__rosidl_typesupport_fastrtps_cpp[0m
[0.732s] [35m[1mConsolidate compiler generated dependencies of target yolov12_msgs__rosidl_typesupport_introspection_cpp[0m
[0.787s] [ 23%] Built target yolov12_msgs__rosidl_typesupport_cpp
[0.814s] [ 33%] Built target yolov12_msgs__rosidl_typesupport_fastrtps_cpp
[0.862s] [ 43%] Built target yolov12_msgs__rosidl_typesupport_introspection_cpp
[0.942s] [35m[1mConsolidate compiler generated dependencies of target yolov12_msgs__rosidl_typesupport_introspection_c[0m
[0.942s] [35m[1mConsolidate compiler generated dependencies of target yolov12_msgs__rosidl_typesupport_c[0m
[0.974s] [35m[1mConsolidate compiler generated dependencies of target yolov12_msgs__rosidl_typesupport_fastrtps_c[0m
[1.011s] [ 53%] Built target yolov12_msgs__rosidl_typesupport_introspection_c
[1.047s] [ 64%] Built target yolov12_msgs__rosidl_typesupport_c
[1.098s] [ 74%] Built target yolov12_msgs__rosidl_typesupport_fastrtps_c
[1.283s] [ 74%] Built target yolov12_msgs
[1.454s] [ 76%] Built target yolov12_msgs__py
[1.546s] [35m[1mConsolidate compiler generated dependencies of target yolov12_msgs__rosidl_generator_py[0m
[1.621s] [ 84%] Built target yolov12_msgs__rosidl_generator_py
[1.746s] [35m[1mConsolidate compiler generated dependencies of target yolov12_msgs__rosidl_typesupport_fastrtps_c__pyext[0m
[1.747s] [35m[1mConsolidate compiler generated dependencies of target yolov12_msgs__rosidl_typesupport_c__pyext[0m
[1.792s] [35m[1mConsolidate compiler generated dependencies of target yolov12_msgs__rosidl_typesupport_introspection_c__pyext[0m
[1.866s] [ 89%] Built target yolov12_msgs__rosidl_typesupport_c__pyext
[1.873s] [ 94%] Built target yolov12_msgs__rosidl_typesupport_fastrtps_c__pyext
[1.911s] [100%] Built target yolov12_msgs__rosidl_typesupport_introspection_c__pyext
[2.532s] running egg_info
[2.533s] writing yolov12_msgs.egg-info/PKG-INFO
[2.533s] writing dependency_links to yolov12_msgs.egg-info/dependency_links.txt
[2.533s] writing top-level names to yolov12_msgs.egg-info/top_level.txt
[2.554s] reading manifest file 'yolov12_msgs.egg-info/SOURCES.txt'
[2.555s] writing manifest file 'yolov12_msgs.egg-info/SOURCES.txt'
[2.650s] [100%] Built target ament_cmake_python_build_yolov12_msgs_egg
[3.521s] Invoked command in '/home/jezzy/huskybot/build/yolov12_msgs' returned '0': CMAKE_PREFIX_PATH=${CMAKE_PREFIX_PATH}:/home/jezzy/huskybot/install/huskybot_fusion:/home/jezzy/huskybot/install/huskybot_navigation:/home/jezzy/husky_ws/turtlebot3/install/turtlebot3_teleop:/home/jezzy/husky_ws/turtlebot3/install/turtlebot3_example:/home/jezzy/husky_ws/turtlebot3/install/segtect:/home/jezzy/husky_ws/turtlebot3/install/autonomous_exploration:/home/jezzy/husky_ws/lintic/install/yolosed:/home/jezzy/husky_ws/lintic/install/visual:/home/jezzy/husky_ws/lintic/install/segnet:/opt/ros/humble /usr/bin/cmake --build /home/jezzy/huskybot/build/yolov12_msgs -- -j4 -l4
[3.543s] Invoking command in '/home/jezzy/huskybot/build/yolov12_msgs': CMAKE_PREFIX_PATH=${CMAKE_PREFIX_PATH}:/home/jezzy/huskybot/install/huskybot_fusion:/home/jezzy/huskybot/install/huskybot_navigation:/home/jezzy/husky_ws/turtlebot3/install/turtlebot3_teleop:/home/jezzy/husky_ws/turtlebot3/install/turtlebot3_example:/home/jezzy/husky_ws/turtlebot3/install/segtect:/home/jezzy/husky_ws/turtlebot3/install/autonomous_exploration:/home/jezzy/husky_ws/lintic/install/yolosed:/home/jezzy/husky_ws/lintic/install/visual:/home/jezzy/husky_ws/lintic/install/segnet:/opt/ros/humble /usr/bin/cmake --install /home/jezzy/huskybot/build/yolov12_msgs
[3.582s] -- Install configuration: ""
[3.582s] -- Up-to-date: /home/jezzy/huskybot/install/yolov12_msgs/share/ament_index/resource_index/rosidl_interfaces/yolov12_msgs
[3.583s] -- Up-to-date: /home/jezzy/huskybot/install/yolov12_msgs/include/yolov12_msgs/yolov12_msgs
[3.583s] -- Up-to-date: /home/jezzy/huskybot/install/yolov12_msgs/include/yolov12_msgs/yolov12_msgs/msg
[3.583s] -- Up-to-date: /home/jezzy/huskybot/install/yolov12_msgs/include/yolov12_msgs/yolov12_msgs/msg/rosidl_generator_c__visibility_control.h
[3.584s] -- Up-to-date: /home/jezzy/huskybot/install/yolov12_msgs/include/yolov12_msgs/yolov12_msgs/msg/detail
[3.588s] -- Up-to-date: /home/jezzy/huskybot/install/yolov12_msgs/include/yolov12_msgs/yolov12_msgs/msg/detail/inference_result__type_support.h
[3.589s] -- Up-to-date: /home/jezzy/huskybot/install/yolov12_msgs/include/yolov12_msgs/yolov12_msgs/msg/detail/inference_result__functions.h
[3.589s] -- Up-to-date: /home/jezzy/huskybot/install/yolov12_msgs/include/yolov12_msgs/yolov12_msgs/msg/detail/yolov12_inference__struct.h
[3.592s] -- Up-to-date: /home/jezzy/huskybot/install/yolov12_msgs/include/yolov12_msgs/yolov12_msgs/msg/detail/inference_result__struct.h
[3.592s] -- Up-to-date: /home/jezzy/huskybot/install/yolov12_msgs/include/yolov12_msgs/yolov12_msgs/msg/detail/yolov12_inference__functions.c
[3.593s] -- Up-to-date: /home/jezzy/huskybot/install/yolov12_msgs/include/yolov12_msgs/yolov12_msgs/msg/detail/inference_result__functions.c
[3.593s] -- Up-to-date: /home/jezzy/huskybot/install/yolov12_msgs/include/yolov12_msgs/yolov12_msgs/msg/detail/yolov12_inference__functions.h
[3.594s] -- Up-to-date: /home/jezzy/huskybot/install/yolov12_msgs/include/yolov12_msgs/yolov12_msgs/msg/detail/yolov12_inference__type_support.h
[3.594s] -- Up-to-date: /home/jezzy/huskybot/install/yolov12_msgs/include/yolov12_msgs/yolov12_msgs/msg/inference_result.h
[3.594s] -- Up-to-date: /home/jezzy/huskybot/install/yolov12_msgs/include/yolov12_msgs/yolov12_msgs/msg/yolov12_inference.h
[3.595s] -- Up-to-date: /home/jezzy/huskybot/install/yolov12_msgs/share/yolov12_msgs/environment/library_path.sh
[3.595s] -- Up-to-date: /home/jezzy/huskybot/install/yolov12_msgs/share/yolov12_msgs/environment/library_path.dsv
[3.596s] -- Up-to-date: /home/jezzy/huskybot/install/yolov12_msgs/lib/libyolov12_msgs__rosidl_generator_c.so
[3.596s] -- Up-to-date: /home/jezzy/huskybot/install/yolov12_msgs/include/yolov12_msgs/yolov12_msgs
[3.597s] -- Up-to-date: /home/jezzy/huskybot/install/yolov12_msgs/include/yolov12_msgs/yolov12_msgs/msg
[3.597s] -- Up-to-date: /home/jezzy/huskybot/install/yolov12_msgs/include/yolov12_msgs/yolov12_msgs/msg/detail
[3.598s] -- Up-to-date: /home/jezzy/huskybot/install/yolov12_msgs/include/yolov12_msgs/yolov12_msgs/msg/detail/inference_result__rosidl_typesupport_fastrtps_c.h
[3.598s] -- Up-to-date: /home/jezzy/huskybot/install/yolov12_msgs/include/yolov12_msgs/yolov12_msgs/msg/detail/yolov12_inference__rosidl_typesupport_fastrtps_c.h
[3.598s] -- Up-to-date: /home/jezzy/huskybot/install/yolov12_msgs/include/yolov12_msgs/yolov12_msgs/msg/rosidl_typesupport_fastrtps_c__visibility_control.h
[3.603s] -- Up-to-date: /home/jezzy/huskybot/install/yolov12_msgs/lib/libyolov12_msgs__rosidl_typesupport_fastrtps_c.so
[3.603s] -- Up-to-date: /home/jezzy/huskybot/install/yolov12_msgs/include/yolov12_msgs/yolov12_msgs
[3.603s] -- Up-to-date: /home/jezzy/huskybot/install/yolov12_msgs/include/yolov12_msgs/yolov12_msgs/msg
[3.604s] -- Up-to-date: /home/jezzy/huskybot/install/yolov12_msgs/include/yolov12_msgs/yolov12_msgs/msg/detail
[3.604s] -- Up-to-date: /home/jezzy/huskybot/install/yolov12_msgs/include/yolov12_msgs/yolov12_msgs/msg/detail/inference_result__struct.hpp
[3.604s] -- Up-to-date: /home/jezzy/huskybot/install/yolov12_msgs/include/yolov12_msgs/yolov12_msgs/msg/detail/inference_result__builder.hpp
[3.604s] -- Up-to-date: /home/jezzy/huskybot/install/yolov12_msgs/include/yolov12_msgs/yolov12_msgs/msg/detail/yolov12_inference__struct.hpp
[3.604s] -- Up-to-date: /home/jezzy/huskybot/install/yolov12_msgs/include/yolov12_msgs/yolov12_msgs/msg/detail/yolov12_inference__traits.hpp
[3.605s] -- Up-to-date: /home/jezzy/huskybot/install/yolov12_msgs/include/yolov12_msgs/yolov12_msgs/msg/detail/inference_result__traits.hpp
[3.605s] -- Up-to-date: /home/jezzy/huskybot/install/yolov12_msgs/include/yolov12_msgs/yolov12_msgs/msg/detail/yolov12_inference__type_support.hpp
[3.605s] -- Up-to-date: /home/jezzy/huskybot/install/yolov12_msgs/include/yolov12_msgs/yolov12_msgs/msg/detail/yolov12_inference__builder.hpp
[3.605s] -- Up-to-date: /home/jezzy/huskybot/install/yolov12_msgs/include/yolov12_msgs/yolov12_msgs/msg/detail/inference_result__type_support.hpp
[3.605s] -- Up-to-date: /home/jezzy/huskybot/install/yolov12_msgs/include/yolov12_msgs/yolov12_msgs/msg/inference_result.hpp
[3.606s] -- Up-to-date: /home/jezzy/huskybot/install/yolov12_msgs/include/yolov12_msgs/yolov12_msgs/msg/rosidl_generator_cpp__visibility_control.hpp
[3.606s] -- Up-to-date: /home/jezzy/huskybot/install/yolov12_msgs/include/yolov12_msgs/yolov12_msgs/msg/yolov12_inference.hpp
[3.606s] -- Up-to-date: /home/jezzy/huskybot/install/yolov12_msgs/include/yolov12_msgs/yolov12_msgs
[3.606s] -- Up-to-date: /home/jezzy/huskybot/install/yolov12_msgs/include/yolov12_msgs/yolov12_msgs/msg
[3.606s] -- Up-to-date: /home/jezzy/huskybot/install/yolov12_msgs/include/yolov12_msgs/yolov12_msgs/msg/rosidl_typesupport_fastrtps_cpp__visibility_control.h
[3.606s] -- Up-to-date: /home/jezzy/huskybot/install/yolov12_msgs/include/yolov12_msgs/yolov12_msgs/msg/detail
[3.607s] -- Up-to-date: /home/jezzy/huskybot/install/yolov12_msgs/include/yolov12_msgs/yolov12_msgs/msg/detail/yolov12_inference__rosidl_typesupport_fastrtps_cpp.hpp
[3.607s] -- Up-to-date: /home/jezzy/huskybot/install/yolov12_msgs/include/yolov12_msgs/yolov12_msgs/msg/detail/dds_fastrtps
[3.607s] -- Up-to-date: /home/jezzy/huskybot/install/yolov12_msgs/include/yolov12_msgs/yolov12_msgs/msg/detail/inference_result__rosidl_typesupport_fastrtps_cpp.hpp
[3.607s] -- Up-to-date: /home/jezzy/huskybot/install/yolov12_msgs/lib/libyolov12_msgs__rosidl_typesupport_fastrtps_cpp.so
[3.608s] -- Up-to-date: /home/jezzy/huskybot/install/yolov12_msgs/include/yolov12_msgs/yolov12_msgs
[3.612s] -- Up-to-date: /home/jezzy/huskybot/install/yolov12_msgs/include/yolov12_msgs/yolov12_msgs/msg
[3.612s] -- Up-to-date: /home/jezzy/huskybot/install/yolov12_msgs/include/yolov12_msgs/yolov12_msgs/msg/rosidl_typesupport_introspection_c__visibility_control.h
[3.613s] -- Up-to-date: /home/jezzy/huskybot/install/yolov12_msgs/include/yolov12_msgs/yolov12_msgs/msg/detail
[3.613s] -- Up-to-date: /home/jezzy/huskybot/install/yolov12_msgs/include/yolov12_msgs/yolov12_msgs/msg/detail/inference_result__rosidl_typesupport_introspection_c.h
[3.614s] -- Up-to-date: /home/jezzy/huskybot/install/yolov12_msgs/include/yolov12_msgs/yolov12_msgs/msg/detail/yolov12_inference__rosidl_typesupport_introspection_c.h
[3.614s] -- Up-to-date: /home/jezzy/huskybot/install/yolov12_msgs/include/yolov12_msgs/yolov12_msgs/msg/detail/inference_result__type_support.c
[3.614s] -- Up-to-date: /home/jezzy/huskybot/install/yolov12_msgs/include/yolov12_msgs/yolov12_msgs/msg/detail/yolov12_inference__type_support.c
[3.615s] -- Up-to-date: /home/jezzy/huskybot/install/yolov12_msgs/lib/libyolov12_msgs__rosidl_typesupport_introspection_c.so
[3.615s] -- Up-to-date: /home/jezzy/huskybot/install/yolov12_msgs/lib/libyolov12_msgs__rosidl_typesupport_c.so
[3.616s] -- Up-to-date: /home/jezzy/huskybot/install/yolov12_msgs/include/yolov12_msgs/yolov12_msgs
[3.617s] -- Up-to-date: /home/jezzy/huskybot/install/yolov12_msgs/include/yolov12_msgs/yolov12_msgs/msg
[3.617s] -- Up-to-date: /home/jezzy/huskybot/install/yolov12_msgs/include/yolov12_msgs/yolov12_msgs/msg/detail
[3.617s] -- Up-to-date: /home/jezzy/huskybot/install/yolov12_msgs/include/yolov12_msgs/yolov12_msgs/msg/detail/yolov12_inference__rosidl_typesupport_introspection_cpp.hpp
[3.618s] -- Up-to-date: /home/jezzy/huskybot/install/yolov12_msgs/include/yolov12_msgs/yolov12_msgs/msg/detail/inference_result__type_support.cpp
[3.619s] -- Up-to-date: /home/jezzy/huskybot/install/yolov12_msgs/include/yolov12_msgs/yolov12_msgs/msg/detail/inference_result__rosidl_typesupport_introspection_cpp.hpp
[3.619s] -- Up-to-date: /home/jezzy/huskybot/install/yolov12_msgs/include/yolov12_msgs/yolov12_msgs/msg/detail/yolov12_inference__type_support.cpp
[3.619s] -- Up-to-date: /home/jezzy/huskybot/install/yolov12_msgs/lib/libyolov12_msgs__rosidl_typesupport_introspection_cpp.so
[3.620s] -- Up-to-date: /home/jezzy/huskybot/install/yolov12_msgs/lib/libyolov12_msgs__rosidl_typesupport_cpp.so
[3.620s] -- Up-to-date: /home/jezzy/huskybot/install/yolov12_msgs/share/yolov12_msgs/environment/pythonpath.sh
[3.620s] -- Up-to-date: /home/jezzy/huskybot/install/yolov12_msgs/share/yolov12_msgs/environment/pythonpath.dsv
[3.622s] -- Up-to-date: /home/jezzy/huskybot/install/yolov12_msgs/local/lib/python3.10/dist-packages/yolov12_msgs-0.0.0-py3.10.egg-info
[3.622s] -- Installing: /home/jezzy/huskybot/install/yolov12_msgs/local/lib/python3.10/dist-packages/yolov12_msgs-0.0.0-py3.10.egg-info/top_level.txt
[3.623s] -- Installing: /home/jezzy/huskybot/install/yolov12_msgs/local/lib/python3.10/dist-packages/yolov12_msgs-0.0.0-py3.10.egg-info/SOURCES.txt
[3.623s] -- Installing: /home/jezzy/huskybot/install/yolov12_msgs/local/lib/python3.10/dist-packages/yolov12_msgs-0.0.0-py3.10.egg-info/dependency_links.txt
[3.623s] -- Installing: /home/jezzy/huskybot/install/yolov12_msgs/local/lib/python3.10/dist-packages/yolov12_msgs-0.0.0-py3.10.egg-info/PKG-INFO
[3.623s] -- Up-to-date: /home/jezzy/huskybot/install/yolov12_msgs/local/lib/python3.10/dist-packages/yolov12_msgs
[3.623s] -- Up-to-date: /home/jezzy/huskybot/install/yolov12_msgs/local/lib/python3.10/dist-packages/yolov12_msgs/libyolov12_msgs__rosidl_generator_py.so
[3.624s] -- Up-to-date: /home/jezzy/huskybot/install/yolov12_msgs/local/lib/python3.10/dist-packages/yolov12_msgs/_yolov12_msgs_s.ep.rosidl_typesupport_introspection_c.c
[3.624s] -- Up-to-date: /home/jezzy/huskybot/install/yolov12_msgs/local/lib/python3.10/dist-packages/yolov12_msgs/_yolov12_msgs_s.ep.rosidl_typesupport_fastrtps_c.c
[3.624s] -- Up-to-date: /home/jezzy/huskybot/install/yolov12_msgs/local/lib/python3.10/dist-packages/yolov12_msgs/_yolov12_msgs_s.ep.rosidl_typesupport_c.c
[3.624s] -- Up-to-date: /home/jezzy/huskybot/install/yolov12_msgs/local/lib/python3.10/dist-packages/yolov12_msgs/yolov12_msgs_s__rosidl_typesupport_introspection_c.cpython-310-x86_64-linux-gnu.so
[3.625s] -- Up-to-date: /home/jezzy/huskybot/install/yolov12_msgs/local/lib/python3.10/dist-packages/yolov12_msgs/msg
[3.625s] -- Up-to-date: /home/jezzy/huskybot/install/yolov12_msgs/local/lib/python3.10/dist-packages/yolov12_msgs/msg/_inference_result_s.c
[3.625s] -- Up-to-date: /home/jezzy/huskybot/install/yolov12_msgs/local/lib/python3.10/dist-packages/yolov12_msgs/msg/_inference_result.py
[3.626s] -- Up-to-date: /home/jezzy/huskybot/install/yolov12_msgs/local/lib/python3.10/dist-packages/yolov12_msgs/msg/_yolov12_inference_s.c
[3.626s] -- Up-to-date: /home/jezzy/huskybot/install/yolov12_msgs/local/lib/python3.10/dist-packages/yolov12_msgs/msg/_yolov12_inference.py
[3.626s] -- Up-to-date: /home/jezzy/huskybot/install/yolov12_msgs/local/lib/python3.10/dist-packages/yolov12_msgs/msg/__init__.py
[3.626s] -- Up-to-date: /home/jezzy/huskybot/install/yolov12_msgs/local/lib/python3.10/dist-packages/yolov12_msgs/yolov12_msgs_s__rosidl_typesupport_fastrtps_c.cpython-310-x86_64-linux-gnu.so
[3.627s] -- Up-to-date: /home/jezzy/huskybot/install/yolov12_msgs/local/lib/python3.10/dist-packages/yolov12_msgs/yolov12_msgs_s__rosidl_typesupport_c.cpython-310-x86_64-linux-gnu.so
[3.628s] -- Up-to-date: /home/jezzy/huskybot/install/yolov12_msgs/local/lib/python3.10/dist-packages/yolov12_msgs/__init__.py
[3.757s] Listing '/home/jezzy/huskybot/install/yolov12_msgs/local/lib/python3.10/dist-packages/yolov12_msgs'...
[3.760s] Listing '/home/jezzy/huskybot/install/yolov12_msgs/local/lib/python3.10/dist-packages/yolov12_msgs/msg'...
[3.770s] -- Up-to-date: /home/jezzy/huskybot/install/yolov12_msgs/local/lib/python3.10/dist-packages/yolov12_msgs/yolov12_msgs_s__rosidl_typesupport_fastrtps_c.cpython-310-x86_64-linux-gnu.so
[3.771s] -- Up-to-date: /home/jezzy/huskybot/install/yolov12_msgs/local/lib/python3.10/dist-packages/yolov12_msgs/yolov12_msgs_s__rosidl_typesupport_introspection_c.cpython-310-x86_64-linux-gnu.so
[3.773s] -- Up-to-date: /home/jezzy/huskybot/install/yolov12_msgs/local/lib/python3.10/dist-packages/yolov12_msgs/yolov12_msgs_s__rosidl_typesupport_c.cpython-310-x86_64-linux-gnu.so
[3.774s] -- Up-to-date: /home/jezzy/huskybot/install/yolov12_msgs/lib/libyolov12_msgs__rosidl_generator_py.so
[3.775s] -- Up-to-date: /home/jezzy/huskybot/install/yolov12_msgs/share/yolov12_msgs/msg/InferenceResult.idl
[3.776s] -- Up-to-date: /home/jezzy/huskybot/install/yolov12_msgs/share/yolov12_msgs/msg/Yolov12Inference.idl
[3.777s] -- Up-to-date: /home/jezzy/huskybot/install/yolov12_msgs/share/yolov12_msgs/msg/InferenceResult.msg
[3.777s] -- Up-to-date: /home/jezzy/huskybot/install/yolov12_msgs/share/yolov12_msgs/msg/Yolov12Inference.msg
[3.778s] -- Up-to-date: /home/jezzy/huskybot/install/yolov12_msgs/share/ament_index/resource_index/package_run_dependencies/yolov12_msgs
[3.782s] -- Up-to-date: /home/jezzy/huskybot/install/yolov12_msgs/share/ament_index/resource_index/parent_prefix_path/yolov12_msgs
[3.782s] -- Up-to-date: /home/jezzy/huskybot/install/yolov12_msgs/share/yolov12_msgs/environment/ament_prefix_path.sh
[3.783s] -- Up-to-date: /home/jezzy/huskybot/install/yolov12_msgs/share/yolov12_msgs/environment/ament_prefix_path.dsv
[3.783s] -- Up-to-date: /home/jezzy/huskybot/install/yolov12_msgs/share/yolov12_msgs/environment/path.sh
[3.783s] -- Up-to-date: /home/jezzy/huskybot/install/yolov12_msgs/share/yolov12_msgs/environment/path.dsv
[3.783s] -- Up-to-date: /home/jezzy/huskybot/install/yolov12_msgs/share/yolov12_msgs/local_setup.bash
[3.784s] -- Up-to-date: /home/jezzy/huskybot/install/yolov12_msgs/share/yolov12_msgs/local_setup.sh
[3.784s] -- Up-to-date: /home/jezzy/huskybot/install/yolov12_msgs/share/yolov12_msgs/local_setup.zsh
[3.785s] -- Up-to-date: /home/jezzy/huskybot/install/yolov12_msgs/share/yolov12_msgs/local_setup.dsv
[3.789s] -- Installing: /home/jezzy/huskybot/install/yolov12_msgs/share/yolov12_msgs/package.dsv
[3.791s] -- Up-to-date: /home/jezzy/huskybot/install/yolov12_msgs/share/ament_index/resource_index/packages/yolov12_msgs
[3.791s] -- Up-to-date: /home/jezzy/huskybot/install/yolov12_msgs/share/yolov12_msgs/cmake/export_yolov12_msgs__rosidl_generator_cExport.cmake
[3.792s] -- Up-to-date: /home/jezzy/huskybot/install/yolov12_msgs/share/yolov12_msgs/cmake/export_yolov12_msgs__rosidl_generator_cExport-noconfig.cmake
[3.793s] -- Up-to-date: /home/jezzy/huskybot/install/yolov12_msgs/share/yolov12_msgs/cmake/export_yolov12_msgs__rosidl_typesupport_fastrtps_cExport.cmake
[3.797s] -- Up-to-date: /home/jezzy/huskybot/install/yolov12_msgs/share/yolov12_msgs/cmake/export_yolov12_msgs__rosidl_typesupport_fastrtps_cExport-noconfig.cmake
[3.803s] -- Up-to-date: /home/jezzy/huskybot/install/yolov12_msgs/share/yolov12_msgs/cmake/export_yolov12_msgs__rosidl_generator_cppExport.cmake
[3.803s] -- Up-to-date: /home/jezzy/huskybot/install/yolov12_msgs/share/yolov12_msgs/cmake/export_yolov12_msgs__rosidl_typesupport_fastrtps_cppExport.cmake
[3.804s] -- Up-to-date: /home/jezzy/huskybot/install/yolov12_msgs/share/yolov12_msgs/cmake/export_yolov12_msgs__rosidl_typesupport_fastrtps_cppExport-noconfig.cmake
[3.804s] -- Up-to-date: /home/jezzy/huskybot/install/yolov12_msgs/share/yolov12_msgs/cmake/yolov12_msgs__rosidl_typesupport_introspection_cExport.cmake
[3.804s] -- Up-to-date: /home/jezzy/huskybot/install/yolov12_msgs/share/yolov12_msgs/cmake/yolov12_msgs__rosidl_typesupport_introspection_cExport-noconfig.cmake
[3.804s] -- Up-to-date: /home/jezzy/huskybot/install/yolov12_msgs/share/yolov12_msgs/cmake/yolov12_msgs__rosidl_typesupport_cExport.cmake
[3.804s] -- Up-to-date: /home/jezzy/huskybot/install/yolov12_msgs/share/yolov12_msgs/cmake/yolov12_msgs__rosidl_typesupport_cExport-noconfig.cmake
[3.804s] -- Up-to-date: /home/jezzy/huskybot/install/yolov12_msgs/share/yolov12_msgs/cmake/yolov12_msgs__rosidl_typesupport_introspection_cppExport.cmake
[3.805s] -- Up-to-date: /home/jezzy/huskybot/install/yolov12_msgs/share/yolov12_msgs/cmake/yolov12_msgs__rosidl_typesupport_introspection_cppExport-noconfig.cmake
[3.805s] -- Up-to-date: /home/jezzy/huskybot/install/yolov12_msgs/share/yolov12_msgs/cmake/yolov12_msgs__rosidl_typesupport_cppExport.cmake
[3.805s] -- Up-to-date: /home/jezzy/huskybot/install/yolov12_msgs/share/yolov12_msgs/cmake/yolov12_msgs__rosidl_typesupport_cppExport-noconfig.cmake
[3.805s] -- Up-to-date: /home/jezzy/huskybot/install/yolov12_msgs/share/yolov12_msgs/cmake/export_yolov12_msgs__rosidl_generator_pyExport.cmake
[3.805s] -- Up-to-date: /home/jezzy/huskybot/install/yolov12_msgs/share/yolov12_msgs/cmake/export_yolov12_msgs__rosidl_generator_pyExport-noconfig.cmake
[3.805s] -- Up-to-date: /home/jezzy/huskybot/install/yolov12_msgs/share/yolov12_msgs/cmake/rosidl_cmake-extras.cmake
[3.806s] -- Up-to-date: /home/jezzy/huskybot/install/yolov12_msgs/share/yolov12_msgs/cmake/ament_cmake_export_dependencies-extras.cmake
[3.806s] -- Up-to-date: /home/jezzy/huskybot/install/yolov12_msgs/share/yolov12_msgs/cmake/ament_cmake_export_include_directories-extras.cmake
[3.806s] -- Up-to-date: /home/jezzy/huskybot/install/yolov12_msgs/share/yolov12_msgs/cmake/ament_cmake_export_libraries-extras.cmake
[3.806s] -- Up-to-date: /home/jezzy/huskybot/install/yolov12_msgs/share/yolov12_msgs/cmake/ament_cmake_export_targets-extras.cmake
[3.806s] -- Up-to-date: /home/jezzy/huskybot/install/yolov12_msgs/share/yolov12_msgs/cmake/rosidl_cmake_export_typesupport_targets-extras.cmake
[3.806s] -- Up-to-date: /home/jezzy/huskybot/install/yolov12_msgs/share/yolov12_msgs/cmake/rosidl_cmake_export_typesupport_libraries-extras.cmake
[3.807s] -- Up-to-date: /home/jezzy/huskybot/install/yolov12_msgs/share/yolov12_msgs/cmake/yolov12_msgsConfig.cmake
[3.807s] -- Up-to-date: /home/jezzy/huskybot/install/yolov12_msgs/share/yolov12_msgs/cmake/yolov12_msgsConfig-version.cmake
[3.807s] -- Up-to-date: /home/jezzy/huskybot/install/yolov12_msgs/share/yolov12_msgs/package.xml
[3.807s] Invoked command in '/home/jezzy/huskybot/build/yolov12_msgs' returned '0': CMAKE_PREFIX_PATH=${CMAKE_PREFIX_PATH}:/home/jezzy/huskybot/install/huskybot_fusion:/home/jezzy/huskybot/install/huskybot_navigation:/home/jezzy/husky_ws/turtlebot3/install/turtlebot3_teleop:/home/jezzy/husky_ws/turtlebot3/install/turtlebot3_example:/home/jezzy/husky_ws/turtlebot3/install/segtect:/home/jezzy/husky_ws/turtlebot3/install/autonomous_exploration:/home/jezzy/husky_ws/lintic/install/yolosed:/home/jezzy/husky_ws/lintic/install/visual:/home/jezzy/husky_ws/lintic/install/segnet:/opt/ros/humble /usr/bin/cmake --install /home/jezzy/huskybot/build/yolov12_msgs
