[0.104s] Invoking command in '/home/jezzy/huskybot/build/velodyne_msgs': CMAKE_PREFIX_PATH=${CMAKE_PREFIX_PATH}:/home/jezzy/huskybot/install/huskybot_fusion:/home/jezzy/huskybot/install/huskybot_navigation:/home/jezzy/husky_ws/turtlebot3/install/turtlebot3_teleop:/home/jezzy/husky_ws/turtlebot3/install/turtlebot3_example:/home/jezzy/husky_ws/turtlebot3/install/segtect:/home/jezzy/husky_ws/turtlebot3/install/autonomous_exploration:/home/jezzy/husky_ws/lintic/install/yolosed:/home/jezzy/husky_ws/lintic/install/visual:/home/jezzy/husky_ws/lintic/install/segnet:/opt/ros/humble /usr/bin/cmake --build /home/jezzy/huskybot/build/velodyne_msgs -- -j4 -l4
[0.290s] [35m[1mConsolidate compiler generated dependencies of target velodyne_msgs__rosidl_generator_c[0m
[0.371s] [  2%] Built target velodyne_msgs__cpp
[0.409s] [ 12%] Built target velodyne_msgs__rosidl_generator_c
[0.534s] [35m[1mConsolidate compiler generated dependencies of target velodyne_msgs__rosidl_typesupport_cpp[0m
[0.564s] [ 12%] Built target ament_cmake_python_copy_velodyne_msgs
[0.597s] [35m[1mConsolidate compiler generated dependencies of target velodyne_msgs__rosidl_typesupport_introspection_cpp[0m
[0.601s] [35m[1mConsolidate compiler generated dependencies of target velodyne_msgs__rosidl_typesupport_fastrtps_cpp[0m
[0.655s] [ 23%] Built target velodyne_msgs__rosidl_typesupport_cpp
[0.673s] [35m[1mConsolidate compiler generated dependencies of target velodyne_msgs__rosidl_typesupport_fastrtps_c[0m
[0.789s] [ 33%] Built target velodyne_msgs__rosidl_typesupport_introspection_cpp
[0.803s] [ 43%] Built target velodyne_msgs__rosidl_typesupport_fastrtps_cpp
[0.834s] [35m[1mConsolidate compiler generated dependencies of target velodyne_msgs__rosidl_typesupport_introspection_c[0m
[0.845s] [ 53%] Built target velodyne_msgs__rosidl_typesupport_fastrtps_c
[0.944s] [35m[1mConsolidate compiler generated dependencies of target velodyne_msgs__rosidl_typesupport_c[0m
[0.964s] [ 64%] Built target velodyne_msgs__rosidl_typesupport_introspection_c
[1.074s] [ 74%] Built target velodyne_msgs__rosidl_typesupport_c
[1.269s] [ 74%] Built target velodyne_msgs
[1.437s] [ 76%] Built target velodyne_msgs__py
[1.537s] [35m[1mConsolidate compiler generated dependencies of target velodyne_msgs__rosidl_generator_py[0m
[1.640s] [ 84%] Built target velodyne_msgs__rosidl_generator_py
[1.762s] [35m[1mConsolidate compiler generated dependencies of target velodyne_msgs__rosidl_typesupport_introspection_c__pyext[0m
[1.784s] [35m[1mConsolidate compiler generated dependencies of target velodyne_msgs__rosidl_typesupport_c__pyext[0m
[1.817s] [35m[1mConsolidate compiler generated dependencies of target velodyne_msgs__rosidl_typesupport_fastrtps_c__pyext[0m
[1.893s] [ 89%] Built target velodyne_msgs__rosidl_typesupport_introspection_c__pyext
[1.931s] [ 94%] Built target velodyne_msgs__rosidl_typesupport_c__pyext
[1.952s] [100%] Built target velodyne_msgs__rosidl_typesupport_fastrtps_c__pyext
[2.740s] running egg_info
[2.741s] writing velodyne_msgs.egg-info/PKG-INFO
[2.742s] writing dependency_links to velodyne_msgs.egg-info/dependency_links.txt
[2.742s] writing top-level names to velodyne_msgs.egg-info/top_level.txt
[2.754s] reading manifest file 'velodyne_msgs.egg-info/SOURCES.txt'
[2.757s] writing manifest file 'velodyne_msgs.egg-info/SOURCES.txt'
[2.828s] [100%] Built target ament_cmake_python_build_velodyne_msgs_egg
[3.519s] Invoked command in '/home/jezzy/huskybot/build/velodyne_msgs' returned '0': CMAKE_PREFIX_PATH=${CMAKE_PREFIX_PATH}:/home/jezzy/huskybot/install/huskybot_fusion:/home/jezzy/huskybot/install/huskybot_navigation:/home/jezzy/husky_ws/turtlebot3/install/turtlebot3_teleop:/home/jezzy/husky_ws/turtlebot3/install/turtlebot3_example:/home/jezzy/husky_ws/turtlebot3/install/segtect:/home/jezzy/husky_ws/turtlebot3/install/autonomous_exploration:/home/jezzy/husky_ws/lintic/install/yolosed:/home/jezzy/husky_ws/lintic/install/visual:/home/jezzy/husky_ws/lintic/install/segnet:/opt/ros/humble /usr/bin/cmake --build /home/jezzy/huskybot/build/velodyne_msgs -- -j4 -l4
[3.524s] Invoking command in '/home/jezzy/huskybot/build/velodyne_msgs': CMAKE_PREFIX_PATH=${CMAKE_PREFIX_PATH}:/home/jezzy/huskybot/install/huskybot_fusion:/home/jezzy/huskybot/install/huskybot_navigation:/home/jezzy/husky_ws/turtlebot3/install/turtlebot3_teleop:/home/jezzy/husky_ws/turtlebot3/install/turtlebot3_example:/home/jezzy/husky_ws/turtlebot3/install/segtect:/home/jezzy/husky_ws/turtlebot3/install/autonomous_exploration:/home/jezzy/husky_ws/lintic/install/yolosed:/home/jezzy/husky_ws/lintic/install/visual:/home/jezzy/husky_ws/lintic/install/segnet:/opt/ros/humble /usr/bin/cmake --install /home/jezzy/huskybot/build/velodyne_msgs
[3.568s] -- Install configuration: ""
[3.568s] -- Up-to-date: /home/jezzy/huskybot/install/velodyne_msgs/share/ament_index/resource_index/rosidl_interfaces/velodyne_msgs
[3.568s] -- Up-to-date: /home/jezzy/huskybot/install/velodyne_msgs/include/velodyne_msgs/velodyne_msgs
[3.569s] -- Up-to-date: /home/jezzy/huskybot/install/velodyne_msgs/include/velodyne_msgs/velodyne_msgs/msg
[3.569s] -- Up-to-date: /home/jezzy/huskybot/install/velodyne_msgs/include/velodyne_msgs/velodyne_msgs/msg/velodyne_scan.h
[3.571s] -- Up-to-date: /home/jezzy/huskybot/install/velodyne_msgs/include/velodyne_msgs/velodyne_msgs/msg/rosidl_generator_c__visibility_control.h
[3.571s] -- Up-to-date: /home/jezzy/huskybot/install/velodyne_msgs/include/velodyne_msgs/velodyne_msgs/msg/velodyne_packet.h
[3.572s] -- Up-to-date: /home/jezzy/huskybot/install/velodyne_msgs/include/velodyne_msgs/velodyne_msgs/msg/detail
[3.572s] -- Up-to-date: /home/jezzy/huskybot/install/velodyne_msgs/include/velodyne_msgs/velodyne_msgs/msg/detail/velodyne_packet__struct.h
[3.572s] -- Up-to-date: /home/jezzy/huskybot/install/velodyne_msgs/include/velodyne_msgs/velodyne_msgs/msg/detail/velodyne_scan__type_support.h
[3.572s] -- Up-to-date: /home/jezzy/huskybot/install/velodyne_msgs/include/velodyne_msgs/velodyne_msgs/msg/detail/velodyne_scan__functions.h
[3.573s] -- Up-to-date: /home/jezzy/huskybot/install/velodyne_msgs/include/velodyne_msgs/velodyne_msgs/msg/detail/velodyne_packet__type_support.h
[3.573s] -- Up-to-date: /home/jezzy/huskybot/install/velodyne_msgs/include/velodyne_msgs/velodyne_msgs/msg/detail/velodyne_scan__struct.h
[3.573s] -- Up-to-date: /home/jezzy/huskybot/install/velodyne_msgs/include/velodyne_msgs/velodyne_msgs/msg/detail/velodyne_packet__functions.h
[3.573s] -- Up-to-date: /home/jezzy/huskybot/install/velodyne_msgs/include/velodyne_msgs/velodyne_msgs/msg/detail/velodyne_scan__functions.c
[3.574s] -- Up-to-date: /home/jezzy/huskybot/install/velodyne_msgs/include/velodyne_msgs/velodyne_msgs/msg/detail/velodyne_packet__functions.c
[3.574s] -- Up-to-date: /home/jezzy/huskybot/install/velodyne_msgs/share/velodyne_msgs/environment/library_path.sh
[3.574s] -- Up-to-date: /home/jezzy/huskybot/install/velodyne_msgs/share/velodyne_msgs/environment/library_path.dsv
[3.574s] -- Up-to-date: /home/jezzy/huskybot/install/velodyne_msgs/lib/libvelodyne_msgs__rosidl_generator_c.so
[3.574s] -- Up-to-date: /home/jezzy/huskybot/install/velodyne_msgs/include/velodyne_msgs/velodyne_msgs
[3.575s] -- Up-to-date: /home/jezzy/huskybot/install/velodyne_msgs/include/velodyne_msgs/velodyne_msgs/msg
[3.575s] -- Up-to-date: /home/jezzy/huskybot/install/velodyne_msgs/include/velodyne_msgs/velodyne_msgs/msg/detail
[3.576s] -- Up-to-date: /home/jezzy/huskybot/install/velodyne_msgs/include/velodyne_msgs/velodyne_msgs/msg/detail/velodyne_scan__rosidl_typesupport_fastrtps_c.h
[3.576s] -- Up-to-date: /home/jezzy/huskybot/install/velodyne_msgs/include/velodyne_msgs/velodyne_msgs/msg/detail/velodyne_packet__rosidl_typesupport_fastrtps_c.h
[3.576s] -- Up-to-date: /home/jezzy/huskybot/install/velodyne_msgs/include/velodyne_msgs/velodyne_msgs/msg/rosidl_typesupport_fastrtps_c__visibility_control.h
[3.577s] -- Up-to-date: /home/jezzy/huskybot/install/velodyne_msgs/lib/libvelodyne_msgs__rosidl_typesupport_fastrtps_c.so
[3.578s] -- Up-to-date: /home/jezzy/huskybot/install/velodyne_msgs/include/velodyne_msgs/velodyne_msgs
[3.579s] -- Up-to-date: /home/jezzy/huskybot/install/velodyne_msgs/include/velodyne_msgs/velodyne_msgs/msg
[3.579s] -- Up-to-date: /home/jezzy/huskybot/install/velodyne_msgs/include/velodyne_msgs/velodyne_msgs/msg/detail
[3.580s] -- Up-to-date: /home/jezzy/huskybot/install/velodyne_msgs/include/velodyne_msgs/velodyne_msgs/msg/detail/velodyne_packet__traits.hpp
[3.581s] -- Up-to-date: /home/jezzy/huskybot/install/velodyne_msgs/include/velodyne_msgs/velodyne_msgs/msg/detail/velodyne_packet__struct.hpp
[3.581s] -- Up-to-date: /home/jezzy/huskybot/install/velodyne_msgs/include/velodyne_msgs/velodyne_msgs/msg/detail/velodyne_scan__traits.hpp
[3.581s] -- Up-to-date: /home/jezzy/huskybot/install/velodyne_msgs/include/velodyne_msgs/velodyne_msgs/msg/detail/velodyne_packet__builder.hpp
[3.582s] -- Up-to-date: /home/jezzy/huskybot/install/velodyne_msgs/include/velodyne_msgs/velodyne_msgs/msg/detail/velodyne_scan__builder.hpp
[3.583s] -- Up-to-date: /home/jezzy/huskybot/install/velodyne_msgs/include/velodyne_msgs/velodyne_msgs/msg/detail/velodyne_packet__type_support.hpp
[3.583s] -- Up-to-date: /home/jezzy/huskybot/install/velodyne_msgs/include/velodyne_msgs/velodyne_msgs/msg/detail/velodyne_scan__struct.hpp
[3.585s] -- Up-to-date: /home/jezzy/huskybot/install/velodyne_msgs/include/velodyne_msgs/velodyne_msgs/msg/detail/velodyne_scan__type_support.hpp
[3.585s] -- Up-to-date: /home/jezzy/huskybot/install/velodyne_msgs/include/velodyne_msgs/velodyne_msgs/msg/velodyne_packet.hpp
[3.586s] -- Up-to-date: /home/jezzy/huskybot/install/velodyne_msgs/include/velodyne_msgs/velodyne_msgs/msg/rosidl_generator_cpp__visibility_control.hpp
[3.586s] -- Up-to-date: /home/jezzy/huskybot/install/velodyne_msgs/include/velodyne_msgs/velodyne_msgs/msg/velodyne_scan.hpp
[3.586s] -- Up-to-date: /home/jezzy/huskybot/install/velodyne_msgs/include/velodyne_msgs/velodyne_msgs
[3.586s] -- Up-to-date: /home/jezzy/huskybot/install/velodyne_msgs/include/velodyne_msgs/velodyne_msgs/msg
[3.587s] -- Up-to-date: /home/jezzy/huskybot/install/velodyne_msgs/include/velodyne_msgs/velodyne_msgs/msg/rosidl_typesupport_fastrtps_cpp__visibility_control.h
[3.587s] -- Up-to-date: /home/jezzy/huskybot/install/velodyne_msgs/include/velodyne_msgs/velodyne_msgs/msg/detail
[3.588s] -- Up-to-date: /home/jezzy/huskybot/install/velodyne_msgs/include/velodyne_msgs/velodyne_msgs/msg/detail/velodyne_packet__rosidl_typesupport_fastrtps_cpp.hpp
[3.589s] -- Up-to-date: /home/jezzy/huskybot/install/velodyne_msgs/include/velodyne_msgs/velodyne_msgs/msg/detail/velodyne_scan__rosidl_typesupport_fastrtps_cpp.hpp
[3.589s] -- Up-to-date: /home/jezzy/huskybot/install/velodyne_msgs/include/velodyne_msgs/velodyne_msgs/msg/detail/dds_fastrtps
[3.589s] -- Up-to-date: /home/jezzy/huskybot/install/velodyne_msgs/lib/libvelodyne_msgs__rosidl_typesupport_fastrtps_cpp.so
[3.589s] -- Up-to-date: /home/jezzy/huskybot/install/velodyne_msgs/include/velodyne_msgs/velodyne_msgs
[3.590s] -- Up-to-date: /home/jezzy/huskybot/install/velodyne_msgs/include/velodyne_msgs/velodyne_msgs/msg
[3.590s] -- Up-to-date: /home/jezzy/huskybot/install/velodyne_msgs/include/velodyne_msgs/velodyne_msgs/msg/rosidl_typesupport_introspection_c__visibility_control.h
[3.591s] -- Up-to-date: /home/jezzy/huskybot/install/velodyne_msgs/include/velodyne_msgs/velodyne_msgs/msg/detail
[3.591s] -- Up-to-date: /home/jezzy/huskybot/install/velodyne_msgs/include/velodyne_msgs/velodyne_msgs/msg/detail/velodyne_scan__type_support.c
[3.591s] -- Up-to-date: /home/jezzy/huskybot/install/velodyne_msgs/include/velodyne_msgs/velodyne_msgs/msg/detail/velodyne_scan__rosidl_typesupport_introspection_c.h
[3.591s] -- Up-to-date: /home/jezzy/huskybot/install/velodyne_msgs/include/velodyne_msgs/velodyne_msgs/msg/detail/velodyne_packet__type_support.c
[3.592s] -- Up-to-date: /home/jezzy/huskybot/install/velodyne_msgs/include/velodyne_msgs/velodyne_msgs/msg/detail/velodyne_packet__rosidl_typesupport_introspection_c.h
[3.592s] -- Up-to-date: /home/jezzy/huskybot/install/velodyne_msgs/lib/libvelodyne_msgs__rosidl_typesupport_introspection_c.so
[3.592s] -- Up-to-date: /home/jezzy/huskybot/install/velodyne_msgs/lib/libvelodyne_msgs__rosidl_typesupport_c.so
[3.592s] -- Up-to-date: /home/jezzy/huskybot/install/velodyne_msgs/include/velodyne_msgs/velodyne_msgs
[3.592s] -- Up-to-date: /home/jezzy/huskybot/install/velodyne_msgs/include/velodyne_msgs/velodyne_msgs/msg
[3.593s] -- Up-to-date: /home/jezzy/huskybot/install/velodyne_msgs/include/velodyne_msgs/velodyne_msgs/msg/detail
[3.593s] -- Up-to-date: /home/jezzy/huskybot/install/velodyne_msgs/include/velodyne_msgs/velodyne_msgs/msg/detail/velodyne_packet__rosidl_typesupport_introspection_cpp.hpp
[3.593s] -- Up-to-date: /home/jezzy/huskybot/install/velodyne_msgs/include/velodyne_msgs/velodyne_msgs/msg/detail/velodyne_scan__type_support.cpp
[3.593s] -- Up-to-date: /home/jezzy/huskybot/install/velodyne_msgs/include/velodyne_msgs/velodyne_msgs/msg/detail/velodyne_packet__type_support.cpp
[3.593s] -- Up-to-date: /home/jezzy/huskybot/install/velodyne_msgs/include/velodyne_msgs/velodyne_msgs/msg/detail/velodyne_scan__rosidl_typesupport_introspection_cpp.hpp
[3.594s] -- Up-to-date: /home/jezzy/huskybot/install/velodyne_msgs/lib/libvelodyne_msgs__rosidl_typesupport_introspection_cpp.so
[3.594s] -- Up-to-date: /home/jezzy/huskybot/install/velodyne_msgs/lib/libvelodyne_msgs__rosidl_typesupport_cpp.so
[3.594s] -- Up-to-date: /home/jezzy/huskybot/install/velodyne_msgs/share/velodyne_msgs/environment/pythonpath.sh
[3.594s] -- Up-to-date: /home/jezzy/huskybot/install/velodyne_msgs/share/velodyne_msgs/environment/pythonpath.dsv
[3.595s] -- Up-to-date: /home/jezzy/huskybot/install/velodyne_msgs/local/lib/python3.10/dist-packages/velodyne_msgs-2.5.1-py3.10.egg-info
[3.595s] -- Installing: /home/jezzy/huskybot/install/velodyne_msgs/local/lib/python3.10/dist-packages/velodyne_msgs-2.5.1-py3.10.egg-info/top_level.txt
[3.595s] -- Installing: /home/jezzy/huskybot/install/velodyne_msgs/local/lib/python3.10/dist-packages/velodyne_msgs-2.5.1-py3.10.egg-info/SOURCES.txt
[3.595s] -- Installing: /home/jezzy/huskybot/install/velodyne_msgs/local/lib/python3.10/dist-packages/velodyne_msgs-2.5.1-py3.10.egg-info/dependency_links.txt
[3.595s] -- Installing: /home/jezzy/huskybot/install/velodyne_msgs/local/lib/python3.10/dist-packages/velodyne_msgs-2.5.1-py3.10.egg-info/PKG-INFO
[3.596s] -- Up-to-date: /home/jezzy/huskybot/install/velodyne_msgs/local/lib/python3.10/dist-packages/velodyne_msgs
[3.597s] -- Up-to-date: /home/jezzy/huskybot/install/velodyne_msgs/local/lib/python3.10/dist-packages/velodyne_msgs/_velodyne_msgs_s.ep.rosidl_typesupport_introspection_c.c
[3.597s] -- Up-to-date: /home/jezzy/huskybot/install/velodyne_msgs/local/lib/python3.10/dist-packages/velodyne_msgs/_velodyne_msgs_s.ep.rosidl_typesupport_fastrtps_c.c
[3.597s] -- Up-to-date: /home/jezzy/huskybot/install/velodyne_msgs/local/lib/python3.10/dist-packages/velodyne_msgs/velodyne_msgs_s__rosidl_typesupport_fastrtps_c.cpython-310-x86_64-linux-gnu.so
[3.597s] -- Up-to-date: /home/jezzy/huskybot/install/velodyne_msgs/local/lib/python3.10/dist-packages/velodyne_msgs/msg
[3.598s] -- Up-to-date: /home/jezzy/huskybot/install/velodyne_msgs/local/lib/python3.10/dist-packages/velodyne_msgs/msg/_velodyne_scan.py
[3.599s] -- Up-to-date: /home/jezzy/huskybot/install/velodyne_msgs/local/lib/python3.10/dist-packages/velodyne_msgs/msg/_velodyne_scan_s.c
[3.599s] -- Up-to-date: /home/jezzy/huskybot/install/velodyne_msgs/local/lib/python3.10/dist-packages/velodyne_msgs/msg/_velodyne_packet_s.c
[3.599s] -- Up-to-date: /home/jezzy/huskybot/install/velodyne_msgs/local/lib/python3.10/dist-packages/velodyne_msgs/msg/__init__.py
[3.600s] -- Up-to-date: /home/jezzy/huskybot/install/velodyne_msgs/local/lib/python3.10/dist-packages/velodyne_msgs/msg/_velodyne_packet.py
[3.600s] -- Up-to-date: /home/jezzy/huskybot/install/velodyne_msgs/local/lib/python3.10/dist-packages/velodyne_msgs/velodyne_msgs_s__rosidl_typesupport_c.cpython-310-x86_64-linux-gnu.so
[3.600s] -- Up-to-date: /home/jezzy/huskybot/install/velodyne_msgs/local/lib/python3.10/dist-packages/velodyne_msgs/_velodyne_msgs_s.ep.rosidl_typesupport_c.c
[3.601s] -- Up-to-date: /home/jezzy/huskybot/install/velodyne_msgs/local/lib/python3.10/dist-packages/velodyne_msgs/velodyne_msgs_s__rosidl_typesupport_introspection_c.cpython-310-x86_64-linux-gnu.so
[3.601s] -- Up-to-date: /home/jezzy/huskybot/install/velodyne_msgs/local/lib/python3.10/dist-packages/velodyne_msgs/libvelodyne_msgs__rosidl_generator_py.so
[3.601s] -- Up-to-date: /home/jezzy/huskybot/install/velodyne_msgs/local/lib/python3.10/dist-packages/velodyne_msgs/__init__.py
[3.853s] Listing '/home/jezzy/huskybot/install/velodyne_msgs/local/lib/python3.10/dist-packages/velodyne_msgs'...
[3.853s] Listing '/home/jezzy/huskybot/install/velodyne_msgs/local/lib/python3.10/dist-packages/velodyne_msgs/msg'...
[3.875s] -- Up-to-date: /home/jezzy/huskybot/install/velodyne_msgs/local/lib/python3.10/dist-packages/velodyne_msgs/velodyne_msgs_s__rosidl_typesupport_fastrtps_c.cpython-310-x86_64-linux-gnu.so
[3.879s] -- Up-to-date: /home/jezzy/huskybot/install/velodyne_msgs/local/lib/python3.10/dist-packages/velodyne_msgs/velodyne_msgs_s__rosidl_typesupport_introspection_c.cpython-310-x86_64-linux-gnu.so
[3.880s] -- Up-to-date: /home/jezzy/huskybot/install/velodyne_msgs/local/lib/python3.10/dist-packages/velodyne_msgs/velodyne_msgs_s__rosidl_typesupport_c.cpython-310-x86_64-linux-gnu.so
[3.880s] -- Up-to-date: /home/jezzy/huskybot/install/velodyne_msgs/lib/libvelodyne_msgs__rosidl_generator_py.so
[3.881s] -- Up-to-date: /home/jezzy/huskybot/install/velodyne_msgs/share/velodyne_msgs/msg/VelodynePacket.idl
[3.881s] -- Up-to-date: /home/jezzy/huskybot/install/velodyne_msgs/share/velodyne_msgs/msg/VelodyneScan.idl
[3.881s] -- Up-to-date: /home/jezzy/huskybot/install/velodyne_msgs/share/velodyne_msgs/msg/VelodynePacket.msg
[3.882s] -- Up-to-date: /home/jezzy/huskybot/install/velodyne_msgs/share/velodyne_msgs/msg/VelodyneScan.msg
[3.882s] -- Up-to-date: /home/jezzy/huskybot/install/velodyne_msgs/share/ament_index/resource_index/package_run_dependencies/velodyne_msgs
[3.882s] -- Up-to-date: /home/jezzy/huskybot/install/velodyne_msgs/share/ament_index/resource_index/parent_prefix_path/velodyne_msgs
[3.882s] -- Up-to-date: /home/jezzy/huskybot/install/velodyne_msgs/share/velodyne_msgs/environment/ament_prefix_path.sh
[3.882s] -- Up-to-date: /home/jezzy/huskybot/install/velodyne_msgs/share/velodyne_msgs/environment/ament_prefix_path.dsv
[3.883s] -- Up-to-date: /home/jezzy/huskybot/install/velodyne_msgs/share/velodyne_msgs/environment/path.sh
[3.883s] -- Up-to-date: /home/jezzy/huskybot/install/velodyne_msgs/share/velodyne_msgs/environment/path.dsv
[3.883s] -- Up-to-date: /home/jezzy/huskybot/install/velodyne_msgs/share/velodyne_msgs/local_setup.bash
[3.883s] -- Up-to-date: /home/jezzy/huskybot/install/velodyne_msgs/share/velodyne_msgs/local_setup.sh
[3.883s] -- Up-to-date: /home/jezzy/huskybot/install/velodyne_msgs/share/velodyne_msgs/local_setup.zsh
[3.892s] -- Up-to-date: /home/jezzy/huskybot/install/velodyne_msgs/share/velodyne_msgs/local_setup.dsv
[3.892s] -- Installing: /home/jezzy/huskybot/install/velodyne_msgs/share/velodyne_msgs/package.dsv
[3.893s] -- Up-to-date: /home/jezzy/huskybot/install/velodyne_msgs/share/ament_index/resource_index/packages/velodyne_msgs
[3.893s] -- Up-to-date: /home/jezzy/huskybot/install/velodyne_msgs/share/velodyne_msgs/cmake/export_velodyne_msgs__rosidl_generator_cExport.cmake
[3.894s] -- Up-to-date: /home/jezzy/huskybot/install/velodyne_msgs/share/velodyne_msgs/cmake/export_velodyne_msgs__rosidl_generator_cExport-noconfig.cmake
[3.895s] -- Up-to-date: /home/jezzy/huskybot/install/velodyne_msgs/share/velodyne_msgs/cmake/export_velodyne_msgs__rosidl_typesupport_fastrtps_cExport.cmake
[3.896s] -- Up-to-date: /home/jezzy/huskybot/install/velodyne_msgs/share/velodyne_msgs/cmake/export_velodyne_msgs__rosidl_typesupport_fastrtps_cExport-noconfig.cmake
[3.898s] -- Up-to-date: /home/jezzy/huskybot/install/velodyne_msgs/share/velodyne_msgs/cmake/export_velodyne_msgs__rosidl_generator_cppExport.cmake
[3.898s] -- Up-to-date: /home/jezzy/huskybot/install/velodyne_msgs/share/velodyne_msgs/cmake/export_velodyne_msgs__rosidl_typesupport_fastrtps_cppExport.cmake
[3.898s] -- Up-to-date: /home/jezzy/huskybot/install/velodyne_msgs/share/velodyne_msgs/cmake/export_velodyne_msgs__rosidl_typesupport_fastrtps_cppExport-noconfig.cmake
[3.899s] -- Up-to-date: /home/jezzy/huskybot/install/velodyne_msgs/share/velodyne_msgs/cmake/velodyne_msgs__rosidl_typesupport_introspection_cExport.cmake
[3.899s] -- Up-to-date: /home/jezzy/huskybot/install/velodyne_msgs/share/velodyne_msgs/cmake/velodyne_msgs__rosidl_typesupport_introspection_cExport-noconfig.cmake
[3.899s] -- Up-to-date: /home/jezzy/huskybot/install/velodyne_msgs/share/velodyne_msgs/cmake/velodyne_msgs__rosidl_typesupport_cExport.cmake
[3.899s] -- Up-to-date: /home/jezzy/huskybot/install/velodyne_msgs/share/velodyne_msgs/cmake/velodyne_msgs__rosidl_typesupport_cExport-noconfig.cmake
[3.899s] -- Up-to-date: /home/jezzy/huskybot/install/velodyne_msgs/share/velodyne_msgs/cmake/velodyne_msgs__rosidl_typesupport_introspection_cppExport.cmake
[3.899s] -- Up-to-date: /home/jezzy/huskybot/install/velodyne_msgs/share/velodyne_msgs/cmake/velodyne_msgs__rosidl_typesupport_introspection_cppExport-noconfig.cmake
[3.900s] -- Up-to-date: /home/jezzy/huskybot/install/velodyne_msgs/share/velodyne_msgs/cmake/velodyne_msgs__rosidl_typesupport_cppExport.cmake
[3.900s] -- Up-to-date: /home/jezzy/huskybot/install/velodyne_msgs/share/velodyne_msgs/cmake/velodyne_msgs__rosidl_typesupport_cppExport-noconfig.cmake
[3.900s] -- Up-to-date: /home/jezzy/huskybot/install/velodyne_msgs/share/velodyne_msgs/cmake/export_velodyne_msgs__rosidl_generator_pyExport.cmake
[3.900s] -- Up-to-date: /home/jezzy/huskybot/install/velodyne_msgs/share/velodyne_msgs/cmake/export_velodyne_msgs__rosidl_generator_pyExport-noconfig.cmake
[3.901s] -- Up-to-date: /home/jezzy/huskybot/install/velodyne_msgs/share/velodyne_msgs/cmake/rosidl_cmake-extras.cmake
[3.901s] -- Up-to-date: /home/jezzy/huskybot/install/velodyne_msgs/share/velodyne_msgs/cmake/ament_cmake_export_dependencies-extras.cmake
[3.901s] -- Up-to-date: /home/jezzy/huskybot/install/velodyne_msgs/share/velodyne_msgs/cmake/ament_cmake_export_include_directories-extras.cmake
[3.901s] -- Up-to-date: /home/jezzy/huskybot/install/velodyne_msgs/share/velodyne_msgs/cmake/ament_cmake_export_libraries-extras.cmake
[3.901s] -- Up-to-date: /home/jezzy/huskybot/install/velodyne_msgs/share/velodyne_msgs/cmake/ament_cmake_export_targets-extras.cmake
[3.902s] -- Up-to-date: /home/jezzy/huskybot/install/velodyne_msgs/share/velodyne_msgs/cmake/rosidl_cmake_export_typesupport_targets-extras.cmake
[3.902s] -- Up-to-date: /home/jezzy/huskybot/install/velodyne_msgs/share/velodyne_msgs/cmake/rosidl_cmake_export_typesupport_libraries-extras.cmake
[3.902s] -- Up-to-date: /home/jezzy/huskybot/install/velodyne_msgs/share/velodyne_msgs/cmake/velodyne_msgsConfig.cmake
[3.902s] -- Up-to-date: /home/jezzy/huskybot/install/velodyne_msgs/share/velodyne_msgs/cmake/velodyne_msgsConfig-version.cmake
[3.903s] -- Up-to-date: /home/jezzy/huskybot/install/velodyne_msgs/share/velodyne_msgs/package.xml
[3.976s] Invoked command in '/home/jezzy/huskybot/build/velodyne_msgs' returned '0': CMAKE_PREFIX_PATH=${CMAKE_PREFIX_PATH}:/home/jezzy/huskybot/install/huskybot_fusion:/home/jezzy/huskybot/install/huskybot_navigation:/home/jezzy/husky_ws/turtlebot3/install/turtlebot3_teleop:/home/jezzy/husky_ws/turtlebot3/install/turtlebot3_example:/home/jezzy/husky_ws/turtlebot3/install/segtect:/home/jezzy/husky_ws/turtlebot3/install/autonomous_exploration:/home/jezzy/husky_ws/lintic/install/yolosed:/home/jezzy/husky_ws/lintic/install/visual:/home/jezzy/husky_ws/lintic/install/segnet:/opt/ros/humble /usr/bin/cmake --install /home/jezzy/huskybot/build/velodyne_msgs
