[5.117s] Invoking command in '/home/jezzy/huskybot/src/huskybot_navigation': PYTHONPATH=/home/jezzy/huskybot/build/huskybot_navigation/prefix_override:/usr/lib/python3/dist-packages/colcon_core/task/python/colcon_distutils_commands:/home/jezzy/huskybot/install/huskybot_navigation/lib/python3.10/site-packages:${PYTHONPATH} /usr/bin/python3 -W ignore:setup.py install is deprecated -W ignore:easy_install command is deprecated setup.py egg_info --egg-base ../../build/huskybot_navigation build --build-base /home/jezzy/huskybot/build/huskybot_navigation/build install --record /home/jezzy/huskybot/build/huskybot_navigation/install.log --single-version-externally-managed install_data
[8.029s] running egg_info
[8.030s] writing ../../build/huskybot_navigation/huskybot_navigation.egg-info/PKG-INFO
[8.031s] writing dependency_links to ../../build/huskybot_navigation/huskybot_navigation.egg-info/dependency_links.txt
[8.031s] writing entry points to ../../build/huskybot_navigation/huskybot_navigation.egg-info/entry_points.txt
[8.031s] writing requirements to ../../build/huskybot_navigation/huskybot_navigation.egg-info/requires.txt
[8.042s] writing top-level names to ../../build/huskybot_navigation/huskybot_navigation.egg-info/top_level.txt
[8.057s] reading manifest file '../../build/huskybot_navigation/huskybot_navigation.egg-info/SOURCES.txt'
[8.060s] writing manifest file '../../build/huskybot_navigation/huskybot_navigation.egg-info/SOURCES.txt'
[8.061s] running build
[8.061s] running build_py
[8.071s] running install
[8.072s] running install_lib
[8.089s] running install_data
[8.089s] running install_egg_info
[8.105s] removing '/home/jezzy/huskybot/install/huskybot_navigation/lib/python3.10/site-packages/huskybot_navigation-0.0.0-py3.10.egg-info' (and everything under it)
[8.105s] Copying ../../build/huskybot_navigation/huskybot_navigation.egg-info to /home/jezzy/huskybot/install/huskybot_navigation/lib/python3.10/site-packages/huskybot_navigation-0.0.0-py3.10.egg-info
[8.120s] running install_scripts
[8.312s] writing list of installed files to '/home/jezzy/huskybot/build/huskybot_navigation/install.log'
[8.717s] Invoked command in '/home/jezzy/huskybot/src/huskybot_navigation' returned '0': PYTHONPATH=/home/jezzy/huskybot/build/huskybot_navigation/prefix_override:/usr/lib/python3/dist-packages/colcon_core/task/python/colcon_distutils_commands:/home/jezzy/huskybot/install/huskybot_navigation/lib/python3.10/site-packages:${PYTHONPATH} /usr/bin/python3 -W ignore:setup.py install is deprecated -W ignore:easy_install command is deprecated setup.py egg_info --egg-base ../../build/huskybot_navigation build --build-base /home/jezzy/huskybot/build/huskybot_navigation/build install --record /home/jezzy/huskybot/build/huskybot_navigation/install.log --single-version-externally-managed install_data
