[0.569s] Invoking command in '/home/jezzy/huskybot/build/velodyne_driver': CMAKE_PREFIX_PATH=/home/jezzy/huskybot/install/velodyne_msgs:/home/jezzy/huskybot/install/huskybot_recognition:/home/jezzy/huskybot/install/yolov12_msgs:/home/jezzy/huskybot/install/velodyne:/home/jezzy/huskybot/install/velodyne_pointcloud:/home/jezzy/huskybot/install/velodyne_driver:/home/jezzy/huskybot/install/velodyne_laserscan:/home/jezzy/huskybot/install/huskybot_mapping:/home/jezzy/huskybot/install/huskybot_gazebo:/home/jezzy/huskybot/install/huskybot_description:/home/jezzy/huskybot/install/huskybot_control:/home/jezzy/huskybot/install/husky_description:/home/jezzy/huskybot/install/husky_custom_description:/home/jezzy/husky_ws/turtlebot3/install/turtlebot3:/home/jezzy/husky_ws/turtlebot3/install/turtlebot3_simulations:/home/jezzy/husky_ws/turtlebot3/install/turtlebot3_bringup:/home/jezzy/husky_ws/turtlebot3/install/turtlebot3_node:/home/jezzy/husky_ws/turtlebot3/install/turtlebot3_navigation2:/home/jezzy/husky_ws/turtlebot3/install/turtlebot3_fake_node:/home/jezzy/husky_ws/turtlebot3/install/turtlebot3_msgs:/home/jezzy/husky_ws/turtlebot3/install/turtlebot3_gazebo:/home/jezzy/husky_ws/turtlebot3/install/turtlebot3_description:/home/jezzy/husky_ws/turtlebot3/install/turtlebot3_cartographer:/home/jezzy/husky_ws/turtlebot3/install/dynamixel_sdk_examples:/home/jezzy/husky_ws/turtlebot3/install/dynamixel_sdk_custom_interfaces:/home/jezzy/husky_ws/turtlebot3/install/dynamixel_sdk:/home/jezzy/huskybot/install/huskybot_fusion:/home/jezzy/huskybot/install/huskybot_navigation:/home/jezzy/husky_ws/turtlebot3/install/turtlebot3_teleop:/home/jezzy/husky_ws/turtlebot3/install/turtlebot3_example:/home/jezzy/husky_ws/turtlebot3/install/segtect:/home/jezzy/husky_ws/turtlebot3/install/autonomous_exploration:/home/jezzy/husky_ws/lintic/install/yolosed:/home/jezzy/husky_ws/lintic/install/visual:/home/jezzy/husky_ws/lintic/install/segnet:/opt/ros/humble LD_LIBRARY_PATH=/home/jezzy/huskybot/install/velodyne_msgs/lib:/home/jezzy/huskybot/install/yolov12_msgs/lib:/home/jezzy/huskybot/install/velodyne_pointcloud/lib:/home/jezzy/huskybot/install/velodyne_driver/lib:/home/jezzy/huskybot/install/velodyne_laserscan/lib:/home/jezzy/husky_ws/turtlebot3/install/turtlebot3_msgs/lib:/home/jezzy/husky_ws/turtlebot3/install/dynamixel_sdk_custom_interfaces/lib:/home/jezzy/husky_ws/turtlebot3/install/dynamixel_sdk/lib:/usr/lib/x86_64-linux-gnu/gazebo-11/plugins:/opt/ros/humble/opt/rviz_ogre_vendor/lib:/opt/ros/humble/lib/x86_64-linux-gnu:/opt/ros/humble/lib:/usr/share/gazebo/../../lib/x86_64-linux-gnu/gazebo-11/plugins /usr/bin/cmake /home/jezzy/huskybot/src/velodyne/velodyne_driver -DCMAKE_INSTALL_PREFIX=/home/jezzy/huskybot/install/velodyne_driver
[1.245s] -- The C compiler identification is GNU 11.4.0
[2.908s] -- The CXX compiler identification is GNU 11.4.0
[4.600s] -- Detecting C compiler ABI info
[5.560s] -- Detecting C compiler ABI info - done
[5.601s] -- Check for working C compiler: /usr/bin/cc - skipped
[5.603s] -- Detecting C compile features
[5.605s] -- Detecting C compile features - done
[5.613s] -- Detecting CXX compiler ABI info
[6.389s] -- Detecting CXX compiler ABI info - done
[6.455s] -- Check for working CXX compiler: /usr/bin/c++ - skipped
[6.456s] -- Detecting CXX compile features
[6.457s] -- Detecting CXX compile features - done
[6.480s] -- Found ament_cmake_ros: 0.10.0 (/opt/ros/humble/share/ament_cmake_ros/cmake)
[7.932s] -- Found Python3: /usr/bin/python3 (found version "3.10.12") found components: Interpreter 
[8.625s] -- Found diagnostic_updater: 4.0.3 (/opt/ros/humble/share/diagnostic_updater/cmake)
[9.714s] -- Found rosidl_generator_c: 3.1.6 (/opt/ros/humble/share/rosidl_generator_c/cmake)
[9.748s] -- Found rosidl_adapter: 3.1.6 (/opt/ros/humble/share/rosidl_adapter/cmake)
[9.807s] -- Found rosidl_generator_cpp: 3.1.6 (/opt/ros/humble/share/rosidl_generator_cpp/cmake)
[9.888s] -- Using all available rosidl_typesupport_c: rosidl_typesupport_fastrtps_c;rosidl_typesupport_introspection_c
[10.005s] -- Using all available rosidl_typesupport_cpp: rosidl_typesupport_fastrtps_cpp;rosidl_typesupport_introspection_cpp
[10.587s] -- Found rmw_implementation_cmake: 6.1.2 (/opt/ros/humble/share/rmw_implementation_cmake/cmake)
[10.624s] -- Found rmw_fastrtps_cpp: 6.2.7 (/opt/ros/humble/share/rmw_fastrtps_cpp/cmake)
[14.738s] -- Found OpenSSL: /usr/lib/x86_64-linux-gnu/libcrypto.so (found version "3.0.2")  
[17.227s] -- Found FastRTPS: /opt/ros/humble/include  
[23.580s] -- Using RMW implementation 'rmw_fastrtps_cpp' as default
[23.630s] -- Looking for pthread.h
[24.375s] -- Looking for pthread.h - found
[24.377s] -- Performing Test CMAKE_HAVE_LIBC_PTHREAD
[25.029s] -- Performing Test CMAKE_HAVE_LIBC_PTHREAD - Success
[25.036s] -- Found Threads: TRUE  
[25.309s] -- Found rclcpp_components: 16.0.12 (/opt/ros/humble/share/rclcpp_components/cmake)
[25.488s] -- Found tf2_ros: 0.25.12 (/opt/ros/humble/share/tf2_ros/cmake)
[26.270s] -- Found velodyne_msgs: 2.5.1 (/home/jezzy/huskybot/install/velodyne_msgs/share/velodyne_msgs/cmake)
[26.339s] -- Found ament_lint_auto: 0.12.12 (/opt/ros/humble/share/ament_lint_auto/cmake)
[26.885s] -- Found gtest sources under '/opt/ros/humble/src/gtest_vendor': C++ tests using 'Google Test' will be built
[26.915s] -- Added test 'copyright' to check source files copyright and LICENSE
[26.923s] -- Added test 'cppcheck' to perform static code analysis on C / C++ code
[26.925s] -- Configured cppcheck include dirs: $<BUILD_INTERFACE:/home/jezzy/huskybot/src/velodyne/velodyne_driver/include>
[26.925s] -- Configured cppcheck exclude dirs and/or files: 
[26.933s] -- Added test 'cpplint' to check C / C++ code against the Google style
[26.934s] -- Configured cpplint exclude dirs and/or files: 
[26.939s] -- Added test 'flake8' to check Python code syntax and style conventions
[26.944s] -- Added test 'lint_cmake' to check CMake code style
[26.948s] -- Added test 'pep257' to check Python code against some of the docstring style conventions in PEP 257
[26.958s] -- Added test 'uncrustify' to check C / C++ code style
[26.958s] -- Configured uncrustify additional arguments: 
[26.965s] -- Added test 'xmllint' to check XML markup files
[26.979s] -- Configuring done
[27.093s] -- Generating done
[27.157s] -- Build files have been written to: /home/jezzy/huskybot/build/velodyne_driver
[27.217s] Invoked command in '/home/jezzy/huskybot/build/velodyne_driver' returned '0': CMAKE_PREFIX_PATH=/home/jezzy/huskybot/install/velodyne_msgs:/home/jezzy/huskybot/install/huskybot_recognition:/home/jezzy/huskybot/install/yolov12_msgs:/home/jezzy/huskybot/install/velodyne:/home/jezzy/huskybot/install/velodyne_pointcloud:/home/jezzy/huskybot/install/velodyne_driver:/home/jezzy/huskybot/install/velodyne_laserscan:/home/jezzy/huskybot/install/huskybot_mapping:/home/jezzy/huskybot/install/huskybot_gazebo:/home/jezzy/huskybot/install/huskybot_description:/home/jezzy/huskybot/install/huskybot_control:/home/jezzy/huskybot/install/husky_description:/home/jezzy/huskybot/install/husky_custom_description:/home/jezzy/husky_ws/turtlebot3/install/turtlebot3:/home/jezzy/husky_ws/turtlebot3/install/turtlebot3_simulations:/home/jezzy/husky_ws/turtlebot3/install/turtlebot3_bringup:/home/jezzy/husky_ws/turtlebot3/install/turtlebot3_node:/home/jezzy/husky_ws/turtlebot3/install/turtlebot3_navigation2:/home/jezzy/husky_ws/turtlebot3/install/turtlebot3_fake_node:/home/jezzy/husky_ws/turtlebot3/install/turtlebot3_msgs:/home/jezzy/husky_ws/turtlebot3/install/turtlebot3_gazebo:/home/jezzy/husky_ws/turtlebot3/install/turtlebot3_description:/home/jezzy/husky_ws/turtlebot3/install/turtlebot3_cartographer:/home/jezzy/husky_ws/turtlebot3/install/dynamixel_sdk_examples:/home/jezzy/husky_ws/turtlebot3/install/dynamixel_sdk_custom_interfaces:/home/jezzy/husky_ws/turtlebot3/install/dynamixel_sdk:/home/jezzy/huskybot/install/huskybot_fusion:/home/jezzy/huskybot/install/huskybot_navigation:/home/jezzy/husky_ws/turtlebot3/install/turtlebot3_teleop:/home/jezzy/husky_ws/turtlebot3/install/turtlebot3_example:/home/jezzy/husky_ws/turtlebot3/install/segtect:/home/jezzy/husky_ws/turtlebot3/install/autonomous_exploration:/home/jezzy/husky_ws/lintic/install/yolosed:/home/jezzy/husky_ws/lintic/install/visual:/home/jezzy/husky_ws/lintic/install/segnet:/opt/ros/humble LD_LIBRARY_PATH=/home/jezzy/huskybot/install/velodyne_msgs/lib:/home/jezzy/huskybot/install/yolov12_msgs/lib:/home/jezzy/huskybot/install/velodyne_pointcloud/lib:/home/jezzy/huskybot/install/velodyne_driver/lib:/home/jezzy/huskybot/install/velodyne_laserscan/lib:/home/jezzy/husky_ws/turtlebot3/install/turtlebot3_msgs/lib:/home/jezzy/husky_ws/turtlebot3/install/dynamixel_sdk_custom_interfaces/lib:/home/jezzy/husky_ws/turtlebot3/install/dynamixel_sdk/lib:/usr/lib/x86_64-linux-gnu/gazebo-11/plugins:/opt/ros/humble/opt/rviz_ogre_vendor/lib:/opt/ros/humble/lib/x86_64-linux-gnu:/opt/ros/humble/lib:/usr/share/gazebo/../../lib/x86_64-linux-gnu/gazebo-11/plugins /usr/bin/cmake /home/jezzy/huskybot/src/velodyne/velodyne_driver -DCMAKE_INSTALL_PREFIX=/home/jezzy/huskybot/install/velodyne_driver
[27.220s] Invoking command in '/home/jezzy/huskybot/build/velodyne_driver': CMAKE_PREFIX_PATH=/home/jezzy/huskybot/install/velodyne_msgs:/home/jezzy/huskybot/install/huskybot_recognition:/home/jezzy/huskybot/install/yolov12_msgs:/home/jezzy/huskybot/install/velodyne:/home/jezzy/huskybot/install/velodyne_pointcloud:/home/jezzy/huskybot/install/velodyne_driver:/home/jezzy/huskybot/install/velodyne_laserscan:/home/jezzy/huskybot/install/huskybot_mapping:/home/jezzy/huskybot/install/huskybot_gazebo:/home/jezzy/huskybot/install/huskybot_description:/home/jezzy/huskybot/install/huskybot_control:/home/jezzy/huskybot/install/husky_description:/home/jezzy/huskybot/install/husky_custom_description:/home/jezzy/husky_ws/turtlebot3/install/turtlebot3:/home/jezzy/husky_ws/turtlebot3/install/turtlebot3_simulations:/home/jezzy/husky_ws/turtlebot3/install/turtlebot3_bringup:/home/jezzy/husky_ws/turtlebot3/install/turtlebot3_node:/home/jezzy/husky_ws/turtlebot3/install/turtlebot3_navigation2:/home/jezzy/husky_ws/turtlebot3/install/turtlebot3_fake_node:/home/jezzy/husky_ws/turtlebot3/install/turtlebot3_msgs:/home/jezzy/husky_ws/turtlebot3/install/turtlebot3_gazebo:/home/jezzy/husky_ws/turtlebot3/install/turtlebot3_description:/home/jezzy/husky_ws/turtlebot3/install/turtlebot3_cartographer:/home/jezzy/husky_ws/turtlebot3/install/dynamixel_sdk_examples:/home/jezzy/husky_ws/turtlebot3/install/dynamixel_sdk_custom_interfaces:/home/jezzy/husky_ws/turtlebot3/install/dynamixel_sdk:/home/jezzy/huskybot/install/huskybot_fusion:/home/jezzy/huskybot/install/huskybot_navigation:/home/jezzy/husky_ws/turtlebot3/install/turtlebot3_teleop:/home/jezzy/husky_ws/turtlebot3/install/turtlebot3_example:/home/jezzy/husky_ws/turtlebot3/install/segtect:/home/jezzy/husky_ws/turtlebot3/install/autonomous_exploration:/home/jezzy/husky_ws/lintic/install/yolosed:/home/jezzy/husky_ws/lintic/install/visual:/home/jezzy/husky_ws/lintic/install/segnet:/opt/ros/humble LD_LIBRARY_PATH=/home/jezzy/huskybot/install/velodyne_msgs/lib:/home/jezzy/huskybot/install/yolov12_msgs/lib:/home/jezzy/huskybot/install/velodyne_pointcloud/lib:/home/jezzy/huskybot/install/velodyne_driver/lib:/home/jezzy/huskybot/install/velodyne_laserscan/lib:/home/jezzy/husky_ws/turtlebot3/install/turtlebot3_msgs/lib:/home/jezzy/husky_ws/turtlebot3/install/dynamixel_sdk_custom_interfaces/lib:/home/jezzy/husky_ws/turtlebot3/install/dynamixel_sdk/lib:/usr/lib/x86_64-linux-gnu/gazebo-11/plugins:/opt/ros/humble/opt/rviz_ogre_vendor/lib:/opt/ros/humble/lib/x86_64-linux-gnu:/opt/ros/humble/lib:/usr/share/gazebo/../../lib/x86_64-linux-gnu/gazebo-11/plugins /usr/bin/cmake --build /home/jezzy/huskybot/build/velodyne_driver -- -j4 -l4
[27.368s] [  8%] [32mBuilding CXX object CMakeFiles/velodyne_input.dir/src/lib/input.cpp.o[0m
[38.788s] [ 16%] [32m[1mLinking CXX shared library libvelodyne_input.so[0m
[39.551s] [ 16%] Built target velodyne_input
[39.604s] [ 25%] [32mBuilding CXX object gtest/CMakeFiles/gtest.dir/src/gtest-all.cc.o[0m
[49.481s] [ 33%] [32m[1mLinking CXX static library libgtest.a[0m
[49.666s] [ 33%] Built target gtest
[49.727s] [ 41%] [32mBuilding CXX object CMakeFiles/velodyne_driver.dir/src/driver/driver.cpp.o[0m
[94.018s] [ 50%] [32m[1mLinking CXX shared library libvelodyne_driver.so[0m
[96.713s] [ 50%] Built target velodyne_driver
[96.769s] [ 58%] [32mBuilding CXX object gtest/CMakeFiles/gtest_main.dir/src/gtest_main.cc.o[0m
[99.275s] [ 66%] [32m[1mLinking CXX static library libgtest_main.a[0m
[99.408s] [ 66%] Built target gtest_main
[99.553s] [ 75%] [32mBuilding CXX object CMakeFiles/velodyne_driver_node.dir/src/driver/velodyne_node.cpp.o[0m
[114.753s] [ 83%] [32m[1mLinking CXX executable velodyne_driver_node[0m
[116.106s] [ 83%] Built target velodyne_driver_node
[116.166s] [ 91%] [32mBuilding CXX object CMakeFiles/time_test.dir/tests/timeconversiontest.cpp.o[0m
[130.453s] [100%] [32m[1mLinking CXX executable time_test[0m
[131.577s] [100%] Built target time_test
[131.608s] Invoked command in '/home/jezzy/huskybot/build/velodyne_driver' returned '0': CMAKE_PREFIX_PATH=/home/jezzy/huskybot/install/velodyne_msgs:/home/jezzy/huskybot/install/huskybot_recognition:/home/jezzy/huskybot/install/yolov12_msgs:/home/jezzy/huskybot/install/velodyne:/home/jezzy/huskybot/install/velodyne_pointcloud:/home/jezzy/huskybot/install/velodyne_driver:/home/jezzy/huskybot/install/velodyne_laserscan:/home/jezzy/huskybot/install/huskybot_mapping:/home/jezzy/huskybot/install/huskybot_gazebo:/home/jezzy/huskybot/install/huskybot_description:/home/jezzy/huskybot/install/huskybot_control:/home/jezzy/huskybot/install/husky_description:/home/jezzy/huskybot/install/husky_custom_description:/home/jezzy/husky_ws/turtlebot3/install/turtlebot3:/home/jezzy/husky_ws/turtlebot3/install/turtlebot3_simulations:/home/jezzy/husky_ws/turtlebot3/install/turtlebot3_bringup:/home/jezzy/husky_ws/turtlebot3/install/turtlebot3_node:/home/jezzy/husky_ws/turtlebot3/install/turtlebot3_navigation2:/home/jezzy/husky_ws/turtlebot3/install/turtlebot3_fake_node:/home/jezzy/husky_ws/turtlebot3/install/turtlebot3_msgs:/home/jezzy/husky_ws/turtlebot3/install/turtlebot3_gazebo:/home/jezzy/husky_ws/turtlebot3/install/turtlebot3_description:/home/jezzy/husky_ws/turtlebot3/install/turtlebot3_cartographer:/home/jezzy/husky_ws/turtlebot3/install/dynamixel_sdk_examples:/home/jezzy/husky_ws/turtlebot3/install/dynamixel_sdk_custom_interfaces:/home/jezzy/husky_ws/turtlebot3/install/dynamixel_sdk:/home/jezzy/huskybot/install/huskybot_fusion:/home/jezzy/huskybot/install/huskybot_navigation:/home/jezzy/husky_ws/turtlebot3/install/turtlebot3_teleop:/home/jezzy/husky_ws/turtlebot3/install/turtlebot3_example:/home/jezzy/husky_ws/turtlebot3/install/segtect:/home/jezzy/husky_ws/turtlebot3/install/autonomous_exploration:/home/jezzy/husky_ws/lintic/install/yolosed:/home/jezzy/husky_ws/lintic/install/visual:/home/jezzy/husky_ws/lintic/install/segnet:/opt/ros/humble LD_LIBRARY_PATH=/home/jezzy/huskybot/install/velodyne_msgs/lib:/home/jezzy/huskybot/install/yolov12_msgs/lib:/home/jezzy/huskybot/install/velodyne_pointcloud/lib:/home/jezzy/huskybot/install/velodyne_driver/lib:/home/jezzy/huskybot/install/velodyne_laserscan/lib:/home/jezzy/husky_ws/turtlebot3/install/turtlebot3_msgs/lib:/home/jezzy/husky_ws/turtlebot3/install/dynamixel_sdk_custom_interfaces/lib:/home/jezzy/husky_ws/turtlebot3/install/dynamixel_sdk/lib:/usr/lib/x86_64-linux-gnu/gazebo-11/plugins:/opt/ros/humble/opt/rviz_ogre_vendor/lib:/opt/ros/humble/lib/x86_64-linux-gnu:/opt/ros/humble/lib:/usr/share/gazebo/../../lib/x86_64-linux-gnu/gazebo-11/plugins /usr/bin/cmake --build /home/jezzy/huskybot/build/velodyne_driver -- -j4 -l4
[131.609s] Invoking command in '/home/jezzy/huskybot/build/velodyne_driver': CMAKE_PREFIX_PATH=/home/jezzy/huskybot/install/velodyne_msgs:/home/jezzy/huskybot/install/huskybot_recognition:/home/jezzy/huskybot/install/yolov12_msgs:/home/jezzy/huskybot/install/velodyne:/home/jezzy/huskybot/install/velodyne_pointcloud:/home/jezzy/huskybot/install/velodyne_driver:/home/jezzy/huskybot/install/velodyne_laserscan:/home/jezzy/huskybot/install/huskybot_mapping:/home/jezzy/huskybot/install/huskybot_gazebo:/home/jezzy/huskybot/install/huskybot_description:/home/jezzy/huskybot/install/huskybot_control:/home/jezzy/huskybot/install/husky_description:/home/jezzy/huskybot/install/husky_custom_description:/home/jezzy/husky_ws/turtlebot3/install/turtlebot3:/home/jezzy/husky_ws/turtlebot3/install/turtlebot3_simulations:/home/jezzy/husky_ws/turtlebot3/install/turtlebot3_bringup:/home/jezzy/husky_ws/turtlebot3/install/turtlebot3_node:/home/jezzy/husky_ws/turtlebot3/install/turtlebot3_navigation2:/home/jezzy/husky_ws/turtlebot3/install/turtlebot3_fake_node:/home/jezzy/husky_ws/turtlebot3/install/turtlebot3_msgs:/home/jezzy/husky_ws/turtlebot3/install/turtlebot3_gazebo:/home/jezzy/husky_ws/turtlebot3/install/turtlebot3_description:/home/jezzy/husky_ws/turtlebot3/install/turtlebot3_cartographer:/home/jezzy/husky_ws/turtlebot3/install/dynamixel_sdk_examples:/home/jezzy/husky_ws/turtlebot3/install/dynamixel_sdk_custom_interfaces:/home/jezzy/husky_ws/turtlebot3/install/dynamixel_sdk:/home/jezzy/huskybot/install/huskybot_fusion:/home/jezzy/huskybot/install/huskybot_navigation:/home/jezzy/husky_ws/turtlebot3/install/turtlebot3_teleop:/home/jezzy/husky_ws/turtlebot3/install/turtlebot3_example:/home/jezzy/husky_ws/turtlebot3/install/segtect:/home/jezzy/husky_ws/turtlebot3/install/autonomous_exploration:/home/jezzy/husky_ws/lintic/install/yolosed:/home/jezzy/husky_ws/lintic/install/visual:/home/jezzy/husky_ws/lintic/install/segnet:/opt/ros/humble LD_LIBRARY_PATH=/home/jezzy/huskybot/install/velodyne_msgs/lib:/home/jezzy/huskybot/install/yolov12_msgs/lib:/home/jezzy/huskybot/install/velodyne_pointcloud/lib:/home/jezzy/huskybot/install/velodyne_driver/lib:/home/jezzy/huskybot/install/velodyne_laserscan/lib:/home/jezzy/husky_ws/turtlebot3/install/turtlebot3_msgs/lib:/home/jezzy/husky_ws/turtlebot3/install/dynamixel_sdk_custom_interfaces/lib:/home/jezzy/husky_ws/turtlebot3/install/dynamixel_sdk/lib:/usr/lib/x86_64-linux-gnu/gazebo-11/plugins:/opt/ros/humble/opt/rviz_ogre_vendor/lib:/opt/ros/humble/lib/x86_64-linux-gnu:/opt/ros/humble/lib:/usr/share/gazebo/../../lib/x86_64-linux-gnu/gazebo-11/plugins /usr/bin/cmake --install /home/jezzy/huskybot/build/velodyne_driver
[131.647s] -- Install configuration: ""
[131.648s] -- Installing: /home/jezzy/huskybot/install/velodyne_driver/lib/libvelodyne_input.so
[131.650s] -- Set runtime path of "/home/jezzy/huskybot/install/velodyne_driver/lib/libvelodyne_input.so" to ""
[131.650s] -- Installing: /home/jezzy/huskybot/install/velodyne_driver/lib/libvelodyne_driver.so
[131.673s] -- Set runtime path of "/home/jezzy/huskybot/install/velodyne_driver/lib/libvelodyne_driver.so" to ""
[131.674s] -- Installing: /home/jezzy/huskybot/install/velodyne_driver/lib/velodyne_driver/velodyne_driver_node
[131.675s] -- Set runtime path of "/home/jezzy/huskybot/install/velodyne_driver/lib/velodyne_driver/velodyne_driver_node" to ""
[131.676s] -- Installing: /home/jezzy/huskybot/install/velodyne_driver/include/velodyne_driver
[131.676s] -- Installing: /home/jezzy/huskybot/install/velodyne_driver/include/velodyne_driver/time_conversion.hpp
[131.677s] -- Installing: /home/jezzy/huskybot/install/velodyne_driver/include/velodyne_driver/input.hpp
[131.677s] -- Installing: /home/jezzy/huskybot/install/velodyne_driver/include/velodyne_driver/driver.hpp
[131.678s] -- Installing: /home/jezzy/huskybot/install/velodyne_driver/share/velodyne_driver/config
[131.680s] -- Installing: /home/jezzy/huskybot/install/velodyne_driver/share/velodyne_driver/config/VLP16-velodyne_driver_node-params.yaml
[131.680s] -- Installing: /home/jezzy/huskybot/install/velodyne_driver/share/velodyne_driver/config/VLS128-velodyne_driver_node-params.yaml
[131.680s] -- Installing: /home/jezzy/huskybot/install/velodyne_driver/share/velodyne_driver/config/VLP32C-velodyne_driver_node-params.yaml
[131.681s] -- Installing: /home/jezzy/huskybot/install/velodyne_driver/share/velodyne_driver/launch
[131.681s] -- Installing: /home/jezzy/huskybot/install/velodyne_driver/share/velodyne_driver/launch/velodyne_driver_node-VLP16-composed-launch.py
[131.681s] -- Installing: /home/jezzy/huskybot/install/velodyne_driver/share/velodyne_driver/launch/velodyne_driver_node-VLS128-composed-launch.py
[131.681s] -- Installing: /home/jezzy/huskybot/install/velodyne_driver/share/velodyne_driver/launch/velodyne_driver_node-VLP32C-launch.py
[131.682s] -- Installing: /home/jezzy/huskybot/install/velodyne_driver/share/velodyne_driver/launch/velodyne_driver_node-VLP16-launch.py
[131.683s] -- Installing: /home/jezzy/huskybot/install/velodyne_driver/share/velodyne_driver/launch/velodyne_driver_node-VLP32C-composed-launch.py
[131.683s] -- Installing: /home/jezzy/huskybot/install/velodyne_driver/share/velodyne_driver/launch/velodyne_driver_node-VLS128-launch.py
[131.683s] -- Installing: /home/jezzy/huskybot/install/velodyne_driver/lib/velodyne_driver/vdump
[131.685s] -- Installing: /home/jezzy/huskybot/install/velodyne_driver/share/ament_index/resource_index/package_run_dependencies/velodyne_driver
[131.685s] -- Installing: /home/jezzy/huskybot/install/velodyne_driver/share/ament_index/resource_index/parent_prefix_path/velodyne_driver
[131.686s] -- Installing: /home/jezzy/huskybot/install/velodyne_driver/share/velodyne_driver/environment/ament_prefix_path.sh
[131.686s] -- Installing: /home/jezzy/huskybot/install/velodyne_driver/share/velodyne_driver/environment/ament_prefix_path.dsv
[131.687s] -- Installing: /home/jezzy/huskybot/install/velodyne_driver/share/velodyne_driver/environment/path.sh
[131.687s] -- Installing: /home/jezzy/huskybot/install/velodyne_driver/share/velodyne_driver/environment/path.dsv
[131.688s] -- Installing: /home/jezzy/huskybot/install/velodyne_driver/share/velodyne_driver/local_setup.bash
[131.688s] -- Installing: /home/jezzy/huskybot/install/velodyne_driver/share/velodyne_driver/local_setup.sh
[131.688s] -- Installing: /home/jezzy/huskybot/install/velodyne_driver/share/velodyne_driver/local_setup.zsh
[131.689s] -- Installing: /home/jezzy/huskybot/install/velodyne_driver/share/velodyne_driver/local_setup.dsv
[131.691s] -- Installing: /home/jezzy/huskybot/install/velodyne_driver/share/velodyne_driver/package.dsv
[131.691s] -- Installing: /home/jezzy/huskybot/install/velodyne_driver/share/ament_index/resource_index/packages/velodyne_driver
[131.692s] -- Installing: /home/jezzy/huskybot/install/velodyne_driver/share/ament_index/resource_index/rclcpp_components/velodyne_driver
[131.692s] -- Installing: /home/jezzy/huskybot/install/velodyne_driver/share/velodyne_driver/cmake/velodyne_driverExport.cmake
[131.693s] -- Installing: /home/jezzy/huskybot/install/velodyne_driver/share/velodyne_driver/cmake/velodyne_driverExport-noconfig.cmake
[131.714s] -- Installing: /home/jezzy/huskybot/install/velodyne_driver/share/velodyne_driver/cmake/ament_cmake_export_include_directories-extras.cmake
[131.714s] -- Installing: /home/jezzy/huskybot/install/velodyne_driver/share/velodyne_driver/cmake/ament_cmake_export_targets-extras.cmake
[131.714s] -- Installing: /home/jezzy/huskybot/install/velodyne_driver/share/velodyne_driver/cmake/ament_cmake_export_dependencies-extras.cmake
[131.714s] -- Installing: /home/jezzy/huskybot/install/velodyne_driver/share/velodyne_driver/cmake/velodyne_driverConfig.cmake
[131.715s] -- Installing: /home/jezzy/huskybot/install/velodyne_driver/share/velodyne_driver/cmake/velodyne_driverConfig-version.cmake
[131.715s] -- Installing: /home/jezzy/huskybot/install/velodyne_driver/share/velodyne_driver/package.xml
[131.715s] Invoked command in '/home/jezzy/huskybot/build/velodyne_driver' returned '0': CMAKE_PREFIX_PATH=/home/jezzy/huskybot/install/velodyne_msgs:/home/jezzy/huskybot/install/huskybot_recognition:/home/jezzy/huskybot/install/yolov12_msgs:/home/jezzy/huskybot/install/velodyne:/home/jezzy/huskybot/install/velodyne_pointcloud:/home/jezzy/huskybot/install/velodyne_driver:/home/jezzy/huskybot/install/velodyne_laserscan:/home/jezzy/huskybot/install/huskybot_mapping:/home/jezzy/huskybot/install/huskybot_gazebo:/home/jezzy/huskybot/install/huskybot_description:/home/jezzy/huskybot/install/huskybot_control:/home/jezzy/huskybot/install/husky_description:/home/jezzy/huskybot/install/husky_custom_description:/home/jezzy/husky_ws/turtlebot3/install/turtlebot3:/home/jezzy/husky_ws/turtlebot3/install/turtlebot3_simulations:/home/jezzy/husky_ws/turtlebot3/install/turtlebot3_bringup:/home/jezzy/husky_ws/turtlebot3/install/turtlebot3_node:/home/jezzy/husky_ws/turtlebot3/install/turtlebot3_navigation2:/home/jezzy/husky_ws/turtlebot3/install/turtlebot3_fake_node:/home/jezzy/husky_ws/turtlebot3/install/turtlebot3_msgs:/home/jezzy/husky_ws/turtlebot3/install/turtlebot3_gazebo:/home/jezzy/husky_ws/turtlebot3/install/turtlebot3_description:/home/jezzy/husky_ws/turtlebot3/install/turtlebot3_cartographer:/home/jezzy/husky_ws/turtlebot3/install/dynamixel_sdk_examples:/home/jezzy/husky_ws/turtlebot3/install/dynamixel_sdk_custom_interfaces:/home/jezzy/husky_ws/turtlebot3/install/dynamixel_sdk:/home/jezzy/huskybot/install/huskybot_fusion:/home/jezzy/huskybot/install/huskybot_navigation:/home/jezzy/husky_ws/turtlebot3/install/turtlebot3_teleop:/home/jezzy/husky_ws/turtlebot3/install/turtlebot3_example:/home/jezzy/husky_ws/turtlebot3/install/segtect:/home/jezzy/husky_ws/turtlebot3/install/autonomous_exploration:/home/jezzy/husky_ws/lintic/install/yolosed:/home/jezzy/husky_ws/lintic/install/visual:/home/jezzy/husky_ws/lintic/install/segnet:/opt/ros/humble LD_LIBRARY_PATH=/home/jezzy/huskybot/install/velodyne_msgs/lib:/home/jezzy/huskybot/install/yolov12_msgs/lib:/home/jezzy/huskybot/install/velodyne_pointcloud/lib:/home/jezzy/huskybot/install/velodyne_driver/lib:/home/jezzy/huskybot/install/velodyne_laserscan/lib:/home/jezzy/husky_ws/turtlebot3/install/turtlebot3_msgs/lib:/home/jezzy/husky_ws/turtlebot3/install/dynamixel_sdk_custom_interfaces/lib:/home/jezzy/husky_ws/turtlebot3/install/dynamixel_sdk/lib:/usr/lib/x86_64-linux-gnu/gazebo-11/plugins:/opt/ros/humble/opt/rviz_ogre_vendor/lib:/opt/ros/humble/lib/x86_64-linux-gnu:/opt/ros/humble/lib:/usr/share/gazebo/../../lib/x86_64-linux-gnu/gazebo-11/plugins /usr/bin/cmake --install /home/jezzy/huskybot/build/velodyne_driver
