[0.191s] Invoking command in '/home/jezzy/yolobot/build/yolobot_gazebo': CMAKE_PREFIX_PATH=${CMAKE_PREFIX_PATH}:/home/jezzy/husky_ws/lintic/install/yolosed:/home/jezzy/husky_ws/lintic/install/visual:/home/jezzy/husky_ws/lintic/install/segnet:/home/jezzy/husky_ws/turtlebot3/install/turtlebot3_teleop:/home/jezzy/husky_ws/turtlebot3/install/turtlebot3_example:/home/jezzy/husky_ws/turtlebot3/install/segtect:/home/jezzy/husky_ws/turtlebot3/install/autonomous_exploration:/opt/ros/humble /usr/bin/cmake --build /home/jezzy/yolobot/build/yolobot_gazebo -- -j4 -l4
[0.301s] Invoked command in '/home/jezzy/yolobot/build/yolobot_gazebo' returned '0': CMAKE_PREFIX_PATH=${CMAKE_PREFIX_PATH}:/home/jezzy/husky_ws/lintic/install/yolosed:/home/jezzy/husky_ws/lintic/install/visual:/home/jezzy/husky_ws/lintic/install/segnet:/home/jezzy/husky_ws/turtlebot3/install/turtlebot3_teleop:/home/jezzy/husky_ws/turtlebot3/install/turtlebot3_example:/home/jezzy/husky_ws/turtlebot3/install/segtect:/home/jezzy/husky_ws/turtlebot3/install/autonomous_exploration:/opt/ros/humble /usr/bin/cmake --build /home/jezzy/yolobot/build/yolobot_gazebo -- -j4 -l4
[0.303s] Invoking command in '/home/jezzy/yolobot/build/yolobot_gazebo': CMAKE_PREFIX_PATH=${CMAKE_PREFIX_PATH}:/home/jezzy/husky_ws/lintic/install/yolosed:/home/jezzy/husky_ws/lintic/install/visual:/home/jezzy/husky_ws/lintic/install/segnet:/home/jezzy/husky_ws/turtlebot3/install/turtlebot3_teleop:/home/jezzy/husky_ws/turtlebot3/install/turtlebot3_example:/home/jezzy/husky_ws/turtlebot3/install/segtect:/home/jezzy/husky_ws/turtlebot3/install/autonomous_exploration:/opt/ros/humble /usr/bin/cmake --install /home/jezzy/yolobot/build/yolobot_gazebo
[0.321s] -- Install configuration: ""
[0.322s] -- Up-to-date: /home/jezzy/yolobot/install/yolobot_gazebo/share/yolobot_gazebo//launch
[0.324s] -- Up-to-date: /home/jezzy/yolobot/install/yolobot_gazebo/share/yolobot_gazebo//launch/yolobot_launch.py
[0.326s] -- Up-to-date: /home/jezzy/yolobot/install/yolobot_gazebo/share/yolobot_gazebo//launch/start_world_launch.py
[0.326s] -- Up-to-date: /home/jezzy/yolobot/install/yolobot_gazebo/share/yolobot_gazebo//worlds
[0.327s] -- Up-to-date: /home/jezzy/yolobot/install/yolobot_gazebo/share/yolobot_gazebo//worlds/yolo_test.world
[0.328s] -- Up-to-date: /home/jezzy/yolobot/install/yolobot_gazebo/share/ament_index/resource_index/package_run_dependencies/yolobot_gazebo
[0.329s] -- Up-to-date: /home/jezzy/yolobot/install/yolobot_gazebo/share/ament_index/resource_index/parent_prefix_path/yolobot_gazebo
[0.330s] -- Up-to-date: /home/jezzy/yolobot/install/yolobot_gazebo/share/yolobot_gazebo/environment/ament_prefix_path.sh
[0.332s] -- Up-to-date: /home/jezzy/yolobot/install/yolobot_gazebo/share/yolobot_gazebo/environment/ament_prefix_path.dsv
[0.334s] -- Up-to-date: /home/jezzy/yolobot/install/yolobot_gazebo/share/yolobot_gazebo/environment/path.sh
[0.335s] -- Up-to-date: /home/jezzy/yolobot/install/yolobot_gazebo/share/yolobot_gazebo/environment/path.dsv
[0.335s] -- Up-to-date: /home/jezzy/yolobot/install/yolobot_gazebo/share/yolobot_gazebo/local_setup.bash
[0.335s] -- Up-to-date: /home/jezzy/yolobot/install/yolobot_gazebo/share/yolobot_gazebo/local_setup.sh
[0.335s] -- Up-to-date: /home/jezzy/yolobot/install/yolobot_gazebo/share/yolobot_gazebo/local_setup.zsh
[0.336s] -- Up-to-date: /home/jezzy/yolobot/install/yolobot_gazebo/share/yolobot_gazebo/local_setup.dsv
[0.336s] -- Installing: /home/jezzy/yolobot/install/yolobot_gazebo/share/yolobot_gazebo/package.dsv
[0.346s] -- Up-to-date: /home/jezzy/yolobot/install/yolobot_gazebo/share/ament_index/resource_index/packages/yolobot_gazebo
[0.348s] -- Up-to-date: /home/jezzy/yolobot/install/yolobot_gazebo/share/yolobot_gazebo/cmake/yolobot_gazeboConfig.cmake
[0.349s] -- Up-to-date: /home/jezzy/yolobot/install/yolobot_gazebo/share/yolobot_gazebo/cmake/yolobot_gazeboConfig-version.cmake
[0.349s] -- Up-to-date: /home/jezzy/yolobot/install/yolobot_gazebo/share/yolobot_gazebo/package.xml
[0.356s] Invoked command in '/home/jezzy/yolobot/build/yolobot_gazebo' returned '0': CMAKE_PREFIX_PATH=${CMAKE_PREFIX_PATH}:/home/jezzy/husky_ws/lintic/install/yolosed:/home/jezzy/husky_ws/lintic/install/visual:/home/jezzy/husky_ws/lintic/install/segnet:/home/jezzy/husky_ws/turtlebot3/install/turtlebot3_teleop:/home/jezzy/husky_ws/turtlebot3/install/turtlebot3_example:/home/jezzy/husky_ws/turtlebot3/install/segtect:/home/jezzy/husky_ws/turtlebot3/install/autonomous_exploration:/opt/ros/humble /usr/bin/cmake --install /home/jezzy/yolobot/build/yolobot_gazebo
