[  2%] Built target yolov12_msgs__cpp
[ 12%] Built target yolov12_msgs__rosidl_generator_c
[ 23%] Built target yolov12_msgs__rosidl_typesupport_fastrtps_cpp
[ 33%] Built target yolov12_msgs__rosidl_typesupport_cpp
[ 43%] Built target yolov12_msgs__rosidl_typesupport_introspection_cpp
[ 43%] Built target ament_cmake_python_copy_yolov12_msgs
[ 53%] Built target yolov12_msgs__rosidl_typesupport_introspection_c
[ 64%] Built target yolov12_msgs__rosidl_typesupport_fastrtps_c
[ 74%] Built target yolov12_msgs__rosidl_typesupport_c
[ 74%] Built target yolov12_msgs
[ 76%] Built target yolov12_msgs__py
[ 84%] Built target yolov12_msgs__rosidl_generator_py
[ 89%] Built target yolov12_msgs__rosidl_typesupport_introspection_c__pyext
[ 94%] Built target yolov12_msgs__rosidl_typesupport_fastrtps_c__pyext
[100%] Built target yolov12_msgs__rosidl_typesupport_c__pyext
running egg_info
writing yolov12_msgs.egg-info/PKG-INFO
writing dependency_links to yolov12_msgs.egg-info/dependency_links.txt
writing top-level names to yolov12_msgs.egg-info/top_level.txt
reading manifest file 'yolov12_msgs.egg-info/SOURCES.txt'
writing manifest file 'yolov12_msgs.egg-info/SOURCES.txt'
[100%] Built target ament_cmake_python_build_yolov12_msgs_egg
-- Install configuration: ""
-- Up-to-date: /home/jezzy/huskybot/install/yolov12_msgs/share/ament_index/resource_index/rosidl_interfaces/yolov12_msgs
-- Up-to-date: /home/jezzy/huskybot/install/yolov12_msgs/include/yolov12_msgs/yolov12_msgs
-- Up-to-date: /home/jezzy/huskybot/install/yolov12_msgs/include/yolov12_msgs/yolov12_msgs/msg
-- Up-to-date: /home/jezzy/huskybot/install/yolov12_msgs/include/yolov12_msgs/yolov12_msgs/msg/rosidl_generator_c__visibility_control.h
-- Up-to-date: /home/jezzy/huskybot/install/yolov12_msgs/include/yolov12_msgs/yolov12_msgs/msg/detail
-- Up-to-date: /home/jezzy/huskybot/install/yolov12_msgs/include/yolov12_msgs/yolov12_msgs/msg/detail/inference_result__type_support.h
-- Up-to-date: /home/jezzy/huskybot/install/yolov12_msgs/include/yolov12_msgs/yolov12_msgs/msg/detail/inference_result__functions.h
-- Up-to-date: /home/jezzy/huskybot/install/yolov12_msgs/include/yolov12_msgs/yolov12_msgs/msg/detail/yolov12_inference__struct.h
-- Up-to-date: /home/jezzy/huskybot/install/yolov12_msgs/include/yolov12_msgs/yolov12_msgs/msg/detail/inference_result__struct.h
-- Up-to-date: /home/jezzy/huskybot/install/yolov12_msgs/include/yolov12_msgs/yolov12_msgs/msg/detail/yolov12_inference__functions.c
-- Up-to-date: /home/jezzy/huskybot/install/yolov12_msgs/include/yolov12_msgs/yolov12_msgs/msg/detail/inference_result__functions.c
-- Up-to-date: /home/jezzy/huskybot/install/yolov12_msgs/include/yolov12_msgs/yolov12_msgs/msg/detail/yolov12_inference__functions.h
-- Up-to-date: /home/jezzy/huskybot/install/yolov12_msgs/include/yolov12_msgs/yolov12_msgs/msg/detail/yolov12_inference__type_support.h
-- Up-to-date: /home/jezzy/huskybot/install/yolov12_msgs/include/yolov12_msgs/yolov12_msgs/msg/inference_result.h
-- Up-to-date: /home/jezzy/huskybot/install/yolov12_msgs/include/yolov12_msgs/yolov12_msgs/msg/yolov12_inference.h
-- Up-to-date: /home/jezzy/huskybot/install/yolov12_msgs/share/yolov12_msgs/environment/library_path.sh
-- Up-to-date: /home/jezzy/huskybot/install/yolov12_msgs/share/yolov12_msgs/environment/library_path.dsv
-- Up-to-date: /home/jezzy/huskybot/install/yolov12_msgs/lib/libyolov12_msgs__rosidl_generator_c.so
-- Up-to-date: /home/jezzy/huskybot/install/yolov12_msgs/include/yolov12_msgs/yolov12_msgs
-- Up-to-date: /home/jezzy/huskybot/install/yolov12_msgs/include/yolov12_msgs/yolov12_msgs/msg
-- Up-to-date: /home/jezzy/huskybot/install/yolov12_msgs/include/yolov12_msgs/yolov12_msgs/msg/detail
-- Up-to-date: /home/jezzy/huskybot/install/yolov12_msgs/include/yolov12_msgs/yolov12_msgs/msg/detail/inference_result__rosidl_typesupport_fastrtps_c.h
-- Up-to-date: /home/jezzy/huskybot/install/yolov12_msgs/include/yolov12_msgs/yolov12_msgs/msg/detail/yolov12_inference__rosidl_typesupport_fastrtps_c.h
-- Up-to-date: /home/jezzy/huskybot/install/yolov12_msgs/include/yolov12_msgs/yolov12_msgs/msg/rosidl_typesupport_fastrtps_c__visibility_control.h
-- Up-to-date: /home/jezzy/huskybot/install/yolov12_msgs/lib/libyolov12_msgs__rosidl_typesupport_fastrtps_c.so
-- Up-to-date: /home/jezzy/huskybot/install/yolov12_msgs/include/yolov12_msgs/yolov12_msgs
-- Up-to-date: /home/jezzy/huskybot/install/yolov12_msgs/include/yolov12_msgs/yolov12_msgs/msg
-- Up-to-date: /home/jezzy/huskybot/install/yolov12_msgs/include/yolov12_msgs/yolov12_msgs/msg/detail
-- Up-to-date: /home/jezzy/huskybot/install/yolov12_msgs/include/yolov12_msgs/yolov12_msgs/msg/detail/inference_result__struct.hpp
-- Up-to-date: /home/jezzy/huskybot/install/yolov12_msgs/include/yolov12_msgs/yolov12_msgs/msg/detail/inference_result__builder.hpp
-- Up-to-date: /home/jezzy/huskybot/install/yolov12_msgs/include/yolov12_msgs/yolov12_msgs/msg/detail/yolov12_inference__struct.hpp
-- Up-to-date: /home/jezzy/huskybot/install/yolov12_msgs/include/yolov12_msgs/yolov12_msgs/msg/detail/yolov12_inference__traits.hpp
-- Up-to-date: /home/jezzy/huskybot/install/yolov12_msgs/include/yolov12_msgs/yolov12_msgs/msg/detail/inference_result__traits.hpp
-- Up-to-date: /home/jezzy/huskybot/install/yolov12_msgs/include/yolov12_msgs/yolov12_msgs/msg/detail/yolov12_inference__type_support.hpp
-- Up-to-date: /home/jezzy/huskybot/install/yolov12_msgs/include/yolov12_msgs/yolov12_msgs/msg/detail/yolov12_inference__builder.hpp
-- Up-to-date: /home/jezzy/huskybot/install/yolov12_msgs/include/yolov12_msgs/yolov12_msgs/msg/detail/inference_result__type_support.hpp
-- Up-to-date: /home/jezzy/huskybot/install/yolov12_msgs/include/yolov12_msgs/yolov12_msgs/msg/inference_result.hpp
-- Up-to-date: /home/jezzy/huskybot/install/yolov12_msgs/include/yolov12_msgs/yolov12_msgs/msg/rosidl_generator_cpp__visibility_control.hpp
-- Up-to-date: /home/jezzy/huskybot/install/yolov12_msgs/include/yolov12_msgs/yolov12_msgs/msg/yolov12_inference.hpp
-- Up-to-date: /home/jezzy/huskybot/install/yolov12_msgs/include/yolov12_msgs/yolov12_msgs
-- Up-to-date: /home/jezzy/huskybot/install/yolov12_msgs/include/yolov12_msgs/yolov12_msgs/msg
-- Up-to-date: /home/jezzy/huskybot/install/yolov12_msgs/include/yolov12_msgs/yolov12_msgs/msg/rosidl_typesupport_fastrtps_cpp__visibility_control.h
-- Up-to-date: /home/jezzy/huskybot/install/yolov12_msgs/include/yolov12_msgs/yolov12_msgs/msg/detail
-- Up-to-date: /home/jezzy/huskybot/install/yolov12_msgs/include/yolov12_msgs/yolov12_msgs/msg/detail/yolov12_inference__rosidl_typesupport_fastrtps_cpp.hpp
-- Up-to-date: /home/jezzy/huskybot/install/yolov12_msgs/include/yolov12_msgs/yolov12_msgs/msg/detail/dds_fastrtps
-- Up-to-date: /home/jezzy/huskybot/install/yolov12_msgs/include/yolov12_msgs/yolov12_msgs/msg/detail/inference_result__rosidl_typesupport_fastrtps_cpp.hpp
-- Up-to-date: /home/jezzy/huskybot/install/yolov12_msgs/lib/libyolov12_msgs__rosidl_typesupport_fastrtps_cpp.so
-- Up-to-date: /home/jezzy/huskybot/install/yolov12_msgs/include/yolov12_msgs/yolov12_msgs
-- Up-to-date: /home/jezzy/huskybot/install/yolov12_msgs/include/yolov12_msgs/yolov12_msgs/msg
-- Up-to-date: /home/jezzy/huskybot/install/yolov12_msgs/include/yolov12_msgs/yolov12_msgs/msg/rosidl_typesupport_introspection_c__visibility_control.h
-- Up-to-date: /home/jezzy/huskybot/install/yolov12_msgs/include/yolov12_msgs/yolov12_msgs/msg/detail
-- Up-to-date: /home/jezzy/huskybot/install/yolov12_msgs/include/yolov12_msgs/yolov12_msgs/msg/detail/inference_result__rosidl_typesupport_introspection_c.h
-- Up-to-date: /home/jezzy/huskybot/install/yolov12_msgs/include/yolov12_msgs/yolov12_msgs/msg/detail/yolov12_inference__rosidl_typesupport_introspection_c.h
-- Up-to-date: /home/jezzy/huskybot/install/yolov12_msgs/include/yolov12_msgs/yolov12_msgs/msg/detail/inference_result__type_support.c
-- Up-to-date: /home/jezzy/huskybot/install/yolov12_msgs/include/yolov12_msgs/yolov12_msgs/msg/detail/yolov12_inference__type_support.c
-- Up-to-date: /home/jezzy/huskybot/install/yolov12_msgs/lib/libyolov12_msgs__rosidl_typesupport_introspection_c.so
-- Up-to-date: /home/jezzy/huskybot/install/yolov12_msgs/lib/libyolov12_msgs__rosidl_typesupport_c.so
-- Up-to-date: /home/jezzy/huskybot/install/yolov12_msgs/include/yolov12_msgs/yolov12_msgs
-- Up-to-date: /home/jezzy/huskybot/install/yolov12_msgs/include/yolov12_msgs/yolov12_msgs/msg
-- Up-to-date: /home/jezzy/huskybot/install/yolov12_msgs/include/yolov12_msgs/yolov12_msgs/msg/detail
-- Up-to-date: /home/jezzy/huskybot/install/yolov12_msgs/include/yolov12_msgs/yolov12_msgs/msg/detail/yolov12_inference__rosidl_typesupport_introspection_cpp.hpp
-- Up-to-date: /home/jezzy/huskybot/install/yolov12_msgs/include/yolov12_msgs/yolov12_msgs/msg/detail/inference_result__type_support.cpp
-- Up-to-date: /home/jezzy/huskybot/install/yolov12_msgs/include/yolov12_msgs/yolov12_msgs/msg/detail/inference_result__rosidl_typesupport_introspection_cpp.hpp
-- Up-to-date: /home/jezzy/huskybot/install/yolov12_msgs/include/yolov12_msgs/yolov12_msgs/msg/detail/yolov12_inference__type_support.cpp
-- Up-to-date: /home/jezzy/huskybot/install/yolov12_msgs/lib/libyolov12_msgs__rosidl_typesupport_introspection_cpp.so
-- Up-to-date: /home/jezzy/huskybot/install/yolov12_msgs/lib/libyolov12_msgs__rosidl_typesupport_cpp.so
-- Up-to-date: /home/jezzy/huskybot/install/yolov12_msgs/share/yolov12_msgs/environment/pythonpath.sh
-- Up-to-date: /home/jezzy/huskybot/install/yolov12_msgs/share/yolov12_msgs/environment/pythonpath.dsv
-- Up-to-date: /home/jezzy/huskybot/install/yolov12_msgs/local/lib/python3.10/dist-packages/yolov12_msgs-0.0.0-py3.10.egg-info
-- Installing: /home/jezzy/huskybot/install/yolov12_msgs/local/lib/python3.10/dist-packages/yolov12_msgs-0.0.0-py3.10.egg-info/top_level.txt
-- Installing: /home/jezzy/huskybot/install/yolov12_msgs/local/lib/python3.10/dist-packages/yolov12_msgs-0.0.0-py3.10.egg-info/SOURCES.txt
-- Installing: /home/jezzy/huskybot/install/yolov12_msgs/local/lib/python3.10/dist-packages/yolov12_msgs-0.0.0-py3.10.egg-info/dependency_links.txt
-- Installing: /home/jezzy/huskybot/install/yolov12_msgs/local/lib/python3.10/dist-packages/yolov12_msgs-0.0.0-py3.10.egg-info/PKG-INFO
-- Up-to-date: /home/jezzy/huskybot/install/yolov12_msgs/local/lib/python3.10/dist-packages/yolov12_msgs
-- Up-to-date: /home/jezzy/huskybot/install/yolov12_msgs/local/lib/python3.10/dist-packages/yolov12_msgs/libyolov12_msgs__rosidl_generator_py.so
-- Up-to-date: /home/jezzy/huskybot/install/yolov12_msgs/local/lib/python3.10/dist-packages/yolov12_msgs/_yolov12_msgs_s.ep.rosidl_typesupport_introspection_c.c
-- Up-to-date: /home/jezzy/huskybot/install/yolov12_msgs/local/lib/python3.10/dist-packages/yolov12_msgs/_yolov12_msgs_s.ep.rosidl_typesupport_fastrtps_c.c
-- Up-to-date: /home/jezzy/huskybot/install/yolov12_msgs/local/lib/python3.10/dist-packages/yolov12_msgs/_yolov12_msgs_s.ep.rosidl_typesupport_c.c
-- Up-to-date: /home/jezzy/huskybot/install/yolov12_msgs/local/lib/python3.10/dist-packages/yolov12_msgs/yolov12_msgs_s__rosidl_typesupport_introspection_c.cpython-310-x86_64-linux-gnu.so
-- Up-to-date: /home/jezzy/huskybot/install/yolov12_msgs/local/lib/python3.10/dist-packages/yolov12_msgs/msg
-- Up-to-date: /home/jezzy/huskybot/install/yolov12_msgs/local/lib/python3.10/dist-packages/yolov12_msgs/msg/_inference_result_s.c
-- Up-to-date: /home/jezzy/huskybot/install/yolov12_msgs/local/lib/python3.10/dist-packages/yolov12_msgs/msg/_inference_result.py
-- Up-to-date: /home/jezzy/huskybot/install/yolov12_msgs/local/lib/python3.10/dist-packages/yolov12_msgs/msg/_yolov12_inference_s.c
-- Up-to-date: /home/jezzy/huskybot/install/yolov12_msgs/local/lib/python3.10/dist-packages/yolov12_msgs/msg/_yolov12_inference.py
-- Up-to-date: /home/jezzy/huskybot/install/yolov12_msgs/local/lib/python3.10/dist-packages/yolov12_msgs/msg/__init__.py
-- Up-to-date: /home/jezzy/huskybot/install/yolov12_msgs/local/lib/python3.10/dist-packages/yolov12_msgs/yolov12_msgs_s__rosidl_typesupport_fastrtps_c.cpython-310-x86_64-linux-gnu.so
-- Up-to-date: /home/jezzy/huskybot/install/yolov12_msgs/local/lib/python3.10/dist-packages/yolov12_msgs/yolov12_msgs_s__rosidl_typesupport_c.cpython-310-x86_64-linux-gnu.so
-- Up-to-date: /home/jezzy/huskybot/install/yolov12_msgs/local/lib/python3.10/dist-packages/yolov12_msgs/__init__.py
Listing '/home/jezzy/huskybot/install/yolov12_msgs/local/lib/python3.10/dist-packages/yolov12_msgs'...
Listing '/home/jezzy/huskybot/install/yolov12_msgs/local/lib/python3.10/dist-packages/yolov12_msgs/msg'...
-- Up-to-date: /home/jezzy/huskybot/install/yolov12_msgs/local/lib/python3.10/dist-packages/yolov12_msgs/yolov12_msgs_s__rosidl_typesupport_fastrtps_c.cpython-310-x86_64-linux-gnu.so
-- Up-to-date: /home/jezzy/huskybot/install/yolov12_msgs/local/lib/python3.10/dist-packages/yolov12_msgs/yolov12_msgs_s__rosidl_typesupport_introspection_c.cpython-310-x86_64-linux-gnu.so
-- Up-to-date: /home/jezzy/huskybot/install/yolov12_msgs/local/lib/python3.10/dist-packages/yolov12_msgs/yolov12_msgs_s__rosidl_typesupport_c.cpython-310-x86_64-linux-gnu.so
-- Up-to-date: /home/jezzy/huskybot/install/yolov12_msgs/lib/libyolov12_msgs__rosidl_generator_py.so
-- Up-to-date: /home/jezzy/huskybot/install/yolov12_msgs/share/yolov12_msgs/msg/InferenceResult.idl
-- Up-to-date: /home/jezzy/huskybot/install/yolov12_msgs/share/yolov12_msgs/msg/Yolov12Inference.idl
-- Up-to-date: /home/jezzy/huskybot/install/yolov12_msgs/share/yolov12_msgs/msg/InferenceResult.msg
-- Up-to-date: /home/jezzy/huskybot/install/yolov12_msgs/share/yolov12_msgs/msg/Yolov12Inference.msg
-- Up-to-date: /home/jezzy/huskybot/install/yolov12_msgs/share/ament_index/resource_index/package_run_dependencies/yolov12_msgs
-- Up-to-date: /home/jezzy/huskybot/install/yolov12_msgs/share/ament_index/resource_index/parent_prefix_path/yolov12_msgs
-- Up-to-date: /home/jezzy/huskybot/install/yolov12_msgs/share/yolov12_msgs/environment/ament_prefix_path.sh
-- Up-to-date: /home/jezzy/huskybot/install/yolov12_msgs/share/yolov12_msgs/environment/ament_prefix_path.dsv
-- Up-to-date: /home/jezzy/huskybot/install/yolov12_msgs/share/yolov12_msgs/environment/path.sh
-- Up-to-date: /home/jezzy/huskybot/install/yolov12_msgs/share/yolov12_msgs/environment/path.dsv
-- Up-to-date: /home/jezzy/huskybot/install/yolov12_msgs/share/yolov12_msgs/local_setup.bash
-- Up-to-date: /home/jezzy/huskybot/install/yolov12_msgs/share/yolov12_msgs/local_setup.sh
-- Up-to-date: /home/jezzy/huskybot/install/yolov12_msgs/share/yolov12_msgs/local_setup.zsh
-- Up-to-date: /home/jezzy/huskybot/install/yolov12_msgs/share/yolov12_msgs/local_setup.dsv
-- Installing: /home/jezzy/huskybot/install/yolov12_msgs/share/yolov12_msgs/package.dsv
-- Up-to-date: /home/jezzy/huskybot/install/yolov12_msgs/share/ament_index/resource_index/packages/yolov12_msgs
-- Up-to-date: /home/jezzy/huskybot/install/yolov12_msgs/share/yolov12_msgs/cmake/export_yolov12_msgs__rosidl_generator_cExport.cmake
-- Up-to-date: /home/jezzy/huskybot/install/yolov12_msgs/share/yolov12_msgs/cmake/export_yolov12_msgs__rosidl_generator_cExport-noconfig.cmake
-- Up-to-date: /home/jezzy/huskybot/install/yolov12_msgs/share/yolov12_msgs/cmake/export_yolov12_msgs__rosidl_typesupport_fastrtps_cExport.cmake
-- Up-to-date: /home/jezzy/huskybot/install/yolov12_msgs/share/yolov12_msgs/cmake/export_yolov12_msgs__rosidl_typesupport_fastrtps_cExport-noconfig.cmake
-- Up-to-date: /home/jezzy/huskybot/install/yolov12_msgs/share/yolov12_msgs/cmake/export_yolov12_msgs__rosidl_generator_cppExport.cmake
-- Up-to-date: /home/jezzy/huskybot/install/yolov12_msgs/share/yolov12_msgs/cmake/export_yolov12_msgs__rosidl_typesupport_fastrtps_cppExport.cmake
-- Up-to-date: /home/jezzy/huskybot/install/yolov12_msgs/share/yolov12_msgs/cmake/export_yolov12_msgs__rosidl_typesupport_fastrtps_cppExport-noconfig.cmake
-- Up-to-date: /home/jezzy/huskybot/install/yolov12_msgs/share/yolov12_msgs/cmake/yolov12_msgs__rosidl_typesupport_introspection_cExport.cmake
-- Up-to-date: /home/jezzy/huskybot/install/yolov12_msgs/share/yolov12_msgs/cmake/yolov12_msgs__rosidl_typesupport_introspection_cExport-noconfig.cmake
-- Up-to-date: /home/jezzy/huskybot/install/yolov12_msgs/share/yolov12_msgs/cmake/yolov12_msgs__rosidl_typesupport_cExport.cmake
-- Up-to-date: /home/jezzy/huskybot/install/yolov12_msgs/share/yolov12_msgs/cmake/yolov12_msgs__rosidl_typesupport_cExport-noconfig.cmake
-- Up-to-date: /home/jezzy/huskybot/install/yolov12_msgs/share/yolov12_msgs/cmake/yolov12_msgs__rosidl_typesupport_introspection_cppExport.cmake
-- Up-to-date: /home/jezzy/huskybot/install/yolov12_msgs/share/yolov12_msgs/cmake/yolov12_msgs__rosidl_typesupport_introspection_cppExport-noconfig.cmake
-- Up-to-date: /home/jezzy/huskybot/install/yolov12_msgs/share/yolov12_msgs/cmake/yolov12_msgs__rosidl_typesupport_cppExport.cmake
-- Up-to-date: /home/jezzy/huskybot/install/yolov12_msgs/share/yolov12_msgs/cmake/yolov12_msgs__rosidl_typesupport_cppExport-noconfig.cmake
-- Up-to-date: /home/jezzy/huskybot/install/yolov12_msgs/share/yolov12_msgs/cmake/export_yolov12_msgs__rosidl_generator_pyExport.cmake
-- Up-to-date: /home/jezzy/huskybot/install/yolov12_msgs/share/yolov12_msgs/cmake/export_yolov12_msgs__rosidl_generator_pyExport-noconfig.cmake
-- Up-to-date: /home/jezzy/huskybot/install/yolov12_msgs/share/yolov12_msgs/cmake/rosidl_cmake-extras.cmake
-- Up-to-date: /home/jezzy/huskybot/install/yolov12_msgs/share/yolov12_msgs/cmake/ament_cmake_export_dependencies-extras.cmake
-- Up-to-date: /home/jezzy/huskybot/install/yolov12_msgs/share/yolov12_msgs/cmake/ament_cmake_export_include_directories-extras.cmake
-- Up-to-date: /home/jezzy/huskybot/install/yolov12_msgs/share/yolov12_msgs/cmake/ament_cmake_export_libraries-extras.cmake
-- Up-to-date: /home/jezzy/huskybot/install/yolov12_msgs/share/yolov12_msgs/cmake/ament_cmake_export_targets-extras.cmake
-- Up-to-date: /home/jezzy/huskybot/install/yolov12_msgs/share/yolov12_msgs/cmake/rosidl_cmake_export_typesupport_targets-extras.cmake
-- Up-to-date: /home/jezzy/huskybot/install/yolov12_msgs/share/yolov12_msgs/cmake/rosidl_cmake_export_typesupport_libraries-extras.cmake
-- Up-to-date: /home/jezzy/huskybot/install/yolov12_msgs/share/yolov12_msgs/cmake/yolov12_msgsConfig.cmake
-- Up-to-date: /home/jezzy/huskybot/install/yolov12_msgs/share/yolov12_msgs/cmake/yolov12_msgsConfig-version.cmake
-- Up-to-date: /home/jezzy/huskybot/install/yolov12_msgs/share/yolov12_msgs/package.xml
