[0.070s] Invoking command in '/home/jezzy/huskybot/build/velodyne_laserscan': CMAKE_PREFIX_PATH=${CMAKE_PREFIX_PATH}:/home/jezzy/huskybot/install/huskybot_fusion:/home/jezzy/huskybot/install/huskybot_navigation:/home/jezzy/husky_ws/lintic/install/yolosed:/home/jezzy/husky_ws/lintic/install/visual:/home/jezzy/husky_ws/lintic/install/segnet:/home/jezzy/husky_ws/turtlebot3/install/turtlebot3_teleop:/home/jezzy/husky_ws/turtlebot3/install/turtlebot3_example:/home/jezzy/husky_ws/turtlebot3/install/segtect:/home/jezzy/husky_ws/turtlebot3/install/autonomous_exploration:/opt/ros/humble /usr/bin/cmake /home/jezzy/huskybot/src/velodyne/velodyne_laserscan -DCMAKE_INSTALL_PREFIX=/home/jezzy/huskybot/install/velodyne_laserscan
[0.421s] -- The C compiler identification is GNU 11.4.0
[2.358s] -- The CXX compiler identification is GNU 11.4.0
[3.886s] -- Detecting C compiler ABI info
[4.490s] -- Detecting C compiler ABI info - done
[4.527s] -- Check for working C compiler: /usr/bin/cc - skipped
[4.527s] -- Detecting C compile features
[4.530s] -- Detecting C compile features - done
[4.540s] -- Detecting CXX compiler ABI info
[5.374s] -- Detecting CXX compiler ABI info - done
[5.424s] -- Check for working CXX compiler: /usr/bin/c++ - skipped
[5.425s] -- Detecting CXX compile features
[5.426s] -- Detecting CXX compile features - done
[5.440s] -- Found ament_cmake_ros: 0.10.0 (/opt/ros/humble/share/ament_cmake_ros/cmake)
[6.039s] -- Found Python3: /usr/bin/python3 (found version "3.10.12") found components: Interpreter 
[6.669s] -- Found rclcpp: 16.0.12 (/opt/ros/humble/share/rclcpp/cmake)
[7.626s] -- Found rosidl_generator_c: 3.1.6 (/opt/ros/humble/share/rosidl_generator_c/cmake)
[7.652s] -- Found rosidl_adapter: 3.1.6 (/opt/ros/humble/share/rosidl_adapter/cmake)
[7.686s] -- Found rosidl_generator_cpp: 3.1.6 (/opt/ros/humble/share/rosidl_generator_cpp/cmake)
[7.744s] -- Using all available rosidl_typesupport_c: rosidl_typesupport_fastrtps_c;rosidl_typesupport_introspection_c
[7.814s] -- Using all available rosidl_typesupport_cpp: rosidl_typesupport_fastrtps_cpp;rosidl_typesupport_introspection_cpp
[8.070s] -- Found rmw_implementation_cmake: 6.1.2 (/opt/ros/humble/share/rmw_implementation_cmake/cmake)
[8.091s] -- Found rmw_fastrtps_cpp: 6.2.7 (/opt/ros/humble/share/rmw_fastrtps_cpp/cmake)
[13.241s] -- Found OpenSSL: /usr/lib/x86_64-linux-gnu/libcrypto.so (found version "3.0.2")  
[19.067s] -- Found FastRTPS: /opt/ros/humble/include  
[32.834s] -- Using RMW implementation 'rmw_fastrtps_cpp' as default
[33.112s] -- Looking for pthread.h
[35.109s] -- Looking for pthread.h - found
[35.110s] -- Performing Test CMAKE_HAVE_LIBC_PTHREAD
[36.940s] -- Performing Test CMAKE_HAVE_LIBC_PTHREAD - Success
[36.975s] -- Found Threads: TRUE  
[37.769s] -- Found rclcpp_components: 16.0.12 (/opt/ros/humble/share/rclcpp_components/cmake)
[37.968s] -- Found sensor_msgs: 4.8.0 (/opt/ros/humble/share/sensor_msgs/cmake)
[38.232s] -- Found ament_lint_auto: 0.12.12 (/opt/ros/humble/share/ament_lint_auto/cmake)
[38.782s] -- Added test 'copyright' to check source files copyright and LICENSE
[38.795s] -- Added test 'cppcheck' to perform static code analysis on C / C++ code
[38.802s] -- Configured cppcheck include dirs: $<BUILD_INTERFACE:/home/jezzy/huskybot/src/velodyne/velodyne_laserscan/include>
[38.804s] -- Configured cppcheck exclude dirs and/or files: 
[38.811s] -- Added test 'cpplint' to check C / C++ code against the Google style
[38.811s] -- Configured cpplint exclude dirs and/or files: 
[38.824s] -- Added test 'flake8' to check Python code syntax and style conventions
[38.828s] -- Added test 'lint_cmake' to check CMake code style
[38.838s] -- Added test 'pep257' to check Python code against some of the docstring style conventions in PEP 257
[38.854s] -- Added test 'uncrustify' to check C / C++ code style
[38.854s] -- Configured uncrustify additional arguments: 
[38.869s] -- Added test 'xmllint' to check XML markup files
[38.901s] -- Configuring done
[38.987s] -- Generating done
[39.012s] -- Build files have been written to: /home/jezzy/huskybot/build/velodyne_laserscan
[39.057s] Invoked command in '/home/jezzy/huskybot/build/velodyne_laserscan' returned '0': CMAKE_PREFIX_PATH=${CMAKE_PREFIX_PATH}:/home/jezzy/huskybot/install/huskybot_fusion:/home/jezzy/huskybot/install/huskybot_navigation:/home/jezzy/husky_ws/lintic/install/yolosed:/home/jezzy/husky_ws/lintic/install/visual:/home/jezzy/husky_ws/lintic/install/segnet:/home/jezzy/husky_ws/turtlebot3/install/turtlebot3_teleop:/home/jezzy/husky_ws/turtlebot3/install/turtlebot3_example:/home/jezzy/husky_ws/turtlebot3/install/segtect:/home/jezzy/husky_ws/turtlebot3/install/autonomous_exploration:/opt/ros/humble /usr/bin/cmake /home/jezzy/huskybot/src/velodyne/velodyne_laserscan -DCMAKE_INSTALL_PREFIX=/home/jezzy/huskybot/install/velodyne_laserscan
[39.059s] Invoking command in '/home/jezzy/huskybot/build/velodyne_laserscan': CMAKE_PREFIX_PATH=${CMAKE_PREFIX_PATH}:/home/jezzy/huskybot/install/huskybot_fusion:/home/jezzy/huskybot/install/huskybot_navigation:/home/jezzy/husky_ws/lintic/install/yolosed:/home/jezzy/husky_ws/lintic/install/visual:/home/jezzy/husky_ws/lintic/install/segnet:/home/jezzy/husky_ws/turtlebot3/install/turtlebot3_teleop:/home/jezzy/husky_ws/turtlebot3/install/turtlebot3_example:/home/jezzy/husky_ws/turtlebot3/install/segtect:/home/jezzy/husky_ws/turtlebot3/install/autonomous_exploration:/opt/ros/humble /usr/bin/cmake --build /home/jezzy/huskybot/build/velodyne_laserscan -- -j4 -l4
[39.581s] [ 25%] [32mBuilding CXX object CMakeFiles/velodyne_laserscan.dir/src/velodyne_laserscan.cpp.o[0m
[107.456s] [ 50%] [32m[1mLinking CXX shared library libvelodyne_laserscan.so[0m
[109.598s] [ 50%] Built target velodyne_laserscan
[109.692s] [ 75%] [32mBuilding CXX object CMakeFiles/velodyne_laserscan_node.dir/src/node.cpp.o[0m
[121.072s] [100%] [32m[1mLinking CXX executable velodyne_laserscan_node[0m
[121.899s] [100%] Built target velodyne_laserscan_node
[121.928s] Invoked command in '/home/jezzy/huskybot/build/velodyne_laserscan' returned '0': CMAKE_PREFIX_PATH=${CMAKE_PREFIX_PATH}:/home/jezzy/huskybot/install/huskybot_fusion:/home/jezzy/huskybot/install/huskybot_navigation:/home/jezzy/husky_ws/lintic/install/yolosed:/home/jezzy/husky_ws/lintic/install/visual:/home/jezzy/husky_ws/lintic/install/segnet:/home/jezzy/husky_ws/turtlebot3/install/turtlebot3_teleop:/home/jezzy/husky_ws/turtlebot3/install/turtlebot3_example:/home/jezzy/husky_ws/turtlebot3/install/segtect:/home/jezzy/husky_ws/turtlebot3/install/autonomous_exploration:/opt/ros/humble /usr/bin/cmake --build /home/jezzy/huskybot/build/velodyne_laserscan -- -j4 -l4
[121.932s] Invoking command in '/home/jezzy/huskybot/build/velodyne_laserscan': CMAKE_PREFIX_PATH=${CMAKE_PREFIX_PATH}:/home/jezzy/huskybot/install/huskybot_fusion:/home/jezzy/huskybot/install/huskybot_navigation:/home/jezzy/husky_ws/lintic/install/yolosed:/home/jezzy/husky_ws/lintic/install/visual:/home/jezzy/husky_ws/lintic/install/segnet:/home/jezzy/husky_ws/turtlebot3/install/turtlebot3_teleop:/home/jezzy/husky_ws/turtlebot3/install/turtlebot3_example:/home/jezzy/husky_ws/turtlebot3/install/segtect:/home/jezzy/husky_ws/turtlebot3/install/autonomous_exploration:/opt/ros/humble /usr/bin/cmake --install /home/jezzy/huskybot/build/velodyne_laserscan
[121.949s] -- Install configuration: ""
[121.950s] -- Installing: /home/jezzy/huskybot/install/velodyne_laserscan/lib/libvelodyne_laserscan.so
[121.973s] -- Set runtime path of "/home/jezzy/huskybot/install/velodyne_laserscan/lib/libvelodyne_laserscan.so" to ""
[121.976s] -- Installing: /home/jezzy/huskybot/install/velodyne_laserscan/lib/velodyne_laserscan/velodyne_laserscan_node
[121.977s] -- Set runtime path of "/home/jezzy/huskybot/install/velodyne_laserscan/lib/velodyne_laserscan/velodyne_laserscan_node" to ""
[121.977s] -- Installing: /home/jezzy/huskybot/install/velodyne_laserscan/include/velodyne_laserscan
[121.979s] -- Installing: /home/jezzy/huskybot/install/velodyne_laserscan/include/velodyne_laserscan/velodyne_laserscan.hpp
[121.981s] -- Installing: /home/jezzy/huskybot/install/velodyne_laserscan/share/velodyne_laserscan/config
[121.981s] -- Installing: /home/jezzy/huskybot/install/velodyne_laserscan/share/velodyne_laserscan/config/default-velodyne_laserscan_node-params.yaml
[121.983s] -- Installing: /home/jezzy/huskybot/install/velodyne_laserscan/share/velodyne_laserscan/launch
[121.983s] -- Installing: /home/jezzy/huskybot/install/velodyne_laserscan/share/velodyne_laserscan/launch/velodyne_laserscan_node-composed-launch.py
[121.984s] -- Installing: /home/jezzy/huskybot/install/velodyne_laserscan/share/velodyne_laserscan/launch/velodyne_laserscan_node-launch.py
[121.984s] -- Installing: /home/jezzy/huskybot/install/velodyne_laserscan/share/ament_index/resource_index/package_run_dependencies/velodyne_laserscan
[121.984s] -- Installing: /home/jezzy/huskybot/install/velodyne_laserscan/share/ament_index/resource_index/parent_prefix_path/velodyne_laserscan
[121.984s] -- Installing: /home/jezzy/huskybot/install/velodyne_laserscan/share/velodyne_laserscan/environment/ament_prefix_path.sh
[121.986s] -- Installing: /home/jezzy/huskybot/install/velodyne_laserscan/share/velodyne_laserscan/environment/ament_prefix_path.dsv
[121.986s] -- Installing: /home/jezzy/huskybot/install/velodyne_laserscan/share/velodyne_laserscan/environment/path.sh
[121.987s] -- Installing: /home/jezzy/huskybot/install/velodyne_laserscan/share/velodyne_laserscan/environment/path.dsv
[121.987s] -- Installing: /home/jezzy/huskybot/install/velodyne_laserscan/share/velodyne_laserscan/local_setup.bash
[121.987s] -- Installing: /home/jezzy/huskybot/install/velodyne_laserscan/share/velodyne_laserscan/local_setup.sh
[121.988s] -- Installing: /home/jezzy/huskybot/install/velodyne_laserscan/share/velodyne_laserscan/local_setup.zsh
[121.988s] -- Installing: /home/jezzy/huskybot/install/velodyne_laserscan/share/velodyne_laserscan/local_setup.dsv
[121.992s] -- Installing: /home/jezzy/huskybot/install/velodyne_laserscan/share/velodyne_laserscan/package.dsv
[121.992s] -- Installing: /home/jezzy/huskybot/install/velodyne_laserscan/share/ament_index/resource_index/packages/velodyne_laserscan
[121.992s] -- Installing: /home/jezzy/huskybot/install/velodyne_laserscan/share/ament_index/resource_index/rclcpp_components/velodyne_laserscan
[121.992s] -- Installing: /home/jezzy/huskybot/install/velodyne_laserscan/share/velodyne_laserscan/cmake/velodyne_laserscanExport.cmake
[121.993s] -- Installing: /home/jezzy/huskybot/install/velodyne_laserscan/share/velodyne_laserscan/cmake/velodyne_laserscanExport-noconfig.cmake
[121.993s] -- Installing: /home/jezzy/huskybot/install/velodyne_laserscan/share/velodyne_laserscan/cmake/ament_cmake_export_include_directories-extras.cmake
[121.993s] -- Installing: /home/jezzy/huskybot/install/velodyne_laserscan/share/velodyne_laserscan/cmake/ament_cmake_export_targets-extras.cmake
[121.994s] -- Installing: /home/jezzy/huskybot/install/velodyne_laserscan/share/velodyne_laserscan/cmake/ament_cmake_export_dependencies-extras.cmake
[121.994s] -- Installing: /home/jezzy/huskybot/install/velodyne_laserscan/share/velodyne_laserscan/cmake/velodyne_laserscanConfig.cmake
[121.998s] -- Installing: /home/jezzy/huskybot/install/velodyne_laserscan/share/velodyne_laserscan/cmake/velodyne_laserscanConfig-version.cmake
[121.999s] -- Installing: /home/jezzy/huskybot/install/velodyne_laserscan/share/velodyne_laserscan/package.xml
[122.016s] Invoked command in '/home/jezzy/huskybot/build/velodyne_laserscan' returned '0': CMAKE_PREFIX_PATH=${CMAKE_PREFIX_PATH}:/home/jezzy/huskybot/install/huskybot_fusion:/home/jezzy/huskybot/install/huskybot_navigation:/home/jezzy/husky_ws/lintic/install/yolosed:/home/jezzy/husky_ws/lintic/install/visual:/home/jezzy/husky_ws/lintic/install/segnet:/home/jezzy/husky_ws/turtlebot3/install/turtlebot3_teleop:/home/jezzy/husky_ws/turtlebot3/install/turtlebot3_example:/home/jezzy/husky_ws/turtlebot3/install/segtect:/home/jezzy/husky_ws/turtlebot3/install/autonomous_exploration:/opt/ros/humble /usr/bin/cmake --install /home/jezzy/huskybot/build/velodyne_laserscan
